glCanvas.js:1107 [BENCHMARK] 1654768152553,X
glCanvas.js:1107 [BENCHMARK] 1654768152559,X
glCanvas.js:1107 [BENCHMARK] 1654768152563,X
glCanvas.js:1107 [BENCHMARK] 1654768152741,X
glCanvas.js:1107 [BENCHMARK] 1654768153058,X
glCanvas.js:1107 [BENCHMARK] 1654768153175,X
glCanvas.js:1107 [BENCHMARK] 1654768153178,X
glCanvas.js:1107 [BENCHMARK] 1654768153183,X
glCanvas.js:1107 [BENCHMARK] 1654768153186,X
glCanvas.js:1107 [BENCHMARK] 1654768153190,X
glCanvas.js:1107 [BENCHMARK] 1654768153192,X
glCanvas.js:1127 [BENCHMARK] 1654768153198,SSR
manager.js:159 [BENCHMARK] 1654768154748,firstRender
glCanvas.js:1127 [BENCHMARK] 1654768154751,SSR
glCanvas.js:1127 [BENCHMARK] 1654768154794,CSR
glCanvas.js:1127 [BENCHMARK] 1654768154846,CSR
glCanvas.js:1127 [BENCHMARK] 1654768154855,CSR
glCanvas.js:1127 [BENCHMARK] 1654768154860,CSR
glCanvas.js:1127 [BENCHMARK] 1654768154864,CSR
glCanvas.js:1127 [BENCHMARK] 1654768154869,CSR
glCanvas.js:1127 [BENCHMARK] 1654768154887,CSR
glCanvas.js:1127 [BENCHMARK] 1654768154898,CSR
glCanvas.js:1127 [BENCHMARK] 1654768154906,CSR
glCanvas.js:1127 [BENCHMARK] 1654768154910,CSR
glCanvas.js:1127 [BENCHMARK] 1654768154919,CSR
glCanvas.js:1127 [BENCHMARK] 1654768155122,CSR
glCanvas.js:1127 [BENCHMARK] 1654768155137,CSR
glCanvas.js:1127 [BENCHMARK] 1654768155141,CSR
glCanvas.js:1127 [BENCHMARK] 1654768155165,CSR
glCanvas.js:1127 [BENCHMARK] 1654768155308,CSR
glCanvas.js:1127 [BENCHMARK] 1654768155348,CSR
glCanvas.js:1127 [BENCHMARK] 1654768155404,CSR
glCanvas.js:1127 [BENCHMARK] 1654768155527,CSR
glCanvas.js:1127 [BENCHMARK] 1654768155637,CSR
glCanvas.js:1127 [BENCHMARK] 1654768155706,CSR
glCanvas.js:1127 [BENCHMARK] 1654768155809,CSR
glCanvas.js:1127 [BENCHMARK] 1654768155846,CSR
glCanvas.js:1127 [BENCHMARK] 1654768155873,CSR
glCanvas.js:1127 [BENCHMARK] 1654768155907,CSR
glCanvas.js:1127 [BENCHMARK] 1654768155958,CSR
glCanvas.js:1127 [BENCHMARK] 1654768156058,CSR
glCanvas.js:1127 [BENCHMARK] 1654768156060,SSR
glCanvas.js:1127 [BENCHMARK] 1654768156092,SSR
glCanvas.js:1127 [BENCHMARK] 1654768156132,SSR
glCanvas.js:1127 [BENCHMARK] 1654768156258,SSR
glCanvas.js:1127 [BENCHMARK] 1654768156515,SSR
glCanvas.js:1127 [BENCHMARK] 1654768156561,SSR
glCanvas.js:1127 [BENCHMARK] 1654768156628,SSR
glCanvas.js:1127 [BENCHMARK] 1654768156655,CSR
glCanvas.js:1127 [BENCHMARK] 1654768156685,CSR
glCanvas.js:1127 [BENCHMARK] 1654768156712,CSR
glCanvas.js:1127 [BENCHMARK] 1654768156747,CSR
glCanvas.js:1127 [BENCHMARK] 1654768156775,CSR
glCanvas.js:1127 [BENCHMARK] 1654768156802,CSR
glCanvas.js:1127 [BENCHMARK] 1654768156827,CSR
glCanvas.js:1127 [BENCHMARK] 1654768156890,CSR
glCanvas.js:1127 [BENCHMARK] 1654768156916,CSR
glCanvas.js:1127 [BENCHMARK] 1654768156944,CSR
glCanvas.js:1127 [BENCHMARK] 1654768156990,CSR
glCanvas.js:1127 [BENCHMARK] 1654768157022,CSR
glCanvas.js:1127 [BENCHMARK] 1654768157055,CSR
glCanvas.js:1127 [BENCHMARK] 1654768157095,CSR
glCanvas.js:1127 [BENCHMARK] 1654768157121,CSR
glCanvas.js:1127 [BENCHMARK] 1654768157177,CSR
glCanvas.js:1127 [BENCHMARK] 1654768157179,CSR
glCanvas.js:1127 [BENCHMARK] 1654768157370,CSR
glCanvas.js:1127 [BENCHMARK] 1654768157372,CSR
glCanvas.js:1127 [BENCHMARK] 1654768157373,CSR
glCanvas.js:1127 [BENCHMARK] 1654768157374,CSR
glCanvas.js:1127 [BENCHMARK] 1654768157375,CSR
glCanvas.js:1127 [BENCHMARK] 1654768157376,CSR
glCanvas.js:1127 [BENCHMARK] 1654768157378,CSR
glCanvas.js:1127 [BENCHMARK] 1654768157378,CSR
glCanvas.js:1127 [BENCHMARK] 1654768157380,CSR
glCanvas.js:1127 [BENCHMARK] 1654768157381,CSR
glCanvas.js:1107 [BENCHMARK] 1654768157382,X
glCanvas.js:1107 [BENCHMARK] 1654768157382,X
glCanvas.js:1107 [BENCHMARK] 1654768157383,X
glCanvas.js:1107 [BENCHMARK] 1654768157384,X
glCanvas.js:1107 [BENCHMARK] 1654768157384,X
glCanvas.js:1107 [BENCHMARK] 1654768157385,X
glCanvas.js:1107 [BENCHMARK] 1654768157386,X
glCanvas.js:1107 [BENCHMARK] 1654768157386,X
glCanvas.js:1107 [BENCHMARK] 1654768157589,X
glCanvas.js:1107 [BENCHMARK] 1654768157589,X
glCanvas.js:1107 [BENCHMARK] 1654768157590,X
glCanvas.js:1107 [BENCHMARK] 1654768157593,X
glCanvas.js:1107 [BENCHMARK] 1654768157594,X
glCanvas.js:1107 [BENCHMARK] 1654768157594,X
glCanvas.js:1107 [BENCHMARK] 1654768157595,X
glCanvas.js:1107 [BENCHMARK] 1654768157596,X
glCanvas.js:1107 [BENCHMARK] 1654768157597,X
glCanvas.js:1107 [BENCHMARK] 1654768157597,X
glCanvas.js:1107 [BENCHMARK] 1654768157598,X
glCanvas.js:1107 [BENCHMARK] 1654768157599,X
glCanvas.js:1107 [BENCHMARK] 1654768157603,X
glCanvas.js:1107 [BENCHMARK] 1654768157604,X
glCanvas.js:1107 [BENCHMARK] 1654768157618,X
glCanvas.js:1107 [BENCHMARK] 1654768157619,X
glCanvas.js:1107 [BENCHMARK] 1654768157630,X
glCanvas.js:1107 [BENCHMARK] 1654768157632,X
glCanvas.js:1107 [BENCHMARK] 1654768157643,X
glCanvas.js:1107 [BENCHMARK] 1654768157644,X
glCanvas.js:1107 [BENCHMARK] 1654768157735,X
glCanvas.js:1107 [BENCHMARK] 1654768157738,X
glCanvas.js:1107 [BENCHMARK] 1654768157866,X
glCanvas.js:1107 [BENCHMARK] 1654768157868,X
glCanvas.js:1107 [BENCHMARK] 1654768157878,X
glCanvas.js:1107 [BENCHMARK] 1654768157879,X
glCanvas.js:1107 [BENCHMARK] 1654768157888,X
glCanvas.js:1107 [BENCHMARK] 1654768157891,X
glCanvas.js:1107 [BENCHMARK] 1654768157892,X
glCanvas.js:1107 [BENCHMARK] 1654768157897,X
glCanvas.js:1107 [BENCHMARK] 1654768157905,X
glCanvas.js:1107 [BENCHMARK] 1654768157906,X
glCanvas.js:1107 [BENCHMARK] 1654768157909,X
glCanvas.js:1107 [BENCHMARK] 1654768157916,X
glCanvas.js:1107 [BENCHMARK] 1654768157917,X
glCanvas.js:1107 [BENCHMARK] 1654768157929,X
glCanvas.js:1107 [BENCHMARK] 1654768157932,X
glCanvas.js:1107 [BENCHMARK] 1654768157933,X
glCanvas.js:1107 [BENCHMARK] 1654768157944,X
glCanvas.js:1107 [BENCHMARK] 1654768157945,X
glCanvas.js:1107 [BENCHMARK] 1654768157957,X
glCanvas.js:1107 [BENCHMARK] 1654768157959,X
glCanvas.js:1107 [BENCHMARK] 1654768157966,X
glCanvas.js:1107 [BENCHMARK] 1654768157970,X
glCanvas.js:1107 [BENCHMARK] 1654768157974,X
glCanvas.js:1107 [BENCHMARK] 1654768157975,X
glCanvas.js:1107 [BENCHMARK] 1654768157983,X
glCanvas.js:1107 [BENCHMARK] 1654768157984,X
glCanvas.js:1107 [BENCHMARK] 1654768157993,X
glCanvas.js:1107 [BENCHMARK] 1654768158076,X
glCanvas.js:1107 [BENCHMARK] 1654768158203,X
glCanvas.js:1107 [BENCHMARK] 1654768158205,X
glCanvas.js:1107 [BENCHMARK] 1654768158210,X
glCanvas.js:1107 [BENCHMARK] 1654768158211,X
glCanvas.js:1107 [BENCHMARK] 1654768158215,X
glCanvas.js:1107 [BENCHMARK] 1654768158216,X
glCanvas.js:1107 [BENCHMARK] 1654768158220,X
glCanvas.js:1107 [BENCHMARK] 1654768158220,X
glCanvas.js:1107 [BENCHMARK] 1654768158225,X
glCanvas.js:1107 [BENCHMARK] 1654768158226,X
glCanvas.js:1107 [BENCHMARK] 1654768158231,X
glCanvas.js:1107 [BENCHMARK] 1654768158231,X
glCanvas.js:1107 [BENCHMARK] 1654768158237,X
glCanvas.js:1107 [BENCHMARK] 1654768158237,X
glCanvas.js:1107 [BENCHMARK] 1654768158243,X
glCanvas.js:1107 [BENCHMARK] 1654768158243,X
glCanvas.js:1107 [BENCHMARK] 1654768158248,X
glCanvas.js:1107 [BENCHMARK] 1654768158249,X
glCanvas.js:1107 [BENCHMARK] 1654768158254,X
glCanvas.js:1107 [BENCHMARK] 1654768158254,X
glCanvas.js:1107 [BENCHMARK] 1654768158380,X
glCanvas.js:1107 [BENCHMARK] 1654768158469,X
glCanvas.js:1107 [BENCHMARK] 1654768158471,X
glCanvas.js:1107 [BENCHMARK] 1654768158475,X
glCanvas.js:1107 [BENCHMARK] 1654768158477,X
glCanvas.js:1107 [BENCHMARK] 1654768158481,X
glCanvas.js:1107 [BENCHMARK] 1654768158483,X
glCanvas.js:1107 [BENCHMARK] 1654768158486,X
glCanvas.js:1107 [BENCHMARK] 1654768158487,X
glCanvas.js:1107 [BENCHMARK] 1654768158492,X
glCanvas.js:1107 [BENCHMARK] 1654768158492,X
glCanvas.js:1107 [BENCHMARK] 1654768158497,X
glCanvas.js:1107 [BENCHMARK] 1654768158498,X
glCanvas.js:1107 [BENCHMARK] 1654768158503,X
glCanvas.js:1107 [BENCHMARK] 1654768158503,X
glCanvas.js:1127 [BENCHMARK] 1654768158508,SSR
glCanvas.js:1127 [BENCHMARK] 1654768158509,SSR
glCanvas.js:1127 [BENCHMARK] 1654768158514,SSR
glCanvas.js:1127 [BENCHMARK] 1654768158515,SSR
glCanvas.js:1127 [BENCHMARK] 1654768158520,SSR
glCanvas.js:1127 [BENCHMARK] 1654768158520,SSR
glCanvas.js:1127 [BENCHMARK] 1654768158777,SSR
glCanvas.js:1127 [BENCHMARK] 1654768159060,CSR
glCanvas.js:1127 [BENCHMARK] 1654768159064,CSR
glCanvas.js:1127 [BENCHMARK] 1654768159066,CSR
glCanvas.js:1127 [BENCHMARK] 1654768159069,CSR
glCanvas.js:1127 [BENCHMARK] 1654768159082,CSR
glCanvas.js:1127 [BENCHMARK] 1654768159085,CSR
glCanvas.js:1127 [BENCHMARK] 1654768159087,CSR
glCanvas.js:1127 [BENCHMARK] 1654768159107,CSR
glCanvas.js:1127 [BENCHMARK] 1654768159110,CSR
glCanvas.js:1127 [BENCHMARK] 1654768159112,CSR
glCanvas.js:1127 [BENCHMARK] 1654768159295,CSR
glCanvas.js:1127 [BENCHMARK] 1654768159298,CSR
glCanvas.js:1127 [BENCHMARK] 1654768159304,CSR
glCanvas.js:1127 [BENCHMARK] 1654768159310,CSR
glCanvas.js:1127 [BENCHMARK] 1654768159326,CSR
glCanvas.js:1127 [BENCHMARK] 1654768159328,CSR
glCanvas.js:1127 [BENCHMARK] 1654768159330,CSR
glCanvas.js:1127 [BENCHMARK] 1654768159347,CSR
glCanvas.js:1127 [BENCHMARK] 1654768159359,CSR
glCanvas.js:1127 [BENCHMARK] 1654768159361,CSR
glCanvas.js:1127 [BENCHMARK] 1654768159517,CSR
glCanvas.js:1127 [BENCHMARK] 1654768159528,CSR
glCanvas.js:1127 [BENCHMARK] 1654768159533,CSR
glCanvas.js:1127 [BENCHMARK] 1654768159537,CSR
glCanvas.js:1127 [BENCHMARK] 1654768159540,CSR
glCanvas.js:1127 [BENCHMARK] 1654768159547,CSR
glCanvas.js:1127 [BENCHMARK] 1654768159566,CSR
glCanvas.js:1127 [BENCHMARK] 1654768159568,CSR
glCanvas.js:1127 [BENCHMARK] 1654768159573,CSR
glCanvas.js:1127 [BENCHMARK] 1654768159580,CSR
glCanvas.js:1127 [BENCHMARK] 1654768159583,CSR
glCanvas.js:1127 [BENCHMARK] 1654768159634,CSR
glCanvas.js:1127 [BENCHMARK] 1654768159638,SSR
glCanvas.js:1127 [BENCHMARK] 1654768159777,SSR
glCanvas.js:1127 [BENCHMARK] 1654768159788,CSR
glCanvas.js:1127 [BENCHMARK] 1654768159790,CSR
glCanvas.js:1127 [BENCHMARK] 1654768159793,CSR
glCanvas.js:1127 [BENCHMARK] 1654768159805,CSR
glCanvas.js:1127 [BENCHMARK] 1654768159808,CSR
glCanvas.js:1127 [BENCHMARK] 1654768159810,CSR
glCanvas.js:1127 [BENCHMARK] 1654768159824,CSR
glCanvas.js:1127 [BENCHMARK] 1654768159826,CSR
glCanvas.js:1127 [BENCHMARK] 1654768159828,CSR
glCanvas.js:1127 [BENCHMARK] 1654768159839,CSR
glCanvas.js:1127 [BENCHMARK] 1654768159843,CSR
glCanvas.js:1127 [BENCHMARK] 1654768159845,CSR
glCanvas.js:1127 [BENCHMARK] 1654768159848,CSR
glCanvas.js:1127 [BENCHMARK] 1654768159868,CSR
glCanvas.js:1127 [BENCHMARK] 1654768159871,CSR
glCanvas.js:1127 [BENCHMARK] 1654768159874,CSR
glCanvas.js:1127 [BENCHMARK] 1654768159890,CSR
glCanvas.js:1127 [BENCHMARK] 1654768159893,CSR
glCanvas.js:1127 [BENCHMARK] 1654768159897,CSR
glCanvas.js:1127 [BENCHMARK] 1654768159899,CSR
glCanvas.js:1127 [BENCHMARK] 1654768159900,CSR
glCanvas.js:1127 [BENCHMARK] 1654768159945,CSR
glCanvas.js:1127 [BENCHMARK] 1654768159950,CSR
glCanvas.js:1127 [BENCHMARK] 1654768159956,CSR
glCanvas.js:1127 [BENCHMARK] 1654768159967,CSR
glCanvas.js:1127 [BENCHMARK] 1654768159969,CSR
glCanvas.js:1127 [BENCHMARK] 1654768159971,CSR
glCanvas.js:1127 [BENCHMARK] 1654768159981,CSR
glCanvas.js:1127 [BENCHMARK] 1654768159983,CSR
glCanvas.js:1127 [BENCHMARK] 1654768159985,CSR
glCanvas.js:1127 [BENCHMARK] 1654768160148,CSR
glCanvas.js:1127 [BENCHMARK] 1654768160198,CSR
glCanvas.js:1127 [BENCHMARK] 1654768160201,CSR
glCanvas.js:1127 [BENCHMARK] 1654768160223,CSR
glCanvas.js:1127 [BENCHMARK] 1654768160230,CSR
glCanvas.js:1127 [BENCHMARK] 1654768160233,CSR
glCanvas.js:1127 [BENCHMARK] 1654768160238,CSR
glCanvas.js:1127 [BENCHMARK] 1654768160254,CSR
glCanvas.js:1127 [BENCHMARK] 1654768160257,CSR
glCanvas.js:1127 [BENCHMARK] 1654768160259,CSR
glCanvas.js:1127 [BENCHMARK] 1654768160276,CSR
glCanvas.js:1127 [BENCHMARK] 1654768160279,CSR
glCanvas.js:1127 [BENCHMARK] 1654768160281,CSR
glCanvas.js:1127 [BENCHMARK] 1654768160293,CSR
glCanvas.js:1127 [BENCHMARK] 1654768160299,CSR
glCanvas.js:1127 [BENCHMARK] 1654768160308,CSR
glCanvas.js:1127 [BENCHMARK] 1654768160331,CSR
glCanvas.js:1127 [BENCHMARK] 1654768160339,CSR
glCanvas.js:1127 [BENCHMARK] 1654768160348,CSR
glCanvas.js:1127 [BENCHMARK] 1654768160370,CSR
glCanvas.js:1127 [BENCHMARK] 1654768160379,CSR
glCanvas.js:1127 [BENCHMARK] 1654768160386,CSR
glCanvas.js:1127 [BENCHMARK] 1654768160391,CSR
glCanvas.js:1127 [BENCHMARK] 1654768160407,CSR
glCanvas.js:1127 [BENCHMARK] 1654768160411,CSR
glCanvas.js:1127 [BENCHMARK] 1654768160414,CSR
glCanvas.js:1127 [BENCHMARK] 1654768160431,CSR
glCanvas.js:1127 [BENCHMARK] 1654768160441,CSR
glCanvas.js:1127 [BENCHMARK] 1654768160448,CSR
glCanvas.js:1127 [BENCHMARK] 1654768160467,CSR
glCanvas.js:1127 [BENCHMARK] 1654768160564,CSR
glCanvas.js:1127 [BENCHMARK] 1654768160581,CSR
glCanvas.js:1127 [BENCHMARK] 1654768160596,CSR
glCanvas.js:1127 [BENCHMARK] 1654768160599,CSR
glCanvas.js:1127 [BENCHMARK] 1654768160603,CSR
glCanvas.js:1127 [BENCHMARK] 1654768160623,CSR
glCanvas.js:1127 [BENCHMARK] 1654768160626,CSR
glCanvas.js:1127 [BENCHMARK] 1654768160630,CSR
glCanvas.js:1127 [BENCHMARK] 1654768160638,CSR
glCanvas.js:1127 [BENCHMARK] 1654768160641,CSR
glCanvas.js:1127 [BENCHMARK] 1654768160644,CSR
glCanvas.js:1127 [BENCHMARK] 1654768160654,CSR
glCanvas.js:1127 [BENCHMARK] 1654768160657,CSR
glCanvas.js:1127 [BENCHMARK] 1654768160660,CSR
glCanvas.js:1127 [BENCHMARK] 1654768160671,CSR
glCanvas.js:1127 [BENCHMARK] 1654768160678,CSR
glCanvas.js:1127 [BENCHMARK] 1654768160684,CSR
glCanvas.js:1127 [BENCHMARK] 1654768160689,CSR
glCanvas.js:1127 [BENCHMARK] 1654768160693,CSR
glCanvas.js:1127 [BENCHMARK] 1654768160704,CSR
glCanvas.js:1127 [BENCHMARK] 1654768160709,CSR
glCanvas.js:1127 [BENCHMARK] 1654768160712,CSR
glCanvas.js:1127 [BENCHMARK] 1654768160724,CSR
glCanvas.js:1127 [BENCHMARK] 1654768160743,CSR
glCanvas.js:1127 [BENCHMARK] 1654768160748,CSR
glCanvas.js:1127 [BENCHMARK] 1654768160755,CSR
glCanvas.js:1127 [BENCHMARK] 1654768160759,CSR
glCanvas.js:1127 [BENCHMARK] 1654768160767,CSR
glCanvas.js:1127 [BENCHMARK] 1654768160772,CSR
glCanvas.js:1127 [BENCHMARK] 1654768160792,CSR
glCanvas.js:1127 [BENCHMARK] 1654768160796,CSR
glCanvas.js:1127 [BENCHMARK] 1654768160800,CSR
glCanvas.js:1127 [BENCHMARK] 1654768160804,CSR
glCanvas.js:1127 [BENCHMARK] 1654768160810,CSR
glCanvas.js:1127 [BENCHMARK] 1654768160816,CSR
glCanvas.js:1127 [BENCHMARK] 1654768160821,CSR
glCanvas.js:1127 [BENCHMARK] 1654768160823,CSR
glCanvas.js:1127 [BENCHMARK] 1654768160855,CSR
glCanvas.js:1127 [BENCHMARK] 1654768160860,CSR
glCanvas.js:1127 [BENCHMARK] 1654768160865,CSR
glCanvas.js:1127 [BENCHMARK] 1654768160869,CSR
glCanvas.js:1127 [BENCHMARK] 1654768160875,CSR
glCanvas.js:1127 [BENCHMARK] 1654768160879,CSR
glCanvas.js:1127 [BENCHMARK] 1654768160884,CSR
glCanvas.js:1127 [BENCHMARK] 1654768160889,CSR
glCanvas.js:1127 [BENCHMARK] 1654768160894,CSR
glCanvas.js:1127 [BENCHMARK] 1654768160920,CSR
glCanvas.js:1127 [BENCHMARK] 1654768160927,CSR
glCanvas.js:1127 [BENCHMARK] 1654768161076,CSR
glCanvas.js:1127 [BENCHMARK] 1654768161078,CSR
glCanvas.js:1127 [BENCHMARK] 1654768161081,CSR
glCanvas.js:1127 [BENCHMARK] 1654768161083,CSR
glCanvas.js:1127 [BENCHMARK] 1654768161086,CSR
glCanvas.js:1127 [BENCHMARK] 1654768161088,CSR
glCanvas.js:1127 [BENCHMARK] 1654768161107,CSR
glCanvas.js:1127 [BENCHMARK] 1654768161108,CSR
glCanvas.js:1127 [BENCHMARK] 1654768161110,CSR
glCanvas.js:1127 [BENCHMARK] 1654768161111,CSR
glCanvas.js:1127 [BENCHMARK] 1654768161113,CSR
glCanvas.js:1127 [BENCHMARK] 1654768161115,CSR
glCanvas.js:1127 [BENCHMARK] 1654768161117,CSR
glCanvas.js:1127 [BENCHMARK] 1654768161118,CSR
glCanvas.js:1127 [BENCHMARK] 1654768161120,CSR
glCanvas.js:1127 [BENCHMARK] 1654768161121,CSR
glCanvas.js:1127 [BENCHMARK] 1654768161123,CSR
glCanvas.js:1127 [BENCHMARK] 1654768161124,CSR
glCanvas.js:1127 [BENCHMARK] 1654768161168,CSR
glCanvas.js:1127 [BENCHMARK] 1654768161170,CSR
glCanvas.js:1127 [BENCHMARK] 1654768161425,CSR
glCanvas.js:1127 [BENCHMARK] 1654768161711,CSR
glCanvas.js:1127 [BENCHMARK] 1654768161718,CSR
glCanvas.js:1127 [BENCHMARK] 1654768161722,CSR
glCanvas.js:1127 [BENCHMARK] 1654768161724,CSR
glCanvas.js:1127 [BENCHMARK] 1654768161740,CSR
glCanvas.js:1127 [BENCHMARK] 1654768161742,CSR
glCanvas.js:1127 [BENCHMARK] 1654768161745,CSR
glCanvas.js:1127 [BENCHMARK] 1654768161760,CSR
glCanvas.js:1127 [BENCHMARK] 1654768161764,CSR
glCanvas.js:1127 [BENCHMARK] 1654768161768,CSR
glCanvas.js:1127 [BENCHMARK] 1654768161932,CSR
glCanvas.js:1127 [BENCHMARK] 1654768161940,CSR
glCanvas.js:1127 [BENCHMARK] 1654768161945,CSR
glCanvas.js:1127 [BENCHMARK] 1654768161947,CSR
glCanvas.js:1127 [BENCHMARK] 1654768161951,CSR
glCanvas.js:1127 [BENCHMARK] 1654768161964,CSR
glCanvas.js:1127 [BENCHMARK] 1654768161967,CSR
glCanvas.js:1127 [BENCHMARK] 1654768161980,CSR
glCanvas.js:1127 [BENCHMARK] 1654768161982,CSR
glCanvas.js:1127 [BENCHMARK] 1654768161984,CSR
glCanvas.js:1127 [BENCHMARK] 1654768162140,CSR
glCanvas.js:1127 [BENCHMARK] 1654768162145,CSR
glCanvas.js:1127 [BENCHMARK] 1654768162155,CSR
glCanvas.js:1127 [BENCHMARK] 1654768162159,CSR
glCanvas.js:1127 [BENCHMARK] 1654768162173,CSR
glCanvas.js:1127 [BENCHMARK] 1654768162174,CSR
glCanvas.js:1127 [BENCHMARK] 1654768162175,CSR
glCanvas.js:1127 [BENCHMARK] 1654768162178,CSR
glCanvas.js:1127 [BENCHMARK] 1654768162180,CSR
glCanvas.js:1127 [BENCHMARK] 1654768162191,CSR
glCanvas.js:1127 [BENCHMARK] 1654768162192,CSR
glCanvas.js:1127 [BENCHMARK] 1654768162196,CSR
glCanvas.js:1127 [BENCHMARK] 1654768162202,CSR
glCanvas.js:1127 [BENCHMARK] 1654768162207,CSR
glCanvas.js:1127 [BENCHMARK] 1654768162296,CSR
glCanvas.js:1127 [BENCHMARK] 1654768162305,CSR
glCanvas.js:1127 [BENCHMARK] 1654768162375,CSR
glCanvas.js:1127 [BENCHMARK] 1654768162421,CSR
glCanvas.js:1127 [BENCHMARK] 1654768162427,CSR
glCanvas.js:1127 [BENCHMARK] 1654768162432,CSR
glCanvas.js:1127 [BENCHMARK] 1654768162437,CSR
glCanvas.js:1127 [BENCHMARK] 1654768162443,CSR
glCanvas.js:1127 [BENCHMARK] 1654768162449,CSR
glCanvas.js:1127 [BENCHMARK] 1654768162472,CSR
glCanvas.js:1127 [BENCHMARK] 1654768162473,CSR
glCanvas.js:1127 [BENCHMARK] 1654768162474,CSR
glCanvas.js:1127 [BENCHMARK] 1654768162475,CSR
glCanvas.js:1127 [BENCHMARK] 1654768162477,CSR
glCanvas.js:1127 [BENCHMARK] 1654768162482,CSR
glCanvas.js:1127 [BENCHMARK] 1654768162487,CSR
glCanvas.js:1127 [BENCHMARK] 1654768162701,CSR
glCanvas.js:1127 [BENCHMARK] 1654768162714,CSR
glCanvas.js:1127 [BENCHMARK] 1654768162728,CSR
glCanvas.js:1127 [BENCHMARK] 1654768162741,CSR
glCanvas.js:1127 [BENCHMARK] 1654768162754,CSR
glCanvas.js:1127 [BENCHMARK] 1654768162767,CSR
glCanvas.js:1127 [BENCHMARK] 1654768162770,CSR
glCanvas.js:1127 [BENCHMARK] 1654768162779,CSR
glCanvas.js:1127 [BENCHMARK] 1654768162793,CSR
glCanvas.js:1127 [BENCHMARK] 1654768162805,CSR
glCanvas.js:1127 [BENCHMARK] 1654768162811,CSR
glCanvas.js:1127 [BENCHMARK] 1654768162817,CSR
glCanvas.js:1127 [BENCHMARK] 1654768163039,CSR
glCanvas.js:1127 [BENCHMARK] 1654768163052,CSR
glCanvas.js:1127 [BENCHMARK] 1654768163065,CSR
glCanvas.js:1127 [BENCHMARK] 1654768163078,CSR
glCanvas.js:1127 [BENCHMARK] 1654768163091,CSR
glCanvas.js:1127 [BENCHMARK] 1654768163104,CSR
glCanvas.js:1127 [BENCHMARK] 1654768163118,CSR
glCanvas.js:1127 [BENCHMARK] 1654768163131,CSR
glCanvas.js:1127 [BENCHMARK] 1654768163144,CSR
glCanvas.js:1127 [BENCHMARK] 1654768163157,CSR
glCanvas.js:1127 [BENCHMARK] 1654768163409,CSR
glCanvas.js:1127 [BENCHMARK] 1654768163655,CSR
glCanvas.js:1127 [BENCHMARK] 1654768163658,CSR
glCanvas.js:1127 [BENCHMARK] 1654768163660,CSR
glCanvas.js:1127 [BENCHMARK] 1654768163661,CSR
glCanvas.js:1127 [BENCHMARK] 1654768163686,CSR
glCanvas.js:1127 [BENCHMARK] 1654768163689,CSR
glCanvas.js:1127 [BENCHMARK] 1654768163695,CSR
glCanvas.js:1127 [BENCHMARK] 1654768163713,CSR
glCanvas.js:1127 [BENCHMARK] 1654768163719,CSR
glCanvas.js:1127 [BENCHMARK] 1654768163725,CSR
glCanvas.js:1127 [BENCHMARK] 1654768163875,CSR
glCanvas.js:1127 [BENCHMARK] 1654768163896,CSR
glCanvas.js:1127 [BENCHMARK] 1654768163899,CSR
glCanvas.js:1127 [BENCHMARK] 1654768163902,CSR
glCanvas.js:1127 [BENCHMARK] 1654768163904,CSR
glCanvas.js:1127 [BENCHMARK] 1654768163921,CSR
glCanvas.js:1127 [BENCHMARK] 1654768163923,CSR
glCanvas.js:1127 [BENCHMARK] 1654768163937,CSR
glCanvas.js:1127 [BENCHMARK] 1654768163939,CSR
glCanvas.js:1127 [BENCHMARK] 1654768163942,CSR
glCanvas.js:1127 [BENCHMARK] 1654768164098,CSR
glCanvas.js:1127 [BENCHMARK] 1654768164111,CSR
glCanvas.js:1127 [BENCHMARK] 1654768164120,CSR
glCanvas.js:1127 [BENCHMARK] 1654768164122,CSR
glCanvas.js:1127 [BENCHMARK] 1654768164124,CSR
glCanvas.js:1127 [BENCHMARK] 1654768164171,CSR
glCanvas.js:1127 [BENCHMARK] 1654768164177,CSR
glCanvas.js:1127 [BENCHMARK] 1654768164188,CSR
glCanvas.js:1127 [BENCHMARK] 1654768164190,CSR
glCanvas.js:1127 [BENCHMARK] 1654768164209,CSR
glCanvas.js:1127 [BENCHMARK] 1654768164211,CSR
glCanvas.js:1127 [BENCHMARK] 1654768164277,CSR
glCanvas.js:1127 [BENCHMARK] 1654768164281,CSR
glCanvas.js:1127 [BENCHMARK] 1654768164329,CSR
glCanvas.js:1127 [BENCHMARK] 1654768164334,CSR
glCanvas.js:1127 [BENCHMARK] 1654768164337,CSR
glCanvas.js:1127 [BENCHMARK] 1654768164339,CSR
glCanvas.js:1127 [BENCHMARK] 1654768164353,CSR
glCanvas.js:1127 [BENCHMARK] 1654768164355,CSR
glCanvas.js:1127 [BENCHMARK] 1654768164357,CSR
glCanvas.js:1127 [BENCHMARK] 1654768164369,CSR
glCanvas.js:1127 [BENCHMARK] 1654768164372,CSR
glCanvas.js:1127 [BENCHMARK] 1654768164374,CSR
glCanvas.js:1127 [BENCHMARK] 1654768164391,CSR
glCanvas.js:1127 [BENCHMARK] 1654768164393,CSR
glCanvas.js:1127 [BENCHMARK] 1654768164395,CSR
glCanvas.js:1127 [BENCHMARK] 1654768164414,CSR
glCanvas.js:1127 [BENCHMARK] 1654768164433,CSR
glCanvas.js:1127 [BENCHMARK] 1654768164451,CSR
glCanvas.js:1127 [BENCHMARK] 1654768164457,CSR
glCanvas.js:1127 [BENCHMARK] 1654768164462,CSR
glCanvas.js:1127 [BENCHMARK] 1654768164473,CSR
glCanvas.js:1127 [BENCHMARK] 1654768164517,CSR
glCanvas.js:1127 [BENCHMARK] 1654768164527,CSR
glCanvas.js:1127 [BENCHMARK] 1654768164530,CSR
glCanvas.js:1127 [BENCHMARK] 1654768164533,CSR
glCanvas.js:1127 [BENCHMARK] 1654768164551,CSR
glCanvas.js:1127 [BENCHMARK] 1654768164554,CSR
glCanvas.js:1127 [BENCHMARK] 1654768164557,CSR
glCanvas.js:1127 [BENCHMARK] 1654768164570,CSR
glCanvas.js:1127 [BENCHMARK] 1654768164574,CSR
glCanvas.js:1127 [BENCHMARK] 1654768164578,CSR
glCanvas.js:1127 [BENCHMARK] 1654768164633,CSR
glCanvas.js:1127 [BENCHMARK] 1654768164657,CSR
glCanvas.js:1127 [BENCHMARK] 1654768164660,CSR
glCanvas.js:1127 [BENCHMARK] 1654768164664,CSR
glCanvas.js:1127 [BENCHMARK] 1654768164672,CSR
glCanvas.js:1127 [BENCHMARK] 1654768164675,CSR
glCanvas.js:1127 [BENCHMARK] 1654768164679,CSR
glCanvas.js:1127 [BENCHMARK] 1654768164681,CSR
glCanvas.js:1127 [BENCHMARK] 1654768164683,CSR
glCanvas.js:1127 [BENCHMARK] 1654768164719,CSR
glCanvas.js:1127 [BENCHMARK] 1654768164723,CSR
glCanvas.js:1127 [BENCHMARK] 1654768164727,CSR
glCanvas.js:1127 [BENCHMARK] 1654768164745,CSR
glCanvas.js:1127 [BENCHMARK] 1654768164754,CSR
glCanvas.js:1127 [BENCHMARK] 1654768164758,CSR
glCanvas.js:1127 [BENCHMARK] 1654768164762,CSR
glCanvas.js:1127 [BENCHMARK] 1654768164779,CSR
glCanvas.js:1127 [BENCHMARK] 1654768164783,CSR
glCanvas.js:1127 [BENCHMARK] 1654768164816,CSR
glCanvas.js:1127 [BENCHMARK] 1654768164827,CSR
glCanvas.js:1127 [BENCHMARK] 1654768164830,CSR
glCanvas.js:1127 [BENCHMARK] 1654768164833,CSR
glCanvas.js:1127 [BENCHMARK] 1654768164835,CSR
glCanvas.js:1127 [BENCHMARK] 1654768164837,CSR
glCanvas.js:1127 [BENCHMARK] 1654768164859,CSR
glCanvas.js:1127 [BENCHMARK] 1654768164864,CSR
glCanvas.js:1127 [BENCHMARK] 1654768164869,CSR
glCanvas.js:1127 [BENCHMARK] 1654768164885,CSR
glCanvas.js:1127 [BENCHMARK] 1654768164902,CSR
glCanvas.js:1127 [BENCHMARK] 1654768164989,CSR
glCanvas.js:1127 [BENCHMARK] 1654768164993,CSR
glCanvas.js:1127 [BENCHMARK] 1654768164996,CSR
glCanvas.js:1127 [BENCHMARK] 1654768165002,CSR
glCanvas.js:1127 [BENCHMARK] 1654768165005,CSR
glCanvas.js:1127 [BENCHMARK] 1654768165018,CSR
glCanvas.js:1127 [BENCHMARK] 1654768165021,CSR
glCanvas.js:1127 [BENCHMARK] 1654768165024,CSR
glCanvas.js:1127 [BENCHMARK] 1654768165046,CSR
glCanvas.js:1127 [BENCHMARK] 1654768165049,CSR
glCanvas.js:1127 [BENCHMARK] 1654768165052,CSR
glCanvas.js:1127 [BENCHMARK] 1654768165389,CSR
glCanvas.js:1127 [BENCHMARK] 1654768165392,CSR
glCanvas.js:1107 [BENCHMARK] 1654768165396,X
glCanvas.js:1107 [BENCHMARK] 1654768165398,X
glCanvas.js:1127 [BENCHMARK] 1654768165400,CSR
glCanvas.js:1127 [BENCHMARK] 1654768165402,CSR
glCanvas.js:1127 [BENCHMARK] 1654768165404,CSR
glCanvas.js:1127 [BENCHMARK] 1654768165405,CSR
glCanvas.js:1127 [BENCHMARK] 1654768165406,CSR
glCanvas.js:1127 [BENCHMARK] 1654768165406,CSR
glCanvas.js:1127 [BENCHMARK] 1654768165425,CSR
glCanvas.js:1127 [BENCHMARK] 1654768165426,CSR
glCanvas.js:1127 [BENCHMARK] 1654768165427,CSR
glCanvas.js:1127 [BENCHMARK] 1654768165428,CSR
glCanvas.js:1127 [BENCHMARK] 1654768165429,CSR
glCanvas.js:1127 [BENCHMARK] 1654768165429,CSR
glCanvas.js:1127 [BENCHMARK] 1654768165430,CSR
glCanvas.js:1127 [BENCHMARK] 1654768165431,CSR
glCanvas.js:1127 [BENCHMARK] 1654768165432,CSR
glCanvas.js:1127 [BENCHMARK] 1654768165432,CSR
glCanvas.js:1127 [BENCHMARK] 1654768165644,CSR
glCanvas.js:1127 [BENCHMARK] 1654768165646,CSR
glCanvas.js:1127 [BENCHMARK] 1654768165650,CSR
glCanvas.js:1127 [BENCHMARK] 1654768165652,CSR
glCanvas.js:1127 [BENCHMARK] 1654768165657,CSR
glCanvas.js:1127 [BENCHMARK] 1654768165659,CSR
glCanvas.js:1127 [BENCHMARK] 1654768165661,CSR
glCanvas.js:1127 [BENCHMARK] 1654768165662,CSR
glCanvas.js:1127 [BENCHMARK] 1654768165667,CSR
glCanvas.js:1127 [BENCHMARK] 1654768165667,CSR
glCanvas.js:1127 [BENCHMARK] 1654768165672,CSR
glCanvas.js:1127 [BENCHMARK] 1654768165673,CSR
glCanvas.js:1127 [BENCHMARK] 1654768165678,CSR
glCanvas.js:1127 [BENCHMARK] 1654768165679,CSR
glCanvas.js:1127 [BENCHMARK] 1654768165683,CSR
glCanvas.js:1127 [BENCHMARK] 1654768165684,CSR
glCanvas.js:1127 [BENCHMARK] 1654768165688,CSR
glCanvas.js:1127 [BENCHMARK] 1654768165689,CSR
glCanvas.js:1127 [BENCHMARK] 1654768165718,CSR
glCanvas.js:1127 [BENCHMARK] 1654768165720,CSR
glCanvas.js:1127 [BENCHMARK] 1654768165908,CSR
glCanvas.js:1127 [BENCHMARK] 1654768165910,CSR
glCanvas.js:1107 [BENCHMARK] 1654768165915,X
glCanvas.js:1107 [BENCHMARK] 1654768165917,X
glCanvas.js:1127 [BENCHMARK] 1654768165920,CSR
glCanvas.js:1127 [BENCHMARK] 1654768165922,CSR
glCanvas.js:1127 [BENCHMARK] 1654768165925,CSR
glCanvas.js:1127 [BENCHMARK] 1654768165927,CSR
glCanvas.js:1127 [BENCHMARK] 1654768165930,CSR
glCanvas.js:1127 [BENCHMARK] 1654768165931,CSR
glCanvas.js:1127 [BENCHMARK] 1654768165936,CSR
glCanvas.js:1127 [BENCHMARK] 1654768165937,CSR
glCanvas.js:1127 [BENCHMARK] 1654768165941,CSR
glCanvas.js:1127 [BENCHMARK] 1654768165942,CSR
glCanvas.js:1127 [BENCHMARK] 1654768165947,CSR
glCanvas.js:1127 [BENCHMARK] 1654768165948,CSR
glCanvas.js:1127 [BENCHMARK] 1654768165968,CSR
glCanvas.js:1127 [BENCHMARK] 1654768165969,CSR
glCanvas.js:1127 [BENCHMARK] 1654768165978,CSR
glCanvas.js:1127 [BENCHMARK] 1654768165979,CSR
glCanvas.js:1127 [BENCHMARK] 1654768166187,CSR
glCanvas.js:1127 [BENCHMARK] 1654768166190,CSR
glCanvas.js:1127 [BENCHMARK] 1654768166194,CSR
glCanvas.js:1127 [BENCHMARK] 1654768166196,CSR
glCanvas.js:1127 [BENCHMARK] 1654768166200,CSR
glCanvas.js:1127 [BENCHMARK] 1654768166202,CSR
glCanvas.js:1127 [BENCHMARK] 1654768166225,CSR
glCanvas.js:1127 [BENCHMARK] 1654768166227,CSR
glCanvas.js:1127 [BENCHMARK] 1654768166231,CSR
glCanvas.js:1127 [BENCHMARK] 1654768166233,CSR
glCanvas.js:1127 [BENCHMARK] 1654768166236,CSR
glCanvas.js:1127 [BENCHMARK] 1654768166237,CSR
glCanvas.js:1127 [BENCHMARK] 1654768166239,CSR
glCanvas.js:1127 [BENCHMARK] 1654768166240,CSR
glCanvas.js:1127 [BENCHMARK] 1654768166242,CSR
glCanvas.js:1127 [BENCHMARK] 1654768166243,CSR
glCanvas.js:1127 [BENCHMARK] 1654768166244,CSR
glCanvas.js:1127 [BENCHMARK] 1654768166244,CSR
glCanvas.js:1127 [BENCHMARK] 1654768166246,CSR
glCanvas.js:1127 [BENCHMARK] 1654768166247,CSR
glCanvas.js:1127 [BENCHMARK] 1654768166249,CSR
glCanvas.js:1127 [BENCHMARK] 1654768166250,CSR
glCanvas.js:1127 [BENCHMARK] 1654768166305,CSR
glCanvas.js:1127 [BENCHMARK] 1654768166307,CSR
glCanvas.js:1127 [BENCHMARK] 1654768166465,CSR
glCanvas.js:1127 [BENCHMARK] 1654768166468,CSR
glCanvas.js:1127 [BENCHMARK] 1654768166472,CSR
glCanvas.js:1127 [BENCHMARK] 1654768166474,CSR
glCanvas.js:1127 [BENCHMARK] 1654768166478,CSR
glCanvas.js:1127 [BENCHMARK] 1654768166480,CSR
glCanvas.js:1127 [BENCHMARK] 1654768166497,CSR
glCanvas.js:1127 [BENCHMARK] 1654768166498,CSR
glCanvas.js:1127 [BENCHMARK] 1654768166500,CSR
glCanvas.js:1127 [BENCHMARK] 1654768166500,CSR
glCanvas.js:1127 [BENCHMARK] 1654768166502,CSR
glCanvas.js:1127 [BENCHMARK] 1654768166502,CSR
glCanvas.js:1127 [BENCHMARK] 1654768166504,CSR
glCanvas.js:1127 [BENCHMARK] 1654768166504,CSR
glCanvas.js:1127 [BENCHMARK] 1654768166506,CSR
glCanvas.js:1127 [BENCHMARK] 1654768166507,CSR
glCanvas.js:1127 [BENCHMARK] 1654768166537,CSR
glCanvas.js:1127 [BENCHMARK] 1654768166539,CSR
glCanvas.js:1127 [BENCHMARK] 1654768166544,CSR
glCanvas.js:1127 [BENCHMARK] 1654768166546,CSR
glCanvas.js:1127 [BENCHMARK] 1654768166548,CSR
glCanvas.js:1127 [BENCHMARK] 1654768166549,CSR
glCanvas.js:1127 [BENCHMARK] 1654768166550,CSR
glCanvas.js:1127 [BENCHMARK] 1654768166551,CSR
glCanvas.js:1127 [BENCHMARK] 1654768166555,CSR
glCanvas.js:1127 [BENCHMARK] 1654768166644,CSR
glCanvas.js:1127 [BENCHMARK] 1654768166647,CSR
glCanvas.js:1127 [BENCHMARK] 1654768166809,CSR
glCanvas.js:1127 [BENCHMARK] 1654768167406,CSR
glCanvas.js:1127 [BENCHMARK] 1654768167526,CSR
filmbox2.js:1550 [BENCHMARK] 1654768167527,fullLoad
glCanvas.js:1127 [BENCHMARK] 1654768167749,CSR
glCanvas.js:1127 [BENCHMARK] 1654768167756,CSR
glCanvas.js:1127 [BENCHMARK] 1654768167760,CSR
glCanvas.js:1127 [BENCHMARK] 1654768167766,CSR
glCanvas.js:1127 [BENCHMARK] 1654768167770,CSR
glCanvas.js:1127 [BENCHMARK] 1654768167776,CSR
glCanvas.js:1127 [BENCHMARK] 1654768167782,CSR
glCanvas.js:1127 [BENCHMARK] 1654768167787,CSR
glCanvas.js:1127 [BENCHMARK] 1654768167795,CSR
glCanvas.js:1127 [BENCHMARK] 1654768167799,CSR
glCanvas.js:1127 [BENCHMARK] 1654768168013,CSR
glCanvas.js:1127 [BENCHMARK] 1654768168019,CSR
glCanvas.js:1127 [BENCHMARK] 1654768168025,CSR
glCanvas.js:1127 [BENCHMARK] 1654768168030,CSR
glCanvas.js:1127 [BENCHMARK] 1654768168066,CSR
glCanvas.js:1127 [BENCHMARK] 1654768168069,CSR
glCanvas.js:1127 [BENCHMARK] 1654768168072,CSR
glCanvas.js:1127 [BENCHMARK] 1654768168073,CSR
glCanvas.js:1127 [BENCHMARK] 1654768168074,CSR
glCanvas.js:1127 [BENCHMARK] 1654768168075,CSR
glCanvas.js:1127 [BENCHMARK] 1654768168279,CSR
glCanvas.js:1127 [BENCHMARK] 1654768168285,CSR
glCanvas.js:1127 [BENCHMARK] 1654768168292,CSR
glCanvas.js:1127 [BENCHMARK] 1654768168297,CSR
glCanvas.js:1127 [BENCHMARK] 1654768168303,CSR
glCanvas.js:1127 [BENCHMARK] 1654768168308,CSR
glCanvas.js:1127 [BENCHMARK] 1654768168324,CSR
glCanvas.js:1127 [BENCHMARK] 1654768168325,CSR
glCanvas.js:1127 [BENCHMARK] 1654768168326,CSR
glCanvas.js:1127 [BENCHMARK] 1654768168330,CSR
glCanvas.js:1127 [BENCHMARK] 1654768168585,CSR
glCanvas.js:1127 [BENCHMARK] 1654768169345,CSR
glCanvas.js:1127 [BENCHMARK] 1654768169347,CSR
glCanvas.js:1127 [BENCHMARK] 1654768169357,CSR
glCanvas.js:1127 [BENCHMARK] 1654768169359,CSR
glCanvas.js:1127 [BENCHMARK] 1654768169370,CSR
glCanvas.js:1127 [BENCHMARK] 1654768169372,CSR
glCanvas.js:1127 [BENCHMARK] 1654768169382,CSR
glCanvas.js:1127 [BENCHMARK] 1654768169383,CSR
glCanvas.js:1127 [BENCHMARK] 1654768169395,CSR
glCanvas.js:1127 [BENCHMARK] 1654768169396,CSR
glCanvas.js:1127 [BENCHMARK] 1654768169409,CSR
glCanvas.js:1127 [BENCHMARK] 1654768169410,CSR
glCanvas.js:1127 [BENCHMARK] 1654768169424,CSR
glCanvas.js:1127 [BENCHMARK] 1654768169427,CSR
glCanvas.js:1127 [BENCHMARK] 1654768169436,CSR
glCanvas.js:1127 [BENCHMARK] 1654768169438,CSR
glCanvas.js:1127 [BENCHMARK] 1654768169449,CSR
glCanvas.js:1127 [BENCHMARK] 1654768169451,CSR
glCanvas.js:1127 [BENCHMARK] 1654768169461,CSR
glCanvas.js:1127 [BENCHMARK] 1654768169462,CSR
glCanvas.js:1127 [BENCHMARK] 1654768169683,CSR
glCanvas.js:1127 [BENCHMARK] 1654768169685,CSR
glCanvas.js:1127 [BENCHMARK] 1654768169696,CSR
glCanvas.js:1127 [BENCHMARK] 1654768169699,CSR
glCanvas.js:1127 [BENCHMARK] 1654768169711,CSR
glCanvas.js:1127 [BENCHMARK] 1654768169713,CSR
glCanvas.js:1127 [BENCHMARK] 1654768169726,CSR
glCanvas.js:1127 [BENCHMARK] 1654768169727,CSR
glCanvas.js:1127 [BENCHMARK] 1654768169737,CSR
glCanvas.js:1127 [BENCHMARK] 1654768169739,CSR
glCanvas.js:1127 [BENCHMARK] 1654768169750,CSR
glCanvas.js:1127 [BENCHMARK] 1654768169751,CSR
glCanvas.js:1127 [BENCHMARK] 1654768169762,CSR
glCanvas.js:1127 [BENCHMARK] 1654768169763,CSR
glCanvas.js:1127 [BENCHMARK] 1654768169775,CSR
glCanvas.js:1127 [BENCHMARK] 1654768169776,CSR
glCanvas.js:1127 [BENCHMARK] 1654768169788,CSR
glCanvas.js:1127 [BENCHMARK] 1654768169789,CSR
glCanvas.js:1127 [BENCHMARK] 1654768169801,CSR
glCanvas.js:1127 [BENCHMARK] 1654768169802,CSR
glCanvas.js:1127 [BENCHMARK] 1654768170023,CSR
glCanvas.js:1127 [BENCHMARK] 1654768170025,CSR
glCanvas.js:1127 [BENCHMARK] 1654768170037,CSR
glCanvas.js:1127 [BENCHMARK] 1654768170039,CSR
glCanvas.js:1127 [BENCHMARK] 1654768170050,CSR
glCanvas.js:1127 [BENCHMARK] 1654768170052,CSR
glCanvas.js:1127 [BENCHMARK] 1654768170062,CSR
glCanvas.js:1127 [BENCHMARK] 1654768170063,CSR
glCanvas.js:1127 [BENCHMARK] 1654768170074,CSR
glCanvas.js:1127 [BENCHMARK] 1654768170076,CSR
glCanvas.js:1127 [BENCHMARK] 1654768170088,CSR
glCanvas.js:1127 [BENCHMARK] 1654768170089,CSR
glCanvas.js:1127 [BENCHMARK] 1654768170101,CSR
glCanvas.js:1127 [BENCHMARK] 1654768170103,CSR
glCanvas.js:1127 [BENCHMARK] 1654768170114,CSR
glCanvas.js:1127 [BENCHMARK] 1654768170115,CSR
glCanvas.js:1127 [BENCHMARK] 1654768170126,CSR
glCanvas.js:1127 [BENCHMARK] 1654768170127,CSR
glCanvas.js:1127 [BENCHMARK] 1654768170142,CSR
glCanvas.js:1127 [BENCHMARK] 1654768170145,CSR
glCanvas.js:1127 [BENCHMARK] 1654768170362,CSR
glCanvas.js:1127 [BENCHMARK] 1654768170364,CSR
glCanvas.js:1127 [BENCHMARK] 1654768170375,CSR
glCanvas.js:1127 [BENCHMARK] 1654768170377,CSR
glCanvas.js:1127 [BENCHMARK] 1654768170389,CSR
glCanvas.js:1127 [BENCHMARK] 1654768170392,CSR
glCanvas.js:1127 [BENCHMARK] 1654768170402,CSR
glCanvas.js:1127 [BENCHMARK] 1654768170404,CSR
glCanvas.js:1127 [BENCHMARK] 1654768170413,CSR
glCanvas.js:1127 [BENCHMARK] 1654768170414,CSR
glCanvas.js:1127 [BENCHMARK] 1654768170427,CSR
glCanvas.js:1127 [BENCHMARK] 1654768170429,CSR
glCanvas.js:1127 [BENCHMARK] 1654768170439,CSR
glCanvas.js:1127 [BENCHMARK] 1654768170440,CSR
glCanvas.js:1127 [BENCHMARK] 1654768170452,CSR
glCanvas.js:1127 [BENCHMARK] 1654768170454,CSR
glCanvas.js:1127 [BENCHMARK] 1654768170465,CSR
glCanvas.js:1127 [BENCHMARK] 1654768170467,CSR
glCanvas.js:1127 [BENCHMARK] 1654768170479,CSR
glCanvas.js:1127 [BENCHMARK] 1654768170480,CSR
glCanvas.js:1127 [BENCHMARK] 1654768170729,CSR
glCanvas.js:1127 [BENCHMARK] 1654768171738,CSR
