glCanvas.js:1107 [BENCHMARK] 1654769199472,X
glCanvas.js:1107 [BENCHMARK] 1654769199478,X
glCanvas.js:1107 [BENCHMARK] 1654769199481,X
glCanvas.js:1107 [BENCHMARK] 1654769199513,X
glCanvas.js:1107 [BENCHMARK] 1654769200044,X
glCanvas.js:1127 [BENCHMARK] 1654769200050,SSR
manager.js:159 [BENCHMARK] 1654769200846,firstRender
glCanvas.js:1127 [BENCHMARK] 1654769200849,SSR
glCanvas.js:1127 [BENCHMARK] 1654769200852,SSR
glCanvas.js:1127 [BENCHMARK] 1654769200857,SSR
glCanvas.js:1127 [BENCHMARK] 1654769200867,SSR
glCanvas.js:1127 [BENCHMARK] 1654769200875,CSR
glCanvas.js:1127 [BENCHMARK] 1654769200912,CSR
glCanvas.js:1127 [BENCHMARK] 1654769200922,CSR
glCanvas.js:1127 [BENCHMARK] 1654769200925,CSR
glCanvas.js:1127 [BENCHMARK] 1654769200929,CSR
glCanvas.js:1127 [BENCHMARK] 1654769200932,CSR
glCanvas.js:1127 [BENCHMARK] 1654769200937,CSR
glCanvas.js:1127 [BENCHMARK] 1654769200940,CSR
glCanvas.js:1127 [BENCHMARK] 1654769200944,CSR
glCanvas.js:1127 [BENCHMARK] 1654769200946,CSR
glCanvas.js:1127 [BENCHMARK] 1654769200948,CSR
glCanvas.js:1127 [BENCHMARK] 1654769200951,CSR
glCanvas.js:1127 [BENCHMARK] 1654769200966,CSR
glCanvas.js:1127 [BENCHMARK] 1654769201050,CSR
glCanvas.js:1127 [BENCHMARK] 1654769201055,CSR
glCanvas.js:1127 [BENCHMARK] 1654769201058,CSR
glCanvas.js:1127 [BENCHMARK] 1654769201075,CSR
glCanvas.js:1127 [BENCHMARK] 1654769201332,CSR
glCanvas.js:1127 [BENCHMARK] 1654769201418,CSR
glCanvas.js:1127 [BENCHMARK] 1654769201468,CSR
glCanvas.js:1127 [BENCHMARK] 1654769201527,CSR
glCanvas.js:1127 [BENCHMARK] 1654769201616,CSR
glCanvas.js:1127 [BENCHMARK] 1654769201648,CSR
glCanvas.js:1127 [BENCHMARK] 1654769201675,CSR
glCanvas.js:1127 [BENCHMARK] 1654769201704,CSR
glCanvas.js:1127 [BENCHMARK] 1654769201813,CSR
glCanvas.js:1127 [BENCHMARK] 1654769201972,CSR
glCanvas.js:1127 [BENCHMARK] 1654769202006,CSR
glCanvas.js:1127 [BENCHMARK] 1654769202035,CSR
glCanvas.js:1127 [BENCHMARK] 1654769202065,CSR
glCanvas.js:1127 [BENCHMARK] 1654769202100,CSR
glCanvas.js:1127 [BENCHMARK] 1654769202207,CSR
glCanvas.js:1127 [BENCHMARK] 1654769202260,CSR
glCanvas.js:1127 [BENCHMARK] 1654769202290,CSR
glCanvas.js:1127 [BENCHMARK] 1654769202321,CSR
glCanvas.js:1127 [BENCHMARK] 1654769202578,CSR
glCanvas.js:1127 [BENCHMARK] 1654769202582,CSR
glCanvas.js:1127 [BENCHMARK] 1654769202584,CSR
glCanvas.js:1127 [BENCHMARK] 1654769202768,CSR
glCanvas.js:1127 [BENCHMARK] 1654769202778,CSR
glCanvas.js:1127 [BENCHMARK] 1654769202782,CSR
glCanvas.js:1127 [BENCHMARK] 1654769202791,CSR
glCanvas.js:1127 [BENCHMARK] 1654769202847,CSR
glCanvas.js:1127 [BENCHMARK] 1654769202874,CSR
glCanvas.js:1127 [BENCHMARK] 1654769202901,CSR
glCanvas.js:1127 [BENCHMARK] 1654769203006,CSR
glCanvas.js:1127 [BENCHMARK] 1654769203035,CSR
glCanvas.js:1127 [BENCHMARK] 1654769203084,CSR
glCanvas.js:1127 [BENCHMARK] 1654769203106,CSR
glCanvas.js:1127 [BENCHMARK] 1654769203133,CSR
glCanvas.js:1127 [BENCHMARK] 1654769203135,SSR
glCanvas.js:1127 [BENCHMARK] 1654769203207,SSR
glCanvas.js:1127 [BENCHMARK] 1654769203244,SSR
glCanvas.js:1127 [BENCHMARK] 1654769203265,SSR
glCanvas.js:1127 [BENCHMARK] 1654769203285,SSR
glCanvas.js:1127 [BENCHMARK] 1654769203325,SSR
glCanvas.js:1127 [BENCHMARK] 1654769203418,SSR
glCanvas.js:1127 [BENCHMARK] 1654769203457,SSR
glCanvas.js:1127 [BENCHMARK] 1654769203480,SSR
glCanvas.js:1127 [BENCHMARK] 1654769203503,CSR
glCanvas.js:1127 [BENCHMARK] 1654769203525,CSR
glCanvas.js:1127 [BENCHMARK] 1654769203554,CSR
glCanvas.js:1127 [BENCHMARK] 1654769203588,CSR
glCanvas.js:1127 [BENCHMARK] 1654769203610,CSR
glCanvas.js:1127 [BENCHMARK] 1654769203632,CSR
glCanvas.js:1127 [BENCHMARK] 1654769203654,CSR
glCanvas.js:1127 [BENCHMARK] 1654769203741,CSR
glCanvas.js:1127 [BENCHMARK] 1654769203804,CSR
glCanvas.js:1127 [BENCHMARK] 1654769203828,CSR
glCanvas.js:1127 [BENCHMARK] 1654769203848,CSR
glCanvas.js:1127 [BENCHMARK] 1654769203870,CSR
glCanvas.js:1127 [BENCHMARK] 1654769203895,CSR
glCanvas.js:1127 [BENCHMARK] 1654769203917,CSR
glCanvas.js:1127 [BENCHMARK] 1654769203948,CSR
glCanvas.js:1127 [BENCHMARK] 1654769203971,CSR
glCanvas.js:1127 [BENCHMARK] 1654769203994,CSR
glCanvas.js:1127 [BENCHMARK] 1654769204016,CSR
glCanvas.js:1127 [BENCHMARK] 1654769204050,CSR
glCanvas.js:1127 [BENCHMARK] 1654769204074,CSR
glCanvas.js:1127 [BENCHMARK] 1654769204097,CSR
glCanvas.js:1127 [BENCHMARK] 1654769204122,CSR
glCanvas.js:1127 [BENCHMARK] 1654769204145,CSR
glCanvas.js:1127 [BENCHMARK] 1654769204166,CSR
glCanvas.js:1127 [BENCHMARK] 1654769204189,CSR
glCanvas.js:1127 [BENCHMARK] 1654769204213,CSR
glCanvas.js:1127 [BENCHMARK] 1654769204237,CSR
glCanvas.js:1127 [BENCHMARK] 1654769204261,CSR
glCanvas.js:1127 [BENCHMARK] 1654769204281,CSR
glCanvas.js:1127 [BENCHMARK] 1654769204303,CSR
glCanvas.js:1127 [BENCHMARK] 1654769204325,CSR
glCanvas.js:1127 [BENCHMARK] 1654769204346,CSR
glCanvas.js:1127 [BENCHMARK] 1654769204370,CSR
glCanvas.js:1127 [BENCHMARK] 1654769204392,CSR
glCanvas.js:1127 [BENCHMARK] 1654769204414,CSR
glCanvas.js:1127 [BENCHMARK] 1654769204435,CSR
glCanvas.js:1127 [BENCHMARK] 1654769204455,CSR
glCanvas.js:1127 [BENCHMARK] 1654769204481,CSR
glCanvas.js:1127 [BENCHMARK] 1654769204506,CSR
glCanvas.js:1127 [BENCHMARK] 1654769204527,CSR
glCanvas.js:1127 [BENCHMARK] 1654769204550,CSR
glCanvas.js:1127 [BENCHMARK] 1654769204572,CSR
glCanvas.js:1127 [BENCHMARK] 1654769204594,CSR
glCanvas.js:1127 [BENCHMARK] 1654769204617,CSR
glCanvas.js:1127 [BENCHMARK] 1654769204644,CSR
glCanvas.js:1127 [BENCHMARK] 1654769204667,CSR
glCanvas.js:1127 [BENCHMARK] 1654769204690,CSR
glCanvas.js:1127 [BENCHMARK] 1654769204713,CSR
glCanvas.js:1127 [BENCHMARK] 1654769204737,CSR
glCanvas.js:1127 [BENCHMARK] 1654769204760,CSR
glCanvas.js:1127 [BENCHMARK] 1654769204783,CSR
glCanvas.js:1127 [BENCHMARK] 1654769204807,CSR
glCanvas.js:1127 [BENCHMARK] 1654769204844,CSR
glCanvas.js:1127 [BENCHMARK] 1654769204952,CSR
glCanvas.js:1127 [BENCHMARK] 1654769204978,CSR
glCanvas.js:1127 [BENCHMARK] 1654769205053,CSR
glCanvas.js:1127 [BENCHMARK] 1654769205112,CSR
glCanvas.js:1127 [BENCHMARK] 1654769205146,CSR
glCanvas.js:1127 [BENCHMARK] 1654769205222,CSR
glCanvas.js:1127 [BENCHMARK] 1654769205254,CSR
glCanvas.js:1127 [BENCHMARK] 1654769205255,CSR
glCanvas.js:1127 [BENCHMARK] 1654769205302,CSR
glCanvas.js:1127 [BENCHMARK] 1654769205304,CSR
glCanvas.js:1127 [BENCHMARK] 1654769205334,CSR
glCanvas.js:1127 [BENCHMARK] 1654769205335,CSR
glCanvas.js:1127 [BENCHMARK] 1654769205356,CSR
glCanvas.js:1127 [BENCHMARK] 1654769205366,CSR
glCanvas.js:1127 [BENCHMARK] 1654769205367,CSR
glCanvas.js:1127 [BENCHMARK] 1654769205398,CSR
glCanvas.js:1127 [BENCHMARK] 1654769205400,CSR
glCanvas.js:1127 [BENCHMARK] 1654769205429,CSR
glCanvas.js:1127 [BENCHMARK] 1654769205432,CSR
glCanvas.js:1127 [BENCHMARK] 1654769205460,CSR
glCanvas.js:1127 [BENCHMARK] 1654769205463,CSR
glCanvas.js:1127 [BENCHMARK] 1654769205491,CSR
glCanvas.js:1127 [BENCHMARK] 1654769205494,CSR
glCanvas.js:1127 [BENCHMARK] 1654769205523,CSR
glCanvas.js:1127 [BENCHMARK] 1654769205526,CSR
glCanvas.js:1127 [BENCHMARK] 1654769205554,CSR
glCanvas.js:1127 [BENCHMARK] 1654769205557,CSR
glCanvas.js:1127 [BENCHMARK] 1654769205794,CSR
glCanvas.js:1127 [BENCHMARK] 1654769205797,CSR
glCanvas.js:1127 [BENCHMARK] 1654769205825,CSR
glCanvas.js:1127 [BENCHMARK] 1654769205828,CSR
glCanvas.js:1127 [BENCHMARK] 1654769205856,CSR
glCanvas.js:1127 [BENCHMARK] 1654769205859,CSR
glCanvas.js:1127 [BENCHMARK] 1654769205887,CSR
glCanvas.js:1127 [BENCHMARK] 1654769205890,CSR
glCanvas.js:1127 [BENCHMARK] 1654769205919,CSR
glCanvas.js:1127 [BENCHMARK] 1654769205922,CSR
glCanvas.js:1127 [BENCHMARK] 1654769205950,CSR
glCanvas.js:1127 [BENCHMARK] 1654769205953,CSR
glCanvas.js:1127 [BENCHMARK] 1654769205982,CSR
glCanvas.js:1127 [BENCHMARK] 1654769205984,CSR
glCanvas.js:1127 [BENCHMARK] 1654769206013,CSR
glCanvas.js:1127 [BENCHMARK] 1654769206016,CSR
glCanvas.js:1127 [BENCHMARK] 1654769206045,CSR
glCanvas.js:1127 [BENCHMARK] 1654769206047,CSR
glCanvas.js:1127 [BENCHMARK] 1654769206076,CSR
glCanvas.js:1127 [BENCHMARK] 1654769206079,CSR
glCanvas.js:1127 [BENCHMARK] 1654769206316,CSR
glCanvas.js:1127 [BENCHMARK] 1654769206320,CSR
glCanvas.js:1127 [BENCHMARK] 1654769206347,CSR
glCanvas.js:1127 [BENCHMARK] 1654769206351,CSR
glCanvas.js:1127 [BENCHMARK] 1654769206377,CSR
glCanvas.js:1127 [BENCHMARK] 1654769206379,CSR
glCanvas.js:1127 [BENCHMARK] 1654769206409,CSR
glCanvas.js:1127 [BENCHMARK] 1654769206412,CSR
glCanvas.js:1127 [BENCHMARK] 1654769206441,CSR
glCanvas.js:1127 [BENCHMARK] 1654769206443,CSR
glCanvas.js:1127 [BENCHMARK] 1654769206472,CSR
glCanvas.js:1127 [BENCHMARK] 1654769206475,CSR
glCanvas.js:1127 [BENCHMARK] 1654769206503,CSR
glCanvas.js:1127 [BENCHMARK] 1654769206506,CSR
glCanvas.js:1127 [BENCHMARK] 1654769206535,CSR
glCanvas.js:1127 [BENCHMARK] 1654769206538,CSR
glCanvas.js:1127 [BENCHMARK] 1654769206566,CSR
glCanvas.js:1127 [BENCHMARK] 1654769206569,CSR
glCanvas.js:1127 [BENCHMARK] 1654769206597,SSR
glCanvas.js:1127 [BENCHMARK] 1654769206599,SSR
glCanvas.js:1127 [BENCHMARK] 1654769206849,SSR
glCanvas.js:1127 [BENCHMARK] 1654769207125,CSR
glCanvas.js:1127 [BENCHMARK] 1654769207127,CSR
glCanvas.js:1127 [BENCHMARK] 1654769207129,CSR
glCanvas.js:1127 [BENCHMARK] 1654769207131,CSR
glCanvas.js:1127 [BENCHMARK] 1654769207146,CSR
glCanvas.js:1127 [BENCHMARK] 1654769207148,CSR
glCanvas.js:1127 [BENCHMARK] 1654769207151,CSR
glCanvas.js:1127 [BENCHMARK] 1654769207160,CSR
glCanvas.js:1127 [BENCHMARK] 1654769207162,CSR
glCanvas.js:1127 [BENCHMARK] 1654769207164,CSR
glCanvas.js:1127 [BENCHMARK] 1654769207363,CSR
glCanvas.js:1127 [BENCHMARK] 1654769207366,CSR
glCanvas.js:1127 [BENCHMARK] 1654769207369,CSR
glCanvas.js:1127 [BENCHMARK] 1654769207372,CSR
glCanvas.js:1127 [BENCHMARK] 1654769207389,CSR
glCanvas.js:1127 [BENCHMARK] 1654769207390,CSR
glCanvas.js:1127 [BENCHMARK] 1654769207393,CSR
glCanvas.js:1127 [BENCHMARK] 1654769207395,CSR
glCanvas.js:1127 [BENCHMARK] 1654769207397,CSR
glCanvas.js:1127 [BENCHMARK] 1654769207419,CSR
glCanvas.js:1127 [BENCHMARK] 1654769207598,CSR
glCanvas.js:1127 [BENCHMARK] 1654769207602,CSR
glCanvas.js:1127 [BENCHMARK] 1654769207604,CSR
glCanvas.js:1127 [BENCHMARK] 1654769207607,CSR
glCanvas.js:1127 [BENCHMARK] 1654769207614,CSR
glCanvas.js:1127 [BENCHMARK] 1654769207616,CSR
glCanvas.js:1127 [BENCHMARK] 1654769207633,CSR
glCanvas.js:1127 [BENCHMARK] 1654769207635,CSR
glCanvas.js:1127 [BENCHMARK] 1654769207637,CSR
glCanvas.js:1127 [BENCHMARK] 1654769207653,CSR
glCanvas.js:1127 [BENCHMARK] 1654769207667,CSR
glCanvas.js:1127 [BENCHMARK] 1654769207734,CSR
glCanvas.js:1127 [BENCHMARK] 1654769207820,CSR
glCanvas.js:1127 [BENCHMARK] 1654769207834,CSR
glCanvas.js:1127 [BENCHMARK] 1654769207839,CSR
glCanvas.js:1127 [BENCHMARK] 1654769207842,CSR
glCanvas.js:1127 [BENCHMARK] 1654769207844,CSR
glCanvas.js:1127 [BENCHMARK] 1654769207859,CSR
glCanvas.js:1127 [BENCHMARK] 1654769207861,CSR
glCanvas.js:1127 [BENCHMARK] 1654769207863,CSR
glCanvas.js:1127 [BENCHMARK] 1654769207865,CSR
glCanvas.js:1127 [BENCHMARK] 1654769207894,CSR
glCanvas.js:1127 [BENCHMARK] 1654769207896,CSR
glCanvas.js:1127 [BENCHMARK] 1654769207937,CSR
glCanvas.js:1127 [BENCHMARK] 1654769208038,CSR
glCanvas.js:1127 [BENCHMARK] 1654769208044,CSR
glCanvas.js:1127 [BENCHMARK] 1654769208065,CSR
glCanvas.js:1127 [BENCHMARK] 1654769208068,CSR
glCanvas.js:1127 [BENCHMARK] 1654769208072,CSR
glCanvas.js:1127 [BENCHMARK] 1654769208080,CSR
glCanvas.js:1127 [BENCHMARK] 1654769208082,CSR
glCanvas.js:1127 [BENCHMARK] 1654769208095,CSR
glCanvas.js:1127 [BENCHMARK] 1654769208098,CSR
glCanvas.js:1127 [BENCHMARK] 1654769208111,CSR
glCanvas.js:1127 [BENCHMARK] 1654769208113,CSR
glCanvas.js:1127 [BENCHMARK] 1654769208139,CSR
glCanvas.js:1127 [BENCHMARK] 1654769208240,CSR
glCanvas.js:1127 [BENCHMARK] 1654769208262,CSR
glCanvas.js:1127 [BENCHMARK] 1654769208284,CSR
glCanvas.js:1127 [BENCHMARK] 1654769208291,CSR
glCanvas.js:1127 [BENCHMARK] 1654769208297,CSR
glCanvas.js:1127 [BENCHMARK] 1654769208324,CSR
glCanvas.js:1127 [BENCHMARK] 1654769208330,CSR
glCanvas.js:1127 [BENCHMARK] 1654769208345,CSR
glCanvas.js:1127 [BENCHMARK] 1654769208350,CSR
glCanvas.js:1127 [BENCHMARK] 1654769208353,CSR
glCanvas.js:1127 [BENCHMARK] 1654769208372,CSR
glCanvas.js:1127 [BENCHMARK] 1654769208471,CSR
glCanvas.js:1127 [BENCHMARK] 1654769208490,CSR
glCanvas.js:1127 [BENCHMARK] 1654769208502,CSR
glCanvas.js:1127 [BENCHMARK] 1654769208505,CSR
glCanvas.js:1127 [BENCHMARK] 1654769208557,CSR
glCanvas.js:1127 [BENCHMARK] 1654769208560,CSR
glCanvas.js:1127 [BENCHMARK] 1654769208565,CSR
glCanvas.js:1127 [BENCHMARK] 1654769208577,CSR
glCanvas.js:1127 [BENCHMARK] 1654769208580,CSR
glCanvas.js:1127 [BENCHMARK] 1654769208583,CSR
glCanvas.js:1127 [BENCHMARK] 1654769208592,CSR
glCanvas.js:1127 [BENCHMARK] 1654769208596,CSR
glCanvas.js:1127 [BENCHMARK] 1654769208599,CSR
glCanvas.js:1127 [BENCHMARK] 1654769208614,CSR
glCanvas.js:1127 [BENCHMARK] 1654769208617,CSR
glCanvas.js:1127 [BENCHMARK] 1654769208619,CSR
glCanvas.js:1127 [BENCHMARK] 1654769208621,CSR
glCanvas.js:1127 [BENCHMARK] 1654769208644,CSR
glCanvas.js:1127 [BENCHMARK] 1654769208648,CSR
glCanvas.js:1127 [BENCHMARK] 1654769208652,CSR
glCanvas.js:1127 [BENCHMARK] 1654769208669,CSR
glCanvas.js:1127 [BENCHMARK] 1654769208691,CSR
glCanvas.js:1127 [BENCHMARK] 1654769208727,CSR
glCanvas.js:1127 [BENCHMARK] 1654769208729,CSR
glCanvas.js:1127 [BENCHMARK] 1654769208770,CSR
glCanvas.js:1127 [BENCHMARK] 1654769208773,CSR
glCanvas.js:1127 [BENCHMARK] 1654769208776,CSR
glCanvas.js:1127 [BENCHMARK] 1654769208801,CSR
glCanvas.js:1127 [BENCHMARK] 1654769208807,CSR
glCanvas.js:1127 [BENCHMARK] 1654769208810,CSR
glCanvas.js:1127 [BENCHMARK] 1654769208812,CSR
glCanvas.js:1127 [BENCHMARK] 1654769208829,CSR
glCanvas.js:1127 [BENCHMARK] 1654769208833,CSR
glCanvas.js:1127 [BENCHMARK] 1654769208858,CSR
glCanvas.js:1127 [BENCHMARK] 1654769208861,CSR
glCanvas.js:1127 [BENCHMARK] 1654769208863,CSR
glCanvas.js:1127 [BENCHMARK] 1654769208865,CSR
glCanvas.js:1127 [BENCHMARK] 1654769208875,CSR
glCanvas.js:1127 [BENCHMARK] 1654769208877,CSR
glCanvas.js:1127 [BENCHMARK] 1654769208878,CSR
glCanvas.js:1127 [BENCHMARK] 1654769208905,CSR
glCanvas.js:1127 [BENCHMARK] 1654769208907,CSR
glCanvas.js:1127 [BENCHMARK] 1654769208934,CSR
glCanvas.js:1127 [BENCHMARK] 1654769208943,CSR
glCanvas.js:1127 [BENCHMARK] 1654769208988,CSR
glCanvas.js:1127 [BENCHMARK] 1654769208992,CSR
glCanvas.js:1127 [BENCHMARK] 1654769208998,CSR
glCanvas.js:1127 [BENCHMARK] 1654769209009,CSR
glCanvas.js:1127 [BENCHMARK] 1654769209023,CSR
glCanvas.js:1127 [BENCHMARK] 1654769209046,CSR
glCanvas.js:1127 [BENCHMARK] 1654769209051,CSR
glCanvas.js:1127 [BENCHMARK] 1654769209076,CSR
glCanvas.js:1127 [BENCHMARK] 1654769209082,CSR
glCanvas.js:1127 [BENCHMARK] 1654769209113,CSR
glCanvas.js:1127 [BENCHMARK] 1654769209118,CSR
glCanvas.js:1127 [BENCHMARK] 1654769209126,CSR
glCanvas.js:1127 [BENCHMARK] 1654769209137,CSR
glCanvas.js:1127 [BENCHMARK] 1654769209140,CSR
glCanvas.js:1127 [BENCHMARK] 1654769209143,CSR
glCanvas.js:1127 [BENCHMARK] 1654769209152,CSR
glCanvas.js:1127 [BENCHMARK] 1654769209155,CSR
glCanvas.js:1127 [BENCHMARK] 1654769209160,CSR
glCanvas.js:1127 [BENCHMARK] 1654769209175,CSR
glCanvas.js:1127 [BENCHMARK] 1654769209185,CSR
glCanvas.js:1127 [BENCHMARK] 1654769209189,CSR
glCanvas.js:1127 [BENCHMARK] 1654769209197,CSR
glCanvas.js:1127 [BENCHMARK] 1654769209207,CSR
glCanvas.js:1127 [BENCHMARK] 1654769209215,CSR
glCanvas.js:1127 [BENCHMARK] 1654769209231,CSR
glCanvas.js:1127 [BENCHMARK] 1654769209283,CSR
glCanvas.js:1127 [BENCHMARK] 1654769209285,CSR
glCanvas.js:1127 [BENCHMARK] 1654769209300,CSR
glCanvas.js:1127 [BENCHMARK] 1654769209303,CSR
glCanvas.js:1127 [BENCHMARK] 1654769209318,CSR
glCanvas.js:1127 [BENCHMARK] 1654769209327,CSR
glCanvas.js:1127 [BENCHMARK] 1654769209335,CSR
glCanvas.js:1127 [BENCHMARK] 1654769209342,CSR
glCanvas.js:1127 [BENCHMARK] 1654769209353,CSR
glCanvas.js:1127 [BENCHMARK] 1654769209355,CSR
glCanvas.js:1127 [BENCHMARK] 1654769209357,CSR
glCanvas.js:1127 [BENCHMARK] 1654769209373,CSR
glCanvas.js:1127 [BENCHMARK] 1654769209384,CSR
glCanvas.js:1127 [BENCHMARK] 1654769209386,CSR
glCanvas.js:1127 [BENCHMARK] 1654769209398,CSR
glCanvas.js:1127 [BENCHMARK] 1654769209401,CSR
glCanvas.js:1127 [BENCHMARK] 1654769209406,CSR
glCanvas.js:1127 [BENCHMARK] 1654769209414,CSR
glCanvas.js:1127 [BENCHMARK] 1654769209422,CSR
glCanvas.js:1127 [BENCHMARK] 1654769209439,CSR
glCanvas.js:1127 [BENCHMARK] 1654769209497,CSR
glCanvas.js:1127 [BENCHMARK] 1654769209509,CSR
glCanvas.js:1127 [BENCHMARK] 1654769209512,CSR
glCanvas.js:1127 [BENCHMARK] 1654769209553,CSR
glCanvas.js:1127 [BENCHMARK] 1654769209555,CSR
glCanvas.js:1127 [BENCHMARK] 1654769209557,CSR
glCanvas.js:1127 [BENCHMARK] 1654769209571,CSR
glCanvas.js:1127 [BENCHMARK] 1654769209573,CSR
glCanvas.js:1127 [BENCHMARK] 1654769209575,CSR
glCanvas.js:1127 [BENCHMARK] 1654769209587,CSR
glCanvas.js:1127 [BENCHMARK] 1654769209589,CSR
glCanvas.js:1127 [BENCHMARK] 1654769209592,CSR
glCanvas.js:1127 [BENCHMARK] 1654769209607,CSR
glCanvas.js:1127 [BENCHMARK] 1654769209610,CSR
glCanvas.js:1127 [BENCHMARK] 1654769209614,CSR
glCanvas.js:1127 [BENCHMARK] 1654769209630,CSR
glCanvas.js:1127 [BENCHMARK] 1654769209635,CSR
glCanvas.js:1127 [BENCHMARK] 1654769209638,CSR
glCanvas.js:1127 [BENCHMARK] 1654769209640,CSR
glCanvas.js:1127 [BENCHMARK] 1654769209660,CSR
glCanvas.js:1127 [BENCHMARK] 1654769209665,CSR
glCanvas.js:1127 [BENCHMARK] 1654769209674,CSR
glCanvas.js:1127 [BENCHMARK] 1654769209679,CSR
glCanvas.js:1127 [BENCHMARK] 1654769209683,CSR
glCanvas.js:1127 [BENCHMARK] 1654769209699,CSR
glCanvas.js:1127 [BENCHMARK] 1654769209702,CSR
filmbox2.js:1550 [BENCHMARK] 1654769209704,fullLoad
glCanvas.js:1127 [BENCHMARK] 1654769211354,CSR
glCanvas.js:1127 [BENCHMARK] 1654769211356,CSR
glCanvas.js:1127 [BENCHMARK] 1654769211555,CSR
glCanvas.js:1127 [BENCHMARK] 1654769211558,CSR
glCanvas.js:1127 [BENCHMARK] 1654769211758,CSR
glCanvas.js:1127 [BENCHMARK] 1654769211760,CSR
glCanvas.js:1127 [BENCHMARK] 1654769211960,CSR
glCanvas.js:1127 [BENCHMARK] 1654769211962,CSR
glCanvas.js:1127 [BENCHMARK] 1654769212162,CSR
glCanvas.js:1127 [BENCHMARK] 1654769212165,CSR
glCanvas.js:1127 [BENCHMARK] 1654769212417,CSR
glCanvas.js:1127 [BENCHMARK] 1654769213425,CSR
glCanvas.js:1127 [BENCHMARK] 1654769216381,CSR
glCanvas.js:1127 [BENCHMARK] 1654769216476,CSR
glCanvas.js:1127 [BENCHMARK] 1654769216479,CSR
glCanvas.js:1127 [BENCHMARK] 1654769217581,CSR
glCanvas.js:1127 [BENCHMARK] 1654769217583,CSR
glCanvas.js:1127 [BENCHMARK] 1654769217649,CSR
glCanvas.js:1127 [BENCHMARK] 1654769217650,CSR
glCanvas.js:1127 [BENCHMARK] 1654769217721,CSR
glCanvas.js:1127 [BENCHMARK] 1654769217724,CSR
glCanvas.js:1127 [BENCHMARK] 1654769217791,CSR
glCanvas.js:1127 [BENCHMARK] 1654769217792,CSR
glCanvas.js:1127 [BENCHMARK] 1654769217880,CSR
glCanvas.js:1127 [BENCHMARK] 1654769217881,CSR
glCanvas.js:1127 [BENCHMARK] 1654769217934,CSR
glCanvas.js:1127 [BENCHMARK] 1654769217937,CSR
glCanvas.js:1127 [BENCHMARK] 1654769218006,CSR
glCanvas.js:1127 [BENCHMARK] 1654769218008,CSR
glCanvas.js:1127 [BENCHMARK] 1654769218257,CSR
glCanvas.js:1127 [BENCHMARK] 1654769219265,CSR
glCanvas.js:1127 [BENCHMARK] 1654769220087,CSR
glCanvas.js:1127 [BENCHMARK] 1654769220090,CSR
glCanvas.js:1127 [BENCHMARK] 1654769220157,CSR
glCanvas.js:1127 [BENCHMARK] 1654769220158,CSR
glCanvas.js:1127 [BENCHMARK] 1654769220228,CSR
glCanvas.js:1127 [BENCHMARK] 1654769220229,CSR
glCanvas.js:1127 [BENCHMARK] 1654769220299,CSR
glCanvas.js:1127 [BENCHMARK] 1654769220301,CSR
glCanvas.js:1127 [BENCHMARK] 1654769220370,CSR
glCanvas.js:1127 [BENCHMARK] 1654769220372,CSR
glCanvas.js:1127 [BENCHMARK] 1654769220443,CSR
glCanvas.js:1127 [BENCHMARK] 1654769220445,CSR
glCanvas.js:1127 [BENCHMARK] 1654769220515,CSR
glCanvas.js:1127 [BENCHMARK] 1654769220517,CSR
glCanvas.js:1127 [BENCHMARK] 1654769220587,CSR
glCanvas.js:1127 [BENCHMARK] 1654769220590,CSR
glCanvas.js:1127 [BENCHMARK] 1654769220658,CSR
glCanvas.js:1127 [BENCHMARK] 1654769220659,CSR
glCanvas.js:1127 [BENCHMARK] 1654769220730,CSR
glCanvas.js:1127 [BENCHMARK] 1654769220733,CSR
glCanvas.js:1127 [BENCHMARK] 1654769220985,CSR
glCanvas.js:1127 [BENCHMARK] 1654769221010,CSR
glCanvas.js:1127 [BENCHMARK] 1654769221012,CSR
glCanvas.js:1127 [BENCHMARK] 1654769221041,CSR
glCanvas.js:1127 [BENCHMARK] 1654769221043,CSR
glCanvas.js:1127 [BENCHMARK] 1654769221072,CSR
glCanvas.js:1127 [BENCHMARK] 1654769221074,CSR
glCanvas.js:1127 [BENCHMARK] 1654769221104,CSR
glCanvas.js:1127 [BENCHMARK] 1654769221106,CSR
glCanvas.js:1127 [BENCHMARK] 1654769221135,CSR
glCanvas.js:1127 [BENCHMARK] 1654769221138,CSR
glCanvas.js:1127 [BENCHMARK] 1654769221167,CSR
glCanvas.js:1127 [BENCHMARK] 1654769221170,CSR
glCanvas.js:1127 [BENCHMARK] 1654769221198,CSR
glCanvas.js:1127 [BENCHMARK] 1654769221201,CSR
glCanvas.js:1127 [BENCHMARK] 1654769221230,CSR
glCanvas.js:1127 [BENCHMARK] 1654769221232,CSR
glCanvas.js:1127 [BENCHMARK] 1654769221261,CSR
glCanvas.js:1127 [BENCHMARK] 1654769221264,CSR
glCanvas.js:1127 [BENCHMARK] 1654769221293,CSR
glCanvas.js:1127 [BENCHMARK] 1654769221295,CSR
glCanvas.js:1127 [BENCHMARK] 1654769221532,CSR
glCanvas.js:1127 [BENCHMARK] 1654769221535,CSR
glCanvas.js:1127 [BENCHMARK] 1654769221564,CSR
glCanvas.js:1127 [BENCHMARK] 1654769221567,CSR
glCanvas.js:1127 [BENCHMARK] 1654769221595,CSR
glCanvas.js:1127 [BENCHMARK] 1654769221598,CSR
glCanvas.js:1127 [BENCHMARK] 1654769221627,CSR
glCanvas.js:1127 [BENCHMARK] 1654769221629,CSR
glCanvas.js:1127 [BENCHMARK] 1654769221658,CSR
glCanvas.js:1127 [BENCHMARK] 1654769221660,CSR
glCanvas.js:1127 [BENCHMARK] 1654769221689,CSR
glCanvas.js:1127 [BENCHMARK] 1654769221692,CSR
glCanvas.js:1127 [BENCHMARK] 1654769221719,CSR
glCanvas.js:1127 [BENCHMARK] 1654769221720,CSR
glCanvas.js:1127 [BENCHMARK] 1654769221751,CSR
glCanvas.js:1127 [BENCHMARK] 1654769221753,CSR
glCanvas.js:1127 [BENCHMARK] 1654769221783,CSR
glCanvas.js:1127 [BENCHMARK] 1654769221786,CSR
glCanvas.js:1127 [BENCHMARK] 1654769221813,CSR
glCanvas.js:1127 [BENCHMARK] 1654769221814,CSR
glCanvas.js:1127 [BENCHMARK] 1654769222065,CSR
glCanvas.js:1127 [BENCHMARK] 1654769223073,CSR
glCanvas.js:1127 [BENCHMARK] 1654769226855,CSR
glCanvas.js:1127 [BENCHMARK] 1654769227056,CSR
glCanvas.js:1127 [BENCHMARK] 1654769227256,CSR
glCanvas.js:1127 [BENCHMARK] 1654769227457,CSR
glCanvas.js:1127 [BENCHMARK] 1654769227659,CSR
glCanvas.js:1127 [BENCHMARK] 1654769227910,CSR
glCanvas.js:1127 [BENCHMARK] 1654769228914,CSR
glCanvas.js:1127 [BENCHMARK] 1654769230876,CSR
glCanvas.js:1127 [BENCHMARK] 1654769230945,CSR
glCanvas.js:1127 [BENCHMARK] 1654769231017,CSR
glCanvas.js:1127 [BENCHMARK] 1654769231089,CSR
glCanvas.js:1127 [BENCHMARK] 1654769231161,CSR
glCanvas.js:1127 [BENCHMARK] 1654769231233,CSR
glCanvas.js:1127 [BENCHMARK] 1654769231304,CSR
glCanvas.js:1127 [BENCHMARK] 1654769231376,CSR
glCanvas.js:1127 [BENCHMARK] 1654769231448,CSR
glCanvas.js:1127 [BENCHMARK] 1654769231520,CSR
glCanvas.js:1127 [BENCHMARK] 1654769231777,CSR
glCanvas.js:1127 [BENCHMARK] 1654769231799,CSR
glCanvas.js:1127 [BENCHMARK] 1654769231871,CSR
glCanvas.js:1127 [BENCHMARK] 1654769231943,CSR
glCanvas.js:1127 [BENCHMARK] 1654769232015,CSR
glCanvas.js:1127 [BENCHMARK] 1654769232087,CSR
glCanvas.js:1127 [BENCHMARK] 1654769232159,CSR
glCanvas.js:1127 [BENCHMARK] 1654769232230,CSR
glCanvas.js:1127 [BENCHMARK] 1654769232302,CSR
glCanvas.js:1127 [BENCHMARK] 1654769232374,CSR
glCanvas.js:1127 [BENCHMARK] 1654769232446,CSR
glCanvas.js:1127 [BENCHMARK] 1654769232546,CSR
glCanvas.js:1127 [BENCHMARK] 1654769232625,CSR
glCanvas.js:1127 [BENCHMARK] 1654769232629,CSR
glCanvas.js:1127 [BENCHMARK] 1654769232697,CSR
glCanvas.js:1127 [BENCHMARK] 1654769233705,CSR
glCanvas.js:1127 [BENCHMARK] 1654769234731,CSR
glCanvas.js:1127 [BENCHMARK] 1654769234933,CSR
glCanvas.js:1127 [BENCHMARK] 1654769235135,CSR
glCanvas.js:1127 [BENCHMARK] 1654769235385,CSR
glCanvas.js:1127 [BENCHMARK] 1654769236393,CSR
glCanvas.js:1127 [BENCHMARK] 1654769237345,CSR
glCanvas.js:1127 [BENCHMARK] 1654769237444,CSR
glCanvas.js:1127 [BENCHMARK] 1654769237547,CSR
glCanvas.js:1127 [BENCHMARK] 1654769237649,CSR
glCanvas.js:1127 [BENCHMARK] 1654769237751,CSR
glCanvas.js:1127 [BENCHMARK] 1654769238001,CSR
glCanvas.js:1127 [BENCHMARK] 1654769239009,CSR
glCanvas.js:1127 [BENCHMARK] 1654769239861,CSR
glCanvas.js:1127 [BENCHMARK] 1654769239890,CSR
glCanvas.js:1127 [BENCHMARK] 1654769239921,CSR
glCanvas.js:1127 [BENCHMARK] 1654769239951,CSR
glCanvas.js:1127 [BENCHMARK] 1654769239984,CSR
glCanvas.js:1127 [BENCHMARK] 1654769240015,CSR
glCanvas.js:1127 [BENCHMARK] 1654769240048,CSR
glCanvas.js:1127 [BENCHMARK] 1654769240079,CSR
glCanvas.js:1127 [BENCHMARK] 1654769240111,CSR
glCanvas.js:1127 [BENCHMARK] 1654769240143,CSR
glCanvas.js:1127 [BENCHMARK] 1654769240383,CSR
glCanvas.js:1127 [BENCHMARK] 1654769240413,CSR
glCanvas.js:1127 [BENCHMARK] 1654769240444,CSR
glCanvas.js:1127 [BENCHMARK] 1654769240474,CSR
glCanvas.js:1127 [BENCHMARK] 1654769240505,CSR
glCanvas.js:1127 [BENCHMARK] 1654769240536,CSR
glCanvas.js:1127 [BENCHMARK] 1654769240569,CSR
glCanvas.js:1127 [BENCHMARK] 1654769240601,CSR
glCanvas.js:1127 [BENCHMARK] 1654769240633,CSR
glCanvas.js:1127 [BENCHMARK] 1654769240664,CSR
glCanvas.js:1127 [BENCHMARK] 1654769240905,CSR
glCanvas.js:1127 [BENCHMARK] 1654769240976,CSR
glCanvas.js:1127 [BENCHMARK] 1654769241048,CSR
glCanvas.js:1127 [BENCHMARK] 1654769241120,CSR
glCanvas.js:1127 [BENCHMARK] 1654769241191,CSR
glCanvas.js:1127 [BENCHMARK] 1654769241449,CSR
glCanvas.js:1127 [BENCHMARK] 1654769242457,CSR
glCanvas.js:1127 [BENCHMARK] 1654769244272,CSR
glCanvas.js:1127 [BENCHMARK] 1654769244373,CSR
glCanvas.js:1127 [BENCHMARK] 1654769244374,CSR
glCanvas.js:1127 [BENCHMARK] 1654769245474,CSR
glCanvas.js:1127 [BENCHMARK] 1654769245475,CSR
glCanvas.js:1127 [BENCHMARK] 1654769245490,CSR
glCanvas.js:1127 [BENCHMARK] 1654769245492,CSR
glCanvas.js:1127 [BENCHMARK] 1654769245501,CSR
glCanvas.js:1127 [BENCHMARK] 1654769245501,CSR
glCanvas.js:1127 [BENCHMARK] 1654769245513,CSR
glCanvas.js:1127 [BENCHMARK] 1654769245514,CSR
glCanvas.js:1127 [BENCHMARK] 1654769245525,CSR
glCanvas.js:1127 [BENCHMARK] 1654769245527,CSR
glCanvas.js:1127 [BENCHMARK] 1654769245538,CSR
glCanvas.js:1127 [BENCHMARK] 1654769245539,CSR
glCanvas.js:1127 [BENCHMARK] 1654769245551,CSR
glCanvas.js:1127 [BENCHMARK] 1654769245553,CSR
glCanvas.js:1127 [BENCHMARK] 1654769245564,CSR
glCanvas.js:1127 [BENCHMARK] 1654769245565,CSR
glCanvas.js:1127 [BENCHMARK] 1654769245577,CSR
glCanvas.js:1127 [BENCHMARK] 1654769245578,CSR
glCanvas.js:1127 [BENCHMARK] 1654769245590,CSR
glCanvas.js:1127 [BENCHMARK] 1654769245591,CSR
glCanvas.js:1127 [BENCHMARK] 1654769245608,CSR
glCanvas.js:1127 [BENCHMARK] 1654769245710,CSR
glCanvas.js:1127 [BENCHMARK] 1654769245713,CSR
glCanvas.js:1127 [BENCHMARK] 1654769245841,CSR
glCanvas.js:1127 [BENCHMARK] 1654769246849,CSR
glCanvas.js:1127 [BENCHMARK] 1654769247817,CSR
glCanvas.js:1127 [BENCHMARK] 1654769247820,CSR
glCanvas.js:1127 [BENCHMARK] 1654769248018,CSR
glCanvas.js:1127 [BENCHMARK] 1654769248020,CSR
glCanvas.js:1127 [BENCHMARK] 1654769248220,CSR
glCanvas.js:1127 [BENCHMARK] 1654769248222,CSR
glCanvas.js:1127 [BENCHMARK] 1654769248473,CSR
glCanvas.js:1127 [BENCHMARK] 1654769249481,CSR
glCanvas.js:1127 [BENCHMARK] 1654769251430,CSR
glCanvas.js:1127 [BENCHMARK] 1654769251529,CSR
glCanvas.js:1127 [BENCHMARK] 1654769251632,CSR
glCanvas.js:1127 [BENCHMARK] 1654769251734,CSR
glCanvas.js:1127 [BENCHMARK] 1654769251835,CSR
glCanvas.js:1127 [BENCHMARK] 1654769252089,CSR
glCanvas.js:1127 [BENCHMARK] 1654769252145,CSR
glCanvas.js:1127 [BENCHMARK] 1654769252247,CSR
glCanvas.js:1127 [BENCHMARK] 1654769252349,CSR
glCanvas.js:1127 [BENCHMARK] 1654769252451,CSR
glCanvas.js:1127 [BENCHMARK] 1654769252552,CSR
glCanvas.js:1127 [BENCHMARK] 1654769252654,CSR
glCanvas.js:1127 [BENCHMARK] 1654769252756,CSR
glCanvas.js:1127 [BENCHMARK] 1654769252858,CSR
glCanvas.js:1127 [BENCHMARK] 1654769252960,CSR
glCanvas.js:1127 [BENCHMARK] 1654769253062,CSR
glCanvas.js:1127 [BENCHMARK] 1654769253313,CSR
glCanvas.js:1127 [BENCHMARK] 1654769253372,CSR
glCanvas.js:1127 [BENCHMARK] 1654769253444,CSR
glCanvas.js:1127 [BENCHMARK] 1654769253515,CSR
glCanvas.js:1127 [BENCHMARK] 1654769253587,CSR
glCanvas.js:1127 [BENCHMARK] 1654769253659,CSR
glCanvas.js:1127 [BENCHMARK] 1654769253731,CSR
glCanvas.js:1127 [BENCHMARK] 1654769253802,CSR
glCanvas.js:1127 [BENCHMARK] 1654769253874,CSR
glCanvas.js:1127 [BENCHMARK] 1654769253946,CSR
glCanvas.js:1127 [BENCHMARK] 1654769254018,CSR
glCanvas.js:1127 [BENCHMARK] 1654769254273,CSR
glCanvas.js:1127 [BENCHMARK] 1654769255281,CSR
glCanvas.js:1127 [BENCHMARK] 1654769256102,CSR
glCanvas.js:1127 [BENCHMARK] 1654769256200,CSR
glCanvas.js:1127 [BENCHMARK] 1654769256204,CSR
glCanvas.js:1127 [BENCHMARK] 1654769257306,CSR
glCanvas.js:1127 [BENCHMARK] 1654769257308,CSR
glCanvas.js:1127 [BENCHMARK] 1654769257335,CSR
glCanvas.js:1127 [BENCHMARK] 1654769257337,CSR
glCanvas.js:1127 [BENCHMARK] 1654769257366,CSR
glCanvas.js:1127 [BENCHMARK] 1654769257367,CSR
glCanvas.js:1127 [BENCHMARK] 1654769257397,CSR
glCanvas.js:1127 [BENCHMARK] 1654769257398,CSR
glCanvas.js:1127 [BENCHMARK] 1654769257430,CSR
glCanvas.js:1127 [BENCHMARK] 1654769257432,CSR
glCanvas.js:1127 [BENCHMARK] 1654769257461,CSR
glCanvas.js:1127 [BENCHMARK] 1654769257463,CSR
glCanvas.js:1127 [BENCHMARK] 1654769257493,CSR
glCanvas.js:1127 [BENCHMARK] 1654769257495,CSR
glCanvas.js:1127 [BENCHMARK] 1654769257524,CSR
glCanvas.js:1127 [BENCHMARK] 1654769257526,CSR
glCanvas.js:1127 [BENCHMARK] 1654769257556,CSR
glCanvas.js:1127 [BENCHMARK] 1654769257558,CSR
glCanvas.js:1127 [BENCHMARK] 1654769257587,CSR
glCanvas.js:1127 [BENCHMARK] 1654769257589,CSR
glCanvas.js:1127 [BENCHMARK] 1654769257828,CSR
glCanvas.js:1127 [BENCHMARK] 1654769257830,CSR
glCanvas.js:1127 [BENCHMARK] 1654769257859,CSR
glCanvas.js:1127 [BENCHMARK] 1654769257861,CSR
glCanvas.js:1127 [BENCHMARK] 1654769257891,CSR
glCanvas.js:1127 [BENCHMARK] 1654769257893,CSR
glCanvas.js:1127 [BENCHMARK] 1654769257922,CSR
glCanvas.js:1127 [BENCHMARK] 1654769257924,CSR
glCanvas.js:1127 [BENCHMARK] 1654769257954,CSR
glCanvas.js:1127 [BENCHMARK] 1654769257956,CSR
glCanvas.js:1127 [BENCHMARK] 1654769257986,CSR
glCanvas.js:1127 [BENCHMARK] 1654769257988,CSR
glCanvas.js:1127 [BENCHMARK] 1654769258017,CSR
glCanvas.js:1127 [BENCHMARK] 1654769258019,CSR
glCanvas.js:1127 [BENCHMARK] 1654769258049,CSR
glCanvas.js:1127 [BENCHMARK] 1654769258051,CSR
glCanvas.js:1127 [BENCHMARK] 1654769258080,CSR
glCanvas.js:1127 [BENCHMARK] 1654769258082,CSR
glCanvas.js:1127 [BENCHMARK] 1654769258111,CSR
glCanvas.js:1127 [BENCHMARK] 1654769258113,CSR
glCanvas.js:1127 [BENCHMARK] 1654769258352,CSR
glCanvas.js:1127 [BENCHMARK] 1654769258354,CSR
glCanvas.js:1127 [BENCHMARK] 1654769258383,CSR
glCanvas.js:1127 [BENCHMARK] 1654769258385,CSR
glCanvas.js:1127 [BENCHMARK] 1654769258415,CSR
glCanvas.js:1127 [BENCHMARK] 1654769258417,CSR
glCanvas.js:1127 [BENCHMARK] 1654769258446,CSR
glCanvas.js:1127 [BENCHMARK] 1654769258449,CSR
glCanvas.js:1127 [BENCHMARK] 1654769258477,CSR
glCanvas.js:1127 [BENCHMARK] 1654769258480,CSR
glCanvas.js:1127 [BENCHMARK] 1654769258509,CSR
glCanvas.js:1127 [BENCHMARK] 1654769258511,CSR
glCanvas.js:1127 [BENCHMARK] 1654769258539,CSR
glCanvas.js:1127 [BENCHMARK] 1654769258541,CSR
glCanvas.js:1127 [BENCHMARK] 1654769258572,CSR
glCanvas.js:1127 [BENCHMARK] 1654769258574,CSR
glCanvas.js:1127 [BENCHMARK] 1654769258603,CSR
glCanvas.js:1127 [BENCHMARK] 1654769258606,CSR
glCanvas.js:1127 [BENCHMARK] 1654769258635,CSR
glCanvas.js:1127 [BENCHMARK] 1654769258637,CSR
glCanvas.js:1127 [BENCHMARK] 1654769258889,CSR
glCanvas.js:1127 [BENCHMARK] 1654769259897,CSR
