glCanvas.js:1107 [BENCHMARK] 1654765519755,X
glCanvas.js:1107 [BENCHMARK] 1654765519761,X
glCanvas.js:1107 [BENCHMARK] 1654765519764,X
glCanvas.js:1107 [BENCHMARK] 1654765520026,X
glCanvas.js:1107 [BENCHMARK] 1654765520250,X
glCanvas.js:1107 [BENCHMARK] 1654765520399,X
glCanvas.js:1107 [BENCHMARK] 1654765520401,X
glCanvas.js:1107 [BENCHMARK] 1654765520405,X
glCanvas.js:1107 [BENCHMARK] 1654765520407,X
glCanvas.js:1107 [BENCHMARK] 1654765520410,X
glCanvas.js:1107 [BENCHMARK] 1654765520412,X
glCanvas.js:1127 [BENCHMARK] 1654765520422,SSR
manager.js:159 [BENCHMARK] 1654765521030,firstRender
glCanvas.js:1127 [BENCHMARK] 1654765521046,SSR
glCanvas.js:1127 [BENCHMARK] 1654765521052,CSR
glCanvas.js:1127 [BENCHMARK] 1654765521059,CSR
glCanvas.js:1127 [BENCHMARK] 1654765521112,CSR
glCanvas.js:1127 [BENCHMARK] 1654765521116,CSR
glCanvas.js:1127 [BENCHMARK] 1654765521122,CSR
glCanvas.js:1127 [BENCHMARK] 1654765521125,CSR
glCanvas.js:1127 [BENCHMARK] 1654765521128,CSR
glCanvas.js:1127 [BENCHMARK] 1654765521141,CSR
glCanvas.js:1127 [BENCHMARK] 1654765521156,CSR
glCanvas.js:1127 [BENCHMARK] 1654765521183,CSR
glCanvas.js:1127 [BENCHMARK] 1654765521189,CSR
glCanvas.js:1127 [BENCHMARK] 1654765521200,CSR
glCanvas.js:1127 [BENCHMARK] 1654765521229,CSR
glCanvas.js:1127 [BENCHMARK] 1654765521348,CSR
glCanvas.js:1127 [BENCHMARK] 1654765521694,CSR
glCanvas.js:1127 [BENCHMARK] 1654765521739,CSR
glCanvas.js:1127 [BENCHMARK] 1654765521770,CSR
glCanvas.js:1127 [BENCHMARK] 1654765521798,CSR
glCanvas.js:1127 [BENCHMARK] 1654765522582,CSR
glCanvas.js:1127 [BENCHMARK] 1654765522585,CSR
glCanvas.js:1127 [BENCHMARK] 1654765522588,CSR
glCanvas.js:1127 [BENCHMARK] 1654765522604,CSR
glCanvas.js:1127 [BENCHMARK] 1654765522607,CSR
glCanvas.js:1127 [BENCHMARK] 1654765522780,CSR
glCanvas.js:1127 [BENCHMARK] 1654765522819,CSR
glCanvas.js:1127 [BENCHMARK] 1654765522853,CSR
glCanvas.js:1127 [BENCHMARK] 1654765522879,CSR
glCanvas.js:1127 [BENCHMARK] 1654765522987,CSR
glCanvas.js:1127 [BENCHMARK] 1654765523035,CSR
glCanvas.js:1127 [BENCHMARK] 1654765523063,CSR
glCanvas.js:1127 [BENCHMARK] 1654765523205,CSR
glCanvas.js:1127 [BENCHMARK] 1654765523226,CSR
glCanvas.js:1127 [BENCHMARK] 1654765523234,CSR
glCanvas.js:1127 [BENCHMARK] 1654765523263,CSR
glCanvas.js:1127 [BENCHMARK] 1654765523328,CSR
glCanvas.js:1107 [BENCHMARK] 1654765523332,X
glCanvas.js:1107 [BENCHMARK] 1654765523428,X
glCanvas.js:1107 [BENCHMARK] 1654765523468,X
glCanvas.js:1107 [BENCHMARK] 1654765523497,X
glCanvas.js:1107 [BENCHMARK] 1654765523521,X
glCanvas.js:1107 [BENCHMARK] 1654765523553,X
glCanvas.js:1127 [BENCHMARK] 1654765523712,SSR
glCanvas.js:1127 [BENCHMARK] 1654765523744,SSR
glCanvas.js:1127 [BENCHMARK] 1654765523767,CSR
glCanvas.js:1127 [BENCHMARK] 1654765523816,CSR
glCanvas.js:1127 [BENCHMARK] 1654765523837,CSR
glCanvas.js:1127 [BENCHMARK] 1654765523957,CSR
glCanvas.js:1127 [BENCHMARK] 1654765523980,CSR
glCanvas.js:1127 [BENCHMARK] 1654765523998,CSR
glCanvas.js:1127 [BENCHMARK] 1654765524020,CSR
glCanvas.js:1127 [BENCHMARK] 1654765524044,CSR
glCanvas.js:1127 [BENCHMARK] 1654765524067,CSR
glCanvas.js:1127 [BENCHMARK] 1654765524087,CSR
glCanvas.js:1127 [BENCHMARK] 1654765524186,CSR
glCanvas.js:1127 [BENCHMARK] 1654765524209,CSR
glCanvas.js:1127 [BENCHMARK] 1654765524232,CSR
glCanvas.js:1127 [BENCHMARK] 1654765524256,CSR
glCanvas.js:1127 [BENCHMARK] 1654765524302,CSR
glCanvas.js:1127 [BENCHMARK] 1654765524325,CSR
glCanvas.js:1127 [BENCHMARK] 1654765524347,CSR
glCanvas.js:1127 [BENCHMARK] 1654765524416,CSR
glCanvas.js:1127 [BENCHMARK] 1654765524438,CSR
glCanvas.js:1127 [BENCHMARK] 1654765524461,CSR
glCanvas.js:1127 [BENCHMARK] 1654765524670,CSR
glCanvas.js:1127 [BENCHMARK] 1654765524717,CSR
glCanvas.js:1127 [BENCHMARK] 1654765524737,CSR
glCanvas.js:1127 [BENCHMARK] 1654765524884,CSR
glCanvas.js:1127 [BENCHMARK] 1654765524921,CSR
glCanvas.js:1127 [BENCHMARK] 1654765524970,CSR
glCanvas.js:1127 [BENCHMARK] 1654765525038,CSR
glCanvas.js:1127 [BENCHMARK] 1654765525092,CSR
glCanvas.js:1127 [BENCHMARK] 1654765525112,CSR
glCanvas.js:1127 [BENCHMARK] 1654765525205,CSR
glCanvas.js:1127 [BENCHMARK] 1654765525233,CSR
glCanvas.js:1127 [BENCHMARK] 1654765525282,CSR
glCanvas.js:1127 [BENCHMARK] 1654765525304,CSR
glCanvas.js:1127 [BENCHMARK] 1654765525326,CSR
glCanvas.js:1127 [BENCHMARK] 1654765525348,CSR
glCanvas.js:1127 [BENCHMARK] 1654765525369,CSR
glCanvas.js:1127 [BENCHMARK] 1654765525390,CSR
glCanvas.js:1127 [BENCHMARK] 1654765525431,CSR
glCanvas.js:1127 [BENCHMARK] 1654765525444,CSR
glCanvas.js:1127 [BENCHMARK] 1654765525445,CSR
glCanvas.js:1127 [BENCHMARK] 1654765525473,CSR
glCanvas.js:1127 [BENCHMARK] 1654765525478,CSR
glCanvas.js:1127 [BENCHMARK] 1654765525479,CSR
glCanvas.js:1127 [BENCHMARK] 1654765525498,CSR
glCanvas.js:1127 [BENCHMARK] 1654765525510,CSR
glCanvas.js:1127 [BENCHMARK] 1654765525511,CSR
glCanvas.js:1127 [BENCHMARK] 1654765525541,CSR
glCanvas.js:1127 [BENCHMARK] 1654765525542,CSR
glCanvas.js:1127 [BENCHMARK] 1654765525572,CSR
glCanvas.js:1127 [BENCHMARK] 1654765525573,CSR
glCanvas.js:1127 [BENCHMARK] 1654765525602,CSR
glCanvas.js:1127 [BENCHMARK] 1654765525604,CSR
glCanvas.js:1127 [BENCHMARK] 1654765525612,CSR
glCanvas.js:1127 [BENCHMARK] 1654765525633,CSR
glCanvas.js:1127 [BENCHMARK] 1654765525635,CSR
glCanvas.js:1127 [BENCHMARK] 1654765525664,CSR
glCanvas.js:1127 [BENCHMARK] 1654765525665,CSR
glCanvas.js:1127 [BENCHMARK] 1654765525698,CSR
glCanvas.js:1127 [BENCHMARK] 1654765525699,CSR
glCanvas.js:1127 [BENCHMARK] 1654765525725,CSR
glCanvas.js:1127 [BENCHMARK] 1654765525727,CSR
glCanvas.js:1127 [BENCHMARK] 1654765525819,CSR
glCanvas.js:1127 [BENCHMARK] 1654765525855,CSR
glCanvas.js:1127 [BENCHMARK] 1654765525914,CSR
glCanvas.js:1127 [BENCHMARK] 1654765525960,CSR
glCanvas.js:1127 [BENCHMARK] 1654765525961,CSR
glCanvas.js:1127 [BENCHMARK] 1654765525990,CSR
glCanvas.js:1127 [BENCHMARK] 1654765525991,CSR
glCanvas.js:1127 [BENCHMARK] 1654765526014,CSR
glCanvas.js:1127 [BENCHMARK] 1654765526023,CSR
glCanvas.js:1127 [BENCHMARK] 1654765526024,CSR
glCanvas.js:1127 [BENCHMARK] 1654765526048,CSR
glCanvas.js:1127 [BENCHMARK] 1654765526053,CSR
glCanvas.js:1127 [BENCHMARK] 1654765526055,CSR
glCanvas.js:1127 [BENCHMARK] 1654765526079,CSR
glCanvas.js:1127 [BENCHMARK] 1654765526085,CSR
glCanvas.js:1127 [BENCHMARK] 1654765526087,CSR
glCanvas.js:1127 [BENCHMARK] 1654765526109,CSR
glCanvas.js:1127 [BENCHMARK] 1654765526115,CSR
glCanvas.js:1127 [BENCHMARK] 1654765526116,CSR
glCanvas.js:1127 [BENCHMARK] 1654765526135,CSR
glCanvas.js:1127 [BENCHMARK] 1654765526145,CSR
glCanvas.js:1127 [BENCHMARK] 1654765526146,CSR
glCanvas.js:1127 [BENCHMARK] 1654765526175,CSR
glCanvas.js:1127 [BENCHMARK] 1654765526177,CSR
glCanvas.js:1127 [BENCHMARK] 1654765526206,CSR
glCanvas.js:1127 [BENCHMARK] 1654765526207,CSR
glCanvas.js:1127 [BENCHMARK] 1654765526237,CSR
glCanvas.js:1127 [BENCHMARK] 1654765526238,CSR
glCanvas.js:1127 [BENCHMARK] 1654765526470,CSR
glCanvas.js:1127 [BENCHMARK] 1654765526472,CSR
glCanvas.js:1127 [BENCHMARK] 1654765526502,CSR
glCanvas.js:1127 [BENCHMARK] 1654765526506,CSR
glCanvas.js:1127 [BENCHMARK] 1654765526534,CSR
glCanvas.js:1127 [BENCHMARK] 1654765526537,CSR
glCanvas.js:1127 [BENCHMARK] 1654765526565,CSR
glCanvas.js:1127 [BENCHMARK] 1654765526568,CSR
glCanvas.js:1107 [BENCHMARK] 1654765526596,X
glCanvas.js:1107 [BENCHMARK] 1654765526599,X
glCanvas.js:1107 [BENCHMARK] 1654765526626,X
glCanvas.js:1107 [BENCHMARK] 1654765526627,X
glCanvas.js:1107 [BENCHMARK] 1654765526657,X
glCanvas.js:1107 [BENCHMARK] 1654765526658,X
glCanvas.js:1107 [BENCHMARK] 1654765526677,X
glCanvas.js:1107 [BENCHMARK] 1654765526687,X
glCanvas.js:1107 [BENCHMARK] 1654765526689,X
glCanvas.js:1107 [BENCHMARK] 1654765526708,X
glCanvas.js:1107 [BENCHMARK] 1654765526718,X
glCanvas.js:1107 [BENCHMARK] 1654765526719,X
glCanvas.js:1107 [BENCHMARK] 1654765526749,X
glCanvas.js:1107 [BENCHMARK] 1654765526750,X
glCanvas.js:1107 [BENCHMARK] 1654765526844,X
glCanvas.js:1107 [BENCHMARK] 1654765526867,X
glCanvas.js:1107 [BENCHMARK] 1654765526889,X
glCanvas.js:1107 [BENCHMARK] 1654765526949,X
glCanvas.js:1107 [BENCHMARK] 1654765527047,X
glCanvas.js:1107 [BENCHMARK] 1654765527137,X
glCanvas.js:1107 [BENCHMARK] 1654765527170,X
glCanvas.js:1107 [BENCHMARK] 1654765527216,X
glCanvas.js:1107 [BENCHMARK] 1654765527240,X
glCanvas.js:1107 [BENCHMARK] 1654765527341,X
glCanvas.js:1107 [BENCHMARK] 1654765527446,X
glCanvas.js:1127 [BENCHMARK] 1654765527506,CSR
glCanvas.js:1127 [BENCHMARK] 1654765527587,CSR
glCanvas.js:1127 [BENCHMARK] 1654765527590,CSR
glCanvas.js:1127 [BENCHMARK] 1654765527623,CSR
glCanvas.js:1127 [BENCHMARK] 1654765527659,CSR
glCanvas.js:1127 [BENCHMARK] 1654765527674,CSR
glCanvas.js:1127 [BENCHMARK] 1654765527698,CSR
glCanvas.js:1127 [BENCHMARK] 1654765527721,CSR
glCanvas.js:1127 [BENCHMARK] 1654765527785,CSR
glCanvas.js:1127 [BENCHMARK] 1654765527795,CSR
glCanvas.js:1127 [BENCHMARK] 1654765527816,CSR
glCanvas.js:1127 [BENCHMARK] 1654765527887,CSR
glCanvas.js:1127 [BENCHMARK] 1654765527988,CSR
glCanvas.js:1127 [BENCHMARK] 1654765528090,CSR
glCanvas.js:1127 [BENCHMARK] 1654765528123,CSR
glCanvas.js:1127 [BENCHMARK] 1654765528143,CSR
glCanvas.js:1127 [BENCHMARK] 1654765528192,CSR
glCanvas.js:1127 [BENCHMARK] 1654765528263,CSR
glCanvas.js:1127 [BENCHMARK] 1654765528293,CSR
glCanvas.js:1127 [BENCHMARK] 1654765528395,CSR
glCanvas.js:1127 [BENCHMARK] 1654765528431,CSR
glCanvas.js:1127 [BENCHMARK] 1654765528560,CSR
glCanvas.js:1127 [BENCHMARK] 1654765528582,CSR
glCanvas.js:1127 [BENCHMARK] 1654765528602,CSR
glCanvas.js:1127 [BENCHMARK] 1654765528626,CSR
glCanvas.js:1127 [BENCHMARK] 1654765528649,CSR
glCanvas.js:1127 [BENCHMARK] 1654765528671,CSR
glCanvas.js:1127 [BENCHMARK] 1654765528748,CSR
glCanvas.js:1127 [BENCHMARK] 1654765528910,CSR
glCanvas.js:1127 [BENCHMARK] 1654765528932,CSR
glCanvas.js:1127 [BENCHMARK] 1654765528953,CSR
glCanvas.js:1127 [BENCHMARK] 1654765528974,CSR
glCanvas.js:1127 [BENCHMARK] 1654765529008,CSR
glCanvas.js:1127 [BENCHMARK] 1654765529098,CSR
glCanvas.js:1127 [BENCHMARK] 1654765529120,CSR
glCanvas.js:1127 [BENCHMARK] 1654765529145,CSR
glCanvas.js:1127 [BENCHMARK] 1654765529172,CSR
glCanvas.js:1127 [BENCHMARK] 1654765529200,CSR
glCanvas.js:1127 [BENCHMARK] 1654765529220,CSR
glCanvas.js:1127 [BENCHMARK] 1654765529307,CSR
glCanvas.js:1127 [BENCHMARK] 1654765529342,CSR
glCanvas.js:1127 [BENCHMARK] 1654765529409,CSR
glCanvas.js:1127 [BENCHMARK] 1654765529436,CSR
glCanvas.js:1127 [BENCHMARK] 1654765529534,CSR
glCanvas.js:1127 [BENCHMARK] 1654765529555,CSR
glCanvas.js:1127 [BENCHMARK] 1654765529637,CSR
glCanvas.js:1127 [BENCHMARK] 1654765529668,CSR
glCanvas.js:1127 [BENCHMARK] 1654765529746,CSR
glCanvas.js:1127 [BENCHMARK] 1654765529830,CSR
glCanvas.js:1127 [BENCHMARK] 1654765529855,CSR
glCanvas.js:1127 [BENCHMARK] 1654765529877,CSR
glCanvas.js:1127 [BENCHMARK] 1654765529898,CSR
glCanvas.js:1127 [BENCHMARK] 1654765529918,CSR
glCanvas.js:1127 [BENCHMARK] 1654765530033,CSR
glCanvas.js:1127 [BENCHMARK] 1654765530070,CSR
glCanvas.js:1127 [BENCHMARK] 1654765530090,CSR
glCanvas.js:1127 [BENCHMARK] 1654765530216,CSR
glCanvas.js:1127 [BENCHMARK] 1654765530242,CSR
glCanvas.js:1127 [BENCHMARK] 1654765530335,CSR
glCanvas.js:1127 [BENCHMARK] 1654765530407,CSR
glCanvas.js:1127 [BENCHMARK] 1654765530474,CSR
glCanvas.js:1127 [BENCHMARK] 1654765530494,CSR
glCanvas.js:1127 [BENCHMARK] 1654765530567,CSR
glCanvas.js:1127 [BENCHMARK] 1654765530689,CSR
glCanvas.js:1127 [BENCHMARK] 1654765530708,CSR
glCanvas.js:1127 [BENCHMARK] 1654765530730,CSR
glCanvas.js:1127 [BENCHMARK] 1654765530769,CSR
glCanvas.js:1127 [BENCHMARK] 1654765530874,CSR
glCanvas.js:1127 [BENCHMARK] 1654765530893,CSR
glCanvas.js:1127 [BENCHMARK] 1654765530920,CSR
glCanvas.js:1127 [BENCHMARK] 1654765530943,CSR
glCanvas.js:1127 [BENCHMARK] 1654765530961,CSR
glCanvas.js:1127 [BENCHMARK] 1654765531049,CSR
glCanvas.js:1127 [BENCHMARK] 1654765531071,CSR
glCanvas.js:1127 [BENCHMARK] 1654765531094,CSR
glCanvas.js:1127 [BENCHMARK] 1654765531139,CSR
glCanvas.js:1127 [BENCHMARK] 1654765531160,CSR
glCanvas.js:1127 [BENCHMARK] 1654765531264,CSR
glCanvas.js:1127 [BENCHMARK] 1654765531285,CSR
glCanvas.js:1127 [BENCHMARK] 1654765531352,CSR
glCanvas.js:1127 [BENCHMARK] 1654765531373,CSR
glCanvas.js:1127 [BENCHMARK] 1654765531415,CSR
glCanvas.js:1127 [BENCHMARK] 1654765531435,CSR
glCanvas.js:1127 [BENCHMARK] 1654765531467,CSR
glCanvas.js:1127 [BENCHMARK] 1654765531488,CSR
glCanvas.js:1127 [BENCHMARK] 1654765531499,CSR
glCanvas.js:1127 [BENCHMARK] 1654765531500,CSR
glCanvas.js:1127 [BENCHMARK] 1654765531509,CSR
glCanvas.js:1127 [BENCHMARK] 1654765531594,CSR
glCanvas.js:1127 [BENCHMARK] 1654765531699,CSR
glCanvas.js:1127 [BENCHMARK] 1654765531700,CSR
glCanvas.js:1127 [BENCHMARK] 1654765531721,CSR
glCanvas.js:1127 [BENCHMARK] 1654765531744,CSR
glCanvas.js:1127 [BENCHMARK] 1654765531777,CSR
glCanvas.js:1127 [BENCHMARK] 1654765531811,CSR
glCanvas.js:1127 [BENCHMARK] 1654765531830,CSR
glCanvas.js:1127 [BENCHMARK] 1654765531849,CSR
glCanvas.js:1127 [BENCHMARK] 1654765531869,CSR
glCanvas.js:1127 [BENCHMARK] 1654765531894,CSR
glCanvas.js:1127 [BENCHMARK] 1654765531900,CSR
glCanvas.js:1127 [BENCHMARK] 1654765531901,CSR
glCanvas.js:1127 [BENCHMARK] 1654765531928,CSR
glCanvas.js:1127 [BENCHMARK] 1654765531993,CSR
glCanvas.js:1127 [BENCHMARK] 1654765532087,CSR
glCanvas.js:1127 [BENCHMARK] 1654765532101,CSR
glCanvas.js:1127 [BENCHMARK] 1654765532102,CSR
glCanvas.js:1127 [BENCHMARK] 1654765532137,CSR
glCanvas.js:1127 [BENCHMARK] 1654765532227,CSR
glCanvas.js:1127 [BENCHMARK] 1654765532301,CSR
glCanvas.js:1127 [BENCHMARK] 1654765532302,CSR
glCanvas.js:1127 [BENCHMARK] 1654765532326,CSR
glCanvas.js:1127 [BENCHMARK] 1654765532345,CSR
glCanvas.js:1127 [BENCHMARK] 1654765532378,CSR
glCanvas.js:1127 [BENCHMARK] 1654765532436,CSR
glCanvas.js:1127 [BENCHMARK] 1654765532587,CSR
glCanvas.js:1127 [BENCHMARK] 1654765532628,CSR
glCanvas.js:1127 [BENCHMARK] 1654765532722,CSR
glCanvas.js:1127 [BENCHMARK] 1654765532769,CSR
glCanvas.js:1127 [BENCHMARK] 1654765532925,CSR
glCanvas.js:1127 [BENCHMARK] 1654765533006,CSR
glCanvas.js:1127 [BENCHMARK] 1654765533025,CSR
glCanvas.js:1127 [BENCHMARK] 1654765533057,CSR
glCanvas.js:1127 [BENCHMARK] 1654765533090,CSR
glCanvas.js:1127 [BENCHMARK] 1654765533109,CSR
glCanvas.js:1127 [BENCHMARK] 1654765533253,CSR
glCanvas.js:1127 [BENCHMARK] 1654765533289,CSR
glCanvas.js:1127 [BENCHMARK] 1654765533323,CSR
glCanvas.js:1127 [BENCHMARK] 1654765533374,CSR
glCanvas.js:1127 [BENCHMARK] 1654765533406,CSR
glCanvas.js:1127 [BENCHMARK] 1654765533460,CSR
glCanvas.js:1127 [BENCHMARK] 1654765533500,CSR
glCanvas.js:1127 [BENCHMARK] 1654765533538,CSR
glCanvas.js:1127 [BENCHMARK] 1654765533577,CSR
glCanvas.js:1127 [BENCHMARK] 1654765533629,CSR
glCanvas.js:1127 [BENCHMARK] 1654765533656,CSR
glCanvas.js:1127 [BENCHMARK] 1654765533687,CSR
glCanvas.js:1127 [BENCHMARK] 1654765533719,CSR
glCanvas.js:1127 [BENCHMARK] 1654765533749,CSR
glCanvas.js:1127 [BENCHMARK] 1654765533769,CSR
glCanvas.js:1127 [BENCHMARK] 1654765533791,CSR
glCanvas.js:1127 [BENCHMARK] 1654765533811,CSR
glCanvas.js:1127 [BENCHMARK] 1654765533839,CSR
glCanvas.js:1127 [BENCHMARK] 1654765533859,CSR
glCanvas.js:1127 [BENCHMARK] 1654765533891,CSR
glCanvas.js:1127 [BENCHMARK] 1654765533910,CSR
glCanvas.js:1127 [BENCHMARK] 1654765533941,CSR
glCanvas.js:1127 [BENCHMARK] 1654765533961,CSR
glCanvas.js:1127 [BENCHMARK] 1654765533992,CSR
glCanvas.js:1127 [BENCHMARK] 1654765534021,CSR
glCanvas.js:1127 [BENCHMARK] 1654765534055,CSR
glCanvas.js:1127 [BENCHMARK] 1654765534086,CSR
glCanvas.js:1127 [BENCHMARK] 1654765534169,CSR
glCanvas.js:1127 [BENCHMARK] 1654765534205,CSR
glCanvas.js:1127 [BENCHMARK] 1654765534246,CSR
glCanvas.js:1127 [BENCHMARK] 1654765534275,CSR
glCanvas.js:1127 [BENCHMARK] 1654765534354,CSR
glCanvas.js:1127 [BENCHMARK] 1654765534398,CSR
glCanvas.js:1127 [BENCHMARK] 1654765534430,CSR
glCanvas.js:1127 [BENCHMARK] 1654765534450,CSR
glCanvas.js:1127 [BENCHMARK] 1654765534523,CSR
glCanvas.js:1127 [BENCHMARK] 1654765534554,CSR
glCanvas.js:1127 [BENCHMARK] 1654765534587,CSR
glCanvas.js:1127 [BENCHMARK] 1654765534605,CSR
glCanvas.js:1127 [BENCHMARK] 1654765534636,CSR
glCanvas.js:1127 [BENCHMARK] 1654765534657,CSR
glCanvas.js:1127 [BENCHMARK] 1654765534688,CSR
glCanvas.js:1127 [BENCHMARK] 1654765534719,CSR
glCanvas.js:1127 [BENCHMARK] 1654765534740,CSR
glCanvas.js:1127 [BENCHMARK] 1654765534763,CSR
glCanvas.js:1127 [BENCHMARK] 1654765534783,CSR
glCanvas.js:1127 [BENCHMARK] 1654765534813,CSR
glCanvas.js:1127 [BENCHMARK] 1654765534890,CSR
glCanvas.js:1127 [BENCHMARK] 1654765534924,CSR
glCanvas.js:1127 [BENCHMARK] 1654765534998,CSR
glCanvas.js:1127 [BENCHMARK] 1654765535039,CSR
glCanvas.js:1127 [BENCHMARK] 1654765535092,CSR
glCanvas.js:1127 [BENCHMARK] 1654765535168,CSR
glCanvas.js:1127 [BENCHMARK] 1654765535251,CSR
glCanvas.js:1127 [BENCHMARK] 1654765535439,CSR
glCanvas.js:1127 [BENCHMARK] 1654765535591,CSR
glCanvas.js:1127 [BENCHMARK] 1654765535621,CSR
glCanvas.js:1127 [BENCHMARK] 1654765535735,CSR
glCanvas.js:1127 [BENCHMARK] 1654765535762,CSR
glCanvas.js:1127 [BENCHMARK] 1654765535772,CSR
glCanvas.js:1127 [BENCHMARK] 1654765535813,CSR
glCanvas.js:1127 [BENCHMARK] 1654765535985,CSR
glCanvas.js:1127 [BENCHMARK] 1654765536004,CSR
glCanvas.js:1127 [BENCHMARK] 1654765536017,CSR
glCanvas.js:1127 [BENCHMARK] 1654765536116,CSR
glCanvas.js:1127 [BENCHMARK] 1654765536182,CSR
glCanvas.js:1127 [BENCHMARK] 1654765536201,CSR
glCanvas.js:1127 [BENCHMARK] 1654765536220,CSR
glCanvas.js:1127 [BENCHMARK] 1654765536253,CSR
filmbox2.js:1537 [BENCHMARK] 1654765536254,fullLoad
glCanvas.js:1127 [BENCHMARK] 1654765536523,CSR
glCanvas.js:1127 [BENCHMARK] 1654765536614,CSR
glCanvas.js:1127 [BENCHMARK] 1654765536617,CSR
glCanvas.js:1127 [BENCHMARK] 1654765537718,CSR
glCanvas.js:1127 [BENCHMARK] 1654765537721,CSR
glCanvas.js:1127 [BENCHMARK] 1654765537790,CSR
glCanvas.js:1127 [BENCHMARK] 1654765537792,CSR
glCanvas.js:1127 [BENCHMARK] 1654765537862,CSR
glCanvas.js:1127 [BENCHMARK] 1654765537864,CSR
glCanvas.js:1127 [BENCHMARK] 1654765537934,CSR
glCanvas.js:1127 [BENCHMARK] 1654765537936,CSR
glCanvas.js:1127 [BENCHMARK] 1654765538006,CSR
glCanvas.js:1127 [BENCHMARK] 1654765538008,CSR
glCanvas.js:1127 [BENCHMARK] 1654765538077,CSR
glCanvas.js:1127 [BENCHMARK] 1654765538080,CSR
glCanvas.js:1127 [BENCHMARK] 1654765538150,CSR
glCanvas.js:1127 [BENCHMARK] 1654765538153,CSR
glCanvas.js:1127 [BENCHMARK] 1654765540228,CSR
glCanvas.js:1127 [BENCHMARK] 1654765540231,CSR
glCanvas.js:1127 [BENCHMARK] 1654765540300,CSR
glCanvas.js:1127 [BENCHMARK] 1654765540303,CSR
glCanvas.js:1127 [BENCHMARK] 1654765540371,CSR
glCanvas.js:1127 [BENCHMARK] 1654765540374,CSR
glCanvas.js:1127 [BENCHMARK] 1654765540443,CSR
glCanvas.js:1127 [BENCHMARK] 1654765540446,CSR
glCanvas.js:1127 [BENCHMARK] 1654765540515,CSR
glCanvas.js:1127 [BENCHMARK] 1654765540519,CSR
glCanvas.js:1127 [BENCHMARK] 1654765540585,CSR
glCanvas.js:1127 [BENCHMARK] 1654765540587,CSR
glCanvas.js:1127 [BENCHMARK] 1654765540656,CSR
glCanvas.js:1127 [BENCHMARK] 1654765540657,CSR
glCanvas.js:1127 [BENCHMARK] 1654765540728,CSR
glCanvas.js:1127 [BENCHMARK] 1654765540729,CSR
glCanvas.js:1127 [BENCHMARK] 1654765540800,CSR
glCanvas.js:1127 [BENCHMARK] 1654765540802,CSR
glCanvas.js:1127 [BENCHMARK] 1654765540871,CSR
glCanvas.js:1127 [BENCHMARK] 1654765540873,CSR
glCanvas.js:1127 [BENCHMARK] 1654765541151,CSR
glCanvas.js:1127 [BENCHMARK] 1654765541155,CSR
glCanvas.js:1127 [BENCHMARK] 1654765541183,CSR
glCanvas.js:1127 [BENCHMARK] 1654765541186,CSR
glCanvas.js:1127 [BENCHMARK] 1654765541214,CSR
glCanvas.js:1127 [BENCHMARK] 1654765541217,CSR
glCanvas.js:1127 [BENCHMARK] 1654765541245,CSR
glCanvas.js:1127 [BENCHMARK] 1654765541246,CSR
glCanvas.js:1127 [BENCHMARK] 1654765541277,CSR
glCanvas.js:1127 [BENCHMARK] 1654765541280,CSR
glCanvas.js:1127 [BENCHMARK] 1654765541309,CSR
glCanvas.js:1127 [BENCHMARK] 1654765541311,CSR
glCanvas.js:1127 [BENCHMARK] 1654765541340,CSR
glCanvas.js:1127 [BENCHMARK] 1654765541343,CSR
glCanvas.js:1127 [BENCHMARK] 1654765541372,CSR
glCanvas.js:1127 [BENCHMARK] 1654765541374,CSR
glCanvas.js:1127 [BENCHMARK] 1654765541404,CSR
glCanvas.js:1127 [BENCHMARK] 1654765541406,CSR
glCanvas.js:1127 [BENCHMARK] 1654765541435,CSR
glCanvas.js:1127 [BENCHMARK] 1654765541437,CSR
glCanvas.js:1127 [BENCHMARK] 1654765541675,CSR
glCanvas.js:1127 [BENCHMARK] 1654765541677,CSR
glCanvas.js:1127 [BENCHMARK] 1654765541706,CSR
glCanvas.js:1127 [BENCHMARK] 1654765541708,CSR
glCanvas.js:1127 [BENCHMARK] 1654765541737,CSR
glCanvas.js:1127 [BENCHMARK] 1654765541740,CSR
glCanvas.js:1127 [BENCHMARK] 1654765541769,CSR
glCanvas.js:1127 [BENCHMARK] 1654765541771,CSR
glCanvas.js:1127 [BENCHMARK] 1654765541800,CSR
glCanvas.js:1127 [BENCHMARK] 1654765541803,CSR
glCanvas.js:1127 [BENCHMARK] 1654765541832,CSR
glCanvas.js:1127 [BENCHMARK] 1654765541834,CSR
glCanvas.js:1127 [BENCHMARK] 1654765541863,CSR
glCanvas.js:1127 [BENCHMARK] 1654765541865,CSR
glCanvas.js:1127 [BENCHMARK] 1654765541895,CSR
glCanvas.js:1127 [BENCHMARK] 1654765541897,CSR
glCanvas.js:1127 [BENCHMARK] 1654765541926,CSR
glCanvas.js:1127 [BENCHMARK] 1654765541928,CSR
glCanvas.js:1127 [BENCHMARK] 1654765541957,CSR
glCanvas.js:1127 [BENCHMARK] 1654765541960,CSR
glCanvas.js:1127 [BENCHMARK] 1654765546998,CSR
glCanvas.js:1127 [BENCHMARK] 1654765547199,CSR
glCanvas.js:1127 [BENCHMARK] 1654765547401,CSR
glCanvas.js:1127 [BENCHMARK] 1654765547603,CSR
glCanvas.js:1127 [BENCHMARK] 1654765547804,CSR
glCanvas.js:1127 [BENCHMARK] 1654765551015,CSR
glCanvas.js:1127 [BENCHMARK] 1654765551087,CSR
glCanvas.js:1127 [BENCHMARK] 1654765551158,CSR
glCanvas.js:1127 [BENCHMARK] 1654765551230,CSR
glCanvas.js:1127 [BENCHMARK] 1654765551302,CSR
glCanvas.js:1127 [BENCHMARK] 1654765551375,CSR
glCanvas.js:1127 [BENCHMARK] 1654765551447,CSR
glCanvas.js:1127 [BENCHMARK] 1654765551519,CSR
glCanvas.js:1127 [BENCHMARK] 1654765551591,CSR
glCanvas.js:1127 [BENCHMARK] 1654765551662,CSR
glCanvas.js:1127 [BENCHMARK] 1654765551943,CSR
glCanvas.js:1127 [BENCHMARK] 1654765552015,CSR
glCanvas.js:1127 [BENCHMARK] 1654765552087,CSR
glCanvas.js:1127 [BENCHMARK] 1654765552159,CSR
glCanvas.js:1127 [BENCHMARK] 1654765552231,CSR
glCanvas.js:1127 [BENCHMARK] 1654765552303,CSR
glCanvas.js:1127 [BENCHMARK] 1654765552375,CSR
glCanvas.js:1127 [BENCHMARK] 1654765552447,CSR
glCanvas.js:1127 [BENCHMARK] 1654765552517,CSR
glCanvas.js:1127 [BENCHMARK] 1654765552589,CSR
glCanvas.js:1127 [BENCHMARK] 1654765552671,CSR
glCanvas.js:1127 [BENCHMARK] 1654765552769,CSR
glCanvas.js:1127 [BENCHMARK] 1654765552772,CSR
glCanvas.js:1127 [BENCHMARK] 1654765554875,CSR
glCanvas.js:1127 [BENCHMARK] 1654765555077,CSR
glCanvas.js:1127 [BENCHMARK] 1654765555279,CSR
glCanvas.js:1127 [BENCHMARK] 1654765557489,CSR
glCanvas.js:1127 [BENCHMARK] 1654765557591,CSR
glCanvas.js:1127 [BENCHMARK] 1654765557693,CSR
glCanvas.js:1127 [BENCHMARK] 1654765557795,CSR
glCanvas.js:1127 [BENCHMARK] 1654765557897,CSR
glCanvas.js:1127 [BENCHMARK] 1654765560007,CSR
glCanvas.js:1127 [BENCHMARK] 1654765560038,CSR
glCanvas.js:1127 [BENCHMARK] 1654765560070,CSR
glCanvas.js:1127 [BENCHMARK] 1654765560101,CSR
glCanvas.js:1127 [BENCHMARK] 1654765560133,CSR
glCanvas.js:1127 [BENCHMARK] 1654765560165,CSR
glCanvas.js:1127 [BENCHMARK] 1654765560196,CSR
glCanvas.js:1127 [BENCHMARK] 1654765560227,CSR
glCanvas.js:1127 [BENCHMARK] 1654765560259,CSR
glCanvas.js:1127 [BENCHMARK] 1654765560290,CSR
glCanvas.js:1127 [BENCHMARK] 1654765560530,CSR
glCanvas.js:1127 [BENCHMARK] 1654765560562,CSR
glCanvas.js:1127 [BENCHMARK] 1654765560594,CSR
glCanvas.js:1127 [BENCHMARK] 1654765560625,CSR
glCanvas.js:1127 [BENCHMARK] 1654765560657,CSR
glCanvas.js:1127 [BENCHMARK] 1654765560688,CSR
glCanvas.js:1127 [BENCHMARK] 1654765560720,CSR
glCanvas.js:1127 [BENCHMARK] 1654765560751,CSR
glCanvas.js:1127 [BENCHMARK] 1654765560783,CSR
glCanvas.js:1127 [BENCHMARK] 1654765560815,CSR
glCanvas.js:1127 [BENCHMARK] 1654765561055,CSR
glCanvas.js:1127 [BENCHMARK] 1654765561128,CSR
glCanvas.js:1127 [BENCHMARK] 1654765561199,CSR
glCanvas.js:1127 [BENCHMARK] 1654765561271,CSR
glCanvas.js:1127 [BENCHMARK] 1654765561343,CSR
glCanvas.js:1127 [BENCHMARK] 1654765564426,CSR
glCanvas.js:1127 [BENCHMARK] 1654765564526,CSR
glCanvas.js:1127 [BENCHMARK] 1654765564529,CSR
glCanvas.js:1127 [BENCHMARK] 1654765565632,CSR
glCanvas.js:1127 [BENCHMARK] 1654765565635,CSR
glCanvas.js:1127 [BENCHMARK] 1654765565644,CSR
glCanvas.js:1127 [BENCHMARK] 1654765565647,CSR
glCanvas.js:1127 [BENCHMARK] 1654765565657,CSR
glCanvas.js:1127 [BENCHMARK] 1654765565658,CSR
glCanvas.js:1127 [BENCHMARK] 1654765565669,CSR
glCanvas.js:1127 [BENCHMARK] 1654765565671,CSR
glCanvas.js:1127 [BENCHMARK] 1654765565682,CSR
glCanvas.js:1127 [BENCHMARK] 1654765565683,CSR
glCanvas.js:1127 [BENCHMARK] 1654765565696,CSR
glCanvas.js:1127 [BENCHMARK] 1654765565698,CSR
glCanvas.js:1127 [BENCHMARK] 1654765565708,CSR
glCanvas.js:1127 [BENCHMARK] 1654765565710,CSR
glCanvas.js:1127 [BENCHMARK] 1654765565721,CSR
glCanvas.js:1127 [BENCHMARK] 1654765565722,CSR
glCanvas.js:1127 [BENCHMARK] 1654765565733,CSR
glCanvas.js:1127 [BENCHMARK] 1654765565735,CSR
glCanvas.js:1127 [BENCHMARK] 1654765565746,CSR
glCanvas.js:1127 [BENCHMARK] 1654765565747,CSR
glCanvas.js:1127 [BENCHMARK] 1654765565764,CSR
glCanvas.js:1127 [BENCHMARK] 1654765565866,CSR
glCanvas.js:1127 [BENCHMARK] 1654765565868,CSR
glCanvas.js:1127 [BENCHMARK] 1654765567973,CSR
glCanvas.js:1127 [BENCHMARK] 1654765567975,CSR
glCanvas.js:1127 [BENCHMARK] 1654765568174,CSR
glCanvas.js:1127 [BENCHMARK] 1654765568177,CSR
glCanvas.js:1127 [BENCHMARK] 1654765568377,CSR
glCanvas.js:1127 [BENCHMARK] 1654765568380,CSR
glCanvas.js:1127 [BENCHMARK] 1654765571586,CSR
glCanvas.js:1127 [BENCHMARK] 1654765571688,CSR
glCanvas.js:1127 [BENCHMARK] 1654765571790,CSR
glCanvas.js:1127 [BENCHMARK] 1654765571892,CSR
glCanvas.js:1127 [BENCHMARK] 1654765571994,CSR
glCanvas.js:1127 [BENCHMARK] 1654765572304,CSR
glCanvas.js:1127 [BENCHMARK] 1654765572406,CSR
glCanvas.js:1127 [BENCHMARK] 1654765572508,CSR
glCanvas.js:1127 [BENCHMARK] 1654765572610,CSR
glCanvas.js:1127 [BENCHMARK] 1654765572712,CSR
glCanvas.js:1127 [BENCHMARK] 1654765572814,CSR
glCanvas.js:1127 [BENCHMARK] 1654765572916,CSR
glCanvas.js:1127 [BENCHMARK] 1654765573018,CSR
glCanvas.js:1127 [BENCHMARK] 1654765573120,CSR
glCanvas.js:1127 [BENCHMARK] 1654765573222,CSR
glCanvas.js:1127 [BENCHMARK] 1654765573533,CSR
glCanvas.js:1127 [BENCHMARK] 1654765573605,CSR
glCanvas.js:1127 [BENCHMARK] 1654765573675,CSR
glCanvas.js:1127 [BENCHMARK] 1654765573745,CSR
glCanvas.js:1127 [BENCHMARK] 1654765573817,CSR
glCanvas.js:1127 [BENCHMARK] 1654765573889,CSR
glCanvas.js:1127 [BENCHMARK] 1654765573961,CSR
glCanvas.js:1127 [BENCHMARK] 1654765574033,CSR
glCanvas.js:1127 [BENCHMARK] 1654765574105,CSR
glCanvas.js:1127 [BENCHMARK] 1654765574177,CSR
glCanvas.js:1127 [BENCHMARK] 1654765576260,CSR
glCanvas.js:1127 [BENCHMARK] 1654765576359,CSR
glCanvas.js:1127 [BENCHMARK] 1654765576362,CSR
glCanvas.js:1127 [BENCHMARK] 1654765577464,CSR
glCanvas.js:1127 [BENCHMARK] 1654765577466,CSR
glCanvas.js:1127 [BENCHMARK] 1654765577495,CSR
glCanvas.js:1127 [BENCHMARK] 1654765577497,CSR
glCanvas.js:1127 [BENCHMARK] 1654765577527,CSR
glCanvas.js:1127 [BENCHMARK] 1654765577529,CSR
glCanvas.js:1127 [BENCHMARK] 1654765577558,CSR
glCanvas.js:1127 [BENCHMARK] 1654765577561,CSR
glCanvas.js:1127 [BENCHMARK] 1654765577589,CSR
glCanvas.js:1127 [BENCHMARK] 1654765577592,CSR
glCanvas.js:1127 [BENCHMARK] 1654765577620,CSR
glCanvas.js:1127 [BENCHMARK] 1654765577622,CSR
glCanvas.js:1127 [BENCHMARK] 1654765577651,CSR
glCanvas.js:1127 [BENCHMARK] 1654765577653,CSR
glCanvas.js:1127 [BENCHMARK] 1654765577681,CSR
glCanvas.js:1127 [BENCHMARK] 1654765577682,CSR
glCanvas.js:1127 [BENCHMARK] 1654765577722,CSR
glCanvas.js:1127 [BENCHMARK] 1654765577723,CSR
glCanvas.js:1127 [BENCHMARK] 1654765577754,CSR
glCanvas.js:1127 [BENCHMARK] 1654765577755,CSR
glCanvas.js:1127 [BENCHMARK] 1654765577981,CSR
glCanvas.js:1127 [BENCHMARK] 1654765577983,CSR
glCanvas.js:1127 [BENCHMARK] 1654765578012,CSR
glCanvas.js:1127 [BENCHMARK] 1654765578014,CSR
glCanvas.js:1127 [BENCHMARK] 1654765578044,CSR
glCanvas.js:1127 [BENCHMARK] 1654765578046,CSR
glCanvas.js:1127 [BENCHMARK] 1654765578076,CSR
glCanvas.js:1127 [BENCHMARK] 1654765578078,CSR
glCanvas.js:1127 [BENCHMARK] 1654765578108,CSR
glCanvas.js:1127 [BENCHMARK] 1654765578110,CSR
glCanvas.js:1127 [BENCHMARK] 1654765578139,CSR
glCanvas.js:1127 [BENCHMARK] 1654765578141,CSR
glCanvas.js:1127 [BENCHMARK] 1654765578171,CSR
glCanvas.js:1127 [BENCHMARK] 1654765578173,CSR
glCanvas.js:1127 [BENCHMARK] 1654765578203,CSR
glCanvas.js:1127 [BENCHMARK] 1654765578205,CSR
glCanvas.js:1127 [BENCHMARK] 1654765578235,CSR
glCanvas.js:1127 [BENCHMARK] 1654765578237,CSR
glCanvas.js:1127 [BENCHMARK] 1654765578266,CSR
glCanvas.js:1127 [BENCHMARK] 1654765578268,CSR
glCanvas.js:1127 [BENCHMARK] 1654765578506,CSR
glCanvas.js:1127 [BENCHMARK] 1654765578508,CSR
glCanvas.js:1127 [BENCHMARK] 1654765578538,CSR
glCanvas.js:1127 [BENCHMARK] 1654765578540,CSR
glCanvas.js:1127 [BENCHMARK] 1654765578570,CSR
glCanvas.js:1127 [BENCHMARK] 1654765578572,CSR
glCanvas.js:1127 [BENCHMARK] 1654765578602,CSR
glCanvas.js:1127 [BENCHMARK] 1654765578604,CSR
glCanvas.js:1127 [BENCHMARK] 1654765578632,CSR
glCanvas.js:1127 [BENCHMARK] 1654765578633,CSR
glCanvas.js:1127 [BENCHMARK] 1654765578665,CSR
glCanvas.js:1127 [BENCHMARK] 1654765578667,CSR
glCanvas.js:1127 [BENCHMARK] 1654765578696,CSR
glCanvas.js:1127 [BENCHMARK] 1654765578698,CSR
glCanvas.js:1127 [BENCHMARK] 1654765578727,CSR
glCanvas.js:1127 [BENCHMARK] 1654765578729,CSR
glCanvas.js:1127 [BENCHMARK] 1654765578759,CSR
glCanvas.js:1127 [BENCHMARK] 1654765578761,CSR
glCanvas.js:1127 [BENCHMARK] 1654765578791,CSR
glCanvas.js:1127 [BENCHMARK] 1654765578793,CSR
