glCanvas.js:1107 [BENCHMARK] 1654765598544,X
glCanvas.js:1107 [BENCHMARK] 1654765598550,X
glCanvas.js:1107 [BENCHMARK] 1654765598554,X
glCanvas.js:1107 [BENCHMARK] 1654765598739,X
glCanvas.js:1107 [BENCHMARK] 1654765599066,X
glCanvas.js:1127 [BENCHMARK] 1654765599090,SSR
manager.js:159 [BENCHMARK] 1654765599888,firstRender
glCanvas.js:1127 [BENCHMARK] 1654765599895,SSR
glCanvas.js:1127 [BENCHMARK] 1654765599899,CSR
glCanvas.js:1127 [BENCHMARK] 1654765599904,CSR
glCanvas.js:1127 [BENCHMARK] 1654765599909,CSR
glCanvas.js:1127 [BENCHMARK] 1654765599914,CSR
glCanvas.js:1127 [BENCHMARK] 1654765599941,CSR
glCanvas.js:1127 [BENCHMARK] 1654765599954,CSR
glCanvas.js:1127 [BENCHMARK] 1654765599958,CSR
glCanvas.js:1127 [BENCHMARK] 1654765599967,CSR
glCanvas.js:1127 [BENCHMARK] 1654765599986,CSR
glCanvas.js:1127 [BENCHMARK] 1654765599988,CSR
glCanvas.js:1127 [BENCHMARK] 1654765599991,CSR
glCanvas.js:1127 [BENCHMARK] 1654765599994,CSR
glCanvas.js:1127 [BENCHMARK] 1654765600008,CSR
glCanvas.js:1127 [BENCHMARK] 1654765600023,CSR
glCanvas.js:1127 [BENCHMARK] 1654765600025,CSR
glCanvas.js:1127 [BENCHMARK] 1654765600029,CSR
glCanvas.js:1127 [BENCHMARK] 1654765600031,CSR
glCanvas.js:1127 [BENCHMARK] 1654765600035,CSR
glCanvas.js:1127 [BENCHMARK] 1654765600037,CSR
glCanvas.js:1127 [BENCHMARK] 1654765600150,CSR
glCanvas.js:1127 [BENCHMARK] 1654765600269,CSR
glCanvas.js:1127 [BENCHMARK] 1654765600398,CSR
glCanvas.js:1127 [BENCHMARK] 1654765600500,CSR
glCanvas.js:1127 [BENCHMARK] 1654765600827,CSR
glCanvas.js:1127 [BENCHMARK] 1654765600916,CSR
glCanvas.js:1127 [BENCHMARK] 1654765600949,CSR
glCanvas.js:1127 [BENCHMARK] 1654765600980,CSR
glCanvas.js:1127 [BENCHMARK] 1654765601039,CSR
glCanvas.js:1127 [BENCHMARK] 1654765601095,CSR
glCanvas.js:1127 [BENCHMARK] 1654765601313,CSR
glCanvas.js:1127 [BENCHMARK] 1654765601342,CSR
glCanvas.js:1127 [BENCHMARK] 1654765601426,CSR
glCanvas.js:1127 [BENCHMARK] 1654765601457,CSR
glCanvas.js:1127 [BENCHMARK] 1654765601483,CSR
glCanvas.js:1127 [BENCHMARK] 1654765601851,CSR
glCanvas.js:1127 [BENCHMARK] 1654765601879,CSR
glCanvas.js:1127 [BENCHMARK] 1654765601906,CSR
glCanvas.js:1127 [BENCHMARK] 1654765602082,CSR
glCanvas.js:1127 [BENCHMARK] 1654765602085,CSR
glCanvas.js:1127 [BENCHMARK] 1654765602094,CSR
glCanvas.js:1127 [BENCHMARK] 1654765602107,CSR
glCanvas.js:1127 [BENCHMARK] 1654765602169,CSR
glCanvas.js:1127 [BENCHMARK] 1654765602192,CSR
glCanvas.js:1107 [BENCHMARK] 1654765602194,X
glCanvas.js:1107 [BENCHMARK] 1654765602229,X
glCanvas.js:1107 [BENCHMARK] 1654765602259,X
glCanvas.js:1107 [BENCHMARK] 1654765602460,X
glCanvas.js:1107 [BENCHMARK] 1654765602462,X
glCanvas.js:1107 [BENCHMARK] 1654765602463,X
glCanvas.js:1107 [BENCHMARK] 1654765602526,X
glCanvas.js:1107 [BENCHMARK] 1654765602600,X
glCanvas.js:1107 [BENCHMARK] 1654765602622,X
glCanvas.js:1107 [BENCHMARK] 1654765602718,X
glCanvas.js:1107 [BENCHMARK] 1654765602796,X
glCanvas.js:1107 [BENCHMARK] 1654765602819,X
glCanvas.js:1107 [BENCHMARK] 1654765602842,X
glCanvas.js:1107 [BENCHMARK] 1654765602864,X
glCanvas.js:1107 [BENCHMARK] 1654765602890,X
glCanvas.js:1127 [BENCHMARK] 1654765602912,CSR
glCanvas.js:1127 [BENCHMARK] 1654765602935,CSR
glCanvas.js:1127 [BENCHMARK] 1654765602956,CSR
glCanvas.js:1127 [BENCHMARK] 1654765603048,CSR
glCanvas.js:1127 [BENCHMARK] 1654765603070,CSR
glCanvas.js:1127 [BENCHMARK] 1654765603122,CSR
glCanvas.js:1127 [BENCHMARK] 1654765603148,CSR
glCanvas.js:1127 [BENCHMARK] 1654765603172,CSR
glCanvas.js:1127 [BENCHMARK] 1654765603196,CSR
glCanvas.js:1127 [BENCHMARK] 1654765603218,CSR
glCanvas.js:1127 [BENCHMARK] 1654765603239,CSR
glCanvas.js:1127 [BENCHMARK] 1654765603263,CSR
glCanvas.js:1127 [BENCHMARK] 1654765603286,CSR
glCanvas.js:1127 [BENCHMARK] 1654765603307,CSR
glCanvas.js:1127 [BENCHMARK] 1654765603406,CSR
glCanvas.js:1127 [BENCHMARK] 1654765603429,CSR
glCanvas.js:1127 [BENCHMARK] 1654765603452,CSR
glCanvas.js:1127 [BENCHMARK] 1654765603475,CSR
glCanvas.js:1127 [BENCHMARK] 1654765603498,CSR
glCanvas.js:1127 [BENCHMARK] 1654765603519,CSR
glCanvas.js:1127 [BENCHMARK] 1654765603541,CSR
glCanvas.js:1127 [BENCHMARK] 1654765603562,CSR
glCanvas.js:1127 [BENCHMARK] 1654765603585,CSR
glCanvas.js:1127 [BENCHMARK] 1654765603631,CSR
glCanvas.js:1127 [BENCHMARK] 1654765603668,CSR
glCanvas.js:1127 [BENCHMARK] 1654765603689,CSR
glCanvas.js:1127 [BENCHMARK] 1654765603710,CSR
glCanvas.js:1127 [BENCHMARK] 1654765603770,CSR
glCanvas.js:1127 [BENCHMARK] 1654765603966,CSR
glCanvas.js:1127 [BENCHMARK] 1654765604000,CSR
glCanvas.js:1127 [BENCHMARK] 1654765604020,CSR
glCanvas.js:1127 [BENCHMARK] 1654765604040,CSR
glCanvas.js:1127 [BENCHMARK] 1654765604065,CSR
glCanvas.js:1127 [BENCHMARK] 1654765604138,CSR
glCanvas.js:1127 [BENCHMARK] 1654765604315,CSR
glCanvas.js:1127 [BENCHMARK] 1654765604316,CSR
glCanvas.js:1127 [BENCHMARK] 1654765604352,CSR
glCanvas.js:1127 [BENCHMARK] 1654765604353,CSR
glCanvas.js:1127 [BENCHMARK] 1654765604384,CSR
glCanvas.js:1127 [BENCHMARK] 1654765604385,CSR
glCanvas.js:1127 [BENCHMARK] 1654765604415,CSR
glCanvas.js:1127 [BENCHMARK] 1654765604416,CSR
glCanvas.js:1127 [BENCHMARK] 1654765604446,CSR
glCanvas.js:1127 [BENCHMARK] 1654765604447,CSR
glCanvas.js:1127 [BENCHMARK] 1654765604477,CSR
glCanvas.js:1127 [BENCHMARK] 1654765604478,CSR
glCanvas.js:1127 [BENCHMARK] 1654765604507,CSR
glCanvas.js:1127 [BENCHMARK] 1654765604508,CSR
glCanvas.js:1127 [BENCHMARK] 1654765604538,CSR
glCanvas.js:1127 [BENCHMARK] 1654765604540,CSR
glCanvas.js:1127 [BENCHMARK] 1654765604542,CSR
glCanvas.js:1127 [BENCHMARK] 1654765604569,CSR
glCanvas.js:1127 [BENCHMARK] 1654765604570,CSR
glCanvas.js:1127 [BENCHMARK] 1654765604574,CSR
glCanvas.js:1127 [BENCHMARK] 1654765604600,CSR
glCanvas.js:1127 [BENCHMARK] 1654765604601,CSR
glCanvas.js:1127 [BENCHMARK] 1654765604642,CSR
glCanvas.js:1127 [BENCHMARK] 1654765604655,CSR
glCanvas.js:1127 [BENCHMARK] 1654765604825,CSR
glCanvas.js:1127 [BENCHMARK] 1654765604834,CSR
glCanvas.js:1127 [BENCHMARK] 1654765604835,CSR
glCanvas.js:1127 [BENCHMARK] 1654765604856,CSR
glCanvas.js:1127 [BENCHMARK] 1654765604865,CSR
glCanvas.js:1127 [BENCHMARK] 1654765604866,CSR
glCanvas.js:1127 [BENCHMARK] 1654765604895,CSR
glCanvas.js:1127 [BENCHMARK] 1654765604897,CSR
glCanvas.js:1127 [BENCHMARK] 1654765604926,CSR
glCanvas.js:1127 [BENCHMARK] 1654765604927,CSR
glCanvas.js:1127 [BENCHMARK] 1654765604956,CSR
glCanvas.js:1127 [BENCHMARK] 1654765604957,CSR
glCanvas.js:1127 [BENCHMARK] 1654765604987,CSR
glCanvas.js:1127 [BENCHMARK] 1654765604988,CSR
glCanvas.js:1127 [BENCHMARK] 1654765605010,CSR
glCanvas.js:1127 [BENCHMARK] 1654765605017,CSR
glCanvas.js:1127 [BENCHMARK] 1654765605020,CSR
glCanvas.js:1127 [BENCHMARK] 1654765605021,CSR
glCanvas.js:1127 [BENCHMARK] 1654765605048,CSR
glCanvas.js:1127 [BENCHMARK] 1654765605050,CSR
glCanvas.js:1127 [BENCHMARK] 1654765605057,CSR
glCanvas.js:1127 [BENCHMARK] 1654765605079,CSR
glCanvas.js:1127 [BENCHMARK] 1654765605080,CSR
glCanvas.js:1127 [BENCHMARK] 1654765605099,CSR
glCanvas.js:1127 [BENCHMARK] 1654765605111,CSR
glCanvas.js:1127 [BENCHMARK] 1654765605113,CSR
glCanvas.js:1127 [BENCHMARK] 1654765605273,CSR
glCanvas.js:1127 [BENCHMARK] 1654765605331,CSR
glCanvas.js:1127 [BENCHMARK] 1654765605347,CSR
glCanvas.js:1127 [BENCHMARK] 1654765605348,CSR
glCanvas.js:1127 [BENCHMARK] 1654765605359,CSR
glCanvas.js:1127 [BENCHMARK] 1654765605377,CSR
glCanvas.js:1127 [BENCHMARK] 1654765605379,CSR
glCanvas.js:1127 [BENCHMARK] 1654765605386,CSR
glCanvas.js:1127 [BENCHMARK] 1654765605408,CSR
glCanvas.js:1127 [BENCHMARK] 1654765605409,CSR
glCanvas.js:1127 [BENCHMARK] 1654765605440,CSR
glCanvas.js:1127 [BENCHMARK] 1654765605443,CSR
glCanvas.js:1127 [BENCHMARK] 1654765605471,CSR
glCanvas.js:1127 [BENCHMARK] 1654765605475,CSR
glCanvas.js:1127 [BENCHMARK] 1654765605501,CSR
glCanvas.js:1127 [BENCHMARK] 1654765605503,CSR
glCanvas.js:1127 [BENCHMARK] 1654765605532,CSR
glCanvas.js:1127 [BENCHMARK] 1654765605533,CSR
glCanvas.js:1127 [BENCHMARK] 1654765605562,CSR
glCanvas.js:1127 [BENCHMARK] 1654765605563,CSR
glCanvas.js:1107 [BENCHMARK] 1654765605593,X
glCanvas.js:1107 [BENCHMARK] 1654765605593,X
glCanvas.js:1107 [BENCHMARK] 1654765605623,X
glCanvas.js:1107 [BENCHMARK] 1654765605624,X
glCanvas.js:1107 [BENCHMARK] 1654765606258,X
glCanvas.js:1107 [BENCHMARK] 1654765606279,X
glCanvas.js:1107 [BENCHMARK] 1654765606304,X
glCanvas.js:1127 [BENCHMARK] 1654765606336,CSR
glCanvas.js:1127 [BENCHMARK] 1654765606374,CSR
glCanvas.js:1127 [BENCHMARK] 1654765606406,CSR
glCanvas.js:1127 [BENCHMARK] 1654765606569,CSR
glCanvas.js:1127 [BENCHMARK] 1654765606628,CSR
glCanvas.js:1127 [BENCHMARK] 1654765606657,CSR
glCanvas.js:1127 [BENCHMARK] 1654765606664,CSR
glCanvas.js:1127 [BENCHMARK] 1654765606760,CSR
glCanvas.js:1127 [BENCHMARK] 1654765606802,CSR
glCanvas.js:1127 [BENCHMARK] 1654765606825,CSR
glCanvas.js:1127 [BENCHMARK] 1654765606845,CSR
glCanvas.js:1127 [BENCHMARK] 1654765606860,CSR
glCanvas.js:1127 [BENCHMARK] 1654765606867,CSR
glCanvas.js:1127 [BENCHMARK] 1654765606961,CSR
glCanvas.js:1127 [BENCHMARK] 1654765606971,CSR
glCanvas.js:1127 [BENCHMARK] 1654765607015,CSR
glCanvas.js:1127 [BENCHMARK] 1654765607037,CSR
glCanvas.js:1127 [BENCHMARK] 1654765607061,CSR
glCanvas.js:1127 [BENCHMARK] 1654765607131,CSR
glCanvas.js:1127 [BENCHMARK] 1654765607152,CSR
glCanvas.js:1127 [BENCHMARK] 1654765607167,CSR
glCanvas.js:1127 [BENCHMARK] 1654765607263,CSR
glCanvas.js:1127 [BENCHMARK] 1654765607273,CSR
glCanvas.js:1127 [BENCHMARK] 1654765607378,CSR
glCanvas.js:1127 [BENCHMARK] 1654765607496,CSR
glCanvas.js:1127 [BENCHMARK] 1654765607518,CSR
glCanvas.js:1127 [BENCHMARK] 1654765607552,CSR
glCanvas.js:1127 [BENCHMARK] 1654765607574,CSR
glCanvas.js:1127 [BENCHMARK] 1654765607671,CSR
glCanvas.js:1127 [BENCHMARK] 1654765607805,CSR
glCanvas.js:1127 [BENCHMARK] 1654765607829,CSR
glCanvas.js:1127 [BENCHMARK] 1654765607851,CSR
glCanvas.js:1127 [BENCHMARK] 1654765607891,CSR
glCanvas.js:1127 [BENCHMARK] 1654765607914,CSR
glCanvas.js:1127 [BENCHMARK] 1654765607989,CSR
glCanvas.js:1127 [BENCHMARK] 1654765608063,CSR
glCanvas.js:1127 [BENCHMARK] 1654765608092,CSR
glCanvas.js:1127 [BENCHMARK] 1654765608181,CSR
glCanvas.js:1127 [BENCHMARK] 1654765608298,CSR
glCanvas.js:1127 [BENCHMARK] 1654765608319,CSR
glCanvas.js:1127 [BENCHMARK] 1654765608382,CSR
glCanvas.js:1127 [BENCHMARK] 1654765608405,CSR
glCanvas.js:1127 [BENCHMARK] 1654765608431,CSR
glCanvas.js:1127 [BENCHMARK] 1654765608452,CSR
glCanvas.js:1127 [BENCHMARK] 1654765608478,CSR
glCanvas.js:1127 [BENCHMARK] 1654765608571,CSR
glCanvas.js:1127 [BENCHMARK] 1654765608597,CSR
glCanvas.js:1127 [BENCHMARK] 1654765608618,CSR
glCanvas.js:1127 [BENCHMARK] 1654765608640,CSR
glCanvas.js:1127 [BENCHMARK] 1654765608683,CSR
glCanvas.js:1127 [BENCHMARK] 1654765608705,CSR
glCanvas.js:1127 [BENCHMARK] 1654765608765,CSR
glCanvas.js:1127 [BENCHMARK] 1654765608787,CSR
glCanvas.js:1127 [BENCHMARK] 1654765608876,CSR
glCanvas.js:1127 [BENCHMARK] 1654765608915,CSR
glCanvas.js:1127 [BENCHMARK] 1654765608998,CSR
glCanvas.js:1127 [BENCHMARK] 1654765609019,CSR
glCanvas.js:1127 [BENCHMARK] 1654765609147,CSR
glCanvas.js:1127 [BENCHMARK] 1654765609166,CSR
glCanvas.js:1127 [BENCHMARK] 1654765609351,CSR
glCanvas.js:1127 [BENCHMARK] 1654765609372,CSR
glCanvas.js:1127 [BENCHMARK] 1654765609394,CSR
glCanvas.js:1127 [BENCHMARK] 1654765609415,CSR
glCanvas.js:1127 [BENCHMARK] 1654765609435,CSR
glCanvas.js:1127 [BENCHMARK] 1654765609540,CSR
glCanvas.js:1127 [BENCHMARK] 1654765609565,CSR
glCanvas.js:1127 [BENCHMARK] 1654765609584,CSR
glCanvas.js:1127 [BENCHMARK] 1654765609606,CSR
glCanvas.js:1127 [BENCHMARK] 1654765609628,CSR
glCanvas.js:1127 [BENCHMARK] 1654765609651,CSR
glCanvas.js:1127 [BENCHMARK] 1654765609691,CSR
glCanvas.js:1127 [BENCHMARK] 1654765609766,CSR
glCanvas.js:1127 [BENCHMARK] 1654765609805,CSR
glCanvas.js:1127 [BENCHMARK] 1654765609834,CSR
glCanvas.js:1127 [BENCHMARK] 1654765609858,CSR
glCanvas.js:1127 [BENCHMARK] 1654765609879,CSR
glCanvas.js:1127 [BENCHMARK] 1654765609977,CSR
glCanvas.js:1127 [BENCHMARK] 1654765610023,CSR
glCanvas.js:1127 [BENCHMARK] 1654765610041,CSR
glCanvas.js:1127 [BENCHMARK] 1654765610090,CSR
glCanvas.js:1127 [BENCHMARK] 1654765610124,CSR
glCanvas.js:1127 [BENCHMARK] 1654765610338,CSR
glCanvas.js:1127 [BENCHMARK] 1654765610368,CSR
glCanvas.js:1127 [BENCHMARK] 1654765610369,CSR
glCanvas.js:1127 [BENCHMARK] 1654765610462,CSR
glCanvas.js:1127 [BENCHMARK] 1654765610480,CSR
glCanvas.js:1127 [BENCHMARK] 1654765610527,CSR
glCanvas.js:1127 [BENCHMARK] 1654765610570,CSR
glCanvas.js:1127 [BENCHMARK] 1654765610573,CSR
glCanvas.js:1127 [BENCHMARK] 1654765610607,CSR
glCanvas.js:1127 [BENCHMARK] 1654765610675,CSR
glCanvas.js:1127 [BENCHMARK] 1654765610712,CSR
glCanvas.js:1127 [BENCHMARK] 1654765610769,CSR
glCanvas.js:1127 [BENCHMARK] 1654765610771,CSR
glCanvas.js:1127 [BENCHMARK] 1654765610772,CSR
glCanvas.js:1127 [BENCHMARK] 1654765610788,CSR
glCanvas.js:1127 [BENCHMARK] 1654765610807,CSR
glCanvas.js:1127 [BENCHMARK] 1654765610893,CSR
glCanvas.js:1127 [BENCHMARK] 1654765610971,CSR
glCanvas.js:1127 [BENCHMARK] 1654765610972,CSR
glCanvas.js:1127 [BENCHMARK] 1654765611038,CSR
glCanvas.js:1127 [BENCHMARK] 1654765611132,CSR
glCanvas.js:1127 [BENCHMARK] 1654765611171,CSR
glCanvas.js:1127 [BENCHMARK] 1654765611172,CSR
glCanvas.js:1127 [BENCHMARK] 1654765611388,CSR
glCanvas.js:1127 [BENCHMARK] 1654765611405,CSR
glCanvas.js:1127 [BENCHMARK] 1654765611437,CSR
glCanvas.js:1127 [BENCHMARK] 1654765611472,CSR
glCanvas.js:1127 [BENCHMARK] 1654765611595,CSR
glCanvas.js:1127 [BENCHMARK] 1654765611612,CSR
glCanvas.js:1127 [BENCHMARK] 1654765611672,CSR
glCanvas.js:1127 [BENCHMARK] 1654765611708,CSR
glCanvas.js:1127 [BENCHMARK] 1654765611934,CSR
glCanvas.js:1127 [BENCHMARK] 1654765611968,CSR
glCanvas.js:1127 [BENCHMARK] 1654765612002,CSR
glCanvas.js:1127 [BENCHMARK] 1654765612085,CSR
glCanvas.js:1127 [BENCHMARK] 1654765612115,CSR
glCanvas.js:1127 [BENCHMARK] 1654765612145,CSR
glCanvas.js:1127 [BENCHMARK] 1654765612197,CSR
glCanvas.js:1127 [BENCHMARK] 1654765612233,CSR
glCanvas.js:1127 [BENCHMARK] 1654765612300,CSR
glCanvas.js:1127 [BENCHMARK] 1654765612357,CSR
glCanvas.js:1127 [BENCHMARK] 1654765612396,CSR
glCanvas.js:1127 [BENCHMARK] 1654765612429,CSR
glCanvas.js:1127 [BENCHMARK] 1654765612461,CSR
glCanvas.js:1127 [BENCHMARK] 1654765612481,CSR
glCanvas.js:1127 [BENCHMARK] 1654765612536,CSR
glCanvas.js:1127 [BENCHMARK] 1654765612565,CSR
glCanvas.js:1127 [BENCHMARK] 1654765612585,CSR
glCanvas.js:1127 [BENCHMARK] 1654765612615,CSR
glCanvas.js:1127 [BENCHMARK] 1654765612635,CSR
glCanvas.js:1127 [BENCHMARK] 1654765612655,CSR
glCanvas.js:1127 [BENCHMARK] 1654765612748,CSR
glCanvas.js:1127 [BENCHMARK] 1654765612800,CSR
glCanvas.js:1127 [BENCHMARK] 1654765612838,CSR
glCanvas.js:1127 [BENCHMARK] 1654765612859,CSR
glCanvas.js:1127 [BENCHMARK] 1654765613048,CSR
glCanvas.js:1127 [BENCHMARK] 1654765613077,CSR
glCanvas.js:1127 [BENCHMARK] 1654765613106,CSR
glCanvas.js:1127 [BENCHMARK] 1654765613162,CSR
glCanvas.js:1127 [BENCHMARK] 1654765613183,CSR
glCanvas.js:1127 [BENCHMARK] 1654765613202,CSR
glCanvas.js:1127 [BENCHMARK] 1654765613249,CSR
glCanvas.js:1127 [BENCHMARK] 1654765613285,CSR
glCanvas.js:1127 [BENCHMARK] 1654765613341,CSR
glCanvas.js:1127 [BENCHMARK] 1654765613387,CSR
glCanvas.js:1127 [BENCHMARK] 1654765613438,CSR
glCanvas.js:1127 [BENCHMARK] 1654765613486,CSR
glCanvas.js:1127 [BENCHMARK] 1654765613603,CSR
glCanvas.js:1127 [BENCHMARK] 1654765613634,CSR
glCanvas.js:1127 [BENCHMARK] 1654765613665,CSR
glCanvas.js:1127 [BENCHMARK] 1654765613685,CSR
glCanvas.js:1127 [BENCHMARK] 1654765613716,CSR
glCanvas.js:1127 [BENCHMARK] 1654765613751,CSR
glCanvas.js:1127 [BENCHMARK] 1654765613829,CSR
glCanvas.js:1127 [BENCHMARK] 1654765613902,CSR
glCanvas.js:1127 [BENCHMARK] 1654765613931,CSR
glCanvas.js:1127 [BENCHMARK] 1654765613950,CSR
glCanvas.js:1127 [BENCHMARK] 1654765613979,CSR
glCanvas.js:1127 [BENCHMARK] 1654765614146,CSR
glCanvas.js:1127 [BENCHMARK] 1654765614179,CSR
glCanvas.js:1127 [BENCHMARK] 1654765614211,CSR
glCanvas.js:1127 [BENCHMARK] 1654765614246,CSR
glCanvas.js:1127 [BENCHMARK] 1654765614355,CSR
glCanvas.js:1127 [BENCHMARK] 1654765614468,CSR
glCanvas.js:1127 [BENCHMARK] 1654765614529,CSR
glCanvas.js:1127 [BENCHMARK] 1654765614597,CSR
glCanvas.js:1127 [BENCHMARK] 1654765614648,CSR
glCanvas.js:1127 [BENCHMARK] 1654765614668,CSR
glCanvas.js:1127 [BENCHMARK] 1654765614700,CSR
glCanvas.js:1127 [BENCHMARK] 1654765614730,CSR
glCanvas.js:1127 [BENCHMARK] 1654765614750,CSR
glCanvas.js:1127 [BENCHMARK] 1654765614778,CSR
glCanvas.js:1127 [BENCHMARK] 1654765614854,CSR
glCanvas.js:1127 [BENCHMARK] 1654765614883,CSR
glCanvas.js:1127 [BENCHMARK] 1654765614926,CSR
glCanvas.js:1127 [BENCHMARK] 1654765615014,CSR
glCanvas.js:1127 [BENCHMARK] 1654765615033,CSR
glCanvas.js:1127 [BENCHMARK] 1654765615060,CSR
glCanvas.js:1127 [BENCHMARK] 1654765615090,CSR
glCanvas.js:1127 [BENCHMARK] 1654765615110,CSR
glCanvas.js:1127 [BENCHMARK] 1654765615178,CSR
glCanvas.js:1127 [BENCHMARK] 1654765615212,CSR
glCanvas.js:1127 [BENCHMARK] 1654765615242,CSR
glCanvas.js:1127 [BENCHMARK] 1654765615275,CSR
glCanvas.js:1127 [BENCHMARK] 1654765615295,CSR
glCanvas.js:1127 [BENCHMARK] 1654765615315,CSR
glCanvas.js:1127 [BENCHMARK] 1654765615336,CSR
glCanvas.js:1127 [BENCHMARK] 1654765615362,CSR
glCanvas.js:1127 [BENCHMARK] 1654765615373,CSR
glCanvas.js:1127 [BENCHMARK] 1654765615382,CSR
glCanvas.js:1127 [BENCHMARK] 1654765615395,CSR
glCanvas.js:1127 [BENCHMARK] 1654765615473,CSR
glCanvas.js:1127 [BENCHMARK] 1654765615477,CSR
glCanvas.js:1127 [BENCHMARK] 1654765615478,CSR
glCanvas.js:1127 [BENCHMARK] 1654765615492,CSR
glCanvas.js:1127 [BENCHMARK] 1654765615511,CSR
filmbox2.js:1537 [BENCHMARK] 1654765615512,fullLoad
glCanvas.js:1127 [BENCHMARK] 1654765616585,CSR
glCanvas.js:1127 [BENCHMARK] 1654765616588,CSR
glCanvas.js:1127 [BENCHMARK] 1654765616656,CSR
glCanvas.js:1127 [BENCHMARK] 1654765616659,CSR
glCanvas.js:1127 [BENCHMARK] 1654765616728,CSR
glCanvas.js:1127 [BENCHMARK] 1654765616730,CSR
glCanvas.js:1127 [BENCHMARK] 1654765616799,CSR
glCanvas.js:1127 [BENCHMARK] 1654765616802,CSR
glCanvas.js:1127 [BENCHMARK] 1654765616871,CSR
glCanvas.js:1127 [BENCHMARK] 1654765616874,CSR
glCanvas.js:1127 [BENCHMARK] 1654765616943,CSR
glCanvas.js:1127 [BENCHMARK] 1654765616945,CSR
glCanvas.js:1127 [BENCHMARK] 1654765617015,CSR
glCanvas.js:1127 [BENCHMARK] 1654765617017,CSR
glCanvas.js:1127 [BENCHMARK] 1654765619106,CSR
glCanvas.js:1127 [BENCHMARK] 1654765619110,CSR
glCanvas.js:1127 [BENCHMARK] 1654765619176,CSR
glCanvas.js:1127 [BENCHMARK] 1654765619178,CSR
glCanvas.js:1127 [BENCHMARK] 1654765619247,CSR
glCanvas.js:1127 [BENCHMARK] 1654765619248,CSR
glCanvas.js:1127 [BENCHMARK] 1654765619317,CSR
glCanvas.js:1127 [BENCHMARK] 1654765619318,CSR
glCanvas.js:1127 [BENCHMARK] 1654765619390,CSR
glCanvas.js:1127 [BENCHMARK] 1654765619392,CSR
glCanvas.js:1127 [BENCHMARK] 1654765619461,CSR
glCanvas.js:1127 [BENCHMARK] 1654765619464,CSR
glCanvas.js:1127 [BENCHMARK] 1654765619532,CSR
glCanvas.js:1127 [BENCHMARK] 1654765619533,CSR
glCanvas.js:1127 [BENCHMARK] 1654765619605,CSR
glCanvas.js:1127 [BENCHMARK] 1654765619607,CSR
glCanvas.js:1127 [BENCHMARK] 1654765619677,CSR
glCanvas.js:1127 [BENCHMARK] 1654765619679,CSR
glCanvas.js:1127 [BENCHMARK] 1654765619749,CSR
glCanvas.js:1127 [BENCHMARK] 1654765619751,CSR
glCanvas.js:1127 [BENCHMARK] 1654765620029,CSR
glCanvas.js:1127 [BENCHMARK] 1654765620032,CSR
glCanvas.js:1127 [BENCHMARK] 1654765620060,CSR
glCanvas.js:1127 [BENCHMARK] 1654765620063,CSR
glCanvas.js:1127 [BENCHMARK] 1654765620091,CSR
glCanvas.js:1127 [BENCHMARK] 1654765620094,CSR
glCanvas.js:1127 [BENCHMARK] 1654765620123,CSR
glCanvas.js:1127 [BENCHMARK] 1654765620126,CSR
glCanvas.js:1127 [BENCHMARK] 1654765620155,CSR
glCanvas.js:1127 [BENCHMARK] 1654765620157,CSR
glCanvas.js:1127 [BENCHMARK] 1654765620186,CSR
glCanvas.js:1127 [BENCHMARK] 1654765620189,CSR
glCanvas.js:1127 [BENCHMARK] 1654765620218,CSR
glCanvas.js:1127 [BENCHMARK] 1654765620220,CSR
glCanvas.js:1127 [BENCHMARK] 1654765620249,CSR
glCanvas.js:1127 [BENCHMARK] 1654765620252,CSR
glCanvas.js:1127 [BENCHMARK] 1654765620281,CSR
glCanvas.js:1127 [BENCHMARK] 1654765620284,CSR
glCanvas.js:1127 [BENCHMARK] 1654765620312,CSR
glCanvas.js:1127 [BENCHMARK] 1654765620315,CSR
glCanvas.js:1127 [BENCHMARK] 1654765620552,CSR
glCanvas.js:1127 [BENCHMARK] 1654765620554,CSR
glCanvas.js:1127 [BENCHMARK] 1654765620583,CSR
glCanvas.js:1127 [BENCHMARK] 1654765620585,CSR
glCanvas.js:1127 [BENCHMARK] 1654765620615,CSR
glCanvas.js:1127 [BENCHMARK] 1654765620617,CSR
glCanvas.js:1127 [BENCHMARK] 1654765620646,CSR
glCanvas.js:1127 [BENCHMARK] 1654765620648,CSR
glCanvas.js:1127 [BENCHMARK] 1654765620678,CSR
glCanvas.js:1127 [BENCHMARK] 1654765620680,CSR
glCanvas.js:1127 [BENCHMARK] 1654765620709,CSR
glCanvas.js:1127 [BENCHMARK] 1654765620712,CSR
glCanvas.js:1127 [BENCHMARK] 1654765620741,CSR
glCanvas.js:1127 [BENCHMARK] 1654765620744,CSR
glCanvas.js:1127 [BENCHMARK] 1654765620773,CSR
glCanvas.js:1127 [BENCHMARK] 1654765620775,CSR
glCanvas.js:1127 [BENCHMARK] 1654765620804,CSR
glCanvas.js:1127 [BENCHMARK] 1654765620807,CSR
glCanvas.js:1127 [BENCHMARK] 1654765620836,CSR
glCanvas.js:1127 [BENCHMARK] 1654765620838,CSR
glCanvas.js:1127 [BENCHMARK] 1654765625876,CSR
glCanvas.js:1127 [BENCHMARK] 1654765626077,CSR
glCanvas.js:1127 [BENCHMARK] 1654765626279,CSR
glCanvas.js:1127 [BENCHMARK] 1654765626481,CSR
glCanvas.js:1127 [BENCHMARK] 1654765626684,CSR
glCanvas.js:1127 [BENCHMARK] 1654765629894,CSR
glCanvas.js:1127 [BENCHMARK] 1654765629965,CSR
glCanvas.js:1127 [BENCHMARK] 1654765630036,CSR
glCanvas.js:1127 [BENCHMARK] 1654765630108,CSR
glCanvas.js:1127 [BENCHMARK] 1654765630180,CSR
glCanvas.js:1127 [BENCHMARK] 1654765630252,CSR
glCanvas.js:1127 [BENCHMARK] 1654765630323,CSR
glCanvas.js:1127 [BENCHMARK] 1654765630395,CSR
glCanvas.js:1127 [BENCHMARK] 1654765630467,CSR
glCanvas.js:1127 [BENCHMARK] 1654765630538,CSR
glCanvas.js:1127 [BENCHMARK] 1654765630818,CSR
glCanvas.js:1127 [BENCHMARK] 1654765630890,CSR
glCanvas.js:1127 [BENCHMARK] 1654765630962,CSR
glCanvas.js:1127 [BENCHMARK] 1654765631034,CSR
glCanvas.js:1127 [BENCHMARK] 1654765631106,CSR
glCanvas.js:1127 [BENCHMARK] 1654765631178,CSR
glCanvas.js:1127 [BENCHMARK] 1654765631249,CSR
glCanvas.js:1127 [BENCHMARK] 1654765631322,CSR
glCanvas.js:1127 [BENCHMARK] 1654765631393,CSR
glCanvas.js:1127 [BENCHMARK] 1654765631465,CSR
glCanvas.js:1127 [BENCHMARK] 1654765631546,CSR
glCanvas.js:1127 [BENCHMARK] 1654765631645,CSR
glCanvas.js:1127 [BENCHMARK] 1654765631648,CSR
glCanvas.js:1127 [BENCHMARK] 1654765633751,CSR
glCanvas.js:1127 [BENCHMARK] 1654765633952,CSR
glCanvas.js:1127 [BENCHMARK] 1654765634155,CSR
glCanvas.js:1127 [BENCHMARK] 1654765636365,CSR
glCanvas.js:1127 [BENCHMARK] 1654765636466,CSR
glCanvas.js:1127 [BENCHMARK] 1654765636569,CSR
glCanvas.js:1127 [BENCHMARK] 1654765636670,CSR
glCanvas.js:1127 [BENCHMARK] 1654765636772,CSR
glCanvas.js:1127 [BENCHMARK] 1654765638882,CSR
glCanvas.js:1127 [BENCHMARK] 1654765638914,CSR
glCanvas.js:1127 [BENCHMARK] 1654765638946,CSR
glCanvas.js:1127 [BENCHMARK] 1654765638977,CSR
glCanvas.js:1127 [BENCHMARK] 1654765639022,CSR
glCanvas.js:1127 [BENCHMARK] 1654765639053,CSR
glCanvas.js:1127 [BENCHMARK] 1654765639084,CSR
glCanvas.js:1127 [BENCHMARK] 1654765639114,CSR
glCanvas.js:1127 [BENCHMARK] 1654765639145,CSR
glCanvas.js:1127 [BENCHMARK] 1654765639175,CSR
glCanvas.js:1127 [BENCHMARK] 1654765639415,CSR
glCanvas.js:1127 [BENCHMARK] 1654765639446,CSR
glCanvas.js:1127 [BENCHMARK] 1654765639477,CSR
glCanvas.js:1127 [BENCHMARK] 1654765639509,CSR
glCanvas.js:1127 [BENCHMARK] 1654765639540,CSR
glCanvas.js:1127 [BENCHMARK] 1654765639572,CSR
glCanvas.js:1127 [BENCHMARK] 1654765639603,CSR
glCanvas.js:1127 [BENCHMARK] 1654765639635,CSR
glCanvas.js:1127 [BENCHMARK] 1654765639667,CSR
glCanvas.js:1127 [BENCHMARK] 1654765639699,CSR
glCanvas.js:1127 [BENCHMARK] 1654765639938,CSR
glCanvas.js:1127 [BENCHMARK] 1654765640010,CSR
glCanvas.js:1127 [BENCHMARK] 1654765640082,CSR
glCanvas.js:1127 [BENCHMARK] 1654765640154,CSR
glCanvas.js:1127 [BENCHMARK] 1654765640226,CSR
glCanvas.js:1127 [BENCHMARK] 1654765643310,CSR
glCanvas.js:1127 [BENCHMARK] 1654765643408,CSR
glCanvas.js:1127 [BENCHMARK] 1654765643410,CSR
glCanvas.js:1127 [BENCHMARK] 1654765644513,CSR
glCanvas.js:1127 [BENCHMARK] 1654765644516,CSR
glCanvas.js:1127 [BENCHMARK] 1654765644524,CSR
glCanvas.js:1127 [BENCHMARK] 1654765644525,CSR
glCanvas.js:1127 [BENCHMARK] 1654765644537,CSR
glCanvas.js:1127 [BENCHMARK] 1654765644538,CSR
glCanvas.js:1127 [BENCHMARK] 1654765644551,CSR
glCanvas.js:1127 [BENCHMARK] 1654765644552,CSR
glCanvas.js:1127 [BENCHMARK] 1654765644564,CSR
glCanvas.js:1127 [BENCHMARK] 1654765644565,CSR
glCanvas.js:1127 [BENCHMARK] 1654765644577,CSR
glCanvas.js:1127 [BENCHMARK] 1654765644578,CSR
glCanvas.js:1127 [BENCHMARK] 1654765644589,CSR
glCanvas.js:1127 [BENCHMARK] 1654765644590,CSR
glCanvas.js:1127 [BENCHMARK] 1654765644602,CSR
glCanvas.js:1127 [BENCHMARK] 1654765644604,CSR
glCanvas.js:1127 [BENCHMARK] 1654765644615,CSR
glCanvas.js:1127 [BENCHMARK] 1654765644616,CSR
glCanvas.js:1127 [BENCHMARK] 1654765644627,CSR
glCanvas.js:1127 [BENCHMARK] 1654765644628,CSR
glCanvas.js:1127 [BENCHMARK] 1654765644644,CSR
glCanvas.js:1127 [BENCHMARK] 1654765644747,CSR
glCanvas.js:1127 [BENCHMARK] 1654765644749,CSR
glCanvas.js:1127 [BENCHMARK] 1654765646853,CSR
glCanvas.js:1127 [BENCHMARK] 1654765646856,CSR
glCanvas.js:1127 [BENCHMARK] 1654765647055,CSR
glCanvas.js:1127 [BENCHMARK] 1654765647058,CSR
glCanvas.js:1127 [BENCHMARK] 1654765647257,CSR
glCanvas.js:1127 [BENCHMARK] 1654765647259,CSR
glCanvas.js:1127 [BENCHMARK] 1654765650468,CSR
glCanvas.js:1127 [BENCHMARK] 1654765650569,CSR
glCanvas.js:1127 [BENCHMARK] 1654765650671,CSR
glCanvas.js:1127 [BENCHMARK] 1654765650773,CSR
glCanvas.js:1127 [BENCHMARK] 1654765650875,CSR
glCanvas.js:1127 [BENCHMARK] 1654765651190,CSR
glCanvas.js:1127 [BENCHMARK] 1654765651293,CSR
glCanvas.js:1127 [BENCHMARK] 1654765651395,CSR
glCanvas.js:1127 [BENCHMARK] 1654765651497,CSR
glCanvas.js:1127 [BENCHMARK] 1654765651599,CSR
glCanvas.js:1127 [BENCHMARK] 1654765651700,CSR
glCanvas.js:1127 [BENCHMARK] 1654765651803,CSR
glCanvas.js:1127 [BENCHMARK] 1654765651904,CSR
glCanvas.js:1127 [BENCHMARK] 1654765652006,CSR
glCanvas.js:1127 [BENCHMARK] 1654765652108,CSR
glCanvas.js:1127 [BENCHMARK] 1654765652418,CSR
glCanvas.js:1127 [BENCHMARK] 1654765652490,CSR
glCanvas.js:1127 [BENCHMARK] 1654765652562,CSR
glCanvas.js:1127 [BENCHMARK] 1654765652633,CSR
glCanvas.js:1127 [BENCHMARK] 1654765652705,CSR
glCanvas.js:1127 [BENCHMARK] 1654765652776,CSR
glCanvas.js:1127 [BENCHMARK] 1654765652848,CSR
glCanvas.js:1127 [BENCHMARK] 1654765652920,CSR
glCanvas.js:1127 [BENCHMARK] 1654765652992,CSR
glCanvas.js:1127 [BENCHMARK] 1654765653063,CSR
glCanvas.js:1127 [BENCHMARK] 1654765655146,CSR
glCanvas.js:1127 [BENCHMARK] 1654765655245,CSR
glCanvas.js:1127 [BENCHMARK] 1654765655247,CSR
glCanvas.js:1127 [BENCHMARK] 1654765656351,CSR
glCanvas.js:1127 [BENCHMARK] 1654765656353,CSR
glCanvas.js:1127 [BENCHMARK] 1654765656381,CSR
glCanvas.js:1127 [BENCHMARK] 1654765656383,CSR
glCanvas.js:1127 [BENCHMARK] 1654765656413,CSR
glCanvas.js:1127 [BENCHMARK] 1654765656415,CSR
glCanvas.js:1127 [BENCHMARK] 1654765656444,CSR
glCanvas.js:1127 [BENCHMARK] 1654765656446,CSR
glCanvas.js:1127 [BENCHMARK] 1654765656476,CSR
glCanvas.js:1127 [BENCHMARK] 1654765656478,CSR
glCanvas.js:1127 [BENCHMARK] 1654765656507,CSR
glCanvas.js:1127 [BENCHMARK] 1654765656509,CSR
glCanvas.js:1127 [BENCHMARK] 1654765656539,CSR
glCanvas.js:1127 [BENCHMARK] 1654765656541,CSR
glCanvas.js:1127 [BENCHMARK] 1654765656570,CSR
glCanvas.js:1127 [BENCHMARK] 1654765656572,CSR
glCanvas.js:1127 [BENCHMARK] 1654765656602,CSR
glCanvas.js:1127 [BENCHMARK] 1654765656605,CSR
glCanvas.js:1127 [BENCHMARK] 1654765656634,CSR
glCanvas.js:1127 [BENCHMARK] 1654765656637,CSR
glCanvas.js:1127 [BENCHMARK] 1654765656873,CSR
glCanvas.js:1127 [BENCHMARK] 1654765656875,CSR
glCanvas.js:1127 [BENCHMARK] 1654765656904,CSR
glCanvas.js:1127 [BENCHMARK] 1654765656906,CSR
glCanvas.js:1127 [BENCHMARK] 1654765656935,CSR
glCanvas.js:1127 [BENCHMARK] 1654765656937,CSR
glCanvas.js:1127 [BENCHMARK] 1654765656967,CSR
glCanvas.js:1127 [BENCHMARK] 1654765656969,CSR
glCanvas.js:1127 [BENCHMARK] 1654765656998,CSR
glCanvas.js:1127 [BENCHMARK] 1654765657000,CSR
glCanvas.js:1127 [BENCHMARK] 1654765657030,CSR
glCanvas.js:1127 [BENCHMARK] 1654765657032,CSR
glCanvas.js:1127 [BENCHMARK] 1654765657062,CSR
glCanvas.js:1127 [BENCHMARK] 1654765657064,CSR
glCanvas.js:1127 [BENCHMARK] 1654765657093,CSR
glCanvas.js:1127 [BENCHMARK] 1654765657096,CSR
glCanvas.js:1127 [BENCHMARK] 1654765657125,CSR
glCanvas.js:1127 [BENCHMARK] 1654765657128,CSR
glCanvas.js:1127 [BENCHMARK] 1654765657157,CSR
glCanvas.js:1127 [BENCHMARK] 1654765657159,CSR
glCanvas.js:1127 [BENCHMARK] 1654765657396,CSR
glCanvas.js:1127 [BENCHMARK] 1654765657398,CSR
glCanvas.js:1127 [BENCHMARK] 1654765657427,CSR
glCanvas.js:1127 [BENCHMARK] 1654765657429,CSR
glCanvas.js:1127 [BENCHMARK] 1654765657459,CSR
glCanvas.js:1127 [BENCHMARK] 1654765657461,CSR
glCanvas.js:1127 [BENCHMARK] 1654765657491,CSR
glCanvas.js:1127 [BENCHMARK] 1654765657493,CSR
glCanvas.js:1127 [BENCHMARK] 1654765657523,CSR
glCanvas.js:1127 [BENCHMARK] 1654765657525,CSR
glCanvas.js:1127 [BENCHMARK] 1654765657554,CSR
glCanvas.js:1127 [BENCHMARK] 1654765657556,CSR
glCanvas.js:1127 [BENCHMARK] 1654765657586,CSR
glCanvas.js:1127 [BENCHMARK] 1654765657588,CSR
glCanvas.js:1127 [BENCHMARK] 1654765657617,CSR
glCanvas.js:1127 [BENCHMARK] 1654765657620,CSR
glCanvas.js:1127 [BENCHMARK] 1654765657649,CSR
glCanvas.js:1127 [BENCHMARK] 1654765657651,CSR
glCanvas.js:1127 [BENCHMARK] 1654765657678,CSR
glCanvas.js:1127 [BENCHMARK] 1654765657679,CSR
