glCanvas.js:1107 [BENCHMARK] 1654765099740,X
glCanvas.js:1107 [BENCHMARK] 1654765099745,X
glCanvas.js:1107 [BENCHMARK] 1654765099749,X
glCanvas.js:1107 [BENCHMARK] 1654765099925,X
glCanvas.js:1127 [BENCHMARK] 1654765100285,SSR
manager.js:159 [BENCHMARK] 1654765100831,firstRender
glCanvas.js:1127 [BENCHMARK] 1654765100841,CSR
glCanvas.js:1127 [BENCHMARK] 1654765100845,CSR
glCanvas.js:1127 [BENCHMARK] 1654765100849,CSR
glCanvas.js:1127 [BENCHMARK] 1654765100852,CSR
glCanvas.js:1127 [BENCHMARK] 1654765100891,CSR
glCanvas.js:1127 [BENCHMARK] 1654765100895,CSR
glCanvas.js:1127 [BENCHMARK] 1654765100898,CSR
glCanvas.js:1127 [BENCHMARK] 1654765100903,CSR
glCanvas.js:1127 [BENCHMARK] 1654765100908,CSR
glCanvas.js:1127 [BENCHMARK] 1654765100924,CSR
glCanvas.js:1127 [BENCHMARK] 1654765100929,CSR
glCanvas.js:1127 [BENCHMARK] 1654765100936,CSR
glCanvas.js:1127 [BENCHMARK] 1654765100939,CSR
glCanvas.js:1127 [BENCHMARK] 1654765100941,CSR
glCanvas.js:1127 [BENCHMARK] 1654765100954,CSR
glCanvas.js:1127 [BENCHMARK] 1654765100994,CSR
glCanvas.js:1127 [BENCHMARK] 1654765100997,CSR
glCanvas.js:1127 [BENCHMARK] 1654765101001,CSR
glCanvas.js:1127 [BENCHMARK] 1654765101003,CSR
glCanvas.js:1127 [BENCHMARK] 1654765101007,CSR
glCanvas.js:1127 [BENCHMARK] 1654765101009,CSR
glCanvas.js:1127 [BENCHMARK] 1654765101188,CSR
glCanvas.js:1127 [BENCHMARK] 1654765101271,CSR
glCanvas.js:1127 [BENCHMARK] 1654765101571,CSR
glCanvas.js:1127 [BENCHMARK] 1654765101695,CSR
glCanvas.js:1127 [BENCHMARK] 1654765101803,CSR
glCanvas.js:1127 [BENCHMARK] 1654765101947,CSR
glCanvas.js:1127 [BENCHMARK] 1654765102034,CSR
glCanvas.js:1127 [BENCHMARK] 1654765102137,CSR
glCanvas.js:1107 [BENCHMARK] 1654765102142,X
glCanvas.js:1107 [BENCHMARK] 1654765102201,X
glCanvas.js:1107 [BENCHMARK] 1654765102423,X
glCanvas.js:1107 [BENCHMARK] 1654765102427,X
glCanvas.js:1107 [BENCHMARK] 1654765102429,X
glCanvas.js:1127 [BENCHMARK] 1654765102527,SSR
glCanvas.js:1127 [BENCHMARK] 1654765102727,SSR
glCanvas.js:1127 [BENCHMARK] 1654765102730,SSR
glCanvas.js:1127 [BENCHMARK] 1654765102736,SSR
glCanvas.js:1127 [BENCHMARK] 1654765102759,SSR
glCanvas.js:1127 [BENCHMARK] 1654765102785,CSR
glCanvas.js:1127 [BENCHMARK] 1654765102874,CSR
glCanvas.js:1127 [BENCHMARK] 1654765102899,CSR
glCanvas.js:1127 [BENCHMARK] 1654765102927,CSR
glCanvas.js:1127 [BENCHMARK] 1654765102951,CSR
glCanvas.js:1127 [BENCHMARK] 1654765102977,CSR
glCanvas.js:1127 [BENCHMARK] 1654765103002,CSR
glCanvas.js:1127 [BENCHMARK] 1654765103027,CSR
glCanvas.js:1127 [BENCHMARK] 1654765103053,CSR
glCanvas.js:1127 [BENCHMARK] 1654765103078,CSR
glCanvas.js:1127 [BENCHMARK] 1654765103161,CSR
glCanvas.js:1127 [BENCHMARK] 1654765103186,CSR
glCanvas.js:1127 [BENCHMARK] 1654765103209,CSR
glCanvas.js:1127 [BENCHMARK] 1654765103235,CSR
glCanvas.js:1127 [BENCHMARK] 1654765103239,CSR
glCanvas.js:1127 [BENCHMARK] 1654765103240,CSR
glCanvas.js:1127 [BENCHMARK] 1654765103275,CSR
glCanvas.js:1127 [BENCHMARK] 1654765103277,CSR
glCanvas.js:1127 [BENCHMARK] 1654765103294,CSR
glCanvas.js:1127 [BENCHMARK] 1654765103310,CSR
glCanvas.js:1127 [BENCHMARK] 1654765103311,CSR
glCanvas.js:1127 [BENCHMARK] 1654765103326,CSR
glCanvas.js:1127 [BENCHMARK] 1654765103327,CSR
glCanvas.js:1127 [BENCHMARK] 1654765103329,CSR
glCanvas.js:1127 [BENCHMARK] 1654765103344,CSR
glCanvas.js:1127 [BENCHMARK] 1654765103345,CSR
glCanvas.js:1127 [BENCHMARK] 1654765103362,CSR
glCanvas.js:1127 [BENCHMARK] 1654765103363,CSR
glCanvas.js:1127 [BENCHMARK] 1654765103365,CSR
glCanvas.js:1127 [BENCHMARK] 1654765103368,CSR
glCanvas.js:1127 [BENCHMARK] 1654765103369,CSR
glCanvas.js:1127 [BENCHMARK] 1654765103385,CSR
glCanvas.js:1127 [BENCHMARK] 1654765103386,CSR
glCanvas.js:1107 [BENCHMARK] 1654765103401,X
glCanvas.js:1107 [BENCHMARK] 1654765103402,X
glCanvas.js:1107 [BENCHMARK] 1654765103413,X
glCanvas.js:1107 [BENCHMARK] 1654765103414,X
glCanvas.js:1107 [BENCHMARK] 1654765103427,X
glCanvas.js:1107 [BENCHMARK] 1654765103452,X
glCanvas.js:1127 [BENCHMARK] 1654765103456,CSR
glCanvas.js:1127 [BENCHMARK] 1654765103495,CSR
glCanvas.js:1127 [BENCHMARK] 1654765103582,CSR
glCanvas.js:1127 [BENCHMARK] 1654765103588,CSR
glCanvas.js:1127 [BENCHMARK] 1654765103599,CSR
glCanvas.js:1107 [BENCHMARK] 1654765103626,X
glCanvas.js:1107 [BENCHMARK] 1654765103627,X
glCanvas.js:1127 [BENCHMARK] 1654765103639,CSR
glCanvas.js:1127 [BENCHMARK] 1654765103640,CSR
glCanvas.js:1107 [BENCHMARK] 1654765103652,X
glCanvas.js:1107 [BENCHMARK] 1654765103653,X
glCanvas.js:1107 [BENCHMARK] 1654765103665,X
glCanvas.js:1107 [BENCHMARK] 1654765103666,X
glCanvas.js:1107 [BENCHMARK] 1654765103677,X
glCanvas.js:1107 [BENCHMARK] 1654765103678,X
glCanvas.js:1107 [BENCHMARK] 1654765103690,X
glCanvas.js:1107 [BENCHMARK] 1654765103691,X
glCanvas.js:1107 [BENCHMARK] 1654765103702,X
glCanvas.js:1107 [BENCHMARK] 1654765103703,X
glCanvas.js:1107 [BENCHMARK] 1654765103715,X
glCanvas.js:1107 [BENCHMARK] 1654765103716,X
glCanvas.js:1107 [BENCHMARK] 1654765103728,X
glCanvas.js:1107 [BENCHMARK] 1654765103728,X
glCanvas.js:1107 [BENCHMARK] 1654765103740,X
glCanvas.js:1107 [BENCHMARK] 1654765103741,X
glCanvas.js:1107 [BENCHMARK] 1654765103850,X
glCanvas.js:1107 [BENCHMARK] 1654765103885,X
glCanvas.js:1107 [BENCHMARK] 1654765103957,X
glCanvas.js:1107 [BENCHMARK] 1654765103958,X
glCanvas.js:1107 [BENCHMARK] 1654765103969,X
glCanvas.js:1107 [BENCHMARK] 1654765103971,X
glCanvas.js:1107 [BENCHMARK] 1654765103986,X
glCanvas.js:1107 [BENCHMARK] 1654765103987,X
glCanvas.js:1107 [BENCHMARK] 1654765103993,X
glCanvas.js:1107 [BENCHMARK] 1654765103995,X
glCanvas.js:1107 [BENCHMARK] 1654765103996,X
glCanvas.js:1107 [BENCHMARK] 1654765104008,X
glCanvas.js:1107 [BENCHMARK] 1654765104009,X
glCanvas.js:1107 [BENCHMARK] 1654765104026,X
glCanvas.js:1107 [BENCHMARK] 1654765104027,X
glCanvas.js:1107 [BENCHMARK] 1654765104030,X
glCanvas.js:1107 [BENCHMARK] 1654765104033,X
glCanvas.js:1107 [BENCHMARK] 1654765104034,X
glCanvas.js:1107 [BENCHMARK] 1654765104045,X
glCanvas.js:1107 [BENCHMARK] 1654765104046,X
glCanvas.js:1107 [BENCHMARK] 1654765104061,X
glCanvas.js:1107 [BENCHMARK] 1654765104062,X
glCanvas.js:1107 [BENCHMARK] 1654765104074,X
glCanvas.js:1107 [BENCHMARK] 1654765104080,X
glCanvas.js:1107 [BENCHMARK] 1654765104084,X
glCanvas.js:1107 [BENCHMARK] 1654765104185,X
glCanvas.js:1107 [BENCHMARK] 1654765104232,X
glCanvas.js:1107 [BENCHMARK] 1654765104237,X
glCanvas.js:1107 [BENCHMARK] 1654765104242,X
glCanvas.js:1107 [BENCHMARK] 1654765104248,X
glCanvas.js:1107 [BENCHMARK] 1654765104253,X
glCanvas.js:1107 [BENCHMARK] 1654765104258,X
glCanvas.js:1107 [BENCHMARK] 1654765104322,X
glCanvas.js:1107 [BENCHMARK] 1654765104327,X
glCanvas.js:1107 [BENCHMARK] 1654765104329,X
glCanvas.js:1107 [BENCHMARK] 1654765104332,X
glCanvas.js:1107 [BENCHMARK] 1654765104334,X
glCanvas.js:1107 [BENCHMARK] 1654765104337,X
glCanvas.js:1107 [BENCHMARK] 1654765104339,X
glCanvas.js:1107 [BENCHMARK] 1654765104342,X
glCanvas.js:1107 [BENCHMARK] 1654765104344,X
glCanvas.js:1107 [BENCHMARK] 1654765104348,X
glCanvas.js:1107 [BENCHMARK] 1654765104350,X
glCanvas.js:1107 [BENCHMARK] 1654765104355,X
glCanvas.js:1107 [BENCHMARK] 1654765104357,X
glCanvas.js:1107 [BENCHMARK] 1654765104360,X
glCanvas.js:1107 [BENCHMARK] 1654765104363,X
glCanvas.js:1107 [BENCHMARK] 1654765104366,X
glCanvas.js:1107 [BENCHMARK] 1654765104368,X
glCanvas.js:1107 [BENCHMARK] 1654765104371,X
glCanvas.js:1107 [BENCHMARK] 1654765104372,X
glCanvas.js:1107 [BENCHMARK] 1654765104374,X
glCanvas.js:1107 [BENCHMARK] 1654765104375,X
glCanvas.js:1107 [BENCHMARK] 1654765104410,X
glCanvas.js:1107 [BENCHMARK] 1654765104431,X
glCanvas.js:1107 [BENCHMARK] 1654765104569,X
glCanvas.js:1107 [BENCHMARK] 1654765104579,X
glCanvas.js:1107 [BENCHMARK] 1654765104579,X
glCanvas.js:1107 [BENCHMARK] 1654765104585,X
glCanvas.js:1107 [BENCHMARK] 1654765104585,X
glCanvas.js:1107 [BENCHMARK] 1654765104590,X
glCanvas.js:1107 [BENCHMARK] 1654765104591,X
glCanvas.js:1107 [BENCHMARK] 1654765104596,X
glCanvas.js:1107 [BENCHMARK] 1654765104598,X
glCanvas.js:1107 [BENCHMARK] 1654765104602,X
glCanvas.js:1107 [BENCHMARK] 1654765104603,X
glCanvas.js:1107 [BENCHMARK] 1654765104608,X
glCanvas.js:1107 [BENCHMARK] 1654765104609,X
glCanvas.js:1107 [BENCHMARK] 1654765104613,X
glCanvas.js:1107 [BENCHMARK] 1654765104614,X
glCanvas.js:1107 [BENCHMARK] 1654765104619,X
glCanvas.js:1107 [BENCHMARK] 1654765104620,X
glCanvas.js:1107 [BENCHMARK] 1654765104624,X
glCanvas.js:1107 [BENCHMARK] 1654765104625,X
glCanvas.js:1107 [BENCHMARK] 1654765104630,X
glCanvas.js:1107 [BENCHMARK] 1654765104631,X
glCanvas.js:1107 [BENCHMARK] 1654765104703,X
glCanvas.js:1107 [BENCHMARK] 1654765104803,X
glCanvas.js:1107 [BENCHMARK] 1654765104922,X
glCanvas.js:1107 [BENCHMARK] 1654765104927,X
glCanvas.js:1107 [BENCHMARK] 1654765104929,X
glCanvas.js:1107 [BENCHMARK] 1654765104963,X
glCanvas.js:1107 [BENCHMARK] 1654765104975,X
glCanvas.js:1107 [BENCHMARK] 1654765104989,X
glCanvas.js:1107 [BENCHMARK] 1654765105080,X
glCanvas.js:1107 [BENCHMARK] 1654765105102,X
glCanvas.js:1107 [BENCHMARK] 1654765105104,X
glCanvas.js:1107 [BENCHMARK] 1654765105107,X
glCanvas.js:1107 [BENCHMARK] 1654765105109,X
glCanvas.js:1107 [BENCHMARK] 1654765105111,X
glCanvas.js:1107 [BENCHMARK] 1654765105121,X
glCanvas.js:1107 [BENCHMARK] 1654765105131,X
glCanvas.js:1107 [BENCHMARK] 1654765105139,X
glCanvas.js:1107 [BENCHMARK] 1654765105353,X
glCanvas.js:1107 [BENCHMARK] 1654765105379,X
glCanvas.js:1107 [BENCHMARK] 1654765105401,X
glCanvas.js:1107 [BENCHMARK] 1654765105549,X
glCanvas.js:1107 [BENCHMARK] 1654765105571,X
glCanvas.js:1107 [BENCHMARK] 1654765105593,X
glCanvas.js:1107 [BENCHMARK] 1654765105615,X
glCanvas.js:1107 [BENCHMARK] 1654765105642,X
glCanvas.js:1107 [BENCHMARK] 1654765105659,X
glCanvas.js:1107 [BENCHMARK] 1654765105733,X
glCanvas.js:1107 [BENCHMARK] 1654765105740,X
glCanvas.js:1107 [BENCHMARK] 1654765105741,X
glCanvas.js:1107 [BENCHMARK] 1654765105939,X
glCanvas.js:1107 [BENCHMARK] 1654765105962,X
glCanvas.js:1107 [BENCHMARK] 1654765106223,X
glCanvas.js:1107 [BENCHMARK] 1654765106369,X
glCanvas.js:1107 [BENCHMARK] 1654765106391,X
glCanvas.js:1107 [BENCHMARK] 1654765106630,X
glCanvas.js:1107 [BENCHMARK] 1654765106664,X
glCanvas.js:1107 [BENCHMARK] 1654765106687,X
glCanvas.js:1107 [BENCHMARK] 1654765106709,X
glCanvas.js:1107 [BENCHMARK] 1654765106847,X
glCanvas.js:1107 [BENCHMARK] 1654765106850,X
glCanvas.js:1107 [BENCHMARK] 1654765106860,X
glCanvas.js:1107 [BENCHMARK] 1654765106862,X
glCanvas.js:1107 [BENCHMARK] 1654765106872,X
glCanvas.js:1107 [BENCHMARK] 1654765106873,X
glCanvas.js:1107 [BENCHMARK] 1654765106885,X
glCanvas.js:1107 [BENCHMARK] 1654765106886,X
glCanvas.js:1107 [BENCHMARK] 1654765106898,X
glCanvas.js:1107 [BENCHMARK] 1654765106899,X
glCanvas.js:1107 [BENCHMARK] 1654765106911,X
glCanvas.js:1107 [BENCHMARK] 1654765106912,X
glCanvas.js:1107 [BENCHMARK] 1654765106923,X
glCanvas.js:1107 [BENCHMARK] 1654765106924,X
glCanvas.js:1107 [BENCHMARK] 1654765106936,X
glCanvas.js:1107 [BENCHMARK] 1654765106937,X
glCanvas.js:1107 [BENCHMARK] 1654765106949,X
glCanvas.js:1107 [BENCHMARK] 1654765106950,X
glCanvas.js:1107 [BENCHMARK] 1654765106962,X
glCanvas.js:1107 [BENCHMARK] 1654765106963,X
glCanvas.js:1107 [BENCHMARK] 1654765106976,X
glCanvas.js:1107 [BENCHMARK] 1654765106999,X
glCanvas.js:1107 [BENCHMARK] 1654765107181,X
glCanvas.js:1107 [BENCHMARK] 1654765107183,X
glCanvas.js:1107 [BENCHMARK] 1654765107188,X
glCanvas.js:1107 [BENCHMARK] 1654765107189,X
glCanvas.js:1107 [BENCHMARK] 1654765107193,X
glCanvas.js:1107 [BENCHMARK] 1654765107194,X
glCanvas.js:1107 [BENCHMARK] 1654765107200,X
glCanvas.js:1107 [BENCHMARK] 1654765107201,X
glCanvas.js:1107 [BENCHMARK] 1654765107204,X
glCanvas.js:1107 [BENCHMARK] 1654765107205,X
glCanvas.js:1107 [BENCHMARK] 1654765107210,X
glCanvas.js:1107 [BENCHMARK] 1654765107211,X
glCanvas.js:1107 [BENCHMARK] 1654765107216,X
glCanvas.js:1107 [BENCHMARK] 1654765107217,X
glCanvas.js:1107 [BENCHMARK] 1654765107221,X
glCanvas.js:1107 [BENCHMARK] 1654765107222,X
glCanvas.js:1107 [BENCHMARK] 1654765107227,X
glCanvas.js:1107 [BENCHMARK] 1654765107228,X
glCanvas.js:1107 [BENCHMARK] 1654765107232,X
glCanvas.js:1107 [BENCHMARK] 1654765107233,X
glCanvas.js:1107 [BENCHMARK] 1654765107285,X
glCanvas.js:1107 [BENCHMARK] 1654765107307,X
glCanvas.js:1107 [BENCHMARK] 1654765107496,X
glCanvas.js:1107 [BENCHMARK] 1654765107519,X
glCanvas.js:1107 [BENCHMARK] 1654765107542,X
glCanvas.js:1107 [BENCHMARK] 1654765107595,X
glCanvas.js:1107 [BENCHMARK] 1654765107661,X
glCanvas.js:1107 [BENCHMARK] 1654765107835,X
glCanvas.js:1107 [BENCHMARK] 1654765107934,X
glCanvas.js:1107 [BENCHMARK] 1654765107957,X
glCanvas.js:1107 [BENCHMARK] 1654765107980,X
glCanvas.js:1107 [BENCHMARK] 1654765108002,X
glCanvas.js:1107 [BENCHMARK] 1654765108103,X
glCanvas.js:1107 [BENCHMARK] 1654765108125,X
glCanvas.js:1107 [BENCHMARK] 1654765108203,X
glCanvas.js:1107 [BENCHMARK] 1654765108245,X
glCanvas.js:1107 [BENCHMARK] 1654765108250,X
glCanvas.js:1107 [BENCHMARK] 1654765108255,X
glCanvas.js:1107 [BENCHMARK] 1654765108261,X
glCanvas.js:1107 [BENCHMARK] 1654765108267,X
glCanvas.js:1107 [BENCHMARK] 1654765108272,X
glCanvas.js:1107 [BENCHMARK] 1654765108278,X
glCanvas.js:1107 [BENCHMARK] 1654765108283,X
glCanvas.js:1107 [BENCHMARK] 1654765108289,X
glCanvas.js:1107 [BENCHMARK] 1654765108294,X
glCanvas.js:1107 [BENCHMARK] 1654765108300,X
glCanvas.js:1107 [BENCHMARK] 1654765108305,X
glCanvas.js:1107 [BENCHMARK] 1654765108333,X
glCanvas.js:1107 [BENCHMARK] 1654765108384,X
glCanvas.js:1107 [BENCHMARK] 1654765108429,X
glCanvas.js:1107 [BENCHMARK] 1654765108523,X
glCanvas.js:1107 [BENCHMARK] 1654765108529,X
glCanvas.js:1107 [BENCHMARK] 1654765108534,X
glCanvas.js:1107 [BENCHMARK] 1654765108540,X
glCanvas.js:1107 [BENCHMARK] 1654765108545,X
glCanvas.js:1107 [BENCHMARK] 1654765108551,X
glCanvas.js:1107 [BENCHMARK] 1654765108556,X
glCanvas.js:1107 [BENCHMARK] 1654765108562,X
glCanvas.js:1107 [BENCHMARK] 1654765108568,X
glCanvas.js:1107 [BENCHMARK] 1654765108573,X
glCanvas.js:1107 [BENCHMARK] 1654765108579,X
glCanvas.js:1107 [BENCHMARK] 1654765108584,X
glCanvas.js:1107 [BENCHMARK] 1654765108590,X
glCanvas.js:1107 [BENCHMARK] 1654765108618,X
glCanvas.js:1107 [BENCHMARK] 1654765108644,X
glCanvas.js:1107 [BENCHMARK] 1654765108668,X
glCanvas.js:1107 [BENCHMARK] 1654765108726,X
glCanvas.js:1107 [BENCHMARK] 1654765108798,X
glCanvas.js:1107 [BENCHMARK] 1654765108811,X
glCanvas.js:1107 [BENCHMARK] 1654765108815,X
glCanvas.js:1107 [BENCHMARK] 1654765108824,X
glCanvas.js:1107 [BENCHMARK] 1654765108837,X
glCanvas.js:1107 [BENCHMARK] 1654765108838,X
glCanvas.js:1107 [BENCHMARK] 1654765108850,X
glCanvas.js:1107 [BENCHMARK] 1654765108862,X
glCanvas.js:1107 [BENCHMARK] 1654765108874,X
glCanvas.js:1107 [BENCHMARK] 1654765108876,X
glCanvas.js:1107 [BENCHMARK] 1654765108887,X
glCanvas.js:1107 [BENCHMARK] 1654765108900,X
glCanvas.js:1107 [BENCHMARK] 1654765108913,X
glCanvas.js:1107 [BENCHMARK] 1654765108931,X
glCanvas.js:1107 [BENCHMARK] 1654765108960,X
glCanvas.js:1107 [BENCHMARK] 1654765109042,X
glCanvas.js:1107 [BENCHMARK] 1654765109133,X
glCanvas.js:1107 [BENCHMARK] 1654765109146,X
glCanvas.js:1107 [BENCHMARK] 1654765109161,X
glCanvas.js:1107 [BENCHMARK] 1654765109172,X
glCanvas.js:1107 [BENCHMARK] 1654765109181,X
glCanvas.js:1107 [BENCHMARK] 1654765109184,X
glCanvas.js:1107 [BENCHMARK] 1654765109196,X
glCanvas.js:1127 [BENCHMARK] 1654765109209,CSR
glCanvas.js:1127 [BENCHMARK] 1654765109222,CSR
glCanvas.js:1127 [BENCHMARK] 1654765109234,CSR
glCanvas.js:1127 [BENCHMARK] 1654765109247,CSR
glCanvas.js:1127 [BENCHMARK] 1654765109253,CSR
glCanvas.js:1127 [BENCHMARK] 1654765109275,CSR
glCanvas.js:1127 [BENCHMARK] 1654765109333,CSR
glCanvas.js:1127 [BENCHMARK] 1654765109355,CSR
glCanvas.js:1127 [BENCHMARK] 1654765109655,CSR
glCanvas.js:1127 [BENCHMARK] 1654765109677,CSR
glCanvas.js:1127 [BENCHMARK] 1654765109802,CSR
glCanvas.js:1127 [BENCHMARK] 1654765109861,CSR
glCanvas.js:1127 [BENCHMARK] 1654765109883,CSR
glCanvas.js:1127 [BENCHMARK] 1654765109928,CSR
glCanvas.js:1127 [BENCHMARK] 1654765109968,CSR
glCanvas.js:1127 [BENCHMARK] 1654765109990,CSR
glCanvas.js:1127 [BENCHMARK] 1654765110151,CSR
glCanvas.js:1127 [BENCHMARK] 1654765110185,CSR
glCanvas.js:1127 [BENCHMARK] 1654765110206,CSR
glCanvas.js:1127 [BENCHMARK] 1654765110229,CSR
glCanvas.js:1127 [BENCHMARK] 1654765110265,CSR
glCanvas.js:1127 [BENCHMARK] 1654765110364,CSR
glCanvas.js:1127 [BENCHMARK] 1654765110366,CSR
glCanvas.js:1127 [BENCHMARK] 1654765110428,CSR
glCanvas.js:1127 [BENCHMARK] 1654765110448,CSR
glCanvas.js:1127 [BENCHMARK] 1654765110472,CSR
glCanvas.js:1127 [BENCHMARK] 1654765110569,CSR
glCanvas.js:1127 [BENCHMARK] 1654765110590,CSR
glCanvas.js:1127 [BENCHMARK] 1654765110669,CSR
glCanvas.js:1127 [BENCHMARK] 1654765110831,CSR
glCanvas.js:1127 [BENCHMARK] 1654765110887,CSR
glCanvas.js:1127 [BENCHMARK] 1654765111082,CSR
glCanvas.js:1127 [BENCHMARK] 1654765111169,CSR
glCanvas.js:1127 [BENCHMARK] 1654765111272,CSR
glCanvas.js:1127 [BENCHMARK] 1654765111368,CSR
glCanvas.js:1127 [BENCHMARK] 1654765111415,CSR
glCanvas.js:1127 [BENCHMARK] 1654765111471,CSR
glCanvas.js:1127 [BENCHMARK] 1654765111474,CSR
glCanvas.js:1127 [BENCHMARK] 1654765111477,CSR
glCanvas.js:1127 [BENCHMARK] 1654765111479,CSR
glCanvas.js:1127 [BENCHMARK] 1654765111481,CSR
glCanvas.js:1127 [BENCHMARK] 1654765111483,CSR
glCanvas.js:1127 [BENCHMARK] 1654765111503,CSR
glCanvas.js:1127 [BENCHMARK] 1654765111504,CSR
glCanvas.js:1127 [BENCHMARK] 1654765111505,CSR
glCanvas.js:1127 [BENCHMARK] 1654765111506,CSR
glCanvas.js:1127 [BENCHMARK] 1654765111507,CSR
glCanvas.js:1127 [BENCHMARK] 1654765111508,CSR
glCanvas.js:1127 [BENCHMARK] 1654765111509,CSR
glCanvas.js:1127 [BENCHMARK] 1654765111510,CSR
glCanvas.js:1127 [BENCHMARK] 1654765111511,CSR
glCanvas.js:1127 [BENCHMARK] 1654765111511,CSR
glCanvas.js:1127 [BENCHMARK] 1654765111515,CSR
glCanvas.js:1127 [BENCHMARK] 1654765111516,CSR
glCanvas.js:1127 [BENCHMARK] 1654765111520,CSR
glCanvas.js:1127 [BENCHMARK] 1654765111521,CSR
glCanvas.js:1127 [BENCHMARK] 1654765111531,CSR
glCanvas.js:1127 [BENCHMARK] 1654765111563,CSR
glCanvas.js:1127 [BENCHMARK] 1654765111578,CSR
glCanvas.js:1127 [BENCHMARK] 1654765111614,CSR
glCanvas.js:1127 [BENCHMARK] 1654765111733,CSR
glCanvas.js:1127 [BENCHMARK] 1654765111735,CSR
glCanvas.js:1127 [BENCHMARK] 1654765111740,CSR
glCanvas.js:1127 [BENCHMARK] 1654765111741,CSR
glCanvas.js:1127 [BENCHMARK] 1654765111744,CSR
glCanvas.js:1127 [BENCHMARK] 1654765111745,CSR
glCanvas.js:1127 [BENCHMARK] 1654765111749,CSR
glCanvas.js:1127 [BENCHMARK] 1654765111750,CSR
glCanvas.js:1127 [BENCHMARK] 1654765111774,CSR
glCanvas.js:1127 [BENCHMARK] 1654765111775,CSR
glCanvas.js:1127 [BENCHMARK] 1654765111776,CSR
glCanvas.js:1127 [BENCHMARK] 1654765111777,CSR
glCanvas.js:1127 [BENCHMARK] 1654765111778,CSR
glCanvas.js:1127 [BENCHMARK] 1654765111779,CSR
glCanvas.js:1127 [BENCHMARK] 1654765111779,CSR
glCanvas.js:1127 [BENCHMARK] 1654765111780,CSR
glCanvas.js:1127 [BENCHMARK] 1654765111782,CSR
glCanvas.js:1127 [BENCHMARK] 1654765111783,CSR
glCanvas.js:1127 [BENCHMARK] 1654765111785,CSR
glCanvas.js:1127 [BENCHMARK] 1654765111785,CSR
glCanvas.js:1127 [BENCHMARK] 1654765111787,CSR
glCanvas.js:1127 [BENCHMARK] 1654765111837,CSR
glCanvas.js:1127 [BENCHMARK] 1654765112044,CSR
glCanvas.js:1127 [BENCHMARK] 1654765112046,CSR
glCanvas.js:1127 [BENCHMARK] 1654765112048,CSR
glCanvas.js:1127 [BENCHMARK] 1654765112049,CSR
glCanvas.js:1127 [BENCHMARK] 1654765112051,CSR
glCanvas.js:1127 [BENCHMARK] 1654765112052,CSR
glCanvas.js:1107 [BENCHMARK] 1654765112053,X
glCanvas.js:1107 [BENCHMARK] 1654765112054,X
glCanvas.js:1107 [BENCHMARK] 1654765112055,X
glCanvas.js:1107 [BENCHMARK] 1654765112056,X
glCanvas.js:1107 [BENCHMARK] 1654765112057,X
glCanvas.js:1107 [BENCHMARK] 1654765112058,X
glCanvas.js:1107 [BENCHMARK] 1654765112060,X
glCanvas.js:1107 [BENCHMARK] 1654765112060,X
glCanvas.js:1107 [BENCHMARK] 1654765112062,X
glCanvas.js:1107 [BENCHMARK] 1654765112063,X
glCanvas.js:1107 [BENCHMARK] 1654765112064,X
glCanvas.js:1107 [BENCHMARK] 1654765112065,X
glCanvas.js:1107 [BENCHMARK] 1654765112066,X
glCanvas.js:1107 [BENCHMARK] 1654765112066,X
glCanvas.js:1107 [BENCHMARK] 1654765112068,X
glCanvas.js:1107 [BENCHMARK] 1654765112098,X
glCanvas.js:1107 [BENCHMARK] 1654765112165,X
glCanvas.js:1107 [BENCHMARK] 1654765112200,X
glCanvas.js:1107 [BENCHMARK] 1654765112223,X
glCanvas.js:1107 [BENCHMARK] 1654765112251,X
glCanvas.js:1107 [BENCHMARK] 1654765112251,X
glCanvas.js:1107 [BENCHMARK] 1654765112256,X
glCanvas.js:1107 [BENCHMARK] 1654765112257,X
glCanvas.js:1107 [BENCHMARK] 1654765112259,X
glCanvas.js:1107 [BENCHMARK] 1654765112262,X
glCanvas.js:1107 [BENCHMARK] 1654765112263,X
glCanvas.js:1107 [BENCHMARK] 1654765112269,X
glCanvas.js:1107 [BENCHMARK] 1654765112269,X
glCanvas.js:1107 [BENCHMARK] 1654765112273,X
glCanvas.js:1107 [BENCHMARK] 1654765112274,X
glCanvas.js:1107 [BENCHMARK] 1654765112279,X
glCanvas.js:1107 [BENCHMARK] 1654765112280,X
glCanvas.js:1107 [BENCHMARK] 1654765112283,X
glCanvas.js:1107 [BENCHMARK] 1654765112284,X
glCanvas.js:1107 [BENCHMARK] 1654765112285,X
glCanvas.js:1107 [BENCHMARK] 1654765112290,X
glCanvas.js:1107 [BENCHMARK] 1654765112290,X
glCanvas.js:1107 [BENCHMARK] 1654765112295,X
glCanvas.js:1107 [BENCHMARK] 1654765112296,X
glCanvas.js:1107 [BENCHMARK] 1654765112301,X
glCanvas.js:1107 [BENCHMARK] 1654765112302,X
glCanvas.js:1107 [BENCHMARK] 1654765112306,X
glCanvas.js:1107 [BENCHMARK] 1654765112307,X
glCanvas.js:1107 [BENCHMARK] 1654765112312,X
glCanvas.js:1107 [BENCHMARK] 1654765112313,X
glCanvas.js:1107 [BENCHMARK] 1654765112316,X
glCanvas.js:1107 [BENCHMARK] 1654765112398,X
glCanvas.js:1107 [BENCHMARK] 1654765112420,X
glCanvas.js:1107 [BENCHMARK] 1654765112472,X
glCanvas.js:1107 [BENCHMARK] 1654765112492,X
glCanvas.js:1107 [BENCHMARK] 1654765112521,X
glCanvas.js:1107 [BENCHMARK] 1654765112521,X
glCanvas.js:1107 [BENCHMARK] 1654765112526,X
glCanvas.js:1107 [BENCHMARK] 1654765112527,X
glCanvas.js:1107 [BENCHMARK] 1654765112528,X
glCanvas.js:1107 [BENCHMARK] 1654765112532,X
glCanvas.js:1107 [BENCHMARK] 1654765112533,X
glCanvas.js:1107 [BENCHMARK] 1654765112538,X
glCanvas.js:1107 [BENCHMARK] 1654765112539,X
glCanvas.js:1107 [BENCHMARK] 1654765112543,X
glCanvas.js:1107 [BENCHMARK] 1654765112544,X
glCanvas.js:1107 [BENCHMARK] 1654765112549,X
glCanvas.js:1107 [BENCHMARK] 1654765112550,X
glCanvas.js:1107 [BENCHMARK] 1654765112561,X
glCanvas.js:1107 [BENCHMARK] 1654765112562,X
glCanvas.js:1107 [BENCHMARK] 1654765112563,X
glCanvas.js:1107 [BENCHMARK] 1654765112563,X
glCanvas.js:1107 [BENCHMARK] 1654765112565,X
glCanvas.js:1107 [BENCHMARK] 1654765112566,X
glCanvas.js:1107 [BENCHMARK] 1654765112567,X
glCanvas.js:1107 [BENCHMARK] 1654765112573,X
glCanvas.js:1107 [BENCHMARK] 1654765112574,X
glCanvas.js:1107 [BENCHMARK] 1654765112577,X
glCanvas.js:1107 [BENCHMARK] 1654765112578,X
glCanvas.js:1107 [BENCHMARK] 1654765112582,X
glCanvas.js:1107 [BENCHMARK] 1654765112583,X
glCanvas.js:1107 [BENCHMARK] 1654765112590,X
glCanvas.js:1107 [BENCHMARK] 1654765112595,X
glCanvas.js:1107 [BENCHMARK] 1654765112610,X
glCanvas.js:1107 [BENCHMARK] 1654765112638,X
glCanvas.js:1107 [BENCHMARK] 1654765112659,X
glCanvas.js:1107 [BENCHMARK] 1654765112691,X
glCanvas.js:1107 [BENCHMARK] 1654765112694,X
glCanvas.js:1107 [BENCHMARK] 1654765112695,X
glCanvas.js:1107 [BENCHMARK] 1654765112724,X
glCanvas.js:1107 [BENCHMARK] 1654765112746,X
glCanvas.js:1107 [BENCHMARK] 1654765112769,X
glCanvas.js:1107 [BENCHMARK] 1654765112803,X
glCanvas.js:1107 [BENCHMARK] 1654765112825,X
glCanvas.js:1107 [BENCHMARK] 1654765112857,X
glCanvas.js:1107 [BENCHMARK] 1654765112890,X
glCanvas.js:1107 [BENCHMARK] 1654765112924,X
glCanvas.js:1107 [BENCHMARK] 1654765112971,X
glCanvas.js:1107 [BENCHMARK] 1654765113017,X
glCanvas.js:1107 [BENCHMARK] 1654765113048,X
glCanvas.js:1107 [BENCHMARK] 1654765113081,X
glCanvas.js:1107 [BENCHMARK] 1654765113106,X
glCanvas.js:1107 [BENCHMARK] 1654765113127,X
glCanvas.js:1107 [BENCHMARK] 1654765113176,X
glCanvas.js:1107 [BENCHMARK] 1654765113238,X
glCanvas.js:1107 [BENCHMARK] 1654765113275,X
glCanvas.js:1107 [BENCHMARK] 1654765113305,X
glCanvas.js:1107 [BENCHMARK] 1654765113349,X
glCanvas.js:1107 [BENCHMARK] 1654765113399,X
glCanvas.js:1107 [BENCHMARK] 1654765113435,X
glCanvas.js:1107 [BENCHMARK] 1654765113455,X
glCanvas.js:1107 [BENCHMARK] 1654765113491,X
glCanvas.js:1107 [BENCHMARK] 1654765113525,X
glCanvas.js:1107 [BENCHMARK] 1654765113546,X
glCanvas.js:1107 [BENCHMARK] 1654765113567,X
glCanvas.js:1107 [BENCHMARK] 1654765113600,X
glCanvas.js:1107 [BENCHMARK] 1654765113623,X
glCanvas.js:1107 [BENCHMARK] 1654765113656,X
glCanvas.js:1107 [BENCHMARK] 1654765113676,X
glCanvas.js:1107 [BENCHMARK] 1654765113712,X
glCanvas.js:1107 [BENCHMARK] 1654765113749,X
glCanvas.js:1107 [BENCHMARK] 1654765113783,X
glCanvas.js:1107 [BENCHMARK] 1654765113795,X
glCanvas.js:1107 [BENCHMARK] 1654765113800,X
glCanvas.js:1107 [BENCHMARK] 1654765113805,X
glCanvas.js:1107 [BENCHMARK] 1654765113811,X
glCanvas.js:1107 [BENCHMARK] 1654765113816,X
glCanvas.js:1107 [BENCHMARK] 1654765113820,X
glCanvas.js:1107 [BENCHMARK] 1654765113823,X
glCanvas.js:1107 [BENCHMARK] 1654765113828,X
glCanvas.js:1107 [BENCHMARK] 1654765113833,X
glCanvas.js:1107 [BENCHMARK] 1654765113839,X
glCanvas.js:1107 [BENCHMARK] 1654765113844,X
glCanvas.js:1107 [BENCHMARK] 1654765113851,X
glCanvas.js:1107 [BENCHMARK] 1654765113948,X
glCanvas.js:1107 [BENCHMARK] 1654765113980,X
glCanvas.js:1107 [BENCHMARK] 1654765114015,X
glCanvas.js:1107 [BENCHMARK] 1654765114047,X
glCanvas.js:1107 [BENCHMARK] 1654765114054,X
glCanvas.js:1107 [BENCHMARK] 1654765114059,X
glCanvas.js:1107 [BENCHMARK] 1654765114064,X
glCanvas.js:1107 [BENCHMARK] 1654765114070,X
glCanvas.js:1107 [BENCHMARK] 1654765114075,X
glCanvas.js:1107 [BENCHMARK] 1654765114080,X
glCanvas.js:1107 [BENCHMARK] 1654765114082,X
glCanvas.js:1107 [BENCHMARK] 1654765114086,X
glCanvas.js:1107 [BENCHMARK] 1654765114092,X
glCanvas.js:1107 [BENCHMARK] 1654765114098,X
glCanvas.js:1107 [BENCHMARK] 1654765114103,X
glCanvas.js:1107 [BENCHMARK] 1654765114146,X
glCanvas.js:1107 [BENCHMARK] 1654765114181,X
glCanvas.js:1107 [BENCHMARK] 1654765114230,X
glCanvas.js:1107 [BENCHMARK] 1654765114263,X
glCanvas.js:1107 [BENCHMARK] 1654765114296,X
glCanvas.js:1107 [BENCHMARK] 1654765114312,X
glCanvas.js:1107 [BENCHMARK] 1654765114318,X
glCanvas.js:1107 [BENCHMARK] 1654765114323,X
glCanvas.js:1107 [BENCHMARK] 1654765114329,X
glCanvas.js:1107 [BENCHMARK] 1654765114333,X
glCanvas.js:1107 [BENCHMARK] 1654765114348,X
glCanvas.js:1107 [BENCHMARK] 1654765114349,X
glCanvas.js:1107 [BENCHMARK] 1654765114350,X
glCanvas.js:1107 [BENCHMARK] 1654765114351,X
glCanvas.js:1107 [BENCHMARK] 1654765114357,X
glCanvas.js:1107 [BENCHMARK] 1654765114363,X
glCanvas.js:1107 [BENCHMARK] 1654765114366,X
glCanvas.js:1107 [BENCHMARK] 1654765114398,X
glCanvas.js:1107 [BENCHMARK] 1654765114428,X
glCanvas.js:1107 [BENCHMARK] 1654765114443,X
glCanvas.js:1107 [BENCHMARK] 1654765114457,X
glCanvas.js:1107 [BENCHMARK] 1654765114511,X
glCanvas.js:1107 [BENCHMARK] 1654765114546,X
glCanvas.js:1107 [BENCHMARK] 1654765114586,X
glCanvas.js:1107 [BENCHMARK] 1654765114615,X
glCanvas.js:1107 [BENCHMARK] 1654765114667,X
glCanvas.js:1107 [BENCHMARK] 1654765114671,X
glCanvas.js:1107 [BENCHMARK] 1654765114708,X
glCanvas.js:1107 [BENCHMARK] 1654765114730,X
glCanvas.js:1107 [BENCHMARK] 1654765114751,X
glCanvas.js:1107 [BENCHMARK] 1654765114772,X
glCanvas.js:1107 [BENCHMARK] 1654765114793,X
glCanvas.js:1107 [BENCHMARK] 1654765114814,X
glCanvas.js:1107 [BENCHMARK] 1654765114836,X
glCanvas.js:1107 [BENCHMARK] 1654765114857,X
glCanvas.js:1107 [BENCHMARK] 1654765114879,X
glCanvas.js:1107 [BENCHMARK] 1654765114899,X
glCanvas.js:1107 [BENCHMARK] 1654765114920,X
glCanvas.js:1107 [BENCHMARK] 1654765114944,X
glCanvas.js:1107 [BENCHMARK] 1654765114967,X
glCanvas.js:1107 [BENCHMARK] 1654765114993,X
glCanvas.js:1107 [BENCHMARK] 1654765115016,X
glCanvas.js:1107 [BENCHMARK] 1654765115038,X
glCanvas.js:1107 [BENCHMARK] 1654765115060,X
glCanvas.js:1107 [BENCHMARK] 1654765115081,X
glCanvas.js:1107 [BENCHMARK] 1654765115102,X
glCanvas.js:1107 [BENCHMARK] 1654765115122,X
glCanvas.js:1107 [BENCHMARK] 1654765115145,X
glCanvas.js:1107 [BENCHMARK] 1654765115169,X
glCanvas.js:1107 [BENCHMARK] 1654765115191,X
glCanvas.js:1107 [BENCHMARK] 1654765115212,X
glCanvas.js:1107 [BENCHMARK] 1654765115236,X
glCanvas.js:1107 [BENCHMARK] 1654765115262,X
glCanvas.js:1107 [BENCHMARK] 1654765115285,X
glCanvas.js:1107 [BENCHMARK] 1654765115316,X
glCanvas.js:1107 [BENCHMARK] 1654765115347,X
glCanvas.js:1127 [BENCHMARK] 1654765115372,CSR
glCanvas.js:1127 [BENCHMARK] 1654765115375,CSR
glCanvas.js:1127 [BENCHMARK] 1654765115379,CSR
glCanvas.js:1127 [BENCHMARK] 1654765115384,CSR
glCanvas.js:1127 [BENCHMARK] 1654765115386,CSR
glCanvas.js:1127 [BENCHMARK] 1654765115397,CSR
glCanvas.js:1127 [BENCHMARK] 1654765115399,CSR
glCanvas.js:1127 [BENCHMARK] 1654765115410,CSR
glCanvas.js:1127 [BENCHMARK] 1654765115411,CSR
glCanvas.js:1127 [BENCHMARK] 1654765115415,CSR
glCanvas.js:1127 [BENCHMARK] 1654765115423,CSR
glCanvas.js:1127 [BENCHMARK] 1654765115424,CSR
glCanvas.js:1127 [BENCHMARK] 1654765115435,CSR
glCanvas.js:1127 [BENCHMARK] 1654765115436,CSR
glCanvas.js:1127 [BENCHMARK] 1654765115446,CSR
glCanvas.js:1127 [BENCHMARK] 1654765115450,CSR
glCanvas.js:1127 [BENCHMARK] 1654765115452,CSR
glCanvas.js:1127 [BENCHMARK] 1654765115461,CSR
glCanvas.js:1127 [BENCHMARK] 1654765115463,CSR
glCanvas.js:1127 [BENCHMARK] 1654765115474,CSR
glCanvas.js:1127 [BENCHMARK] 1654765115475,CSR
glCanvas.js:1127 [BENCHMARK] 1654765115486,CSR
glCanvas.js:1127 [BENCHMARK] 1654765115488,CSR
glCanvas.js:1127 [BENCHMARK] 1654765115490,CSR
glCanvas.js:1127 [BENCHMARK] 1654765115518,CSR
filmbox2.js:1537 [BENCHMARK] 1654765115520,fullLoad
glCanvas.js:1127 [BENCHMARK] 1654765115732,CSR
glCanvas.js:1127 [BENCHMARK] 1654765115734,CSR
glCanvas.js:1127 [BENCHMARK] 1654765115736,CSR
glCanvas.js:1127 [BENCHMARK] 1654765115737,CSR
glCanvas.js:1127 [BENCHMARK] 1654765115739,CSR
glCanvas.js:1127 [BENCHMARK] 1654765115741,CSR
glCanvas.js:1127 [BENCHMARK] 1654765115746,CSR
glCanvas.js:1127 [BENCHMARK] 1654765115748,CSR
glCanvas.js:1127 [BENCHMARK] 1654765115760,CSR
glCanvas.js:1127 [BENCHMARK] 1654765115762,CSR
glCanvas.js:1127 [BENCHMARK] 1654765115773,CSR
glCanvas.js:1127 [BENCHMARK] 1654765115775,CSR
glCanvas.js:1127 [BENCHMARK] 1654765115789,CSR
glCanvas.js:1127 [BENCHMARK] 1654765115799,CSR
glCanvas.js:1127 [BENCHMARK] 1654765115800,CSR
glCanvas.js:1127 [BENCHMARK] 1654765115802,CSR
glCanvas.js:1127 [BENCHMARK] 1654765115810,CSR
glCanvas.js:1127 [BENCHMARK] 1654765115812,CSR
glCanvas.js:1127 [BENCHMARK] 1654765115835,CSR
glCanvas.js:1127 [BENCHMARK] 1654765115837,CSR
glCanvas.js:1127 [BENCHMARK] 1654765116043,CSR
glCanvas.js:1127 [BENCHMARK] 1654765116046,CSR
glCanvas.js:1127 [BENCHMARK] 1654765116057,CSR
glCanvas.js:1127 [BENCHMARK] 1654765116060,CSR
glCanvas.js:1127 [BENCHMARK] 1654765116070,CSR
glCanvas.js:1127 [BENCHMARK] 1654765116072,CSR
glCanvas.js:1127 [BENCHMARK] 1654765116082,CSR
glCanvas.js:1127 [BENCHMARK] 1654765116083,CSR
glCanvas.js:1127 [BENCHMARK] 1654765116095,CSR
glCanvas.js:1127 [BENCHMARK] 1654765116096,CSR
glCanvas.js:1127 [BENCHMARK] 1654765116107,CSR
glCanvas.js:1127 [BENCHMARK] 1654765116109,CSR
glCanvas.js:1127 [BENCHMARK] 1654765116121,CSR
glCanvas.js:1127 [BENCHMARK] 1654765116124,CSR
glCanvas.js:1127 [BENCHMARK] 1654765116135,CSR
glCanvas.js:1127 [BENCHMARK] 1654765116138,CSR
glCanvas.js:1127 [BENCHMARK] 1654765116147,CSR
glCanvas.js:1127 [BENCHMARK] 1654765116150,CSR
glCanvas.js:1127 [BENCHMARK] 1654765116161,CSR
glCanvas.js:1127 [BENCHMARK] 1654765116163,CSR
glCanvas.js:1127 [BENCHMARK] 1654765116382,CSR
glCanvas.js:1127 [BENCHMARK] 1654765116384,CSR
glCanvas.js:1127 [BENCHMARK] 1654765116395,CSR
glCanvas.js:1127 [BENCHMARK] 1654765116398,CSR
glCanvas.js:1127 [BENCHMARK] 1654765116407,CSR
glCanvas.js:1127 [BENCHMARK] 1654765116409,CSR
glCanvas.js:1127 [BENCHMARK] 1654765116420,CSR
glCanvas.js:1127 [BENCHMARK] 1654765116421,CSR
glCanvas.js:1127 [BENCHMARK] 1654765116434,CSR
glCanvas.js:1127 [BENCHMARK] 1654765116437,CSR
glCanvas.js:1127 [BENCHMARK] 1654765116447,CSR
glCanvas.js:1127 [BENCHMARK] 1654765116448,CSR
glCanvas.js:1127 [BENCHMARK] 1654765116459,CSR
glCanvas.js:1127 [BENCHMARK] 1654765116460,CSR
glCanvas.js:1127 [BENCHMARK] 1654765116472,CSR
glCanvas.js:1127 [BENCHMARK] 1654765116473,CSR
glCanvas.js:1127 [BENCHMARK] 1654765116485,CSR
glCanvas.js:1127 [BENCHMARK] 1654765116487,CSR
glCanvas.js:1127 [BENCHMARK] 1654765116499,CSR
glCanvas.js:1127 [BENCHMARK] 1654765116502,CSR
