glCanvas.js:1107 [BENCHMARK] 1654768121668,X
glCanvas.js:1107 [BENCHMARK] 1654768121675,X
glCanvas.js:1107 [BENCHMARK] 1654768121680,X
glCanvas.js:1107 [BENCHMARK] 1654768121898,X
glCanvas.js:1107 [BENCHMARK] 1654768122303,X
glCanvas.js:1107 [BENCHMARK] 1654768122345,X
glCanvas.js:1107 [BENCHMARK] 1654768122349,X
glCanvas.js:1107 [BENCHMARK] 1654768122355,X
glCanvas.js:1107 [BENCHMARK] 1654768122360,X
glCanvas.js:1107 [BENCHMARK] 1654768122363,X
glCanvas.js:1107 [BENCHMARK] 1654768122369,X
glCanvas.js:1107 [BENCHMARK] 1654768122372,X
glCanvas.js:1107 [BENCHMARK] 1654768122384,X
glCanvas.js:1127 [BENCHMARK] 1654768122389,SSR
manager.js:159 [BENCHMARK] 1654768123137,firstRender
glCanvas.js:1127 [BENCHMARK] 1654768123140,SSR
glCanvas.js:1127 [BENCHMARK] 1654768123143,SSR
glCanvas.js:1127 [BENCHMARK] 1654768123156,CSR
glCanvas.js:1127 [BENCHMARK] 1654768123162,CSR
glCanvas.js:1127 [BENCHMARK] 1654768123167,CSR
glCanvas.js:1127 [BENCHMARK] 1654768123190,CSR
glCanvas.js:1127 [BENCHMARK] 1654768123194,CSR
glCanvas.js:1127 [BENCHMARK] 1654768123238,CSR
glCanvas.js:1127 [BENCHMARK] 1654768123240,CSR
glCanvas.js:1127 [BENCHMARK] 1654768123243,CSR
glCanvas.js:1127 [BENCHMARK] 1654768123245,CSR
glCanvas.js:1127 [BENCHMARK] 1654768123260,CSR
glCanvas.js:1127 [BENCHMARK] 1654768123365,CSR
glCanvas.js:1127 [BENCHMARK] 1654768123594,CSR
glCanvas.js:1127 [BENCHMARK] 1654768123636,CSR
glCanvas.js:1127 [BENCHMARK] 1654768123671,CSR
glCanvas.js:1127 [BENCHMARK] 1654768123707,CSR
glCanvas.js:1127 [BENCHMARK] 1654768123745,CSR
glCanvas.js:1127 [BENCHMARK] 1654768123777,CSR
glCanvas.js:1127 [BENCHMARK] 1654768123809,CSR
glCanvas.js:1127 [BENCHMARK] 1654768123839,CSR
glCanvas.js:1127 [BENCHMARK] 1654768123867,CSR
glCanvas.js:1127 [BENCHMARK] 1654768123901,CSR
glCanvas.js:1127 [BENCHMARK] 1654768123987,CSR
glCanvas.js:1127 [BENCHMARK] 1654768124087,CSR
glCanvas.js:1127 [BENCHMARK] 1654768124150,CSR
glCanvas.js:1127 [BENCHMARK] 1654768124226,CSR
glCanvas.js:1127 [BENCHMARK] 1654768124285,CSR
glCanvas.js:1127 [BENCHMARK] 1654768124343,CSR
glCanvas.js:1127 [BENCHMARK] 1654768124356,CSR
glCanvas.js:1127 [BENCHMARK] 1654768124412,CSR
glCanvas.js:1127 [BENCHMARK] 1654768124442,CSR
glCanvas.js:1127 [BENCHMARK] 1654768124445,SSR
glCanvas.js:1127 [BENCHMARK] 1654768124473,SSR
glCanvas.js:1127 [BENCHMARK] 1654768124522,SSR
glCanvas.js:1127 [BENCHMARK] 1654768124586,SSR
glCanvas.js:1127 [BENCHMARK] 1654768124634,SSR
glCanvas.js:1127 [BENCHMARK] 1654768124907,SSR
glCanvas.js:1127 [BENCHMARK] 1654768124914,SSR
glCanvas.js:1127 [BENCHMARK] 1654768124917,SSR
glCanvas.js:1127 [BENCHMARK] 1654768124922,CSR
glCanvas.js:1127 [BENCHMARK] 1654768124926,CSR
glCanvas.js:1127 [BENCHMARK] 1654768124929,CSR
glCanvas.js:1127 [BENCHMARK] 1654768125186,CSR
glCanvas.js:1127 [BENCHMARK] 1654768125328,CSR
glCanvas.js:1127 [BENCHMARK] 1654768125332,CSR
glCanvas.js:1127 [BENCHMARK] 1654768125335,CSR
glCanvas.js:1127 [BENCHMARK] 1654768125347,CSR
glCanvas.js:1127 [BENCHMARK] 1654768125350,CSR
glCanvas.js:1127 [BENCHMARK] 1654768125353,CSR
glCanvas.js:1127 [BENCHMARK] 1654768125369,CSR
glCanvas.js:1127 [BENCHMARK] 1654768125380,CSR
glCanvas.js:1127 [BENCHMARK] 1654768125383,CSR
glCanvas.js:1127 [BENCHMARK] 1654768125465,CSR
glCanvas.js:1127 [BENCHMARK] 1654768125507,CSR
glCanvas.js:1127 [BENCHMARK] 1654768125545,CSR
glCanvas.js:1127 [BENCHMARK] 1654768125557,CSR
glCanvas.js:1127 [BENCHMARK] 1654768125559,CSR
glCanvas.js:1127 [BENCHMARK] 1654768125576,CSR
glCanvas.js:1127 [BENCHMARK] 1654768125578,CSR
glCanvas.js:1127 [BENCHMARK] 1654768125619,CSR
glCanvas.js:1127 [BENCHMARK] 1654768125622,CSR
glCanvas.js:1127 [BENCHMARK] 1654768125654,CSR
glCanvas.js:1127 [BENCHMARK] 1654768125656,CSR
glCanvas.js:1127 [BENCHMARK] 1654768125667,CSR
glCanvas.js:1127 [BENCHMARK] 1654768125669,CSR
glCanvas.js:1127 [BENCHMARK] 1654768125681,CSR
glCanvas.js:1127 [BENCHMARK] 1654768125684,CSR
glCanvas.js:1127 [BENCHMARK] 1654768125695,CSR
glCanvas.js:1127 [BENCHMARK] 1654768125697,CSR
glCanvas.js:1127 [BENCHMARK] 1654768125712,CSR
glCanvas.js:1127 [BENCHMARK] 1654768125713,CSR
glCanvas.js:1127 [BENCHMARK] 1654768125725,CSR
glCanvas.js:1107 [BENCHMARK] 1654768125728,X
glCanvas.js:1107 [BENCHMARK] 1654768125729,X
glCanvas.js:1107 [BENCHMARK] 1654768125759,X
glCanvas.js:1107 [BENCHMARK] 1654768125760,X
glCanvas.js:1107 [BENCHMARK] 1654768125773,X
glCanvas.js:1107 [BENCHMARK] 1654768125777,X
glCanvas.js:1107 [BENCHMARK] 1654768125781,X
glCanvas.js:1107 [BENCHMARK] 1654768125787,X
glCanvas.js:1107 [BENCHMARK] 1654768125791,X
glCanvas.js:1107 [BENCHMARK] 1654768125802,X
glCanvas.js:1107 [BENCHMARK] 1654768125806,X
glCanvas.js:1107 [BENCHMARK] 1654768125810,X
glCanvas.js:1107 [BENCHMARK] 1654768125818,X
glCanvas.js:1107 [BENCHMARK] 1654768125821,X
glCanvas.js:1107 [BENCHMARK] 1654768125962,X
glCanvas.js:1107 [BENCHMARK] 1654768125964,X
glCanvas.js:1107 [BENCHMARK] 1654768125974,X
glCanvas.js:1107 [BENCHMARK] 1654768125976,X
glCanvas.js:1107 [BENCHMARK] 1654768125987,X
glCanvas.js:1107 [BENCHMARK] 1654768125988,X
glCanvas.js:1127 [BENCHMARK] 1654768126000,SSR
glCanvas.js:1127 [BENCHMARK] 1654768126001,SSR
glCanvas.js:1127 [BENCHMARK] 1654768126013,SSR
glCanvas.js:1127 [BENCHMARK] 1654768126014,SSR
glCanvas.js:1127 [BENCHMARK] 1654768126026,SSR
glCanvas.js:1127 [BENCHMARK] 1654768126029,SSR
glCanvas.js:1127 [BENCHMARK] 1654768126039,SSR
glCanvas.js:1127 [BENCHMARK] 1654768126041,SSR
glCanvas.js:1127 [BENCHMARK] 1654768126052,SSR
glCanvas.js:1127 [BENCHMARK] 1654768126053,SSR
glCanvas.js:1127 [BENCHMARK] 1654768126065,SSR
glCanvas.js:1127 [BENCHMARK] 1654768126066,SSR
glCanvas.js:1127 [BENCHMARK] 1654768126079,SSR
glCanvas.js:1127 [BENCHMARK] 1654768126081,SSR
glCanvas.js:1127 [BENCHMARK] 1654768126300,SSR
glCanvas.js:1127 [BENCHMARK] 1654768126302,SSR
glCanvas.js:1127 [BENCHMARK] 1654768126313,SSR
glCanvas.js:1127 [BENCHMARK] 1654768126315,SSR
glCanvas.js:1127 [BENCHMARK] 1654768126325,SSR
glCanvas.js:1127 [BENCHMARK] 1654768126327,SSR
glCanvas.js:1127 [BENCHMARK] 1654768126338,SSR
glCanvas.js:1127 [BENCHMARK] 1654768126339,SSR
glCanvas.js:1107 [BENCHMARK] 1654768126351,X
glCanvas.js:1107 [BENCHMARK] 1654768126352,X
glCanvas.js:1107 [BENCHMARK] 1654768126364,X
glCanvas.js:1107 [BENCHMARK] 1654768126365,X
glCanvas.js:1107 [BENCHMARK] 1654768126376,X
glCanvas.js:1107 [BENCHMARK] 1654768126377,X
glCanvas.js:1107 [BENCHMARK] 1654768126389,X
glCanvas.js:1107 [BENCHMARK] 1654768126390,X
glCanvas.js:1107 [BENCHMARK] 1654768126402,X
glCanvas.js:1107 [BENCHMARK] 1654768126403,X
glCanvas.js:1107 [BENCHMARK] 1654768126415,X
glCanvas.js:1107 [BENCHMARK] 1654768126416,X
glCanvas.js:1107 [BENCHMARK] 1654768126632,X
glCanvas.js:1107 [BENCHMARK] 1654768126633,X
glCanvas.js:1107 [BENCHMARK] 1654768126639,X
glCanvas.js:1107 [BENCHMARK] 1654768126640,X
glCanvas.js:1107 [BENCHMARK] 1654768126644,X
glCanvas.js:1107 [BENCHMARK] 1654768126645,X
glCanvas.js:1107 [BENCHMARK] 1654768126650,X
glCanvas.js:1107 [BENCHMARK] 1654768126651,X
glCanvas.js:1107 [BENCHMARK] 1654768126659,X
glCanvas.js:1107 [BENCHMARK] 1654768126661,X
glCanvas.js:1107 [BENCHMARK] 1654768126663,X
glCanvas.js:1107 [BENCHMARK] 1654768126664,X
glCanvas.js:1107 [BENCHMARK] 1654768126669,X
glCanvas.js:1107 [BENCHMARK] 1654768126670,X
glCanvas.js:1107 [BENCHMARK] 1654768126676,X
glCanvas.js:1107 [BENCHMARK] 1654768126677,X
glCanvas.js:1107 [BENCHMARK] 1654768126681,X
glCanvas.js:1107 [BENCHMARK] 1654768126682,X
glCanvas.js:1107 [BENCHMARK] 1654768126687,X
glCanvas.js:1107 [BENCHMARK] 1654768126687,X
glCanvas.js:1107 [BENCHMARK] 1654768126902,X
glCanvas.js:1107 [BENCHMARK] 1654768126904,X
glCanvas.js:1107 [BENCHMARK] 1654768126909,X
glCanvas.js:1107 [BENCHMARK] 1654768126910,X
glCanvas.js:1107 [BENCHMARK] 1654768126914,X
glCanvas.js:1107 [BENCHMARK] 1654768126916,X
glCanvas.js:1107 [BENCHMARK] 1654768126921,X
glCanvas.js:1107 [BENCHMARK] 1654768126922,X
glCanvas.js:1107 [BENCHMARK] 1654768126926,X
glCanvas.js:1107 [BENCHMARK] 1654768126927,X
glCanvas.js:1107 [BENCHMARK] 1654768126931,X
glCanvas.js:1107 [BENCHMARK] 1654768126932,X
glCanvas.js:1107 [BENCHMARK] 1654768126936,X
glCanvas.js:1107 [BENCHMARK] 1654768126937,X
glCanvas.js:1107 [BENCHMARK] 1654768126942,X
glCanvas.js:1107 [BENCHMARK] 1654768126943,X
glCanvas.js:1127 [BENCHMARK] 1654768126948,SSR
glCanvas.js:1127 [BENCHMARK] 1654768126948,SSR
glCanvas.js:1107 [BENCHMARK] 1654768126953,X
glCanvas.js:1107 [BENCHMARK] 1654768126954,X
glCanvas.js:1107 [BENCHMARK] 1654768127209,X
glCanvas.js:1127 [BENCHMARK] 1654768127447,SSR
glCanvas.js:1127 [BENCHMARK] 1654768127486,CSR
glCanvas.js:1127 [BENCHMARK] 1654768127491,CSR
glCanvas.js:1127 [BENCHMARK] 1654768127495,CSR
glCanvas.js:1127 [BENCHMARK] 1654768127498,CSR
glCanvas.js:1127 [BENCHMARK] 1654768127501,CSR
glCanvas.js:1127 [BENCHMARK] 1654768127518,CSR
glCanvas.js:1127 [BENCHMARK] 1654768127520,CSR
glCanvas.js:1127 [BENCHMARK] 1654768127523,CSR
glCanvas.js:1127 [BENCHMARK] 1654768127537,CSR
glCanvas.js:1127 [BENCHMARK] 1654768127661,CSR
glCanvas.js:1127 [BENCHMARK] 1654768127708,CSR
glCanvas.js:1127 [BENCHMARK] 1654768127723,CSR
glCanvas.js:1127 [BENCHMARK] 1654768127725,CSR
glCanvas.js:1127 [BENCHMARK] 1654768127727,CSR
glCanvas.js:1127 [BENCHMARK] 1654768127743,CSR
glCanvas.js:1127 [BENCHMARK] 1654768127746,CSR
glCanvas.js:1127 [BENCHMARK] 1654768127748,CSR
glCanvas.js:1127 [BENCHMARK] 1654768127751,CSR
glCanvas.js:1127 [BENCHMARK] 1654768127773,CSR
glCanvas.js:1127 [BENCHMARK] 1654768127881,CSR
glCanvas.js:1127 [BENCHMARK] 1654768127928,CSR
glCanvas.js:1127 [BENCHMARK] 1654768127949,CSR
glCanvas.js:1127 [BENCHMARK] 1654768127953,CSR
glCanvas.js:1127 [BENCHMARK] 1654768127958,CSR
glCanvas.js:1127 [BENCHMARK] 1654768127965,CSR
glCanvas.js:1127 [BENCHMARK] 1654768127980,CSR
glCanvas.js:1127 [BENCHMARK] 1654768127982,CSR
glCanvas.js:1127 [BENCHMARK] 1654768127985,CSR
glCanvas.js:1127 [BENCHMARK] 1654768127987,CSR
glCanvas.js:1127 [BENCHMARK] 1654768127995,CSR
glCanvas.js:1127 [BENCHMARK] 1654768128067,CSR
glCanvas.js:1127 [BENCHMARK] 1654768128072,SSR
glCanvas.js:1127 [BENCHMARK] 1654768128133,CSR
glCanvas.js:1127 [BENCHMARK] 1654768128137,CSR
glCanvas.js:1127 [BENCHMARK] 1654768128141,CSR
glCanvas.js:1127 [BENCHMARK] 1654768128143,CSR
glCanvas.js:1127 [BENCHMARK] 1654768128158,CSR
glCanvas.js:1127 [BENCHMARK] 1654768128160,CSR
glCanvas.js:1127 [BENCHMARK] 1654768128162,CSR
glCanvas.js:1127 [BENCHMARK] 1654768128183,CSR
glCanvas.js:1127 [BENCHMARK] 1654768128186,CSR
glCanvas.js:1127 [BENCHMARK] 1654768128190,CSR
glCanvas.js:1127 [BENCHMARK] 1654768128202,CSR
glCanvas.js:1127 [BENCHMARK] 1654768128204,CSR
glCanvas.js:1127 [BENCHMARK] 1654768128212,CSR
glCanvas.js:1127 [BENCHMARK] 1654768128234,CSR
glCanvas.js:1127 [BENCHMARK] 1654768128249,CSR
glCanvas.js:1127 [BENCHMARK] 1654768128251,CSR
glCanvas.js:1127 [BENCHMARK] 1654768128255,CSR
glCanvas.js:1127 [BENCHMARK] 1654768128264,CSR
glCanvas.js:1127 [BENCHMARK] 1654768128266,CSR
glCanvas.js:1127 [BENCHMARK] 1654768128270,CSR
glCanvas.js:1127 [BENCHMARK] 1654768128297,CSR
glCanvas.js:1127 [BENCHMARK] 1654768128386,CSR
glCanvas.js:1127 [BENCHMARK] 1654768128393,CSR
glCanvas.js:1127 [BENCHMARK] 1654768128398,CSR
glCanvas.js:1127 [BENCHMARK] 1654768128406,CSR
glCanvas.js:1127 [BENCHMARK] 1654768128421,CSR
glCanvas.js:1127 [BENCHMARK] 1654768128428,CSR
glCanvas.js:1127 [BENCHMARK] 1654768128436,CSR
glCanvas.js:1127 [BENCHMARK] 1654768128452,CSR
glCanvas.js:1127 [BENCHMARK] 1654768128456,CSR
glCanvas.js:1127 [BENCHMARK] 1654768128462,CSR
glCanvas.js:1127 [BENCHMARK] 1654768128548,CSR
glCanvas.js:1127 [BENCHMARK] 1654768128568,CSR
glCanvas.js:1127 [BENCHMARK] 1654768128581,CSR
glCanvas.js:1127 [BENCHMARK] 1654768128594,CSR
glCanvas.js:1127 [BENCHMARK] 1654768128609,CSR
glCanvas.js:1127 [BENCHMARK] 1654768128613,CSR
glCanvas.js:1127 [BENCHMARK] 1654768128618,CSR
glCanvas.js:1127 [BENCHMARK] 1654768128632,CSR
glCanvas.js:1127 [BENCHMARK] 1654768128637,CSR
glCanvas.js:1127 [BENCHMARK] 1654768128642,CSR
glCanvas.js:1127 [BENCHMARK] 1654768128650,CSR
glCanvas.js:1127 [BENCHMARK] 1654768128654,CSR
glCanvas.js:1127 [BENCHMARK] 1654768128697,CSR
glCanvas.js:1127 [BENCHMARK] 1654768128701,CSR
glCanvas.js:1127 [BENCHMARK] 1654768128704,CSR
glCanvas.js:1127 [BENCHMARK] 1654768128723,CSR
glCanvas.js:1127 [BENCHMARK] 1654768128727,CSR
glCanvas.js:1127 [BENCHMARK] 1654768128730,CSR
glCanvas.js:1127 [BENCHMARK] 1654768128743,CSR
glCanvas.js:1127 [BENCHMARK] 1654768128746,CSR
glCanvas.js:1127 [BENCHMARK] 1654768128750,CSR
glCanvas.js:1127 [BENCHMARK] 1654768128762,CSR
glCanvas.js:1127 [BENCHMARK] 1654768128765,CSR
glCanvas.js:1127 [BENCHMARK] 1654768128768,CSR
glCanvas.js:1127 [BENCHMARK] 1654768128792,CSR
glCanvas.js:1127 [BENCHMARK] 1654768128796,CSR
glCanvas.js:1127 [BENCHMARK] 1654768128799,CSR
glCanvas.js:1127 [BENCHMARK] 1654768128817,CSR
glCanvas.js:1127 [BENCHMARK] 1654768128823,CSR
glCanvas.js:1127 [BENCHMARK] 1654768128829,CSR
glCanvas.js:1127 [BENCHMARK] 1654768128881,CSR
glCanvas.js:1127 [BENCHMARK] 1654768128911,CSR
glCanvas.js:1127 [BENCHMARK] 1654768128920,CSR
glCanvas.js:1127 [BENCHMARK] 1654768128928,CSR
glCanvas.js:1127 [BENCHMARK] 1654768128961,CSR
glCanvas.js:1127 [BENCHMARK] 1654768129000,CSR
glCanvas.js:1127 [BENCHMARK] 1654768129004,CSR
glCanvas.js:1127 [BENCHMARK] 1654768129031,CSR
glCanvas.js:1127 [BENCHMARK] 1654768129041,CSR
glCanvas.js:1127 [BENCHMARK] 1654768129045,CSR
glCanvas.js:1127 [BENCHMARK] 1654768129049,CSR
glCanvas.js:1127 [BENCHMARK] 1654768129067,CSR
glCanvas.js:1127 [BENCHMARK] 1654768129071,CSR
glCanvas.js:1127 [BENCHMARK] 1654768129075,CSR
glCanvas.js:1127 [BENCHMARK] 1654768129092,CSR
glCanvas.js:1127 [BENCHMARK] 1654768129122,CSR
glCanvas.js:1127 [BENCHMARK] 1654768129126,CSR
glCanvas.js:1127 [BENCHMARK] 1654768129129,CSR
glCanvas.js:1127 [BENCHMARK] 1654768129145,CSR
glCanvas.js:1127 [BENCHMARK] 1654768129149,CSR
glCanvas.js:1127 [BENCHMARK] 1654768129152,CSR
glCanvas.js:1127 [BENCHMARK] 1654768129168,CSR
glCanvas.js:1127 [BENCHMARK] 1654768129171,CSR
glCanvas.js:1127 [BENCHMARK] 1654768129174,CSR
glCanvas.js:1127 [BENCHMARK] 1654768129178,CSR
glCanvas.js:1127 [BENCHMARK] 1654768129199,CSR
glCanvas.js:1127 [BENCHMARK] 1654768129201,CSR
glCanvas.js:1127 [BENCHMARK] 1654768129204,CSR
glCanvas.js:1127 [BENCHMARK] 1654768129207,CSR
glCanvas.js:1127 [BENCHMARK] 1654768129211,CSR
glCanvas.js:1127 [BENCHMARK] 1654768129214,CSR
glCanvas.js:1127 [BENCHMARK] 1654768129217,CSR
glCanvas.js:1127 [BENCHMARK] 1654768129248,CSR
glCanvas.js:1127 [BENCHMARK] 1654768129251,CSR
glCanvas.js:1127 [BENCHMARK] 1654768129256,CSR
glCanvas.js:1127 [BENCHMARK] 1654768129260,CSR
glCanvas.js:1127 [BENCHMARK] 1654768129263,CSR
glCanvas.js:1127 [BENCHMARK] 1654768129265,CSR
glCanvas.js:1127 [BENCHMARK] 1654768129268,CSR
glCanvas.js:1127 [BENCHMARK] 1654768129270,CSR
glCanvas.js:1127 [BENCHMARK] 1654768129272,CSR
glCanvas.js:1127 [BENCHMARK] 1654768129274,CSR
glCanvas.js:1127 [BENCHMARK] 1654768129279,CSR
glCanvas.js:1127 [BENCHMARK] 1654768129281,CSR
glCanvas.js:1127 [BENCHMARK] 1654768129328,CSR
glCanvas.js:1127 [BENCHMARK] 1654768129330,CSR
glCanvas.js:1127 [BENCHMARK] 1654768129335,CSR
glCanvas.js:1127 [BENCHMARK] 1654768129341,CSR
glCanvas.js:1127 [BENCHMARK] 1654768129353,CSR
glCanvas.js:1127 [BENCHMARK] 1654768129362,CSR
glCanvas.js:1127 [BENCHMARK] 1654768129364,CSR
glCanvas.js:1127 [BENCHMARK] 1654768129503,CSR
glCanvas.js:1127 [BENCHMARK] 1654768129504,CSR
glCanvas.js:1127 [BENCHMARK] 1654768129508,CSR
glCanvas.js:1127 [BENCHMARK] 1654768129510,CSR
glCanvas.js:1127 [BENCHMARK] 1654768129513,CSR
glCanvas.js:1127 [BENCHMARK] 1654768129515,CSR
glCanvas.js:1127 [BENCHMARK] 1654768129519,CSR
glCanvas.js:1127 [BENCHMARK] 1654768129521,CSR
glCanvas.js:1127 [BENCHMARK] 1654768129543,CSR
glCanvas.js:1127 [BENCHMARK] 1654768129545,CSR
glCanvas.js:1127 [BENCHMARK] 1654768129546,CSR
glCanvas.js:1127 [BENCHMARK] 1654768129547,CSR
glCanvas.js:1127 [BENCHMARK] 1654768129549,CSR
glCanvas.js:1127 [BENCHMARK] 1654768129550,CSR
glCanvas.js:1127 [BENCHMARK] 1654768129552,CSR
glCanvas.js:1127 [BENCHMARK] 1654768129553,CSR
glCanvas.js:1127 [BENCHMARK] 1654768129556,CSR
glCanvas.js:1127 [BENCHMARK] 1654768129559,CSR
glCanvas.js:1127 [BENCHMARK] 1654768129561,CSR
glCanvas.js:1127 [BENCHMARK] 1654768129562,CSR
glCanvas.js:1127 [BENCHMARK] 1654768129817,CSR
glCanvas.js:1127 [BENCHMARK] 1654768130088,CSR
glCanvas.js:1127 [BENCHMARK] 1654768130091,CSR
glCanvas.js:1127 [BENCHMARK] 1654768130093,CSR
glCanvas.js:1127 [BENCHMARK] 1654768130095,CSR
glCanvas.js:1127 [BENCHMARK] 1654768130133,CSR
glCanvas.js:1127 [BENCHMARK] 1654768130136,CSR
glCanvas.js:1127 [BENCHMARK] 1654768130140,CSR
glCanvas.js:1127 [BENCHMARK] 1654768130156,CSR
glCanvas.js:1127 [BENCHMARK] 1654768130160,CSR
glCanvas.js:1127 [BENCHMARK] 1654768130163,CSR
glCanvas.js:1127 [BENCHMARK] 1654768130296,CSR
glCanvas.js:1127 [BENCHMARK] 1654768130313,CSR
glCanvas.js:1127 [BENCHMARK] 1654768130315,CSR
glCanvas.js:1127 [BENCHMARK] 1654768130317,CSR
glCanvas.js:1127 [BENCHMARK] 1654768130341,CSR
glCanvas.js:1127 [BENCHMARK] 1654768130346,CSR
glCanvas.js:1127 [BENCHMARK] 1654768130353,CSR
glCanvas.js:1127 [BENCHMARK] 1654768130364,CSR
glCanvas.js:1127 [BENCHMARK] 1654768130370,CSR
glCanvas.js:1127 [BENCHMARK] 1654768130374,CSR
glCanvas.js:1127 [BENCHMARK] 1654768130520,CSR
glCanvas.js:1127 [BENCHMARK] 1654768130548,CSR
glCanvas.js:1127 [BENCHMARK] 1654768130551,CSR
glCanvas.js:1127 [BENCHMARK] 1654768130554,CSR
glCanvas.js:1127 [BENCHMARK] 1654768130558,CSR
glCanvas.js:1127 [BENCHMARK] 1654768130560,CSR
glCanvas.js:1127 [BENCHMARK] 1654768130563,CSR
glCanvas.js:1127 [BENCHMARK] 1654768130587,CSR
glCanvas.js:1127 [BENCHMARK] 1654768130589,CSR
glCanvas.js:1127 [BENCHMARK] 1654768130592,CSR
glCanvas.js:1127 [BENCHMARK] 1654768130594,CSR
glCanvas.js:1127 [BENCHMARK] 1654768130596,CSR
glCanvas.js:1127 [BENCHMARK] 1654768130599,CSR
glCanvas.js:1127 [BENCHMARK] 1654768130621,CSR
glCanvas.js:1127 [BENCHMARK] 1654768130623,CSR
glCanvas.js:1127 [BENCHMARK] 1654768130624,CSR
glCanvas.js:1127 [BENCHMARK] 1654768130626,CSR
glCanvas.js:1127 [BENCHMARK] 1654768130627,CSR
glCanvas.js:1127 [BENCHMARK] 1654768130628,CSR
glCanvas.js:1127 [BENCHMARK] 1654768130650,CSR
glCanvas.js:1127 [BENCHMARK] 1654768130671,CSR
glCanvas.js:1127 [BENCHMARK] 1654768130674,CSR
glCanvas.js:1127 [BENCHMARK] 1654768130677,CSR
glCanvas.js:1127 [BENCHMARK] 1654768130736,CSR
glCanvas.js:1127 [BENCHMARK] 1654768130774,CSR
glCanvas.js:1127 [BENCHMARK] 1654768130779,CSR
glCanvas.js:1127 [BENCHMARK] 1654768130781,CSR
glCanvas.js:1127 [BENCHMARK] 1654768130783,CSR
glCanvas.js:1127 [BENCHMARK] 1654768130822,CSR
glCanvas.js:1127 [BENCHMARK] 1654768130844,CSR
glCanvas.js:1127 [BENCHMARK] 1654768130847,CSR
glCanvas.js:1127 [BENCHMARK] 1654768130850,CSR
glCanvas.js:1127 [BENCHMARK] 1654768130854,CSR
glCanvas.js:1127 [BENCHMARK] 1654768130860,CSR
glCanvas.js:1127 [BENCHMARK] 1654768130866,CSR
glCanvas.js:1127 [BENCHMARK] 1654768130871,CSR
glCanvas.js:1127 [BENCHMARK] 1654768130877,CSR
glCanvas.js:1127 [BENCHMARK] 1654768130887,CSR
glCanvas.js:1127 [BENCHMARK] 1654768130888,CSR
glCanvas.js:1127 [BENCHMARK] 1654768130891,CSR
glCanvas.js:1127 [BENCHMARK] 1654768130893,CSR
glCanvas.js:1127 [BENCHMARK] 1654768130897,CSR
glCanvas.js:1127 [BENCHMARK] 1654768130899,CSR
glCanvas.js:1127 [BENCHMARK] 1654768130902,CSR
glCanvas.js:1127 [BENCHMARK] 1654768130931,CSR
glCanvas.js:1127 [BENCHMARK] 1654768130934,CSR
glCanvas.js:1127 [BENCHMARK] 1654768130945,CSR
glCanvas.js:1127 [BENCHMARK] 1654768130994,CSR
glCanvas.js:1127 [BENCHMARK] 1654768131005,CSR
glCanvas.js:1127 [BENCHMARK] 1654768131007,CSR
glCanvas.js:1127 [BENCHMARK] 1654768131009,CSR
glCanvas.js:1127 [BENCHMARK] 1654768131052,CSR
glCanvas.js:1127 [BENCHMARK] 1654768131061,CSR
glCanvas.js:1127 [BENCHMARK] 1654768131098,CSR
glCanvas.js:1127 [BENCHMARK] 1654768131109,CSR
glCanvas.js:1127 [BENCHMARK] 1654768131131,CSR
glCanvas.js:1127 [BENCHMARK] 1654768131134,CSR
glCanvas.js:1127 [BENCHMARK] 1654768131145,CSR
glCanvas.js:1127 [BENCHMARK] 1654768131148,CSR
glCanvas.js:1127 [BENCHMARK] 1654768131159,CSR
glCanvas.js:1127 [BENCHMARK] 1654768131161,CSR
glCanvas.js:1127 [BENCHMARK] 1654768131171,CSR
glCanvas.js:1127 [BENCHMARK] 1654768131185,CSR
glCanvas.js:1127 [BENCHMARK] 1654768131199,CSR
glCanvas.js:1127 [BENCHMARK] 1654768131212,CSR
glCanvas.js:1127 [BENCHMARK] 1654768131222,CSR
glCanvas.js:1127 [BENCHMARK] 1654768131227,CSR
glCanvas.js:1127 [BENCHMARK] 1654768131240,CSR
glCanvas.js:1127 [BENCHMARK] 1654768131245,CSR
glCanvas.js:1127 [BENCHMARK] 1654768131254,CSR
glCanvas.js:1127 [BENCHMARK] 1654768131286,CSR
glCanvas.js:1127 [BENCHMARK] 1654768131309,CSR
glCanvas.js:1127 [BENCHMARK] 1654768131312,CSR
glCanvas.js:1127 [BENCHMARK] 1654768131316,CSR
glCanvas.js:1127 [BENCHMARK] 1654768131319,CSR
glCanvas.js:1127 [BENCHMARK] 1654768131366,CSR
glCanvas.js:1127 [BENCHMARK] 1654768131384,CSR
glCanvas.js:1127 [BENCHMARK] 1654768131438,CSR
glCanvas.js:1127 [BENCHMARK] 1654768131457,CSR
glCanvas.js:1127 [BENCHMARK] 1654768131461,CSR
glCanvas.js:1127 [BENCHMARK] 1654768131464,CSR
glCanvas.js:1127 [BENCHMARK] 1654768131470,CSR
glCanvas.js:1127 [BENCHMARK] 1654768131484,CSR
glCanvas.js:1127 [BENCHMARK] 1654768131493,CSR
glCanvas.js:1127 [BENCHMARK] 1654768131497,CSR
glCanvas.js:1127 [BENCHMARK] 1654768131509,CSR
glCanvas.js:1127 [BENCHMARK] 1654768131522,CSR
glCanvas.js:1127 [BENCHMARK] 1654768131524,CSR
glCanvas.js:1127 [BENCHMARK] 1654768131527,CSR
glCanvas.js:1127 [BENCHMARK] 1654768131542,CSR
glCanvas.js:1127 [BENCHMARK] 1654768131545,CSR
glCanvas.js:1127 [BENCHMARK] 1654768131547,CSR
glCanvas.js:1127 [BENCHMARK] 1654768131549,CSR
glCanvas.js:1127 [BENCHMARK] 1654768131567,CSR
glCanvas.js:1127 [BENCHMARK] 1654768131573,CSR
glCanvas.js:1127 [BENCHMARK] 1654768131582,CSR
glCanvas.js:1127 [BENCHMARK] 1654768131592,CSR
glCanvas.js:1127 [BENCHMARK] 1654768131654,CSR
glCanvas.js:1127 [BENCHMARK] 1654768131675,CSR
glCanvas.js:1127 [BENCHMARK] 1654768131679,CSR
glCanvas.js:1127 [BENCHMARK] 1654768131711,CSR
glCanvas.js:1127 [BENCHMARK] 1654768131746,CSR
glCanvas.js:1127 [BENCHMARK] 1654768131749,CSR
glCanvas.js:1127 [BENCHMARK] 1654768131756,CSR
glCanvas.js:1127 [BENCHMARK] 1654768131760,CSR
glCanvas.js:1127 [BENCHMARK] 1654768131799,CSR
glCanvas.js:1127 [BENCHMARK] 1654768131805,CSR
glCanvas.js:1127 [BENCHMARK] 1654768131825,CSR
glCanvas.js:1127 [BENCHMARK] 1654768131900,CSR
glCanvas.js:1127 [BENCHMARK] 1654768131904,CSR
glCanvas.js:1127 [BENCHMARK] 1654768131907,CSR
glCanvas.js:1127 [BENCHMARK] 1654768131910,CSR
glCanvas.js:1127 [BENCHMARK] 1654768131925,CSR
glCanvas.js:1127 [BENCHMARK] 1654768131927,CSR
glCanvas.js:1127 [BENCHMARK] 1654768131929,CSR
glCanvas.js:1127 [BENCHMARK] 1654768131945,CSR
glCanvas.js:1127 [BENCHMARK] 1654768131949,CSR
glCanvas.js:1127 [BENCHMARK] 1654768131953,CSR
glCanvas.js:1127 [BENCHMARK] 1654768131970,CSR
glCanvas.js:1127 [BENCHMARK] 1654768131978,CSR
glCanvas.js:1127 [BENCHMARK] 1654768131984,CSR
glCanvas.js:1127 [BENCHMARK] 1654768132054,CSR
glCanvas.js:1127 [BENCHMARK] 1654768132062,CSR
glCanvas.js:1127 [BENCHMARK] 1654768132066,CSR
glCanvas.js:1127 [BENCHMARK] 1654768132075,CSR
glCanvas.js:1127 [BENCHMARK] 1654768132088,CSR
glCanvas.js:1127 [BENCHMARK] 1654768132091,CSR
glCanvas.js:1127 [BENCHMARK] 1654768132094,CSR
glCanvas.js:1127 [BENCHMARK] 1654768132176,CSR
glCanvas.js:1127 [BENCHMARK] 1654768132197,CSR
glCanvas.js:1127 [BENCHMARK] 1654768132200,CSR
glCanvas.js:1127 [BENCHMARK] 1654768132202,CSR
glCanvas.js:1127 [BENCHMARK] 1654768132218,CSR
glCanvas.js:1127 [BENCHMARK] 1654768132220,CSR
glCanvas.js:1127 [BENCHMARK] 1654768132222,CSR
glCanvas.js:1127 [BENCHMARK] 1654768132230,CSR
glCanvas.js:1127 [BENCHMARK] 1654768132232,CSR
glCanvas.js:1127 [BENCHMARK] 1654768132236,CSR
filmbox2.js:1550 [BENCHMARK] 1654768132238,fullLoad
glCanvas.js:1127 [BENCHMARK] 1654768132618,CSR
glCanvas.js:1127 [BENCHMARK] 1654768132697,CSR
glCanvas.js:1127 [BENCHMARK] 1654768132700,CSR
glCanvas.js:1127 [BENCHMARK] 1654768132825,CSR
glCanvas.js:1127 [BENCHMARK] 1654768133802,CSR
glCanvas.js:1127 [BENCHMARK] 1654768133804,CSR
glCanvas.js:1127 [BENCHMARK] 1654768133806,CSR
glCanvas.js:1127 [BENCHMARK] 1654768133807,CSR
glCanvas.js:1127 [BENCHMARK] 1654768133818,CSR
glCanvas.js:1127 [BENCHMARK] 1654768133819,CSR
glCanvas.js:1127 [BENCHMARK] 1654768133820,CSR
glCanvas.js:1127 [BENCHMARK] 1654768133821,CSR
glCanvas.js:1127 [BENCHMARK] 1654768133824,CSR
glCanvas.js:1127 [BENCHMARK] 1654768133825,CSR
glCanvas.js:1127 [BENCHMARK] 1654768133831,CSR
glCanvas.js:1127 [BENCHMARK] 1654768133832,CSR
glCanvas.js:1127 [BENCHMARK] 1654768133835,CSR
glCanvas.js:1127 [BENCHMARK] 1654768133836,CSR
glCanvas.js:1127 [BENCHMARK] 1654768133870,CSR
glCanvas.js:1127 [BENCHMARK] 1654768133871,CSR
glCanvas.js:1127 [BENCHMARK] 1654768133873,CSR
glCanvas.js:1127 [BENCHMARK] 1654768133874,CSR
glCanvas.js:1127 [BENCHMARK] 1654768133876,CSR
glCanvas.js:1127 [BENCHMARK] 1654768133877,CSR
glCanvas.js:1127 [BENCHMARK] 1654768134066,CSR
glCanvas.js:1127 [BENCHMARK] 1654768134069,CSR
glCanvas.js:1127 [BENCHMARK] 1654768134074,CSR
glCanvas.js:1127 [BENCHMARK] 1654768134077,CSR
glCanvas.js:1127 [BENCHMARK] 1654768134081,CSR
glCanvas.js:1127 [BENCHMARK] 1654768134083,CSR
glCanvas.js:1127 [BENCHMARK] 1654768134088,CSR
glCanvas.js:1127 [BENCHMARK] 1654768134089,CSR
glCanvas.js:1127 [BENCHMARK] 1654768134091,CSR
glCanvas.js:1127 [BENCHMARK] 1654768134091,CSR
glCanvas.js:1127 [BENCHMARK] 1654768134094,CSR
glCanvas.js:1127 [BENCHMARK] 1654768134095,CSR
glCanvas.js:1127 [BENCHMARK] 1654768134099,CSR
glCanvas.js:1127 [BENCHMARK] 1654768134100,CSR
glCanvas.js:1127 [BENCHMARK] 1654768134105,CSR
glCanvas.js:1127 [BENCHMARK] 1654768134105,CSR
glCanvas.js:1127 [BENCHMARK] 1654768134110,CSR
glCanvas.js:1127 [BENCHMARK] 1654768134111,CSR
glCanvas.js:1127 [BENCHMARK] 1654768134115,CSR
glCanvas.js:1127 [BENCHMARK] 1654768134116,CSR
glCanvas.js:1127 [BENCHMARK] 1654768134330,CSR
glCanvas.js:1127 [BENCHMARK] 1654768134333,CSR
glCanvas.js:1127 [BENCHMARK] 1654768134336,CSR
glCanvas.js:1127 [BENCHMARK] 1654768134338,CSR
glCanvas.js:1127 [BENCHMARK] 1654768134343,CSR
glCanvas.js:1127 [BENCHMARK] 1654768134345,CSR
glCanvas.js:1127 [BENCHMARK] 1654768134350,CSR
glCanvas.js:1127 [BENCHMARK] 1654768134351,CSR
glCanvas.js:1127 [BENCHMARK] 1654768134354,CSR
glCanvas.js:1127 [BENCHMARK] 1654768134355,CSR
glCanvas.js:1127 [BENCHMARK] 1654768134359,CSR
glCanvas.js:1127 [BENCHMARK] 1654768134361,CSR
glCanvas.js:1127 [BENCHMARK] 1654768134365,CSR
glCanvas.js:1127 [BENCHMARK] 1654768134366,CSR
glCanvas.js:1127 [BENCHMARK] 1654768134375,CSR
glCanvas.js:1127 [BENCHMARK] 1654768134377,CSR
glCanvas.js:1127 [BENCHMARK] 1654768134378,CSR
glCanvas.js:1127 [BENCHMARK] 1654768134379,CSR
glCanvas.js:1127 [BENCHMARK] 1654768134382,CSR
glCanvas.js:1127 [BENCHMARK] 1654768134383,CSR
glCanvas.js:1127 [BENCHMARK] 1654768134597,CSR
glCanvas.js:1127 [BENCHMARK] 1654768134600,CSR
glCanvas.js:1127 [BENCHMARK] 1654768134605,CSR
glCanvas.js:1127 [BENCHMARK] 1654768134609,CSR
glCanvas.js:1127 [BENCHMARK] 1654768134614,CSR
glCanvas.js:1127 [BENCHMARK] 1654768134616,CSR
glCanvas.js:1127 [BENCHMARK] 1654768134624,CSR
glCanvas.js:1127 [BENCHMARK] 1654768134626,CSR
glCanvas.js:1127 [BENCHMARK] 1654768134627,CSR
glCanvas.js:1127 [BENCHMARK] 1654768134628,CSR
glCanvas.js:1127 [BENCHMARK] 1654768134629,CSR
glCanvas.js:1127 [BENCHMARK] 1654768134630,CSR
glCanvas.js:1127 [BENCHMARK] 1654768134632,CSR
glCanvas.js:1127 [BENCHMARK] 1654768134632,CSR
glCanvas.js:1127 [BENCHMARK] 1654768134635,CSR
glCanvas.js:1127 [BENCHMARK] 1654768134636,CSR
glCanvas.js:1127 [BENCHMARK] 1654768134643,CSR
glCanvas.js:1127 [BENCHMARK] 1654768134644,CSR
glCanvas.js:1127 [BENCHMARK] 1654768134646,CSR
glCanvas.js:1127 [BENCHMARK] 1654768134647,CSR
glCanvas.js:1127 [BENCHMARK] 1654768134652,CSR
glCanvas.js:1127 [BENCHMARK] 1654768134653,CSR
glCanvas.js:1127 [BENCHMARK] 1654768134711,CSR
glCanvas.js:1127 [BENCHMARK] 1654768134714,CSR
glCanvas.js:1127 [BENCHMARK] 1654768134872,CSR
glCanvas.js:1127 [BENCHMARK] 1654768134875,CSR
glCanvas.js:1127 [BENCHMARK] 1654768134880,CSR
glCanvas.js:1127 [BENCHMARK] 1654768134883,CSR
glCanvas.js:1127 [BENCHMARK] 1654768134886,CSR
glCanvas.js:1127 [BENCHMARK] 1654768134888,CSR
glCanvas.js:1127 [BENCHMARK] 1654768134903,CSR
glCanvas.js:1127 [BENCHMARK] 1654768134904,CSR
glCanvas.js:1127 [BENCHMARK] 1654768134905,CSR
glCanvas.js:1127 [BENCHMARK] 1654768134907,CSR
glCanvas.js:1127 [BENCHMARK] 1654768134909,CSR
glCanvas.js:1127 [BENCHMARK] 1654768134910,CSR
glCanvas.js:1127 [BENCHMARK] 1654768134912,CSR
glCanvas.js:1127 [BENCHMARK] 1654768134913,CSR
glCanvas.js:1127 [BENCHMARK] 1654768134914,CSR
glCanvas.js:1127 [BENCHMARK] 1654768134915,CSR
glCanvas.js:1127 [BENCHMARK] 1654768134916,CSR
glCanvas.js:1127 [BENCHMARK] 1654768134917,CSR
glCanvas.js:1127 [BENCHMARK] 1654768134963,CSR
glCanvas.js:1127 [BENCHMARK] 1654768134966,CSR
glCanvas.js:1127 [BENCHMARK] 1654768134969,CSR
glCanvas.js:1127 [BENCHMARK] 1654768134972,CSR
glCanvas.js:1127 [BENCHMARK] 1654768134975,CSR
glCanvas.js:1127 [BENCHMARK] 1654768134977,CSR
glCanvas.js:1127 [BENCHMARK] 1654768134981,CSR
glCanvas.js:1127 [BENCHMARK] 1654768135046,CSR
glCanvas.js:1127 [BENCHMARK] 1654768135049,CSR
glCanvas.js:1127 [BENCHMARK] 1654768135233,CSR
glCanvas.js:1127 [BENCHMARK] 1654768136151,CSR
glCanvas.js:1127 [BENCHMARK] 1654768136156,CSR
glCanvas.js:1127 [BENCHMARK] 1654768136162,CSR
glCanvas.js:1127 [BENCHMARK] 1654768136168,CSR
glCanvas.js:1127 [BENCHMARK] 1654768136173,CSR
glCanvas.js:1127 [BENCHMARK] 1654768136179,CSR
glCanvas.js:1127 [BENCHMARK] 1654768136196,CSR
glCanvas.js:1127 [BENCHMARK] 1654768136197,CSR
glCanvas.js:1127 [BENCHMARK] 1654768136199,CSR
glCanvas.js:1127 [BENCHMARK] 1654768136201,CSR
glCanvas.js:1127 [BENCHMARK] 1654768136415,CSR
glCanvas.js:1127 [BENCHMARK] 1654768136422,CSR
glCanvas.js:1127 [BENCHMARK] 1654768136427,CSR
glCanvas.js:1127 [BENCHMARK] 1654768136433,CSR
glCanvas.js:1127 [BENCHMARK] 1654768136438,CSR
glCanvas.js:1127 [BENCHMARK] 1654768136443,CSR
glCanvas.js:1127 [BENCHMARK] 1654768136473,CSR
glCanvas.js:1127 [BENCHMARK] 1654768136477,CSR
glCanvas.js:1127 [BENCHMARK] 1654768136480,CSR
glCanvas.js:1127 [BENCHMARK] 1654768136483,CSR
glCanvas.js:1127 [BENCHMARK] 1654768136682,CSR
glCanvas.js:1127 [BENCHMARK] 1654768136688,CSR
glCanvas.js:1127 [BENCHMARK] 1654768136693,CSR
glCanvas.js:1127 [BENCHMARK] 1654768136699,CSR
glCanvas.js:1127 [BENCHMARK] 1654768136704,CSR
glCanvas.js:1127 [BENCHMARK] 1654768136709,CSR
glCanvas.js:1127 [BENCHMARK] 1654768136744,CSR
glCanvas.js:1127 [BENCHMARK] 1654768136747,CSR
glCanvas.js:1127 [BENCHMARK] 1654768136751,CSR
glCanvas.js:1127 [BENCHMARK] 1654768136754,CSR
glCanvas.js:1127 [BENCHMARK] 1654768137009,CSR
glCanvas.js:1127 [BENCHMARK] 1654768137746,CSR
glCanvas.js:1127 [BENCHMARK] 1654768137748,CSR
glCanvas.js:1127 [BENCHMARK] 1654768137758,CSR
glCanvas.js:1127 [BENCHMARK] 1654768137760,CSR
glCanvas.js:1127 [BENCHMARK] 1654768137770,CSR
glCanvas.js:1127 [BENCHMARK] 1654768137772,CSR
glCanvas.js:1127 [BENCHMARK] 1654768137784,CSR
glCanvas.js:1127 [BENCHMARK] 1654768137785,CSR
glCanvas.js:1127 [BENCHMARK] 1654768137796,CSR
glCanvas.js:1127 [BENCHMARK] 1654768137798,CSR
glCanvas.js:1127 [BENCHMARK] 1654768137811,CSR
glCanvas.js:1127 [BENCHMARK] 1654768137814,CSR
glCanvas.js:1127 [BENCHMARK] 1654768137823,CSR
glCanvas.js:1127 [BENCHMARK] 1654768137826,CSR
glCanvas.js:1127 [BENCHMARK] 1654768137835,CSR
glCanvas.js:1127 [BENCHMARK] 1654768137837,CSR
glCanvas.js:1127 [BENCHMARK] 1654768137848,CSR
glCanvas.js:1127 [BENCHMARK] 1654768137850,CSR
glCanvas.js:1127 [BENCHMARK] 1654768137861,CSR
glCanvas.js:1127 [BENCHMARK] 1654768137863,CSR
glCanvas.js:1127 [BENCHMARK] 1654768138082,CSR
glCanvas.js:1127 [BENCHMARK] 1654768138085,CSR
glCanvas.js:1127 [BENCHMARK] 1654768138095,CSR
glCanvas.js:1127 [BENCHMARK] 1654768138098,CSR
glCanvas.js:1127 [BENCHMARK] 1654768138109,CSR
glCanvas.js:1127 [BENCHMARK] 1654768138111,CSR
glCanvas.js:1127 [BENCHMARK] 1654768138121,CSR
glCanvas.js:1127 [BENCHMARK] 1654768138123,CSR
glCanvas.js:1127 [BENCHMARK] 1654768138134,CSR
glCanvas.js:1127 [BENCHMARK] 1654768138135,CSR
glCanvas.js:1127 [BENCHMARK] 1654768138148,CSR
glCanvas.js:1127 [BENCHMARK] 1654768138151,CSR
glCanvas.js:1127 [BENCHMARK] 1654768138161,CSR
glCanvas.js:1127 [BENCHMARK] 1654768138164,CSR
glCanvas.js:1127 [BENCHMARK] 1654768138174,CSR
glCanvas.js:1127 [BENCHMARK] 1654768138175,CSR
glCanvas.js:1127 [BENCHMARK] 1654768138186,CSR
glCanvas.js:1127 [BENCHMARK] 1654768138187,CSR
glCanvas.js:1127 [BENCHMARK] 1654768138199,CSR
glCanvas.js:1127 [BENCHMARK] 1654768138201,CSR
glCanvas.js:1127 [BENCHMARK] 1654768138420,CSR
glCanvas.js:1127 [BENCHMARK] 1654768138423,CSR
glCanvas.js:1127 [BENCHMARK] 1654768138434,CSR
glCanvas.js:1127 [BENCHMARK] 1654768138437,CSR
glCanvas.js:1127 [BENCHMARK] 1654768138447,CSR
glCanvas.js:1127 [BENCHMARK] 1654768138449,CSR
glCanvas.js:1127 [BENCHMARK] 1654768138460,CSR
glCanvas.js:1127 [BENCHMARK] 1654768138462,CSR
glCanvas.js:1127 [BENCHMARK] 1654768138473,CSR
glCanvas.js:1127 [BENCHMARK] 1654768138474,CSR
glCanvas.js:1127 [BENCHMARK] 1654768138487,CSR
glCanvas.js:1127 [BENCHMARK] 1654768138489,CSR
glCanvas.js:1127 [BENCHMARK] 1654768138499,CSR
glCanvas.js:1127 [BENCHMARK] 1654768138500,CSR
glCanvas.js:1127 [BENCHMARK] 1654768138511,CSR
glCanvas.js:1127 [BENCHMARK] 1654768138513,CSR
glCanvas.js:1127 [BENCHMARK] 1654768138525,CSR
glCanvas.js:1127 [BENCHMARK] 1654768138526,CSR
glCanvas.js:1127 [BENCHMARK] 1654768138538,CSR
glCanvas.js:1127 [BENCHMARK] 1654768138540,CSR
glCanvas.js:1127 [BENCHMARK] 1654768138760,CSR
glCanvas.js:1127 [BENCHMARK] 1654768138764,CSR
glCanvas.js:1127 [BENCHMARK] 1654768138773,CSR
glCanvas.js:1127 [BENCHMARK] 1654768138776,CSR
glCanvas.js:1127 [BENCHMARK] 1654768138785,CSR
glCanvas.js:1127 [BENCHMARK] 1654768138787,CSR
glCanvas.js:1127 [BENCHMARK] 1654768138797,CSR
glCanvas.js:1127 [BENCHMARK] 1654768138799,CSR
glCanvas.js:1127 [BENCHMARK] 1654768138811,CSR
glCanvas.js:1127 [BENCHMARK] 1654768138812,CSR
glCanvas.js:1127 [BENCHMARK] 1654768138824,CSR
glCanvas.js:1127 [BENCHMARK] 1654768138827,CSR
glCanvas.js:1127 [BENCHMARK] 1654768138836,CSR
glCanvas.js:1127 [BENCHMARK] 1654768138837,CSR
glCanvas.js:1127 [BENCHMARK] 1654768138849,CSR
glCanvas.js:1127 [BENCHMARK] 1654768138850,CSR
glCanvas.js:1127 [BENCHMARK] 1654768138863,CSR
glCanvas.js:1127 [BENCHMARK] 1654768138866,CSR
glCanvas.js:1127 [BENCHMARK] 1654768138875,CSR
glCanvas.js:1127 [BENCHMARK] 1654768138877,CSR
glCanvas.js:1127 [BENCHMARK] 1654768139129,CSR
glCanvas.js:1127 [BENCHMARK] 1654768140137,CSR
