glCanvas.js:1107 [BENCHMARK] 1654765184893,X
glCanvas.js:1107 [BENCHMARK] 1654765184900,X
glCanvas.js:1107 [BENCHMARK] 1654765184904,X
glCanvas.js:1107 [BENCHMARK] 1654765185077,X
glCanvas.js:1127 [BENCHMARK] 1654765185407,SSR
manager.js:159 [BENCHMARK] 1654765185825,firstRender
glCanvas.js:1127 [BENCHMARK] 1654765185923,SSR
glCanvas.js:1127 [BENCHMARK] 1654765185925,SSR
glCanvas.js:1127 [BENCHMARK] 1654765185928,SSR
glCanvas.js:1127 [BENCHMARK] 1654765185931,SSR
glCanvas.js:1127 [BENCHMARK] 1654765185944,SSR
glCanvas.js:1127 [BENCHMARK] 1654765186274,SSR
glCanvas.js:1127 [BENCHMARK] 1654765186310,CSR
glCanvas.js:1127 [BENCHMARK] 1654765186599,CSR
glCanvas.js:1127 [BENCHMARK] 1654765187034,CSR
glCanvas.js:1127 [BENCHMARK] 1654765187092,CSR
glCanvas.js:1127 [BENCHMARK] 1654765187131,CSR
glCanvas.js:1127 [BENCHMARK] 1654765187382,CSR
glCanvas.js:1127 [BENCHMARK] 1654765187444,CSR
glCanvas.js:1127 [BENCHMARK] 1654765187477,CSR
glCanvas.js:1127 [BENCHMARK] 1654765187506,CSR
glCanvas.js:1127 [BENCHMARK] 1654765187880,CSR
glCanvas.js:1127 [BENCHMARK] 1654765187940,CSR
glCanvas.js:1127 [BENCHMARK] 1654765188173,CSR
glCanvas.js:1127 [BENCHMARK] 1654765188182,CSR
glCanvas.js:1127 [BENCHMARK] 1654765188239,CSR
glCanvas.js:1127 [BENCHMARK] 1654765188252,CSR
glCanvas.js:1127 [BENCHMARK] 1654765188254,CSR
glCanvas.js:1127 [BENCHMARK] 1654765188270,CSR
glCanvas.js:1127 [BENCHMARK] 1654765188272,CSR
glCanvas.js:1127 [BENCHMARK] 1654765188274,CSR
glCanvas.js:1127 [BENCHMARK] 1654765188293,CSR
glCanvas.js:1127 [BENCHMARK] 1654765188294,CSR
glCanvas.js:1127 [BENCHMARK] 1654765188308,CSR
glCanvas.js:1127 [BENCHMARK] 1654765188309,CSR
glCanvas.js:1127 [BENCHMARK] 1654765188327,CSR
glCanvas.js:1127 [BENCHMARK] 1654765188329,CSR
glCanvas.js:1127 [BENCHMARK] 1654765188343,CSR
glCanvas.js:1127 [BENCHMARK] 1654765188344,CSR
glCanvas.js:1127 [BENCHMARK] 1654765188359,CSR
glCanvas.js:1127 [BENCHMARK] 1654765188360,CSR
glCanvas.js:1127 [BENCHMARK] 1654765188373,CSR
glCanvas.js:1127 [BENCHMARK] 1654765188374,CSR
glCanvas.js:1127 [BENCHMARK] 1654765188376,CSR
glCanvas.js:1127 [BENCHMARK] 1654765188377,CSR
glCanvas.js:1127 [BENCHMARK] 1654765188389,CSR
glCanvas.js:1127 [BENCHMARK] 1654765188391,CSR
glCanvas.js:1127 [BENCHMARK] 1654765188604,CSR
glCanvas.js:1127 [BENCHMARK] 1654765188605,CSR
glCanvas.js:1127 [BENCHMARK] 1654765188617,CSR
glCanvas.js:1127 [BENCHMARK] 1654765188618,CSR
glCanvas.js:1107 [BENCHMARK] 1654765188636,X
glCanvas.js:1107 [BENCHMARK] 1654765188637,X
glCanvas.js:1107 [BENCHMARK] 1654765188642,X
glCanvas.js:1107 [BENCHMARK] 1654765188643,X
glCanvas.js:1107 [BENCHMARK] 1654765188658,X
glCanvas.js:1107 [BENCHMARK] 1654765188659,X
glCanvas.js:1107 [BENCHMARK] 1654765188674,X
glCanvas.js:1107 [BENCHMARK] 1654765188675,X
glCanvas.js:1107 [BENCHMARK] 1654765188687,X
glCanvas.js:1107 [BENCHMARK] 1654765188687,X
glCanvas.js:1107 [BENCHMARK] 1654765188693,X
glCanvas.js:1107 [BENCHMARK] 1654765188694,X
glCanvas.js:1107 [BENCHMARK] 1654765188706,X
glCanvas.js:1107 [BENCHMARK] 1654765188707,X
glCanvas.js:1107 [BENCHMARK] 1654765188720,X
glCanvas.js:1107 [BENCHMARK] 1654765188720,X
glCanvas.js:1107 [BENCHMARK] 1654765188828,X
glCanvas.js:1107 [BENCHMARK] 1654765188932,X
glCanvas.js:1107 [BENCHMARK] 1654765188936,X
glCanvas.js:1107 [BENCHMARK] 1654765188937,X
glCanvas.js:1107 [BENCHMARK] 1654765188948,X
glCanvas.js:1107 [BENCHMARK] 1654765188949,X
glCanvas.js:1107 [BENCHMARK] 1654765188961,X
glCanvas.js:1107 [BENCHMARK] 1654765188962,X
glCanvas.js:1107 [BENCHMARK] 1654765188974,X
glCanvas.js:1107 [BENCHMARK] 1654765188975,X
glCanvas.js:1107 [BENCHMARK] 1654765188987,X
glCanvas.js:1107 [BENCHMARK] 1654765188988,X
glCanvas.js:1107 [BENCHMARK] 1654765189004,X
glCanvas.js:1107 [BENCHMARK] 1654765189004,X
glCanvas.js:1107 [BENCHMARK] 1654765189015,X
glCanvas.js:1107 [BENCHMARK] 1654765189015,X
glCanvas.js:1107 [BENCHMARK] 1654765189026,X
glCanvas.js:1107 [BENCHMARK] 1654765189026,X
glCanvas.js:1107 [BENCHMARK] 1654765189030,X
glCanvas.js:1107 [BENCHMARK] 1654765189038,X
glCanvas.js:1107 [BENCHMARK] 1654765189039,X
glCanvas.js:1107 [BENCHMARK] 1654765189050,X
glCanvas.js:1107 [BENCHMARK] 1654765189053,X
glCanvas.js:1107 [BENCHMARK] 1654765189267,X
glCanvas.js:1107 [BENCHMARK] 1654765189268,X
glCanvas.js:1107 [BENCHMARK] 1654765189276,X
glCanvas.js:1107 [BENCHMARK] 1654765189276,X
glCanvas.js:1107 [BENCHMARK] 1654765189283,X
glCanvas.js:1107 [BENCHMARK] 1654765189286,X
glCanvas.js:1107 [BENCHMARK] 1654765189288,X
glCanvas.js:1107 [BENCHMARK] 1654765189289,X
glCanvas.js:1107 [BENCHMARK] 1654765189291,X
glCanvas.js:1107 [BENCHMARK] 1654765189291,X
glCanvas.js:1107 [BENCHMARK] 1654765189296,X
glCanvas.js:1107 [BENCHMARK] 1654765189296,X
glCanvas.js:1107 [BENCHMARK] 1654765189301,X
glCanvas.js:1107 [BENCHMARK] 1654765189302,X
glCanvas.js:1107 [BENCHMARK] 1654765189307,X
glCanvas.js:1107 [BENCHMARK] 1654765189308,X
glCanvas.js:1107 [BENCHMARK] 1654765189321,X
glCanvas.js:1107 [BENCHMARK] 1654765189322,X
glCanvas.js:1107 [BENCHMARK] 1654765189323,X
glCanvas.js:1107 [BENCHMARK] 1654765189324,X
glCanvas.js:1107 [BENCHMARK] 1654765189480,X
glCanvas.js:1107 [BENCHMARK] 1654765189554,X
glCanvas.js:1107 [BENCHMARK] 1654765189555,X
glCanvas.js:1107 [BENCHMARK] 1654765189560,X
glCanvas.js:1107 [BENCHMARK] 1654765189560,X
glCanvas.js:1107 [BENCHMARK] 1654765189567,X
glCanvas.js:1107 [BENCHMARK] 1654765189568,X
glCanvas.js:1107 [BENCHMARK] 1654765189572,X
glCanvas.js:1107 [BENCHMARK] 1654765189573,X
glCanvas.js:1107 [BENCHMARK] 1654765189577,X
glCanvas.js:1107 [BENCHMARK] 1654765189578,X
glCanvas.js:1107 [BENCHMARK] 1654765189583,X
glCanvas.js:1107 [BENCHMARK] 1654765189584,X
glCanvas.js:1107 [BENCHMARK] 1654765189588,X
glCanvas.js:1107 [BENCHMARK] 1654765189589,X
glCanvas.js:1107 [BENCHMARK] 1654765189594,X
glCanvas.js:1107 [BENCHMARK] 1654765189595,X
glCanvas.js:1107 [BENCHMARK] 1654765189609,X
glCanvas.js:1107 [BENCHMARK] 1654765189609,X
glCanvas.js:1107 [BENCHMARK] 1654765189610,X
glCanvas.js:1107 [BENCHMARK] 1654765189611,X
glCanvas.js:1107 [BENCHMARK] 1654765189673,X
glCanvas.js:1107 [BENCHMARK] 1654765189678,X
glCanvas.js:1107 [BENCHMARK] 1654765190799,X
glCanvas.js:1107 [BENCHMARK] 1654765190947,X
glCanvas.js:1107 [BENCHMARK] 1654765191483,X
glCanvas.js:1107 [BENCHMARK] 1654765191508,X
glCanvas.js:1107 [BENCHMARK] 1654765191647,X
glCanvas.js:1107 [BENCHMARK] 1654765191656,X
glCanvas.js:1107 [BENCHMARK] 1654765191660,X
glCanvas.js:1107 [BENCHMARK] 1654765191662,X
glCanvas.js:1107 [BENCHMARK] 1654765191665,X
glCanvas.js:1107 [BENCHMARK] 1654765191667,X
glCanvas.js:1107 [BENCHMARK] 1654765191822,X
glCanvas.js:1107 [BENCHMARK] 1654765191823,X
glCanvas.js:1107 [BENCHMARK] 1654765191834,X
glCanvas.js:1107 [BENCHMARK] 1654765191835,X
glCanvas.js:1107 [BENCHMARK] 1654765191847,X
glCanvas.js:1107 [BENCHMARK] 1654765191847,X
glCanvas.js:1107 [BENCHMARK] 1654765191859,X
glCanvas.js:1107 [BENCHMARK] 1654765191860,X
glCanvas.js:1107 [BENCHMARK] 1654765191872,X
glCanvas.js:1107 [BENCHMARK] 1654765191873,X
glCanvas.js:1107 [BENCHMARK] 1654765191885,X
glCanvas.js:1107 [BENCHMARK] 1654765191885,X
glCanvas.js:1107 [BENCHMARK] 1654765191897,X
glCanvas.js:1107 [BENCHMARK] 1654765191898,X
glCanvas.js:1107 [BENCHMARK] 1654765191911,X
glCanvas.js:1107 [BENCHMARK] 1654765191911,X
glCanvas.js:1107 [BENCHMARK] 1654765191923,X
glCanvas.js:1107 [BENCHMARK] 1654765191924,X
glCanvas.js:1107 [BENCHMARK] 1654765191936,X
glCanvas.js:1107 [BENCHMARK] 1654765191938,X
glCanvas.js:1107 [BENCHMARK] 1654765192145,X
glCanvas.js:1107 [BENCHMARK] 1654765192152,X
glCanvas.js:1107 [BENCHMARK] 1654765192153,X
glCanvas.js:1107 [BENCHMARK] 1654765192158,X
glCanvas.js:1107 [BENCHMARK] 1654765192159,X
glCanvas.js:1107 [BENCHMARK] 1654765192163,X
glCanvas.js:1107 [BENCHMARK] 1654765192164,X
glCanvas.js:1107 [BENCHMARK] 1654765192169,X
glCanvas.js:1107 [BENCHMARK] 1654765192170,X
glCanvas.js:1107 [BENCHMARK] 1654765192175,X
glCanvas.js:1107 [BENCHMARK] 1654765192176,X
glCanvas.js:1107 [BENCHMARK] 1654765192180,X
glCanvas.js:1107 [BENCHMARK] 1654765192181,X
glCanvas.js:1107 [BENCHMARK] 1654765192187,X
glCanvas.js:1107 [BENCHMARK] 1654765192188,X
glCanvas.js:1107 [BENCHMARK] 1654765192192,X
glCanvas.js:1107 [BENCHMARK] 1654765192192,X
glCanvas.js:1107 [BENCHMARK] 1654765192197,X
glCanvas.js:1107 [BENCHMARK] 1654765192198,X
glCanvas.js:1107 [BENCHMARK] 1654765192203,X
glCanvas.js:1107 [BENCHMARK] 1654765192204,X
glCanvas.js:1107 [BENCHMARK] 1654765192207,X
glCanvas.js:1107 [BENCHMARK] 1654765192288,X
glCanvas.js:1107 [BENCHMARK] 1654765192543,X
glCanvas.js:1107 [BENCHMARK] 1654765192589,X
glCanvas.js:1107 [BENCHMARK] 1654765192596,X
glCanvas.js:1107 [BENCHMARK] 1654765192618,X
glCanvas.js:1107 [BENCHMARK] 1654765192646,X
glCanvas.js:1107 [BENCHMARK] 1654765192668,X
glCanvas.js:1107 [BENCHMARK] 1654765192691,X
glCanvas.js:1107 [BENCHMARK] 1654765192711,X
glCanvas.js:1107 [BENCHMARK] 1654765192730,X
glCanvas.js:1107 [BENCHMARK] 1654765192752,X
glCanvas.js:1107 [BENCHMARK] 1654765192772,X
glCanvas.js:1107 [BENCHMARK] 1654765192814,X
glCanvas.js:1107 [BENCHMARK] 1654765192833,X
glCanvas.js:1107 [BENCHMARK] 1654765192861,X
glCanvas.js:1107 [BENCHMARK] 1654765192882,X
glCanvas.js:1107 [BENCHMARK] 1654765192902,X
glCanvas.js:1107 [BENCHMARK] 1654765192921,X
glCanvas.js:1107 [BENCHMARK] 1654765193032,X
glCanvas.js:1107 [BENCHMARK] 1654765193053,X
glCanvas.js:1107 [BENCHMARK] 1654765193077,X
glCanvas.js:1107 [BENCHMARK] 1654765193109,X
glCanvas.js:1107 [BENCHMARK] 1654765193140,X
glCanvas.js:1107 [BENCHMARK] 1654765193167,X
glCanvas.js:1107 [BENCHMARK] 1654765193201,X
glCanvas.js:1107 [BENCHMARK] 1654765193232,X
glCanvas.js:1107 [BENCHMARK] 1654765193247,X
glCanvas.js:1107 [BENCHMARK] 1654765193251,X
glCanvas.js:1107 [BENCHMARK] 1654765193256,X
glCanvas.js:1107 [BENCHMARK] 1654765193262,X
glCanvas.js:1107 [BENCHMARK] 1654765193263,X
glCanvas.js:1107 [BENCHMARK] 1654765193275,X
glCanvas.js:1107 [BENCHMARK] 1654765193276,X
glCanvas.js:1107 [BENCHMARK] 1654765193279,X
glCanvas.js:1107 [BENCHMARK] 1654765193287,X
glCanvas.js:1107 [BENCHMARK] 1654765193295,X
glCanvas.js:1107 [BENCHMARK] 1654765193297,X
glCanvas.js:1107 [BENCHMARK] 1654765193303,X
glCanvas.js:1107 [BENCHMARK] 1654765193307,X
glCanvas.js:1107 [BENCHMARK] 1654765193311,X
glCanvas.js:1107 [BENCHMARK] 1654765193338,X
glCanvas.js:1107 [BENCHMARK] 1654765193449,X
glCanvas.js:1127 [BENCHMARK] 1654765193453,CSR
glCanvas.js:1127 [BENCHMARK] 1654765193456,CSR
glCanvas.js:1127 [BENCHMARK] 1654765193461,CSR
glCanvas.js:1127 [BENCHMARK] 1654765193471,CSR
glCanvas.js:1127 [BENCHMARK] 1654765193506,CSR
glCanvas.js:1127 [BENCHMARK] 1654765193513,CSR
glCanvas.js:1127 [BENCHMARK] 1654765193518,CSR
glCanvas.js:1127 [BENCHMARK] 1654765193526,CSR
glCanvas.js:1127 [BENCHMARK] 1654765193528,CSR
glCanvas.js:1127 [BENCHMARK] 1654765193533,CSR
glCanvas.js:1127 [BENCHMARK] 1654765193539,CSR
glCanvas.js:1127 [BENCHMARK] 1654765193557,CSR
glCanvas.js:1127 [BENCHMARK] 1654765193559,CSR
glCanvas.js:1127 [BENCHMARK] 1654765193561,CSR
glCanvas.js:1127 [BENCHMARK] 1654765193578,CSR
glCanvas.js:1127 [BENCHMARK] 1654765193579,CSR
glCanvas.js:1127 [BENCHMARK] 1654765193580,CSR
glCanvas.js:1127 [BENCHMARK] 1654765193581,CSR
glCanvas.js:1127 [BENCHMARK] 1654765193582,CSR
glCanvas.js:1127 [BENCHMARK] 1654765193586,CSR
glCanvas.js:1127 [BENCHMARK] 1654765193592,CSR
glCanvas.js:1127 [BENCHMARK] 1654765193599,CSR
glCanvas.js:1127 [BENCHMARK] 1654765193622,CSR
glCanvas.js:1127 [BENCHMARK] 1654765193639,CSR
glCanvas.js:1127 [BENCHMARK] 1654765193660,CSR
glCanvas.js:1127 [BENCHMARK] 1654765193679,CSR
glCanvas.js:1127 [BENCHMARK] 1654765193698,CSR
glCanvas.js:1127 [BENCHMARK] 1654765193719,CSR
glCanvas.js:1127 [BENCHMARK] 1654765193739,CSR
glCanvas.js:1127 [BENCHMARK] 1654765193759,CSR
glCanvas.js:1127 [BENCHMARK] 1654765193780,CSR
glCanvas.js:1127 [BENCHMARK] 1654765193791,CSR
glCanvas.js:1127 [BENCHMARK] 1654765193801,CSR
glCanvas.js:1127 [BENCHMARK] 1654765193805,CSR
glCanvas.js:1127 [BENCHMARK] 1654765193816,CSR
glCanvas.js:1127 [BENCHMARK] 1654765193821,CSR
glCanvas.js:1127 [BENCHMARK] 1654765193829,CSR
glCanvas.js:1127 [BENCHMARK] 1654765193842,CSR
glCanvas.js:1127 [BENCHMARK] 1654765193847,CSR
glCanvas.js:1127 [BENCHMARK] 1654765193854,CSR
glCanvas.js:1127 [BENCHMARK] 1654765193865,CSR
glCanvas.js:1127 [BENCHMARK] 1654765193868,CSR
glCanvas.js:1127 [BENCHMARK] 1654765193880,CSR
glCanvas.js:1127 [BENCHMARK] 1654765193886,CSR
glCanvas.js:1127 [BENCHMARK] 1654765193892,CSR
glCanvas.js:1127 [BENCHMARK] 1654765193905,CSR
glCanvas.js:1127 [BENCHMARK] 1654765193907,CSR
glCanvas.js:1127 [BENCHMARK] 1654765193932,CSR
glCanvas.js:1127 [BENCHMARK] 1654765193948,CSR
glCanvas.js:1127 [BENCHMARK] 1654765193968,CSR
glCanvas.js:1127 [BENCHMARK] 1654765193991,CSR
glCanvas.js:1127 [BENCHMARK] 1654765194012,CSR
glCanvas.js:1127 [BENCHMARK] 1654765194032,CSR
glCanvas.js:1127 [BENCHMARK] 1654765194052,CSR
glCanvas.js:1127 [BENCHMARK] 1654765194076,CSR
glCanvas.js:1127 [BENCHMARK] 1654765194097,CSR
glCanvas.js:1127 [BENCHMARK] 1654765194121,CSR
glCanvas.js:1127 [BENCHMARK] 1654765194126,CSR
glCanvas.js:1127 [BENCHMARK] 1654765194133,CSR
glCanvas.js:1127 [BENCHMARK] 1654765194146,CSR
glCanvas.js:1127 [BENCHMARK] 1654765194151,CSR
glCanvas.js:1127 [BENCHMARK] 1654765194163,CSR
glCanvas.js:1127 [BENCHMARK] 1654765194171,CSR
glCanvas.js:1127 [BENCHMARK] 1654765194174,CSR
glCanvas.js:1127 [BENCHMARK] 1654765194184,CSR
glCanvas.js:1127 [BENCHMARK] 1654765194194,CSR
glCanvas.js:1127 [BENCHMARK] 1654765194196,CSR
glCanvas.js:1127 [BENCHMARK] 1654765194209,CSR
glCanvas.js:1127 [BENCHMARK] 1654765194214,CSR
glCanvas.js:1127 [BENCHMARK] 1654765194222,CSR
glCanvas.js:1127 [BENCHMARK] 1654765194234,CSR
glCanvas.js:1127 [BENCHMARK] 1654765194237,CSR
glCanvas.js:1127 [BENCHMARK] 1654765194260,CSR
glCanvas.js:1127 [BENCHMARK] 1654765194284,CSR
glCanvas.js:1127 [BENCHMARK] 1654765194327,CSR
glCanvas.js:1127 [BENCHMARK] 1654765194349,CSR
glCanvas.js:1127 [BENCHMARK] 1654765194390,CSR
glCanvas.js:1127 [BENCHMARK] 1654765194412,CSR
glCanvas.js:1127 [BENCHMARK] 1654765194438,CSR
glCanvas.js:1127 [BENCHMARK] 1654765194463,CSR
glCanvas.js:1127 [BENCHMARK] 1654765194699,CSR
glCanvas.js:1127 [BENCHMARK] 1654765194724,CSR
glCanvas.js:1127 [BENCHMARK] 1654765194745,CSR
glCanvas.js:1127 [BENCHMARK] 1654765194766,CSR
glCanvas.js:1127 [BENCHMARK] 1654765194790,CSR
glCanvas.js:1127 [BENCHMARK] 1654765194812,CSR
glCanvas.js:1127 [BENCHMARK] 1654765194834,CSR
glCanvas.js:1127 [BENCHMARK] 1654765194857,CSR
glCanvas.js:1127 [BENCHMARK] 1654765194880,CSR
glCanvas.js:1127 [BENCHMARK] 1654765194900,CSR
glCanvas.js:1127 [BENCHMARK] 1654765194920,CSR
glCanvas.js:1127 [BENCHMARK] 1654765194939,CSR
glCanvas.js:1127 [BENCHMARK] 1654765194960,CSR
glCanvas.js:1127 [BENCHMARK] 1654765194983,CSR
glCanvas.js:1127 [BENCHMARK] 1654765195006,CSR
glCanvas.js:1127 [BENCHMARK] 1654765195028,CSR
glCanvas.js:1127 [BENCHMARK] 1654765195050,CSR
glCanvas.js:1127 [BENCHMARK] 1654765195133,CSR
glCanvas.js:1127 [BENCHMARK] 1654765195262,CSR
glCanvas.js:1127 [BENCHMARK] 1654765195327,CSR
glCanvas.js:1127 [BENCHMARK] 1654765195360,CSR
glCanvas.js:1127 [BENCHMARK] 1654765195361,CSR
glCanvas.js:1127 [BENCHMARK] 1654765195364,CSR
glCanvas.js:1127 [BENCHMARK] 1654765195388,CSR
glCanvas.js:1127 [BENCHMARK] 1654765195413,CSR
glCanvas.js:1127 [BENCHMARK] 1654765195437,CSR
glCanvas.js:1127 [BENCHMARK] 1654765195460,CSR
glCanvas.js:1127 [BENCHMARK] 1654765195547,CSR
glCanvas.js:1127 [BENCHMARK] 1654765195571,CSR
glCanvas.js:1127 [BENCHMARK] 1654765195592,CSR
glCanvas.js:1127 [BENCHMARK] 1654765195615,CSR
glCanvas.js:1127 [BENCHMARK] 1654765195638,CSR
glCanvas.js:1127 [BENCHMARK] 1654765195662,CSR
glCanvas.js:1127 [BENCHMARK] 1654765195765,CSR
glCanvas.js:1127 [BENCHMARK] 1654765195787,CSR
glCanvas.js:1127 [BENCHMARK] 1654765195877,CSR
glCanvas.js:1127 [BENCHMARK] 1654765196009,CSR
glCanvas.js:1127 [BENCHMARK] 1654765196031,CSR
glCanvas.js:1127 [BENCHMARK] 1654765196054,CSR
glCanvas.js:1127 [BENCHMARK] 1654765196077,CSR
glCanvas.js:1127 [BENCHMARK] 1654765196101,CSR
glCanvas.js:1127 [BENCHMARK] 1654765196123,CSR
glCanvas.js:1127 [BENCHMARK] 1654765196146,CSR
glCanvas.js:1127 [BENCHMARK] 1654765196168,CSR
glCanvas.js:1127 [BENCHMARK] 1654765196192,CSR
glCanvas.js:1127 [BENCHMARK] 1654765196214,CSR
glCanvas.js:1127 [BENCHMARK] 1654765196236,CSR
glCanvas.js:1127 [BENCHMARK] 1654765196259,CSR
glCanvas.js:1127 [BENCHMARK] 1654765196281,CSR
glCanvas.js:1127 [BENCHMARK] 1654765196303,CSR
glCanvas.js:1127 [BENCHMARK] 1654765196324,CSR
glCanvas.js:1127 [BENCHMARK] 1654765196346,CSR
glCanvas.js:1127 [BENCHMARK] 1654765196368,CSR
glCanvas.js:1127 [BENCHMARK] 1654765196392,CSR
glCanvas.js:1127 [BENCHMARK] 1654765196414,CSR
glCanvas.js:1127 [BENCHMARK] 1654765196436,CSR
glCanvas.js:1127 [BENCHMARK] 1654765196460,CSR
glCanvas.js:1127 [BENCHMARK] 1654765196461,CSR
glCanvas.js:1127 [BENCHMARK] 1654765196466,CSR
glCanvas.js:1127 [BENCHMARK] 1654765196467,CSR
glCanvas.js:1127 [BENCHMARK] 1654765196471,CSR
glCanvas.js:1127 [BENCHMARK] 1654765196472,CSR
glCanvas.js:1127 [BENCHMARK] 1654765196490,CSR
glCanvas.js:1127 [BENCHMARK] 1654765196491,CSR
glCanvas.js:1127 [BENCHMARK] 1654765196492,CSR
glCanvas.js:1127 [BENCHMARK] 1654765196493,CSR
glCanvas.js:1127 [BENCHMARK] 1654765196493,CSR
glCanvas.js:1127 [BENCHMARK] 1654765196494,CSR
glCanvas.js:1127 [BENCHMARK] 1654765196495,CSR
glCanvas.js:1127 [BENCHMARK] 1654765196496,CSR
glCanvas.js:1127 [BENCHMARK] 1654765196499,CSR
glCanvas.js:1127 [BENCHMARK] 1654765196500,CSR
glCanvas.js:1127 [BENCHMARK] 1654765196531,CSR
glCanvas.js:1127 [BENCHMARK] 1654765196532,CSR
glCanvas.js:1127 [BENCHMARK] 1654765196533,CSR
glCanvas.js:1127 [BENCHMARK] 1654765196533,CSR
glCanvas.js:1127 [BENCHMARK] 1654765196537,CSR
glCanvas.js:1127 [BENCHMARK] 1654765196545,CSR
glCanvas.js:1127 [BENCHMARK] 1654765196596,CSR
glCanvas.js:1127 [BENCHMARK] 1654765196617,CSR
glCanvas.js:1127 [BENCHMARK] 1654765196639,CSR
glCanvas.js:1127 [BENCHMARK] 1654765196663,CSR
glCanvas.js:1127 [BENCHMARK] 1654765196718,CSR
glCanvas.js:1127 [BENCHMARK] 1654765196719,CSR
glCanvas.js:1127 [BENCHMARK] 1654765196724,CSR
glCanvas.js:1127 [BENCHMARK] 1654765196725,CSR
glCanvas.js:1127 [BENCHMARK] 1654765196729,CSR
glCanvas.js:1127 [BENCHMARK] 1654765196730,CSR
glCanvas.js:1127 [BENCHMARK] 1654765196735,CSR
glCanvas.js:1127 [BENCHMARK] 1654765196736,CSR
glCanvas.js:1127 [BENCHMARK] 1654765196741,CSR
glCanvas.js:1127 [BENCHMARK] 1654765196741,CSR
glCanvas.js:1127 [BENCHMARK] 1654765196746,CSR
glCanvas.js:1127 [BENCHMARK] 1654765196747,CSR
glCanvas.js:1127 [BENCHMARK] 1654765196767,CSR
glCanvas.js:1127 [BENCHMARK] 1654765196769,CSR
glCanvas.js:1127 [BENCHMARK] 1654765196770,CSR
glCanvas.js:1127 [BENCHMARK] 1654765196770,CSR
glCanvas.js:1127 [BENCHMARK] 1654765196771,CSR
glCanvas.js:1127 [BENCHMARK] 1654765196772,CSR
glCanvas.js:1127 [BENCHMARK] 1654765196774,CSR
glCanvas.js:1127 [BENCHMARK] 1654765196776,CSR
glCanvas.js:1127 [BENCHMARK] 1654765196781,CSR
glCanvas.js:1127 [BENCHMARK] 1654765196796,CSR
glCanvas.js:1127 [BENCHMARK] 1654765196820,CSR
glCanvas.js:1127 [BENCHMARK] 1654765196845,CSR
glCanvas.js:1127 [BENCHMARK] 1654765196871,CSR
glCanvas.js:1127 [BENCHMARK] 1654765196896,CSR
glCanvas.js:1127 [BENCHMARK] 1654765196917,CSR
glCanvas.js:1127 [BENCHMARK] 1654765196941,CSR
glCanvas.js:1127 [BENCHMARK] 1654765196963,CSR
glCanvas.js:1127 [BENCHMARK] 1654765196978,CSR
glCanvas.js:1127 [BENCHMARK] 1654765196979,CSR
glCanvas.js:1127 [BENCHMARK] 1654765196983,CSR
glCanvas.js:1127 [BENCHMARK] 1654765196984,CSR
glCanvas.js:1127 [BENCHMARK] 1654765196986,CSR
glCanvas.js:1127 [BENCHMARK] 1654765196989,CSR
glCanvas.js:1127 [BENCHMARK] 1654765196990,CSR
glCanvas.js:1127 [BENCHMARK] 1654765196995,CSR
glCanvas.js:1127 [BENCHMARK] 1654765196996,CSR
glCanvas.js:1127 [BENCHMARK] 1654765197000,CSR
glCanvas.js:1127 [BENCHMARK] 1654765197001,CSR
glCanvas.js:1127 [BENCHMARK] 1654765197027,CSR
glCanvas.js:1127 [BENCHMARK] 1654765197028,CSR
glCanvas.js:1127 [BENCHMARK] 1654765197029,CSR
glCanvas.js:1127 [BENCHMARK] 1654765197030,CSR
glCanvas.js:1127 [BENCHMARK] 1654765197031,CSR
glCanvas.js:1127 [BENCHMARK] 1654765197032,CSR
glCanvas.js:1127 [BENCHMARK] 1654765197033,CSR
glCanvas.js:1127 [BENCHMARK] 1654765197034,CSR
glCanvas.js:1127 [BENCHMARK] 1654765197035,CSR
glCanvas.js:1127 [BENCHMARK] 1654765197035,CSR
glCanvas.js:1127 [BENCHMARK] 1654765197038,CSR
glCanvas.js:1127 [BENCHMARK] 1654765197051,CSR
glCanvas.js:1127 [BENCHMARK] 1654765197074,CSR
glCanvas.js:1127 [BENCHMARK] 1654765197238,CSR
glCanvas.js:1127 [BENCHMARK] 1654765197240,CSR
glCanvas.js:1127 [BENCHMARK] 1654765197251,CSR
glCanvas.js:1127 [BENCHMARK] 1654765197253,CSR
glCanvas.js:1127 [BENCHMARK] 1654765197256,CSR
glCanvas.js:1127 [BENCHMARK] 1654765197259,CSR
glCanvas.js:1127 [BENCHMARK] 1654765197262,CSR
glCanvas.js:1127 [BENCHMARK] 1654765197264,CSR
glCanvas.js:1127 [BENCHMARK] 1654765197267,CSR
glCanvas.js:1127 [BENCHMARK] 1654765197269,CSR
glCanvas.js:1127 [BENCHMARK] 1654765197301,CSR
glCanvas.js:1127 [BENCHMARK] 1654765197304,CSR
glCanvas.js:1127 [BENCHMARK] 1654765197307,CSR
glCanvas.js:1127 [BENCHMARK] 1654765197309,CSR
glCanvas.js:1127 [BENCHMARK] 1654765197312,CSR
glCanvas.js:1127 [BENCHMARK] 1654765197314,CSR
glCanvas.js:1127 [BENCHMARK] 1654765197316,CSR
glCanvas.js:1127 [BENCHMARK] 1654765197351,CSR
glCanvas.js:1127 [BENCHMARK] 1654765197386,CSR
glCanvas.js:1127 [BENCHMARK] 1654765197388,CSR
glCanvas.js:1127 [BENCHMARK] 1654765197390,CSR
glCanvas.js:1127 [BENCHMARK] 1654765197392,CSR
glCanvas.js:1127 [BENCHMARK] 1654765197394,CSR
glCanvas.js:1127 [BENCHMARK] 1654765197396,CSR
glCanvas.js:1127 [BENCHMARK] 1654765197403,CSR
glCanvas.js:1127 [BENCHMARK] 1654765197417,CSR
glCanvas.js:1127 [BENCHMARK] 1654765197427,CSR
glCanvas.js:1127 [BENCHMARK] 1654765197436,CSR
glCanvas.js:1127 [BENCHMARK] 1654765197443,CSR
glCanvas.js:1127 [BENCHMARK] 1654765197478,CSR
glCanvas.js:1127 [BENCHMARK] 1654765197511,CSR
glCanvas.js:1127 [BENCHMARK] 1654765197512,CSR
glCanvas.js:1127 [BENCHMARK] 1654765197517,CSR
glCanvas.js:1127 [BENCHMARK] 1654765197519,CSR
glCanvas.js:1127 [BENCHMARK] 1654765197522,CSR
glCanvas.js:1127 [BENCHMARK] 1654765197524,CSR
glCanvas.js:1127 [BENCHMARK] 1654765197528,CSR
glCanvas.js:1127 [BENCHMARK] 1654765197555,CSR
glCanvas.js:1127 [BENCHMARK] 1654765197556,CSR
glCanvas.js:1127 [BENCHMARK] 1654765197558,CSR
glCanvas.js:1127 [BENCHMARK] 1654765197559,CSR
glCanvas.js:1127 [BENCHMARK] 1654765197561,CSR
glCanvas.js:1127 [BENCHMARK] 1654765197562,CSR
glCanvas.js:1127 [BENCHMARK] 1654765197564,CSR
glCanvas.js:1127 [BENCHMARK] 1654765197565,CSR
glCanvas.js:1127 [BENCHMARK] 1654765197566,CSR
glCanvas.js:1127 [BENCHMARK] 1654765197567,CSR
glCanvas.js:1127 [BENCHMARK] 1654765197569,CSR
glCanvas.js:1127 [BENCHMARK] 1654765197571,CSR
glCanvas.js:1127 [BENCHMARK] 1654765197572,CSR
glCanvas.js:1127 [BENCHMARK] 1654765197574,CSR
glCanvas.js:1127 [BENCHMARK] 1654765197576,CSR
glCanvas.js:1127 [BENCHMARK] 1654765197577,CSR
glCanvas.js:1127 [BENCHMARK] 1654765197579,CSR
glCanvas.js:1127 [BENCHMARK] 1654765197580,CSR
glCanvas.js:1127 [BENCHMARK] 1654765197634,CSR
glCanvas.js:1127 [BENCHMARK] 1654765197642,CSR
glCanvas.js:1127 [BENCHMARK] 1654765197671,CSR
glCanvas.js:1127 [BENCHMARK] 1654765197684,CSR
glCanvas.js:1127 [BENCHMARK] 1654765197686,CSR
glCanvas.js:1127 [BENCHMARK] 1654765197706,CSR
glCanvas.js:1127 [BENCHMARK] 1654765197743,CSR
glCanvas.js:1127 [BENCHMARK] 1654765197778,CSR
glCanvas.js:1127 [BENCHMARK] 1654765197814,CSR
glCanvas.js:1127 [BENCHMARK] 1654765197916,CSR
glCanvas.js:1127 [BENCHMARK] 1654765197950,CSR
glCanvas.js:1127 [BENCHMARK] 1654765198084,CSR
glCanvas.js:1127 [BENCHMARK] 1654765198116,CSR
glCanvas.js:1127 [BENCHMARK] 1654765198147,CSR
glCanvas.js:1127 [BENCHMARK] 1654765198177,CSR
glCanvas.js:1127 [BENCHMARK] 1654765198232,CSR
glCanvas.js:1127 [BENCHMARK] 1654765198489,CSR
glCanvas.js:1127 [BENCHMARK] 1654765198512,CSR
glCanvas.js:1127 [BENCHMARK] 1654765198539,CSR
glCanvas.js:1127 [BENCHMARK] 1654765198564,CSR
glCanvas.js:1127 [BENCHMARK] 1654765198590,CSR
glCanvas.js:1127 [BENCHMARK] 1654765198768,CSR
glCanvas.js:1127 [BENCHMARK] 1654765198785,CSR
glCanvas.js:1127 [BENCHMARK] 1654765198790,CSR
glCanvas.js:1127 [BENCHMARK] 1654765198794,CSR
glCanvas.js:1127 [BENCHMARK] 1654765198796,CSR
glCanvas.js:1127 [BENCHMARK] 1654765198801,CSR
glCanvas.js:1127 [BENCHMARK] 1654765198825,CSR
glCanvas.js:1127 [BENCHMARK] 1654765198827,CSR
glCanvas.js:1127 [BENCHMARK] 1654765198828,CSR
glCanvas.js:1127 [BENCHMARK] 1654765198829,CSR
glCanvas.js:1127 [BENCHMARK] 1654765198831,CSR
glCanvas.js:1127 [BENCHMARK] 1654765198834,CSR
glCanvas.js:1127 [BENCHMARK] 1654765198836,CSR
glCanvas.js:1127 [BENCHMARK] 1654765198845,CSR
glCanvas.js:1127 [BENCHMARK] 1654765198868,CSR
glCanvas.js:1127 [BENCHMARK] 1654765199049,CSR
glCanvas.js:1127 [BENCHMARK] 1654765199055,CSR
glCanvas.js:1127 [BENCHMARK] 1654765199060,CSR
glCanvas.js:1127 [BENCHMARK] 1654765199065,CSR
glCanvas.js:1127 [BENCHMARK] 1654765199071,CSR
glCanvas.js:1127 [BENCHMARK] 1654765199078,CSR
glCanvas.js:1127 [BENCHMARK] 1654765199081,CSR
glCanvas.js:1127 [BENCHMARK] 1654765199083,CSR
glCanvas.js:1127 [BENCHMARK] 1654765199095,CSR
glCanvas.js:1127 [BENCHMARK] 1654765199096,CSR
glCanvas.js:1127 [BENCHMARK] 1654765199100,CSR
glCanvas.js:1127 [BENCHMARK] 1654765199118,CSR
glCanvas.js:1127 [BENCHMARK] 1654765199168,CSR
glCanvas.js:1127 [BENCHMARK] 1654765199197,CSR
glCanvas.js:1127 [BENCHMARK] 1654765199223,CSR
glCanvas.js:1127 [BENCHMARK] 1654765199275,CSR
glCanvas.js:1127 [BENCHMARK] 1654765199308,CSR
glCanvas.js:1127 [BENCHMARK] 1654765199314,CSR
glCanvas.js:1127 [BENCHMARK] 1654765199320,CSR
glCanvas.js:1127 [BENCHMARK] 1654765199326,CSR
glCanvas.js:1127 [BENCHMARK] 1654765199331,CSR
glCanvas.js:1127 [BENCHMARK] 1654765199346,CSR
glCanvas.js:1127 [BENCHMARK] 1654765199348,CSR
glCanvas.js:1127 [BENCHMARK] 1654765199350,CSR
glCanvas.js:1127 [BENCHMARK] 1654765199354,CSR
glCanvas.js:1127 [BENCHMARK] 1654765199357,CSR
glCanvas.js:1127 [BENCHMARK] 1654765199360,CSR
glCanvas.js:1127 [BENCHMARK] 1654765199390,CSR
glCanvas.js:1127 [BENCHMARK] 1654765199426,CSR
glCanvas.js:1127 [BENCHMARK] 1654765199479,CSR
glCanvas.js:1127 [BENCHMARK] 1654765199636,CSR
glCanvas.js:1127 [BENCHMARK] 1654765199682,CSR
glCanvas.js:1127 [BENCHMARK] 1654765199729,CSR
glCanvas.js:1127 [BENCHMARK] 1654765199777,CSR
glCanvas.js:1127 [BENCHMARK] 1654765199831,CSR
glCanvas.js:1127 [BENCHMARK] 1654765199882,CSR
glCanvas.js:1127 [BENCHMARK] 1654765199935,CSR
glCanvas.js:1127 [BENCHMARK] 1654765199987,CSR
glCanvas.js:1127 [BENCHMARK] 1654765200041,CSR
glCanvas.js:1127 [BENCHMARK] 1654765200096,CSR
glCanvas.js:1127 [BENCHMARK] 1654765200150,CSR
glCanvas.js:1127 [BENCHMARK] 1654765200199,CSR
glCanvas.js:1127 [BENCHMARK] 1654765200251,CSR
glCanvas.js:1127 [BENCHMARK] 1654765200297,CSR
glCanvas.js:1127 [BENCHMARK] 1654765200343,CSR
glCanvas.js:1127 [BENCHMARK] 1654765200370,CSR
glCanvas.js:1127 [BENCHMARK] 1654765200371,CSR
glCanvas.js:1127 [BENCHMARK] 1654765200382,CSR
glCanvas.js:1127 [BENCHMARK] 1654765200383,CSR
glCanvas.js:1127 [BENCHMARK] 1654765200395,CSR
glCanvas.js:1127 [BENCHMARK] 1654765200396,CSR
glCanvas.js:1127 [BENCHMARK] 1654765200408,CSR
glCanvas.js:1127 [BENCHMARK] 1654765200410,CSR
glCanvas.js:1127 [BENCHMARK] 1654765200412,CSR
glCanvas.js:1127 [BENCHMARK] 1654765200420,CSR
glCanvas.js:1127 [BENCHMARK] 1654765200422,CSR
glCanvas.js:1127 [BENCHMARK] 1654765200438,CSR
glCanvas.js:1127 [BENCHMARK] 1654765200440,CSR
glCanvas.js:1127 [BENCHMARK] 1654765200446,CSR
glCanvas.js:1127 [BENCHMARK] 1654765200448,CSR
glCanvas.js:1127 [BENCHMARK] 1654765200456,CSR
glCanvas.js:1127 [BENCHMARK] 1654765200459,CSR
glCanvas.js:1127 [BENCHMARK] 1654765200461,CSR
glCanvas.js:1127 [BENCHMARK] 1654765200473,CSR
glCanvas.js:1127 [BENCHMARK] 1654765200475,CSR
glCanvas.js:1127 [BENCHMARK] 1654765200485,CSR
glCanvas.js:1127 [BENCHMARK] 1654765200486,CSR
glCanvas.js:1127 [BENCHMARK] 1654765200505,CSR
glCanvas.js:1127 [BENCHMARK] 1654765200549,CSR
glCanvas.js:1127 [BENCHMARK] 1654765200594,CSR
glCanvas.js:1127 [BENCHMARK] 1654765200637,CSR
glCanvas.js:1127 [BENCHMARK] 1654765200683,CSR
glCanvas.js:1127 [BENCHMARK] 1654765200702,CSR
glCanvas.js:1127 [BENCHMARK] 1654765200704,CSR
glCanvas.js:1127 [BENCHMARK] 1654765200715,CSR
glCanvas.js:1127 [BENCHMARK] 1654765200717,CSR
glCanvas.js:1127 [BENCHMARK] 1654765200728,CSR
glCanvas.js:1127 [BENCHMARK] 1654765200730,CSR
glCanvas.js:1127 [BENCHMARK] 1654765200733,CSR
glCanvas.js:1127 [BENCHMARK] 1654765200741,CSR
glCanvas.js:1127 [BENCHMARK] 1654765200743,CSR
glCanvas.js:1127 [BENCHMARK] 1654765200773,CSR
glCanvas.js:1127 [BENCHMARK] 1654765200775,CSR
glCanvas.js:1127 [BENCHMARK] 1654765200777,CSR
glCanvas.js:1127 [BENCHMARK] 1654765200779,CSR
glCanvas.js:1127 [BENCHMARK] 1654765200781,CSR
glCanvas.js:1127 [BENCHMARK] 1654765200782,CSR
glCanvas.js:1127 [BENCHMARK] 1654765200792,CSR
glCanvas.js:1127 [BENCHMARK] 1654765200794,CSR
glCanvas.js:1127 [BENCHMARK] 1654765200801,CSR
glCanvas.js:1127 [BENCHMARK] 1654765200805,CSR
glCanvas.js:1127 [BENCHMARK] 1654765200807,CSR
glCanvas.js:1127 [BENCHMARK] 1654765200817,CSR
glCanvas.js:1127 [BENCHMARK] 1654765200819,CSR
glCanvas.js:1127 [BENCHMARK] 1654765200849,CSR
glCanvas.js:1127 [BENCHMARK] 1654765200897,CSR
glCanvas.js:1127 [BENCHMARK] 1654765200945,CSR
glCanvas.js:1127 [BENCHMARK] 1654765200994,CSR
glCanvas.js:1127 [BENCHMARK] 1654765201034,CSR
glCanvas.js:1127 [BENCHMARK] 1654765201036,CSR
glCanvas.js:1127 [BENCHMARK] 1654765201041,CSR
glCanvas.js:1127 [BENCHMARK] 1654765201047,CSR
glCanvas.js:1127 [BENCHMARK] 1654765201049,CSR
glCanvas.js:1127 [BENCHMARK] 1654765201068,CSR
glCanvas.js:1127 [BENCHMARK] 1654765201069,CSR
glCanvas.js:1127 [BENCHMARK] 1654765201073,CSR
glCanvas.js:1127 [BENCHMARK] 1654765201075,CSR
glCanvas.js:1127 [BENCHMARK] 1654765201085,CSR
glCanvas.js:1127 [BENCHMARK] 1654765201086,CSR
glCanvas.js:1127 [BENCHMARK] 1654765201091,CSR
glCanvas.js:1127 [BENCHMARK] 1654765201098,CSR
glCanvas.js:1127 [BENCHMARK] 1654765201099,CSR
glCanvas.js:1127 [BENCHMARK] 1654765201110,CSR
glCanvas.js:1127 [BENCHMARK] 1654765201112,CSR
glCanvas.js:1127 [BENCHMARK] 1654765201123,CSR
glCanvas.js:1127 [BENCHMARK] 1654765201124,CSR
glCanvas.js:1127 [BENCHMARK] 1654765201136,CSR
glCanvas.js:1127 [BENCHMARK] 1654765201138,CSR
glCanvas.js:1127 [BENCHMARK] 1654765201142,CSR
glCanvas.js:1127 [BENCHMARK] 1654765201149,CSR
glCanvas.js:1127 [BENCHMARK] 1654765201151,CSR
glCanvas.js:1127 [BENCHMARK] 1654765201195,CSR
glCanvas.js:1127 [BENCHMARK] 1654765201243,CSR
glCanvas.js:1127 [BENCHMARK] 1654765201296,CSR
glCanvas.js:1127 [BENCHMARK] 1654765201352,CSR
glCanvas.js:1127 [BENCHMARK] 1654765201366,CSR
glCanvas.js:1127 [BENCHMARK] 1654765201368,CSR
glCanvas.js:1127 [BENCHMARK] 1654765201379,CSR
glCanvas.js:1127 [BENCHMARK] 1654765201381,CSR
glCanvas.js:1127 [BENCHMARK] 1654765201392,CSR
glCanvas.js:1127 [BENCHMARK] 1654765201393,CSR
glCanvas.js:1127 [BENCHMARK] 1654765201404,CSR
glCanvas.js:1127 [BENCHMARK] 1654765201406,CSR
glCanvas.js:1127 [BENCHMARK] 1654765201417,CSR
glCanvas.js:1127 [BENCHMARK] 1654765201419,CSR
glCanvas.js:1127 [BENCHMARK] 1654765201423,CSR
glCanvas.js:1127 [BENCHMARK] 1654765201448,CSR
glCanvas.js:1127 [BENCHMARK] 1654765201458,CSR
glCanvas.js:1127 [BENCHMARK] 1654765201477,CSR
glCanvas.js:1127 [BENCHMARK] 1654765201497,CSR
glCanvas.js:1127 [BENCHMARK] 1654765201509,CSR
glCanvas.js:1127 [BENCHMARK] 1654765201516,CSR
glCanvas.js:1127 [BENCHMARK] 1654765201528,CSR
glCanvas.js:1127 [BENCHMARK] 1654765201535,CSR
glCanvas.js:1127 [BENCHMARK] 1654765201542,CSR
glCanvas.js:1127 [BENCHMARK] 1654765201552,CSR
glCanvas.js:1127 [BENCHMARK] 1654765201644,CSR
glCanvas.js:1127 [BENCHMARK] 1654765201677,CSR
glCanvas.js:1127 [BENCHMARK] 1654765201685,CSR
glCanvas.js:1127 [BENCHMARK] 1654765201701,CSR
glCanvas.js:1127 [BENCHMARK] 1654765201791,CSR
glCanvas.js:1127 [BENCHMARK] 1654765201843,CSR
glCanvas.js:1127 [BENCHMARK] 1654765201894,CSR
glCanvas.js:1127 [BENCHMARK] 1654765201939,CSR
glCanvas.js:1127 [BENCHMARK] 1654765201985,CSR
glCanvas.js:1127 [BENCHMARK] 1654765202035,CSR
glCanvas.js:1127 [BENCHMARK] 1654765202087,CSR
glCanvas.js:1127 [BENCHMARK] 1654765202132,CSR
glCanvas.js:1127 [BENCHMARK] 1654765202185,CSR
glCanvas.js:1127 [BENCHMARK] 1654765202239,CSR
glCanvas.js:1127 [BENCHMARK] 1654765202286,CSR
glCanvas.js:1127 [BENCHMARK] 1654765202334,CSR
glCanvas.js:1127 [BENCHMARK] 1654765202378,CSR
glCanvas.js:1127 [BENCHMARK] 1654765202425,CSR
glCanvas.js:1127 [BENCHMARK] 1654765202470,CSR
glCanvas.js:1127 [BENCHMARK] 1654765202512,CSR
glCanvas.js:1127 [BENCHMARK] 1654765202532,CSR
glCanvas.js:1127 [BENCHMARK] 1654765202575,CSR
glCanvas.js:1127 [BENCHMARK] 1654765202617,CSR
glCanvas.js:1127 [BENCHMARK] 1654765202630,CSR
filmbox2.js:1537 [BENCHMARK] 1654765202631,fullLoad
