glCanvas.js:1107 [BENCHMARK] 1654769273881,X
glCanvas.js:1107 [BENCHMARK] 1654769273888,X
glCanvas.js:1107 [BENCHMARK] 1654769273891,X
glCanvas.js:1107 [BENCHMARK] 1654769274145,X
glCanvas.js:1107 [BENCHMARK] 1654769274470,X
glCanvas.js:1107 [BENCHMARK] 1654769274516,X
glCanvas.js:1107 [BENCHMARK] 1654769274525,X
glCanvas.js:1107 [BENCHMARK] 1654769274529,X
glCanvas.js:1107 [BENCHMARK] 1654769274612,X
glCanvas.js:1107 [BENCHMARK] 1654769274668,X
glCanvas.js:1107 [BENCHMARK] 1654769274671,X
glCanvas.js:1107 [BENCHMARK] 1654769274674,X
glCanvas.js:1107 [BENCHMARK] 1654769274676,X
glCanvas.js:1107 [BENCHMARK] 1654769274679,X
glCanvas.js:1107 [BENCHMARK] 1654769274681,X
glCanvas.js:1107 [BENCHMARK] 1654769274709,X
glCanvas.js:1107 [BENCHMARK] 1654769274713,X
glCanvas.js:1127 [BENCHMARK] 1654769274716,SSR
manager.js:159 [BENCHMARK] 1654769276621,firstRender
glCanvas.js:1127 [BENCHMARK] 1654769276630,CSR
glCanvas.js:1127 [BENCHMARK] 1654769276634,CSR
glCanvas.js:1127 [BENCHMARK] 1654769276640,CSR
glCanvas.js:1127 [BENCHMARK] 1654769276643,CSR
glCanvas.js:1127 [BENCHMARK] 1654769276688,CSR
glCanvas.js:1127 [BENCHMARK] 1654769276720,CSR
glCanvas.js:1127 [BENCHMARK] 1654769276722,CSR
glCanvas.js:1127 [BENCHMARK] 1654769276724,CSR
glCanvas.js:1127 [BENCHMARK] 1654769276731,CSR
glCanvas.js:1127 [BENCHMARK] 1654769276746,CSR
glCanvas.js:1127 [BENCHMARK] 1654769276789,CSR
glCanvas.js:1127 [BENCHMARK] 1654769276985,CSR
glCanvas.js:1127 [BENCHMARK] 1654769277040,CSR
glCanvas.js:1127 [BENCHMARK] 1654769277082,CSR
glCanvas.js:1127 [BENCHMARK] 1654769277111,CSR
glCanvas.js:1127 [BENCHMARK] 1654769277196,CSR
glCanvas.js:1127 [BENCHMARK] 1654769277260,CSR
glCanvas.js:1127 [BENCHMARK] 1654769277427,CSR
glCanvas.js:1127 [BENCHMARK] 1654769277459,CSR
glCanvas.js:1127 [BENCHMARK] 1654769277487,CSR
glCanvas.js:1127 [BENCHMARK] 1654769277514,CSR
glCanvas.js:1127 [BENCHMARK] 1654769277702,CSR
glCanvas.js:1127 [BENCHMARK] 1654769277743,CSR
glCanvas.js:1127 [BENCHMARK] 1654769277815,CSR
glCanvas.js:1127 [BENCHMARK] 1654769277933,CSR
glCanvas.js:1127 [BENCHMARK] 1654769277991,CSR
glCanvas.js:1127 [BENCHMARK] 1654769278077,CSR
glCanvas.js:1127 [BENCHMARK] 1654769278158,CSR
glCanvas.js:1127 [BENCHMARK] 1654769278185,CSR
glCanvas.js:1127 [BENCHMARK] 1654769278212,CSR
glCanvas.js:1127 [BENCHMARK] 1654769278574,CSR
glCanvas.js:1127 [BENCHMARK] 1654769278577,CSR
glCanvas.js:1127 [BENCHMARK] 1654769278760,CSR
glCanvas.js:1127 [BENCHMARK] 1654769278956,CSR
glCanvas.js:1127 [BENCHMARK] 1654769278959,CSR
glCanvas.js:1127 [BENCHMARK] 1654769278961,SSR
glCanvas.js:1127 [BENCHMARK] 1654769278964,SSR
glCanvas.js:1127 [BENCHMARK] 1654769278967,SSR
glCanvas.js:1127 [BENCHMARK] 1654769279153,SSR
glCanvas.js:1127 [BENCHMARK] 1654769279184,SSR
glCanvas.js:1127 [BENCHMARK] 1654769279209,SSR
glCanvas.js:1127 [BENCHMARK] 1654769279237,SSR
glCanvas.js:1127 [BENCHMARK] 1654769279264,SSR
glCanvas.js:1127 [BENCHMARK] 1654769279301,SSR
glCanvas.js:1127 [BENCHMARK] 1654769279380,SSR
glCanvas.js:1127 [BENCHMARK] 1654769279529,SSR
glCanvas.js:1127 [BENCHMARK] 1654769279552,SSR
glCanvas.js:1127 [BENCHMARK] 1654769279574,CSR
glCanvas.js:1127 [BENCHMARK] 1654769279599,CSR
glCanvas.js:1127 [BENCHMARK] 1654769279624,CSR
glCanvas.js:1127 [BENCHMARK] 1654769279721,CSR
glCanvas.js:1127 [BENCHMARK] 1654769279743,CSR
glCanvas.js:1127 [BENCHMARK] 1654769279817,CSR
glCanvas.js:1127 [BENCHMARK] 1654769279841,CSR
glCanvas.js:1127 [BENCHMARK] 1654769279864,CSR
glCanvas.js:1127 [BENCHMARK] 1654769279894,CSR
glCanvas.js:1127 [BENCHMARK] 1654769279915,CSR
glCanvas.js:1127 [BENCHMARK] 1654769279942,CSR
glCanvas.js:1127 [BENCHMARK] 1654769280060,CSR
glCanvas.js:1127 [BENCHMARK] 1654769280126,CSR
glCanvas.js:1127 [BENCHMARK] 1654769280206,CSR
glCanvas.js:1127 [BENCHMARK] 1654769280256,CSR
glCanvas.js:1127 [BENCHMARK] 1654769280278,CSR
glCanvas.js:1127 [BENCHMARK] 1654769280301,CSR
glCanvas.js:1127 [BENCHMARK] 1654769280324,CSR
glCanvas.js:1127 [BENCHMARK] 1654769280407,CSR
glCanvas.js:1127 [BENCHMARK] 1654769280439,CSR
glCanvas.js:1127 [BENCHMARK] 1654769280471,CSR
glCanvas.js:1127 [BENCHMARK] 1654769280496,CSR
glCanvas.js:1127 [BENCHMARK] 1654769280520,CSR
glCanvas.js:1127 [BENCHMARK] 1654769280573,CSR
glCanvas.js:1127 [BENCHMARK] 1654769280612,CSR
glCanvas.js:1127 [BENCHMARK] 1654769280708,CSR
glCanvas.js:1127 [BENCHMARK] 1654769280780,CSR
glCanvas.js:1127 [BENCHMARK] 1654769280832,CSR
glCanvas.js:1127 [BENCHMARK] 1654769280872,CSR
glCanvas.js:1127 [BENCHMARK] 1654769280915,CSR
glCanvas.js:1127 [BENCHMARK] 1654769280941,CSR
glCanvas.js:1127 [BENCHMARK] 1654769280994,CSR
glCanvas.js:1127 [BENCHMARK] 1654769281015,CSR
glCanvas.js:1127 [BENCHMARK] 1654769281036,CSR
glCanvas.js:1127 [BENCHMARK] 1654769281043,CSR
glCanvas.js:1127 [BENCHMARK] 1654769281044,CSR
glCanvas.js:1127 [BENCHMARK] 1654769281075,CSR
glCanvas.js:1127 [BENCHMARK] 1654769281077,CSR
glCanvas.js:1127 [BENCHMARK] 1654769281107,CSR
glCanvas.js:1127 [BENCHMARK] 1654769281109,CSR
glCanvas.js:1127 [BENCHMARK] 1654769281132,CSR
glCanvas.js:1127 [BENCHMARK] 1654769281136,CSR
glCanvas.js:1127 [BENCHMARK] 1654769281140,CSR
glCanvas.js:1127 [BENCHMARK] 1654769281142,CSR
glCanvas.js:1127 [BENCHMARK] 1654769281144,CSR
glCanvas.js:1127 [BENCHMARK] 1654769281148,CSR
glCanvas.js:1127 [BENCHMARK] 1654769281166,CSR
glCanvas.js:1127 [BENCHMARK] 1654769281169,CSR
glCanvas.js:1127 [BENCHMARK] 1654769281171,CSR
glCanvas.js:1127 [BENCHMARK] 1654769281172,CSR
glCanvas.js:1127 [BENCHMARK] 1654769281192,CSR
glCanvas.js:1127 [BENCHMARK] 1654769281197,CSR
glCanvas.js:1127 [BENCHMARK] 1654769281201,CSR
glCanvas.js:1127 [BENCHMARK] 1654769281203,CSR
glCanvas.js:1127 [BENCHMARK] 1654769281212,CSR
glCanvas.js:1127 [BENCHMARK] 1654769281232,CSR
glCanvas.js:1127 [BENCHMARK] 1654769281234,CSR
glCanvas.js:1127 [BENCHMARK] 1654769281241,CSR
glCanvas.js:1127 [BENCHMARK] 1654769281260,CSR
glCanvas.js:1127 [BENCHMARK] 1654769281263,CSR
glCanvas.js:1127 [BENCHMARK] 1654769281264,CSR
glCanvas.js:1127 [BENCHMARK] 1654769281293,CSR
glCanvas.js:1127 [BENCHMARK] 1654769281295,CSR
glCanvas.js:1127 [BENCHMARK] 1654769281326,CSR
glCanvas.js:1127 [BENCHMARK] 1654769281329,CSR
glCanvas.js:1127 [BENCHMARK] 1654769281565,CSR
glCanvas.js:1127 [BENCHMARK] 1654769281568,CSR
glCanvas.js:1127 [BENCHMARK] 1654769281597,CSR
glCanvas.js:1127 [BENCHMARK] 1654769281600,CSR
glCanvas.js:1127 [BENCHMARK] 1654769281628,CSR
glCanvas.js:1127 [BENCHMARK] 1654769281631,CSR
glCanvas.js:1127 [BENCHMARK] 1654769281659,CSR
glCanvas.js:1127 [BENCHMARK] 1654769281662,CSR
glCanvas.js:1127 [BENCHMARK] 1654769281689,CSR
glCanvas.js:1127 [BENCHMARK] 1654769281691,CSR
glCanvas.js:1127 [BENCHMARK] 1654769281720,CSR
glCanvas.js:1127 [BENCHMARK] 1654769281721,CSR
glCanvas.js:1127 [BENCHMARK] 1654769281751,CSR
glCanvas.js:1127 [BENCHMARK] 1654769281752,CSR
glCanvas.js:1127 [BENCHMARK] 1654769281782,CSR
glCanvas.js:1127 [BENCHMARK] 1654769281784,CSR
glCanvas.js:1107 [BENCHMARK] 1654769281814,X
glCanvas.js:1107 [BENCHMARK] 1654769281816,X
glCanvas.js:1107 [BENCHMARK] 1654769281846,X
glCanvas.js:1107 [BENCHMARK] 1654769281847,X
glCanvas.js:1107 [BENCHMARK] 1654769282085,X
glCanvas.js:1107 [BENCHMARK] 1654769282087,X
glCanvas.js:1107 [BENCHMARK] 1654769282116,X
glCanvas.js:1107 [BENCHMARK] 1654769282118,X
glCanvas.js:1107 [BENCHMARK] 1654769282146,X
glCanvas.js:1107 [BENCHMARK] 1654769282147,X
glCanvas.js:1107 [BENCHMARK] 1654769282178,X
glCanvas.js:1107 [BENCHMARK] 1654769282180,X
glCanvas.js:1107 [BENCHMARK] 1654769282209,X
glCanvas.js:1107 [BENCHMARK] 1654769282211,X
glCanvas.js:1107 [BENCHMARK] 1654769282240,X
glCanvas.js:1107 [BENCHMARK] 1654769282242,X
glCanvas.js:1107 [BENCHMARK] 1654769282272,X
glCanvas.js:1107 [BENCHMARK] 1654769282273,X
glCanvas.js:1107 [BENCHMARK] 1654769282304,X
glCanvas.js:1107 [BENCHMARK] 1654769282306,X
glCanvas.js:1107 [BENCHMARK] 1654769282336,X
glCanvas.js:1107 [BENCHMARK] 1654769282337,X
glCanvas.js:1107 [BENCHMARK] 1654769282367,X
glCanvas.js:1107 [BENCHMARK] 1654769282369,X
glCanvas.js:1107 [BENCHMARK] 1654769282617,X
glCanvas.js:1127 [BENCHMARK] 1654769282862,SSR
glCanvas.js:1127 [BENCHMARK] 1654769282906,CSR
glCanvas.js:1127 [BENCHMARK] 1654769282910,CSR
glCanvas.js:1127 [BENCHMARK] 1654769282912,CSR
glCanvas.js:1127 [BENCHMARK] 1654769282920,CSR
glCanvas.js:1127 [BENCHMARK] 1654769282923,CSR
glCanvas.js:1127 [BENCHMARK] 1654769282925,CSR
glCanvas.js:1127 [BENCHMARK] 1654769282941,CSR
glCanvas.js:1127 [BENCHMARK] 1654769282943,CSR
glCanvas.js:1127 [BENCHMARK] 1654769282944,CSR
glCanvas.js:1127 [BENCHMARK] 1654769283061,CSR
glCanvas.js:1127 [BENCHMARK] 1654769283141,CSR
glCanvas.js:1127 [BENCHMARK] 1654769283146,CSR
glCanvas.js:1127 [BENCHMARK] 1654769283150,CSR
glCanvas.js:1127 [BENCHMARK] 1654769283154,CSR
glCanvas.js:1127 [BENCHMARK] 1654769283166,CSR
glCanvas.js:1127 [BENCHMARK] 1654769283168,CSR
glCanvas.js:1127 [BENCHMARK] 1654769283171,CSR
glCanvas.js:1127 [BENCHMARK] 1654769283173,CSR
glCanvas.js:1127 [BENCHMARK] 1654769283174,CSR
glCanvas.js:1127 [BENCHMARK] 1654769283280,CSR
glCanvas.js:1127 [BENCHMARK] 1654769283366,CSR
glCanvas.js:1127 [BENCHMARK] 1654769283373,CSR
glCanvas.js:1127 [BENCHMARK] 1654769283376,CSR
glCanvas.js:1127 [BENCHMARK] 1654769283379,CSR
glCanvas.js:1127 [BENCHMARK] 1654769283388,CSR
glCanvas.js:1127 [BENCHMARK] 1654769283390,CSR
glCanvas.js:1127 [BENCHMARK] 1654769283394,CSR
glCanvas.js:1127 [BENCHMARK] 1654769283411,CSR
glCanvas.js:1127 [BENCHMARK] 1654769283413,CSR
glCanvas.js:1127 [BENCHMARK] 1654769283415,CSR
glCanvas.js:1127 [BENCHMARK] 1654769283496,CSR
glCanvas.js:1127 [BENCHMARK] 1654769283504,CSR
glCanvas.js:1127 [BENCHMARK] 1654769283588,CSR
glCanvas.js:1127 [BENCHMARK] 1654769283599,CSR
glCanvas.js:1127 [BENCHMARK] 1654769283601,CSR
glCanvas.js:1127 [BENCHMARK] 1654769283604,CSR
glCanvas.js:1127 [BENCHMARK] 1654769283612,CSR
glCanvas.js:1127 [BENCHMARK] 1654769283614,CSR
glCanvas.js:1127 [BENCHMARK] 1654769283615,CSR
glCanvas.js:1127 [BENCHMARK] 1654769283644,CSR
glCanvas.js:1127 [BENCHMARK] 1654769283658,CSR
glCanvas.js:1127 [BENCHMARK] 1654769283660,CSR
glCanvas.js:1127 [BENCHMARK] 1654769283706,CSR
glCanvas.js:1127 [BENCHMARK] 1654769283710,CSR
glCanvas.js:1127 [BENCHMARK] 1654769283807,CSR
glCanvas.js:1127 [BENCHMARK] 1654769283812,CSR
glCanvas.js:1127 [BENCHMARK] 1654769283821,CSR
glCanvas.js:1127 [BENCHMARK] 1654769283823,CSR
glCanvas.js:1127 [BENCHMARK] 1654769283830,CSR
glCanvas.js:1127 [BENCHMARK] 1654769283839,CSR
glCanvas.js:1127 [BENCHMARK] 1654769283841,CSR
glCanvas.js:1127 [BENCHMARK] 1654769283849,CSR
glCanvas.js:1127 [BENCHMARK] 1654769283876,CSR
glCanvas.js:1127 [BENCHMARK] 1654769283878,CSR
glCanvas.js:1127 [BENCHMARK] 1654769283910,CSR
glCanvas.js:1127 [BENCHMARK] 1654769283927,CSR
glCanvas.js:1127 [BENCHMARK] 1654769284010,CSR
glCanvas.js:1127 [BENCHMARK] 1654769284027,CSR
glCanvas.js:1127 [BENCHMARK] 1654769284034,CSR
glCanvas.js:1127 [BENCHMARK] 1654769284036,CSR
glCanvas.js:1127 [BENCHMARK] 1654769284043,CSR
glCanvas.js:1127 [BENCHMARK] 1654769284080,CSR
glCanvas.js:1127 [BENCHMARK] 1654769284085,CSR
glCanvas.js:1127 [BENCHMARK] 1654769284090,CSR
glCanvas.js:1127 [BENCHMARK] 1654769284101,CSR
glCanvas.js:1127 [BENCHMARK] 1654769284106,CSR
glCanvas.js:1127 [BENCHMARK] 1654769284136,CSR
glCanvas.js:1127 [BENCHMARK] 1654769284259,CSR
glCanvas.js:1127 [BENCHMARK] 1654769284265,CSR
glCanvas.js:1127 [BENCHMARK] 1654769284304,CSR
glCanvas.js:1127 [BENCHMARK] 1654769284306,CSR
glCanvas.js:1127 [BENCHMARK] 1654769284308,CSR
glCanvas.js:1127 [BENCHMARK] 1654769284339,CSR
glCanvas.js:1127 [BENCHMARK] 1654769284342,CSR
glCanvas.js:1127 [BENCHMARK] 1654769284344,CSR
glCanvas.js:1127 [BENCHMARK] 1654769284347,CSR
glCanvas.js:1127 [BENCHMARK] 1654769284371,CSR
glCanvas.js:1127 [BENCHMARK] 1654769284374,CSR
glCanvas.js:1127 [BENCHMARK] 1654769284377,CSR
glCanvas.js:1127 [BENCHMARK] 1654769284394,CSR
glCanvas.js:1127 [BENCHMARK] 1654769284399,CSR
glCanvas.js:1127 [BENCHMARK] 1654769284403,CSR
glCanvas.js:1127 [BENCHMARK] 1654769284410,CSR
glCanvas.js:1127 [BENCHMARK] 1654769284421,CSR
glCanvas.js:1127 [BENCHMARK] 1654769284425,CSR
glCanvas.js:1127 [BENCHMARK] 1654769284430,CSR
glCanvas.js:1127 [BENCHMARK] 1654769284445,CSR
glCanvas.js:1127 [BENCHMARK] 1654769284450,CSR
glCanvas.js:1127 [BENCHMARK] 1654769284481,CSR
glCanvas.js:1127 [BENCHMARK] 1654769284521,CSR
glCanvas.js:1127 [BENCHMARK] 1654769284524,CSR
glCanvas.js:1127 [BENCHMARK] 1654769284526,CSR
glCanvas.js:1127 [BENCHMARK] 1654769284556,CSR
glCanvas.js:1127 [BENCHMARK] 1654769284560,CSR
glCanvas.js:1127 [BENCHMARK] 1654769284563,CSR
glCanvas.js:1127 [BENCHMARK] 1654769284566,CSR
glCanvas.js:1127 [BENCHMARK] 1654769284599,CSR
glCanvas.js:1127 [BENCHMARK] 1654769284602,CSR
glCanvas.js:1127 [BENCHMARK] 1654769284605,CSR
glCanvas.js:1127 [BENCHMARK] 1654769284617,CSR
glCanvas.js:1127 [BENCHMARK] 1654769284619,CSR
glCanvas.js:1127 [BENCHMARK] 1654769284623,CSR
glCanvas.js:1127 [BENCHMARK] 1654769284627,CSR
glCanvas.js:1127 [BENCHMARK] 1654769284635,CSR
glCanvas.js:1127 [BENCHMARK] 1654769284656,CSR
glCanvas.js:1127 [BENCHMARK] 1654769284660,CSR
glCanvas.js:1127 [BENCHMARK] 1654769284673,CSR
glCanvas.js:1127 [BENCHMARK] 1654769284676,CSR
glCanvas.js:1127 [BENCHMARK] 1654769284686,CSR
glCanvas.js:1127 [BENCHMARK] 1654769284739,CSR
glCanvas.js:1127 [BENCHMARK] 1654769284746,CSR
glCanvas.js:1127 [BENCHMARK] 1654769284748,CSR
glCanvas.js:1127 [BENCHMARK] 1654769284799,CSR
glCanvas.js:1127 [BENCHMARK] 1654769284803,CSR
glCanvas.js:1127 [BENCHMARK] 1654769284806,CSR
glCanvas.js:1127 [BENCHMARK] 1654769284818,CSR
glCanvas.js:1127 [BENCHMARK] 1654769284856,CSR
glCanvas.js:1127 [BENCHMARK] 1654769284861,CSR
glCanvas.js:1127 [BENCHMARK] 1654769284879,CSR
glCanvas.js:1127 [BENCHMARK] 1654769284889,CSR
glCanvas.js:1127 [BENCHMARK] 1654769284901,CSR
glCanvas.js:1127 [BENCHMARK] 1654769284918,CSR
glCanvas.js:1127 [BENCHMARK] 1654769284928,CSR
glCanvas.js:1127 [BENCHMARK] 1654769284936,CSR
glCanvas.js:1127 [BENCHMARK] 1654769284955,CSR
glCanvas.js:1127 [BENCHMARK] 1654769284960,CSR
glCanvas.js:1127 [BENCHMARK] 1654769284963,CSR
glCanvas.js:1127 [BENCHMARK] 1654769284978,CSR
glCanvas.js:1127 [BENCHMARK] 1654769284986,CSR
glCanvas.js:1127 [BENCHMARK] 1654769284997,CSR
glCanvas.js:1127 [BENCHMARK] 1654769285001,CSR
glCanvas.js:1127 [BENCHMARK] 1654769285004,CSR
glCanvas.js:1127 [BENCHMARK] 1654769285028,CSR
glCanvas.js:1127 [BENCHMARK] 1654769285034,CSR
glCanvas.js:1127 [BENCHMARK] 1654769285038,CSR
glCanvas.js:1127 [BENCHMARK] 1654769285045,CSR
glCanvas.js:1127 [BENCHMARK] 1654769285064,CSR
glCanvas.js:1127 [BENCHMARK] 1654769285069,CSR
glCanvas.js:1127 [BENCHMARK] 1654769285085,CSR
glCanvas.js:1127 [BENCHMARK] 1654769285096,CSR
glCanvas.js:1127 [BENCHMARK] 1654769285127,CSR
glCanvas.js:1127 [BENCHMARK] 1654769285151,CSR
glCanvas.js:1127 [BENCHMARK] 1654769285154,CSR
glCanvas.js:1127 [BENCHMARK] 1654769285157,CSR
glCanvas.js:1127 [BENCHMARK] 1654769285182,CSR
glCanvas.js:1127 [BENCHMARK] 1654769285184,CSR
glCanvas.js:1127 [BENCHMARK] 1654769285186,CSR
glCanvas.js:1127 [BENCHMARK] 1654769285199,CSR
glCanvas.js:1127 [BENCHMARK] 1654769285204,CSR
glCanvas.js:1127 [BENCHMARK] 1654769285210,CSR
glCanvas.js:1127 [BENCHMARK] 1654769285212,CSR
glCanvas.js:1127 [BENCHMARK] 1654769285215,CSR
glCanvas.js:1127 [BENCHMARK] 1654769285257,CSR
glCanvas.js:1127 [BENCHMARK] 1654769285261,CSR
glCanvas.js:1127 [BENCHMARK] 1654769285263,CSR
glCanvas.js:1127 [BENCHMARK] 1654769285266,CSR
glCanvas.js:1127 [BENCHMARK] 1654769285278,CSR
glCanvas.js:1127 [BENCHMARK] 1654769285285,CSR
glCanvas.js:1127 [BENCHMARK] 1654769285291,CSR
glCanvas.js:1127 [BENCHMARK] 1654769285327,CSR
glCanvas.js:1127 [BENCHMARK] 1654769285330,CSR
glCanvas.js:1127 [BENCHMARK] 1654769285332,CSR
glCanvas.js:1127 [BENCHMARK] 1654769285334,CSR
glCanvas.js:1127 [BENCHMARK] 1654769285343,CSR
glCanvas.js:1127 [BENCHMARK] 1654769285345,CSR
glCanvas.js:1127 [BENCHMARK] 1654769285348,CSR
glCanvas.js:1127 [BENCHMARK] 1654769285359,CSR
glCanvas.js:1127 [BENCHMARK] 1654769285361,CSR
glCanvas.js:1127 [BENCHMARK] 1654769285364,CSR
glCanvas.js:1127 [BENCHMARK] 1654769285375,CSR
glCanvas.js:1127 [BENCHMARK] 1654769285378,CSR
glCanvas.js:1127 [BENCHMARK] 1654769285381,CSR
glCanvas.js:1127 [BENCHMARK] 1654769285402,CSR
glCanvas.js:1127 [BENCHMARK] 1654769285404,CSR
glCanvas.js:1127 [BENCHMARK] 1654769285406,CSR
glCanvas.js:1127 [BENCHMARK] 1654769285422,CSR
glCanvas.js:1127 [BENCHMARK] 1654769285425,CSR
glCanvas.js:1127 [BENCHMARK] 1654769285428,CSR
glCanvas.js:1127 [BENCHMARK] 1654769285430,CSR
glCanvas.js:1127 [BENCHMARK] 1654769285434,CSR
glCanvas.js:1127 [BENCHMARK] 1654769285485,CSR
glCanvas.js:1127 [BENCHMARK] 1654769285491,CSR
glCanvas.js:1127 [BENCHMARK] 1654769285496,CSR
glCanvas.js:1127 [BENCHMARK] 1654769285525,CSR
glCanvas.js:1127 [BENCHMARK] 1654769285528,CSR
glCanvas.js:1127 [BENCHMARK] 1654769285531,CSR
glCanvas.js:1127 [BENCHMARK] 1654769285550,CSR
glCanvas.js:1127 [BENCHMARK] 1654769285554,CSR
glCanvas.js:1127 [BENCHMARK] 1654769285557,CSR
glCanvas.js:1127 [BENCHMARK] 1654769285585,CSR
glCanvas.js:1127 [BENCHMARK] 1654769285599,CSR
glCanvas.js:1127 [BENCHMARK] 1654769285606,CSR
glCanvas.js:1127 [BENCHMARK] 1654769285620,CSR
glCanvas.js:1127 [BENCHMARK] 1654769285626,CSR
glCanvas.js:1127 [BENCHMARK] 1654769285632,CSR
glCanvas.js:1127 [BENCHMARK] 1654769285648,CSR
glCanvas.js:1127 [BENCHMARK] 1654769285655,CSR
glCanvas.js:1127 [BENCHMARK] 1654769285660,CSR
glCanvas.js:1127 [BENCHMARK] 1654769285665,CSR
glCanvas.js:1127 [BENCHMARK] 1654769285677,CSR
glCanvas.js:1127 [BENCHMARK] 1654769285680,CSR
glCanvas.js:1127 [BENCHMARK] 1654769285684,CSR
glCanvas.js:1127 [BENCHMARK] 1654769285702,CSR
glCanvas.js:1127 [BENCHMARK] 1654769285706,CSR
glCanvas.js:1127 [BENCHMARK] 1654769285711,CSR
glCanvas.js:1127 [BENCHMARK] 1654769285739,CSR
glCanvas.js:1127 [BENCHMARK] 1654769285746,CSR
glCanvas.js:1127 [BENCHMARK] 1654769285752,CSR
glCanvas.js:1127 [BENCHMARK] 1654769285758,CSR
glCanvas.js:1127 [BENCHMARK] 1654769285771,CSR
glCanvas.js:1127 [BENCHMARK] 1654769285802,CSR
filmbox2.js:1550 [BENCHMARK] 1654769285805,fullLoad
glCanvas.js:1127 [BENCHMARK] 1654769287125,CSR
glCanvas.js:1127 [BENCHMARK] 1654769287128,CSR
glCanvas.js:1127 [BENCHMARK] 1654769287326,CSR
glCanvas.js:1127 [BENCHMARK] 1654769287329,CSR
glCanvas.js:1127 [BENCHMARK] 1654769287528,CSR
glCanvas.js:1127 [BENCHMARK] 1654769287532,CSR
glCanvas.js:1127 [BENCHMARK] 1654769287730,CSR
glCanvas.js:1127 [BENCHMARK] 1654769287733,CSR
glCanvas.js:1127 [BENCHMARK] 1654769287933,CSR
glCanvas.js:1127 [BENCHMARK] 1654769287936,CSR
glCanvas.js:1127 [BENCHMARK] 1654769288185,CSR
glCanvas.js:1127 [BENCHMARK] 1654769289193,CSR
glCanvas.js:1127 [BENCHMARK] 1654769292153,CSR
glCanvas.js:1127 [BENCHMARK] 1654769292242,CSR
glCanvas.js:1127 [BENCHMARK] 1654769292248,CSR
glCanvas.js:1127 [BENCHMARK] 1654769293348,CSR
glCanvas.js:1127 [BENCHMARK] 1654769293351,CSR
glCanvas.js:1127 [BENCHMARK] 1654769293418,CSR
glCanvas.js:1127 [BENCHMARK] 1654769293419,CSR
glCanvas.js:1127 [BENCHMARK] 1654769293491,CSR
glCanvas.js:1127 [BENCHMARK] 1654769293494,CSR
glCanvas.js:1127 [BENCHMARK] 1654769293562,CSR
glCanvas.js:1127 [BENCHMARK] 1654769293565,CSR
glCanvas.js:1127 [BENCHMARK] 1654769293634,CSR
glCanvas.js:1127 [BENCHMARK] 1654769293636,CSR
glCanvas.js:1127 [BENCHMARK] 1654769293706,CSR
glCanvas.js:1127 [BENCHMARK] 1654769293709,CSR
glCanvas.js:1127 [BENCHMARK] 1654769293777,CSR
glCanvas.js:1127 [BENCHMARK] 1654769293778,CSR
glCanvas.js:1127 [BENCHMARK] 1654769294033,CSR
glCanvas.js:1127 [BENCHMARK] 1654769295041,CSR
glCanvas.js:1127 [BENCHMARK] 1654769295858,CSR
glCanvas.js:1127 [BENCHMARK] 1654769295861,CSR
glCanvas.js:1127 [BENCHMARK] 1654769295927,CSR
glCanvas.js:1127 [BENCHMARK] 1654769295928,CSR
glCanvas.js:1127 [BENCHMARK] 1654769296000,CSR
glCanvas.js:1127 [BENCHMARK] 1654769296002,CSR
glCanvas.js:1127 [BENCHMARK] 1654769296072,CSR
glCanvas.js:1127 [BENCHMARK] 1654769296075,CSR
glCanvas.js:1127 [BENCHMARK] 1654769296144,CSR
glCanvas.js:1127 [BENCHMARK] 1654769296147,CSR
glCanvas.js:1127 [BENCHMARK] 1654769296215,CSR
glCanvas.js:1127 [BENCHMARK] 1654769296218,CSR
glCanvas.js:1127 [BENCHMARK] 1654769296287,CSR
glCanvas.js:1127 [BENCHMARK] 1654769296290,CSR
glCanvas.js:1127 [BENCHMARK] 1654769296359,CSR
glCanvas.js:1127 [BENCHMARK] 1654769296362,CSR
glCanvas.js:1127 [BENCHMARK] 1654769296430,CSR
glCanvas.js:1127 [BENCHMARK] 1654769296433,CSR
glCanvas.js:1127 [BENCHMARK] 1654769296502,CSR
glCanvas.js:1127 [BENCHMARK] 1654769296505,CSR
glCanvas.js:1127 [BENCHMARK] 1654769296753,CSR
glCanvas.js:1127 [BENCHMARK] 1654769296776,CSR
glCanvas.js:1127 [BENCHMARK] 1654769296777,CSR
glCanvas.js:1127 [BENCHMARK] 1654769296808,CSR
glCanvas.js:1127 [BENCHMARK] 1654769296810,CSR
glCanvas.js:1127 [BENCHMARK] 1654769296839,CSR
glCanvas.js:1127 [BENCHMARK] 1654769296842,CSR
glCanvas.js:1127 [BENCHMARK] 1654769296870,CSR
glCanvas.js:1127 [BENCHMARK] 1654769296873,CSR
glCanvas.js:1127 [BENCHMARK] 1654769296902,CSR
glCanvas.js:1127 [BENCHMARK] 1654769296905,CSR
glCanvas.js:1127 [BENCHMARK] 1654769296934,CSR
glCanvas.js:1127 [BENCHMARK] 1654769296936,CSR
glCanvas.js:1127 [BENCHMARK] 1654769296965,CSR
glCanvas.js:1127 [BENCHMARK] 1654769296968,CSR
glCanvas.js:1127 [BENCHMARK] 1654769296996,CSR
glCanvas.js:1127 [BENCHMARK] 1654769296999,CSR
glCanvas.js:1127 [BENCHMARK] 1654769297027,CSR
glCanvas.js:1127 [BENCHMARK] 1654769297030,CSR
glCanvas.js:1127 [BENCHMARK] 1654769297058,CSR
glCanvas.js:1127 [BENCHMARK] 1654769297061,CSR
glCanvas.js:1127 [BENCHMARK] 1654769297298,CSR
glCanvas.js:1127 [BENCHMARK] 1654769297301,CSR
glCanvas.js:1127 [BENCHMARK] 1654769297330,CSR
glCanvas.js:1127 [BENCHMARK] 1654769297333,CSR
glCanvas.js:1127 [BENCHMARK] 1654769297362,CSR
glCanvas.js:1127 [BENCHMARK] 1654769297365,CSR
glCanvas.js:1127 [BENCHMARK] 1654769297393,CSR
glCanvas.js:1127 [BENCHMARK] 1654769297395,CSR
glCanvas.js:1127 [BENCHMARK] 1654769297424,CSR
glCanvas.js:1127 [BENCHMARK] 1654769297426,CSR
glCanvas.js:1127 [BENCHMARK] 1654769297455,CSR
glCanvas.js:1127 [BENCHMARK] 1654769297458,CSR
glCanvas.js:1127 [BENCHMARK] 1654769297487,CSR
glCanvas.js:1127 [BENCHMARK] 1654769297489,CSR
glCanvas.js:1127 [BENCHMARK] 1654769297518,CSR
glCanvas.js:1127 [BENCHMARK] 1654769297521,CSR
glCanvas.js:1127 [BENCHMARK] 1654769297550,CSR
glCanvas.js:1127 [BENCHMARK] 1654769297553,CSR
glCanvas.js:1127 [BENCHMARK] 1654769297581,CSR
glCanvas.js:1127 [BENCHMARK] 1654769297584,CSR
glCanvas.js:1127 [BENCHMARK] 1654769297833,CSR
glCanvas.js:1127 [BENCHMARK] 1654769298841,CSR
glCanvas.js:1127 [BENCHMARK] 1654769302621,CSR
glCanvas.js:1127 [BENCHMARK] 1654769302822,CSR
glCanvas.js:1127 [BENCHMARK] 1654769303024,CSR
glCanvas.js:1127 [BENCHMARK] 1654769303226,CSR
glCanvas.js:1127 [BENCHMARK] 1654769303428,CSR
glCanvas.js:1127 [BENCHMARK] 1654769303681,CSR
glCanvas.js:1127 [BENCHMARK] 1654769304689,CSR
glCanvas.js:1127 [BENCHMARK] 1654769306639,CSR
glCanvas.js:1127 [BENCHMARK] 1654769306709,CSR
glCanvas.js:1127 [BENCHMARK] 1654769306781,CSR
glCanvas.js:1127 [BENCHMARK] 1654769306853,CSR
glCanvas.js:1127 [BENCHMARK] 1654769306925,CSR
glCanvas.js:1127 [BENCHMARK] 1654769306994,CSR
glCanvas.js:1127 [BENCHMARK] 1654769307068,CSR
glCanvas.js:1127 [BENCHMARK] 1654769307139,CSR
glCanvas.js:1127 [BENCHMARK] 1654769307211,CSR
glCanvas.js:1127 [BENCHMARK] 1654769307283,CSR
glCanvas.js:1127 [BENCHMARK] 1654769307537,CSR
glCanvas.js:1127 [BENCHMARK] 1654769307562,CSR
glCanvas.js:1127 [BENCHMARK] 1654769307633,CSR
glCanvas.js:1127 [BENCHMARK] 1654769307704,CSR
glCanvas.js:1127 [BENCHMARK] 1654769307776,CSR
glCanvas.js:1127 [BENCHMARK] 1654769307847,CSR
glCanvas.js:1127 [BENCHMARK] 1654769307918,CSR
glCanvas.js:1127 [BENCHMARK] 1654769307990,CSR
glCanvas.js:1127 [BENCHMARK] 1654769308062,CSR
glCanvas.js:1127 [BENCHMARK] 1654769308133,CSR
glCanvas.js:1127 [BENCHMARK] 1654769308205,CSR
glCanvas.js:1127 [BENCHMARK] 1654769308286,CSR
glCanvas.js:1127 [BENCHMARK] 1654769308385,CSR
glCanvas.js:1127 [BENCHMARK] 1654769308389,CSR
glCanvas.js:1127 [BENCHMARK] 1654769308457,CSR
glCanvas.js:1127 [BENCHMARK] 1654769309465,CSR
glCanvas.js:1127 [BENCHMARK] 1654769310491,CSR
glCanvas.js:1127 [BENCHMARK] 1654769310692,CSR
glCanvas.js:1127 [BENCHMARK] 1654769310893,CSR
glCanvas.js:1127 [BENCHMARK] 1654769311145,CSR
glCanvas.js:1127 [BENCHMARK] 1654769312153,CSR
glCanvas.js:1127 [BENCHMARK] 1654769313104,CSR
glCanvas.js:1127 [BENCHMARK] 1654769313204,CSR
glCanvas.js:1127 [BENCHMARK] 1654769313307,CSR
glCanvas.js:1127 [BENCHMARK] 1654769313409,CSR
glCanvas.js:1127 [BENCHMARK] 1654769313511,CSR
glCanvas.js:1127 [BENCHMARK] 1654769313761,CSR
glCanvas.js:1127 [BENCHMARK] 1654769314770,CSR
glCanvas.js:1127 [BENCHMARK] 1654769315621,CSR
glCanvas.js:1127 [BENCHMARK] 1654769315650,CSR
glCanvas.js:1127 [BENCHMARK] 1654769315681,CSR
glCanvas.js:1127 [BENCHMARK] 1654769315712,CSR
glCanvas.js:1127 [BENCHMARK] 1654769315744,CSR
glCanvas.js:1127 [BENCHMARK] 1654769315775,CSR
glCanvas.js:1127 [BENCHMARK] 1654769315806,CSR
glCanvas.js:1127 [BENCHMARK] 1654769315838,CSR
glCanvas.js:1127 [BENCHMARK] 1654769315869,CSR
glCanvas.js:1127 [BENCHMARK] 1654769315900,CSR
glCanvas.js:1127 [BENCHMARK] 1654769316140,CSR
glCanvas.js:1127 [BENCHMARK] 1654769316172,CSR
glCanvas.js:1127 [BENCHMARK] 1654769316204,CSR
glCanvas.js:1127 [BENCHMARK] 1654769316235,CSR
glCanvas.js:1127 [BENCHMARK] 1654769316267,CSR
glCanvas.js:1127 [BENCHMARK] 1654769316298,CSR
glCanvas.js:1127 [BENCHMARK] 1654769316330,CSR
glCanvas.js:1127 [BENCHMARK] 1654769316361,CSR
glCanvas.js:1127 [BENCHMARK] 1654769316393,CSR
glCanvas.js:1127 [BENCHMARK] 1654769316425,CSR
glCanvas.js:1127 [BENCHMARK] 1654769316664,CSR
glCanvas.js:1127 [BENCHMARK] 1654769316736,CSR
glCanvas.js:1127 [BENCHMARK] 1654769316808,CSR
glCanvas.js:1127 [BENCHMARK] 1654769316880,CSR
glCanvas.js:1127 [BENCHMARK] 1654769316952,CSR
glCanvas.js:1127 [BENCHMARK] 1654769317209,CSR
glCanvas.js:1127 [BENCHMARK] 1654769318217,CSR
glCanvas.js:1127 [BENCHMARK] 1654769320033,CSR
glCanvas.js:1127 [BENCHMARK] 1654769320133,CSR
glCanvas.js:1127 [BENCHMARK] 1654769320134,CSR
glCanvas.js:1127 [BENCHMARK] 1654769321240,CSR
glCanvas.js:1127 [BENCHMARK] 1654769321242,CSR
glCanvas.js:1127 [BENCHMARK] 1654769321258,CSR
glCanvas.js:1127 [BENCHMARK] 1654769321259,CSR
glCanvas.js:1127 [BENCHMARK] 1654769321267,CSR
glCanvas.js:1127 [BENCHMARK] 1654769321268,CSR
glCanvas.js:1127 [BENCHMARK] 1654769321276,CSR
glCanvas.js:1127 [BENCHMARK] 1654769321277,CSR
glCanvas.js:1127 [BENCHMARK] 1654769321290,CSR
glCanvas.js:1127 [BENCHMARK] 1654769321291,CSR
glCanvas.js:1127 [BENCHMARK] 1654769321303,CSR
glCanvas.js:1127 [BENCHMARK] 1654769321304,CSR
glCanvas.js:1127 [BENCHMARK] 1654769321316,CSR
glCanvas.js:1127 [BENCHMARK] 1654769321317,CSR
glCanvas.js:1127 [BENCHMARK] 1654769321330,CSR
glCanvas.js:1127 [BENCHMARK] 1654769321332,CSR
glCanvas.js:1127 [BENCHMARK] 1654769321343,CSR
glCanvas.js:1127 [BENCHMARK] 1654769321344,CSR
glCanvas.js:1127 [BENCHMARK] 1654769321356,CSR
glCanvas.js:1127 [BENCHMARK] 1654769321357,CSR
glCanvas.js:1127 [BENCHMARK] 1654769321372,CSR
glCanvas.js:1127 [BENCHMARK] 1654769321475,CSR
glCanvas.js:1127 [BENCHMARK] 1654769321479,CSR
glCanvas.js:1127 [BENCHMARK] 1654769321609,CSR
glCanvas.js:1127 [BENCHMARK] 1654769322617,CSR
glCanvas.js:1127 [BENCHMARK] 1654769323581,CSR
glCanvas.js:1127 [BENCHMARK] 1654769323585,CSR
glCanvas.js:1127 [BENCHMARK] 1654769323783,CSR
glCanvas.js:1127 [BENCHMARK] 1654769323786,CSR
glCanvas.js:1127 [BENCHMARK] 1654769323985,CSR
glCanvas.js:1127 [BENCHMARK] 1654769323988,CSR
glCanvas.js:1127 [BENCHMARK] 1654769324241,CSR
glCanvas.js:1127 [BENCHMARK] 1654769325249,CSR
glCanvas.js:1127 [BENCHMARK] 1654769327196,CSR
glCanvas.js:1127 [BENCHMARK] 1654769327296,CSR
glCanvas.js:1127 [BENCHMARK] 1654769327399,CSR
glCanvas.js:1127 [BENCHMARK] 1654769327498,CSR
glCanvas.js:1127 [BENCHMARK] 1654769327601,CSR
glCanvas.js:1127 [BENCHMARK] 1654769327857,CSR
glCanvas.js:1127 [BENCHMARK] 1654769327911,CSR
glCanvas.js:1127 [BENCHMARK] 1654769328013,CSR
glCanvas.js:1127 [BENCHMARK] 1654769328115,CSR
glCanvas.js:1127 [BENCHMARK] 1654769328217,CSR
glCanvas.js:1127 [BENCHMARK] 1654769328319,CSR
glCanvas.js:1127 [BENCHMARK] 1654769328421,CSR
glCanvas.js:1127 [BENCHMARK] 1654769328524,CSR
glCanvas.js:1127 [BENCHMARK] 1654769328625,CSR
glCanvas.js:1127 [BENCHMARK] 1654769328726,CSR
glCanvas.js:1127 [BENCHMARK] 1654769328829,CSR
glCanvas.js:1127 [BENCHMARK] 1654769329081,CSR
glCanvas.js:1127 [BENCHMARK] 1654769329138,CSR
glCanvas.js:1127 [BENCHMARK] 1654769329209,CSR
glCanvas.js:1127 [BENCHMARK] 1654769329281,CSR
glCanvas.js:1127 [BENCHMARK] 1654769329352,CSR
glCanvas.js:1127 [BENCHMARK] 1654769329424,CSR
glCanvas.js:1127 [BENCHMARK] 1654769329496,CSR
glCanvas.js:1127 [BENCHMARK] 1654769329568,CSR
glCanvas.js:1127 [BENCHMARK] 1654769329639,CSR
glCanvas.js:1127 [BENCHMARK] 1654769329710,CSR
glCanvas.js:1127 [BENCHMARK] 1654769329782,CSR
glCanvas.js:1127 [BENCHMARK] 1654769330033,CSR
glCanvas.js:1127 [BENCHMARK] 1654769331041,CSR
glCanvas.js:1127 [BENCHMARK] 1654769331866,CSR
glCanvas.js:1127 [BENCHMARK] 1654769331964,CSR
glCanvas.js:1127 [BENCHMARK] 1654769331968,CSR
glCanvas.js:1127 [BENCHMARK] 1654769333070,CSR
glCanvas.js:1127 [BENCHMARK] 1654769333073,CSR
glCanvas.js:1127 [BENCHMARK] 1654769333099,CSR
glCanvas.js:1127 [BENCHMARK] 1654769333100,CSR
glCanvas.js:1127 [BENCHMARK] 1654769333130,CSR
glCanvas.js:1127 [BENCHMARK] 1654769333131,CSR
glCanvas.js:1127 [BENCHMARK] 1654769333161,CSR
glCanvas.js:1127 [BENCHMARK] 1654769333161,CSR
glCanvas.js:1127 [BENCHMARK] 1654769333193,CSR
glCanvas.js:1127 [BENCHMARK] 1654769333195,CSR
glCanvas.js:1127 [BENCHMARK] 1654769333225,CSR
glCanvas.js:1127 [BENCHMARK] 1654769333227,CSR
glCanvas.js:1127 [BENCHMARK] 1654769333256,CSR
glCanvas.js:1127 [BENCHMARK] 1654769333259,CSR
glCanvas.js:1127 [BENCHMARK] 1654769333288,CSR
glCanvas.js:1127 [BENCHMARK] 1654769333290,CSR
glCanvas.js:1127 [BENCHMARK] 1654769333319,CSR
glCanvas.js:1127 [BENCHMARK] 1654769333321,CSR
glCanvas.js:1127 [BENCHMARK] 1654769333351,CSR
glCanvas.js:1127 [BENCHMARK] 1654769333354,CSR
glCanvas.js:1127 [BENCHMARK] 1654769333592,CSR
glCanvas.js:1127 [BENCHMARK] 1654769333594,CSR
glCanvas.js:1127 [BENCHMARK] 1654769333623,CSR
glCanvas.js:1127 [BENCHMARK] 1654769333625,CSR
glCanvas.js:1127 [BENCHMARK] 1654769333655,CSR
glCanvas.js:1127 [BENCHMARK] 1654769333657,CSR
glCanvas.js:1127 [BENCHMARK] 1654769333686,CSR
glCanvas.js:1127 [BENCHMARK] 1654769333689,CSR
glCanvas.js:1127 [BENCHMARK] 1654769333717,CSR
glCanvas.js:1127 [BENCHMARK] 1654769333720,CSR
glCanvas.js:1127 [BENCHMARK] 1654769333749,CSR
glCanvas.js:1127 [BENCHMARK] 1654769333751,CSR
glCanvas.js:1127 [BENCHMARK] 1654769333780,CSR
glCanvas.js:1127 [BENCHMARK] 1654769333782,CSR
glCanvas.js:1127 [BENCHMARK] 1654769333811,CSR
glCanvas.js:1127 [BENCHMARK] 1654769333814,CSR
glCanvas.js:1127 [BENCHMARK] 1654769333843,CSR
glCanvas.js:1127 [BENCHMARK] 1654769333845,CSR
glCanvas.js:1127 [BENCHMARK] 1654769333875,CSR
glCanvas.js:1127 [BENCHMARK] 1654769333877,CSR
glCanvas.js:1127 [BENCHMARK] 1654769334114,CSR
glCanvas.js:1127 [BENCHMARK] 1654769334117,CSR
glCanvas.js:1127 [BENCHMARK] 1654769334147,CSR
glCanvas.js:1127 [BENCHMARK] 1654769334149,CSR
glCanvas.js:1127 [BENCHMARK] 1654769334176,CSR
glCanvas.js:1127 [BENCHMARK] 1654769334177,CSR
glCanvas.js:1127 [BENCHMARK] 1654769334209,CSR
glCanvas.js:1127 [BENCHMARK] 1654769334212,CSR
glCanvas.js:1127 [BENCHMARK] 1654769334241,CSR
glCanvas.js:1127 [BENCHMARK] 1654769334244,CSR
glCanvas.js:1127 [BENCHMARK] 1654769334273,CSR
glCanvas.js:1127 [BENCHMARK] 1654769334275,CSR
glCanvas.js:1127 [BENCHMARK] 1654769334304,CSR
glCanvas.js:1127 [BENCHMARK] 1654769334307,CSR
glCanvas.js:1127 [BENCHMARK] 1654769334336,CSR
glCanvas.js:1127 [BENCHMARK] 1654769334338,CSR
glCanvas.js:1127 [BENCHMARK] 1654769334367,CSR
glCanvas.js:1127 [BENCHMARK] 1654769334369,CSR
glCanvas.js:1127 [BENCHMARK] 1654769334399,CSR
glCanvas.js:1127 [BENCHMARK] 1654769334401,CSR
glCanvas.js:1127 [BENCHMARK] 1654769334649,CSR
glCanvas.js:1127 [BENCHMARK] 1654769335657,CSR
