glCanvas.js:1107 [BENCHMARK] 1654765438324,X
glCanvas.js:1107 [BENCHMARK] 1654765438330,X
glCanvas.js:1107 [BENCHMARK] 1654765438333,X
glCanvas.js:1107 [BENCHMARK] 1654765438356,X
glCanvas.js:1107 [BENCHMARK] 1654765438901,X
glCanvas.js:1127 [BENCHMARK] 1654765438968,CSR
manager.js:159 [BENCHMARK] 1654765439456,firstRender
glCanvas.js:1127 [BENCHMARK] 1654765439462,CSR
glCanvas.js:1127 [BENCHMARK] 1654765439465,CSR
glCanvas.js:1127 [BENCHMARK] 1654765439472,CSR
glCanvas.js:1127 [BENCHMARK] 1654765439482,CSR
glCanvas.js:1127 [BENCHMARK] 1654765439487,CSR
glCanvas.js:1127 [BENCHMARK] 1654765439490,CSR
glCanvas.js:1127 [BENCHMARK] 1654765439502,CSR
glCanvas.js:1127 [BENCHMARK] 1654765439509,CSR
glCanvas.js:1127 [BENCHMARK] 1654765439525,CSR
glCanvas.js:1127 [BENCHMARK] 1654765439551,CSR
glCanvas.js:1127 [BENCHMARK] 1654765439554,CSR
glCanvas.js:1127 [BENCHMARK] 1654765439556,CSR
glCanvas.js:1127 [BENCHMARK] 1654765439558,CSR
glCanvas.js:1127 [BENCHMARK] 1654765439561,CSR
glCanvas.js:1127 [BENCHMARK] 1654765439579,CSR
glCanvas.js:1127 [BENCHMARK] 1654765439600,CSR
glCanvas.js:1127 [BENCHMARK] 1654765439654,CSR
glCanvas.js:1127 [BENCHMARK] 1654765439750,CSR
glCanvas.js:1127 [BENCHMARK] 1654765439822,CSR
glCanvas.js:1127 [BENCHMARK] 1654765439856,CSR
glCanvas.js:1127 [BENCHMARK] 1654765439880,CSR
glCanvas.js:1127 [BENCHMARK] 1654765440085,CSR
glCanvas.js:1127 [BENCHMARK] 1654765440218,CSR
glCanvas.js:1127 [BENCHMARK] 1654765440253,CSR
glCanvas.js:1127 [BENCHMARK] 1654765440286,CSR
glCanvas.js:1127 [BENCHMARK] 1654765440319,CSR
glCanvas.js:1127 [BENCHMARK] 1654765440763,CSR
glCanvas.js:1127 [BENCHMARK] 1654765440768,CSR
glCanvas.js:1127 [BENCHMARK] 1654765440772,CSR
glCanvas.js:1127 [BENCHMARK] 1654765440811,CSR
glCanvas.js:1127 [BENCHMARK] 1654765441055,CSR
glCanvas.js:1127 [BENCHMARK] 1654765441079,CSR
glCanvas.js:1127 [BENCHMARK] 1654765441104,CSR
glCanvas.js:1127 [BENCHMARK] 1654765441131,CSR
glCanvas.js:1127 [BENCHMARK] 1654765441226,CSR
glCanvas.js:1127 [BENCHMARK] 1654765441378,CSR
glCanvas.js:1127 [BENCHMARK] 1654765441455,CSR
glCanvas.js:1127 [BENCHMARK] 1654765441482,CSR
glCanvas.js:1127 [BENCHMARK] 1654765441511,CSR
glCanvas.js:1127 [BENCHMARK] 1654765441539,CSR
glCanvas.js:1127 [BENCHMARK] 1654765441560,CSR
glCanvas.js:1127 [BENCHMARK] 1654765441665,CSR
glCanvas.js:1127 [BENCHMARK] 1654765441688,CSR
glCanvas.js:1127 [BENCHMARK] 1654765441728,CSR
glCanvas.js:1127 [BENCHMARK] 1654765441759,CSR
glCanvas.js:1107 [BENCHMARK] 1654765441760,X
glCanvas.js:1107 [BENCHMARK] 1654765441762,X
glCanvas.js:1107 [BENCHMARK] 1654765441894,X
glCanvas.js:1107 [BENCHMARK] 1654765441914,X
glCanvas.js:1107 [BENCHMARK] 1654765441935,X
glCanvas.js:1107 [BENCHMARK] 1654765441955,X
glCanvas.js:1127 [BENCHMARK] 1654765442040,SSR
glCanvas.js:1127 [BENCHMARK] 1654765442071,SSR
glCanvas.js:1127 [BENCHMARK] 1654765442091,SSR
glCanvas.js:1127 [BENCHMARK] 1654765442113,SSR
glCanvas.js:1127 [BENCHMARK] 1654765442136,CSR
glCanvas.js:1127 [BENCHMARK] 1654765442186,CSR
glCanvas.js:1127 [BENCHMARK] 1654765442208,CSR
glCanvas.js:1127 [BENCHMARK] 1654765442232,CSR
glCanvas.js:1127 [BENCHMARK] 1654765442255,CSR
glCanvas.js:1127 [BENCHMARK] 1654765442281,CSR
glCanvas.js:1127 [BENCHMARK] 1654765442304,CSR
glCanvas.js:1127 [BENCHMARK] 1654765442330,CSR
glCanvas.js:1127 [BENCHMARK] 1654765442358,CSR
glCanvas.js:1127 [BENCHMARK] 1654765442397,CSR
glCanvas.js:1127 [BENCHMARK] 1654765442421,CSR
glCanvas.js:1127 [BENCHMARK] 1654765442446,CSR
glCanvas.js:1127 [BENCHMARK] 1654765442469,CSR
glCanvas.js:1127 [BENCHMARK] 1654765442504,CSR
glCanvas.js:1127 [BENCHMARK] 1654765442541,CSR
glCanvas.js:1127 [BENCHMARK] 1654765442580,CSR
glCanvas.js:1127 [BENCHMARK] 1654765442601,CSR
glCanvas.js:1127 [BENCHMARK] 1654765442653,CSR
glCanvas.js:1127 [BENCHMARK] 1654765442675,CSR
glCanvas.js:1127 [BENCHMARK] 1654765442720,CSR
glCanvas.js:1127 [BENCHMARK] 1654765442743,CSR
glCanvas.js:1127 [BENCHMARK] 1654765442810,CSR
glCanvas.js:1127 [BENCHMARK] 1654765442832,CSR
glCanvas.js:1127 [BENCHMARK] 1654765442855,CSR
glCanvas.js:1127 [BENCHMARK] 1654765442877,CSR
glCanvas.js:1127 [BENCHMARK] 1654765442901,CSR
glCanvas.js:1127 [BENCHMARK] 1654765442923,CSR
glCanvas.js:1127 [BENCHMARK] 1654765442945,CSR
glCanvas.js:1127 [BENCHMARK] 1654765442974,CSR
glCanvas.js:1127 [BENCHMARK] 1654765442994,CSR
glCanvas.js:1127 [BENCHMARK] 1654765443066,CSR
glCanvas.js:1127 [BENCHMARK] 1654765443088,CSR
glCanvas.js:1127 [BENCHMARK] 1654765443181,CSR
glCanvas.js:1127 [BENCHMARK] 1654765443203,CSR
glCanvas.js:1127 [BENCHMARK] 1654765443226,CSR
glCanvas.js:1127 [BENCHMARK] 1654765443249,CSR
glCanvas.js:1127 [BENCHMARK] 1654765443270,CSR
glCanvas.js:1127 [BENCHMARK] 1654765443353,CSR
glCanvas.js:1127 [BENCHMARK] 1654765443374,CSR
glCanvas.js:1127 [BENCHMARK] 1654765443395,CSR
glCanvas.js:1127 [BENCHMARK] 1654765443505,CSR
glCanvas.js:1127 [BENCHMARK] 1654765443526,CSR
glCanvas.js:1127 [BENCHMARK] 1654765443550,CSR
glCanvas.js:1127 [BENCHMARK] 1654765443600,CSR
glCanvas.js:1127 [BENCHMARK] 1654765443672,CSR
glCanvas.js:1127 [BENCHMARK] 1654765443803,CSR
glCanvas.js:1127 [BENCHMARK] 1654765443826,CSR
glCanvas.js:1127 [BENCHMARK] 1654765443852,CSR
glCanvas.js:1127 [BENCHMARK] 1654765443874,CSR
glCanvas.js:1127 [BENCHMARK] 1654765443879,CSR
glCanvas.js:1127 [BENCHMARK] 1654765443880,CSR
glCanvas.js:1127 [BENCHMARK] 1654765443911,CSR
glCanvas.js:1127 [BENCHMARK] 1654765443912,CSR
glCanvas.js:1127 [BENCHMARK] 1654765443942,CSR
glCanvas.js:1127 [BENCHMARK] 1654765443944,CSR
glCanvas.js:1127 [BENCHMARK] 1654765443974,CSR
glCanvas.js:1127 [BENCHMARK] 1654765443976,CSR
glCanvas.js:1127 [BENCHMARK] 1654765444005,CSR
glCanvas.js:1127 [BENCHMARK] 1654765444007,CSR
glCanvas.js:1127 [BENCHMARK] 1654765444036,CSR
glCanvas.js:1127 [BENCHMARK] 1654765444037,CSR
glCanvas.js:1127 [BENCHMARK] 1654765444046,CSR
glCanvas.js:1127 [BENCHMARK] 1654765444066,CSR
glCanvas.js:1127 [BENCHMARK] 1654765444068,CSR
glCanvas.js:1127 [BENCHMARK] 1654765444077,CSR
glCanvas.js:1127 [BENCHMARK] 1654765444097,CSR
glCanvas.js:1127 [BENCHMARK] 1654765444099,CSR
glCanvas.js:1127 [BENCHMARK] 1654765444128,CSR
glCanvas.js:1127 [BENCHMARK] 1654765444130,CSR
glCanvas.js:1127 [BENCHMARK] 1654765444148,CSR
glCanvas.js:1127 [BENCHMARK] 1654765444158,CSR
glCanvas.js:1127 [BENCHMARK] 1654765444160,CSR
glCanvas.js:1127 [BENCHMARK] 1654765444291,CSR
glCanvas.js:1127 [BENCHMARK] 1654765444334,CSR
glCanvas.js:1127 [BENCHMARK] 1654765444393,CSR
glCanvas.js:1127 [BENCHMARK] 1654765444394,CSR
glCanvas.js:1127 [BENCHMARK] 1654765444410,CSR
glCanvas.js:1127 [BENCHMARK] 1654765444424,CSR
glCanvas.js:1127 [BENCHMARK] 1654765444425,CSR
glCanvas.js:1127 [BENCHMARK] 1654765444456,CSR
glCanvas.js:1127 [BENCHMARK] 1654765444473,CSR
glCanvas.js:1127 [BENCHMARK] 1654765444478,CSR
glCanvas.js:1127 [BENCHMARK] 1654765444490,CSR
glCanvas.js:1127 [BENCHMARK] 1654765444496,CSR
glCanvas.js:1127 [BENCHMARK] 1654765444522,CSR
glCanvas.js:1127 [BENCHMARK] 1654765444528,CSR
glCanvas.js:1127 [BENCHMARK] 1654765444551,CSR
glCanvas.js:1127 [BENCHMARK] 1654765444558,CSR
glCanvas.js:1127 [BENCHMARK] 1654765444564,CSR
glCanvas.js:1127 [BENCHMARK] 1654765444580,CSR
glCanvas.js:1127 [BENCHMARK] 1654765444583,CSR
glCanvas.js:1127 [BENCHMARK] 1654765444609,CSR
glCanvas.js:1127 [BENCHMARK] 1654765444612,CSR
glCanvas.js:1127 [BENCHMARK] 1654765444642,CSR
glCanvas.js:1127 [BENCHMARK] 1654765444663,CSR
glCanvas.js:1127 [BENCHMARK] 1654765444671,CSR
glCanvas.js:1127 [BENCHMARK] 1654765444675,CSR
glCanvas.js:1127 [BENCHMARK] 1654765444712,CSR
glCanvas.js:1127 [BENCHMARK] 1654765444756,CSR
glCanvas.js:1127 [BENCHMARK] 1654765444770,CSR
glCanvas.js:1127 [BENCHMARK] 1654765444797,CSR
glCanvas.js:1127 [BENCHMARK] 1654765444806,CSR
glCanvas.js:1127 [BENCHMARK] 1654765444921,CSR
glCanvas.js:1127 [BENCHMARK] 1654765444925,CSR
glCanvas.js:1127 [BENCHMARK] 1654765444927,CSR
glCanvas.js:1127 [BENCHMARK] 1654765444932,CSR
glCanvas.js:1127 [BENCHMARK] 1654765444937,CSR
glCanvas.js:1127 [BENCHMARK] 1654765444939,CSR
glCanvas.js:1127 [BENCHMARK] 1654765444970,CSR
glCanvas.js:1127 [BENCHMARK] 1654765444972,CSR
glCanvas.js:1127 [BENCHMARK] 1654765445000,CSR
glCanvas.js:1127 [BENCHMARK] 1654765445002,CSR
glCanvas.js:1127 [BENCHMARK] 1654765445031,CSR
glCanvas.js:1127 [BENCHMARK] 1654765445032,CSR
glCanvas.js:1127 [BENCHMARK] 1654765445091,CSR
glCanvas.js:1127 [BENCHMARK] 1654765445092,CSR
glCanvas.js:1127 [BENCHMARK] 1654765445093,CSR
glCanvas.js:1127 [BENCHMARK] 1654765445094,CSR
glCanvas.js:1127 [BENCHMARK] 1654765445123,CSR
glCanvas.js:1127 [BENCHMARK] 1654765445124,CSR
glCanvas.js:1127 [BENCHMARK] 1654765445148,CSR
glCanvas.js:1127 [BENCHMARK] 1654765445155,CSR
glCanvas.js:1127 [BENCHMARK] 1654765445156,CSR
glCanvas.js:1127 [BENCHMARK] 1654765445179,CSR
glCanvas.js:1127 [BENCHMARK] 1654765445185,CSR
glCanvas.js:1127 [BENCHMARK] 1654765445186,CSR
glCanvas.js:1127 [BENCHMARK] 1654765445204,CSR
glCanvas.js:1127 [BENCHMARK] 1654765445226,CSR
glCanvas.js:1127 [BENCHMARK] 1654765445269,CSR
glCanvas.js:1127 [BENCHMARK] 1654765445291,CSR
glCanvas.js:1127 [BENCHMARK] 1654765445312,CSR
glCanvas.js:1127 [BENCHMARK] 1654765445387,CSR
glCanvas.js:1127 [BENCHMARK] 1654765445505,CSR
glCanvas.js:1127 [BENCHMARK] 1654765445541,CSR
glCanvas.js:1127 [BENCHMARK] 1654765445572,CSR
glCanvas.js:1127 [BENCHMARK] 1654765445623,CSR
glCanvas.js:1127 [BENCHMARK] 1654765445776,CSR
glCanvas.js:1127 [BENCHMARK] 1654765445910,CSR
glCanvas.js:1127 [BENCHMARK] 1654765445952,CSR
glCanvas.js:1127 [BENCHMARK] 1654765445974,CSR
glCanvas.js:1127 [BENCHMARK] 1654765446036,CSR
glCanvas.js:1127 [BENCHMARK] 1654765446091,CSR
glCanvas.js:1127 [BENCHMARK] 1654765446219,CSR
glCanvas.js:1127 [BENCHMARK] 1654765446227,CSR
glCanvas.js:1127 [BENCHMARK] 1654765446249,CSR
glCanvas.js:1127 [BENCHMARK] 1654765446270,CSR
glCanvas.js:1127 [BENCHMARK] 1654765446294,CSR
glCanvas.js:1127 [BENCHMARK] 1654765446317,CSR
glCanvas.js:1127 [BENCHMARK] 1654765446320,CSR
glCanvas.js:1127 [BENCHMARK] 1654765446376,CSR
glCanvas.js:1127 [BENCHMARK] 1654765446398,CSR
glCanvas.js:1127 [BENCHMARK] 1654765446419,CSR
glCanvas.js:1127 [BENCHMARK] 1654765446420,CSR
glCanvas.js:1127 [BENCHMARK] 1654765446454,CSR
glCanvas.js:1127 [BENCHMARK] 1654765446502,CSR
glCanvas.js:1127 [BENCHMARK] 1654765446521,CSR
glCanvas.js:1127 [BENCHMARK] 1654765446524,CSR
glCanvas.js:1127 [BENCHMARK] 1654765446547,CSR
glCanvas.js:1127 [BENCHMARK] 1654765446599,CSR
glCanvas.js:1127 [BENCHMARK] 1654765446621,CSR
glCanvas.js:1127 [BENCHMARK] 1654765446623,CSR
glCanvas.js:1127 [BENCHMARK] 1654765446640,CSR
glCanvas.js:1127 [BENCHMARK] 1654765446686,CSR
glCanvas.js:1127 [BENCHMARK] 1654765446723,CSR
glCanvas.js:1127 [BENCHMARK] 1654765446825,CSR
glCanvas.js:1127 [BENCHMARK] 1654765446872,CSR
glCanvas.js:1127 [BENCHMARK] 1654765447036,CSR
glCanvas.js:1127 [BENCHMARK] 1654765447062,CSR
glCanvas.js:1127 [BENCHMARK] 1654765447103,CSR
glCanvas.js:1127 [BENCHMARK] 1654765447213,CSR
glCanvas.js:1127 [BENCHMARK] 1654765447334,CSR
glCanvas.js:1127 [BENCHMARK] 1654765447382,CSR
glCanvas.js:1127 [BENCHMARK] 1654765447402,CSR
glCanvas.js:1127 [BENCHMARK] 1654765447626,CSR
glCanvas.js:1127 [BENCHMARK] 1654765447646,CSR
glCanvas.js:1127 [BENCHMARK] 1654765447666,CSR
glCanvas.js:1127 [BENCHMARK] 1654765447702,CSR
glCanvas.js:1127 [BENCHMARK] 1654765447732,CSR
glCanvas.js:1127 [BENCHMARK] 1654765447903,CSR
glCanvas.js:1127 [BENCHMARK] 1654765447925,CSR
glCanvas.js:1127 [BENCHMARK] 1654765447999,CSR
glCanvas.js:1127 [BENCHMARK] 1654765448021,CSR
glCanvas.js:1127 [BENCHMARK] 1654765448043,CSR
glCanvas.js:1127 [BENCHMARK] 1654765448067,CSR
glCanvas.js:1127 [BENCHMARK] 1654765448085,CSR
glCanvas.js:1127 [BENCHMARK] 1654765448321,CSR
glCanvas.js:1127 [BENCHMARK] 1654765448342,CSR
glCanvas.js:1127 [BENCHMARK] 1654765448423,CSR
glCanvas.js:1127 [BENCHMARK] 1654765448445,CSR
glCanvas.js:1127 [BENCHMARK] 1654765448466,CSR
glCanvas.js:1127 [BENCHMARK] 1654765448488,CSR
glCanvas.js:1127 [BENCHMARK] 1654765448619,CSR
glCanvas.js:1127 [BENCHMARK] 1654765448642,CSR
glCanvas.js:1127 [BENCHMARK] 1654765448661,CSR
glCanvas.js:1127 [BENCHMARK] 1654765448682,CSR
glCanvas.js:1127 [BENCHMARK] 1654765448704,CSR
glCanvas.js:1127 [BENCHMARK] 1654765448723,CSR
glCanvas.js:1127 [BENCHMARK] 1654765448745,CSR
glCanvas.js:1127 [BENCHMARK] 1654765448766,CSR
glCanvas.js:1127 [BENCHMARK] 1654765448854,CSR
glCanvas.js:1127 [BENCHMARK] 1654765448923,CSR
glCanvas.js:1127 [BENCHMARK] 1654765448945,CSR
glCanvas.js:1127 [BENCHMARK] 1654765449025,CSR
glCanvas.js:1127 [BENCHMARK] 1654765449063,CSR
glCanvas.js:1127 [BENCHMARK] 1654765449092,CSR
glCanvas.js:1127 [BENCHMARK] 1654765449123,CSR
glCanvas.js:1127 [BENCHMARK] 1654765449166,CSR
glCanvas.js:1127 [BENCHMARK] 1654765449217,CSR
glCanvas.js:1127 [BENCHMARK] 1654765449239,CSR
glCanvas.js:1127 [BENCHMARK] 1654765449393,CSR
glCanvas.js:1127 [BENCHMARK] 1654765449431,CSR
glCanvas.js:1127 [BENCHMARK] 1654765449463,CSR
glCanvas.js:1127 [BENCHMARK] 1654765449494,CSR
glCanvas.js:1127 [BENCHMARK] 1654765449552,CSR
glCanvas.js:1127 [BENCHMARK] 1654765449586,CSR
glCanvas.js:1127 [BENCHMARK] 1654765449620,CSR
glCanvas.js:1127 [BENCHMARK] 1654765449638,CSR
glCanvas.js:1127 [BENCHMARK] 1654765449673,CSR
glCanvas.js:1127 [BENCHMARK] 1654765449694,CSR
glCanvas.js:1127 [BENCHMARK] 1654765449869,CSR
glCanvas.js:1127 [BENCHMARK] 1654765449932,CSR
glCanvas.js:1127 [BENCHMARK] 1654765449935,CSR
glCanvas.js:1127 [BENCHMARK] 1654765450013,CSR
glCanvas.js:1127 [BENCHMARK] 1654765450046,CSR
glCanvas.js:1127 [BENCHMARK] 1654765450081,CSR
glCanvas.js:1127 [BENCHMARK] 1654765450134,CSR
glCanvas.js:1127 [BENCHMARK] 1654765450136,CSR
glCanvas.js:1127 [BENCHMARK] 1654765450200,CSR
glCanvas.js:1127 [BENCHMARK] 1654765450234,CSR
glCanvas.js:1127 [BENCHMARK] 1654765450269,CSR
glCanvas.js:1127 [BENCHMARK] 1654765450288,CSR
glCanvas.js:1127 [BENCHMARK] 1654765450320,CSR
glCanvas.js:1127 [BENCHMARK] 1654765450334,CSR
glCanvas.js:1127 [BENCHMARK] 1654765450335,CSR
glCanvas.js:1127 [BENCHMARK] 1654765450411,CSR
glCanvas.js:1127 [BENCHMARK] 1654765450443,CSR
glCanvas.js:1127 [BENCHMARK] 1654765450477,CSR
glCanvas.js:1127 [BENCHMARK] 1654765450504,CSR
glCanvas.js:1127 [BENCHMARK] 1654765450531,CSR
glCanvas.js:1127 [BENCHMARK] 1654765450535,CSR
glCanvas.js:1127 [BENCHMARK] 1654765450536,CSR
glCanvas.js:1127 [BENCHMARK] 1654765450701,CSR
glCanvas.js:1127 [BENCHMARK] 1654765450736,CSR
glCanvas.js:1127 [BENCHMARK] 1654765450737,CSR
glCanvas.js:1127 [BENCHMARK] 1654765450739,CSR
glCanvas.js:1127 [BENCHMARK] 1654765450766,CSR
glCanvas.js:1127 [BENCHMARK] 1654765450794,CSR
glCanvas.js:1127 [BENCHMARK] 1654765450826,CSR
glCanvas.js:1127 [BENCHMARK] 1654765450854,CSR
glCanvas.js:1127 [BENCHMARK] 1654765450889,CSR
glCanvas.js:1127 [BENCHMARK] 1654765450919,CSR
glCanvas.js:1127 [BENCHMARK] 1654765450941,CSR
glCanvas.js:1127 [BENCHMARK] 1654765450970,CSR
glCanvas.js:1127 [BENCHMARK] 1654765450990,CSR
glCanvas.js:1127 [BENCHMARK] 1654765451012,CSR
glCanvas.js:1127 [BENCHMARK] 1654765451154,CSR
glCanvas.js:1127 [BENCHMARK] 1654765451174,CSR
glCanvas.js:1127 [BENCHMARK] 1654765451302,CSR
glCanvas.js:1127 [BENCHMARK] 1654765451333,CSR
glCanvas.js:1127 [BENCHMARK] 1654765451363,CSR
glCanvas.js:1127 [BENCHMARK] 1654765451394,CSR
glCanvas.js:1127 [BENCHMARK] 1654765451424,CSR
glCanvas.js:1127 [BENCHMARK] 1654765451443,CSR
glCanvas.js:1127 [BENCHMARK] 1654765451461,CSR
glCanvas.js:1127 [BENCHMARK] 1654765451560,CSR
glCanvas.js:1127 [BENCHMARK] 1654765451578,CSR
glCanvas.js:1127 [BENCHMARK] 1654765451724,CSR
glCanvas.js:1127 [BENCHMARK] 1654765451754,CSR
glCanvas.js:1127 [BENCHMARK] 1654765451814,CSR
glCanvas.js:1127 [BENCHMARK] 1654765451861,CSR
glCanvas.js:1127 [BENCHMARK] 1654765451874,CSR
glCanvas.js:1127 [BENCHMARK] 1654765451972,CSR
glCanvas.js:1127 [BENCHMARK] 1654765452002,CSR
glCanvas.js:1127 [BENCHMARK] 1654765452034,CSR
glCanvas.js:1127 [BENCHMARK] 1654765452065,CSR
glCanvas.js:1127 [BENCHMARK] 1654765452087,CSR
glCanvas.js:1127 [BENCHMARK] 1654765452116,CSR
glCanvas.js:1127 [BENCHMARK] 1654765452145,CSR
glCanvas.js:1127 [BENCHMARK] 1654765452180,CSR
glCanvas.js:1127 [BENCHMARK] 1654765452200,CSR
glCanvas.js:1127 [BENCHMARK] 1654765452237,CSR
glCanvas.js:1127 [BENCHMARK] 1654765452313,CSR
glCanvas.js:1127 [BENCHMARK] 1654765452362,CSR
glCanvas.js:1127 [BENCHMARK] 1654765452407,CSR
glCanvas.js:1127 [BENCHMARK] 1654765452461,CSR
glCanvas.js:1127 [BENCHMARK] 1654765452493,CSR
glCanvas.js:1127 [BENCHMARK] 1654765452525,CSR
glCanvas.js:1127 [BENCHMARK] 1654765452725,CSR
glCanvas.js:1127 [BENCHMARK] 1654765452748,CSR
glCanvas.js:1127 [BENCHMARK] 1654765452767,CSR
glCanvas.js:1127 [BENCHMARK] 1654765452799,CSR
glCanvas.js:1127 [BENCHMARK] 1654765452819,CSR
glCanvas.js:1127 [BENCHMARK] 1654765452850,CSR
glCanvas.js:1127 [BENCHMARK] 1654765452870,CSR
glCanvas.js:1127 [BENCHMARK] 1654765452991,CSR
glCanvas.js:1127 [BENCHMARK] 1654765453020,CSR
glCanvas.js:1127 [BENCHMARK] 1654765453050,CSR
glCanvas.js:1127 [BENCHMARK] 1654765453087,CSR
glCanvas.js:1127 [BENCHMARK] 1654765453118,CSR
glCanvas.js:1127 [BENCHMARK] 1654765453160,CSR
glCanvas.js:1127 [BENCHMARK] 1654765453189,CSR
glCanvas.js:1127 [BENCHMARK] 1654765453208,CSR
glCanvas.js:1127 [BENCHMARK] 1654765453274,CSR
glCanvas.js:1127 [BENCHMARK] 1654765453307,CSR
glCanvas.js:1127 [BENCHMARK] 1654765453327,CSR
glCanvas.js:1127 [BENCHMARK] 1654765453369,CSR
glCanvas.js:1127 [BENCHMARK] 1654765453415,CSR
glCanvas.js:1127 [BENCHMARK] 1654765453469,CSR
glCanvas.js:1127 [BENCHMARK] 1654765453484,CSR
filmbox2.js:1537 [BENCHMARK] 1654765453487,fullLoad
glCanvas.js:1127 [BENCHMARK] 1654765454959,CSR
glCanvas.js:1127 [BENCHMARK] 1654765455047,CSR
glCanvas.js:1127 [BENCHMARK] 1654765455049,CSR
glCanvas.js:1127 [BENCHMARK] 1654765456152,CSR
glCanvas.js:1127 [BENCHMARK] 1654765456155,CSR
glCanvas.js:1127 [BENCHMARK] 1654765456223,CSR
glCanvas.js:1127 [BENCHMARK] 1654765456226,CSR
glCanvas.js:1127 [BENCHMARK] 1654765456295,CSR
glCanvas.js:1127 [BENCHMARK] 1654765456297,CSR
glCanvas.js:1127 [BENCHMARK] 1654765456367,CSR
glCanvas.js:1127 [BENCHMARK] 1654765456369,CSR
glCanvas.js:1127 [BENCHMARK] 1654765456438,CSR
glCanvas.js:1127 [BENCHMARK] 1654765456441,CSR
glCanvas.js:1127 [BENCHMARK] 1654765456511,CSR
glCanvas.js:1127 [BENCHMARK] 1654765456513,CSR
glCanvas.js:1127 [BENCHMARK] 1654765456583,CSR
glCanvas.js:1127 [BENCHMARK] 1654765456585,CSR
glCanvas.js:1127 [BENCHMARK] 1654765458663,CSR
glCanvas.js:1127 [BENCHMARK] 1654765458665,CSR
glCanvas.js:1127 [BENCHMARK] 1654765458734,CSR
glCanvas.js:1127 [BENCHMARK] 1654765458737,CSR
glCanvas.js:1127 [BENCHMARK] 1654765458806,CSR
glCanvas.js:1127 [BENCHMARK] 1654765458808,CSR
glCanvas.js:1127 [BENCHMARK] 1654765458877,CSR
glCanvas.js:1127 [BENCHMARK] 1654765458880,CSR
glCanvas.js:1127 [BENCHMARK] 1654765458950,CSR
glCanvas.js:1127 [BENCHMARK] 1654765458952,CSR
glCanvas.js:1127 [BENCHMARK] 1654765459022,CSR
glCanvas.js:1127 [BENCHMARK] 1654765459024,CSR
glCanvas.js:1127 [BENCHMARK] 1654765459094,CSR
glCanvas.js:1127 [BENCHMARK] 1654765459096,CSR
glCanvas.js:1127 [BENCHMARK] 1654765459165,CSR
glCanvas.js:1127 [BENCHMARK] 1654765459168,CSR
glCanvas.js:1127 [BENCHMARK] 1654765459236,CSR
glCanvas.js:1127 [BENCHMARK] 1654765459240,CSR
glCanvas.js:1127 [BENCHMARK] 1654765459308,CSR
glCanvas.js:1127 [BENCHMARK] 1654765459311,CSR
glCanvas.js:1127 [BENCHMARK] 1654765459588,CSR
glCanvas.js:1127 [BENCHMARK] 1654765459591,CSR
glCanvas.js:1127 [BENCHMARK] 1654765459619,CSR
glCanvas.js:1127 [BENCHMARK] 1654765459622,CSR
glCanvas.js:1127 [BENCHMARK] 1654765459651,CSR
glCanvas.js:1127 [BENCHMARK] 1654765459654,CSR
glCanvas.js:1127 [BENCHMARK] 1654765459682,CSR
glCanvas.js:1127 [BENCHMARK] 1654765459684,CSR
glCanvas.js:1127 [BENCHMARK] 1654765459712,CSR
glCanvas.js:1127 [BENCHMARK] 1654765459715,CSR
glCanvas.js:1127 [BENCHMARK] 1654765459744,CSR
glCanvas.js:1127 [BENCHMARK] 1654765459747,CSR
glCanvas.js:1127 [BENCHMARK] 1654765459775,CSR
glCanvas.js:1127 [BENCHMARK] 1654765459778,CSR
glCanvas.js:1127 [BENCHMARK] 1654765459807,CSR
glCanvas.js:1127 [BENCHMARK] 1654765459809,CSR
glCanvas.js:1127 [BENCHMARK] 1654765459838,CSR
glCanvas.js:1127 [BENCHMARK] 1654765459841,CSR
glCanvas.js:1127 [BENCHMARK] 1654765459870,CSR
glCanvas.js:1127 [BENCHMARK] 1654765459873,CSR
glCanvas.js:1127 [BENCHMARK] 1654765460109,CSR
glCanvas.js:1127 [BENCHMARK] 1654765460112,CSR
glCanvas.js:1127 [BENCHMARK] 1654765460141,CSR
glCanvas.js:1127 [BENCHMARK] 1654765460143,CSR
glCanvas.js:1127 [BENCHMARK] 1654765460172,CSR
glCanvas.js:1127 [BENCHMARK] 1654765460175,CSR
glCanvas.js:1127 [BENCHMARK] 1654765460204,CSR
glCanvas.js:1127 [BENCHMARK] 1654765460206,CSR
glCanvas.js:1127 [BENCHMARK] 1654765460235,CSR
glCanvas.js:1127 [BENCHMARK] 1654765460238,CSR
glCanvas.js:1127 [BENCHMARK] 1654765460267,CSR
glCanvas.js:1127 [BENCHMARK] 1654765460269,CSR
glCanvas.js:1127 [BENCHMARK] 1654765460299,CSR
glCanvas.js:1127 [BENCHMARK] 1654765460301,CSR
glCanvas.js:1127 [BENCHMARK] 1654765460330,CSR
glCanvas.js:1127 [BENCHMARK] 1654765460332,CSR
glCanvas.js:1127 [BENCHMARK] 1654765460361,CSR
glCanvas.js:1127 [BENCHMARK] 1654765460364,CSR
glCanvas.js:1127 [BENCHMARK] 1654765460393,CSR
glCanvas.js:1127 [BENCHMARK] 1654765460396,CSR
glCanvas.js:1127 [BENCHMARK] 1654765465433,CSR
glCanvas.js:1127 [BENCHMARK] 1654765465635,CSR
glCanvas.js:1127 [BENCHMARK] 1654765465837,CSR
glCanvas.js:1127 [BENCHMARK] 1654765466039,CSR
glCanvas.js:1127 [BENCHMARK] 1654765466241,CSR
glCanvas.js:1127 [BENCHMARK] 1654765469452,CSR
glCanvas.js:1127 [BENCHMARK] 1654765469523,CSR
glCanvas.js:1127 [BENCHMARK] 1654765469595,CSR
glCanvas.js:1127 [BENCHMARK] 1654765469667,CSR
glCanvas.js:1127 [BENCHMARK] 1654765469739,CSR
glCanvas.js:1127 [BENCHMARK] 1654765469811,CSR
glCanvas.js:1127 [BENCHMARK] 1654765469883,CSR
glCanvas.js:1127 [BENCHMARK] 1654765469955,CSR
glCanvas.js:1127 [BENCHMARK] 1654765470027,CSR
glCanvas.js:1127 [BENCHMARK] 1654765470099,CSR
glCanvas.js:1127 [BENCHMARK] 1654765470379,CSR
glCanvas.js:1127 [BENCHMARK] 1654765470451,CSR
glCanvas.js:1127 [BENCHMARK] 1654765470523,CSR
glCanvas.js:1127 [BENCHMARK] 1654765470594,CSR
glCanvas.js:1127 [BENCHMARK] 1654765470665,CSR
glCanvas.js:1127 [BENCHMARK] 1654765470736,CSR
glCanvas.js:1127 [BENCHMARK] 1654765470808,CSR
glCanvas.js:1127 [BENCHMARK] 1654765470880,CSR
glCanvas.js:1127 [BENCHMARK] 1654765470952,CSR
glCanvas.js:1127 [BENCHMARK] 1654765471023,CSR
glCanvas.js:1127 [BENCHMARK] 1654765471105,CSR
glCanvas.js:1127 [BENCHMARK] 1654765471205,CSR
glCanvas.js:1127 [BENCHMARK] 1654765471208,CSR
glCanvas.js:1127 [BENCHMARK] 1654765473310,CSR
glCanvas.js:1127 [BENCHMARK] 1654765473511,CSR
glCanvas.js:1127 [BENCHMARK] 1654765473713,CSR
glCanvas.js:1127 [BENCHMARK] 1654765475924,CSR
glCanvas.js:1127 [BENCHMARK] 1654765476025,CSR
glCanvas.js:1127 [BENCHMARK] 1654765476127,CSR
glCanvas.js:1127 [BENCHMARK] 1654765476230,CSR
glCanvas.js:1127 [BENCHMARK] 1654765476331,CSR
glCanvas.js:1127 [BENCHMARK] 1654765478442,CSR
glCanvas.js:1127 [BENCHMARK] 1654765478473,CSR
glCanvas.js:1127 [BENCHMARK] 1654765478504,CSR
glCanvas.js:1127 [BENCHMARK] 1654765478535,CSR
glCanvas.js:1127 [BENCHMARK] 1654765478567,CSR
glCanvas.js:1127 [BENCHMARK] 1654765478598,CSR
glCanvas.js:1127 [BENCHMARK] 1654765478629,CSR
glCanvas.js:1127 [BENCHMARK] 1654765478661,CSR
glCanvas.js:1127 [BENCHMARK] 1654765478692,CSR
glCanvas.js:1127 [BENCHMARK] 1654765478724,CSR
glCanvas.js:1127 [BENCHMARK] 1654765478963,CSR
glCanvas.js:1127 [BENCHMARK] 1654765478994,CSR
glCanvas.js:1127 [BENCHMARK] 1654765479028,CSR
glCanvas.js:1127 [BENCHMARK] 1654765479058,CSR
glCanvas.js:1127 [BENCHMARK] 1654765479089,CSR
glCanvas.js:1127 [BENCHMARK] 1654765479121,CSR
glCanvas.js:1127 [BENCHMARK] 1654765479153,CSR
glCanvas.js:1127 [BENCHMARK] 1654765479185,CSR
glCanvas.js:1127 [BENCHMARK] 1654765479216,CSR
glCanvas.js:1127 [BENCHMARK] 1654765479248,CSR
glCanvas.js:1127 [BENCHMARK] 1654765479497,CSR
glCanvas.js:1127 [BENCHMARK] 1654765479559,CSR
glCanvas.js:1127 [BENCHMARK] 1654765479631,CSR
glCanvas.js:1127 [BENCHMARK] 1654765479702,CSR
glCanvas.js:1127 [BENCHMARK] 1654765479773,CSR
glCanvas.js:1127 [BENCHMARK] 1654765482858,CSR
glCanvas.js:1127 [BENCHMARK] 1654765482956,CSR
glCanvas.js:1127 [BENCHMARK] 1654765482959,CSR
glCanvas.js:1127 [BENCHMARK] 1654765484063,CSR
glCanvas.js:1127 [BENCHMARK] 1654765484066,CSR
glCanvas.js:1127 [BENCHMARK] 1654765484075,CSR
glCanvas.js:1127 [BENCHMARK] 1654765484077,CSR
glCanvas.js:1127 [BENCHMARK] 1654765484088,CSR
glCanvas.js:1127 [BENCHMARK] 1654765484090,CSR
glCanvas.js:1127 [BENCHMARK] 1654765484101,CSR
glCanvas.js:1127 [BENCHMARK] 1654765484101,CSR
glCanvas.js:1127 [BENCHMARK] 1654765484114,CSR
glCanvas.js:1127 [BENCHMARK] 1654765484114,CSR
glCanvas.js:1127 [BENCHMARK] 1654765484127,CSR
glCanvas.js:1127 [BENCHMARK] 1654765484128,CSR
glCanvas.js:1127 [BENCHMARK] 1654765484141,CSR
glCanvas.js:1127 [BENCHMARK] 1654765484145,CSR
glCanvas.js:1127 [BENCHMARK] 1654765484153,CSR
glCanvas.js:1127 [BENCHMARK] 1654765484155,CSR
glCanvas.js:1127 [BENCHMARK] 1654765484166,CSR
glCanvas.js:1127 [BENCHMARK] 1654765484168,CSR
glCanvas.js:1127 [BENCHMARK] 1654765484180,CSR
glCanvas.js:1127 [BENCHMARK] 1654765484181,CSR
glCanvas.js:1127 [BENCHMARK] 1654765484199,CSR
glCanvas.js:1127 [BENCHMARK] 1654765484302,CSR
glCanvas.js:1127 [BENCHMARK] 1654765484305,CSR
glCanvas.js:1127 [BENCHMARK] 1654765486408,CSR
glCanvas.js:1127 [BENCHMARK] 1654765486410,CSR
glCanvas.js:1127 [BENCHMARK] 1654765486609,CSR
glCanvas.js:1127 [BENCHMARK] 1654765486612,CSR
glCanvas.js:1127 [BENCHMARK] 1654765486811,CSR
glCanvas.js:1127 [BENCHMARK] 1654765486813,CSR
glCanvas.js:1127 [BENCHMARK] 1654765490022,CSR
glCanvas.js:1127 [BENCHMARK] 1654765490123,CSR
glCanvas.js:1127 [BENCHMARK] 1654765490225,CSR
glCanvas.js:1127 [BENCHMARK] 1654765490327,CSR
glCanvas.js:1127 [BENCHMARK] 1654765490429,CSR
glCanvas.js:1127 [BENCHMARK] 1654765490740,CSR
glCanvas.js:1127 [BENCHMARK] 1654765490841,CSR
glCanvas.js:1127 [BENCHMARK] 1654765490944,CSR
glCanvas.js:1127 [BENCHMARK] 1654765491046,CSR
glCanvas.js:1127 [BENCHMARK] 1654765491147,CSR
glCanvas.js:1127 [BENCHMARK] 1654765491249,CSR
glCanvas.js:1127 [BENCHMARK] 1654765491351,CSR
glCanvas.js:1127 [BENCHMARK] 1654765491453,CSR
glCanvas.js:1127 [BENCHMARK] 1654765491555,CSR
glCanvas.js:1127 [BENCHMARK] 1654765491657,CSR
glCanvas.js:1127 [BENCHMARK] 1654765491967,CSR
glCanvas.js:1127 [BENCHMARK] 1654765492039,CSR
glCanvas.js:1127 [BENCHMARK] 1654765492111,CSR
glCanvas.js:1127 [BENCHMARK] 1654765492183,CSR
glCanvas.js:1127 [BENCHMARK] 1654765492255,CSR
glCanvas.js:1127 [BENCHMARK] 1654765492327,CSR
glCanvas.js:1127 [BENCHMARK] 1654765492399,CSR
glCanvas.js:1127 [BENCHMARK] 1654765492469,CSR
glCanvas.js:1127 [BENCHMARK] 1654765492541,CSR
glCanvas.js:1127 [BENCHMARK] 1654765492613,CSR
glCanvas.js:1127 [BENCHMARK] 1654765494696,CSR
glCanvas.js:1127 [BENCHMARK] 1654765494796,CSR
glCanvas.js:1127 [BENCHMARK] 1654765494799,CSR
glCanvas.js:1127 [BENCHMARK] 1654765495901,CSR
glCanvas.js:1127 [BENCHMARK] 1654765495904,CSR
glCanvas.js:1127 [BENCHMARK] 1654765495932,CSR
glCanvas.js:1127 [BENCHMARK] 1654765495934,CSR
glCanvas.js:1127 [BENCHMARK] 1654765495963,CSR
glCanvas.js:1127 [BENCHMARK] 1654765495966,CSR
glCanvas.js:1127 [BENCHMARK] 1654765495995,CSR
glCanvas.js:1127 [BENCHMARK] 1654765495997,CSR
glCanvas.js:1127 [BENCHMARK] 1654765496026,CSR
glCanvas.js:1127 [BENCHMARK] 1654765496029,CSR
glCanvas.js:1127 [BENCHMARK] 1654765496058,CSR
glCanvas.js:1127 [BENCHMARK] 1654765496060,CSR
glCanvas.js:1127 [BENCHMARK] 1654765496090,CSR
glCanvas.js:1127 [BENCHMARK] 1654765496092,CSR
glCanvas.js:1127 [BENCHMARK] 1654765496121,CSR
glCanvas.js:1127 [BENCHMARK] 1654765496123,CSR
glCanvas.js:1127 [BENCHMARK] 1654765496153,CSR
glCanvas.js:1127 [BENCHMARK] 1654765496155,CSR
glCanvas.js:1127 [BENCHMARK] 1654765496184,CSR
glCanvas.js:1127 [BENCHMARK] 1654765496187,CSR
glCanvas.js:1127 [BENCHMARK] 1654765496424,CSR
glCanvas.js:1127 [BENCHMARK] 1654765496426,CSR
glCanvas.js:1127 [BENCHMARK] 1654765496456,CSR
glCanvas.js:1127 [BENCHMARK] 1654765496458,CSR
glCanvas.js:1127 [BENCHMARK] 1654765496487,CSR
glCanvas.js:1127 [BENCHMARK] 1654765496489,CSR
glCanvas.js:1127 [BENCHMARK] 1654765496519,CSR
glCanvas.js:1127 [BENCHMARK] 1654765496521,CSR
glCanvas.js:1127 [BENCHMARK] 1654765496551,CSR
glCanvas.js:1127 [BENCHMARK] 1654765496553,CSR
glCanvas.js:1127 [BENCHMARK] 1654765496582,CSR
glCanvas.js:1127 [BENCHMARK] 1654765496584,CSR
glCanvas.js:1127 [BENCHMARK] 1654765496613,CSR
glCanvas.js:1127 [BENCHMARK] 1654765496615,CSR
glCanvas.js:1127 [BENCHMARK] 1654765496645,CSR
glCanvas.js:1127 [BENCHMARK] 1654765496647,CSR
glCanvas.js:1127 [BENCHMARK] 1654765496676,CSR
glCanvas.js:1127 [BENCHMARK] 1654765496679,CSR
glCanvas.js:1127 [BENCHMARK] 1654765496708,CSR
glCanvas.js:1127 [BENCHMARK] 1654765496710,CSR
glCanvas.js:1127 [BENCHMARK] 1654765496947,CSR
glCanvas.js:1127 [BENCHMARK] 1654765496949,CSR
glCanvas.js:1127 [BENCHMARK] 1654765496979,CSR
glCanvas.js:1127 [BENCHMARK] 1654765496981,CSR
glCanvas.js:1127 [BENCHMARK] 1654765497010,CSR
glCanvas.js:1127 [BENCHMARK] 1654765497012,CSR
glCanvas.js:1127 [BENCHMARK] 1654765497042,CSR
glCanvas.js:1127 [BENCHMARK] 1654765497044,CSR
glCanvas.js:1127 [BENCHMARK] 1654765497073,CSR
glCanvas.js:1127 [BENCHMARK] 1654765497075,CSR
glCanvas.js:1127 [BENCHMARK] 1654765497105,CSR
glCanvas.js:1127 [BENCHMARK] 1654765497107,CSR
glCanvas.js:1127 [BENCHMARK] 1654765497136,CSR
glCanvas.js:1127 [BENCHMARK] 1654765497138,CSR
glCanvas.js:1127 [BENCHMARK] 1654765497168,CSR
glCanvas.js:1127 [BENCHMARK] 1654765497170,CSR
glCanvas.js:1127 [BENCHMARK] 1654765497199,CSR
glCanvas.js:1127 [BENCHMARK] 1654765497201,CSR
glCanvas.js:1127 [BENCHMARK] 1654765497231,CSR
glCanvas.js:1127 [BENCHMARK] 1654765497233,CSR
