glCanvas.js:1107 [BENCHMARK] 1654769124040,X
glCanvas.js:1107 [BENCHMARK] 1654769124054,X
glCanvas.js:1107 [BENCHMARK] 1654769124059,X
glCanvas.js:1107 [BENCHMARK] 1654769124435,X
glCanvas.js:1107 [BENCHMARK] 1654769124807,X
glCanvas.js:1107 [BENCHMARK] 1654769124830,X
glCanvas.js:1107 [BENCHMARK] 1654769124833,X
glCanvas.js:1107 [BENCHMARK] 1654769124837,X
glCanvas.js:1107 [BENCHMARK] 1654769124840,X
glCanvas.js:1107 [BENCHMARK] 1654769124844,X
glCanvas.js:1107 [BENCHMARK] 1654769124846,X
glCanvas.js:1107 [BENCHMARK] 1654769124858,X
glCanvas.js:1107 [BENCHMARK] 1654769125033,X
glCanvas.js:1107 [BENCHMARK] 1654769125044,X
glCanvas.js:1107 [BENCHMARK] 1654769125055,X
glCanvas.js:1107 [BENCHMARK] 1654769125369,X
glCanvas.js:1127 [BENCHMARK] 1654769125658,SSR
manager.js:159 [BENCHMARK] 1654769126713,firstRender
glCanvas.js:1127 [BENCHMARK] 1654769126720,CSR
glCanvas.js:1127 [BENCHMARK] 1654769126729,CSR
glCanvas.js:1127 [BENCHMARK] 1654769126734,CSR
glCanvas.js:1127 [BENCHMARK] 1654769126765,CSR
glCanvas.js:1127 [BENCHMARK] 1654769126769,CSR
glCanvas.js:1127 [BENCHMARK] 1654769126775,CSR
glCanvas.js:1127 [BENCHMARK] 1654769126811,CSR
glCanvas.js:1127 [BENCHMARK] 1654769126814,CSR
glCanvas.js:1127 [BENCHMARK] 1654769126816,CSR
glCanvas.js:1127 [BENCHMARK] 1654769126819,CSR
glCanvas.js:1127 [BENCHMARK] 1654769126837,CSR
glCanvas.js:1127 [BENCHMARK] 1654769126845,CSR
glCanvas.js:1127 [BENCHMARK] 1654769127210,CSR
glCanvas.js:1127 [BENCHMARK] 1654769127225,CSR
glCanvas.js:1127 [BENCHMARK] 1654769127228,CSR
glCanvas.js:1127 [BENCHMARK] 1654769127419,CSR
glCanvas.js:1127 [BENCHMARK] 1654769127485,CSR
glCanvas.js:1127 [BENCHMARK] 1654769127555,CSR
glCanvas.js:1127 [BENCHMARK] 1654769127581,CSR
glCanvas.js:1127 [BENCHMARK] 1654769127606,CSR
glCanvas.js:1127 [BENCHMARK] 1654769127633,CSR
glCanvas.js:1127 [BENCHMARK] 1654769127705,CSR
glCanvas.js:1127 [BENCHMARK] 1654769127822,CSR
glCanvas.js:1127 [BENCHMARK] 1654769127851,CSR
glCanvas.js:1127 [BENCHMARK] 1654769127943,CSR
glCanvas.js:1127 [BENCHMARK] 1654769128035,CSR
glCanvas.js:1127 [BENCHMARK] 1654769128063,CSR
glCanvas.js:1127 [BENCHMARK] 1654769128108,CSR
glCanvas.js:1127 [BENCHMARK] 1654769128137,CSR
glCanvas.js:1127 [BENCHMARK] 1654769128195,CSR
glCanvas.js:1127 [BENCHMARK] 1654769128222,CSR
glCanvas.js:1127 [BENCHMARK] 1654769128248,CSR
glCanvas.js:1127 [BENCHMARK] 1654769128274,CSR
glCanvas.js:1127 [BENCHMARK] 1654769128318,CSR
glCanvas.js:1127 [BENCHMARK] 1654769128368,CSR
glCanvas.js:1127 [BENCHMARK] 1654769128432,CSR
glCanvas.js:1127 [BENCHMARK] 1654769128535,CSR
glCanvas.js:1127 [BENCHMARK] 1654769128559,CSR
glCanvas.js:1127 [BENCHMARK] 1654769128596,CSR
glCanvas.js:1127 [BENCHMARK] 1654769128694,CSR
glCanvas.js:1127 [BENCHMARK] 1654769128718,CSR
glCanvas.js:1127 [BENCHMARK] 1654769128737,CSR
glCanvas.js:1127 [BENCHMARK] 1654769128771,CSR
glCanvas.js:1127 [BENCHMARK] 1654769128816,CSR
glCanvas.js:1127 [BENCHMARK] 1654769128852,CSR
glCanvas.js:1127 [BENCHMARK] 1654769128870,CSR
glCanvas.js:1127 [BENCHMARK] 1654769128903,CSR
glCanvas.js:1127 [BENCHMARK] 1654769128914,CSR
glCanvas.js:1127 [BENCHMARK] 1654769128959,CSR
glCanvas.js:1127 [BENCHMARK] 1654769129016,CSR
glCanvas.js:1127 [BENCHMARK] 1654769129021,SSR
glCanvas.js:1127 [BENCHMARK] 1654769129055,SSR
glCanvas.js:1127 [BENCHMARK] 1654769129100,SSR
glCanvas.js:1127 [BENCHMARK] 1654769129137,SSR
glCanvas.js:1127 [BENCHMARK] 1654769129155,SSR
glCanvas.js:1127 [BENCHMARK] 1654769129175,SSR
glCanvas.js:1127 [BENCHMARK] 1654769129267,SSR
glCanvas.js:1127 [BENCHMARK] 1654769129299,CSR
glCanvas.js:1127 [BENCHMARK] 1654769129323,CSR
glCanvas.js:1127 [BENCHMARK] 1654769129345,CSR
glCanvas.js:1127 [BENCHMARK] 1654769129368,CSR
glCanvas.js:1127 [BENCHMARK] 1654769129395,CSR
glCanvas.js:1127 [BENCHMARK] 1654769129430,CSR
glCanvas.js:1127 [BENCHMARK] 1654769129464,CSR
glCanvas.js:1127 [BENCHMARK] 1654769129486,CSR
glCanvas.js:1127 [BENCHMARK] 1654769129509,CSR
glCanvas.js:1127 [BENCHMARK] 1654769129532,CSR
glCanvas.js:1127 [BENCHMARK] 1654769129555,CSR
glCanvas.js:1127 [BENCHMARK] 1654769129592,CSR
glCanvas.js:1127 [BENCHMARK] 1654769129664,CSR
glCanvas.js:1127 [BENCHMARK] 1654769129687,CSR
glCanvas.js:1127 [BENCHMARK] 1654769129709,CSR
glCanvas.js:1127 [BENCHMARK] 1654769129730,CSR
glCanvas.js:1127 [BENCHMARK] 1654769129768,CSR
glCanvas.js:1127 [BENCHMARK] 1654769129792,CSR
glCanvas.js:1127 [BENCHMARK] 1654769129812,CSR
glCanvas.js:1127 [BENCHMARK] 1654769129832,CSR
glCanvas.js:1127 [BENCHMARK] 1654769129888,CSR
glCanvas.js:1127 [BENCHMARK] 1654769129912,CSR
glCanvas.js:1127 [BENCHMARK] 1654769129935,CSR
glCanvas.js:1127 [BENCHMARK] 1654769129958,CSR
glCanvas.js:1127 [BENCHMARK] 1654769129982,CSR
glCanvas.js:1127 [BENCHMARK] 1654769130004,CSR
glCanvas.js:1127 [BENCHMARK] 1654769130024,CSR
glCanvas.js:1127 [BENCHMARK] 1654769130058,CSR
glCanvas.js:1127 [BENCHMARK] 1654769130137,CSR
glCanvas.js:1127 [BENCHMARK] 1654769130172,CSR
glCanvas.js:1127 [BENCHMARK] 1654769130201,CSR
glCanvas.js:1127 [BENCHMARK] 1654769130222,CSR
glCanvas.js:1127 [BENCHMARK] 1654769130245,CSR
glCanvas.js:1127 [BENCHMARK] 1654769130267,CSR
glCanvas.js:1127 [BENCHMARK] 1654769130371,CSR
glCanvas.js:1127 [BENCHMARK] 1654769130392,CSR
glCanvas.js:1127 [BENCHMARK] 1654769130414,CSR
glCanvas.js:1127 [BENCHMARK] 1654769130493,CSR
glCanvas.js:1127 [BENCHMARK] 1654769130551,CSR
glCanvas.js:1127 [BENCHMARK] 1654769130573,CSR
glCanvas.js:1127 [BENCHMARK] 1654769130593,CSR
glCanvas.js:1127 [BENCHMARK] 1654769130623,CSR
glCanvas.js:1127 [BENCHMARK] 1654769130672,CSR
glCanvas.js:1127 [BENCHMARK] 1654769130737,CSR
glCanvas.js:1127 [BENCHMARK] 1654769130777,CSR
glCanvas.js:1127 [BENCHMARK] 1654769130810,CSR
glCanvas.js:1127 [BENCHMARK] 1654769130833,CSR
glCanvas.js:1127 [BENCHMARK] 1654769130855,CSR
glCanvas.js:1127 [BENCHMARK] 1654769130876,CSR
glCanvas.js:1127 [BENCHMARK] 1654769130915,CSR
glCanvas.js:1127 [BENCHMARK] 1654769130944,CSR
glCanvas.js:1127 [BENCHMARK] 1654769130978,CSR
glCanvas.js:1127 [BENCHMARK] 1654769131027,CSR
glCanvas.js:1127 [BENCHMARK] 1654769131053,CSR
glCanvas.js:1127 [BENCHMARK] 1654769131109,CSR
glCanvas.js:1127 [BENCHMARK] 1654769131136,CSR
glCanvas.js:1127 [BENCHMARK] 1654769131144,CSR
glCanvas.js:1127 [BENCHMARK] 1654769131187,CSR
glCanvas.js:1127 [BENCHMARK] 1654769131190,CSR
glCanvas.js:1127 [BENCHMARK] 1654769131219,CSR
glCanvas.js:1127 [BENCHMARK] 1654769131222,CSR
glCanvas.js:1127 [BENCHMARK] 1654769131294,CSR
glCanvas.js:1127 [BENCHMARK] 1654769131296,CSR
glCanvas.js:1127 [BENCHMARK] 1654769131298,CSR
glCanvas.js:1127 [BENCHMARK] 1654769131300,CSR
glCanvas.js:1127 [BENCHMARK] 1654769131309,CSR
glCanvas.js:1127 [BENCHMARK] 1654769131314,CSR
glCanvas.js:1127 [BENCHMARK] 1654769131316,CSR
glCanvas.js:1127 [BENCHMARK] 1654769131345,CSR
glCanvas.js:1127 [BENCHMARK] 1654769131346,CSR
glCanvas.js:1127 [BENCHMARK] 1654769131352,CSR
glCanvas.js:1127 [BENCHMARK] 1654769131360,CSR
glCanvas.js:1127 [BENCHMARK] 1654769131375,CSR
glCanvas.js:1127 [BENCHMARK] 1654769131377,CSR
glCanvas.js:1127 [BENCHMARK] 1654769131384,CSR
glCanvas.js:1127 [BENCHMARK] 1654769131387,CSR
glCanvas.js:1127 [BENCHMARK] 1654769131390,CSR
glCanvas.js:1127 [BENCHMARK] 1654769131406,CSR
glCanvas.js:1127 [BENCHMARK] 1654769131407,CSR
glCanvas.js:1127 [BENCHMARK] 1654769131411,CSR
glCanvas.js:1127 [BENCHMARK] 1654769131439,CSR
glCanvas.js:1127 [BENCHMARK] 1654769131442,CSR
glCanvas.js:1127 [BENCHMARK] 1654769131463,CSR
glCanvas.js:1127 [BENCHMARK] 1654769131468,CSR
glCanvas.js:1127 [BENCHMARK] 1654769131471,CSR
glCanvas.js:1127 [BENCHMARK] 1654769131479,CSR
glCanvas.js:1127 [BENCHMARK] 1654769131676,CSR
glCanvas.js:1127 [BENCHMARK] 1654769131679,CSR
glCanvas.js:1127 [BENCHMARK] 1654769131707,CSR
glCanvas.js:1127 [BENCHMARK] 1654769131710,CSR
glCanvas.js:1127 [BENCHMARK] 1654769131739,CSR
glCanvas.js:1127 [BENCHMARK] 1654769131742,CSR
glCanvas.js:1127 [BENCHMARK] 1654769131771,CSR
glCanvas.js:1127 [BENCHMARK] 1654769131773,CSR
glCanvas.js:1127 [BENCHMARK] 1654769131802,CSR
glCanvas.js:1127 [BENCHMARK] 1654769131805,CSR
glCanvas.js:1127 [BENCHMARK] 1654769131834,CSR
glCanvas.js:1127 [BENCHMARK] 1654769131836,CSR
glCanvas.js:1127 [BENCHMARK] 1654769131865,CSR
glCanvas.js:1127 [BENCHMARK] 1654769131867,CSR
glCanvas.js:1127 [BENCHMARK] 1654769131899,CSR
glCanvas.js:1127 [BENCHMARK] 1654769131902,CSR
glCanvas.js:1127 [BENCHMARK] 1654769131928,CSR
glCanvas.js:1127 [BENCHMARK] 1654769131930,CSR
glCanvas.js:1127 [BENCHMARK] 1654769131961,CSR
glCanvas.js:1127 [BENCHMARK] 1654769131964,CSR
glCanvas.js:1127 [BENCHMARK] 1654769132201,CSR
glCanvas.js:1127 [BENCHMARK] 1654769132205,CSR
glCanvas.js:1127 [BENCHMARK] 1654769132232,CSR
glCanvas.js:1127 [BENCHMARK] 1654769132235,CSR
glCanvas.js:1127 [BENCHMARK] 1654769132261,CSR
glCanvas.js:1127 [BENCHMARK] 1654769132263,CSR
glCanvas.js:1127 [BENCHMARK] 1654769132294,CSR
glCanvas.js:1127 [BENCHMARK] 1654769132297,CSR
glCanvas.js:1127 [BENCHMARK] 1654769132325,CSR
glCanvas.js:1127 [BENCHMARK] 1654769132328,CSR
glCanvas.js:1127 [BENCHMARK] 1654769132357,CSR
glCanvas.js:1127 [BENCHMARK] 1654769132359,CSR
glCanvas.js:1127 [BENCHMARK] 1654769132388,CSR
glCanvas.js:1127 [BENCHMARK] 1654769132391,CSR
glCanvas.js:1107 [BENCHMARK] 1654769132420,X
glCanvas.js:1107 [BENCHMARK] 1654769132422,X
glCanvas.js:1107 [BENCHMARK] 1654769132451,X
glCanvas.js:1107 [BENCHMARK] 1654769132453,X
glCanvas.js:1107 [BENCHMARK] 1654769132482,X
glCanvas.js:1107 [BENCHMARK] 1654769132484,X
glCanvas.js:1107 [BENCHMARK] 1654769132737,X
glCanvas.js:1127 [BENCHMARK] 1654769132962,SSR
glCanvas.js:1127 [BENCHMARK] 1654769132996,CSR
glCanvas.js:1127 [BENCHMARK] 1654769132999,CSR
glCanvas.js:1127 [BENCHMARK] 1654769133002,CSR
glCanvas.js:1127 [BENCHMARK] 1654769133013,CSR
glCanvas.js:1127 [BENCHMARK] 1654769133015,CSR
glCanvas.js:1127 [BENCHMARK] 1654769133017,CSR
glCanvas.js:1127 [BENCHMARK] 1654769133031,CSR
glCanvas.js:1127 [BENCHMARK] 1654769133032,CSR
glCanvas.js:1127 [BENCHMARK] 1654769133034,CSR
glCanvas.js:1127 [BENCHMARK] 1654769133171,CSR
glCanvas.js:1127 [BENCHMARK] 1654769133224,CSR
glCanvas.js:1127 [BENCHMARK] 1654769133227,CSR
glCanvas.js:1127 [BENCHMARK] 1654769133236,CSR
glCanvas.js:1127 [BENCHMARK] 1654769133240,CSR
glCanvas.js:1127 [BENCHMARK] 1654769133242,CSR
glCanvas.js:1127 [BENCHMARK] 1654769133244,CSR
glCanvas.js:1127 [BENCHMARK] 1654769133271,CSR
glCanvas.js:1127 [BENCHMARK] 1654769133273,CSR
glCanvas.js:1127 [BENCHMARK] 1654769133275,CSR
glCanvas.js:1127 [BENCHMARK] 1654769133393,CSR
glCanvas.js:1127 [BENCHMARK] 1654769133440,CSR
glCanvas.js:1127 [BENCHMARK] 1654769133445,CSR
glCanvas.js:1127 [BENCHMARK] 1654769133452,CSR
glCanvas.js:1127 [BENCHMARK] 1654769133459,CSR
glCanvas.js:1127 [BENCHMARK] 1654769133461,CSR
glCanvas.js:1127 [BENCHMARK] 1654769133474,CSR
glCanvas.js:1127 [BENCHMARK] 1654769133489,CSR
glCanvas.js:1127 [BENCHMARK] 1654769133491,CSR
glCanvas.js:1127 [BENCHMARK] 1654769133493,CSR
glCanvas.js:1127 [BENCHMARK] 1654769133517,CSR
glCanvas.js:1127 [BENCHMARK] 1654769133608,CSR
glCanvas.js:1127 [BENCHMARK] 1654769133619,CSR
glCanvas.js:1127 [BENCHMARK] 1654769133653,CSR
glCanvas.js:1127 [BENCHMARK] 1654769133657,CSR
glCanvas.js:1127 [BENCHMARK] 1654769133663,CSR
glCanvas.js:1127 [BENCHMARK] 1654769133670,CSR
glCanvas.js:1127 [BENCHMARK] 1654769133672,CSR
glCanvas.js:1127 [BENCHMARK] 1654769133679,CSR
glCanvas.js:1127 [BENCHMARK] 1654769133712,CSR
glCanvas.js:1127 [BENCHMARK] 1654769133714,CSR
glCanvas.js:1127 [BENCHMARK] 1654769133715,CSR
glCanvas.js:1127 [BENCHMARK] 1654769133727,CSR
glCanvas.js:1127 [BENCHMARK] 1654769133821,CSR
glCanvas.js:1127 [BENCHMARK] 1654769133827,CSR
glCanvas.js:1127 [BENCHMARK] 1654769133869,CSR
glCanvas.js:1127 [BENCHMARK] 1654769133889,CSR
glCanvas.js:1127 [BENCHMARK] 1654769133900,CSR
glCanvas.js:1127 [BENCHMARK] 1654769133921,CSR
glCanvas.js:1127 [BENCHMARK] 1654769133925,CSR
glCanvas.js:1127 [BENCHMARK] 1654769133928,CSR
glCanvas.js:1127 [BENCHMARK] 1654769133942,CSR
glCanvas.js:1127 [BENCHMARK] 1654769133946,CSR
glCanvas.js:1127 [BENCHMARK] 1654769133949,CSR
glCanvas.js:1127 [BENCHMARK] 1654769133952,CSR
glCanvas.js:1127 [BENCHMARK] 1654769134023,CSR
glCanvas.js:1127 [BENCHMARK] 1654769134044,CSR
glCanvas.js:1127 [BENCHMARK] 1654769134078,CSR
glCanvas.js:1127 [BENCHMARK] 1654769134097,CSR
glCanvas.js:1127 [BENCHMARK] 1654769134108,CSR
glCanvas.js:1127 [BENCHMARK] 1654769134123,CSR
glCanvas.js:1127 [BENCHMARK] 1654769134161,CSR
glCanvas.js:1127 [BENCHMARK] 1654769134167,CSR
glCanvas.js:1127 [BENCHMARK] 1654769134198,CSR
glCanvas.js:1127 [BENCHMARK] 1654769134201,CSR
glCanvas.js:1127 [BENCHMARK] 1654769134204,CSR
glCanvas.js:1127 [BENCHMARK] 1654769134216,CSR
glCanvas.js:1127 [BENCHMARK] 1654769134266,CSR
glCanvas.js:1127 [BENCHMARK] 1654769134298,CSR
glCanvas.js:1127 [BENCHMARK] 1654769134314,CSR
glCanvas.js:1127 [BENCHMARK] 1654769134318,CSR
glCanvas.js:1127 [BENCHMARK] 1654769134377,CSR
glCanvas.js:1127 [BENCHMARK] 1654769134396,CSR
glCanvas.js:1127 [BENCHMARK] 1654769134401,CSR
glCanvas.js:1127 [BENCHMARK] 1654769134441,CSR
glCanvas.js:1127 [BENCHMARK] 1654769134443,CSR
glCanvas.js:1127 [BENCHMARK] 1654769134445,CSR
glCanvas.js:1127 [BENCHMARK] 1654769134447,CSR
glCanvas.js:1127 [BENCHMARK] 1654769134464,CSR
glCanvas.js:1127 [BENCHMARK] 1654769134466,CSR
glCanvas.js:1127 [BENCHMARK] 1654769134469,CSR
glCanvas.js:1127 [BENCHMARK] 1654769134482,CSR
glCanvas.js:1127 [BENCHMARK] 1654769134485,CSR
glCanvas.js:1127 [BENCHMARK] 1654769134488,CSR
glCanvas.js:1127 [BENCHMARK] 1654769134500,CSR
glCanvas.js:1127 [BENCHMARK] 1654769134506,CSR
glCanvas.js:1127 [BENCHMARK] 1654769134509,CSR
glCanvas.js:1127 [BENCHMARK] 1654769134522,CSR
glCanvas.js:1127 [BENCHMARK] 1654769134543,CSR
glCanvas.js:1127 [BENCHMARK] 1654769134546,CSR
glCanvas.js:1127 [BENCHMARK] 1654769134549,CSR
glCanvas.js:1127 [BENCHMARK] 1654769134551,CSR
glCanvas.js:1127 [BENCHMARK] 1654769134627,CSR
glCanvas.js:1127 [BENCHMARK] 1654769134629,CSR
glCanvas.js:1127 [BENCHMARK] 1654769134662,CSR
glCanvas.js:1127 [BENCHMARK] 1654769134665,CSR
glCanvas.js:1127 [BENCHMARK] 1654769134667,CSR
glCanvas.js:1127 [BENCHMARK] 1654769134669,CSR
glCanvas.js:1127 [BENCHMARK] 1654769134689,CSR
glCanvas.js:1127 [BENCHMARK] 1654769134700,CSR
glCanvas.js:1127 [BENCHMARK] 1654769134703,CSR
glCanvas.js:1127 [BENCHMARK] 1654769134710,CSR
glCanvas.js:1127 [BENCHMARK] 1654769134713,CSR
glCanvas.js:1127 [BENCHMARK] 1654769134723,CSR
glCanvas.js:1127 [BENCHMARK] 1654769134726,CSR
glCanvas.js:1127 [BENCHMARK] 1654769134728,CSR
glCanvas.js:1127 [BENCHMARK] 1654769134730,CSR
glCanvas.js:1127 [BENCHMARK] 1654769134784,CSR
glCanvas.js:1127 [BENCHMARK] 1654769134812,CSR
glCanvas.js:1127 [BENCHMARK] 1654769134817,CSR
glCanvas.js:1127 [BENCHMARK] 1654769134822,CSR
glCanvas.js:1127 [BENCHMARK] 1654769134836,CSR
glCanvas.js:1127 [BENCHMARK] 1654769134856,CSR
glCanvas.js:1127 [BENCHMARK] 1654769134876,CSR
glCanvas.js:1127 [BENCHMARK] 1654769134906,CSR
glCanvas.js:1127 [BENCHMARK] 1654769134916,CSR
glCanvas.js:1127 [BENCHMARK] 1654769134922,CSR
glCanvas.js:1127 [BENCHMARK] 1654769134932,CSR
glCanvas.js:1127 [BENCHMARK] 1654769134954,CSR
glCanvas.js:1127 [BENCHMARK] 1654769134957,CSR
glCanvas.js:1127 [BENCHMARK] 1654769134959,CSR
glCanvas.js:1127 [BENCHMARK] 1654769134988,CSR
glCanvas.js:1127 [BENCHMARK] 1654769134993,CSR
glCanvas.js:1127 [BENCHMARK] 1654769135005,CSR
glCanvas.js:1127 [BENCHMARK] 1654769135008,CSR
glCanvas.js:1127 [BENCHMARK] 1654769135012,CSR
glCanvas.js:1127 [BENCHMARK] 1654769135030,CSR
glCanvas.js:1127 [BENCHMARK] 1654769135037,CSR
glCanvas.js:1127 [BENCHMARK] 1654769135057,CSR
glCanvas.js:1127 [BENCHMARK] 1654769135060,CSR
glCanvas.js:1127 [BENCHMARK] 1654769135063,CSR
glCanvas.js:1127 [BENCHMARK] 1654769135072,CSR
glCanvas.js:1127 [BENCHMARK] 1654769135075,CSR
glCanvas.js:1127 [BENCHMARK] 1654769135083,CSR
glCanvas.js:1127 [BENCHMARK] 1654769135113,CSR
glCanvas.js:1127 [BENCHMARK] 1654769135152,CSR
glCanvas.js:1127 [BENCHMARK] 1654769135180,CSR
glCanvas.js:1127 [BENCHMARK] 1654769135183,CSR
glCanvas.js:1127 [BENCHMARK] 1654769135187,CSR
glCanvas.js:1127 [BENCHMARK] 1654769135189,CSR
glCanvas.js:1127 [BENCHMARK] 1654769135192,CSR
glCanvas.js:1127 [BENCHMARK] 1654769135213,CSR
glCanvas.js:1127 [BENCHMARK] 1654769135230,CSR
glCanvas.js:1127 [BENCHMARK] 1654769135234,CSR
glCanvas.js:1127 [BENCHMARK] 1654769135236,CSR
glCanvas.js:1127 [BENCHMARK] 1654769135238,CSR
glCanvas.js:1127 [BENCHMARK] 1654769135260,CSR
glCanvas.js:1127 [BENCHMARK] 1654769135277,CSR
glCanvas.js:1127 [BENCHMARK] 1654769135291,CSR
glCanvas.js:1127 [BENCHMARK] 1654769135293,CSR
glCanvas.js:1127 [BENCHMARK] 1654769135295,CSR
glCanvas.js:1127 [BENCHMARK] 1654769135303,CSR
glCanvas.js:1127 [BENCHMARK] 1654769135305,CSR
glCanvas.js:1127 [BENCHMARK] 1654769135307,CSR
glCanvas.js:1127 [BENCHMARK] 1654769135336,CSR
glCanvas.js:1127 [BENCHMARK] 1654769135365,CSR
glCanvas.js:1127 [BENCHMARK] 1654769135385,CSR
glCanvas.js:1127 [BENCHMARK] 1654769135415,CSR
glCanvas.js:1127 [BENCHMARK] 1654769135442,CSR
glCanvas.js:1127 [BENCHMARK] 1654769135463,CSR
glCanvas.js:1127 [BENCHMARK] 1654769135466,CSR
glCanvas.js:1127 [BENCHMARK] 1654769135469,CSR
glCanvas.js:1127 [BENCHMARK] 1654769135471,CSR
glCanvas.js:1127 [BENCHMARK] 1654769135492,CSR
glCanvas.js:1127 [BENCHMARK] 1654769135496,CSR
glCanvas.js:1127 [BENCHMARK] 1654769135498,CSR
glCanvas.js:1127 [BENCHMARK] 1654769135511,CSR
glCanvas.js:1127 [BENCHMARK] 1654769135514,CSR
glCanvas.js:1127 [BENCHMARK] 1654769135516,CSR
glCanvas.js:1127 [BENCHMARK] 1654769135519,CSR
glCanvas.js:1127 [BENCHMARK] 1654769135536,CSR
glCanvas.js:1127 [BENCHMARK] 1654769135540,CSR
glCanvas.js:1127 [BENCHMARK] 1654769135542,CSR
glCanvas.js:1127 [BENCHMARK] 1654769135557,CSR
glCanvas.js:1127 [BENCHMARK] 1654769135560,CSR
glCanvas.js:1127 [BENCHMARK] 1654769135562,CSR
glCanvas.js:1127 [BENCHMARK] 1654769135578,CSR
glCanvas.js:1127 [BENCHMARK] 1654769135582,CSR
glCanvas.js:1127 [BENCHMARK] 1654769135600,CSR
glCanvas.js:1127 [BENCHMARK] 1654769135603,CSR
glCanvas.js:1127 [BENCHMARK] 1654769135606,CSR
glCanvas.js:1127 [BENCHMARK] 1654769135626,CSR
filmbox2.js:1550 [BENCHMARK] 1654769135628,fullLoad
glCanvas.js:1127 [BENCHMARK] 1654769137232,CSR
glCanvas.js:1127 [BENCHMARK] 1654769137235,CSR
glCanvas.js:1127 [BENCHMARK] 1654769137433,CSR
glCanvas.js:1127 [BENCHMARK] 1654769137435,CSR
glCanvas.js:1127 [BENCHMARK] 1654769137635,CSR
glCanvas.js:1127 [BENCHMARK] 1654769137637,CSR
glCanvas.js:1127 [BENCHMARK] 1654769137837,CSR
glCanvas.js:1127 [BENCHMARK] 1654769137840,CSR
glCanvas.js:1127 [BENCHMARK] 1654769138039,CSR
glCanvas.js:1127 [BENCHMARK] 1654769138042,CSR
glCanvas.js:1127 [BENCHMARK] 1654769138289,CSR
glCanvas.js:1127 [BENCHMARK] 1654769139297,CSR
glCanvas.js:1127 [BENCHMARK] 1654769142249,CSR
glCanvas.js:1127 [BENCHMARK] 1654769142348,CSR
glCanvas.js:1127 [BENCHMARK] 1654769142353,CSR
glCanvas.js:1127 [BENCHMARK] 1654769143455,CSR
glCanvas.js:1127 [BENCHMARK] 1654769143458,CSR
glCanvas.js:1127 [BENCHMARK] 1654769143523,CSR
glCanvas.js:1127 [BENCHMARK] 1654769143525,CSR
glCanvas.js:1127 [BENCHMARK] 1654769143596,CSR
glCanvas.js:1127 [BENCHMARK] 1654769143598,CSR
glCanvas.js:1127 [BENCHMARK] 1654769143668,CSR
glCanvas.js:1127 [BENCHMARK] 1654769143670,CSR
glCanvas.js:1127 [BENCHMARK] 1654769143739,CSR
glCanvas.js:1127 [BENCHMARK] 1654769143742,CSR
glCanvas.js:1127 [BENCHMARK] 1654769143811,CSR
glCanvas.js:1127 [BENCHMARK] 1654769143814,CSR
glCanvas.js:1127 [BENCHMARK] 1654769143882,CSR
glCanvas.js:1127 [BENCHMARK] 1654769143884,CSR
glCanvas.js:1127 [BENCHMARK] 1654769144137,CSR
glCanvas.js:1127 [BENCHMARK] 1654769145145,CSR
glCanvas.js:1127 [BENCHMARK] 1654769145961,CSR
glCanvas.js:1127 [BENCHMARK] 1654769145965,CSR
glCanvas.js:1127 [BENCHMARK] 1654769146030,CSR
glCanvas.js:1127 [BENCHMARK] 1654769146031,CSR
glCanvas.js:1127 [BENCHMARK] 1654769146103,CSR
glCanvas.js:1127 [BENCHMARK] 1654769146105,CSR
glCanvas.js:1127 [BENCHMARK] 1654769146174,CSR
glCanvas.js:1127 [BENCHMARK] 1654769146177,CSR
glCanvas.js:1127 [BENCHMARK] 1654769146246,CSR
glCanvas.js:1127 [BENCHMARK] 1654769146249,CSR
glCanvas.js:1127 [BENCHMARK] 1654769146317,CSR
glCanvas.js:1127 [BENCHMARK] 1654769146320,CSR
glCanvas.js:1127 [BENCHMARK] 1654769146389,CSR
glCanvas.js:1127 [BENCHMARK] 1654769146392,CSR
glCanvas.js:1127 [BENCHMARK] 1654769146461,CSR
glCanvas.js:1127 [BENCHMARK] 1654769146464,CSR
glCanvas.js:1127 [BENCHMARK] 1654769146534,CSR
glCanvas.js:1127 [BENCHMARK] 1654769146536,CSR
glCanvas.js:1127 [BENCHMARK] 1654769146605,CSR
glCanvas.js:1127 [BENCHMARK] 1654769146608,CSR
glCanvas.js:1127 [BENCHMARK] 1654769146857,CSR
glCanvas.js:1127 [BENCHMARK] 1654769146884,CSR
glCanvas.js:1127 [BENCHMARK] 1654769146887,CSR
glCanvas.js:1127 [BENCHMARK] 1654769146915,CSR
glCanvas.js:1127 [BENCHMARK] 1654769146918,CSR
glCanvas.js:1127 [BENCHMARK] 1654769146947,CSR
glCanvas.js:1127 [BENCHMARK] 1654769146949,CSR
glCanvas.js:1127 [BENCHMARK] 1654769146978,CSR
glCanvas.js:1127 [BENCHMARK] 1654769146981,CSR
glCanvas.js:1127 [BENCHMARK] 1654769147010,CSR
glCanvas.js:1127 [BENCHMARK] 1654769147013,CSR
glCanvas.js:1127 [BENCHMARK] 1654769147041,CSR
glCanvas.js:1127 [BENCHMARK] 1654769147043,CSR
glCanvas.js:1127 [BENCHMARK] 1654769147072,CSR
glCanvas.js:1127 [BENCHMARK] 1654769147075,CSR
glCanvas.js:1127 [BENCHMARK] 1654769147104,CSR
glCanvas.js:1127 [BENCHMARK] 1654769147106,CSR
glCanvas.js:1127 [BENCHMARK] 1654769147135,CSR
glCanvas.js:1127 [BENCHMARK] 1654769147137,CSR
glCanvas.js:1127 [BENCHMARK] 1654769147166,CSR
glCanvas.js:1127 [BENCHMARK] 1654769147169,CSR
glCanvas.js:1127 [BENCHMARK] 1654769147406,CSR
glCanvas.js:1127 [BENCHMARK] 1654769147408,CSR
glCanvas.js:1127 [BENCHMARK] 1654769147438,CSR
glCanvas.js:1127 [BENCHMARK] 1654769147440,CSR
glCanvas.js:1127 [BENCHMARK] 1654769147469,CSR
glCanvas.js:1127 [BENCHMARK] 1654769147471,CSR
glCanvas.js:1127 [BENCHMARK] 1654769147500,CSR
glCanvas.js:1127 [BENCHMARK] 1654769147502,CSR
glCanvas.js:1127 [BENCHMARK] 1654769147531,CSR
glCanvas.js:1127 [BENCHMARK] 1654769147533,CSR
glCanvas.js:1127 [BENCHMARK] 1654769147562,CSR
glCanvas.js:1127 [BENCHMARK] 1654769147564,CSR
glCanvas.js:1127 [BENCHMARK] 1654769147594,CSR
glCanvas.js:1127 [BENCHMARK] 1654769147597,CSR
glCanvas.js:1127 [BENCHMARK] 1654769147626,CSR
glCanvas.js:1127 [BENCHMARK] 1654769147628,CSR
glCanvas.js:1127 [BENCHMARK] 1654769147657,CSR
glCanvas.js:1127 [BENCHMARK] 1654769147660,CSR
glCanvas.js:1127 [BENCHMARK] 1654769147687,CSR
glCanvas.js:1127 [BENCHMARK] 1654769147688,CSR
glCanvas.js:1127 [BENCHMARK] 1654769147945,CSR
glCanvas.js:1127 [BENCHMARK] 1654769148953,CSR
glCanvas.js:1127 [BENCHMARK] 1654769152729,CSR
glCanvas.js:1127 [BENCHMARK] 1654769152929,CSR
glCanvas.js:1127 [BENCHMARK] 1654769153132,CSR
glCanvas.js:1127 [BENCHMARK] 1654769153333,CSR
glCanvas.js:1127 [BENCHMARK] 1654769153533,CSR
glCanvas.js:1127 [BENCHMARK] 1654769153936,CSR
glCanvas.js:1127 [BENCHMARK] 1654769154937,CSR
glCanvas.js:1127 [BENCHMARK] 1654769156744,CSR
glCanvas.js:1127 [BENCHMARK] 1654769156813,CSR
glCanvas.js:1127 [BENCHMARK] 1654769156886,CSR
glCanvas.js:1127 [BENCHMARK] 1654769156958,CSR
glCanvas.js:1127 [BENCHMARK] 1654769157030,CSR
glCanvas.js:1127 [BENCHMARK] 1654769157101,CSR
glCanvas.js:1127 [BENCHMARK] 1654769157173,CSR
glCanvas.js:1127 [BENCHMARK] 1654769157245,CSR
glCanvas.js:1127 [BENCHMARK] 1654769157317,CSR
glCanvas.js:1127 [BENCHMARK] 1654769157390,CSR
glCanvas.js:1127 [BENCHMARK] 1654769157641,CSR
glCanvas.js:1127 [BENCHMARK] 1654769157668,CSR
glCanvas.js:1127 [BENCHMARK] 1654769157740,CSR
glCanvas.js:1127 [BENCHMARK] 1654769157811,CSR
glCanvas.js:1127 [BENCHMARK] 1654769157883,CSR
glCanvas.js:1127 [BENCHMARK] 1654769157955,CSR
glCanvas.js:1127 [BENCHMARK] 1654769158027,CSR
glCanvas.js:1127 [BENCHMARK] 1654769158098,CSR
glCanvas.js:1127 [BENCHMARK] 1654769158170,CSR
glCanvas.js:1127 [BENCHMARK] 1654769158242,CSR
glCanvas.js:1127 [BENCHMARK] 1654769158313,CSR
glCanvas.js:1127 [BENCHMARK] 1654769158394,CSR
glCanvas.js:1127 [BENCHMARK] 1654769158494,CSR
glCanvas.js:1127 [BENCHMARK] 1654769158499,CSR
glCanvas.js:1127 [BENCHMARK] 1654769158569,CSR
glCanvas.js:1127 [BENCHMARK] 1654769159577,CSR
glCanvas.js:1127 [BENCHMARK] 1654769160600,CSR
glCanvas.js:1127 [BENCHMARK] 1654769160800,CSR
glCanvas.js:1127 [BENCHMARK] 1654769161002,CSR
glCanvas.js:1127 [BENCHMARK] 1654769161257,CSR
glCanvas.js:1127 [BENCHMARK] 1654769162265,CSR
glCanvas.js:1127 [BENCHMARK] 1654769163212,CSR
glCanvas.js:1127 [BENCHMARK] 1654769163312,CSR
glCanvas.js:1127 [BENCHMARK] 1654769163414,CSR
glCanvas.js:1127 [BENCHMARK] 1654769163515,CSR
glCanvas.js:1127 [BENCHMARK] 1654769163617,CSR
glCanvas.js:1127 [BENCHMARK] 1654769163873,CSR
glCanvas.js:1127 [BENCHMARK] 1654769164882,CSR
glCanvas.js:1127 [BENCHMARK] 1654769165727,CSR
glCanvas.js:1127 [BENCHMARK] 1654769165757,CSR
glCanvas.js:1127 [BENCHMARK] 1654769165788,CSR
glCanvas.js:1127 [BENCHMARK] 1654769165818,CSR
glCanvas.js:1127 [BENCHMARK] 1654769165850,CSR
glCanvas.js:1127 [BENCHMARK] 1654769165881,CSR
glCanvas.js:1127 [BENCHMARK] 1654769165913,CSR
glCanvas.js:1127 [BENCHMARK] 1654769165944,CSR
glCanvas.js:1127 [BENCHMARK] 1654769165976,CSR
glCanvas.js:1127 [BENCHMARK] 1654769166007,CSR
glCanvas.js:1127 [BENCHMARK] 1654769166247,CSR
glCanvas.js:1127 [BENCHMARK] 1654769166277,CSR
glCanvas.js:1127 [BENCHMARK] 1654769166310,CSR
glCanvas.js:1127 [BENCHMARK] 1654769166341,CSR
glCanvas.js:1127 [BENCHMARK] 1654769166373,CSR
glCanvas.js:1127 [BENCHMARK] 1654769166405,CSR
glCanvas.js:1127 [BENCHMARK] 1654769166436,CSR
glCanvas.js:1127 [BENCHMARK] 1654769166468,CSR
glCanvas.js:1127 [BENCHMARK] 1654769166500,CSR
glCanvas.js:1127 [BENCHMARK] 1654769166531,CSR
glCanvas.js:1127 [BENCHMARK] 1654769166771,CSR
glCanvas.js:1127 [BENCHMARK] 1654769166843,CSR
glCanvas.js:1127 [BENCHMARK] 1654769166915,CSR
glCanvas.js:1127 [BENCHMARK] 1654769166987,CSR
glCanvas.js:1127 [BENCHMARK] 1654769167058,CSR
glCanvas.js:1127 [BENCHMARK] 1654769167313,CSR
glCanvas.js:1127 [BENCHMARK] 1654769168321,CSR
glCanvas.js:1127 [BENCHMARK] 1654769170142,CSR
glCanvas.js:1127 [BENCHMARK] 1654769170240,CSR
glCanvas.js:1127 [BENCHMARK] 1654769170243,CSR
glCanvas.js:1127 [BENCHMARK] 1654769171346,CSR
glCanvas.js:1127 [BENCHMARK] 1654769171349,CSR
glCanvas.js:1127 [BENCHMARK] 1654769171367,CSR
glCanvas.js:1127 [BENCHMARK] 1654769171368,CSR
glCanvas.js:1127 [BENCHMARK] 1654769171369,CSR
glCanvas.js:1127 [BENCHMARK] 1654769171370,CSR
glCanvas.js:1127 [BENCHMARK] 1654769171382,CSR
glCanvas.js:1127 [BENCHMARK] 1654769171383,CSR
glCanvas.js:1127 [BENCHMARK] 1654769171395,CSR
glCanvas.js:1127 [BENCHMARK] 1654769171396,CSR
glCanvas.js:1127 [BENCHMARK] 1654769171408,CSR
glCanvas.js:1127 [BENCHMARK] 1654769171409,CSR
glCanvas.js:1127 [BENCHMARK] 1654769171421,CSR
glCanvas.js:1127 [BENCHMARK] 1654769171421,CSR
glCanvas.js:1127 [BENCHMARK] 1654769171433,CSR
glCanvas.js:1127 [BENCHMARK] 1654769171434,CSR
glCanvas.js:1127 [BENCHMARK] 1654769171446,CSR
glCanvas.js:1127 [BENCHMARK] 1654769171447,CSR
glCanvas.js:1127 [BENCHMARK] 1654769171459,CSR
glCanvas.js:1127 [BENCHMARK] 1654769171460,CSR
glCanvas.js:1127 [BENCHMARK] 1654769171476,CSR
glCanvas.js:1127 [BENCHMARK] 1654769171579,CSR
glCanvas.js:1127 [BENCHMARK] 1654769171581,CSR
glCanvas.js:1127 [BENCHMARK] 1654769171713,CSR
glCanvas.js:1127 [BENCHMARK] 1654769172721,CSR
glCanvas.js:1127 [BENCHMARK] 1654769173685,CSR
glCanvas.js:1127 [BENCHMARK] 1654769173687,CSR
glCanvas.js:1127 [BENCHMARK] 1654769173885,CSR
glCanvas.js:1127 [BENCHMARK] 1654769173887,CSR
glCanvas.js:1127 [BENCHMARK] 1654769174087,CSR
glCanvas.js:1127 [BENCHMARK] 1654769174090,CSR
glCanvas.js:1127 [BENCHMARK] 1654769174337,CSR
glCanvas.js:1127 [BENCHMARK] 1654769175345,CSR
glCanvas.js:1127 [BENCHMARK] 1654769177298,CSR
glCanvas.js:1127 [BENCHMARK] 1654769177397,CSR
glCanvas.js:1127 [BENCHMARK] 1654769177500,CSR
glCanvas.js:1127 [BENCHMARK] 1654769177602,CSR
glCanvas.js:1127 [BENCHMARK] 1654769177704,CSR
glCanvas.js:1127 [BENCHMARK] 1654769177961,CSR
glCanvas.js:1127 [BENCHMARK] 1654769178014,CSR
glCanvas.js:1127 [BENCHMARK] 1654769178115,CSR
glCanvas.js:1127 [BENCHMARK] 1654769178216,CSR
glCanvas.js:1127 [BENCHMARK] 1654769178318,CSR
glCanvas.js:1127 [BENCHMARK] 1654769178419,CSR
glCanvas.js:1127 [BENCHMARK] 1654769178520,CSR
glCanvas.js:1127 [BENCHMARK] 1654769178622,CSR
glCanvas.js:1127 [BENCHMARK] 1654769178724,CSR
glCanvas.js:1127 [BENCHMARK] 1654769178826,CSR
glCanvas.js:1127 [BENCHMARK] 1654769178928,CSR
glCanvas.js:1127 [BENCHMARK] 1654769179185,CSR
glCanvas.js:1127 [BENCHMARK] 1654769179238,CSR
glCanvas.js:1127 [BENCHMARK] 1654769179310,CSR
glCanvas.js:1127 [BENCHMARK] 1654769179382,CSR
glCanvas.js:1127 [BENCHMARK] 1654769179454,CSR
glCanvas.js:1127 [BENCHMARK] 1654769179525,CSR
glCanvas.js:1127 [BENCHMARK] 1654769179597,CSR
glCanvas.js:1127 [BENCHMARK] 1654769179669,CSR
glCanvas.js:1127 [BENCHMARK] 1654769179740,CSR
glCanvas.js:1127 [BENCHMARK] 1654769179811,CSR
glCanvas.js:1127 [BENCHMARK] 1654769179883,CSR
glCanvas.js:1127 [BENCHMARK] 1654769180137,CSR
glCanvas.js:1127 [BENCHMARK] 1654769181145,CSR
glCanvas.js:1127 [BENCHMARK] 1654769181966,CSR
glCanvas.js:1127 [BENCHMARK] 1654769182066,CSR
glCanvas.js:1127 [BENCHMARK] 1654769182069,CSR
glCanvas.js:1127 [BENCHMARK] 1654769183173,CSR
glCanvas.js:1127 [BENCHMARK] 1654769183175,CSR
glCanvas.js:1127 [BENCHMARK] 1654769183203,CSR
glCanvas.js:1127 [BENCHMARK] 1654769183204,CSR
glCanvas.js:1127 [BENCHMARK] 1654769183232,CSR
glCanvas.js:1127 [BENCHMARK] 1654769183233,CSR
glCanvas.js:1127 [BENCHMARK] 1654769183263,CSR
glCanvas.js:1127 [BENCHMARK] 1654769183264,CSR
glCanvas.js:1127 [BENCHMARK] 1654769183295,CSR
glCanvas.js:1127 [BENCHMARK] 1654769183297,CSR
glCanvas.js:1127 [BENCHMARK] 1654769183326,CSR
glCanvas.js:1127 [BENCHMARK] 1654769183328,CSR
glCanvas.js:1127 [BENCHMARK] 1654769183357,CSR
glCanvas.js:1127 [BENCHMARK] 1654769183359,CSR
glCanvas.js:1127 [BENCHMARK] 1654769183389,CSR
glCanvas.js:1127 [BENCHMARK] 1654769183391,CSR
glCanvas.js:1127 [BENCHMARK] 1654769183420,CSR
glCanvas.js:1127 [BENCHMARK] 1654769183423,CSR
glCanvas.js:1127 [BENCHMARK] 1654769183451,CSR
glCanvas.js:1127 [BENCHMARK] 1654769183453,CSR
glCanvas.js:1127 [BENCHMARK] 1654769183691,CSR
glCanvas.js:1127 [BENCHMARK] 1654769183693,CSR
glCanvas.js:1127 [BENCHMARK] 1654769183721,CSR
glCanvas.js:1127 [BENCHMARK] 1654769183722,CSR
glCanvas.js:1127 [BENCHMARK] 1654769183753,CSR
glCanvas.js:1127 [BENCHMARK] 1654769183755,CSR
glCanvas.js:1127 [BENCHMARK] 1654769183785,CSR
glCanvas.js:1127 [BENCHMARK] 1654769183788,CSR
glCanvas.js:1127 [BENCHMARK] 1654769183817,CSR
glCanvas.js:1127 [BENCHMARK] 1654769183820,CSR
glCanvas.js:1127 [BENCHMARK] 1654769183847,CSR
glCanvas.js:1127 [BENCHMARK] 1654769183849,CSR
glCanvas.js:1127 [BENCHMARK] 1654769183880,CSR
glCanvas.js:1127 [BENCHMARK] 1654769183881,CSR
glCanvas.js:1127 [BENCHMARK] 1654769183911,CSR
glCanvas.js:1127 [BENCHMARK] 1654769183913,CSR
glCanvas.js:1127 [BENCHMARK] 1654769183943,CSR
glCanvas.js:1127 [BENCHMARK] 1654769183945,CSR
glCanvas.js:1127 [BENCHMARK] 1654769183973,CSR
glCanvas.js:1127 [BENCHMARK] 1654769183974,CSR
glCanvas.js:1127 [BENCHMARK] 1654769184212,CSR
glCanvas.js:1127 [BENCHMARK] 1654769184214,CSR
glCanvas.js:1127 [BENCHMARK] 1654769184243,CSR
glCanvas.js:1127 [BENCHMARK] 1654769184245,CSR
glCanvas.js:1127 [BENCHMARK] 1654769184273,CSR
glCanvas.js:1127 [BENCHMARK] 1654769184274,CSR
glCanvas.js:1127 [BENCHMARK] 1654769184305,CSR
glCanvas.js:1127 [BENCHMARK] 1654769184307,CSR
glCanvas.js:1127 [BENCHMARK] 1654769184336,CSR
glCanvas.js:1127 [BENCHMARK] 1654769184338,CSR
glCanvas.js:1127 [BENCHMARK] 1654769184367,CSR
glCanvas.js:1127 [BENCHMARK] 1654769184369,CSR
glCanvas.js:1127 [BENCHMARK] 1654769184399,CSR
glCanvas.js:1127 [BENCHMARK] 1654769184401,CSR
glCanvas.js:1127 [BENCHMARK] 1654769184431,CSR
glCanvas.js:1127 [BENCHMARK] 1654769184433,CSR
glCanvas.js:1127 [BENCHMARK] 1654769184462,CSR
glCanvas.js:1127 [BENCHMARK] 1654769184464,CSR
glCanvas.js:1127 [BENCHMARK] 1654769184494,CSR
glCanvas.js:1127 [BENCHMARK] 1654769184496,CSR
glCanvas.js:1127 [BENCHMARK] 1654769184745,CSR
glCanvas.js:1127 [BENCHMARK] 1654769185753,CSR
