glCanvas.js:1107 [BENCHMARK] 1654768091678,X
glCanvas.js:1107 [BENCHMARK] 1654768091690,X
glCanvas.js:1107 [BENCHMARK] 1654768091695,X
glCanvas.js:1107 [BENCHMARK] 1654768092018,X
glCanvas.js:1107 [BENCHMARK] 1654768092414,X
glCanvas.js:1127 [BENCHMARK] 1654768092647,CSR
manager.js:159 [BENCHMARK] 1654768093140,firstRender
glCanvas.js:1127 [BENCHMARK] 1654768093199,CSR
glCanvas.js:1127 [BENCHMARK] 1654768093209,CSR
glCanvas.js:1127 [BENCHMARK] 1654768093227,CSR
glCanvas.js:1127 [BENCHMARK] 1654768093232,CSR
glCanvas.js:1127 [BENCHMARK] 1654768093239,CSR
glCanvas.js:1127 [BENCHMARK] 1654768093243,CSR
glCanvas.js:1127 [BENCHMARK] 1654768093250,CSR
glCanvas.js:1127 [BENCHMARK] 1654768093253,CSR
glCanvas.js:1127 [BENCHMARK] 1654768093260,CSR
glCanvas.js:1127 [BENCHMARK] 1654768093263,CSR
glCanvas.js:1127 [BENCHMARK] 1654768093267,CSR
glCanvas.js:1127 [BENCHMARK] 1654768093272,CSR
glCanvas.js:1127 [BENCHMARK] 1654768093297,CSR
glCanvas.js:1127 [BENCHMARK] 1654768093312,CSR
glCanvas.js:1127 [BENCHMARK] 1654768093318,CSR
glCanvas.js:1127 [BENCHMARK] 1654768093324,CSR
glCanvas.js:1127 [BENCHMARK] 1654768093336,CSR
glCanvas.js:1127 [BENCHMARK] 1654768093348,CSR
glCanvas.js:1127 [BENCHMARK] 1654768093473,CSR
glCanvas.js:1127 [BENCHMARK] 1654768093487,CSR
glCanvas.js:1127 [BENCHMARK] 1654768093653,CSR
glCanvas.js:1127 [BENCHMARK] 1654768093726,CSR
glCanvas.js:1127 [BENCHMARK] 1654768093788,CSR
glCanvas.js:1127 [BENCHMARK] 1654768093844,CSR
glCanvas.js:1127 [BENCHMARK] 1654768093901,CSR
glCanvas.js:1127 [BENCHMARK] 1654768093959,CSR
glCanvas.js:1127 [BENCHMARK] 1654768094009,CSR
glCanvas.js:1127 [BENCHMARK] 1654768094071,CSR
glCanvas.js:1127 [BENCHMARK] 1654768094125,CSR
glCanvas.js:1127 [BENCHMARK] 1654768094181,CSR
glCanvas.js:1127 [BENCHMARK] 1654768094241,CSR
glCanvas.js:1127 [BENCHMARK] 1654768094330,CSR
glCanvas.js:1127 [BENCHMARK] 1654768094349,CSR
glCanvas.js:1127 [BENCHMARK] 1654768094388,CSR
glCanvas.js:1127 [BENCHMARK] 1654768094668,CSR
glCanvas.js:1127 [BENCHMARK] 1654768094672,SSR
glCanvas.js:1127 [BENCHMARK] 1654768094683,SSR
glCanvas.js:1127 [BENCHMARK] 1654768094687,SSR
glCanvas.js:1127 [BENCHMARK] 1654768094691,SSR
glCanvas.js:1127 [BENCHMARK] 1654768094705,SSR
glCanvas.js:1127 [BENCHMARK] 1654768094711,SSR
glCanvas.js:1127 [BENCHMARK] 1654768094741,SSR
glCanvas.js:1127 [BENCHMARK] 1654768094775,SSR
glCanvas.js:1127 [BENCHMARK] 1654768095132,SSR
glCanvas.js:1127 [BENCHMARK] 1654768095138,SSR
glCanvas.js:1127 [BENCHMARK] 1654768095141,SSR
glCanvas.js:1127 [BENCHMARK] 1654768095380,SSR
glCanvas.js:1127 [BENCHMARK] 1654768095436,SSR
glCanvas.js:1127 [BENCHMARK] 1654768095472,SSR
glCanvas.js:1127 [BENCHMARK] 1654768095508,CSR
glCanvas.js:1127 [BENCHMARK] 1654768095546,CSR
glCanvas.js:1127 [BENCHMARK] 1654768095587,CSR
glCanvas.js:1127 [BENCHMARK] 1654768095589,CSR
glCanvas.js:1127 [BENCHMARK] 1654768095592,CSR
glCanvas.js:1127 [BENCHMARK] 1654768095594,CSR
glCanvas.js:1127 [BENCHMARK] 1654768095598,CSR
glCanvas.js:1127 [BENCHMARK] 1654768095631,CSR
glCanvas.js:1127 [BENCHMARK] 1654768095633,CSR
glCanvas.js:1107 [BENCHMARK] 1654768095640,X
glCanvas.js:1107 [BENCHMARK] 1654768095641,X
glCanvas.js:1107 [BENCHMARK] 1654768095655,X
glCanvas.js:1107 [BENCHMARK] 1654768095656,X
glCanvas.js:1107 [BENCHMARK] 1654768095668,X
glCanvas.js:1107 [BENCHMARK] 1654768095669,X
glCanvas.js:1107 [BENCHMARK] 1654768095684,X
glCanvas.js:1107 [BENCHMARK] 1654768095686,X
glCanvas.js:1107 [BENCHMARK] 1654768095702,X
glCanvas.js:1107 [BENCHMARK] 1654768095703,X
glCanvas.js:1107 [BENCHMARK] 1654768095715,X
glCanvas.js:1107 [BENCHMARK] 1654768095717,X
glCanvas.js:1107 [BENCHMARK] 1654768095731,X
glCanvas.js:1107 [BENCHMARK] 1654768095733,X
glCanvas.js:1107 [BENCHMARK] 1654768095887,X
glCanvas.js:1107 [BENCHMARK] 1654768095917,X
glCanvas.js:1107 [BENCHMARK] 1654768095930,X
glCanvas.js:1107 [BENCHMARK] 1654768095939,X
glCanvas.js:1107 [BENCHMARK] 1654768095951,X
glCanvas.js:1107 [BENCHMARK] 1654768095953,X
glCanvas.js:1107 [BENCHMARK] 1654768095954,X
glCanvas.js:1107 [BENCHMARK] 1654768095961,X
glCanvas.js:1107 [BENCHMARK] 1654768095966,X
glCanvas.js:1107 [BENCHMARK] 1654768095967,X
glCanvas.js:1107 [BENCHMARK] 1654768095974,X
glCanvas.js:1107 [BENCHMARK] 1654768095976,X
glCanvas.js:1107 [BENCHMARK] 1654768095989,X
glCanvas.js:1107 [BENCHMARK] 1654768095991,X
glCanvas.js:1107 [BENCHMARK] 1654768095992,X
glCanvas.js:1107 [BENCHMARK] 1654768096000,X
glCanvas.js:1107 [BENCHMARK] 1654768096001,X
glCanvas.js:1107 [BENCHMARK] 1654768096014,X
glCanvas.js:1107 [BENCHMARK] 1654768096015,X
glCanvas.js:1107 [BENCHMARK] 1654768096022,X
glCanvas.js:1107 [BENCHMARK] 1654768096027,X
glCanvas.js:1107 [BENCHMARK] 1654768096036,X
glCanvas.js:1107 [BENCHMARK] 1654768096037,X
glCanvas.js:1107 [BENCHMARK] 1654768096039,X
glCanvas.js:1107 [BENCHMARK] 1654768096040,X
glCanvas.js:1107 [BENCHMARK] 1654768096047,X
glCanvas.js:1107 [BENCHMARK] 1654768096051,X
glCanvas.js:1107 [BENCHMARK] 1654768096052,X
glCanvas.js:1107 [BENCHMARK] 1654768096066,X
glCanvas.js:1107 [BENCHMARK] 1654768096068,X
glCanvas.js:1107 [BENCHMARK] 1654768096284,X
glCanvas.js:1107 [BENCHMARK] 1654768096285,X
glCanvas.js:1107 [BENCHMARK] 1654768096298,X
glCanvas.js:1107 [BENCHMARK] 1654768096299,X
glCanvas.js:1107 [BENCHMARK] 1654768096310,X
glCanvas.js:1107 [BENCHMARK] 1654768096311,X
glCanvas.js:1107 [BENCHMARK] 1654768096323,X
glCanvas.js:1107 [BENCHMARK] 1654768096324,X
glCanvas.js:1107 [BENCHMARK] 1654768096336,X
glCanvas.js:1107 [BENCHMARK] 1654768096337,X
glCanvas.js:1107 [BENCHMARK] 1654768096349,X
glCanvas.js:1107 [BENCHMARK] 1654768096350,X
glCanvas.js:1107 [BENCHMARK] 1654768096362,X
glCanvas.js:1107 [BENCHMARK] 1654768096363,X
glCanvas.js:1107 [BENCHMARK] 1654768096374,X
glCanvas.js:1107 [BENCHMARK] 1654768096376,X
glCanvas.js:1107 [BENCHMARK] 1654768096387,X
glCanvas.js:1107 [BENCHMARK] 1654768096388,X
glCanvas.js:1107 [BENCHMARK] 1654768096400,X
glCanvas.js:1107 [BENCHMARK] 1654768096402,X
glCanvas.js:1107 [BENCHMARK] 1654768096621,X
glCanvas.js:1107 [BENCHMARK] 1654768096623,X
glCanvas.js:1107 [BENCHMARK] 1654768096627,X
glCanvas.js:1107 [BENCHMARK] 1654768096629,X
glCanvas.js:1107 [BENCHMARK] 1654768096634,X
glCanvas.js:1107 [BENCHMARK] 1654768096636,X
glCanvas.js:1107 [BENCHMARK] 1654768096641,X
glCanvas.js:1107 [BENCHMARK] 1654768096643,X
glCanvas.js:1107 [BENCHMARK] 1654768096646,X
glCanvas.js:1107 [BENCHMARK] 1654768096648,X
glCanvas.js:1107 [BENCHMARK] 1654768096656,X
glCanvas.js:1107 [BENCHMARK] 1654768096657,X
glCanvas.js:1107 [BENCHMARK] 1654768096659,X
glCanvas.js:1107 [BENCHMARK] 1654768096660,X
glCanvas.js:1107 [BENCHMARK] 1654768096663,X
glCanvas.js:1107 [BENCHMARK] 1654768096664,X
glCanvas.js:1107 [BENCHMARK] 1654768096668,X
glCanvas.js:1107 [BENCHMARK] 1654768096669,X
glCanvas.js:1107 [BENCHMARK] 1654768096674,X
glCanvas.js:1107 [BENCHMARK] 1654768096675,X
glCanvas.js:1107 [BENCHMARK] 1654768096888,X
glCanvas.js:1107 [BENCHMARK] 1654768096890,X
glCanvas.js:1107 [BENCHMARK] 1654768096895,X
glCanvas.js:1107 [BENCHMARK] 1654768096897,X
glCanvas.js:1107 [BENCHMARK] 1654768096900,X
glCanvas.js:1107 [BENCHMARK] 1654768096902,X
glCanvas.js:1107 [BENCHMARK] 1654768096906,X
glCanvas.js:1107 [BENCHMARK] 1654768096907,X
glCanvas.js:1107 [BENCHMARK] 1654768096911,X
glCanvas.js:1107 [BENCHMARK] 1654768096912,X
glCanvas.js:1107 [BENCHMARK] 1654768096917,X
glCanvas.js:1107 [BENCHMARK] 1654768096918,X
glCanvas.js:1107 [BENCHMARK] 1654768096923,X
glCanvas.js:1107 [BENCHMARK] 1654768096924,X
glCanvas.js:1107 [BENCHMARK] 1654768096928,X
glCanvas.js:1107 [BENCHMARK] 1654768096929,X
glCanvas.js:1127 [BENCHMARK] 1654768096934,SSR
glCanvas.js:1127 [BENCHMARK] 1654768096935,SSR
glCanvas.js:1107 [BENCHMARK] 1654768096939,X
glCanvas.js:1107 [BENCHMARK] 1654768096940,X
glCanvas.js:1107 [BENCHMARK] 1654768097193,X
glCanvas.js:1107 [BENCHMARK] 1654768097487,X
glCanvas.js:1107 [BENCHMARK] 1654768097493,X
glCanvas.js:1107 [BENCHMARK] 1654768097497,X
glCanvas.js:1127 [BENCHMARK] 1654768097500,CSR
glCanvas.js:1127 [BENCHMARK] 1654768097506,CSR
glCanvas.js:1127 [BENCHMARK] 1654768097511,CSR
glCanvas.js:1127 [BENCHMARK] 1654768097515,CSR
glCanvas.js:1127 [BENCHMARK] 1654768097536,CSR
glCanvas.js:1127 [BENCHMARK] 1654768097540,CSR
glCanvas.js:1127 [BENCHMARK] 1654768097716,CSR
glCanvas.js:1127 [BENCHMARK] 1654768097760,CSR
glCanvas.js:1127 [BENCHMARK] 1654768097764,CSR
glCanvas.js:1127 [BENCHMARK] 1654768097766,CSR
glCanvas.js:1127 [BENCHMARK] 1654768097770,CSR
glCanvas.js:1127 [BENCHMARK] 1654768097777,CSR
glCanvas.js:1127 [BENCHMARK] 1654768097780,CSR
glCanvas.js:1127 [BENCHMARK] 1654768097804,CSR
glCanvas.js:1127 [BENCHMARK] 1654768097808,CSR
glCanvas.js:1127 [BENCHMARK] 1654768097813,CSR
glCanvas.js:1127 [BENCHMARK] 1654768097939,CSR
glCanvas.js:1127 [BENCHMARK] 1654768097957,CSR
glCanvas.js:1127 [BENCHMARK] 1654768097976,CSR
glCanvas.js:1127 [BENCHMARK] 1654768097986,CSR
glCanvas.js:1127 [BENCHMARK] 1654768097990,CSR
glCanvas.js:1127 [BENCHMARK] 1654768098003,CSR
glCanvas.js:1127 [BENCHMARK] 1654768098008,CSR
glCanvas.js:1127 [BENCHMARK] 1654768098011,CSR
glCanvas.js:1127 [BENCHMARK] 1654768098031,CSR
glCanvas.js:1127 [BENCHMARK] 1654768098034,CSR
glCanvas.js:1127 [BENCHMARK] 1654768098036,CSR
glCanvas.js:1127 [BENCHMARK] 1654768098069,CSR
glCanvas.js:1127 [BENCHMARK] 1654768098072,SSR
glCanvas.js:1127 [BENCHMARK] 1654768098194,SSR
glCanvas.js:1127 [BENCHMARK] 1654768098236,CSR
glCanvas.js:1127 [BENCHMARK] 1654768098244,CSR
glCanvas.js:1127 [BENCHMARK] 1654768098247,CSR
glCanvas.js:1127 [BENCHMARK] 1654768098250,CSR
glCanvas.js:1127 [BENCHMARK] 1654768098264,CSR
glCanvas.js:1127 [BENCHMARK] 1654768098267,CSR
glCanvas.js:1127 [BENCHMARK] 1654768098270,CSR
glCanvas.js:1127 [BENCHMARK] 1654768098283,CSR
glCanvas.js:1127 [BENCHMARK] 1654768098286,CSR
glCanvas.js:1127 [BENCHMARK] 1654768098288,CSR
glCanvas.js:1127 [BENCHMARK] 1654768098304,CSR
glCanvas.js:1127 [BENCHMARK] 1654768098385,CSR
glCanvas.js:1127 [BENCHMARK] 1654768098404,CSR
glCanvas.js:1127 [BENCHMARK] 1654768098412,CSR
glCanvas.js:1127 [BENCHMARK] 1654768098419,CSR
glCanvas.js:1127 [BENCHMARK] 1654768098437,CSR
glCanvas.js:1127 [BENCHMARK] 1654768098442,CSR
glCanvas.js:1127 [BENCHMARK] 1654768098450,CSR
glCanvas.js:1127 [BENCHMARK] 1654768098468,CSR
glCanvas.js:1127 [BENCHMARK] 1654768098479,CSR
glCanvas.js:1127 [BENCHMARK] 1654768098484,CSR
glCanvas.js:1127 [BENCHMARK] 1654768098506,CSR
glCanvas.js:1127 [BENCHMARK] 1654768098512,CSR
glCanvas.js:1127 [BENCHMARK] 1654768098520,CSR
glCanvas.js:1127 [BENCHMARK] 1654768098526,CSR
glCanvas.js:1127 [BENCHMARK] 1654768098532,CSR
glCanvas.js:1127 [BENCHMARK] 1654768098537,CSR
glCanvas.js:1127 [BENCHMARK] 1654768098551,CSR
glCanvas.js:1127 [BENCHMARK] 1654768098556,CSR
glCanvas.js:1127 [BENCHMARK] 1654768098560,CSR
glCanvas.js:1127 [BENCHMARK] 1654768098776,CSR
glCanvas.js:1127 [BENCHMARK] 1654768098782,CSR
glCanvas.js:1127 [BENCHMARK] 1654768098817,CSR
glCanvas.js:1127 [BENCHMARK] 1654768098820,CSR
glCanvas.js:1127 [BENCHMARK] 1654768098826,CSR
glCanvas.js:1127 [BENCHMARK] 1654768098844,CSR
glCanvas.js:1127 [BENCHMARK] 1654768098848,CSR
glCanvas.js:1127 [BENCHMARK] 1654768098853,CSR
glCanvas.js:1127 [BENCHMARK] 1654768098857,CSR
glCanvas.js:1127 [BENCHMARK] 1654768098860,CSR
glCanvas.js:1127 [BENCHMARK] 1654768098874,CSR
glCanvas.js:1127 [BENCHMARK] 1654768098878,CSR
glCanvas.js:1127 [BENCHMARK] 1654768098889,CSR
glCanvas.js:1127 [BENCHMARK] 1654768098895,CSR
glCanvas.js:1127 [BENCHMARK] 1654768098898,CSR
glCanvas.js:1127 [BENCHMARK] 1654768098902,CSR
glCanvas.js:1127 [BENCHMARK] 1654768098930,CSR
glCanvas.js:1127 [BENCHMARK] 1654768098934,CSR
glCanvas.js:1127 [BENCHMARK] 1654768098938,CSR
glCanvas.js:1127 [BENCHMARK] 1654768098955,CSR
glCanvas.js:1127 [BENCHMARK] 1654768098960,CSR
glCanvas.js:1127 [BENCHMARK] 1654768098964,CSR
glCanvas.js:1127 [BENCHMARK] 1654768098975,CSR
glCanvas.js:1127 [BENCHMARK] 1654768098979,CSR
glCanvas.js:1127 [BENCHMARK] 1654768098982,CSR
glCanvas.js:1127 [BENCHMARK] 1654768098995,CSR
glCanvas.js:1127 [BENCHMARK] 1654768098999,CSR
glCanvas.js:1127 [BENCHMARK] 1654768099005,CSR
glCanvas.js:1127 [BENCHMARK] 1654768099025,CSR
glCanvas.js:1127 [BENCHMARK] 1654768099029,CSR
glCanvas.js:1127 [BENCHMARK] 1654768099147,CSR
glCanvas.js:1127 [BENCHMARK] 1654768099153,CSR
glCanvas.js:1127 [BENCHMARK] 1654768099158,CSR
glCanvas.js:1127 [BENCHMARK] 1654768099161,CSR
glCanvas.js:1127 [BENCHMARK] 1654768099165,CSR
glCanvas.js:1127 [BENCHMARK] 1654768099182,CSR
glCanvas.js:1127 [BENCHMARK] 1654768099185,CSR
glCanvas.js:1127 [BENCHMARK] 1654768099189,CSR
glCanvas.js:1127 [BENCHMARK] 1654768099191,CSR
glCanvas.js:1127 [BENCHMARK] 1654768099218,CSR
glCanvas.js:1127 [BENCHMARK] 1654768099220,CSR
glCanvas.js:1127 [BENCHMARK] 1654768099223,CSR
glCanvas.js:1127 [BENCHMARK] 1654768099225,CSR
glCanvas.js:1127 [BENCHMARK] 1654768099263,CSR
glCanvas.js:1127 [BENCHMARK] 1654768099264,CSR
glCanvas.js:1127 [BENCHMARK] 1654768099266,CSR
glCanvas.js:1127 [BENCHMARK] 1654768099268,CSR
glCanvas.js:1127 [BENCHMARK] 1654768099269,CSR
glCanvas.js:1127 [BENCHMARK] 1654768099271,CSR
glCanvas.js:1127 [BENCHMARK] 1654768099273,CSR
glCanvas.js:1127 [BENCHMARK] 1654768099274,CSR
glCanvas.js:1127 [BENCHMARK] 1654768099276,CSR
glCanvas.js:1127 [BENCHMARK] 1654768099277,CSR
glCanvas.js:1127 [BENCHMARK] 1654768099280,CSR
glCanvas.js:1127 [BENCHMARK] 1654768099283,CSR
glCanvas.js:1127 [BENCHMARK] 1654768099286,CSR
glCanvas.js:1127 [BENCHMARK] 1654768099490,CSR
glCanvas.js:1127 [BENCHMARK] 1654768099492,CSR
glCanvas.js:1127 [BENCHMARK] 1654768099496,CSR
glCanvas.js:1127 [BENCHMARK] 1654768099498,CSR
glCanvas.js:1127 [BENCHMARK] 1654768099501,CSR
glCanvas.js:1127 [BENCHMARK] 1654768099503,CSR
glCanvas.js:1127 [BENCHMARK] 1654768099508,CSR
glCanvas.js:1127 [BENCHMARK] 1654768099510,CSR
glCanvas.js:1127 [BENCHMARK] 1654768099513,CSR
glCanvas.js:1127 [BENCHMARK] 1654768099516,CSR
glCanvas.js:1127 [BENCHMARK] 1654768099520,CSR
glCanvas.js:1127 [BENCHMARK] 1654768099521,CSR
glCanvas.js:1127 [BENCHMARK] 1654768099569,CSR
glCanvas.js:1127 [BENCHMARK] 1654768099571,CSR
glCanvas.js:1127 [BENCHMARK] 1654768099575,CSR
glCanvas.js:1127 [BENCHMARK] 1654768099577,CSR
glCanvas.js:1127 [BENCHMARK] 1654768099581,CSR
glCanvas.js:1127 [BENCHMARK] 1654768099583,CSR
glCanvas.js:1127 [BENCHMARK] 1654768099585,CSR
glCanvas.js:1127 [BENCHMARK] 1654768099587,CSR
glCanvas.js:1127 [BENCHMARK] 1654768099601,CSR
glCanvas.js:1127 [BENCHMARK] 1654768099610,CSR
glCanvas.js:1127 [BENCHMARK] 1654768099616,CSR
glCanvas.js:1127 [BENCHMARK] 1654768099629,CSR
glCanvas.js:1127 [BENCHMARK] 1654768099841,CSR
glCanvas.js:1127 [BENCHMARK] 1654768100162,CSR
glCanvas.js:1127 [BENCHMARK] 1654768100166,CSR
glCanvas.js:1127 [BENCHMARK] 1654768100168,CSR
glCanvas.js:1127 [BENCHMARK] 1654768100170,CSR
glCanvas.js:1127 [BENCHMARK] 1654768100186,CSR
glCanvas.js:1127 [BENCHMARK] 1654768100189,CSR
glCanvas.js:1127 [BENCHMARK] 1654768100192,CSR
glCanvas.js:1127 [BENCHMARK] 1654768100209,CSR
glCanvas.js:1127 [BENCHMARK] 1654768100213,CSR
glCanvas.js:1127 [BENCHMARK] 1654768100216,CSR
glCanvas.js:1127 [BENCHMARK] 1654768100399,CSR
glCanvas.js:1127 [BENCHMARK] 1654768100402,CSR
glCanvas.js:1127 [BENCHMARK] 1654768100405,CSR
glCanvas.js:1127 [BENCHMARK] 1654768100409,CSR
glCanvas.js:1127 [BENCHMARK] 1654768100427,CSR
glCanvas.js:1127 [BENCHMARK] 1654768100435,CSR
glCanvas.js:1127 [BENCHMARK] 1654768100441,CSR
glCanvas.js:1127 [BENCHMARK] 1654768100477,CSR
glCanvas.js:1127 [BENCHMARK] 1654768100493,CSR
glCanvas.js:1127 [BENCHMARK] 1654768100500,CSR
glCanvas.js:1127 [BENCHMARK] 1654768100563,CSR
glCanvas.js:1127 [BENCHMARK] 1654768100566,CSR
glCanvas.js:1127 [BENCHMARK] 1654768100569,CSR
glCanvas.js:1127 [BENCHMARK] 1654768100574,CSR
glCanvas.js:1127 [BENCHMARK] 1654768100585,CSR
glCanvas.js:1127 [BENCHMARK] 1654768100586,CSR
glCanvas.js:1127 [BENCHMARK] 1654768100589,CSR
glCanvas.js:1127 [BENCHMARK] 1654768100594,CSR
glCanvas.js:1127 [BENCHMARK] 1654768100601,CSR
glCanvas.js:1127 [BENCHMARK] 1654768100606,CSR
glCanvas.js:1127 [BENCHMARK] 1654768100612,CSR
glCanvas.js:1127 [BENCHMARK] 1654768100640,CSR
glCanvas.js:1127 [BENCHMARK] 1654768100643,CSR
glCanvas.js:1127 [BENCHMARK] 1654768100668,CSR
glCanvas.js:1127 [BENCHMARK] 1654768100676,CSR
glCanvas.js:1127 [BENCHMARK] 1654768100682,CSR
glCanvas.js:1127 [BENCHMARK] 1654768100687,CSR
glCanvas.js:1127 [BENCHMARK] 1654768100691,CSR
glCanvas.js:1127 [BENCHMARK] 1654768100724,CSR
glCanvas.js:1127 [BENCHMARK] 1654768100731,CSR
glCanvas.js:1127 [BENCHMARK] 1654768100739,CSR
glCanvas.js:1127 [BENCHMARK] 1654768100836,CSR
glCanvas.js:1127 [BENCHMARK] 1654768100847,CSR
glCanvas.js:1127 [BENCHMARK] 1654768100851,CSR
glCanvas.js:1127 [BENCHMARK] 1654768100855,CSR
glCanvas.js:1127 [BENCHMARK] 1654768100868,CSR
glCanvas.js:1127 [BENCHMARK] 1654768100871,CSR
glCanvas.js:1127 [BENCHMARK] 1654768100873,CSR
glCanvas.js:1127 [BENCHMARK] 1654768100877,CSR
glCanvas.js:1127 [BENCHMARK] 1654768100883,CSR
glCanvas.js:1127 [BENCHMARK] 1654768100889,CSR
glCanvas.js:1127 [BENCHMARK] 1654768100894,CSR
glCanvas.js:1127 [BENCHMARK] 1654768100900,CSR
glCanvas.js:1127 [BENCHMARK] 1654768100929,CSR
glCanvas.js:1127 [BENCHMARK] 1654768101120,CSR
glCanvas.js:1127 [BENCHMARK] 1654768101134,CSR
glCanvas.js:1127 [BENCHMARK] 1654768101147,CSR
glCanvas.js:1127 [BENCHMARK] 1654768101160,CSR
glCanvas.js:1127 [BENCHMARK] 1654768101173,CSR
glCanvas.js:1127 [BENCHMARK] 1654768101186,CSR
glCanvas.js:1127 [BENCHMARK] 1654768101199,CSR
glCanvas.js:1127 [BENCHMARK] 1654768101213,CSR
glCanvas.js:1127 [BENCHMARK] 1654768101226,CSR
glCanvas.js:1127 [BENCHMARK] 1654768101239,CSR
glCanvas.js:1127 [BENCHMARK] 1654768101461,CSR
glCanvas.js:1127 [BENCHMARK] 1654768101474,CSR
glCanvas.js:1127 [BENCHMARK] 1654768101487,CSR
glCanvas.js:1127 [BENCHMARK] 1654768101501,CSR
glCanvas.js:1127 [BENCHMARK] 1654768101514,CSR
glCanvas.js:1127 [BENCHMARK] 1654768101527,CSR
glCanvas.js:1127 [BENCHMARK] 1654768101540,CSR
glCanvas.js:1127 [BENCHMARK] 1654768101553,CSR
glCanvas.js:1127 [BENCHMARK] 1654768101566,CSR
glCanvas.js:1127 [BENCHMARK] 1654768101579,CSR
glCanvas.js:1127 [BENCHMARK] 1654768101833,CSR
glCanvas.js:1127 [BENCHMARK] 1654768102125,CSR
glCanvas.js:1127 [BENCHMARK] 1654768102127,CSR
glCanvas.js:1127 [BENCHMARK] 1654768102130,CSR
glCanvas.js:1127 [BENCHMARK] 1654768102133,CSR
glCanvas.js:1127 [BENCHMARK] 1654768102145,CSR
glCanvas.js:1127 [BENCHMARK] 1654768102147,CSR
glCanvas.js:1127 [BENCHMARK] 1654768102149,CSR
glCanvas.js:1127 [BENCHMARK] 1654768102166,CSR
glCanvas.js:1127 [BENCHMARK] 1654768102169,CSR
glCanvas.js:1127 [BENCHMARK] 1654768102178,CSR
glCanvas.js:1127 [BENCHMARK] 1654768102356,CSR
glCanvas.js:1127 [BENCHMARK] 1654768102361,CSR
glCanvas.js:1127 [BENCHMARK] 1654768102364,CSR
glCanvas.js:1127 [BENCHMARK] 1654768102371,CSR
glCanvas.js:1127 [BENCHMARK] 1654768102377,CSR
glCanvas.js:1127 [BENCHMARK] 1654768102380,CSR
glCanvas.js:1127 [BENCHMARK] 1654768102403,CSR
glCanvas.js:1127 [BENCHMARK] 1654768102408,CSR
glCanvas.js:1127 [BENCHMARK] 1654768102412,CSR
glCanvas.js:1127 [BENCHMARK] 1654768102416,CSR
glCanvas.js:1127 [BENCHMARK] 1654768102613,CSR
glCanvas.js:1127 [BENCHMARK] 1654768102662,CSR
glCanvas.js:1127 [BENCHMARK] 1654768102672,CSR
glCanvas.js:1127 [BENCHMARK] 1654768102686,CSR
glCanvas.js:1127 [BENCHMARK] 1654768102690,CSR
glCanvas.js:1127 [BENCHMARK] 1654768102694,CSR
glCanvas.js:1127 [BENCHMARK] 1654768102715,CSR
glCanvas.js:1127 [BENCHMARK] 1654768102718,CSR
glCanvas.js:1127 [BENCHMARK] 1654768102723,CSR
glCanvas.js:1127 [BENCHMARK] 1654768102727,CSR
glCanvas.js:1127 [BENCHMARK] 1654768102750,CSR
glCanvas.js:1127 [BENCHMARK] 1654768102757,CSR
glCanvas.js:1127 [BENCHMARK] 1654768102763,CSR
glCanvas.js:1127 [BENCHMARK] 1654768102845,CSR
glCanvas.js:1127 [BENCHMARK] 1654768102923,CSR
glCanvas.js:1127 [BENCHMARK] 1654768102928,CSR
glCanvas.js:1127 [BENCHMARK] 1654768102931,CSR
glCanvas.js:1127 [BENCHMARK] 1654768102934,CSR
glCanvas.js:1127 [BENCHMARK] 1654768102947,CSR
glCanvas.js:1127 [BENCHMARK] 1654768102951,CSR
glCanvas.js:1127 [BENCHMARK] 1654768102953,CSR
glCanvas.js:1127 [BENCHMARK] 1654768102956,CSR
glCanvas.js:1127 [BENCHMARK] 1654768102978,CSR
glCanvas.js:1127 [BENCHMARK] 1654768102984,CSR
glCanvas.js:1127 [BENCHMARK] 1654768102988,CSR
glCanvas.js:1127 [BENCHMARK] 1654768102999,CSR
glCanvas.js:1127 [BENCHMARK] 1654768103002,CSR
glCanvas.js:1127 [BENCHMARK] 1654768103005,CSR
glCanvas.js:1127 [BENCHMARK] 1654768103019,CSR
glCanvas.js:1127 [BENCHMARK] 1654768103022,CSR
glCanvas.js:1127 [BENCHMARK] 1654768103025,CSR
glCanvas.js:1127 [BENCHMARK] 1654768103044,CSR
glCanvas.js:1127 [BENCHMARK] 1654768103055,CSR
glCanvas.js:1127 [BENCHMARK] 1654768103059,CSR
glCanvas.js:1127 [BENCHMARK] 1654768103284,CSR
glCanvas.js:1127 [BENCHMARK] 1654768103295,CSR
glCanvas.js:1127 [BENCHMARK] 1654768103299,CSR
glCanvas.js:1127 [BENCHMARK] 1654768103302,CSR
glCanvas.js:1127 [BENCHMARK] 1654768103309,CSR
glCanvas.js:1127 [BENCHMARK] 1654768103313,CSR
glCanvas.js:1127 [BENCHMARK] 1654768103316,CSR
glCanvas.js:1127 [BENCHMARK] 1654768103359,CSR
glCanvas.js:1127 [BENCHMARK] 1654768103364,CSR
glCanvas.js:1127 [BENCHMARK] 1654768103368,CSR
glCanvas.js:1127 [BENCHMARK] 1654768103380,CSR
glCanvas.js:1127 [BENCHMARK] 1654768103384,CSR
glCanvas.js:1127 [BENCHMARK] 1654768103393,CSR
glCanvas.js:1127 [BENCHMARK] 1654768103399,CSR
glCanvas.js:1127 [BENCHMARK] 1654768103406,CSR
glCanvas.js:1127 [BENCHMARK] 1654768103430,CSR
glCanvas.js:1127 [BENCHMARK] 1654768103435,CSR
glCanvas.js:1127 [BENCHMARK] 1654768103439,CSR
glCanvas.js:1127 [BENCHMARK] 1654768103452,CSR
glCanvas.js:1127 [BENCHMARK] 1654768103456,CSR
glCanvas.js:1127 [BENCHMARK] 1654768103502,CSR
glCanvas.js:1127 [BENCHMARK] 1654768103507,CSR
glCanvas.js:1127 [BENCHMARK] 1654768103552,CSR
glCanvas.js:1127 [BENCHMARK] 1654768103558,CSR
glCanvas.js:1127 [BENCHMARK] 1654768103565,CSR
glCanvas.js:1127 [BENCHMARK] 1654768103589,CSR
glCanvas.js:1127 [BENCHMARK] 1654768103595,CSR
glCanvas.js:1127 [BENCHMARK] 1654768103618,CSR
glCanvas.js:1127 [BENCHMARK] 1654768103622,CSR
glCanvas.js:1127 [BENCHMARK] 1654768103643,CSR
glCanvas.js:1127 [BENCHMARK] 1654768103647,CSR
glCanvas.js:1127 [BENCHMARK] 1654768103652,CSR
glCanvas.js:1127 [BENCHMARK] 1654768103660,CSR
glCanvas.js:1127 [BENCHMARK] 1654768103664,CSR
glCanvas.js:1127 [BENCHMARK] 1654768103677,CSR
glCanvas.js:1127 [BENCHMARK] 1654768103682,CSR
glCanvas.js:1127 [BENCHMARK] 1654768103685,CSR
glCanvas.js:1127 [BENCHMARK] 1654768103689,CSR
glCanvas.js:1127 [BENCHMARK] 1654768103763,CSR
glCanvas.js:1127 [BENCHMARK] 1654768103766,CSR
glCanvas.js:1127 [BENCHMARK] 1654768103777,CSR
glCanvas.js:1127 [BENCHMARK] 1654768103779,CSR
glCanvas.js:1127 [BENCHMARK] 1654768103788,CSR
glCanvas.js:1127 [BENCHMARK] 1654768103813,CSR
glCanvas.js:1127 [BENCHMARK] 1654768103814,CSR
glCanvas.js:1127 [BENCHMARK] 1654768103816,CSR
glCanvas.js:1127 [BENCHMARK] 1654768103818,CSR
glCanvas.js:1127 [BENCHMARK] 1654768103820,CSR
glCanvas.js:1127 [BENCHMARK] 1654768103821,CSR
glCanvas.js:1127 [BENCHMARK] 1654768103835,CSR
glCanvas.js:1127 [BENCHMARK] 1654768103837,CSR
glCanvas.js:1127 [BENCHMARK] 1654768103838,CSR
glCanvas.js:1127 [BENCHMARK] 1654768103839,CSR
glCanvas.js:1127 [BENCHMARK] 1654768103841,CSR
glCanvas.js:1127 [BENCHMARK] 1654768103842,CSR
glCanvas.js:1127 [BENCHMARK] 1654768103844,CSR
glCanvas.js:1127 [BENCHMARK] 1654768103846,CSR
glCanvas.js:1127 [BENCHMARK] 1654768103848,CSR
glCanvas.js:1127 [BENCHMARK] 1654768103850,CSR
glCanvas.js:1127 [BENCHMARK] 1654768103888,CSR
glCanvas.js:1127 [BENCHMARK] 1654768103889,CSR
glCanvas.js:1127 [BENCHMARK] 1654768103892,CSR
glCanvas.js:1127 [BENCHMARK] 1654768103893,CSR
glCanvas.js:1127 [BENCHMARK] 1654768103900,CSR
glCanvas.js:1127 [BENCHMARK] 1654768103904,CSR
glCanvas.js:1127 [BENCHMARK] 1654768104067,CSR
glCanvas.js:1127 [BENCHMARK] 1654768104069,CSR
glCanvas.js:1127 [BENCHMARK] 1654768104073,CSR
glCanvas.js:1127 [BENCHMARK] 1654768104074,CSR
glCanvas.js:1127 [BENCHMARK] 1654768104078,CSR
glCanvas.js:1127 [BENCHMARK] 1654768104080,CSR
glCanvas.js:1127 [BENCHMARK] 1654768104084,CSR
glCanvas.js:1127 [BENCHMARK] 1654768104085,CSR
glCanvas.js:1127 [BENCHMARK] 1654768104090,CSR
glCanvas.js:1127 [BENCHMARK] 1654768104091,CSR
glCanvas.js:1127 [BENCHMARK] 1654768104095,CSR
glCanvas.js:1127 [BENCHMARK] 1654768104097,CSR
glCanvas.js:1127 [BENCHMARK] 1654768104130,CSR
glCanvas.js:1127 [BENCHMARK] 1654768104132,CSR
glCanvas.js:1127 [BENCHMARK] 1654768104135,CSR
glCanvas.js:1127 [BENCHMARK] 1654768104137,CSR
glCanvas.js:1127 [BENCHMARK] 1654768104140,CSR
glCanvas.js:1127 [BENCHMARK] 1654768104141,CSR
glCanvas.js:1127 [BENCHMARK] 1654768104144,CSR
glCanvas.js:1127 [BENCHMARK] 1654768104145,CSR
glCanvas.js:1127 [BENCHMARK] 1654768104334,CSR
glCanvas.js:1127 [BENCHMARK] 1654768104336,CSR
glCanvas.js:1127 [BENCHMARK] 1654768104340,CSR
glCanvas.js:1127 [BENCHMARK] 1654768104343,CSR
glCanvas.js:1127 [BENCHMARK] 1654768104347,CSR
glCanvas.js:1127 [BENCHMARK] 1654768104349,CSR
glCanvas.js:1127 [BENCHMARK] 1654768104359,CSR
glCanvas.js:1127 [BENCHMARK] 1654768104362,CSR
glCanvas.js:1127 [BENCHMARK] 1654768104366,CSR
glCanvas.js:1127 [BENCHMARK] 1654768104367,CSR
glCanvas.js:1127 [BENCHMARK] 1654768104369,CSR
glCanvas.js:1127 [BENCHMARK] 1654768104370,CSR
glCanvas.js:1127 [BENCHMARK] 1654768104372,CSR
glCanvas.js:1127 [BENCHMARK] 1654768104373,CSR
glCanvas.js:1127 [BENCHMARK] 1654768104375,CSR
glCanvas.js:1127 [BENCHMARK] 1654768104376,CSR
glCanvas.js:1127 [BENCHMARK] 1654768104388,CSR
glCanvas.js:1127 [BENCHMARK] 1654768104389,CSR
glCanvas.js:1127 [BENCHMARK] 1654768104391,CSR
glCanvas.js:1127 [BENCHMARK] 1654768104392,CSR
glCanvas.js:1127 [BENCHMARK] 1654768104600,CSR
glCanvas.js:1127 [BENCHMARK] 1654768104602,CSR
glCanvas.js:1127 [BENCHMARK] 1654768104606,CSR
glCanvas.js:1127 [BENCHMARK] 1654768104609,CSR
glCanvas.js:1127 [BENCHMARK] 1654768104613,CSR
glCanvas.js:1127 [BENCHMARK] 1654768104614,CSR
glCanvas.js:1127 [BENCHMARK] 1654768104637,CSR
glCanvas.js:1127 [BENCHMARK] 1654768104639,CSR
glCanvas.js:1127 [BENCHMARK] 1654768104642,CSR
glCanvas.js:1127 [BENCHMARK] 1654768104644,CSR
glCanvas.js:1127 [BENCHMARK] 1654768104647,CSR
glCanvas.js:1127 [BENCHMARK] 1654768104648,CSR
glCanvas.js:1127 [BENCHMARK] 1654768104649,CSR
glCanvas.js:1127 [BENCHMARK] 1654768104652,CSR
glCanvas.js:1127 [BENCHMARK] 1654768104654,CSR
glCanvas.js:1127 [BENCHMARK] 1654768104655,CSR
glCanvas.js:1127 [BENCHMARK] 1654768104657,CSR
glCanvas.js:1127 [BENCHMARK] 1654768104659,CSR
glCanvas.js:1127 [BENCHMARK] 1654768104661,CSR
glCanvas.js:1127 [BENCHMARK] 1654768104663,CSR
glCanvas.js:1127 [BENCHMARK] 1654768104666,CSR
glCanvas.js:1127 [BENCHMARK] 1654768104668,CSR
glCanvas.js:1127 [BENCHMARK] 1654768104669,CSR
glCanvas.js:1127 [BENCHMARK] 1654768104670,CSR
glCanvas.js:1127 [BENCHMARK] 1654768104875,CSR
glCanvas.js:1127 [BENCHMARK] 1654768104877,CSR
glCanvas.js:1127 [BENCHMARK] 1654768104881,CSR
glCanvas.js:1127 [BENCHMARK] 1654768104883,CSR
glCanvas.js:1127 [BENCHMARK] 1654768104887,CSR
glCanvas.js:1127 [BENCHMARK] 1654768104890,CSR
glCanvas.js:1127 [BENCHMARK] 1654768104911,CSR
glCanvas.js:1127 [BENCHMARK] 1654768104913,CSR
glCanvas.js:1127 [BENCHMARK] 1654768104916,CSR
glCanvas.js:1127 [BENCHMARK] 1654768104917,CSR
glCanvas.js:1127 [BENCHMARK] 1654768104920,CSR
glCanvas.js:1127 [BENCHMARK] 1654768104922,CSR
glCanvas.js:1127 [BENCHMARK] 1654768104925,CSR
glCanvas.js:1127 [BENCHMARK] 1654768104927,CSR
glCanvas.js:1127 [BENCHMARK] 1654768104931,CSR
glCanvas.js:1127 [BENCHMARK] 1654768104934,CSR
glCanvas.js:1127 [BENCHMARK] 1654768104937,CSR
glCanvas.js:1127 [BENCHMARK] 1654768104941,CSR
glCanvas.js:1127 [BENCHMARK] 1654768104945,CSR
glCanvas.js:1127 [BENCHMARK] 1654768104949,CSR
glCanvas.js:1127 [BENCHMARK] 1654768104951,CSR
glCanvas.js:1127 [BENCHMARK] 1654768104952,CSR
glCanvas.js:1127 [BENCHMARK] 1654768104954,CSR
glCanvas.js:1127 [BENCHMARK] 1654768104955,CSR
glCanvas.js:1127 [BENCHMARK] 1654768105039,CSR
glCanvas.js:1127 [BENCHMARK] 1654768105052,CSR
glCanvas.js:1127 [BENCHMARK] 1654768105054,CSR
glCanvas.js:1127 [BENCHMARK] 1654768105209,CSR
glCanvas.js:1127 [BENCHMARK] 1654768105441,CSR
glCanvas.js:1127 [BENCHMARK] 1654768105467,CSR
glCanvas.js:1127 [BENCHMARK] 1654768105470,CSR
glCanvas.js:1127 [BENCHMARK] 1654768105472,CSR
glCanvas.js:1127 [BENCHMARK] 1654768105474,CSR
glCanvas.js:1127 [BENCHMARK] 1654768105488,CSR
glCanvas.js:1127 [BENCHMARK] 1654768105490,CSR
glCanvas.js:1127 [BENCHMARK] 1654768105493,CSR
glCanvas.js:1127 [BENCHMARK] 1654768105504,CSR
glCanvas.js:1127 [BENCHMARK] 1654768105507,CSR
glCanvas.js:1127 [BENCHMARK] 1654768105667,CSR
glCanvas.js:1127 [BENCHMARK] 1654768105695,CSR
glCanvas.js:1127 [BENCHMARK] 1654768105699,CSR
glCanvas.js:1127 [BENCHMARK] 1654768105702,CSR
glCanvas.js:1127 [BENCHMARK] 1654768105704,CSR
glCanvas.js:1127 [BENCHMARK] 1654768105720,CSR
glCanvas.js:1127 [BENCHMARK] 1654768105722,CSR
glCanvas.js:1127 [BENCHMARK] 1654768105724,CSR
glCanvas.js:1127 [BENCHMARK] 1654768105761,CSR
glCanvas.js:1127 [BENCHMARK] 1654768105764,CSR
glCanvas.js:1127 [BENCHMARK] 1654768105888,CSR
glCanvas.js:1127 [BENCHMARK] 1654768105911,CSR
glCanvas.js:1127 [BENCHMARK] 1654768105919,CSR
glCanvas.js:1127 [BENCHMARK] 1654768105921,CSR
glCanvas.js:1127 [BENCHMARK] 1654768105923,CSR
glCanvas.js:1127 [BENCHMARK] 1654768105959,CSR
glCanvas.js:1127 [BENCHMARK] 1654768105961,CSR
glCanvas.js:1127 [BENCHMARK] 1654768105965,CSR
glCanvas.js:1127 [BENCHMARK] 1654768105973,CSR
glCanvas.js:1127 [BENCHMARK] 1654768105975,CSR
glCanvas.js:1127 [BENCHMARK] 1654768106104,CSR
glCanvas.js:1127 [BENCHMARK] 1654768106127,CSR
filmbox2.js:1550 [BENCHMARK] 1654768106129,fullLoad
glCanvas.js:1127 [BENCHMARK] 1654768106155,CSR
glCanvas.js:1127 [BENCHMARK] 1654768106160,CSR
glCanvas.js:1127 [BENCHMARK] 1654768106166,CSR
glCanvas.js:1127 [BENCHMARK] 1654768106172,CSR
glCanvas.js:1127 [BENCHMARK] 1654768106177,CSR
glCanvas.js:1127 [BENCHMARK] 1654768106185,CSR
glCanvas.js:1127 [BENCHMARK] 1654768106189,CSR
glCanvas.js:1127 [BENCHMARK] 1654768106194,CSR
glCanvas.js:1127 [BENCHMARK] 1654768106200,CSR
glCanvas.js:1127 [BENCHMARK] 1654768106205,CSR
glCanvas.js:1127 [BENCHMARK] 1654768106420,CSR
glCanvas.js:1127 [BENCHMARK] 1654768106426,CSR
glCanvas.js:1127 [BENCHMARK] 1654768106430,CSR
glCanvas.js:1127 [BENCHMARK] 1654768106436,CSR
glCanvas.js:1127 [BENCHMARK] 1654768106441,CSR
glCanvas.js:1127 [BENCHMARK] 1654768106447,CSR
glCanvas.js:1127 [BENCHMARK] 1654768106463,CSR
glCanvas.js:1127 [BENCHMARK] 1654768106464,CSR
glCanvas.js:1127 [BENCHMARK] 1654768106466,CSR
glCanvas.js:1127 [BENCHMARK] 1654768106472,CSR
glCanvas.js:1127 [BENCHMARK] 1654768106688,CSR
glCanvas.js:1127 [BENCHMARK] 1654768106694,CSR
glCanvas.js:1127 [BENCHMARK] 1654768106701,CSR
glCanvas.js:1127 [BENCHMARK] 1654768106707,CSR
glCanvas.js:1127 [BENCHMARK] 1654768106712,CSR
glCanvas.js:1127 [BENCHMARK] 1654768106717,CSR
glCanvas.js:1127 [BENCHMARK] 1654768106723,CSR
glCanvas.js:1127 [BENCHMARK] 1654768106729,CSR
glCanvas.js:1127 [BENCHMARK] 1654768106742,CSR
glCanvas.js:1127 [BENCHMARK] 1654768106744,CSR
glCanvas.js:1127 [BENCHMARK] 1654768107001,CSR
glCanvas.js:1127 [BENCHMARK] 1654768107754,CSR
glCanvas.js:1127 [BENCHMARK] 1654768107756,CSR
glCanvas.js:1127 [BENCHMARK] 1654768107766,CSR
glCanvas.js:1127 [BENCHMARK] 1654768107769,CSR
glCanvas.js:1127 [BENCHMARK] 1654768107779,CSR
glCanvas.js:1127 [BENCHMARK] 1654768107781,CSR
glCanvas.js:1127 [BENCHMARK] 1654768107792,CSR
glCanvas.js:1127 [BENCHMARK] 1654768107795,CSR
glCanvas.js:1127 [BENCHMARK] 1654768107805,CSR
glCanvas.js:1127 [BENCHMARK] 1654768107807,CSR
glCanvas.js:1127 [BENCHMARK] 1654768107818,CSR
glCanvas.js:1127 [BENCHMARK] 1654768107821,CSR
glCanvas.js:1127 [BENCHMARK] 1654768107831,CSR
glCanvas.js:1127 [BENCHMARK] 1654768107833,CSR
glCanvas.js:1127 [BENCHMARK] 1654768107844,CSR
glCanvas.js:1127 [BENCHMARK] 1654768107846,CSR
glCanvas.js:1127 [BENCHMARK] 1654768107857,CSR
glCanvas.js:1127 [BENCHMARK] 1654768107859,CSR
glCanvas.js:1127 [BENCHMARK] 1654768107870,CSR
glCanvas.js:1127 [BENCHMARK] 1654768107872,CSR
glCanvas.js:1127 [BENCHMARK] 1654768108092,CSR
glCanvas.js:1127 [BENCHMARK] 1654768108095,CSR
glCanvas.js:1127 [BENCHMARK] 1654768108105,CSR
glCanvas.js:1127 [BENCHMARK] 1654768108106,CSR
glCanvas.js:1127 [BENCHMARK] 1654768108116,CSR
glCanvas.js:1127 [BENCHMARK] 1654768108118,CSR
glCanvas.js:1127 [BENCHMARK] 1654768108129,CSR
glCanvas.js:1127 [BENCHMARK] 1654768108130,CSR
glCanvas.js:1127 [BENCHMARK] 1654768108142,CSR
glCanvas.js:1127 [BENCHMARK] 1654768108144,CSR
glCanvas.js:1127 [BENCHMARK] 1654768108155,CSR
glCanvas.js:1127 [BENCHMARK] 1654768108156,CSR
glCanvas.js:1127 [BENCHMARK] 1654768108167,CSR
glCanvas.js:1127 [BENCHMARK] 1654768108169,CSR
glCanvas.js:1127 [BENCHMARK] 1654768108181,CSR
glCanvas.js:1127 [BENCHMARK] 1654768108182,CSR
glCanvas.js:1127 [BENCHMARK] 1654768108195,CSR
glCanvas.js:1127 [BENCHMARK] 1654768108199,CSR
glCanvas.js:1127 [BENCHMARK] 1654768108207,CSR
glCanvas.js:1127 [BENCHMARK] 1654768108210,CSR
glCanvas.js:1127 [BENCHMARK] 1654768108428,CSR
glCanvas.js:1127 [BENCHMARK] 1654768108431,CSR
glCanvas.js:1127 [BENCHMARK] 1654768108442,CSR
glCanvas.js:1127 [BENCHMARK] 1654768108444,CSR
glCanvas.js:1127 [BENCHMARK] 1654768108454,CSR
glCanvas.js:1127 [BENCHMARK] 1654768108456,CSR
glCanvas.js:1127 [BENCHMARK] 1654768108466,CSR
glCanvas.js:1127 [BENCHMARK] 1654768108467,CSR
glCanvas.js:1127 [BENCHMARK] 1654768108479,CSR
glCanvas.js:1127 [BENCHMARK] 1654768108480,CSR
glCanvas.js:1127 [BENCHMARK] 1654768108492,CSR
glCanvas.js:1127 [BENCHMARK] 1654768108494,CSR
glCanvas.js:1127 [BENCHMARK] 1654768108505,CSR
glCanvas.js:1127 [BENCHMARK] 1654768108506,CSR
glCanvas.js:1127 [BENCHMARK] 1654768108518,CSR
glCanvas.js:1127 [BENCHMARK] 1654768108520,CSR
glCanvas.js:1127 [BENCHMARK] 1654768108531,CSR
glCanvas.js:1127 [BENCHMARK] 1654768108532,CSR
glCanvas.js:1127 [BENCHMARK] 1654768108544,CSR
glCanvas.js:1127 [BENCHMARK] 1654768108545,CSR
glCanvas.js:1127 [BENCHMARK] 1654768108767,CSR
glCanvas.js:1127 [BENCHMARK] 1654768108769,CSR
glCanvas.js:1127 [BENCHMARK] 1654768108779,CSR
glCanvas.js:1127 [BENCHMARK] 1654768108782,CSR
glCanvas.js:1127 [BENCHMARK] 1654768108791,CSR
glCanvas.js:1127 [BENCHMARK] 1654768108793,CSR
glCanvas.js:1127 [BENCHMARK] 1654768108804,CSR
glCanvas.js:1127 [BENCHMARK] 1654768108806,CSR
glCanvas.js:1127 [BENCHMARK] 1654768108817,CSR
glCanvas.js:1127 [BENCHMARK] 1654768108819,CSR
glCanvas.js:1127 [BENCHMARK] 1654768108830,CSR
glCanvas.js:1127 [BENCHMARK] 1654768108833,CSR
glCanvas.js:1127 [BENCHMARK] 1654768108842,CSR
glCanvas.js:1127 [BENCHMARK] 1654768108843,CSR
glCanvas.js:1127 [BENCHMARK] 1654768108855,CSR
glCanvas.js:1127 [BENCHMARK] 1654768108856,CSR
glCanvas.js:1127 [BENCHMARK] 1654768108867,CSR
glCanvas.js:1127 [BENCHMARK] 1654768108869,CSR
glCanvas.js:1127 [BENCHMARK] 1654768108881,CSR
glCanvas.js:1127 [BENCHMARK] 1654768108882,CSR
glCanvas.js:1127 [BENCHMARK] 1654768109137,CSR
glCanvas.js:1127 [BENCHMARK] 1654768110145,CSR
