glCanvas.js:1107 [BENCHMARK] 1654765061600,X
glCanvas.js:1107 [BENCHMARK] 1654765061606,X
glCanvas.js:1107 [BENCHMARK] 1654765061614,X
glCanvas.js:1127 [BENCHMARK] 1654765062134,SSR
manager.js:159 [BENCHMARK] 1654765062689,firstRender
glCanvas.js:1127 [BENCHMARK] 1654765062696,CSR
glCanvas.js:1127 [BENCHMARK] 1654765062701,CSR
glCanvas.js:1127 [BENCHMARK] 1654765062706,CSR
glCanvas.js:1127 [BENCHMARK] 1654765062710,CSR
glCanvas.js:1127 [BENCHMARK] 1654765062746,CSR
glCanvas.js:1127 [BENCHMARK] 1654765062756,CSR
glCanvas.js:1127 [BENCHMARK] 1654765062761,CSR
glCanvas.js:1127 [BENCHMARK] 1654765062774,CSR
glCanvas.js:1127 [BENCHMARK] 1654765062787,CSR
glCanvas.js:1127 [BENCHMARK] 1654765062790,CSR
glCanvas.js:1127 [BENCHMARK] 1654765062793,CSR
glCanvas.js:1127 [BENCHMARK] 1654765062797,CSR
glCanvas.js:1127 [BENCHMARK] 1654765062815,CSR
glCanvas.js:1127 [BENCHMARK] 1654765062824,CSR
glCanvas.js:1127 [BENCHMARK] 1654765062828,CSR
glCanvas.js:1127 [BENCHMARK] 1654765062845,CSR
glCanvas.js:1127 [BENCHMARK] 1654765062848,CSR
glCanvas.js:1127 [BENCHMARK] 1654765062852,CSR
glCanvas.js:1127 [BENCHMARK] 1654765062854,CSR
glCanvas.js:1127 [BENCHMARK] 1654765062858,CSR
glCanvas.js:1127 [BENCHMARK] 1654765062860,CSR
glCanvas.js:1127 [BENCHMARK] 1654765062971,CSR
glCanvas.js:1127 [BENCHMARK] 1654765063191,CSR
glCanvas.js:1127 [BENCHMARK] 1654765063335,CSR
glCanvas.js:1127 [BENCHMARK] 1654765063368,CSR
glCanvas.js:1127 [BENCHMARK] 1654765063400,CSR
glCanvas.js:1127 [BENCHMARK] 1654765063562,CSR
glCanvas.js:1127 [BENCHMARK] 1654765063616,CSR
glCanvas.js:1127 [BENCHMARK] 1654765063658,CSR
glCanvas.js:1127 [BENCHMARK] 1654765063719,CSR
glCanvas.js:1127 [BENCHMARK] 1654765064017,CSR
glCanvas.js:1127 [BENCHMARK] 1654765064021,CSR
glCanvas.js:1107 [BENCHMARK] 1654765064023,X
glCanvas.js:1107 [BENCHMARK] 1654765064029,X
glCanvas.js:1107 [BENCHMARK] 1654765064030,X
glCanvas.js:1107 [BENCHMARK] 1654765064034,X
glCanvas.js:1107 [BENCHMARK] 1654765064036,X
glCanvas.js:1107 [BENCHMARK] 1654765064333,X
glCanvas.js:1107 [BENCHMARK] 1654765064334,X
glCanvas.js:1107 [BENCHMARK] 1654765064336,X
glCanvas.js:1107 [BENCHMARK] 1654765064714,X
glCanvas.js:1107 [BENCHMARK] 1654765064741,X
glCanvas.js:1107 [BENCHMARK] 1654765064769,X
glCanvas.js:1127 [BENCHMARK] 1654765064799,SSR
glCanvas.js:1127 [BENCHMARK] 1654765064916,SSR
glCanvas.js:1127 [BENCHMARK] 1654765064952,SSR
glCanvas.js:1127 [BENCHMARK] 1654765065006,CSR
glCanvas.js:1127 [BENCHMARK] 1654765065058,CSR
glCanvas.js:1107 [BENCHMARK] 1654765065119,X
glCanvas.js:1107 [BENCHMARK] 1654765065120,X
glCanvas.js:1107 [BENCHMARK] 1654765065137,X
glCanvas.js:1107 [BENCHMARK] 1654765065138,X
glCanvas.js:1107 [BENCHMARK] 1654765065149,X
glCanvas.js:1127 [BENCHMARK] 1654765065156,CSR
glCanvas.js:1127 [BENCHMARK] 1654765065157,CSR
glCanvas.js:1127 [BENCHMARK] 1654765065170,CSR
glCanvas.js:1127 [BENCHMARK] 1654765065171,CSR
glCanvas.js:1127 [BENCHMARK] 1654765065183,CSR
glCanvas.js:1107 [BENCHMARK] 1654765065192,X
glCanvas.js:1107 [BENCHMARK] 1654765065193,X
glCanvas.js:1107 [BENCHMARK] 1654765065208,X
glCanvas.js:1107 [BENCHMARK] 1654765065209,X
glCanvas.js:1107 [BENCHMARK] 1654765065222,X
glCanvas.js:1107 [BENCHMARK] 1654765065223,X
glCanvas.js:1107 [BENCHMARK] 1654765065235,X
glCanvas.js:1107 [BENCHMARK] 1654765065235,X
glCanvas.js:1107 [BENCHMARK] 1654765065246,X
glCanvas.js:1107 [BENCHMARK] 1654765065246,X
glCanvas.js:1107 [BENCHMARK] 1654765065258,X
glCanvas.js:1107 [BENCHMARK] 1654765065259,X
glCanvas.js:1107 [BENCHMARK] 1654765065290,X
glCanvas.js:1107 [BENCHMARK] 1654765065319,X
glCanvas.js:1107 [BENCHMARK] 1654765065392,X
glCanvas.js:1107 [BENCHMARK] 1654765065475,X
glCanvas.js:1107 [BENCHMARK] 1654765065475,X
glCanvas.js:1107 [BENCHMARK] 1654765065487,X
glCanvas.js:1107 [BENCHMARK] 1654765065488,X
glCanvas.js:1107 [BENCHMARK] 1654765065503,X
glCanvas.js:1107 [BENCHMARK] 1654765065504,X
glCanvas.js:1107 [BENCHMARK] 1654765065512,X
glCanvas.js:1107 [BENCHMARK] 1654765065513,X
glCanvas.js:1107 [BENCHMARK] 1654765065533,X
glCanvas.js:1107 [BENCHMARK] 1654765065534,X
glCanvas.js:1107 [BENCHMARK] 1654765065548,X
glCanvas.js:1107 [BENCHMARK] 1654765065549,X
glCanvas.js:1107 [BENCHMARK] 1654765065551,X
glCanvas.js:1107 [BENCHMARK] 1654765065552,X
glCanvas.js:1107 [BENCHMARK] 1654765065563,X
glCanvas.js:1107 [BENCHMARK] 1654765065564,X
glCanvas.js:1107 [BENCHMARK] 1654765065575,X
glCanvas.js:1107 [BENCHMARK] 1654765065576,X
glCanvas.js:1107 [BENCHMARK] 1654765065596,X
glCanvas.js:1107 [BENCHMARK] 1654765065597,X
glCanvas.js:1107 [BENCHMARK] 1654765065601,X
glCanvas.js:1107 [BENCHMARK] 1654765065687,X
glCanvas.js:1107 [BENCHMARK] 1654765065775,X
glCanvas.js:1107 [BENCHMARK] 1654765065780,X
glCanvas.js:1107 [BENCHMARK] 1654765065806,X
glCanvas.js:1107 [BENCHMARK] 1654765065807,X
glCanvas.js:1107 [BENCHMARK] 1654765065819,X
glCanvas.js:1107 [BENCHMARK] 1654765065819,X
glCanvas.js:1107 [BENCHMARK] 1654765065823,X
glCanvas.js:1107 [BENCHMARK] 1654765065832,X
glCanvas.js:1107 [BENCHMARK] 1654765065833,X
glCanvas.js:1107 [BENCHMARK] 1654765065844,X
glCanvas.js:1107 [BENCHMARK] 1654765065845,X
glCanvas.js:1107 [BENCHMARK] 1654765065857,X
glCanvas.js:1107 [BENCHMARK] 1654765065858,X
glCanvas.js:1107 [BENCHMARK] 1654765065870,X
glCanvas.js:1107 [BENCHMARK] 1654765065871,X
glCanvas.js:1107 [BENCHMARK] 1654765065883,X
glCanvas.js:1107 [BENCHMARK] 1654765065884,X
glCanvas.js:1107 [BENCHMARK] 1654765065895,X
glCanvas.js:1107 [BENCHMARK] 1654765065896,X
glCanvas.js:1107 [BENCHMARK] 1654765065900,X
glCanvas.js:1107 [BENCHMARK] 1654765065908,X
glCanvas.js:1107 [BENCHMARK] 1654765065909,X
glCanvas.js:1107 [BENCHMARK] 1654765065921,X
glCanvas.js:1107 [BENCHMARK] 1654765065922,X
glCanvas.js:1107 [BENCHMARK] 1654765065984,X
glCanvas.js:1107 [BENCHMARK] 1654765066138,X
glCanvas.js:1107 [BENCHMARK] 1654765066139,X
glCanvas.js:1107 [BENCHMARK] 1654765066143,X
glCanvas.js:1107 [BENCHMARK] 1654765066144,X
glCanvas.js:1107 [BENCHMARK] 1654765066149,X
glCanvas.js:1107 [BENCHMARK] 1654765066150,X
glCanvas.js:1107 [BENCHMARK] 1654765066157,X
glCanvas.js:1107 [BENCHMARK] 1654765066157,X
glCanvas.js:1107 [BENCHMARK] 1654765066160,X
glCanvas.js:1107 [BENCHMARK] 1654765066161,X
glCanvas.js:1107 [BENCHMARK] 1654765066166,X
glCanvas.js:1107 [BENCHMARK] 1654765066167,X
glCanvas.js:1107 [BENCHMARK] 1654765066173,X
glCanvas.js:1107 [BENCHMARK] 1654765066173,X
glCanvas.js:1107 [BENCHMARK] 1654765066182,X
glCanvas.js:1107 [BENCHMARK] 1654765066182,X
glCanvas.js:1107 [BENCHMARK] 1654765066187,X
glCanvas.js:1107 [BENCHMARK] 1654765066188,X
glCanvas.js:1107 [BENCHMARK] 1654765066193,X
glCanvas.js:1107 [BENCHMARK] 1654765066194,X
glCanvas.js:1107 [BENCHMARK] 1654765066340,X
glCanvas.js:1107 [BENCHMARK] 1654765066403,X
glCanvas.js:1107 [BENCHMARK] 1654765066403,X
glCanvas.js:1107 [BENCHMARK] 1654765066409,X
glCanvas.js:1107 [BENCHMARK] 1654765066410,X
glCanvas.js:1107 [BENCHMARK] 1654765066414,X
glCanvas.js:1107 [BENCHMARK] 1654765066415,X
glCanvas.js:1107 [BENCHMARK] 1654765066420,X
glCanvas.js:1107 [BENCHMARK] 1654765066421,X
glCanvas.js:1107 [BENCHMARK] 1654765066425,X
glCanvas.js:1107 [BENCHMARK] 1654765066427,X
glCanvas.js:1107 [BENCHMARK] 1654765066431,X
glCanvas.js:1107 [BENCHMARK] 1654765066432,X
glCanvas.js:1107 [BENCHMARK] 1654765066438,X
glCanvas.js:1107 [BENCHMARK] 1654765066439,X
glCanvas.js:1107 [BENCHMARK] 1654765066443,X
glCanvas.js:1107 [BENCHMARK] 1654765066445,X
glCanvas.js:1107 [BENCHMARK] 1654765066449,X
glCanvas.js:1107 [BENCHMARK] 1654765066450,X
glCanvas.js:1107 [BENCHMARK] 1654765066454,X
glCanvas.js:1107 [BENCHMARK] 1654765066456,X
glCanvas.js:1107 [BENCHMARK] 1654765066494,X
glCanvas.js:1107 [BENCHMARK] 1654765066572,X
glCanvas.js:1107 [BENCHMARK] 1654765066681,X
glCanvas.js:1107 [BENCHMARK] 1654765066893,X
glCanvas.js:1107 [BENCHMARK] 1654765066945,X
glCanvas.js:1107 [BENCHMARK] 1654765066999,X
glCanvas.js:1107 [BENCHMARK] 1654765067151,X
glCanvas.js:1107 [BENCHMARK] 1654765067198,X
glCanvas.js:1107 [BENCHMARK] 1654765067236,X
glCanvas.js:1107 [BENCHMARK] 1654765067267,X
glCanvas.js:1107 [BENCHMARK] 1654765067302,X
glCanvas.js:1107 [BENCHMARK] 1654765067336,X
glCanvas.js:1107 [BENCHMARK] 1654765067369,X
glCanvas.js:1107 [BENCHMARK] 1654765067403,X
glCanvas.js:1107 [BENCHMARK] 1654765067440,X
glCanvas.js:1107 [BENCHMARK] 1654765067466,X
glCanvas.js:1107 [BENCHMARK] 1654765067520,X
glCanvas.js:1107 [BENCHMARK] 1654765067553,X
glCanvas.js:1107 [BENCHMARK] 1654765067566,X
glCanvas.js:1107 [BENCHMARK] 1654765067568,X
glCanvas.js:1107 [BENCHMARK] 1654765067589,X
glCanvas.js:1107 [BENCHMARK] 1654765067736,X
glCanvas.js:1107 [BENCHMARK] 1654765067794,X
glCanvas.js:1107 [BENCHMARK] 1654765067850,X
glCanvas.js:1107 [BENCHMARK] 1654765067885,X
glCanvas.js:1107 [BENCHMARK] 1654765067942,X
glCanvas.js:1107 [BENCHMARK] 1654765068001,X
glCanvas.js:1107 [BENCHMARK] 1654765068042,X
glCanvas.js:1107 [BENCHMARK] 1654765068090,X
glCanvas.js:1107 [BENCHMARK] 1654765068137,X
glCanvas.js:1107 [BENCHMARK] 1654765068390,X
glCanvas.js:1107 [BENCHMARK] 1654765068426,X
glCanvas.js:1107 [BENCHMARK] 1654765068462,X
glCanvas.js:1107 [BENCHMARK] 1654765068496,X
glCanvas.js:1107 [BENCHMARK] 1654765068530,X
glCanvas.js:1107 [BENCHMARK] 1654765068598,X
glCanvas.js:1107 [BENCHMARK] 1654765068672,X
glCanvas.js:1107 [BENCHMARK] 1654765068674,X
glCanvas.js:1107 [BENCHMARK] 1654765068685,X
glCanvas.js:1107 [BENCHMARK] 1654765068686,X
glCanvas.js:1107 [BENCHMARK] 1654765068698,X
glCanvas.js:1107 [BENCHMARK] 1654765068699,X
glCanvas.js:1107 [BENCHMARK] 1654765068710,X
glCanvas.js:1107 [BENCHMARK] 1654765068711,X
glCanvas.js:1107 [BENCHMARK] 1654765068723,X
glCanvas.js:1107 [BENCHMARK] 1654765068724,X
glCanvas.js:1107 [BENCHMARK] 1654765068736,X
glCanvas.js:1107 [BENCHMARK] 1654765068737,X
glCanvas.js:1107 [BENCHMARK] 1654765068749,X
glCanvas.js:1107 [BENCHMARK] 1654765068750,X
glCanvas.js:1107 [BENCHMARK] 1654765068755,X
glCanvas.js:1107 [BENCHMARK] 1654765068762,X
glCanvas.js:1107 [BENCHMARK] 1654765068763,X
glCanvas.js:1107 [BENCHMARK] 1654765068774,X
glCanvas.js:1107 [BENCHMARK] 1654765068776,X
glCanvas.js:1107 [BENCHMARK] 1654765068787,X
glCanvas.js:1107 [BENCHMARK] 1654765068789,X
glCanvas.js:1107 [BENCHMARK] 1654765068798,X
glCanvas.js:1107 [BENCHMARK] 1654765068836,X
glCanvas.js:1107 [BENCHMARK] 1654765068976,X
glCanvas.js:1107 [BENCHMARK] 1654765069004,X
glCanvas.js:1107 [BENCHMARK] 1654765069005,X
glCanvas.js:1107 [BENCHMARK] 1654765069009,X
glCanvas.js:1107 [BENCHMARK] 1654765069011,X
glCanvas.js:1107 [BENCHMARK] 1654765069014,X
glCanvas.js:1107 [BENCHMARK] 1654765069016,X
glCanvas.js:1107 [BENCHMARK] 1654765069017,X
glCanvas.js:1107 [BENCHMARK] 1654765069021,X
glCanvas.js:1107 [BENCHMARK] 1654765069022,X
glCanvas.js:1107 [BENCHMARK] 1654765069026,X
glCanvas.js:1107 [BENCHMARK] 1654765069027,X
glCanvas.js:1107 [BENCHMARK] 1654765069032,X
glCanvas.js:1107 [BENCHMARK] 1654765069033,X
glCanvas.js:1107 [BENCHMARK] 1654765069038,X
glCanvas.js:1107 [BENCHMARK] 1654765069040,X
glCanvas.js:1107 [BENCHMARK] 1654765069043,X
glCanvas.js:1107 [BENCHMARK] 1654765069044,X
glCanvas.js:1107 [BENCHMARK] 1654765069053,X
glCanvas.js:1107 [BENCHMARK] 1654765069054,X
glCanvas.js:1107 [BENCHMARK] 1654765069055,X
glCanvas.js:1107 [BENCHMARK] 1654765069056,X
glCanvas.js:1107 [BENCHMARK] 1654765069104,X
glCanvas.js:1107 [BENCHMARK] 1654765069138,X
glCanvas.js:1107 [BENCHMARK] 1654765069172,X
glCanvas.js:1107 [BENCHMARK] 1654765069205,X
glCanvas.js:1107 [BENCHMARK] 1654765069237,X
glCanvas.js:1107 [BENCHMARK] 1654765069271,X
glCanvas.js:1107 [BENCHMARK] 1654765069499,X
glCanvas.js:1107 [BENCHMARK] 1654765069525,X
glCanvas.js:1107 [BENCHMARK] 1654765069643,X
glCanvas.js:1107 [BENCHMARK] 1654765069741,X
glCanvas.js:1107 [BENCHMARK] 1654765069764,X
glCanvas.js:1107 [BENCHMARK] 1654765069839,X
glCanvas.js:1107 [BENCHMARK] 1654765070061,X
glCanvas.js:1107 [BENCHMARK] 1654765070065,X
glCanvas.js:1107 [BENCHMARK] 1654765070072,X
glCanvas.js:1107 [BENCHMARK] 1654765070077,X
glCanvas.js:1107 [BENCHMARK] 1654765070082,X
glCanvas.js:1107 [BENCHMARK] 1654765070087,X
glCanvas.js:1107 [BENCHMARK] 1654765070089,X
glCanvas.js:1107 [BENCHMARK] 1654765070093,X
glCanvas.js:1107 [BENCHMARK] 1654765070103,X
glCanvas.js:1107 [BENCHMARK] 1654765070105,X
glCanvas.js:1107 [BENCHMARK] 1654765070110,X
glCanvas.js:1107 [BENCHMARK] 1654765070111,X
glCanvas.js:1107 [BENCHMARK] 1654765070115,X
glCanvas.js:1107 [BENCHMARK] 1654765070121,X
glCanvas.js:1107 [BENCHMARK] 1654765070127,X
glCanvas.js:1107 [BENCHMARK] 1654765070132,X
glCanvas.js:1107 [BENCHMARK] 1654765070143,X
glCanvas.js:1107 [BENCHMARK] 1654765070346,X
glCanvas.js:1107 [BENCHMARK] 1654765070352,X
glCanvas.js:1107 [BENCHMARK] 1654765070357,X
glCanvas.js:1107 [BENCHMARK] 1654765070363,X
glCanvas.js:1107 [BENCHMARK] 1654765070368,X
glCanvas.js:1107 [BENCHMARK] 1654765070376,X
glCanvas.js:1107 [BENCHMARK] 1654765070379,X
glCanvas.js:1107 [BENCHMARK] 1654765070385,X
glCanvas.js:1107 [BENCHMARK] 1654765070390,X
glCanvas.js:1107 [BENCHMARK] 1654765070396,X
glCanvas.js:1107 [BENCHMARK] 1654765070401,X
glCanvas.js:1107 [BENCHMARK] 1654765070410,X
glCanvas.js:1107 [BENCHMARK] 1654765070412,X
glCanvas.js:1107 [BENCHMARK] 1654765070626,X
glCanvas.js:1107 [BENCHMARK] 1654765070640,X
glCanvas.js:1107 [BENCHMARK] 1654765070654,X
glCanvas.js:1107 [BENCHMARK] 1654765070666,X
glCanvas.js:1107 [BENCHMARK] 1654765070678,X
glCanvas.js:1107 [BENCHMARK] 1654765070691,X
glCanvas.js:1107 [BENCHMARK] 1654765070704,X
glCanvas.js:1107 [BENCHMARK] 1654765070716,X
glCanvas.js:1107 [BENCHMARK] 1654765070730,X
glCanvas.js:1107 [BENCHMARK] 1654765070743,X
glCanvas.js:1107 [BENCHMARK] 1654765070847,X
glCanvas.js:1107 [BENCHMARK] 1654765070944,X
glCanvas.js:1107 [BENCHMARK] 1654765070959,X
glCanvas.js:1107 [BENCHMARK] 1654765070972,X
glCanvas.js:1107 [BENCHMARK] 1654765070985,X
glCanvas.js:1107 [BENCHMARK] 1654765070998,X
glCanvas.js:1107 [BENCHMARK] 1654765071010,X
glCanvas.js:1107 [BENCHMARK] 1654765071013,X
glCanvas.js:1107 [BENCHMARK] 1654765071023,X
glCanvas.js:1107 [BENCHMARK] 1654765071036,X
glCanvas.js:1107 [BENCHMARK] 1654765071049,X
glCanvas.js:1107 [BENCHMARK] 1654765071061,X
glCanvas.js:1107 [BENCHMARK] 1654765071068,X
glCanvas.js:1107 [BENCHMARK] 1654765071074,X
glCanvas.js:1107 [BENCHMARK] 1654765071090,X
glCanvas.js:1107 [BENCHMARK] 1654765071111,X
glCanvas.js:1107 [BENCHMARK] 1654765071136,X
glCanvas.js:1107 [BENCHMARK] 1654765071159,X
glCanvas.js:1107 [BENCHMARK] 1654765071181,X
glCanvas.js:1107 [BENCHMARK] 1654765071232,X
glCanvas.js:1107 [BENCHMARK] 1654765071392,X
glCanvas.js:1107 [BENCHMARK] 1654765071424,X
glCanvas.js:1107 [BENCHMARK] 1654765071450,X
glCanvas.js:1107 [BENCHMARK] 1654765071481,X
glCanvas.js:1107 [BENCHMARK] 1654765071551,X
glCanvas.js:1107 [BENCHMARK] 1654765071627,X
glCanvas.js:1127 [BENCHMARK] 1654765071679,CSR
glCanvas.js:1127 [BENCHMARK] 1654765071702,CSR
glCanvas.js:1127 [BENCHMARK] 1654765071791,CSR
glCanvas.js:1127 [BENCHMARK] 1654765071879,CSR
glCanvas.js:1127 [BENCHMARK] 1654765071978,CSR
glCanvas.js:1127 [BENCHMARK] 1654765072002,CSR
glCanvas.js:1127 [BENCHMARK] 1654765072098,CSR
glCanvas.js:1127 [BENCHMARK] 1654765072179,CSR
glCanvas.js:1127 [BENCHMARK] 1654765072193,CSR
glCanvas.js:1127 [BENCHMARK] 1654765072195,CSR
glCanvas.js:1127 [BENCHMARK] 1654765072221,CSR
glCanvas.js:1127 [BENCHMARK] 1654765072244,CSR
glCanvas.js:1127 [BENCHMARK] 1654765072268,CSR
glCanvas.js:1127 [BENCHMARK] 1654765072305,CSR
glCanvas.js:1127 [BENCHMARK] 1654765072333,CSR
glCanvas.js:1127 [BENCHMARK] 1654765072468,CSR
glCanvas.js:1127 [BENCHMARK] 1654765072587,CSR
glCanvas.js:1127 [BENCHMARK] 1654765072633,CSR
glCanvas.js:1127 [BENCHMARK] 1654765072697,CSR
glCanvas.js:1127 [BENCHMARK] 1654765072718,CSR
glCanvas.js:1127 [BENCHMARK] 1654765072898,CSR
glCanvas.js:1127 [BENCHMARK] 1654765072959,CSR
glCanvas.js:1127 [BENCHMARK] 1654765072981,CSR
glCanvas.js:1127 [BENCHMARK] 1654765073300,CSR
glCanvas.js:1127 [BENCHMARK] 1654765073302,CSR
glCanvas.js:1127 [BENCHMARK] 1654765073306,CSR
glCanvas.js:1127 [BENCHMARK] 1654765073308,CSR
glCanvas.js:1127 [BENCHMARK] 1654765073312,CSR
glCanvas.js:1127 [BENCHMARK] 1654765073313,CSR
glCanvas.js:1127 [BENCHMARK] 1654765073317,CSR
glCanvas.js:1127 [BENCHMARK] 1654765073318,CSR
glCanvas.js:1127 [BENCHMARK] 1654765073322,CSR
glCanvas.js:1127 [BENCHMARK] 1654765073323,CSR
glCanvas.js:1127 [BENCHMARK] 1654765073349,CSR
glCanvas.js:1127 [BENCHMARK] 1654765073350,CSR
glCanvas.js:1127 [BENCHMARK] 1654765073351,CSR
glCanvas.js:1127 [BENCHMARK] 1654765073351,CSR
glCanvas.js:1127 [BENCHMARK] 1654765073352,CSR
glCanvas.js:1127 [BENCHMARK] 1654765073353,CSR
glCanvas.js:1127 [BENCHMARK] 1654765073353,CSR
glCanvas.js:1127 [BENCHMARK] 1654765073354,CSR
glCanvas.js:1127 [BENCHMARK] 1654765073355,CSR
glCanvas.js:1127 [BENCHMARK] 1654765073356,CSR
glCanvas.js:1127 [BENCHMARK] 1654765073363,CSR
glCanvas.js:1127 [BENCHMARK] 1654765073376,CSR
glCanvas.js:1127 [BENCHMARK] 1654765073397,CSR
glCanvas.js:1127 [BENCHMARK] 1654765073498,CSR
glCanvas.js:1127 [BENCHMARK] 1654765073521,CSR
glCanvas.js:1127 [BENCHMARK] 1654765073543,CSR
glCanvas.js:1127 [BENCHMARK] 1654765073558,CSR
glCanvas.js:1127 [BENCHMARK] 1654765073559,CSR
glCanvas.js:1127 [BENCHMARK] 1654765073563,CSR
glCanvas.js:1127 [BENCHMARK] 1654765073564,CSR
glCanvas.js:1127 [BENCHMARK] 1654765073569,CSR
glCanvas.js:1127 [BENCHMARK] 1654765073570,CSR
glCanvas.js:1127 [BENCHMARK] 1654765073593,CSR
glCanvas.js:1127 [BENCHMARK] 1654765073594,CSR
glCanvas.js:1127 [BENCHMARK] 1654765073595,CSR
glCanvas.js:1127 [BENCHMARK] 1654765073596,CSR
glCanvas.js:1127 [BENCHMARK] 1654765073597,CSR
glCanvas.js:1127 [BENCHMARK] 1654765073598,CSR
glCanvas.js:1127 [BENCHMARK] 1654765073598,CSR
glCanvas.js:1127 [BENCHMARK] 1654765073599,CSR
glCanvas.js:1127 [BENCHMARK] 1654765073600,CSR
glCanvas.js:1127 [BENCHMARK] 1654765073601,CSR
glCanvas.js:1127 [BENCHMARK] 1654765073604,CSR
glCanvas.js:1127 [BENCHMARK] 1654765073605,CSR
glCanvas.js:1127 [BENCHMARK] 1654765073646,CSR
glCanvas.js:1127 [BENCHMARK] 1654765073649,CSR
glCanvas.js:1127 [BENCHMARK] 1654765073672,CSR
glCanvas.js:1127 [BENCHMARK] 1654765073695,CSR
glCanvas.js:1127 [BENCHMARK] 1654765073744,CSR
glCanvas.js:1127 [BENCHMARK] 1654765073792,CSR
glCanvas.js:1127 [BENCHMARK] 1654765073818,CSR
glCanvas.js:1127 [BENCHMARK] 1654765073819,CSR
glCanvas.js:1127 [BENCHMARK] 1654765073825,CSR
glCanvas.js:1127 [BENCHMARK] 1654765073826,CSR
glCanvas.js:1127 [BENCHMARK] 1654765073829,CSR
glCanvas.js:1127 [BENCHMARK] 1654765073830,CSR
glCanvas.js:1127 [BENCHMARK] 1654765073835,CSR
glCanvas.js:1127 [BENCHMARK] 1654765073835,CSR
glCanvas.js:1127 [BENCHMARK] 1654765073840,CSR
glCanvas.js:1127 [BENCHMARK] 1654765073841,CSR
glCanvas.js:1127 [BENCHMARK] 1654765073863,CSR
glCanvas.js:1127 [BENCHMARK] 1654765073864,CSR
glCanvas.js:1127 [BENCHMARK] 1654765073865,CSR
glCanvas.js:1127 [BENCHMARK] 1654765073866,CSR
glCanvas.js:1107 [BENCHMARK] 1654765073867,X
glCanvas.js:1107 [BENCHMARK] 1654765073867,X
glCanvas.js:1107 [BENCHMARK] 1654765073868,X
glCanvas.js:1107 [BENCHMARK] 1654765073869,X
glCanvas.js:1107 [BENCHMARK] 1654765073870,X
glCanvas.js:1107 [BENCHMARK] 1654765073871,X
glCanvas.js:1107 [BENCHMARK] 1654765073873,X
glCanvas.js:1107 [BENCHMARK] 1654765074082,X
glCanvas.js:1107 [BENCHMARK] 1654765074084,X
glCanvas.js:1107 [BENCHMARK] 1654765074087,X
glCanvas.js:1107 [BENCHMARK] 1654765074088,X
glCanvas.js:1107 [BENCHMARK] 1654765074093,X
glCanvas.js:1107 [BENCHMARK] 1654765074094,X
glCanvas.js:1107 [BENCHMARK] 1654765074099,X
glCanvas.js:1107 [BENCHMARK] 1654765074099,X
glCanvas.js:1107 [BENCHMARK] 1654765074104,X
glCanvas.js:1107 [BENCHMARK] 1654765074105,X
glCanvas.js:1107 [BENCHMARK] 1654765074109,X
glCanvas.js:1107 [BENCHMARK] 1654765074110,X
glCanvas.js:1107 [BENCHMARK] 1654765074115,X
glCanvas.js:1107 [BENCHMARK] 1654765074116,X
glCanvas.js:1107 [BENCHMARK] 1654765074121,X
glCanvas.js:1107 [BENCHMARK] 1654765074122,X
glCanvas.js:1107 [BENCHMARK] 1654765074126,X
glCanvas.js:1107 [BENCHMARK] 1654765074126,X
glCanvas.js:1107 [BENCHMARK] 1654765074131,X
glCanvas.js:1107 [BENCHMARK] 1654765074132,X
glCanvas.js:1107 [BENCHMARK] 1654765074137,X
glCanvas.js:1107 [BENCHMARK] 1654765074138,X
glCanvas.js:1107 [BENCHMARK] 1654765074142,X
glCanvas.js:1107 [BENCHMARK] 1654765074143,X
glCanvas.js:1107 [BENCHMARK] 1654765074279,X
glCanvas.js:1107 [BENCHMARK] 1654765074301,X
glCanvas.js:1107 [BENCHMARK] 1654765074355,X
glCanvas.js:1107 [BENCHMARK] 1654765074357,X
glCanvas.js:1107 [BENCHMARK] 1654765074362,X
glCanvas.js:1107 [BENCHMARK] 1654765074364,X
glCanvas.js:1107 [BENCHMARK] 1654765074366,X
glCanvas.js:1107 [BENCHMARK] 1654765074368,X
glCanvas.js:1107 [BENCHMARK] 1654765074372,X
glCanvas.js:1107 [BENCHMARK] 1654765074373,X
glCanvas.js:1107 [BENCHMARK] 1654765074377,X
glCanvas.js:1107 [BENCHMARK] 1654765074378,X
glCanvas.js:1107 [BENCHMARK] 1654765074383,X
glCanvas.js:1107 [BENCHMARK] 1654765074383,X
glCanvas.js:1107 [BENCHMARK] 1654765074388,X
glCanvas.js:1107 [BENCHMARK] 1654765074389,X
glCanvas.js:1107 [BENCHMARK] 1654765074394,X
glCanvas.js:1107 [BENCHMARK] 1654765074394,X
glCanvas.js:1107 [BENCHMARK] 1654765074399,X
glCanvas.js:1107 [BENCHMARK] 1654765074400,X
glCanvas.js:1107 [BENCHMARK] 1654765074405,X
glCanvas.js:1107 [BENCHMARK] 1654765074405,X
glCanvas.js:1107 [BENCHMARK] 1654765074410,X
glCanvas.js:1107 [BENCHMARK] 1654765074411,X
glCanvas.js:1107 [BENCHMARK] 1654765074416,X
glCanvas.js:1107 [BENCHMARK] 1654765074417,X
glCanvas.js:1107 [BENCHMARK] 1654765074426,X
glCanvas.js:1107 [BENCHMARK] 1654765074507,X
glCanvas.js:1107 [BENCHMARK] 1654765074526,X
glCanvas.js:1107 [BENCHMARK] 1654765074527,X
glCanvas.js:1107 [BENCHMARK] 1654765074530,X
glCanvas.js:1107 [BENCHMARK] 1654765074581,X
glCanvas.js:1107 [BENCHMARK] 1654765074603,X
glCanvas.js:1107 [BENCHMARK] 1654765074720,X
glCanvas.js:1107 [BENCHMARK] 1654765074963,X
glCanvas.js:1107 [BENCHMARK] 1654765075035,X
glCanvas.js:1107 [BENCHMARK] 1654765075116,X
glCanvas.js:1107 [BENCHMARK] 1654765075188,X
glCanvas.js:1107 [BENCHMARK] 1654765075207,X
glCanvas.js:1107 [BENCHMARK] 1654765075328,X
glCanvas.js:1107 [BENCHMARK] 1654765075632,X
glCanvas.js:1107 [BENCHMARK] 1654765075640,X
glCanvas.js:1107 [BENCHMARK] 1654765075645,X
glCanvas.js:1107 [BENCHMARK] 1654765075650,X
glCanvas.js:1107 [BENCHMARK] 1654765075655,X
glCanvas.js:1107 [BENCHMARK] 1654765075661,X
glCanvas.js:1107 [BENCHMARK] 1654765075667,X
glCanvas.js:1107 [BENCHMARK] 1654765075672,X
glCanvas.js:1107 [BENCHMARK] 1654765075674,X
glCanvas.js:1107 [BENCHMARK] 1654765075678,X
glCanvas.js:1107 [BENCHMARK] 1654765075683,X
glCanvas.js:1107 [BENCHMARK] 1654765075895,X
glCanvas.js:1107 [BENCHMARK] 1654765075901,X
glCanvas.js:1107 [BENCHMARK] 1654765075907,X
glCanvas.js:1107 [BENCHMARK] 1654765075912,X
glCanvas.js:1107 [BENCHMARK] 1654765075918,X
glCanvas.js:1107 [BENCHMARK] 1654765075923,X
glCanvas.js:1107 [BENCHMARK] 1654765075929,X
glCanvas.js:1107 [BENCHMARK] 1654765075934,X
glCanvas.js:1107 [BENCHMARK] 1654765075940,X
glCanvas.js:1107 [BENCHMARK] 1654765075945,X
glCanvas.js:1107 [BENCHMARK] 1654765076158,X
glCanvas.js:1107 [BENCHMARK] 1654765076163,X
glCanvas.js:1107 [BENCHMARK] 1654765076168,X
glCanvas.js:1107 [BENCHMARK] 1654765076174,X
glCanvas.js:1107 [BENCHMARK] 1654765076179,X
glCanvas.js:1107 [BENCHMARK] 1654765076185,X
glCanvas.js:1107 [BENCHMARK] 1654765076191,X
glCanvas.js:1107 [BENCHMARK] 1654765076196,X
glCanvas.js:1107 [BENCHMARK] 1654765076201,X
glCanvas.js:1107 [BENCHMARK] 1654765076204,X
glCanvas.js:1107 [BENCHMARK] 1654765076207,X
glCanvas.js:1107 [BENCHMARK] 1654765076222,X
glCanvas.js:1107 [BENCHMARK] 1654765076257,X
glCanvas.js:1107 [BENCHMARK] 1654765076291,X
glCanvas.js:1107 [BENCHMARK] 1654765076312,X
glCanvas.js:1107 [BENCHMARK] 1654765076346,X
glCanvas.js:1107 [BENCHMARK] 1654765076392,X
glCanvas.js:1107 [BENCHMARK] 1654765076411,X
glCanvas.js:1107 [BENCHMARK] 1654765076638,X
glCanvas.js:1107 [BENCHMARK] 1654765076675,X
glCanvas.js:1107 [BENCHMARK] 1654765076710,X
glCanvas.js:1107 [BENCHMARK] 1654765077221,X
glCanvas.js:1107 [BENCHMARK] 1654765077222,X
glCanvas.js:1107 [BENCHMARK] 1654765077234,X
glCanvas.js:1107 [BENCHMARK] 1654765077236,X
glCanvas.js:1107 [BENCHMARK] 1654765077246,X
glCanvas.js:1107 [BENCHMARK] 1654765077247,X
glCanvas.js:1107 [BENCHMARK] 1654765077258,X
glCanvas.js:1107 [BENCHMARK] 1654765077259,X
glCanvas.js:1107 [BENCHMARK] 1654765077271,X
glCanvas.js:1107 [BENCHMARK] 1654765077272,X
glCanvas.js:1107 [BENCHMARK] 1654765077284,X
glCanvas.js:1107 [BENCHMARK] 1654765077285,X
glCanvas.js:1107 [BENCHMARK] 1654765077296,X
glCanvas.js:1107 [BENCHMARK] 1654765077297,X
glCanvas.js:1107 [BENCHMARK] 1654765077309,X
glCanvas.js:1107 [BENCHMARK] 1654765077309,X
glCanvas.js:1107 [BENCHMARK] 1654765077313,X
glCanvas.js:1107 [BENCHMARK] 1654765077321,X
glCanvas.js:1107 [BENCHMARK] 1654765077322,X
glCanvas.js:1107 [BENCHMARK] 1654765077334,X
glCanvas.js:1107 [BENCHMARK] 1654765077335,X
glCanvas.js:1107 [BENCHMARK] 1654765077349,X
glCanvas.js:1107 [BENCHMARK] 1654765077388,X
glCanvas.js:1107 [BENCHMARK] 1654765077442,X
glCanvas.js:1107 [BENCHMARK] 1654765077498,X
glCanvas.js:1107 [BENCHMARK] 1654765077550,X
glCanvas.js:1107 [BENCHMARK] 1654765077551,X
glCanvas.js:1107 [BENCHMARK] 1654765077562,X
glCanvas.js:1107 [BENCHMARK] 1654765077564,X
glCanvas.js:1107 [BENCHMARK] 1654765077572,X
glCanvas.js:1107 [BENCHMARK] 1654765077575,X
glCanvas.js:1107 [BENCHMARK] 1654765077576,X
glCanvas.js:1107 [BENCHMARK] 1654765077618,X
glCanvas.js:1107 [BENCHMARK] 1654765077619,X
glCanvas.js:1107 [BENCHMARK] 1654765077621,X
glCanvas.js:1107 [BENCHMARK] 1654765077622,X
glCanvas.js:1107 [BENCHMARK] 1654765077623,X
glCanvas.js:1107 [BENCHMARK] 1654765077623,X
glCanvas.js:1107 [BENCHMARK] 1654765077627,X
glCanvas.js:1107 [BENCHMARK] 1654765077628,X
glCanvas.js:1107 [BENCHMARK] 1654765077631,X
glCanvas.js:1107 [BENCHMARK] 1654765077640,X
glCanvas.js:1107 [BENCHMARK] 1654765077641,X
glCanvas.js:1107 [BENCHMARK] 1654765077667,X
glCanvas.js:1107 [BENCHMARK] 1654765077668,X
glCanvas.js:1107 [BENCHMARK] 1654765077669,X
glCanvas.js:1107 [BENCHMARK] 1654765077670,X
glCanvas.js:1107 [BENCHMARK] 1654765077677,X
glCanvas.js:1107 [BENCHMARK] 1654765077709,X
glCanvas.js:1107 [BENCHMARK] 1654765077871,X
glCanvas.js:1107 [BENCHMARK] 1654765077880,X
glCanvas.js:1107 [BENCHMARK] 1654765077880,X
glCanvas.js:1107 [BENCHMARK] 1654765077892,X
glCanvas.js:1107 [BENCHMARK] 1654765077893,X
glCanvas.js:1107 [BENCHMARK] 1654765077905,X
glCanvas.js:1107 [BENCHMARK] 1654765077906,X
glCanvas.js:1107 [BENCHMARK] 1654765077918,X
glCanvas.js:1107 [BENCHMARK] 1654765077919,X
glCanvas.js:1107 [BENCHMARK] 1654765077931,X
glCanvas.js:1107 [BENCHMARK] 1654765077932,X
glCanvas.js:1107 [BENCHMARK] 1654765077943,X
glCanvas.js:1107 [BENCHMARK] 1654765077944,X
glCanvas.js:1107 [BENCHMARK] 1654765077956,X
glCanvas.js:1107 [BENCHMARK] 1654765077957,X
glCanvas.js:1107 [BENCHMARK] 1654765077969,X
glCanvas.js:1107 [BENCHMARK] 1654765077970,X
glCanvas.js:1107 [BENCHMARK] 1654765077982,X
glCanvas.js:1107 [BENCHMARK] 1654765077983,X
glCanvas.js:1107 [BENCHMARK] 1654765077995,X
glCanvas.js:1107 [BENCHMARK] 1654765077996,X
glCanvas.js:1107 [BENCHMARK] 1654765078077,X
glCanvas.js:1107 [BENCHMARK] 1654765078106,X
glCanvas.js:1107 [BENCHMARK] 1654765078135,X
glCanvas.js:1107 [BENCHMARK] 1654765078167,X
glCanvas.js:1107 [BENCHMARK] 1654765078200,X
glCanvas.js:1107 [BENCHMARK] 1654765078211,X
glCanvas.js:1107 [BENCHMARK] 1654765078212,X
glCanvas.js:1107 [BENCHMARK] 1654765078224,X
glCanvas.js:1107 [BENCHMARK] 1654765078225,X
glCanvas.js:1107 [BENCHMARK] 1654765078236,X
glCanvas.js:1107 [BENCHMARK] 1654765078237,X
glCanvas.js:1107 [BENCHMARK] 1654765078249,X
glCanvas.js:1107 [BENCHMARK] 1654765078250,X
glCanvas.js:1107 [BENCHMARK] 1654765078262,X
glCanvas.js:1107 [BENCHMARK] 1654765078262,X
glCanvas.js:1107 [BENCHMARK] 1654765078274,X
glCanvas.js:1107 [BENCHMARK] 1654765078275,X
glCanvas.js:1107 [BENCHMARK] 1654765078287,X
glCanvas.js:1107 [BENCHMARK] 1654765078287,X
glCanvas.js:1107 [BENCHMARK] 1654765078299,X
glCanvas.js:1107 [BENCHMARK] 1654765078300,X
glCanvas.js:1107 [BENCHMARK] 1654765078312,X
glCanvas.js:1107 [BENCHMARK] 1654765078313,X
glCanvas.js:1107 [BENCHMARK] 1654765078325,X
glCanvas.js:1107 [BENCHMARK] 1654765078325,X
glCanvas.js:1107 [BENCHMARK] 1654765078495,X
glCanvas.js:1107 [BENCHMARK] 1654765078593,X
glCanvas.js:1107 [BENCHMARK] 1654765078623,X
glCanvas.js:1107 [BENCHMARK] 1654765078652,X
glCanvas.js:1107 [BENCHMARK] 1654765078682,X
glCanvas.js:1107 [BENCHMARK] 1654765078723,X
glCanvas.js:1107 [BENCHMARK] 1654765078744,X
glCanvas.js:1107 [BENCHMARK] 1654765078834,X
glCanvas.js:1107 [BENCHMARK] 1654765078891,X
glCanvas.js:1107 [BENCHMARK] 1654765078989,X
glCanvas.js:1107 [BENCHMARK] 1654765079098,X
glCanvas.js:1107 [BENCHMARK] 1654765079127,X
glCanvas.js:1107 [BENCHMARK] 1654765079255,X
glCanvas.js:1107 [BENCHMARK] 1654765079316,X
glCanvas.js:1107 [BENCHMARK] 1654765079360,X
glCanvas.js:1107 [BENCHMARK] 1654765079393,X
glCanvas.js:1107 [BENCHMARK] 1654765079428,X
glCanvas.js:1107 [BENCHMARK] 1654765079520,X
glCanvas.js:1107 [BENCHMARK] 1654765079552,X
glCanvas.js:1107 [BENCHMARK] 1654765079573,X
glCanvas.js:1107 [BENCHMARK] 1654765079679,X
glCanvas.js:1107 [BENCHMARK] 1654765079698,X
glCanvas.js:1127 [BENCHMARK] 1654765079961,CSR
glCanvas.js:1127 [BENCHMARK] 1654765080071,CSR
glCanvas.js:1127 [BENCHMARK] 1654765080175,CSR
glCanvas.js:1127 [BENCHMARK] 1654765080227,CSR
glCanvas.js:1127 [BENCHMARK] 1654765080267,CSR
glCanvas.js:1127 [BENCHMARK] 1654765080302,CSR
glCanvas.js:1127 [BENCHMARK] 1654765080325,CSR
glCanvas.js:1127 [BENCHMARK] 1654765080546,CSR
glCanvas.js:1127 [BENCHMARK] 1654765080612,CSR
glCanvas.js:1127 [BENCHMARK] 1654765080646,CSR
glCanvas.js:1127 [BENCHMARK] 1654765080676,CSR
glCanvas.js:1127 [BENCHMARK] 1654765080698,CSR
glCanvas.js:1127 [BENCHMARK] 1654765080730,CSR
glCanvas.js:1127 [BENCHMARK] 1654765080751,CSR
glCanvas.js:1127 [BENCHMARK] 1654765080773,CSR
glCanvas.js:1127 [BENCHMARK] 1654765080904,CSR
glCanvas.js:1127 [BENCHMARK] 1654765081061,CSR
glCanvas.js:1127 [BENCHMARK] 1654765081137,CSR
glCanvas.js:1127 [BENCHMARK] 1654765081188,CSR
glCanvas.js:1127 [BENCHMARK] 1654765081218,CSR
glCanvas.js:1127 [BENCHMARK] 1654765081248,CSR
glCanvas.js:1127 [BENCHMARK] 1654765081279,CSR
glCanvas.js:1127 [BENCHMARK] 1654765081300,CSR
glCanvas.js:1127 [BENCHMARK] 1654765081320,CSR
glCanvas.js:1127 [BENCHMARK] 1654765081341,CSR
glCanvas.js:1127 [BENCHMARK] 1654765081412,CSR
glCanvas.js:1127 [BENCHMARK] 1654765081494,CSR
glCanvas.js:1127 [BENCHMARK] 1654765081527,CSR
glCanvas.js:1127 [BENCHMARK] 1654765081657,CSR
glCanvas.js:1127 [BENCHMARK] 1654765081691,CSR
glCanvas.js:1127 [BENCHMARK] 1654765081734,CSR
glCanvas.js:1127 [BENCHMARK] 1654765081784,CSR
glCanvas.js:1127 [BENCHMARK] 1654765081817,CSR
glCanvas.js:1127 [BENCHMARK] 1654765081839,CSR
glCanvas.js:1127 [BENCHMARK] 1654765081922,CSR
glCanvas.js:1127 [BENCHMARK] 1654765081969,CSR
glCanvas.js:1127 [BENCHMARK] 1654765082034,CSR
glCanvas.js:1127 [BENCHMARK] 1654765082103,CSR
glCanvas.js:1127 [BENCHMARK] 1654765082173,CSR
glCanvas.js:1127 [BENCHMARK] 1654765082247,CSR
glCanvas.js:1127 [BENCHMARK] 1654765082305,CSR
glCanvas.js:1127 [BENCHMARK] 1654765082360,CSR
glCanvas.js:1127 [BENCHMARK] 1654765082430,CSR
glCanvas.js:1127 [BENCHMARK] 1654765082467,CSR
glCanvas.js:1127 [BENCHMARK] 1654765082507,CSR
glCanvas.js:1127 [BENCHMARK] 1654765082549,CSR
glCanvas.js:1127 [BENCHMARK] 1654765082583,CSR
glCanvas.js:1127 [BENCHMARK] 1654765082597,CSR
glCanvas.js:1127 [BENCHMARK] 1654765082646,CSR
glCanvas.js:1127 [BENCHMARK] 1654765082677,CSR
glCanvas.js:1127 [BENCHMARK] 1654765082714,CSR
glCanvas.js:1127 [BENCHMARK] 1654765082754,CSR
glCanvas.js:1127 [BENCHMARK] 1654765082796,CSR
glCanvas.js:1127 [BENCHMARK] 1654765082834,CSR
glCanvas.js:1127 [BENCHMARK] 1654765082870,CSR
glCanvas.js:1127 [BENCHMARK] 1654765082904,CSR
glCanvas.js:1127 [BENCHMARK] 1654765082954,CSR
glCanvas.js:1127 [BENCHMARK] 1654765083003,CSR
glCanvas.js:1127 [BENCHMARK] 1654765083039,CSR
glCanvas.js:1127 [BENCHMARK] 1654765083069,CSR
glCanvas.js:1127 [BENCHMARK] 1654765083100,CSR
glCanvas.js:1127 [BENCHMARK] 1654765083133,CSR
glCanvas.js:1127 [BENCHMARK] 1654765083179,CSR
glCanvas.js:1127 [BENCHMARK] 1654765083229,CSR
glCanvas.js:1127 [BENCHMARK] 1654765083285,CSR
filmbox2.js:1537 [BENCHMARK] 1654765083286,fullLoad
