glCanvas.js:1107 [BENCHMARK] 1654765757886,X
glCanvas.js:1107 [BENCHMARK] 1654765757897,X
glCanvas.js:1107 [BENCHMARK] 1654765757904,X
glCanvas.js:1107 [BENCHMARK] 1654765758143,X
glCanvas.js:1107 [BENCHMARK] 1654765758327,X
glCanvas.js:1107 [BENCHMARK] 1654765758613,X
glCanvas.js:1107 [BENCHMARK] 1654765758616,X
glCanvas.js:1107 [BENCHMARK] 1654765758620,X
glCanvas.js:1107 [BENCHMARK] 1654765758625,X
glCanvas.js:1107 [BENCHMARK] 1654765758629,X
glCanvas.js:1107 [BENCHMARK] 1654765758641,X
glCanvas.js:1127 [BENCHMARK] 1654765758683,CSR
manager.js:159 [BENCHMARK] 1654765760507,firstRender
glCanvas.js:1127 [BENCHMARK] 1654765760513,CSR
glCanvas.js:1127 [BENCHMARK] 1654765760525,CSR
glCanvas.js:1127 [BENCHMARK] 1654765760529,CSR
glCanvas.js:1127 [BENCHMARK] 1654765760532,CSR
glCanvas.js:1127 [BENCHMARK] 1654765760536,CSR
glCanvas.js:1127 [BENCHMARK] 1654765760574,CSR
glCanvas.js:1127 [BENCHMARK] 1654765760578,CSR
glCanvas.js:1127 [BENCHMARK] 1654765760583,CSR
glCanvas.js:1127 [BENCHMARK] 1654765760605,CSR
glCanvas.js:1127 [BENCHMARK] 1654765760607,CSR
glCanvas.js:1127 [BENCHMARK] 1654765760610,CSR
glCanvas.js:1127 [BENCHMARK] 1654765760613,CSR
glCanvas.js:1127 [BENCHMARK] 1654765760626,CSR
glCanvas.js:1127 [BENCHMARK] 1654765760912,CSR
glCanvas.js:1127 [BENCHMARK] 1654765760945,CSR
glCanvas.js:1127 [BENCHMARK] 1654765761159,CSR
glCanvas.js:1127 [BENCHMARK] 1654765761216,CSR
glCanvas.js:1127 [BENCHMARK] 1654765761242,CSR
glCanvas.js:1127 [BENCHMARK] 1654765761336,CSR
glCanvas.js:1127 [BENCHMARK] 1654765761562,CSR
glCanvas.js:1127 [BENCHMARK] 1654765761705,CSR
glCanvas.js:1127 [BENCHMARK] 1654765761775,CSR
glCanvas.js:1127 [BENCHMARK] 1654765761807,CSR
glCanvas.js:1127 [BENCHMARK] 1654765761914,CSR
glCanvas.js:1127 [BENCHMARK] 1654765761982,CSR
glCanvas.js:1127 [BENCHMARK] 1654765762110,CSR
glCanvas.js:1127 [BENCHMARK] 1654765762137,CSR
glCanvas.js:1127 [BENCHMARK] 1654765762162,CSR
glCanvas.js:1127 [BENCHMARK] 1654765762237,CSR
glCanvas.js:1127 [BENCHMARK] 1654765762357,CSR
glCanvas.js:1127 [BENCHMARK] 1654765762500,CSR
glCanvas.js:1127 [BENCHMARK] 1654765762625,CSR
glCanvas.js:1127 [BENCHMARK] 1654765762689,CSR
glCanvas.js:1127 [BENCHMARK] 1654765762710,CSR
glCanvas.js:1127 [BENCHMARK] 1654765762735,CSR
glCanvas.js:1127 [BENCHMARK] 1654765762756,CSR
glCanvas.js:1127 [BENCHMARK] 1654765762787,CSR
glCanvas.js:1127 [BENCHMARK] 1654765762809,CSR
glCanvas.js:1107 [BENCHMARK] 1654765762811,X
glCanvas.js:1107 [BENCHMARK] 1654765762812,X
glCanvas.js:1107 [BENCHMARK] 1654765762862,X
glCanvas.js:1107 [BENCHMARK] 1654765762882,X
glCanvas.js:1107 [BENCHMARK] 1654765762902,X
glCanvas.js:1127 [BENCHMARK] 1654765762971,SSR
glCanvas.js:1127 [BENCHMARK] 1654765763088,SSR
glCanvas.js:1127 [BENCHMARK] 1654765763118,CSR
glCanvas.js:1127 [BENCHMARK] 1654765763143,CSR
glCanvas.js:1127 [BENCHMARK] 1654765763164,CSR
glCanvas.js:1127 [BENCHMARK] 1654765763186,CSR
glCanvas.js:1127 [BENCHMARK] 1654765763210,CSR
glCanvas.js:1127 [BENCHMARK] 1654765763232,CSR
glCanvas.js:1127 [BENCHMARK] 1654765763254,CSR
glCanvas.js:1127 [BENCHMARK] 1654765763277,CSR
glCanvas.js:1127 [BENCHMARK] 1654765763333,CSR
glCanvas.js:1127 [BENCHMARK] 1654765763425,CSR
glCanvas.js:1127 [BENCHMARK] 1654765763448,CSR
glCanvas.js:1127 [BENCHMARK] 1654765763471,CSR
glCanvas.js:1127 [BENCHMARK] 1654765763496,CSR
glCanvas.js:1127 [BENCHMARK] 1654765763561,CSR
glCanvas.js:1127 [BENCHMARK] 1654765763585,CSR
glCanvas.js:1127 [BENCHMARK] 1654765763608,CSR
glCanvas.js:1127 [BENCHMARK] 1654765763630,CSR
glCanvas.js:1127 [BENCHMARK] 1654765763659,CSR
glCanvas.js:1127 [BENCHMARK] 1654765763684,CSR
glCanvas.js:1127 [BENCHMARK] 1654765763760,CSR
glCanvas.js:1127 [BENCHMARK] 1654765763783,CSR
glCanvas.js:1127 [BENCHMARK] 1654765763805,CSR
glCanvas.js:1127 [BENCHMARK] 1654765763832,CSR
glCanvas.js:1127 [BENCHMARK] 1654765763855,CSR
glCanvas.js:1127 [BENCHMARK] 1654765763939,CSR
glCanvas.js:1127 [BENCHMARK] 1654765763962,CSR
glCanvas.js:1127 [BENCHMARK] 1654765763984,CSR
glCanvas.js:1127 [BENCHMARK] 1654765764006,CSR
glCanvas.js:1127 [BENCHMARK] 1654765764030,CSR
glCanvas.js:1127 [BENCHMARK] 1654765764089,CSR
glCanvas.js:1127 [BENCHMARK] 1654765764119,CSR
glCanvas.js:1127 [BENCHMARK] 1654765764141,CSR
glCanvas.js:1127 [BENCHMARK] 1654765764162,CSR
glCanvas.js:1127 [BENCHMARK] 1654765764184,CSR
glCanvas.js:1127 [BENCHMARK] 1654765764206,CSR
glCanvas.js:1127 [BENCHMARK] 1654765764244,CSR
glCanvas.js:1127 [BENCHMARK] 1654765764265,CSR
glCanvas.js:1127 [BENCHMARK] 1654765764286,CSR
glCanvas.js:1127 [BENCHMARK] 1654765764308,CSR
glCanvas.js:1127 [BENCHMARK] 1654765764397,CSR
glCanvas.js:1127 [BENCHMARK] 1654765764420,CSR
glCanvas.js:1127 [BENCHMARK] 1654765764442,CSR
glCanvas.js:1127 [BENCHMARK] 1654765764553,CSR
glCanvas.js:1127 [BENCHMARK] 1654765764576,CSR
glCanvas.js:1127 [BENCHMARK] 1654765764599,CSR
glCanvas.js:1127 [BENCHMARK] 1654765764623,CSR
glCanvas.js:1127 [BENCHMARK] 1654765764647,CSR
glCanvas.js:1127 [BENCHMARK] 1654765764739,CSR
glCanvas.js:1127 [BENCHMARK] 1654765764814,CSR
glCanvas.js:1127 [BENCHMARK] 1654765764837,CSR
glCanvas.js:1127 [BENCHMARK] 1654765764872,CSR
glCanvas.js:1127 [BENCHMARK] 1654765764928,CSR
glCanvas.js:1127 [BENCHMARK] 1654765764929,CSR
glCanvas.js:1127 [BENCHMARK] 1654765764962,CSR
glCanvas.js:1127 [BENCHMARK] 1654765764963,CSR
glCanvas.js:1127 [BENCHMARK] 1654765764993,CSR
glCanvas.js:1127 [BENCHMARK] 1654765764995,CSR
glCanvas.js:1127 [BENCHMARK] 1654765764996,CSR
glCanvas.js:1127 [BENCHMARK] 1654765765026,CSR
glCanvas.js:1127 [BENCHMARK] 1654765765027,CSR
glCanvas.js:1127 [BENCHMARK] 1654765765052,CSR
glCanvas.js:1127 [BENCHMARK] 1654765765057,CSR
glCanvas.js:1127 [BENCHMARK] 1654765765058,CSR
glCanvas.js:1127 [BENCHMARK] 1654765765087,CSR
glCanvas.js:1127 [BENCHMARK] 1654765765089,CSR
glCanvas.js:1127 [BENCHMARK] 1654765765109,CSR
glCanvas.js:1127 [BENCHMARK] 1654765765118,CSR
glCanvas.js:1127 [BENCHMARK] 1654765765119,CSR
glCanvas.js:1127 [BENCHMARK] 1654765765141,CSR
glCanvas.js:1127 [BENCHMARK] 1654765765149,CSR
glCanvas.js:1127 [BENCHMARK] 1654765765150,CSR
glCanvas.js:1127 [BENCHMARK] 1654765765179,CSR
glCanvas.js:1127 [BENCHMARK] 1654765765180,CSR
glCanvas.js:1127 [BENCHMARK] 1654765765198,CSR
glCanvas.js:1127 [BENCHMARK] 1654765765211,CSR
glCanvas.js:1127 [BENCHMARK] 1654765765213,CSR
glCanvas.js:1127 [BENCHMARK] 1654765765297,CSR
glCanvas.js:1127 [BENCHMARK] 1654765765329,CSR
glCanvas.js:1127 [BENCHMARK] 1654765765344,CSR
glCanvas.js:1127 [BENCHMARK] 1654765765434,CSR
glCanvas.js:1127 [BENCHMARK] 1654765765445,CSR
glCanvas.js:1127 [BENCHMARK] 1654765765446,CSR
glCanvas.js:1127 [BENCHMARK] 1654765765475,CSR
glCanvas.js:1127 [BENCHMARK] 1654765765477,CSR
glCanvas.js:1127 [BENCHMARK] 1654765765494,CSR
glCanvas.js:1127 [BENCHMARK] 1654765765507,CSR
glCanvas.js:1127 [BENCHMARK] 1654765765508,CSR
glCanvas.js:1127 [BENCHMARK] 1654765765537,CSR
glCanvas.js:1127 [BENCHMARK] 1654765765538,CSR
glCanvas.js:1127 [BENCHMARK] 1654765765557,CSR
glCanvas.js:1127 [BENCHMARK] 1654765765568,CSR
glCanvas.js:1127 [BENCHMARK] 1654765765569,CSR
glCanvas.js:1127 [BENCHMARK] 1654765765598,CSR
glCanvas.js:1127 [BENCHMARK] 1654765765600,CSR
glCanvas.js:1127 [BENCHMARK] 1654765765628,CSR
glCanvas.js:1127 [BENCHMARK] 1654765765629,CSR
glCanvas.js:1127 [BENCHMARK] 1654765765640,CSR
glCanvas.js:1127 [BENCHMARK] 1654765765659,CSR
glCanvas.js:1127 [BENCHMARK] 1654765765660,CSR
glCanvas.js:1127 [BENCHMARK] 1654765765686,CSR
glCanvas.js:1127 [BENCHMARK] 1654765765692,CSR
glCanvas.js:1127 [BENCHMARK] 1654765765694,CSR
glCanvas.js:1127 [BENCHMARK] 1654765765722,CSR
glCanvas.js:1127 [BENCHMARK] 1654765765723,CSR
glCanvas.js:1127 [BENCHMARK] 1654765765739,CSR
glCanvas.js:1127 [BENCHMARK] 1654765765789,CSR
glCanvas.js:1127 [BENCHMARK] 1654765765817,CSR
glCanvas.js:1127 [BENCHMARK] 1654765765953,CSR
glCanvas.js:1127 [BENCHMARK] 1654765765957,CSR
glCanvas.js:1127 [BENCHMARK] 1654765765958,CSR
glCanvas.js:1127 [BENCHMARK] 1654765765991,CSR
glCanvas.js:1127 [BENCHMARK] 1654765765992,CSR
glCanvas.js:1127 [BENCHMARK] 1654765765999,CSR
glCanvas.js:1127 [BENCHMARK] 1654765766022,CSR
glCanvas.js:1127 [BENCHMARK] 1654765766023,CSR
glCanvas.js:1127 [BENCHMARK] 1654765766052,CSR
glCanvas.js:1127 [BENCHMARK] 1654765766053,CSR
glCanvas.js:1127 [BENCHMARK] 1654765766057,CSR
glCanvas.js:1127 [BENCHMARK] 1654765766080,CSR
glCanvas.js:1127 [BENCHMARK] 1654765766083,CSR
glCanvas.js:1127 [BENCHMARK] 1654765766084,CSR
glCanvas.js:1127 [BENCHMARK] 1654765766103,CSR
glCanvas.js:1127 [BENCHMARK] 1654765766113,CSR
glCanvas.js:1127 [BENCHMARK] 1654765766114,CSR
glCanvas.js:1127 [BENCHMARK] 1654765766130,CSR
glCanvas.js:1127 [BENCHMARK] 1654765766147,CSR
glCanvas.js:1127 [BENCHMARK] 1654765766153,CSR
glCanvas.js:1127 [BENCHMARK] 1654765766177,CSR
glCanvas.js:1127 [BENCHMARK] 1654765766182,CSR
glCanvas.js:1127 [BENCHMARK] 1654765766207,CSR
glCanvas.js:1127 [BENCHMARK] 1654765766212,CSR
glCanvas.js:1127 [BENCHMARK] 1654765766233,CSR
glCanvas.js:1127 [BENCHMARK] 1654765766239,CSR
glCanvas.js:1127 [BENCHMARK] 1654765766245,CSR
glCanvas.js:1127 [BENCHMARK] 1654765766320,CSR
glCanvas.js:1127 [BENCHMARK] 1654765766343,CSR
glCanvas.js:1127 [BENCHMARK] 1654765766369,CSR
glCanvas.js:1127 [BENCHMARK] 1654765766461,CSR
glCanvas.js:1127 [BENCHMARK] 1654765766500,CSR
glCanvas.js:1127 [BENCHMARK] 1654765766524,CSR
glCanvas.js:1127 [BENCHMARK] 1654765766619,CSR
glCanvas.js:1127 [BENCHMARK] 1654765766643,CSR
glCanvas.js:1127 [BENCHMARK] 1654765766681,CSR
glCanvas.js:1127 [BENCHMARK] 1654765766753,CSR
glCanvas.js:1127 [BENCHMARK] 1654765766778,CSR
glCanvas.js:1127 [BENCHMARK] 1654765766801,CSR
glCanvas.js:1127 [BENCHMARK] 1654765766851,CSR
glCanvas.js:1127 [BENCHMARK] 1654765766873,CSR
glCanvas.js:1127 [BENCHMARK] 1654765766998,CSR
glCanvas.js:1127 [BENCHMARK] 1654765767021,CSR
glCanvas.js:1127 [BENCHMARK] 1654765767043,CSR
glCanvas.js:1127 [BENCHMARK] 1654765767069,CSR
glCanvas.js:1127 [BENCHMARK] 1654765767094,CSR
glCanvas.js:1127 [BENCHMARK] 1654765767224,CSR
glCanvas.js:1127 [BENCHMARK] 1654765767244,CSR
glCanvas.js:1127 [BENCHMARK] 1654765767265,CSR
glCanvas.js:1127 [BENCHMARK] 1654765767277,CSR
glCanvas.js:1127 [BENCHMARK] 1654765767289,CSR
glCanvas.js:1127 [BENCHMARK] 1654765767315,CSR
glCanvas.js:1127 [BENCHMARK] 1654765767379,CSR
glCanvas.js:1127 [BENCHMARK] 1654765767423,CSR
glCanvas.js:1127 [BENCHMARK] 1654765767463,CSR
glCanvas.js:1127 [BENCHMARK] 1654765767479,CSR
glCanvas.js:1127 [BENCHMARK] 1654765767560,CSR
glCanvas.js:1127 [BENCHMARK] 1654765767580,CSR
glCanvas.js:1127 [BENCHMARK] 1654765767583,CSR
glCanvas.js:1127 [BENCHMARK] 1654765767659,CSR
glCanvas.js:1127 [BENCHMARK] 1654765767681,CSR
glCanvas.js:1127 [BENCHMARK] 1654765767686,CSR
glCanvas.js:1127 [BENCHMARK] 1654765767702,CSR
glCanvas.js:1127 [BENCHMARK] 1654765767734,CSR
glCanvas.js:1127 [BENCHMARK] 1654765767757,CSR
glCanvas.js:1127 [BENCHMARK] 1654765767781,CSR
glCanvas.js:1127 [BENCHMARK] 1654765767884,CSR
glCanvas.js:1127 [BENCHMARK] 1654765767911,CSR
glCanvas.js:1127 [BENCHMARK] 1654765767933,CSR
glCanvas.js:1127 [BENCHMARK] 1654765767955,CSR
glCanvas.js:1127 [BENCHMARK] 1654765767976,CSR
glCanvas.js:1127 [BENCHMARK] 1654765768327,CSR
glCanvas.js:1127 [BENCHMARK] 1654765768350,CSR
glCanvas.js:1127 [BENCHMARK] 1654765768374,CSR
glCanvas.js:1127 [BENCHMARK] 1654765768440,CSR
glCanvas.js:1127 [BENCHMARK] 1654765768459,CSR
glCanvas.js:1127 [BENCHMARK] 1654765768495,CSR
glCanvas.js:1127 [BENCHMARK] 1654765768559,CSR
glCanvas.js:1127 [BENCHMARK] 1654765768631,CSR
glCanvas.js:1127 [BENCHMARK] 1654765768697,CSR
glCanvas.js:1127 [BENCHMARK] 1654765768719,CSR
glCanvas.js:1127 [BENCHMARK] 1654765768752,CSR
glCanvas.js:1127 [BENCHMARK] 1654765768849,CSR
glCanvas.js:1127 [BENCHMARK] 1654765768868,CSR
glCanvas.js:1127 [BENCHMARK] 1654765768891,CSR
glCanvas.js:1127 [BENCHMARK] 1654765768935,CSR
glCanvas.js:1127 [BENCHMARK] 1654765769007,CSR
glCanvas.js:1127 [BENCHMARK] 1654765769030,CSR
glCanvas.js:1127 [BENCHMARK] 1654765769054,CSR
glCanvas.js:1127 [BENCHMARK] 1654765769107,CSR
glCanvas.js:1127 [BENCHMARK] 1654765769229,CSR
glCanvas.js:1127 [BENCHMARK] 1654765769264,CSR
glCanvas.js:1127 [BENCHMARK] 1654765769287,CSR
glCanvas.js:1127 [BENCHMARK] 1654765769328,CSR
glCanvas.js:1127 [BENCHMARK] 1654765769370,CSR
glCanvas.js:1127 [BENCHMARK] 1654765769393,CSR
glCanvas.js:1127 [BENCHMARK] 1654765769411,CSR
glCanvas.js:1127 [BENCHMARK] 1654765769430,CSR
glCanvas.js:1127 [BENCHMARK] 1654765769546,CSR
glCanvas.js:1127 [BENCHMARK] 1654765769565,CSR
glCanvas.js:1127 [BENCHMARK] 1654765769615,CSR
glCanvas.js:1127 [BENCHMARK] 1654765769687,CSR
glCanvas.js:1127 [BENCHMARK] 1654765769724,CSR
glCanvas.js:1127 [BENCHMARK] 1654765769787,CSR
glCanvas.js:1127 [BENCHMARK] 1654765769821,CSR
glCanvas.js:1127 [BENCHMARK] 1654765769919,CSR
glCanvas.js:1127 [BENCHMARK] 1654765769938,CSR
glCanvas.js:1127 [BENCHMARK] 1654765769996,CSR
glCanvas.js:1127 [BENCHMARK] 1654765770085,CSR
glCanvas.js:1127 [BENCHMARK] 1654765770104,CSR
glCanvas.js:1127 [BENCHMARK] 1654765770133,CSR
glCanvas.js:1127 [BENCHMARK] 1654765770192,CSR
glCanvas.js:1127 [BENCHMARK] 1654765770239,CSR
glCanvas.js:1127 [BENCHMARK] 1654765770273,CSR
glCanvas.js:1127 [BENCHMARK] 1654765770454,CSR
glCanvas.js:1127 [BENCHMARK] 1654765770528,CSR
glCanvas.js:1127 [BENCHMARK] 1654765770580,CSR
glCanvas.js:1127 [BENCHMARK] 1654765770688,CSR
glCanvas.js:1127 [BENCHMARK] 1654765770709,CSR
glCanvas.js:1127 [BENCHMARK] 1654765770745,CSR
glCanvas.js:1127 [BENCHMARK] 1654765770823,CSR
glCanvas.js:1127 [BENCHMARK] 1654765770860,CSR
glCanvas.js:1127 [BENCHMARK] 1654765770880,CSR
glCanvas.js:1127 [BENCHMARK] 1654765770957,CSR
glCanvas.js:1127 [BENCHMARK] 1654765770988,CSR
glCanvas.js:1127 [BENCHMARK] 1654765770990,CSR
glCanvas.js:1127 [BENCHMARK] 1654765771010,CSR
glCanvas.js:1127 [BENCHMARK] 1654765771044,CSR
glCanvas.js:1127 [BENCHMARK] 1654765771119,CSR
glCanvas.js:1127 [BENCHMARK] 1654765771175,CSR
glCanvas.js:1127 [BENCHMARK] 1654765771189,CSR
glCanvas.js:1127 [BENCHMARK] 1654765771190,CSR
glCanvas.js:1127 [BENCHMARK] 1654765771235,CSR
glCanvas.js:1127 [BENCHMARK] 1654765771277,CSR
glCanvas.js:1127 [BENCHMARK] 1654765771336,CSR
glCanvas.js:1127 [BENCHMARK] 1654765771370,CSR
glCanvas.js:1127 [BENCHMARK] 1654765771390,CSR
glCanvas.js:1127 [BENCHMARK] 1654765771391,CSR
glCanvas.js:1127 [BENCHMARK] 1654765771404,CSR
glCanvas.js:1127 [BENCHMARK] 1654765771423,CSR
glCanvas.js:1127 [BENCHMARK] 1654765771539,CSR
glCanvas.js:1127 [BENCHMARK] 1654765771582,CSR
glCanvas.js:1127 [BENCHMARK] 1654765771590,CSR
glCanvas.js:1127 [BENCHMARK] 1654765771591,CSR
glCanvas.js:1127 [BENCHMARK] 1654765771686,CSR
glCanvas.js:1127 [BENCHMARK] 1654765771735,CSR
glCanvas.js:1127 [BENCHMARK] 1654765771791,CSR
glCanvas.js:1127 [BENCHMARK] 1654765771792,CSR
glCanvas.js:1127 [BENCHMARK] 1654765771811,CSR
glCanvas.js:1127 [BENCHMARK] 1654765771838,CSR
glCanvas.js:1127 [BENCHMARK] 1654765772009,CSR
glCanvas.js:1127 [BENCHMARK] 1654765772038,CSR
glCanvas.js:1127 [BENCHMARK] 1654765772067,CSR
glCanvas.js:1127 [BENCHMARK] 1654765772097,CSR
glCanvas.js:1127 [BENCHMARK] 1654765772125,CSR
glCanvas.js:1127 [BENCHMARK] 1654765772178,CSR
glCanvas.js:1127 [BENCHMARK] 1654765772198,CSR
glCanvas.js:1127 [BENCHMARK] 1654765772229,CSR
glCanvas.js:1127 [BENCHMARK] 1654765772426,CSR
glCanvas.js:1127 [BENCHMARK] 1654765772524,CSR
glCanvas.js:1127 [BENCHMARK] 1654765772731,CSR
glCanvas.js:1127 [BENCHMARK] 1654765772734,CSR
glCanvas.js:1127 [BENCHMARK] 1654765772768,CSR
glCanvas.js:1127 [BENCHMARK] 1654765772890,CSR
glCanvas.js:1127 [BENCHMARK] 1654765772905,CSR
glCanvas.js:1127 [BENCHMARK] 1654765772962,CSR
glCanvas.js:1127 [BENCHMARK] 1654765772983,CSR
glCanvas.js:1127 [BENCHMARK] 1654765773005,CSR
glCanvas.js:1127 [BENCHMARK] 1654765773056,CSR
glCanvas.js:1127 [BENCHMARK] 1654765773125,CSR
glCanvas.js:1127 [BENCHMARK] 1654765773155,CSR
glCanvas.js:1127 [BENCHMARK] 1654765773364,CSR
glCanvas.js:1127 [BENCHMARK] 1654765773366,CSR
glCanvas.js:1127 [BENCHMARK] 1654765773368,CSR
glCanvas.js:1127 [BENCHMARK] 1654765773385,CSR
glCanvas.js:1127 [BENCHMARK] 1654765773399,CSR
glCanvas.js:1127 [BENCHMARK] 1654765773429,CSR
glCanvas.js:1127 [BENCHMARK] 1654765773478,CSR
glCanvas.js:1127 [BENCHMARK] 1654765773517,CSR
glCanvas.js:1127 [BENCHMARK] 1654765773537,CSR
glCanvas.js:1127 [BENCHMARK] 1654765773570,CSR
glCanvas.js:1127 [BENCHMARK] 1654765773604,CSR
glCanvas.js:1127 [BENCHMARK] 1654765773666,CSR
glCanvas.js:1127 [BENCHMARK] 1654765773685,CSR
glCanvas.js:1127 [BENCHMARK] 1654765773713,CSR
glCanvas.js:1127 [BENCHMARK] 1654765773760,CSR
glCanvas.js:1127 [BENCHMARK] 1654765773781,CSR
glCanvas.js:1127 [BENCHMARK] 1654765773812,CSR
glCanvas.js:1127 [BENCHMARK] 1654765773904,CSR
glCanvas.js:1127 [BENCHMARK] 1654765773936,CSR
glCanvas.js:1127 [BENCHMARK] 1654765773957,CSR
glCanvas.js:1127 [BENCHMARK] 1654765773987,CSR
glCanvas.js:1127 [BENCHMARK] 1654765774017,CSR
glCanvas.js:1127 [BENCHMARK] 1654765774037,CSR
glCanvas.js:1127 [BENCHMARK] 1654765774068,CSR
glCanvas.js:1127 [BENCHMARK] 1654765774111,CSR
glCanvas.js:1127 [BENCHMARK] 1654765774158,CSR
glCanvas.js:1127 [BENCHMARK] 1654765774187,CSR
glCanvas.js:1127 [BENCHMARK] 1654765774286,CSR
glCanvas.js:1127 [BENCHMARK] 1654765774395,CSR
glCanvas.js:1127 [BENCHMARK] 1654765774425,CSR
glCanvas.js:1127 [BENCHMARK] 1654765774437,CSR
glCanvas.js:1127 [BENCHMARK] 1654765774464,CSR
glCanvas.js:1127 [BENCHMARK] 1654765774492,CSR
glCanvas.js:1127 [BENCHMARK] 1654765774500,CSR
glCanvas.js:1127 [BENCHMARK] 1654765774528,CSR
filmbox2.js:1537 [BENCHMARK] 1654765774529,fullLoad
glCanvas.js:1127 [BENCHMARK] 1654765776004,CSR
glCanvas.js:1127 [BENCHMARK] 1654765776100,CSR
glCanvas.js:1127 [BENCHMARK] 1654765776101,CSR
glCanvas.js:1127 [BENCHMARK] 1654765777208,CSR
glCanvas.js:1127 [BENCHMARK] 1654765777211,CSR
glCanvas.js:1127 [BENCHMARK] 1654765777279,CSR
glCanvas.js:1127 [BENCHMARK] 1654765777282,CSR
glCanvas.js:1127 [BENCHMARK] 1654765777351,CSR
glCanvas.js:1127 [BENCHMARK] 1654765777354,CSR
glCanvas.js:1127 [BENCHMARK] 1654765777424,CSR
glCanvas.js:1127 [BENCHMARK] 1654765777427,CSR
glCanvas.js:1127 [BENCHMARK] 1654765777495,CSR
glCanvas.js:1127 [BENCHMARK] 1654765777498,CSR
glCanvas.js:1127 [BENCHMARK] 1654765777567,CSR
glCanvas.js:1127 [BENCHMARK] 1654765777570,CSR
glCanvas.js:1127 [BENCHMARK] 1654765777639,CSR
glCanvas.js:1127 [BENCHMARK] 1654765777642,CSR
glCanvas.js:1127 [BENCHMARK] 1654765779719,CSR
glCanvas.js:1127 [BENCHMARK] 1654765779722,CSR
glCanvas.js:1127 [BENCHMARK] 1654765779791,CSR
glCanvas.js:1127 [BENCHMARK] 1654765779793,CSR
glCanvas.js:1127 [BENCHMARK] 1654765779862,CSR
glCanvas.js:1127 [BENCHMARK] 1654765779865,CSR
glCanvas.js:1127 [BENCHMARK] 1654765779934,CSR
glCanvas.js:1127 [BENCHMARK] 1654765779937,CSR
glCanvas.js:1127 [BENCHMARK] 1654765780006,CSR
glCanvas.js:1127 [BENCHMARK] 1654765780008,CSR
glCanvas.js:1127 [BENCHMARK] 1654765780077,CSR
glCanvas.js:1127 [BENCHMARK] 1654765780080,CSR
glCanvas.js:1127 [BENCHMARK] 1654765780149,CSR
glCanvas.js:1127 [BENCHMARK] 1654765780151,CSR
glCanvas.js:1127 [BENCHMARK] 1654765780221,CSR
glCanvas.js:1127 [BENCHMARK] 1654765780223,CSR
glCanvas.js:1127 [BENCHMARK] 1654765780292,CSR
glCanvas.js:1127 [BENCHMARK] 1654765780295,CSR
glCanvas.js:1127 [BENCHMARK] 1654765780364,CSR
glCanvas.js:1127 [BENCHMARK] 1654765780367,CSR
glCanvas.js:1127 [BENCHMARK] 1654765780644,CSR
glCanvas.js:1127 [BENCHMARK] 1654765780647,CSR
glCanvas.js:1127 [BENCHMARK] 1654765780675,CSR
glCanvas.js:1127 [BENCHMARK] 1654765780678,CSR
glCanvas.js:1127 [BENCHMARK] 1654765780708,CSR
glCanvas.js:1127 [BENCHMARK] 1654765780712,CSR
glCanvas.js:1127 [BENCHMARK] 1654765780740,CSR
glCanvas.js:1127 [BENCHMARK] 1654765780744,CSR
glCanvas.js:1127 [BENCHMARK] 1654765780902,CSR
glCanvas.js:1127 [BENCHMARK] 1654765780904,CSR
glCanvas.js:1127 [BENCHMARK] 1654765780905,CSR
glCanvas.js:1127 [BENCHMARK] 1654765780906,CSR
glCanvas.js:1127 [BENCHMARK] 1654765780907,CSR
glCanvas.js:1127 [BENCHMARK] 1654765780908,CSR
glCanvas.js:1127 [BENCHMARK] 1654765780910,CSR
glCanvas.js:1127 [BENCHMARK] 1654765780911,CSR
glCanvas.js:1127 [BENCHMARK] 1654765780912,CSR
glCanvas.js:1127 [BENCHMARK] 1654765780913,CSR
glCanvas.js:1127 [BENCHMARK] 1654765780929,CSR
glCanvas.js:1127 [BENCHMARK] 1654765780931,CSR
glCanvas.js:1127 [BENCHMARK] 1654765781167,CSR
glCanvas.js:1127 [BENCHMARK] 1654765781168,CSR
glCanvas.js:1127 [BENCHMARK] 1654765781199,CSR
glCanvas.js:1127 [BENCHMARK] 1654765781202,CSR
glCanvas.js:1127 [BENCHMARK] 1654765781231,CSR
glCanvas.js:1127 [BENCHMARK] 1654765781233,CSR
glCanvas.js:1127 [BENCHMARK] 1654765781263,CSR
glCanvas.js:1127 [BENCHMARK] 1654765781265,CSR
glCanvas.js:1127 [BENCHMARK] 1654765781294,CSR
glCanvas.js:1127 [BENCHMARK] 1654765781297,CSR
glCanvas.js:1127 [BENCHMARK] 1654765781326,CSR
glCanvas.js:1127 [BENCHMARK] 1654765781329,CSR
glCanvas.js:1127 [BENCHMARK] 1654765781358,CSR
glCanvas.js:1127 [BENCHMARK] 1654765781360,CSR
glCanvas.js:1127 [BENCHMARK] 1654765781389,CSR
glCanvas.js:1127 [BENCHMARK] 1654765781392,CSR
glCanvas.js:1127 [BENCHMARK] 1654765781421,CSR
glCanvas.js:1127 [BENCHMARK] 1654765781424,CSR
glCanvas.js:1127 [BENCHMARK] 1654765781452,CSR
glCanvas.js:1127 [BENCHMARK] 1654765781455,CSR
glCanvas.js:1127 [BENCHMARK] 1654765786493,CSR
glCanvas.js:1127 [BENCHMARK] 1654765786694,CSR
glCanvas.js:1127 [BENCHMARK] 1654765786896,CSR
glCanvas.js:1127 [BENCHMARK] 1654765787098,CSR
glCanvas.js:1127 [BENCHMARK] 1654765787300,CSR
glCanvas.js:1127 [BENCHMARK] 1654765790511,CSR
glCanvas.js:1127 [BENCHMARK] 1654765790582,CSR
glCanvas.js:1127 [BENCHMARK] 1654765790654,CSR
glCanvas.js:1127 [BENCHMARK] 1654765790726,CSR
glCanvas.js:1127 [BENCHMARK] 1654765790798,CSR
glCanvas.js:1127 [BENCHMARK] 1654765790870,CSR
glCanvas.js:1127 [BENCHMARK] 1654765790941,CSR
glCanvas.js:1127 [BENCHMARK] 1654765791013,CSR
glCanvas.js:1127 [BENCHMARK] 1654765791084,CSR
glCanvas.js:1127 [BENCHMARK] 1654765791156,CSR
glCanvas.js:1127 [BENCHMARK] 1654765791436,CSR
glCanvas.js:1127 [BENCHMARK] 1654765791508,CSR
glCanvas.js:1127 [BENCHMARK] 1654765791579,CSR
glCanvas.js:1127 [BENCHMARK] 1654765791651,CSR
glCanvas.js:1127 [BENCHMARK] 1654765791723,CSR
glCanvas.js:1127 [BENCHMARK] 1654765791795,CSR
glCanvas.js:1127 [BENCHMARK] 1654765791866,CSR
glCanvas.js:1127 [BENCHMARK] 1654765791938,CSR
glCanvas.js:1127 [BENCHMARK] 1654765792010,CSR
glCanvas.js:1127 [BENCHMARK] 1654765792082,CSR
glCanvas.js:1127 [BENCHMARK] 1654765792164,CSR
glCanvas.js:1127 [BENCHMARK] 1654765792263,CSR
glCanvas.js:1127 [BENCHMARK] 1654765792266,CSR
glCanvas.js:1127 [BENCHMARK] 1654765794368,CSR
glCanvas.js:1127 [BENCHMARK] 1654765794569,CSR
glCanvas.js:1127 [BENCHMARK] 1654765794770,CSR
glCanvas.js:1127 [BENCHMARK] 1654765796980,CSR
glCanvas.js:1127 [BENCHMARK] 1654765797082,CSR
glCanvas.js:1127 [BENCHMARK] 1654765797184,CSR
glCanvas.js:1127 [BENCHMARK] 1654765797286,CSR
glCanvas.js:1127 [BENCHMARK] 1654765797388,CSR
glCanvas.js:1127 [BENCHMARK] 1654765799498,CSR
glCanvas.js:1127 [BENCHMARK] 1654765799530,CSR
glCanvas.js:1127 [BENCHMARK] 1654765799562,CSR
glCanvas.js:1127 [BENCHMARK] 1654765799593,CSR
glCanvas.js:1127 [BENCHMARK] 1654765799624,CSR
glCanvas.js:1127 [BENCHMARK] 1654765799655,CSR
glCanvas.js:1127 [BENCHMARK] 1654765799687,CSR
glCanvas.js:1127 [BENCHMARK] 1654765799719,CSR
glCanvas.js:1127 [BENCHMARK] 1654765799750,CSR
glCanvas.js:1127 [BENCHMARK] 1654765799781,CSR
glCanvas.js:1127 [BENCHMARK] 1654765800021,CSR
glCanvas.js:1127 [BENCHMARK] 1654765800052,CSR
glCanvas.js:1127 [BENCHMARK] 1654765800083,CSR
glCanvas.js:1127 [BENCHMARK] 1654765800115,CSR
glCanvas.js:1127 [BENCHMARK] 1654765800147,CSR
glCanvas.js:1127 [BENCHMARK] 1654765800179,CSR
glCanvas.js:1127 [BENCHMARK] 1654765800210,CSR
glCanvas.js:1127 [BENCHMARK] 1654765800242,CSR
glCanvas.js:1127 [BENCHMARK] 1654765800272,CSR
glCanvas.js:1127 [BENCHMARK] 1654765800303,CSR
glCanvas.js:1127 [BENCHMARK] 1654765800543,CSR
glCanvas.js:1127 [BENCHMARK] 1654765800615,CSR
glCanvas.js:1127 [BENCHMARK] 1654765800687,CSR
glCanvas.js:1127 [BENCHMARK] 1654765800759,CSR
glCanvas.js:1127 [BENCHMARK] 1654765800831,CSR
glCanvas.js:1127 [BENCHMARK] 1654765803913,CSR
glCanvas.js:1127 [BENCHMARK] 1654765804013,CSR
glCanvas.js:1127 [BENCHMARK] 1654765804016,CSR
glCanvas.js:1127 [BENCHMARK] 1654765805119,CSR
glCanvas.js:1127 [BENCHMARK] 1654765805122,CSR
glCanvas.js:1127 [BENCHMARK] 1654765805131,CSR
glCanvas.js:1127 [BENCHMARK] 1654765805133,CSR
glCanvas.js:1127 [BENCHMARK] 1654765805144,CSR
glCanvas.js:1127 [BENCHMARK] 1654765805146,CSR
glCanvas.js:1127 [BENCHMARK] 1654765805156,CSR
glCanvas.js:1127 [BENCHMARK] 1654765805157,CSR
glCanvas.js:1127 [BENCHMARK] 1654765805169,CSR
glCanvas.js:1127 [BENCHMARK] 1654765805170,CSR
glCanvas.js:1127 [BENCHMARK] 1654765805182,CSR
glCanvas.js:1127 [BENCHMARK] 1654765805184,CSR
glCanvas.js:1127 [BENCHMARK] 1654765805195,CSR
glCanvas.js:1127 [BENCHMARK] 1654765805197,CSR
glCanvas.js:1127 [BENCHMARK] 1654765805208,CSR
glCanvas.js:1127 [BENCHMARK] 1654765805209,CSR
glCanvas.js:1127 [BENCHMARK] 1654765805221,CSR
glCanvas.js:1127 [BENCHMARK] 1654765805222,CSR
glCanvas.js:1127 [BENCHMARK] 1654765805235,CSR
glCanvas.js:1127 [BENCHMARK] 1654765805237,CSR
glCanvas.js:1127 [BENCHMARK] 1654765805256,CSR
glCanvas.js:1127 [BENCHMARK] 1654765805356,CSR
glCanvas.js:1127 [BENCHMARK] 1654765805359,CSR
glCanvas.js:1127 [BENCHMARK] 1654765807460,CSR
glCanvas.js:1127 [BENCHMARK] 1654765807463,CSR
glCanvas.js:1127 [BENCHMARK] 1654765807662,CSR
glCanvas.js:1127 [BENCHMARK] 1654765807664,CSR
glCanvas.js:1127 [BENCHMARK] 1654765807864,CSR
glCanvas.js:1127 [BENCHMARK] 1654765807866,CSR
glCanvas.js:1127 [BENCHMARK] 1654765811074,CSR
glCanvas.js:1127 [BENCHMARK] 1654765811176,CSR
glCanvas.js:1127 [BENCHMARK] 1654765811277,CSR
glCanvas.js:1127 [BENCHMARK] 1654765811378,CSR
glCanvas.js:1127 [BENCHMARK] 1654765811480,CSR
glCanvas.js:1127 [BENCHMARK] 1654765811790,CSR
glCanvas.js:1127 [BENCHMARK] 1654765811892,CSR
glCanvas.js:1127 [BENCHMARK] 1654765811994,CSR
glCanvas.js:1127 [BENCHMARK] 1654765812096,CSR
glCanvas.js:1127 [BENCHMARK] 1654765812198,CSR
glCanvas.js:1127 [BENCHMARK] 1654765812300,CSR
glCanvas.js:1127 [BENCHMARK] 1654765812401,CSR
glCanvas.js:1127 [BENCHMARK] 1654765812503,CSR
glCanvas.js:1127 [BENCHMARK] 1654765812605,CSR
glCanvas.js:1127 [BENCHMARK] 1654765812706,CSR
glCanvas.js:1127 [BENCHMARK] 1654765813016,CSR
glCanvas.js:1127 [BENCHMARK] 1654765813088,CSR
glCanvas.js:1127 [BENCHMARK] 1654765813160,CSR
glCanvas.js:1127 [BENCHMARK] 1654765813232,CSR
glCanvas.js:1127 [BENCHMARK] 1654765813304,CSR
glCanvas.js:1127 [BENCHMARK] 1654765813376,CSR
glCanvas.js:1127 [BENCHMARK] 1654765813448,CSR
glCanvas.js:1127 [BENCHMARK] 1654765813520,CSR
glCanvas.js:1127 [BENCHMARK] 1654765813591,CSR
glCanvas.js:1127 [BENCHMARK] 1654765813663,CSR
glCanvas.js:1127 [BENCHMARK] 1654765815744,CSR
glCanvas.js:1127 [BENCHMARK] 1654765815847,CSR
glCanvas.js:1127 [BENCHMARK] 1654765815850,CSR
glCanvas.js:1127 [BENCHMARK] 1654765816953,CSR
glCanvas.js:1127 [BENCHMARK] 1654765816955,CSR
glCanvas.js:1127 [BENCHMARK] 1654765816983,CSR
glCanvas.js:1127 [BENCHMARK] 1654765816985,CSR
glCanvas.js:1127 [BENCHMARK] 1654765817015,CSR
glCanvas.js:1127 [BENCHMARK] 1654765817017,CSR
glCanvas.js:1127 [BENCHMARK] 1654765817047,CSR
glCanvas.js:1127 [BENCHMARK] 1654765817049,CSR
glCanvas.js:1127 [BENCHMARK] 1654765817079,CSR
glCanvas.js:1127 [BENCHMARK] 1654765817081,CSR
glCanvas.js:1127 [BENCHMARK] 1654765817110,CSR
glCanvas.js:1127 [BENCHMARK] 1654765817112,CSR
glCanvas.js:1127 [BENCHMARK] 1654765817141,CSR
glCanvas.js:1127 [BENCHMARK] 1654765817143,CSR
glCanvas.js:1127 [BENCHMARK] 1654765817172,CSR
glCanvas.js:1127 [BENCHMARK] 1654765817174,CSR
glCanvas.js:1127 [BENCHMARK] 1654765817204,CSR
glCanvas.js:1127 [BENCHMARK] 1654765817206,CSR
glCanvas.js:1127 [BENCHMARK] 1654765817235,CSR
glCanvas.js:1127 [BENCHMARK] 1654765817238,CSR
glCanvas.js:1127 [BENCHMARK] 1654765817475,CSR
glCanvas.js:1127 [BENCHMARK] 1654765817478,CSR
glCanvas.js:1127 [BENCHMARK] 1654765817507,CSR
glCanvas.js:1127 [BENCHMARK] 1654765817509,CSR
glCanvas.js:1127 [BENCHMARK] 1654765817538,CSR
glCanvas.js:1127 [BENCHMARK] 1654765817541,CSR
glCanvas.js:1127 [BENCHMARK] 1654765817570,CSR
glCanvas.js:1127 [BENCHMARK] 1654765817572,CSR
glCanvas.js:1127 [BENCHMARK] 1654765817600,CSR
glCanvas.js:1127 [BENCHMARK] 1654765817602,CSR
glCanvas.js:1127 [BENCHMARK] 1654765817633,CSR
glCanvas.js:1127 [BENCHMARK] 1654765817635,CSR
glCanvas.js:1127 [BENCHMARK] 1654765817664,CSR
glCanvas.js:1127 [BENCHMARK] 1654765817666,CSR
glCanvas.js:1127 [BENCHMARK] 1654765817695,CSR
glCanvas.js:1127 [BENCHMARK] 1654765817698,CSR
glCanvas.js:1127 [BENCHMARK] 1654765817727,CSR
glCanvas.js:1127 [BENCHMARK] 1654765817729,CSR
glCanvas.js:1127 [BENCHMARK] 1654765817758,CSR
glCanvas.js:1127 [BENCHMARK] 1654765817760,CSR
glCanvas.js:1127 [BENCHMARK] 1654765817997,CSR
glCanvas.js:1127 [BENCHMARK] 1654765817999,CSR
glCanvas.js:1127 [BENCHMARK] 1654765818029,CSR
glCanvas.js:1127 [BENCHMARK] 1654765818032,CSR
glCanvas.js:1127 [BENCHMARK] 1654765818060,CSR
glCanvas.js:1127 [BENCHMARK] 1654765818062,CSR
glCanvas.js:1127 [BENCHMARK] 1654765818091,CSR
glCanvas.js:1127 [BENCHMARK] 1654765818092,CSR
glCanvas.js:1127 [BENCHMARK] 1654765818123,CSR
glCanvas.js:1127 [BENCHMARK] 1654765818125,CSR
glCanvas.js:1127 [BENCHMARK] 1654765818154,CSR
glCanvas.js:1127 [BENCHMARK] 1654765818156,CSR
glCanvas.js:1127 [BENCHMARK] 1654765818186,CSR
glCanvas.js:1127 [BENCHMARK] 1654765818189,CSR
glCanvas.js:1127 [BENCHMARK] 1654765818216,CSR
glCanvas.js:1127 [BENCHMARK] 1654765818217,CSR
glCanvas.js:1127 [BENCHMARK] 1654765818248,CSR
glCanvas.js:1127 [BENCHMARK] 1654765818249,CSR
glCanvas.js:1127 [BENCHMARK] 1654765818279,CSR
glCanvas.js:1127 [BENCHMARK] 1654765818281,CSR
