glCanvas.js:1107 [BENCHMARK] 1654765301149,X
glCanvas.js:1107 [BENCHMARK] 1654765301157,X
glCanvas.js:1107 [BENCHMARK] 1654765301161,X
glCanvas.js:1107 [BENCHMARK] 1654765301225,X
glCanvas.js:1107 [BENCHMARK] 1654765301489,X
glCanvas.js:1107 [BENCHMARK] 1654765301643,X
glCanvas.js:1107 [BENCHMARK] 1654765301645,X
glCanvas.js:1107 [BENCHMARK] 1654765301649,X
glCanvas.js:1107 [BENCHMARK] 1654765301650,X
glCanvas.js:1107 [BENCHMARK] 1654765301653,X
glCanvas.js:1107 [BENCHMARK] 1654765301655,X
glCanvas.js:1107 [BENCHMARK] 1654765301760,X
glCanvas.js:1127 [BENCHMARK] 1654765301790,CSR
manager.js:159 [BENCHMARK] 1654765302232,firstRender
glCanvas.js:1127 [BENCHMARK] 1654765302241,CSR
glCanvas.js:1127 [BENCHMARK] 1654765302248,CSR
glCanvas.js:1127 [BENCHMARK] 1654765302308,CSR
glCanvas.js:1127 [BENCHMARK] 1654765302329,CSR
glCanvas.js:1127 [BENCHMARK] 1654765302331,CSR
glCanvas.js:1127 [BENCHMARK] 1654765302334,CSR
glCanvas.js:1127 [BENCHMARK] 1654765302337,CSR
glCanvas.js:1127 [BENCHMARK] 1654765302355,CSR
glCanvas.js:1127 [BENCHMARK] 1654765302365,CSR
glCanvas.js:1127 [BENCHMARK] 1654765302424,CSR
glCanvas.js:1127 [BENCHMARK] 1654765302479,CSR
glCanvas.js:1127 [BENCHMARK] 1654765302579,CSR
glCanvas.js:1127 [BENCHMARK] 1654765302719,CSR
glCanvas.js:1127 [BENCHMARK] 1654765302837,CSR
glCanvas.js:1127 [BENCHMARK] 1654765302898,CSR
glCanvas.js:1127 [BENCHMARK] 1654765302991,CSR
glCanvas.js:1127 [BENCHMARK] 1654765303437,CSR
glCanvas.js:1127 [BENCHMARK] 1654765303539,CSR
glCanvas.js:1107 [BENCHMARK] 1654765303543,X
glCanvas.js:1107 [BENCHMARK] 1654765303598,X
glCanvas.js:1107 [BENCHMARK] 1654765303628,X
glCanvas.js:1107 [BENCHMARK] 1654765303657,X
glCanvas.js:1107 [BENCHMARK] 1654765303688,X
glCanvas.js:1107 [BENCHMARK] 1654765303713,X
glCanvas.js:1107 [BENCHMARK] 1654765304324,X
glCanvas.js:1107 [BENCHMARK] 1654765304350,X
glCanvas.js:1107 [BENCHMARK] 1654765304380,X
glCanvas.js:1107 [BENCHMARK] 1654765304411,X
glCanvas.js:1107 [BENCHMARK] 1654765304440,X
glCanvas.js:1127 [BENCHMARK] 1654765304517,SSR
glCanvas.js:1127 [BENCHMARK] 1654765304556,SSR
glCanvas.js:1127 [BENCHMARK] 1654765304613,SSR
glCanvas.js:1127 [BENCHMARK] 1654765304636,CSR
glCanvas.js:1127 [BENCHMARK] 1654765304644,CSR
glCanvas.js:1127 [BENCHMARK] 1654765304646,CSR
glCanvas.js:1107 [BENCHMARK] 1654765304677,X
glCanvas.js:1107 [BENCHMARK] 1654765304678,X
glCanvas.js:1107 [BENCHMARK] 1654765304696,X
glCanvas.js:1107 [BENCHMARK] 1654765304697,X
glCanvas.js:1107 [BENCHMARK] 1654765304711,X
glCanvas.js:1107 [BENCHMARK] 1654765304712,X
glCanvas.js:1107 [BENCHMARK] 1654765304730,X
glCanvas.js:1107 [BENCHMARK] 1654765304731,X
glCanvas.js:1107 [BENCHMARK] 1654765304733,X
glCanvas.js:1107 [BENCHMARK] 1654765304751,X
glCanvas.js:1107 [BENCHMARK] 1654765304752,X
glCanvas.js:1107 [BENCHMARK] 1654765304754,X
glCanvas.js:1107 [BENCHMARK] 1654765304754,X
glCanvas.js:1107 [BENCHMARK] 1654765304770,X
glCanvas.js:1107 [BENCHMARK] 1654765304771,X
glCanvas.js:1107 [BENCHMARK] 1654765304787,X
glCanvas.js:1107 [BENCHMARK] 1654765304789,X
glCanvas.js:1107 [BENCHMARK] 1654765304791,X
glCanvas.js:1107 [BENCHMARK] 1654765304805,X
glCanvas.js:1107 [BENCHMARK] 1654765304806,X
glCanvas.js:1107 [BENCHMARK] 1654765304807,X
glCanvas.js:1107 [BENCHMARK] 1654765304837,X
glCanvas.js:1107 [BENCHMARK] 1654765304857,X
glCanvas.js:1107 [BENCHMARK] 1654765304925,X
glCanvas.js:1107 [BENCHMARK] 1654765304968,X
glCanvas.js:1107 [BENCHMARK] 1654765305014,X
glCanvas.js:1107 [BENCHMARK] 1654765305014,X
glCanvas.js:1107 [BENCHMARK] 1654765305026,X
glCanvas.js:1107 [BENCHMARK] 1654765305027,X
glCanvas.js:1107 [BENCHMARK] 1654765305045,X
glCanvas.js:1107 [BENCHMARK] 1654765305046,X
glCanvas.js:1107 [BENCHMARK] 1654765305052,X
glCanvas.js:1107 [BENCHMARK] 1654765305053,X
glCanvas.js:1107 [BENCHMARK] 1654765305074,X
glCanvas.js:1107 [BENCHMARK] 1654765305075,X
glCanvas.js:1107 [BENCHMARK] 1654765305078,X
glCanvas.js:1107 [BENCHMARK] 1654765305079,X
glCanvas.js:1107 [BENCHMARK] 1654765305092,X
glCanvas.js:1107 [BENCHMARK] 1654765305093,X
glCanvas.js:1107 [BENCHMARK] 1654765305109,X
glCanvas.js:1107 [BENCHMARK] 1654765305110,X
glCanvas.js:1107 [BENCHMARK] 1654765305114,X
glCanvas.js:1107 [BENCHMARK] 1654765305116,X
glCanvas.js:1107 [BENCHMARK] 1654765305117,X
glCanvas.js:1107 [BENCHMARK] 1654765305129,X
glCanvas.js:1107 [BENCHMARK] 1654765305130,X
glCanvas.js:1107 [BENCHMARK] 1654765305200,X
glCanvas.js:1107 [BENCHMARK] 1654765305268,X
glCanvas.js:1107 [BENCHMARK] 1654765305271,X
glCanvas.js:1107 [BENCHMARK] 1654765305345,X
glCanvas.js:1107 [BENCHMARK] 1654765305346,X
glCanvas.js:1107 [BENCHMARK] 1654765305358,X
glCanvas.js:1107 [BENCHMARK] 1654765305359,X
glCanvas.js:1107 [BENCHMARK] 1654765305371,X
glCanvas.js:1107 [BENCHMARK] 1654765305373,X
glCanvas.js:1107 [BENCHMARK] 1654765305385,X
glCanvas.js:1107 [BENCHMARK] 1654765305386,X
glCanvas.js:1107 [BENCHMARK] 1654765305397,X
glCanvas.js:1107 [BENCHMARK] 1654765305398,X
glCanvas.js:1107 [BENCHMARK] 1654765305409,X
glCanvas.js:1107 [BENCHMARK] 1654765305410,X
glCanvas.js:1107 [BENCHMARK] 1654765305422,X
glCanvas.js:1107 [BENCHMARK] 1654765305423,X
glCanvas.js:1107 [BENCHMARK] 1654765305436,X
glCanvas.js:1107 [BENCHMARK] 1654765305436,X
glCanvas.js:1107 [BENCHMARK] 1654765305448,X
glCanvas.js:1107 [BENCHMARK] 1654765305449,X
glCanvas.js:1107 [BENCHMARK] 1654765305452,X
glCanvas.js:1107 [BENCHMARK] 1654765305461,X
glCanvas.js:1107 [BENCHMARK] 1654765305462,X
glCanvas.js:1107 [BENCHMARK] 1654765305639,X
glCanvas.js:1107 [BENCHMARK] 1654765305677,X
glCanvas.js:1107 [BENCHMARK] 1654765305678,X
glCanvas.js:1107 [BENCHMARK] 1654765305683,X
glCanvas.js:1107 [BENCHMARK] 1654765305684,X
glCanvas.js:1107 [BENCHMARK] 1654765305688,X
glCanvas.js:1107 [BENCHMARK] 1654765305689,X
glCanvas.js:1107 [BENCHMARK] 1654765305694,X
glCanvas.js:1107 [BENCHMARK] 1654765305695,X
glCanvas.js:1107 [BENCHMARK] 1654765305700,X
glCanvas.js:1107 [BENCHMARK] 1654765305701,X
glCanvas.js:1107 [BENCHMARK] 1654765305709,X
glCanvas.js:1107 [BENCHMARK] 1654765305710,X
glCanvas.js:1107 [BENCHMARK] 1654765305713,X
glCanvas.js:1107 [BENCHMARK] 1654765305716,X
glCanvas.js:1107 [BENCHMARK] 1654765305718,X
glCanvas.js:1107 [BENCHMARK] 1654765305719,X
glCanvas.js:1107 [BENCHMARK] 1654765305723,X
glCanvas.js:1107 [BENCHMARK] 1654765305724,X
glCanvas.js:1107 [BENCHMARK] 1654765305731,X
glCanvas.js:1107 [BENCHMARK] 1654765305732,X
glCanvas.js:1107 [BENCHMARK] 1654765305736,X
glCanvas.js:1107 [BENCHMARK] 1654765305804,X
glCanvas.js:1107 [BENCHMARK] 1654765305827,X
glCanvas.js:1107 [BENCHMARK] 1654765305938,X
glCanvas.js:1107 [BENCHMARK] 1654765305939,X
glCanvas.js:1107 [BENCHMARK] 1654765305944,X
glCanvas.js:1107 [BENCHMARK] 1654765305945,X
glCanvas.js:1107 [BENCHMARK] 1654765305949,X
glCanvas.js:1107 [BENCHMARK] 1654765305951,X
glCanvas.js:1107 [BENCHMARK] 1654765305954,X
glCanvas.js:1107 [BENCHMARK] 1654765305960,X
glCanvas.js:1107 [BENCHMARK] 1654765305962,X
glCanvas.js:1107 [BENCHMARK] 1654765305964,X
glCanvas.js:1107 [BENCHMARK] 1654765305965,X
glCanvas.js:1107 [BENCHMARK] 1654765305967,X
glCanvas.js:1107 [BENCHMARK] 1654765305969,X
glCanvas.js:1107 [BENCHMARK] 1654765305974,X
glCanvas.js:1107 [BENCHMARK] 1654765305975,X
glCanvas.js:1107 [BENCHMARK] 1654765305979,X
glCanvas.js:1107 [BENCHMARK] 1654765305980,X
glCanvas.js:1107 [BENCHMARK] 1654765305985,X
glCanvas.js:1107 [BENCHMARK] 1654765305987,X
glCanvas.js:1107 [BENCHMARK] 1654765305991,X
glCanvas.js:1107 [BENCHMARK] 1654765305992,X
glCanvas.js:1107 [BENCHMARK] 1654765306122,X
glCanvas.js:1107 [BENCHMARK] 1654765306219,X
glCanvas.js:1107 [BENCHMARK] 1654765306283,X
glCanvas.js:1107 [BENCHMARK] 1654765306353,X
glCanvas.js:1107 [BENCHMARK] 1654765306355,X
glCanvas.js:1107 [BENCHMARK] 1654765306532,X
glCanvas.js:1107 [BENCHMARK] 1654765306542,X
glCanvas.js:1107 [BENCHMARK] 1654765306584,X
glCanvas.js:1107 [BENCHMARK] 1654765306590,X
glCanvas.js:1107 [BENCHMARK] 1654765306594,X
glCanvas.js:1107 [BENCHMARK] 1654765306601,X
glCanvas.js:1107 [BENCHMARK] 1654765306644,X
glCanvas.js:1107 [BENCHMARK] 1654765306675,X
glCanvas.js:1107 [BENCHMARK] 1654765306704,X
glCanvas.js:1107 [BENCHMARK] 1654765307008,X
glCanvas.js:1107 [BENCHMARK] 1654765307069,X
glCanvas.js:1107 [BENCHMARK] 1654765307097,X
glCanvas.js:1107 [BENCHMARK] 1654765307104,X
glCanvas.js:1107 [BENCHMARK] 1654765307105,X
glCanvas.js:1107 [BENCHMARK] 1654765307120,X
glCanvas.js:1107 [BENCHMARK] 1654765307147,X
glCanvas.js:1107 [BENCHMARK] 1654765307168,X
glCanvas.js:1107 [BENCHMARK] 1654765307425,X
glCanvas.js:1107 [BENCHMARK] 1654765307455,X
glCanvas.js:1107 [BENCHMARK] 1654765307477,X
glCanvas.js:1107 [BENCHMARK] 1654765307498,X
glCanvas.js:1107 [BENCHMARK] 1654765307666,X
glCanvas.js:1107 [BENCHMARK] 1654765307756,X
glCanvas.js:1107 [BENCHMARK] 1654765307860,X
glCanvas.js:1107 [BENCHMARK] 1654765307894,X
glCanvas.js:1107 [BENCHMARK] 1654765308040,X
glCanvas.js:1107 [BENCHMARK] 1654765308063,X
glCanvas.js:1107 [BENCHMARK] 1654765308112,X
glCanvas.js:1107 [BENCHMARK] 1654765308204,X
glCanvas.js:1107 [BENCHMARK] 1654765308205,X
glCanvas.js:1107 [BENCHMARK] 1654765308217,X
glCanvas.js:1107 [BENCHMARK] 1654765308218,X
glCanvas.js:1107 [BENCHMARK] 1654765308229,X
glCanvas.js:1107 [BENCHMARK] 1654765308230,X
glCanvas.js:1107 [BENCHMARK] 1654765308242,X
glCanvas.js:1107 [BENCHMARK] 1654765308243,X
glCanvas.js:1107 [BENCHMARK] 1654765308255,X
glCanvas.js:1107 [BENCHMARK] 1654765308256,X
glCanvas.js:1107 [BENCHMARK] 1654765308267,X
glCanvas.js:1107 [BENCHMARK] 1654765308268,X
glCanvas.js:1107 [BENCHMARK] 1654765308280,X
glCanvas.js:1107 [BENCHMARK] 1654765308281,X
glCanvas.js:1107 [BENCHMARK] 1654765308292,X
glCanvas.js:1107 [BENCHMARK] 1654765308293,X
glCanvas.js:1107 [BENCHMARK] 1654765308308,X
glCanvas.js:1107 [BENCHMARK] 1654765308308,X
glCanvas.js:1107 [BENCHMARK] 1654765308318,X
glCanvas.js:1107 [BENCHMARK] 1654765308319,X
glCanvas.js:1107 [BENCHMARK] 1654765308537,X
glCanvas.js:1107 [BENCHMARK] 1654765308538,X
glCanvas.js:1107 [BENCHMARK] 1654765308543,X
glCanvas.js:1107 [BENCHMARK] 1654765308544,X
glCanvas.js:1107 [BENCHMARK] 1654765308548,X
glCanvas.js:1107 [BENCHMARK] 1654765308549,X
glCanvas.js:1107 [BENCHMARK] 1654765308554,X
glCanvas.js:1107 [BENCHMARK] 1654765308554,X
glCanvas.js:1107 [BENCHMARK] 1654765308559,X
glCanvas.js:1107 [BENCHMARK] 1654765308560,X
glCanvas.js:1107 [BENCHMARK] 1654765308565,X
glCanvas.js:1107 [BENCHMARK] 1654765308565,X
glCanvas.js:1107 [BENCHMARK] 1654765308570,X
glCanvas.js:1107 [BENCHMARK] 1654765308571,X
glCanvas.js:1107 [BENCHMARK] 1654765308576,X
glCanvas.js:1107 [BENCHMARK] 1654765308577,X
glCanvas.js:1107 [BENCHMARK] 1654765308581,X
glCanvas.js:1107 [BENCHMARK] 1654765308582,X
glCanvas.js:1107 [BENCHMARK] 1654765308587,X
glCanvas.js:1107 [BENCHMARK] 1654765308588,X
glCanvas.js:1107 [BENCHMARK] 1654765308700,X
glCanvas.js:1107 [BENCHMARK] 1654765308963,X
glCanvas.js:1107 [BENCHMARK] 1654765308985,X
glCanvas.js:1107 [BENCHMARK] 1654765309007,X
glCanvas.js:1107 [BENCHMARK] 1654765309029,X
glCanvas.js:1107 [BENCHMARK] 1654765309053,X
glCanvas.js:1107 [BENCHMARK] 1654765309093,X
glCanvas.js:1107 [BENCHMARK] 1654765309115,X
glCanvas.js:1107 [BENCHMARK] 1654765309268,X
glCanvas.js:1107 [BENCHMARK] 1654765309386,X
glCanvas.js:1107 [BENCHMARK] 1654765309539,X
glCanvas.js:1107 [BENCHMARK] 1654765309600,X
glCanvas.js:1107 [BENCHMARK] 1654765309606,X
glCanvas.js:1107 [BENCHMARK] 1654765309611,X
glCanvas.js:1107 [BENCHMARK] 1654765309617,X
glCanvas.js:1107 [BENCHMARK] 1654765309622,X
glCanvas.js:1107 [BENCHMARK] 1654765309627,X
glCanvas.js:1107 [BENCHMARK] 1654765309633,X
glCanvas.js:1107 [BENCHMARK] 1654765309639,X
glCanvas.js:1107 [BENCHMARK] 1654765309644,X
glCanvas.js:1107 [BENCHMARK] 1654765309650,X
glCanvas.js:1107 [BENCHMARK] 1654765309655,X
glCanvas.js:1107 [BENCHMARK] 1654765309661,X
glCanvas.js:1107 [BENCHMARK] 1654765309666,X
glCanvas.js:1107 [BENCHMARK] 1654765309703,X
glCanvas.js:1107 [BENCHMARK] 1654765309733,X
glCanvas.js:1107 [BENCHMARK] 1654765309756,X
glCanvas.js:1107 [BENCHMARK] 1654765309875,X
glCanvas.js:1107 [BENCHMARK] 1654765309881,X
glCanvas.js:1107 [BENCHMARK] 1654765309886,X
glCanvas.js:1107 [BENCHMARK] 1654765309890,X
glCanvas.js:1107 [BENCHMARK] 1654765309892,X
glCanvas.js:1107 [BENCHMARK] 1654765309897,X
glCanvas.js:1107 [BENCHMARK] 1654765309904,X
glCanvas.js:1107 [BENCHMARK] 1654765309909,X
glCanvas.js:1107 [BENCHMARK] 1654765309913,X
glCanvas.js:1107 [BENCHMARK] 1654765309914,X
glCanvas.js:1107 [BENCHMARK] 1654765309920,X
glCanvas.js:1107 [BENCHMARK] 1654765309925,X
glCanvas.js:1107 [BENCHMARK] 1654765309931,X
glCanvas.js:1107 [BENCHMARK] 1654765309936,X
glCanvas.js:1107 [BENCHMARK] 1654765309942,X
glCanvas.js:1107 [BENCHMARK] 1654765310024,X
glCanvas.js:1107 [BENCHMARK] 1654765310048,X
glCanvas.js:1107 [BENCHMARK] 1654765310151,X
glCanvas.js:1107 [BENCHMARK] 1654765310163,X
glCanvas.js:1107 [BENCHMARK] 1654765310176,X
glCanvas.js:1107 [BENCHMARK] 1654765310189,X
glCanvas.js:1107 [BENCHMARK] 1654765310201,X
glCanvas.js:1107 [BENCHMARK] 1654765310214,X
glCanvas.js:1107 [BENCHMARK] 1654765310227,X
glCanvas.js:1107 [BENCHMARK] 1654765310239,X
glCanvas.js:1107 [BENCHMARK] 1654765310252,X
glCanvas.js:1107 [BENCHMARK] 1654765310264,X
glCanvas.js:1107 [BENCHMARK] 1654765310456,X
glCanvas.js:1107 [BENCHMARK] 1654765310480,X
glCanvas.js:1107 [BENCHMARK] 1654765310481,X
glCanvas.js:1107 [BENCHMARK] 1654765310493,X
glCanvas.js:1107 [BENCHMARK] 1654765310506,X
glCanvas.js:1107 [BENCHMARK] 1654765310511,X
glCanvas.js:1107 [BENCHMARK] 1654765310519,X
glCanvas.js:1107 [BENCHMARK] 1654765310531,X
glCanvas.js:1107 [BENCHMARK] 1654765310544,X
glCanvas.js:1107 [BENCHMARK] 1654765310556,X
glCanvas.js:1107 [BENCHMARK] 1654765310569,X
glCanvas.js:1107 [BENCHMARK] 1654765310581,X
glCanvas.js:1107 [BENCHMARK] 1654765310594,X
glCanvas.js:1107 [BENCHMARK] 1654765310920,X
glCanvas.js:1107 [BENCHMARK] 1654765310975,X
glCanvas.js:1107 [BENCHMARK] 1654765310998,X
glCanvas.js:1107 [BENCHMARK] 1654765311021,X
glCanvas.js:1107 [BENCHMARK] 1654765311043,X
glCanvas.js:1107 [BENCHMARK] 1654765311065,X
glCanvas.js:1107 [BENCHMARK] 1654765311194,X
glCanvas.js:1107 [BENCHMARK] 1654765311269,X
glCanvas.js:1107 [BENCHMARK] 1654765311363,X
glCanvas.js:1107 [BENCHMARK] 1654765311385,X
glCanvas.js:1107 [BENCHMARK] 1654765311580,X
glCanvas.js:1107 [BENCHMARK] 1654765311582,X
glCanvas.js:1107 [BENCHMARK] 1654765311584,X
glCanvas.js:1107 [BENCHMARK] 1654765311592,X
glCanvas.js:1127 [BENCHMARK] 1654765311597,CSR
glCanvas.js:1127 [BENCHMARK] 1654765311614,CSR
glCanvas.js:1127 [BENCHMARK] 1654765311717,CSR
glCanvas.js:1127 [BENCHMARK] 1654765311719,CSR
glCanvas.js:1127 [BENCHMARK] 1654765311738,CSR
glCanvas.js:1127 [BENCHMARK] 1654765312038,CSR
glCanvas.js:1127 [BENCHMARK] 1654765312135,CSR
glCanvas.js:1127 [BENCHMARK] 1654765312577,CSR
glCanvas.js:1127 [BENCHMARK] 1654765312602,CSR
glCanvas.js:1127 [BENCHMARK] 1654765312648,CSR
glCanvas.js:1127 [BENCHMARK] 1654765312854,CSR
glCanvas.js:1127 [BENCHMARK] 1654765312855,CSR
glCanvas.js:1127 [BENCHMARK] 1654765312857,CSR
glCanvas.js:1127 [BENCHMARK] 1654765312858,CSR
glCanvas.js:1127 [BENCHMARK] 1654765312859,CSR
glCanvas.js:1127 [BENCHMARK] 1654765312859,CSR
glCanvas.js:1127 [BENCHMARK] 1654765312860,CSR
glCanvas.js:1127 [BENCHMARK] 1654765312861,CSR
glCanvas.js:1127 [BENCHMARK] 1654765312862,CSR
glCanvas.js:1127 [BENCHMARK] 1654765312863,CSR
glCanvas.js:1127 [BENCHMARK] 1654765312864,CSR
glCanvas.js:1127 [BENCHMARK] 1654765312865,CSR
glCanvas.js:1127 [BENCHMARK] 1654765312866,CSR
glCanvas.js:1127 [BENCHMARK] 1654765312867,CSR
glCanvas.js:1127 [BENCHMARK] 1654765312867,CSR
glCanvas.js:1127 [BENCHMARK] 1654765312868,CSR
glCanvas.js:1127 [BENCHMARK] 1654765312869,CSR
glCanvas.js:1127 [BENCHMARK] 1654765312870,CSR
glCanvas.js:1127 [BENCHMARK] 1654765312871,CSR
glCanvas.js:1127 [BENCHMARK] 1654765312872,CSR
glCanvas.js:1127 [BENCHMARK] 1654765312875,CSR
glCanvas.js:1127 [BENCHMARK] 1654765312918,CSR
glCanvas.js:1127 [BENCHMARK] 1654765313077,CSR
glCanvas.js:1127 [BENCHMARK] 1654765313079,CSR
glCanvas.js:1127 [BENCHMARK] 1654765313083,CSR
glCanvas.js:1127 [BENCHMARK] 1654765313085,CSR
glCanvas.js:1127 [BENCHMARK] 1654765313088,CSR
glCanvas.js:1127 [BENCHMARK] 1654765313090,CSR
glCanvas.js:1127 [BENCHMARK] 1654765313094,CSR
glCanvas.js:1127 [BENCHMARK] 1654765313095,CSR
glCanvas.js:1127 [BENCHMARK] 1654765313114,CSR
glCanvas.js:1127 [BENCHMARK] 1654765313115,CSR
glCanvas.js:1127 [BENCHMARK] 1654765313116,CSR
glCanvas.js:1127 [BENCHMARK] 1654765313117,CSR
glCanvas.js:1127 [BENCHMARK] 1654765313117,CSR
glCanvas.js:1127 [BENCHMARK] 1654765313118,CSR
glCanvas.js:1127 [BENCHMARK] 1654765313119,CSR
glCanvas.js:1127 [BENCHMARK] 1654765313120,CSR
glCanvas.js:1127 [BENCHMARK] 1654765313121,CSR
glCanvas.js:1127 [BENCHMARK] 1654765313122,CSR
glCanvas.js:1127 [BENCHMARK] 1654765313152,CSR
glCanvas.js:1127 [BENCHMARK] 1654765313153,CSR
glCanvas.js:1127 [BENCHMARK] 1654765313163,CSR
glCanvas.js:1127 [BENCHMARK] 1654765313166,CSR
glCanvas.js:1127 [BENCHMARK] 1654765313184,CSR
glCanvas.js:1127 [BENCHMARK] 1654765313208,CSR
glCanvas.js:1127 [BENCHMARK] 1654765313340,CSR
glCanvas.js:1127 [BENCHMARK] 1654765313343,CSR
glCanvas.js:1127 [BENCHMARK] 1654765313347,CSR
glCanvas.js:1127 [BENCHMARK] 1654765313349,CSR
glCanvas.js:1107 [BENCHMARK] 1654765313354,X
glCanvas.js:1107 [BENCHMARK] 1654765313355,X
glCanvas.js:1107 [BENCHMARK] 1654765313358,X
glCanvas.js:1107 [BENCHMARK] 1654765313359,X
glCanvas.js:1107 [BENCHMARK] 1654765313368,X
glCanvas.js:1107 [BENCHMARK] 1654765313369,X
glCanvas.js:1107 [BENCHMARK] 1654765313370,X
glCanvas.js:1107 [BENCHMARK] 1654765313370,X
glCanvas.js:1107 [BENCHMARK] 1654765313375,X
glCanvas.js:1107 [BENCHMARK] 1654765313376,X
glCanvas.js:1107 [BENCHMARK] 1654765313380,X
glCanvas.js:1107 [BENCHMARK] 1654765313381,X
glCanvas.js:1107 [BENCHMARK] 1654765313385,X
glCanvas.js:1107 [BENCHMARK] 1654765313386,X
glCanvas.js:1107 [BENCHMARK] 1654765313391,X
glCanvas.js:1107 [BENCHMARK] 1654765313392,X
glCanvas.js:1107 [BENCHMARK] 1654765313423,X
glCanvas.js:1107 [BENCHMARK] 1654765313471,X
glCanvas.js:1107 [BENCHMARK] 1654765313600,X
glCanvas.js:1107 [BENCHMARK] 1654765313600,X
glCanvas.js:1107 [BENCHMARK] 1654765313605,X
glCanvas.js:1107 [BENCHMARK] 1654765313606,X
glCanvas.js:1107 [BENCHMARK] 1654765313611,X
glCanvas.js:1107 [BENCHMARK] 1654765313612,X
glCanvas.js:1107 [BENCHMARK] 1654765313616,X
glCanvas.js:1107 [BENCHMARK] 1654765313618,X
glCanvas.js:1107 [BENCHMARK] 1654765313618,X
glCanvas.js:1107 [BENCHMARK] 1654765313622,X
glCanvas.js:1107 [BENCHMARK] 1654765313622,X
glCanvas.js:1107 [BENCHMARK] 1654765313628,X
glCanvas.js:1107 [BENCHMARK] 1654765313629,X
glCanvas.js:1107 [BENCHMARK] 1654765313633,X
glCanvas.js:1107 [BENCHMARK] 1654765313634,X
glCanvas.js:1107 [BENCHMARK] 1654765313639,X
glCanvas.js:1107 [BENCHMARK] 1654765313639,X
glCanvas.js:1107 [BENCHMARK] 1654765313645,X
glCanvas.js:1107 [BENCHMARK] 1654765313645,X
glCanvas.js:1107 [BENCHMARK] 1654765313650,X
glCanvas.js:1107 [BENCHMARK] 1654765313651,X
glCanvas.js:1107 [BENCHMARK] 1654765313655,X
glCanvas.js:1107 [BENCHMARK] 1654765313656,X
glCanvas.js:1107 [BENCHMARK] 1654765313662,X
glCanvas.js:1107 [BENCHMARK] 1654765313663,X
glCanvas.js:1107 [BENCHMARK] 1654765313675,X
glCanvas.js:1107 [BENCHMARK] 1654765313769,X
glCanvas.js:1107 [BENCHMARK] 1654765313874,X
glCanvas.js:1107 [BENCHMARK] 1654765313875,X
glCanvas.js:1107 [BENCHMARK] 1654765313883,X
glCanvas.js:1107 [BENCHMARK] 1654765313885,X
glCanvas.js:1107 [BENCHMARK] 1654765313887,X
glCanvas.js:1107 [BENCHMARK] 1654765313888,X
glCanvas.js:1107 [BENCHMARK] 1654765313892,X
glCanvas.js:1107 [BENCHMARK] 1654765313893,X
glCanvas.js:1107 [BENCHMARK] 1654765313896,X
glCanvas.js:1107 [BENCHMARK] 1654765313897,X
glCanvas.js:1107 [BENCHMARK] 1654765313902,X
glCanvas.js:1107 [BENCHMARK] 1654765313903,X
glCanvas.js:1107 [BENCHMARK] 1654765313908,X
glCanvas.js:1107 [BENCHMARK] 1654765313908,X
glCanvas.js:1107 [BENCHMARK] 1654765313913,X
glCanvas.js:1107 [BENCHMARK] 1654765313914,X
glCanvas.js:1107 [BENCHMARK] 1654765313919,X
glCanvas.js:1107 [BENCHMARK] 1654765313920,X
glCanvas.js:1107 [BENCHMARK] 1654765313924,X
glCanvas.js:1107 [BENCHMARK] 1654765313925,X
glCanvas.js:1107 [BENCHMARK] 1654765313928,X
glCanvas.js:1107 [BENCHMARK] 1654765313936,X
glCanvas.js:1107 [BENCHMARK] 1654765313937,X
glCanvas.js:1107 [BENCHMARK] 1654765313938,X
glCanvas.js:1107 [BENCHMARK] 1654765313939,X
glCanvas.js:1107 [BENCHMARK] 1654765313947,X
glCanvas.js:1107 [BENCHMARK] 1654765313964,X
glCanvas.js:1107 [BENCHMARK] 1654765313987,X
glCanvas.js:1107 [BENCHMARK] 1654765314048,X
glCanvas.js:1107 [BENCHMARK] 1654765314051,X
glCanvas.js:1107 [BENCHMARK] 1654765314113,X
glCanvas.js:1107 [BENCHMARK] 1654765314144,X
glCanvas.js:1107 [BENCHMARK] 1654765314169,X
glCanvas.js:1107 [BENCHMARK] 1654765314285,X
glCanvas.js:1107 [BENCHMARK] 1654765314307,X
glCanvas.js:1107 [BENCHMARK] 1654765314393,X
glCanvas.js:1107 [BENCHMARK] 1654765314461,X
glCanvas.js:1107 [BENCHMARK] 1654765314588,X
glCanvas.js:1107 [BENCHMARK] 1654765314655,X
glCanvas.js:1107 [BENCHMARK] 1654765314704,X
glCanvas.js:1107 [BENCHMARK] 1654765314795,X
glCanvas.js:1107 [BENCHMARK] 1654765314895,X
glCanvas.js:1107 [BENCHMARK] 1654765314918,X
glCanvas.js:1107 [BENCHMARK] 1654765314999,X
glCanvas.js:1107 [BENCHMARK] 1654765315132,X
glCanvas.js:1107 [BENCHMARK] 1654765315147,X
glCanvas.js:1107 [BENCHMARK] 1654765315152,X
glCanvas.js:1107 [BENCHMARK] 1654765315157,X
glCanvas.js:1107 [BENCHMARK] 1654765315163,X
glCanvas.js:1107 [BENCHMARK] 1654765315169,X
glCanvas.js:1107 [BENCHMARK] 1654765315170,X
glCanvas.js:1107 [BENCHMARK] 1654765315180,X
glCanvas.js:1107 [BENCHMARK] 1654765315181,X
glCanvas.js:1107 [BENCHMARK] 1654765315187,X
glCanvas.js:1107 [BENCHMARK] 1654765315191,X
glCanvas.js:1107 [BENCHMARK] 1654765315196,X
glCanvas.js:1107 [BENCHMARK] 1654765315202,X
glCanvas.js:1107 [BENCHMARK] 1654765315222,X
glCanvas.js:1107 [BENCHMARK] 1654765315410,X
glCanvas.js:1107 [BENCHMARK] 1654765315418,X
glCanvas.js:1107 [BENCHMARK] 1654765315421,X
glCanvas.js:1107 [BENCHMARK] 1654765315427,X
glCanvas.js:1107 [BENCHMARK] 1654765315433,X
glCanvas.js:1107 [BENCHMARK] 1654765315439,X
glCanvas.js:1107 [BENCHMARK] 1654765315444,X
glCanvas.js:1107 [BENCHMARK] 1654765315449,X
glCanvas.js:1107 [BENCHMARK] 1654765315458,X
glCanvas.js:1107 [BENCHMARK] 1654765315461,X
glCanvas.js:1107 [BENCHMARK] 1654765315463,X
glCanvas.js:1107 [BENCHMARK] 1654765315628,X
glCanvas.js:1107 [BENCHMARK] 1654765315669,X
glCanvas.js:1107 [BENCHMARK] 1654765315675,X
glCanvas.js:1107 [BENCHMARK] 1654765315680,X
glCanvas.js:1107 [BENCHMARK] 1654765315686,X
glCanvas.js:1107 [BENCHMARK] 1654765315691,X
glCanvas.js:1107 [BENCHMARK] 1654765315697,X
glCanvas.js:1107 [BENCHMARK] 1654765315702,X
glCanvas.js:1107 [BENCHMARK] 1654765315721,X
glCanvas.js:1107 [BENCHMARK] 1654765315723,X
glCanvas.js:1107 [BENCHMARK] 1654765315724,X
glCanvas.js:1107 [BENCHMARK] 1654765316120,X
glCanvas.js:1107 [BENCHMARK] 1654765316200,X
glCanvas.js:1107 [BENCHMARK] 1654765316260,X
glCanvas.js:1107 [BENCHMARK] 1654765316313,X
glCanvas.js:1107 [BENCHMARK] 1654765316452,X
glCanvas.js:1107 [BENCHMARK] 1654765316570,X
glCanvas.js:1107 [BENCHMARK] 1654765316731,X
glCanvas.js:1107 [BENCHMARK] 1654765316733,X
glCanvas.js:1107 [BENCHMARK] 1654765316745,X
glCanvas.js:1107 [BENCHMARK] 1654765316747,X
glCanvas.js:1107 [BENCHMARK] 1654765316757,X
glCanvas.js:1107 [BENCHMARK] 1654765316758,X
glCanvas.js:1107 [BENCHMARK] 1654765316771,X
glCanvas.js:1107 [BENCHMARK] 1654765316772,X
glCanvas.js:1107 [BENCHMARK] 1654765316782,X
glCanvas.js:1107 [BENCHMARK] 1654765316783,X
glCanvas.js:1107 [BENCHMARK] 1654765316795,X
glCanvas.js:1107 [BENCHMARK] 1654765316796,X
glCanvas.js:1107 [BENCHMARK] 1654765316808,X
glCanvas.js:1107 [BENCHMARK] 1654765316809,X
glCanvas.js:1107 [BENCHMARK] 1654765316821,X
glCanvas.js:1107 [BENCHMARK] 1654765316822,X
glCanvas.js:1107 [BENCHMARK] 1654765316824,X
glCanvas.js:1107 [BENCHMARK] 1654765316833,X
glCanvas.js:1107 [BENCHMARK] 1654765316834,X
glCanvas.js:1107 [BENCHMARK] 1654765316846,X
glCanvas.js:1107 [BENCHMARK] 1654765316847,X
glCanvas.js:1107 [BENCHMARK] 1654765316897,X
glCanvas.js:1107 [BENCHMARK] 1654765316929,X
glCanvas.js:1107 [BENCHMARK] 1654765317066,X
glCanvas.js:1107 [BENCHMARK] 1654765317069,X
glCanvas.js:1107 [BENCHMARK] 1654765317078,X
glCanvas.js:1107 [BENCHMARK] 1654765317079,X
glCanvas.js:1107 [BENCHMARK] 1654765317091,X
glCanvas.js:1107 [BENCHMARK] 1654765317091,X
glCanvas.js:1107 [BENCHMARK] 1654765317103,X
glCanvas.js:1107 [BENCHMARK] 1654765317104,X
glCanvas.js:1107 [BENCHMARK] 1654765317116,X
glCanvas.js:1107 [BENCHMARK] 1654765317117,X
glCanvas.js:1107 [BENCHMARK] 1654765317126,X
glCanvas.js:1107 [BENCHMARK] 1654765317129,X
glCanvas.js:1107 [BENCHMARK] 1654765317129,X
glCanvas.js:1107 [BENCHMARK] 1654765317141,X
glCanvas.js:1107 [BENCHMARK] 1654765317142,X
glCanvas.js:1107 [BENCHMARK] 1654765317154,X
glCanvas.js:1107 [BENCHMARK] 1654765317155,X
glCanvas.js:1107 [BENCHMARK] 1654765317157,X
glCanvas.js:1107 [BENCHMARK] 1654765317167,X
glCanvas.js:1107 [BENCHMARK] 1654765317168,X
glCanvas.js:1107 [BENCHMARK] 1654765317179,X
glCanvas.js:1107 [BENCHMARK] 1654765317180,X
glCanvas.js:1107 [BENCHMARK] 1654765317366,X
glCanvas.js:1107 [BENCHMARK] 1654765317397,X
glCanvas.js:1107 [BENCHMARK] 1654765317399,X
glCanvas.js:1107 [BENCHMARK] 1654765317410,X
glCanvas.js:1107 [BENCHMARK] 1654765317410,X
glCanvas.js:1107 [BENCHMARK] 1654765317416,X
glCanvas.js:1107 [BENCHMARK] 1654765317423,X
glCanvas.js:1107 [BENCHMARK] 1654765317424,X
glCanvas.js:1107 [BENCHMARK] 1654765317435,X
glCanvas.js:1107 [BENCHMARK] 1654765317436,X
glCanvas.js:1107 [BENCHMARK] 1654765317448,X
glCanvas.js:1107 [BENCHMARK] 1654765317449,X
glCanvas.js:1107 [BENCHMARK] 1654765317460,X
glCanvas.js:1107 [BENCHMARK] 1654765317461,X
glCanvas.js:1107 [BENCHMARK] 1654765317475,X
glCanvas.js:1107 [BENCHMARK] 1654765317476,X
glCanvas.js:1107 [BENCHMARK] 1654765317487,X
glCanvas.js:1107 [BENCHMARK] 1654765317488,X
glCanvas.js:1107 [BENCHMARK] 1654765317500,X
glCanvas.js:1107 [BENCHMARK] 1654765317500,X
glCanvas.js:1107 [BENCHMARK] 1654765317512,X
glCanvas.js:1107 [BENCHMARK] 1654765317513,X
glCanvas.js:1107 [BENCHMARK] 1654765317733,X
glCanvas.js:1107 [BENCHMARK] 1654765317734,X
glCanvas.js:1107 [BENCHMARK] 1654765317745,X
glCanvas.js:1107 [BENCHMARK] 1654765317746,X
glCanvas.js:1107 [BENCHMARK] 1654765317758,X
glCanvas.js:1107 [BENCHMARK] 1654765317759,X
glCanvas.js:1107 [BENCHMARK] 1654765317771,X
glCanvas.js:1107 [BENCHMARK] 1654765317772,X
glCanvas.js:1107 [BENCHMARK] 1654765317783,X
glCanvas.js:1107 [BENCHMARK] 1654765317784,X
glCanvas.js:1107 [BENCHMARK] 1654765317796,X
glCanvas.js:1107 [BENCHMARK] 1654765317797,X
glCanvas.js:1107 [BENCHMARK] 1654765317808,X
glCanvas.js:1107 [BENCHMARK] 1654765317809,X
glCanvas.js:1107 [BENCHMARK] 1654765317822,X
glCanvas.js:1107 [BENCHMARK] 1654765317823,X
glCanvas.js:1107 [BENCHMARK] 1654765317835,X
glCanvas.js:1107 [BENCHMARK] 1654765317836,X
glCanvas.js:1107 [BENCHMARK] 1654765317848,X
glCanvas.js:1107 [BENCHMARK] 1654765317849,X
glCanvas.js:1107 [BENCHMARK] 1654765317924,X
glCanvas.js:1107 [BENCHMARK] 1654765318488,X
glCanvas.js:1107 [BENCHMARK] 1654765318509,X
glCanvas.js:1107 [BENCHMARK] 1654765318579,X
glCanvas.js:1107 [BENCHMARK] 1654765318927,X
glCanvas.js:1107 [BENCHMARK] 1654765319112,X
glCanvas.js:1107 [BENCHMARK] 1654765319153,X
glCanvas.js:1107 [BENCHMARK] 1654765319299,X
glCanvas.js:1107 [BENCHMARK] 1654765319336,X
glCanvas.js:1107 [BENCHMARK] 1654765319372,X
glCanvas.js:1107 [BENCHMARK] 1654765319516,X
glCanvas.js:1107 [BENCHMARK] 1654765319608,X
glCanvas.js:1107 [BENCHMARK] 1654765319639,X
glCanvas.js:1107 [BENCHMARK] 1654765319889,X
glCanvas.js:1107 [BENCHMARK] 1654765319919,X
glCanvas.js:1107 [BENCHMARK] 1654765319998,X
glCanvas.js:1107 [BENCHMARK] 1654765320028,X
glCanvas.js:1107 [BENCHMARK] 1654765320057,X
glCanvas.js:1107 [BENCHMARK] 1654765320423,X
glCanvas.js:1107 [BENCHMARK] 1654765320443,X
glCanvas.js:1107 [BENCHMARK] 1654765320476,X
glCanvas.js:1107 [BENCHMARK] 1654765320543,X
glCanvas.js:1107 [BENCHMARK] 1654765320643,X
glCanvas.js:1107 [BENCHMARK] 1654765320899,X
glCanvas.js:1107 [BENCHMARK] 1654765320933,X
glCanvas.js:1107 [BENCHMARK] 1654765321013,X
glCanvas.js:1107 [BENCHMARK] 1654765321071,X
glCanvas.js:1107 [BENCHMARK] 1654765321144,X
glCanvas.js:1107 [BENCHMARK] 1654765321188,X
glCanvas.js:1107 [BENCHMARK] 1654765321225,X
glCanvas.js:1107 [BENCHMARK] 1654765321239,X
glCanvas.js:1107 [BENCHMARK] 1654765321300,X
glCanvas.js:1107 [BENCHMARK] 1654765321405,X
glCanvas.js:1107 [BENCHMARK] 1654765321436,X
glCanvas.js:1107 [BENCHMARK] 1654765321465,X
glCanvas.js:1107 [BENCHMARK] 1654765321486,X
glCanvas.js:1107 [BENCHMARK] 1654765321535,X
glCanvas.js:1107 [BENCHMARK] 1654765321765,X
glCanvas.js:1107 [BENCHMARK] 1654765321884,X
glCanvas.js:1107 [BENCHMARK] 1654765322201,X
glCanvas.js:1107 [BENCHMARK] 1654765322272,X
glCanvas.js:1107 [BENCHMARK] 1654765322302,X
glCanvas.js:1107 [BENCHMARK] 1654765322331,X
glCanvas.js:1107 [BENCHMARK] 1654765322361,X
glCanvas.js:1127 [BENCHMARK] 1654765322381,CSR
glCanvas.js:1127 [BENCHMARK] 1654765322420,CSR
glCanvas.js:1127 [BENCHMARK] 1654765322486,CSR
glCanvas.js:1127 [BENCHMARK] 1654765322518,CSR
glCanvas.js:1127 [BENCHMARK] 1654765322538,CSR
glCanvas.js:1127 [BENCHMARK] 1654765322568,CSR
glCanvas.js:1127 [BENCHMARK] 1654765322766,CSR
glCanvas.js:1127 [BENCHMARK] 1654765322785,CSR
glCanvas.js:1127 [BENCHMARK] 1654765322802,CSR
glCanvas.js:1127 [BENCHMARK] 1654765322882,CSR
glCanvas.js:1127 [BENCHMARK] 1654765322902,CSR
glCanvas.js:1127 [BENCHMARK] 1654765322964,CSR
glCanvas.js:1127 [BENCHMARK] 1654765323076,CSR
glCanvas.js:1127 [BENCHMARK] 1654765323362,CSR
glCanvas.js:1127 [BENCHMARK] 1654765323423,CSR
glCanvas.js:1127 [BENCHMARK] 1654765323479,CSR
glCanvas.js:1127 [BENCHMARK] 1654765323518,CSR
glCanvas.js:1127 [BENCHMARK] 1654765323600,CSR
glCanvas.js:1127 [BENCHMARK] 1654765323631,CSR
glCanvas.js:1127 [BENCHMARK] 1654765323666,CSR
glCanvas.js:1127 [BENCHMARK] 1654765323698,CSR
glCanvas.js:1127 [BENCHMARK] 1654765323719,CSR
glCanvas.js:1127 [BENCHMARK] 1654765323752,CSR
glCanvas.js:1127 [BENCHMARK] 1654765323798,CSR
glCanvas.js:1127 [BENCHMARK] 1654765323844,CSR
glCanvas.js:1127 [BENCHMARK] 1654765323877,CSR
glCanvas.js:1127 [BENCHMARK] 1654765323985,CSR
glCanvas.js:1127 [BENCHMARK] 1654765324098,CSR
glCanvas.js:1127 [BENCHMARK] 1654765324163,CSR
glCanvas.js:1127 [BENCHMARK] 1654765324193,CSR
glCanvas.js:1127 [BENCHMARK] 1654765324224,CSR
glCanvas.js:1127 [BENCHMARK] 1654765324270,CSR
glCanvas.js:1127 [BENCHMARK] 1654765324290,CSR
glCanvas.js:1127 [BENCHMARK] 1654765324340,CSR
glCanvas.js:1127 [BENCHMARK] 1654765324389,CSR
glCanvas.js:1127 [BENCHMARK] 1654765324475,CSR
glCanvas.js:1127 [BENCHMARK] 1654765324494,CSR
glCanvas.js:1127 [BENCHMARK] 1654765324569,CSR
glCanvas.js:1127 [BENCHMARK] 1654765324597,CSR
glCanvas.js:1127 [BENCHMARK] 1654765324606,CSR
glCanvas.js:1127 [BENCHMARK] 1654765324670,CSR
glCanvas.js:1127 [BENCHMARK] 1654765324699,CSR
glCanvas.js:1127 [BENCHMARK] 1654765324720,CSR
glCanvas.js:1127 [BENCHMARK] 1654765324739,CSR
glCanvas.js:1127 [BENCHMARK] 1654765324773,CSR
glCanvas.js:1127 [BENCHMARK] 1654765324814,CSR
glCanvas.js:1127 [BENCHMARK] 1654765324920,CSR
glCanvas.js:1127 [BENCHMARK] 1654765324940,CSR
glCanvas.js:1127 [BENCHMARK] 1654765324967,CSR
glCanvas.js:1127 [BENCHMARK] 1654765324998,CSR
glCanvas.js:1127 [BENCHMARK] 1654765325019,CSR
glCanvas.js:1127 [BENCHMARK] 1654765325076,CSR
glCanvas.js:1127 [BENCHMARK] 1654765325208,CSR
glCanvas.js:1127 [BENCHMARK] 1654765325310,CSR
glCanvas.js:1127 [BENCHMARK] 1654765325432,CSR
glCanvas.js:1127 [BENCHMARK] 1654765325460,CSR
glCanvas.js:1127 [BENCHMARK] 1654765325596,CSR
glCanvas.js:1127 [BENCHMARK] 1654765326092,CSR
glCanvas.js:1127 [BENCHMARK] 1654765326125,CSR
glCanvas.js:1127 [BENCHMARK] 1654765326143,CSR
glCanvas.js:1127 [BENCHMARK] 1654765326464,CSR
glCanvas.js:1127 [BENCHMARK] 1654765326563,CSR
glCanvas.js:1127 [BENCHMARK] 1654765326919,CSR
glCanvas.js:1127 [BENCHMARK] 1654765326992,CSR
glCanvas.js:1127 [BENCHMARK] 1654765327519,CSR
glCanvas.js:1127 [BENCHMARK] 1654765327627,CSR
glCanvas.js:1127 [BENCHMARK] 1654765327653,CSR
filmbox2.js:1537 [BENCHMARK] 1654765327654,fullLoad
