glCanvas.js:1107 [BENCHMARK] 1654769430267,X
glCanvas.js:1107 [BENCHMARK] 1654769430279,X
glCanvas.js:1107 [BENCHMARK] 1654769430287,X
glCanvas.js:1107 [BENCHMARK] 1654769430836,X
glCanvas.js:1107 [BENCHMARK] 1654769431038,X
glCanvas.js:1107 [BENCHMARK] 1654769431040,X
glCanvas.js:1107 [BENCHMARK] 1654769431044,X
glCanvas.js:1107 [BENCHMARK] 1654769431045,X
glCanvas.js:1107 [BENCHMARK] 1654769431049,X
glCanvas.js:1107 [BENCHMARK] 1654769431051,X
glCanvas.js:1127 [BENCHMARK] 1654769431109,SSR
manager.js:159 [BENCHMARK] 1654769431780,firstRender
glCanvas.js:1127 [BENCHMARK] 1654769431784,SSR
glCanvas.js:1127 [BENCHMARK] 1654769431788,SSR
glCanvas.js:1127 [BENCHMARK] 1654769431801,CSR
glCanvas.js:1127 [BENCHMARK] 1654769431819,CSR
glCanvas.js:1127 [BENCHMARK] 1654769431824,CSR
glCanvas.js:1127 [BENCHMARK] 1654769431865,CSR
glCanvas.js:1127 [BENCHMARK] 1654769431880,CSR
glCanvas.js:1127 [BENCHMARK] 1654769431882,CSR
glCanvas.js:1127 [BENCHMARK] 1654769431884,CSR
glCanvas.js:1127 [BENCHMARK] 1654769431887,CSR
glCanvas.js:1127 [BENCHMARK] 1654769431901,CSR
glCanvas.js:1127 [BENCHMARK] 1654769431931,CSR
glCanvas.js:1127 [BENCHMARK] 1654769431935,CSR
glCanvas.js:1127 [BENCHMARK] 1654769431940,CSR
glCanvas.js:1127 [BENCHMARK] 1654769431962,CSR
glCanvas.js:1127 [BENCHMARK] 1654769432389,CSR
glCanvas.js:1127 [BENCHMARK] 1654769432430,CSR
glCanvas.js:1127 [BENCHMARK] 1654769432539,CSR
glCanvas.js:1127 [BENCHMARK] 1654769432691,CSR
glCanvas.js:1127 [BENCHMARK] 1654769432853,CSR
glCanvas.js:1127 [BENCHMARK] 1654769432879,CSR
glCanvas.js:1127 [BENCHMARK] 1654769432974,CSR
glCanvas.js:1127 [BENCHMARK] 1654769433122,CSR
glCanvas.js:1127 [BENCHMARK] 1654769433147,CSR
glCanvas.js:1127 [BENCHMARK] 1654769433174,CSR
glCanvas.js:1127 [BENCHMARK] 1654769433319,CSR
glCanvas.js:1127 [BENCHMARK] 1654769433376,CSR
glCanvas.js:1127 [BENCHMARK] 1654769433555,CSR
glCanvas.js:1127 [BENCHMARK] 1654769433656,CSR
glCanvas.js:1127 [BENCHMARK] 1654769433771,CSR
glCanvas.js:1127 [BENCHMARK] 1654769433957,CSR
glCanvas.js:1127 [BENCHMARK] 1654769433983,CSR
glCanvas.js:1127 [BENCHMARK] 1654769433987,CSR
glCanvas.js:1127 [BENCHMARK] 1654769434016,CSR
glCanvas.js:1127 [BENCHMARK] 1654769434049,CSR
glCanvas.js:1127 [BENCHMARK] 1654769434082,CSR
glCanvas.js:1127 [BENCHMARK] 1654769434084,SSR
glCanvas.js:1127 [BENCHMARK] 1654769434147,SSR
glCanvas.js:1127 [BENCHMARK] 1654769434268,SSR
glCanvas.js:1127 [BENCHMARK] 1654769434301,SSR
glCanvas.js:1127 [BENCHMARK] 1654769434350,SSR
glCanvas.js:1127 [BENCHMARK] 1654769434737,SSR
glCanvas.js:1127 [BENCHMARK] 1654769434764,SSR
glCanvas.js:1127 [BENCHMARK] 1654769434790,SSR
glCanvas.js:1127 [BENCHMARK] 1654769434813,SSR
glCanvas.js:1127 [BENCHMARK] 1654769434866,CSR
glCanvas.js:1127 [BENCHMARK] 1654769434890,CSR
glCanvas.js:1127 [BENCHMARK] 1654769434954,CSR
glCanvas.js:1127 [BENCHMARK] 1654769435055,CSR
glCanvas.js:1127 [BENCHMARK] 1654769435078,CSR
glCanvas.js:1127 [BENCHMARK] 1654769435135,CSR
glCanvas.js:1127 [BENCHMARK] 1654769435220,CSR
glCanvas.js:1127 [BENCHMARK] 1654769435243,CSR
glCanvas.js:1127 [BENCHMARK] 1654769435268,CSR
glCanvas.js:1127 [BENCHMARK] 1654769435312,CSR
glCanvas.js:1127 [BENCHMARK] 1654769435343,CSR
glCanvas.js:1127 [BENCHMARK] 1654769435429,CSR
glCanvas.js:1127 [BENCHMARK] 1654769435793,CSR
glCanvas.js:1127 [BENCHMARK] 1654769435816,CSR
glCanvas.js:1127 [BENCHMARK] 1654769435838,CSR
glCanvas.js:1127 [BENCHMARK] 1654769435861,CSR
glCanvas.js:1127 [BENCHMARK] 1654769436111,CSR
glCanvas.js:1127 [BENCHMARK] 1654769436168,CSR
glCanvas.js:1127 [BENCHMARK] 1654769436196,CSR
glCanvas.js:1127 [BENCHMARK] 1654769436198,CSR
glCanvas.js:1127 [BENCHMARK] 1654769436233,CSR
glCanvas.js:1127 [BENCHMARK] 1654769436235,CSR
glCanvas.js:1127 [BENCHMARK] 1654769436265,CSR
glCanvas.js:1127 [BENCHMARK] 1654769436266,CSR
glCanvas.js:1127 [BENCHMARK] 1654769436297,CSR
glCanvas.js:1127 [BENCHMARK] 1654769436298,CSR
glCanvas.js:1127 [BENCHMARK] 1654769436328,CSR
glCanvas.js:1127 [BENCHMARK] 1654769436330,CSR
glCanvas.js:1127 [BENCHMARK] 1654769436331,CSR
glCanvas.js:1127 [BENCHMARK] 1654769436335,CSR
glCanvas.js:1127 [BENCHMARK] 1654769436343,CSR
glCanvas.js:1127 [BENCHMARK] 1654769436346,CSR
glCanvas.js:1127 [BENCHMARK] 1654769436349,CSR
glCanvas.js:1127 [BENCHMARK] 1654769436359,CSR
glCanvas.js:1127 [BENCHMARK] 1654769436360,CSR
glCanvas.js:1127 [BENCHMARK] 1654769436362,CSR
glCanvas.js:1127 [BENCHMARK] 1654769436364,CSR
glCanvas.js:1127 [BENCHMARK] 1654769436374,CSR
glCanvas.js:1127 [BENCHMARK] 1654769436377,CSR
glCanvas.js:1127 [BENCHMARK] 1654769436380,CSR
glCanvas.js:1127 [BENCHMARK] 1654769436387,CSR
glCanvas.js:1127 [BENCHMARK] 1654769436389,CSR
glCanvas.js:1127 [BENCHMARK] 1654769436391,CSR
glCanvas.js:1127 [BENCHMARK] 1654769436420,CSR
glCanvas.js:1127 [BENCHMARK] 1654769436421,CSR
glCanvas.js:1127 [BENCHMARK] 1654769436450,CSR
glCanvas.js:1127 [BENCHMARK] 1654769436451,CSR
glCanvas.js:1107 [BENCHMARK] 1654769436482,X
glCanvas.js:1107 [BENCHMARK] 1654769436484,X
glCanvas.js:1127 [BENCHMARK] 1654769436720,CSR
glCanvas.js:1127 [BENCHMARK] 1654769436724,CSR
glCanvas.js:1107 [BENCHMARK] 1654769436751,X
glCanvas.js:1107 [BENCHMARK] 1654769436753,X
glCanvas.js:1107 [BENCHMARK] 1654769436782,X
glCanvas.js:1107 [BENCHMARK] 1654769436783,X
glCanvas.js:1107 [BENCHMARK] 1654769436812,X
glCanvas.js:1107 [BENCHMARK] 1654769436813,X
glCanvas.js:1107 [BENCHMARK] 1654769436843,X
glCanvas.js:1107 [BENCHMARK] 1654769436843,X
glCanvas.js:1107 [BENCHMARK] 1654769436875,X
glCanvas.js:1107 [BENCHMARK] 1654769436877,X
glCanvas.js:1107 [BENCHMARK] 1654769436906,X
glCanvas.js:1107 [BENCHMARK] 1654769436908,X
glCanvas.js:1107 [BENCHMARK] 1654769436937,X
glCanvas.js:1107 [BENCHMARK] 1654769436939,X
glCanvas.js:1107 [BENCHMARK] 1654769436968,X
glCanvas.js:1107 [BENCHMARK] 1654769436970,X
glCanvas.js:1107 [BENCHMARK] 1654769436998,X
glCanvas.js:1107 [BENCHMARK] 1654769436998,X
glCanvas.js:1107 [BENCHMARK] 1654769437236,X
glCanvas.js:1107 [BENCHMARK] 1654769437238,X
glCanvas.js:1107 [BENCHMARK] 1654769437267,X
glCanvas.js:1107 [BENCHMARK] 1654769437269,X
glCanvas.js:1107 [BENCHMARK] 1654769437299,X
glCanvas.js:1107 [BENCHMARK] 1654769437301,X
glCanvas.js:1127 [BENCHMARK] 1654769437330,SSR
glCanvas.js:1127 [BENCHMARK] 1654769437332,SSR
glCanvas.js:1127 [BENCHMARK] 1654769437360,SSR
glCanvas.js:1127 [BENCHMARK] 1654769437363,SSR
glCanvas.js:1127 [BENCHMARK] 1654769437390,SSR
glCanvas.js:1127 [BENCHMARK] 1654769437391,SSR
glCanvas.js:1127 [BENCHMARK] 1654769437422,SSR
glCanvas.js:1127 [BENCHMARK] 1654769437423,SSR
glCanvas.js:1127 [BENCHMARK] 1654769437454,SSR
glCanvas.js:1127 [BENCHMARK] 1654769437455,SSR
glCanvas.js:1127 [BENCHMARK] 1654769437484,SSR
glCanvas.js:1127 [BENCHMARK] 1654769437486,SSR
glCanvas.js:1127 [BENCHMARK] 1654769437514,SSR
glCanvas.js:1127 [BENCHMARK] 1654769437515,SSR
glCanvas.js:1127 [BENCHMARK] 1654769437769,SSR
glCanvas.js:1127 [BENCHMARK] 1654769438081,CSR
glCanvas.js:1127 [BENCHMARK] 1654769438085,CSR
glCanvas.js:1127 [BENCHMARK] 1654769438091,CSR
glCanvas.js:1127 [BENCHMARK] 1654769438094,CSR
glCanvas.js:1127 [BENCHMARK] 1654769438104,CSR
glCanvas.js:1127 [BENCHMARK] 1654769438107,CSR
glCanvas.js:1127 [BENCHMARK] 1654769438109,CSR
glCanvas.js:1127 [BENCHMARK] 1654769438122,CSR
glCanvas.js:1127 [BENCHMARK] 1654769438125,CSR
glCanvas.js:1127 [BENCHMARK] 1654769438126,CSR
glCanvas.js:1127 [BENCHMARK] 1654769438314,CSR
glCanvas.js:1127 [BENCHMARK] 1654769438326,CSR
glCanvas.js:1127 [BENCHMARK] 1654769438329,CSR
glCanvas.js:1127 [BENCHMARK] 1654769438331,CSR
glCanvas.js:1127 [BENCHMARK] 1654769438344,CSR
glCanvas.js:1127 [BENCHMARK] 1654769438346,CSR
glCanvas.js:1127 [BENCHMARK] 1654769438348,CSR
glCanvas.js:1127 [BENCHMARK] 1654769438360,CSR
glCanvas.js:1127 [BENCHMARK] 1654769438362,CSR
glCanvas.js:1127 [BENCHMARK] 1654769438364,CSR
glCanvas.js:1127 [BENCHMARK] 1654769438531,CSR
glCanvas.js:1127 [BENCHMARK] 1654769438539,CSR
glCanvas.js:1127 [BENCHMARK] 1654769438545,CSR
glCanvas.js:1127 [BENCHMARK] 1654769438548,CSR
glCanvas.js:1127 [BENCHMARK] 1654769438550,CSR
glCanvas.js:1127 [BENCHMARK] 1654769438571,CSR
glCanvas.js:1127 [BENCHMARK] 1654769438580,CSR
glCanvas.js:1127 [BENCHMARK] 1654769438586,CSR
glCanvas.js:1127 [BENCHMARK] 1654769438593,CSR
glCanvas.js:1127 [BENCHMARK] 1654769438595,CSR
glCanvas.js:1127 [BENCHMARK] 1654769438612,CSR
glCanvas.js:1127 [BENCHMARK] 1654769438650,CSR
glCanvas.js:1127 [BENCHMARK] 1654769438751,CSR
glCanvas.js:1127 [BENCHMARK] 1654769438758,CSR
glCanvas.js:1127 [BENCHMARK] 1654769438765,CSR
glCanvas.js:1127 [BENCHMARK] 1654769438780,CSR
glCanvas.js:1127 [BENCHMARK] 1654769438785,CSR
glCanvas.js:1127 [BENCHMARK] 1654769438794,CSR
glCanvas.js:1127 [BENCHMARK] 1654769438818,CSR
glCanvas.js:1127 [BENCHMARK] 1654769438822,CSR
glCanvas.js:1127 [BENCHMARK] 1654769438825,CSR
glCanvas.js:1127 [BENCHMARK] 1654769438827,CSR
glCanvas.js:1127 [BENCHMARK] 1654769438837,CSR
glCanvas.js:1127 [BENCHMARK] 1654769438851,CSR
glCanvas.js:1127 [BENCHMARK] 1654769438953,CSR
glCanvas.js:1127 [BENCHMARK] 1654769438976,CSR
glCanvas.js:1127 [BENCHMARK] 1654769438980,CSR
glCanvas.js:1127 [BENCHMARK] 1654769438985,CSR
glCanvas.js:1127 [BENCHMARK] 1654769438991,CSR
glCanvas.js:1127 [BENCHMARK] 1654769439006,CSR
glCanvas.js:1127 [BENCHMARK] 1654769439026,CSR
glCanvas.js:1127 [BENCHMARK] 1654769439033,CSR
glCanvas.js:1127 [BENCHMARK] 1654769439037,CSR
glCanvas.js:1127 [BENCHMARK] 1654769439051,CSR
glCanvas.js:1127 [BENCHMARK] 1654769439053,CSR
glCanvas.js:1127 [BENCHMARK] 1654769439062,CSR
glCanvas.js:1127 [BENCHMARK] 1654769439154,CSR
glCanvas.js:1127 [BENCHMARK] 1654769439184,CSR
glCanvas.js:1127 [BENCHMARK] 1654769439192,CSR
glCanvas.js:1127 [BENCHMARK] 1654769439197,CSR
glCanvas.js:1127 [BENCHMARK] 1654769439201,CSR
glCanvas.js:1127 [BENCHMARK] 1654769439214,CSR
glCanvas.js:1127 [BENCHMARK] 1654769439395,CSR
glCanvas.js:1127 [BENCHMARK] 1654769439414,CSR
glCanvas.js:1127 [BENCHMARK] 1654769439440,CSR
glCanvas.js:1127 [BENCHMARK] 1654769439444,CSR
glCanvas.js:1127 [BENCHMARK] 1654769439448,CSR
glCanvas.js:1127 [BENCHMARK] 1654769439477,CSR
glCanvas.js:1127 [BENCHMARK] 1654769439479,CSR
glCanvas.js:1127 [BENCHMARK] 1654769439483,CSR
glCanvas.js:1127 [BENCHMARK] 1654769439493,CSR
glCanvas.js:1127 [BENCHMARK] 1654769439498,CSR
glCanvas.js:1127 [BENCHMARK] 1654769439505,CSR
glCanvas.js:1127 [BENCHMARK] 1654769439520,CSR
glCanvas.js:1127 [BENCHMARK] 1654769439528,CSR
glCanvas.js:1127 [BENCHMARK] 1654769439537,CSR
glCanvas.js:1127 [BENCHMARK] 1654769439546,CSR
glCanvas.js:1127 [BENCHMARK] 1654769439552,CSR
glCanvas.js:1127 [BENCHMARK] 1654769439557,CSR
glCanvas.js:1127 [BENCHMARK] 1654769439570,CSR
glCanvas.js:1127 [BENCHMARK] 1654769439576,CSR
glCanvas.js:1127 [BENCHMARK] 1654769439580,CSR
glCanvas.js:1127 [BENCHMARK] 1654769439584,CSR
glCanvas.js:1127 [BENCHMARK] 1654769439759,CSR
glCanvas.js:1127 [BENCHMARK] 1654769439931,CSR
glCanvas.js:1127 [BENCHMARK] 1654769439967,CSR
glCanvas.js:1127 [BENCHMARK] 1654769439980,CSR
glCanvas.js:1127 [BENCHMARK] 1654769439983,CSR
glCanvas.js:1127 [BENCHMARK] 1654769439998,CSR
glCanvas.js:1127 [BENCHMARK] 1654769440000,CSR
glCanvas.js:1127 [BENCHMARK] 1654769440001,CSR
glCanvas.js:1127 [BENCHMARK] 1654769440016,CSR
glCanvas.js:1127 [BENCHMARK] 1654769440021,CSR
glCanvas.js:1127 [BENCHMARK] 1654769440024,CSR
glCanvas.js:1127 [BENCHMARK] 1654769440027,CSR
glCanvas.js:1127 [BENCHMARK] 1654769440044,CSR
glCanvas.js:1127 [BENCHMARK] 1654769440049,CSR
glCanvas.js:1127 [BENCHMARK] 1654769440052,CSR
glCanvas.js:1127 [BENCHMARK] 1654769440073,CSR
glCanvas.js:1127 [BENCHMARK] 1654769440077,CSR
glCanvas.js:1127 [BENCHMARK] 1654769440081,CSR
glCanvas.js:1127 [BENCHMARK] 1654769440099,CSR
glCanvas.js:1127 [BENCHMARK] 1654769440103,CSR
glCanvas.js:1127 [BENCHMARK] 1654769440108,CSR
glCanvas.js:1127 [BENCHMARK] 1654769440150,CSR
glCanvas.js:1127 [BENCHMARK] 1654769440187,CSR
glCanvas.js:1127 [BENCHMARK] 1654769440196,CSR
glCanvas.js:1127 [BENCHMARK] 1654769440198,CSR
glCanvas.js:1127 [BENCHMARK] 1654769440219,CSR
glCanvas.js:1127 [BENCHMARK] 1654769440221,CSR
glCanvas.js:1127 [BENCHMARK] 1654769440223,CSR
glCanvas.js:1127 [BENCHMARK] 1654769440234,CSR
glCanvas.js:1127 [BENCHMARK] 1654769440237,CSR
glCanvas.js:1127 [BENCHMARK] 1654769440246,CSR
glCanvas.js:1127 [BENCHMARK] 1654769440250,CSR
glCanvas.js:1127 [BENCHMARK] 1654769440254,CSR
glCanvas.js:1127 [BENCHMARK] 1654769440304,CSR
glCanvas.js:1127 [BENCHMARK] 1654769440310,CSR
glCanvas.js:1127 [BENCHMARK] 1654769440338,CSR
glCanvas.js:1127 [BENCHMARK] 1654769440340,CSR
glCanvas.js:1127 [BENCHMARK] 1654769440343,CSR
glCanvas.js:1127 [BENCHMARK] 1654769440345,CSR
glCanvas.js:1127 [BENCHMARK] 1654769440346,CSR
glCanvas.js:1127 [BENCHMARK] 1654769440374,CSR
glCanvas.js:1127 [BENCHMARK] 1654769440387,CSR
glCanvas.js:1127 [BENCHMARK] 1654769440396,CSR
glCanvas.js:1127 [BENCHMARK] 1654769440402,CSR
glCanvas.js:1127 [BENCHMARK] 1654769440408,CSR
glCanvas.js:1127 [BENCHMARK] 1654769440416,CSR
glCanvas.js:1127 [BENCHMARK] 1654769440573,CSR
glCanvas.js:1127 [BENCHMARK] 1654769440583,CSR
glCanvas.js:1127 [BENCHMARK] 1654769440588,CSR
glCanvas.js:1127 [BENCHMARK] 1654769440594,CSR
glCanvas.js:1127 [BENCHMARK] 1654769440606,CSR
glCanvas.js:1127 [BENCHMARK] 1654769440612,CSR
glCanvas.js:1127 [BENCHMARK] 1654769440616,CSR
glCanvas.js:1127 [BENCHMARK] 1654769440619,CSR
glCanvas.js:1127 [BENCHMARK] 1654769440622,CSR
glCanvas.js:1127 [BENCHMARK] 1654769440655,CSR
glCanvas.js:1127 [BENCHMARK] 1654769440661,CSR
glCanvas.js:1127 [BENCHMARK] 1654769440667,CSR
glCanvas.js:1127 [BENCHMARK] 1654769440682,CSR
glCanvas.js:1127 [BENCHMARK] 1654769440695,CSR
glCanvas.js:1127 [BENCHMARK] 1654769440701,CSR
glCanvas.js:1127 [BENCHMARK] 1654769440721,CSR
glCanvas.js:1127 [BENCHMARK] 1654769440728,CSR
glCanvas.js:1127 [BENCHMARK] 1654769440735,CSR
glCanvas.js:1127 [BENCHMARK] 1654769440755,CSR
glCanvas.js:1127 [BENCHMARK] 1654769440762,CSR
glCanvas.js:1127 [BENCHMARK] 1654769440769,CSR
glCanvas.js:1127 [BENCHMARK] 1654769440784,CSR
glCanvas.js:1127 [BENCHMARK] 1654769440791,CSR
glCanvas.js:1127 [BENCHMARK] 1654769440795,CSR
glCanvas.js:1127 [BENCHMARK] 1654769440809,CSR
glCanvas.js:1127 [BENCHMARK] 1654769440814,CSR
glCanvas.js:1127 [BENCHMARK] 1654769440822,CSR
glCanvas.js:1127 [BENCHMARK] 1654769440828,CSR
glCanvas.js:1127 [BENCHMARK] 1654769440832,CSR
glCanvas.js:1127 [BENCHMARK] 1654769440846,CSR
glCanvas.js:1127 [BENCHMARK] 1654769440898,CSR
glCanvas.js:1127 [BENCHMARK] 1654769440908,CSR
glCanvas.js:1127 [BENCHMARK] 1654769440943,CSR
glCanvas.js:1127 [BENCHMARK] 1654769440953,CSR
glCanvas.js:1127 [BENCHMARK] 1654769440956,CSR
glCanvas.js:1127 [BENCHMARK] 1654769440965,CSR
glCanvas.js:1127 [BENCHMARK] 1654769440969,CSR
glCanvas.js:1127 [BENCHMARK] 1654769440971,CSR
glCanvas.js:1127 [BENCHMARK] 1654769440989,CSR
glCanvas.js:1127 [BENCHMARK] 1654769440992,CSR
glCanvas.js:1127 [BENCHMARK] 1654769440996,CSR
glCanvas.js:1127 [BENCHMARK] 1654769440998,CSR
glCanvas.js:1127 [BENCHMARK] 1654769441000,CSR
glCanvas.js:1127 [BENCHMARK] 1654769441019,CSR
glCanvas.js:1127 [BENCHMARK] 1654769441024,CSR
glCanvas.js:1127 [BENCHMARK] 1654769441028,CSR
glCanvas.js:1127 [BENCHMARK] 1654769441044,CSR
glCanvas.js:1127 [BENCHMARK] 1654769441048,CSR
glCanvas.js:1127 [BENCHMARK] 1654769441056,CSR
glCanvas.js:1127 [BENCHMARK] 1654769441078,CSR
glCanvas.js:1127 [BENCHMARK] 1654769441083,CSR
glCanvas.js:1127 [BENCHMARK] 1654769441091,CSR
glCanvas.js:1127 [BENCHMARK] 1654769441094,CSR
glCanvas.js:1127 [BENCHMARK] 1654769441096,CSR
glCanvas.js:1127 [BENCHMARK] 1654769441111,CSR
glCanvas.js:1127 [BENCHMARK] 1654769441114,CSR
glCanvas.js:1127 [BENCHMARK] 1654769441116,CSR
glCanvas.js:1127 [BENCHMARK] 1654769441136,CSR
glCanvas.js:1127 [BENCHMARK] 1654769441141,CSR
glCanvas.js:1127 [BENCHMARK] 1654769441146,CSR
glCanvas.js:1127 [BENCHMARK] 1654769441166,CSR
glCanvas.js:1127 [BENCHMARK] 1654769441170,CSR
glCanvas.js:1127 [BENCHMARK] 1654769441177,CSR
glCanvas.js:1127 [BENCHMARK] 1654769441193,CSR
glCanvas.js:1127 [BENCHMARK] 1654769441196,CSR
glCanvas.js:1127 [BENCHMARK] 1654769441197,CSR
glCanvas.js:1127 [BENCHMARK] 1654769441209,CSR
glCanvas.js:1127 [BENCHMARK] 1654769441210,CSR
glCanvas.js:1127 [BENCHMARK] 1654769441214,CSR
glCanvas.js:1127 [BENCHMARK] 1654769441216,CSR
glCanvas.js:1127 [BENCHMARK] 1654769441219,CSR
glCanvas.js:1127 [BENCHMARK] 1654769441234,CSR
glCanvas.js:1127 [BENCHMARK] 1654769441236,CSR
glCanvas.js:1127 [BENCHMARK] 1654769441240,CSR
glCanvas.js:1127 [BENCHMARK] 1654769441253,CSR
glCanvas.js:1127 [BENCHMARK] 1654769441255,CSR
glCanvas.js:1127 [BENCHMARK] 1654769441267,CSR
glCanvas.js:1127 [BENCHMARK] 1654769441271,CSR
glCanvas.js:1127 [BENCHMARK] 1654769441273,CSR
glCanvas.js:1127 [BENCHMARK] 1654769441288,CSR
glCanvas.js:1127 [BENCHMARK] 1654769441291,CSR
glCanvas.js:1127 [BENCHMARK] 1654769441300,CSR
glCanvas.js:1127 [BENCHMARK] 1654769441310,CSR
glCanvas.js:1127 [BENCHMARK] 1654769441312,CSR
glCanvas.js:1127 [BENCHMARK] 1654769441337,CSR
glCanvas.js:1127 [BENCHMARK] 1654769441340,CSR
glCanvas.js:1127 [BENCHMARK] 1654769441344,CSR
glCanvas.js:1127 [BENCHMARK] 1654769441346,CSR
glCanvas.js:1127 [BENCHMARK] 1654769441368,CSR
glCanvas.js:1127 [BENCHMARK] 1654769441384,CSR
glCanvas.js:1127 [BENCHMARK] 1654769441393,CSR
glCanvas.js:1127 [BENCHMARK] 1654769441399,CSR
glCanvas.js:1127 [BENCHMARK] 1654769441407,CSR
glCanvas.js:1127 [BENCHMARK] 1654769441434,CSR
glCanvas.js:1127 [BENCHMARK] 1654769441444,CSR
glCanvas.js:1127 [BENCHMARK] 1654769441449,CSR
glCanvas.js:1127 [BENCHMARK] 1654769441470,CSR
glCanvas.js:1127 [BENCHMARK] 1654769441477,CSR
glCanvas.js:1127 [BENCHMARK] 1654769441483,CSR
glCanvas.js:1127 [BENCHMARK] 1654769441495,CSR
glCanvas.js:1127 [BENCHMARK] 1654769441500,CSR
glCanvas.js:1127 [BENCHMARK] 1654769441510,CSR
glCanvas.js:1127 [BENCHMARK] 1654769441515,CSR
glCanvas.js:1127 [BENCHMARK] 1654769441520,CSR
glCanvas.js:1127 [BENCHMARK] 1654769441535,CSR
glCanvas.js:1127 [BENCHMARK] 1654769441542,CSR
filmbox2.js:1550 [BENCHMARK] 1654769441544,fullLoad
glCanvas.js:1127 [BENCHMARK] 1654769442263,CSR
glCanvas.js:1127 [BENCHMARK] 1654769442265,CSR
glCanvas.js:1127 [BENCHMARK] 1654769442464,CSR
glCanvas.js:1127 [BENCHMARK] 1654769442466,CSR
glCanvas.js:1127 [BENCHMARK] 1654769442665,CSR
glCanvas.js:1127 [BENCHMARK] 1654769442666,CSR
glCanvas.js:1127 [BENCHMARK] 1654769442868,CSR
glCanvas.js:1127 [BENCHMARK] 1654769442873,CSR
glCanvas.js:1127 [BENCHMARK] 1654769443070,CSR
glCanvas.js:1127 [BENCHMARK] 1654769443073,CSR
glCanvas.js:1127 [BENCHMARK] 1654769443321,CSR
glCanvas.js:1127 [BENCHMARK] 1654769444329,CSR
glCanvas.js:1127 [BENCHMARK] 1654769447287,CSR
glCanvas.js:1127 [BENCHMARK] 1654769447383,CSR
glCanvas.js:1127 [BENCHMARK] 1654769447386,CSR
glCanvas.js:1127 [BENCHMARK] 1654769448489,CSR
glCanvas.js:1127 [BENCHMARK] 1654769448492,CSR
glCanvas.js:1127 [BENCHMARK] 1654769448557,CSR
glCanvas.js:1127 [BENCHMARK] 1654769448558,CSR
glCanvas.js:1127 [BENCHMARK] 1654769448630,CSR
glCanvas.js:1127 [BENCHMARK] 1654769448633,CSR
glCanvas.js:1127 [BENCHMARK] 1654769448702,CSR
glCanvas.js:1127 [BENCHMARK] 1654769448704,CSR
glCanvas.js:1127 [BENCHMARK] 1654769448773,CSR
glCanvas.js:1127 [BENCHMARK] 1654769448776,CSR
glCanvas.js:1127 [BENCHMARK] 1654769448845,CSR
glCanvas.js:1127 [BENCHMARK] 1654769448847,CSR
glCanvas.js:1127 [BENCHMARK] 1654769448916,CSR
glCanvas.js:1127 [BENCHMARK] 1654769448919,CSR
glCanvas.js:1127 [BENCHMARK] 1654769449169,CSR
glCanvas.js:1127 [BENCHMARK] 1654769450177,CSR
glCanvas.js:1127 [BENCHMARK] 1654769450996,CSR
glCanvas.js:1127 [BENCHMARK] 1654769450999,CSR
glCanvas.js:1127 [BENCHMARK] 1654769451066,CSR
glCanvas.js:1127 [BENCHMARK] 1654769451067,CSR
glCanvas.js:1127 [BENCHMARK] 1654769451138,CSR
glCanvas.js:1127 [BENCHMARK] 1654769451141,CSR
glCanvas.js:1127 [BENCHMARK] 1654769451210,CSR
glCanvas.js:1127 [BENCHMARK] 1654769451212,CSR
glCanvas.js:1127 [BENCHMARK] 1654769451281,CSR
glCanvas.js:1127 [BENCHMARK] 1654769451284,CSR
glCanvas.js:1127 [BENCHMARK] 1654769451353,CSR
glCanvas.js:1127 [BENCHMARK] 1654769451356,CSR
glCanvas.js:1127 [BENCHMARK] 1654769451425,CSR
glCanvas.js:1127 [BENCHMARK] 1654769451428,CSR
glCanvas.js:1127 [BENCHMARK] 1654769451497,CSR
glCanvas.js:1127 [BENCHMARK] 1654769451500,CSR
glCanvas.js:1127 [BENCHMARK] 1654769451569,CSR
glCanvas.js:1127 [BENCHMARK] 1654769451573,CSR
glCanvas.js:1127 [BENCHMARK] 1654769451641,CSR
glCanvas.js:1127 [BENCHMARK] 1654769451644,CSR
glCanvas.js:1127 [BENCHMARK] 1654769451897,CSR
glCanvas.js:1127 [BENCHMARK] 1654769451921,CSR
glCanvas.js:1127 [BENCHMARK] 1654769451924,CSR
glCanvas.js:1127 [BENCHMARK] 1654769451952,CSR
glCanvas.js:1127 [BENCHMARK] 1654769451955,CSR
glCanvas.js:1127 [BENCHMARK] 1654769451984,CSR
glCanvas.js:1127 [BENCHMARK] 1654769451986,CSR
glCanvas.js:1127 [BENCHMARK] 1654769452015,CSR
glCanvas.js:1127 [BENCHMARK] 1654769452018,CSR
glCanvas.js:1127 [BENCHMARK] 1654769452047,CSR
glCanvas.js:1127 [BENCHMARK] 1654769452050,CSR
glCanvas.js:1127 [BENCHMARK] 1654769452079,CSR
glCanvas.js:1127 [BENCHMARK] 1654769452081,CSR
glCanvas.js:1127 [BENCHMARK] 1654769452110,CSR
glCanvas.js:1127 [BENCHMARK] 1654769452113,CSR
glCanvas.js:1127 [BENCHMARK] 1654769452142,CSR
glCanvas.js:1127 [BENCHMARK] 1654769452145,CSR
glCanvas.js:1127 [BENCHMARK] 1654769452174,CSR
glCanvas.js:1127 [BENCHMARK] 1654769452176,CSR
glCanvas.js:1127 [BENCHMARK] 1654769452205,CSR
glCanvas.js:1127 [BENCHMARK] 1654769452207,CSR
glCanvas.js:1127 [BENCHMARK] 1654769452445,CSR
glCanvas.js:1127 [BENCHMARK] 1654769452447,CSR
glCanvas.js:1127 [BENCHMARK] 1654769452476,CSR
glCanvas.js:1127 [BENCHMARK] 1654769452478,CSR
glCanvas.js:1127 [BENCHMARK] 1654769452507,CSR
glCanvas.js:1127 [BENCHMARK] 1654769452509,CSR
glCanvas.js:1127 [BENCHMARK] 1654769452539,CSR
glCanvas.js:1127 [BENCHMARK] 1654769452541,CSR
glCanvas.js:1127 [BENCHMARK] 1654769452571,CSR
glCanvas.js:1127 [BENCHMARK] 1654769452574,CSR
glCanvas.js:1127 [BENCHMARK] 1654769452602,CSR
glCanvas.js:1127 [BENCHMARK] 1654769452605,CSR
glCanvas.js:1127 [BENCHMARK] 1654769452634,CSR
glCanvas.js:1127 [BENCHMARK] 1654769452636,CSR
glCanvas.js:1127 [BENCHMARK] 1654769452665,CSR
glCanvas.js:1127 [BENCHMARK] 1654769452667,CSR
glCanvas.js:1127 [BENCHMARK] 1654769452694,CSR
glCanvas.js:1127 [BENCHMARK] 1654769452695,CSR
glCanvas.js:1127 [BENCHMARK] 1654769452725,CSR
glCanvas.js:1127 [BENCHMARK] 1654769452726,CSR
glCanvas.js:1127 [BENCHMARK] 1654769452977,CSR
glCanvas.js:1127 [BENCHMARK] 1654769454150,CSR
glCanvas.js:1127 [BENCHMARK] 1654769457765,CSR
glCanvas.js:1127 [BENCHMARK] 1654769457966,CSR
glCanvas.js:1127 [BENCHMARK] 1654769458168,CSR
glCanvas.js:1127 [BENCHMARK] 1654769458370,CSR
glCanvas.js:1127 [BENCHMARK] 1654769458572,CSR
glCanvas.js:1127 [BENCHMARK] 1654769458825,CSR
glCanvas.js:1127 [BENCHMARK] 1654769459833,CSR
glCanvas.js:1127 [BENCHMARK] 1654769461782,CSR
glCanvas.js:1127 [BENCHMARK] 1654769461851,CSR
glCanvas.js:1127 [BENCHMARK] 1654769461925,CSR
glCanvas.js:1127 [BENCHMARK] 1654769461996,CSR
glCanvas.js:1127 [BENCHMARK] 1654769462068,CSR
glCanvas.js:1127 [BENCHMARK] 1654769462140,CSR
glCanvas.js:1127 [BENCHMARK] 1654769462212,CSR
glCanvas.js:1127 [BENCHMARK] 1654769462283,CSR
glCanvas.js:1127 [BENCHMARK] 1654769462356,CSR
glCanvas.js:1127 [BENCHMARK] 1654769462428,CSR
glCanvas.js:1127 [BENCHMARK] 1654769462681,CSR
glCanvas.js:1127 [BENCHMARK] 1654769462708,CSR
glCanvas.js:1127 [BENCHMARK] 1654769462779,CSR
glCanvas.js:1127 [BENCHMARK] 1654769462849,CSR
glCanvas.js:1127 [BENCHMARK] 1654769462921,CSR
glCanvas.js:1127 [BENCHMARK] 1654769462993,CSR
glCanvas.js:1127 [BENCHMARK] 1654769463071,CSR
glCanvas.js:1127 [BENCHMARK] 1654769463134,CSR
glCanvas.js:1127 [BENCHMARK] 1654769463207,CSR
glCanvas.js:1127 [BENCHMARK] 1654769463279,CSR
glCanvas.js:1127 [BENCHMARK] 1654769463350,CSR
glCanvas.js:1127 [BENCHMARK] 1654769463432,CSR
glCanvas.js:1127 [BENCHMARK] 1654769463531,CSR
glCanvas.js:1127 [BENCHMARK] 1654769463534,CSR
glCanvas.js:1127 [BENCHMARK] 1654769463602,CSR
glCanvas.js:1127 [BENCHMARK] 1654769464609,CSR
glCanvas.js:1127 [BENCHMARK] 1654769465637,CSR
glCanvas.js:1127 [BENCHMARK] 1654769465838,CSR
glCanvas.js:1127 [BENCHMARK] 1654769466040,CSR
glCanvas.js:1127 [BENCHMARK] 1654769466297,CSR
glCanvas.js:1127 [BENCHMARK] 1654769467305,CSR
glCanvas.js:1127 [BENCHMARK] 1654769468250,CSR
glCanvas.js:1127 [BENCHMARK] 1654769468350,CSR
glCanvas.js:1127 [BENCHMARK] 1654769468452,CSR
glCanvas.js:1127 [BENCHMARK] 1654769468555,CSR
glCanvas.js:1127 [BENCHMARK] 1654769468657,CSR
glCanvas.js:1127 [BENCHMARK] 1654769468913,CSR
glCanvas.js:1127 [BENCHMARK] 1654769469921,CSR
glCanvas.js:1127 [BENCHMARK] 1654769470767,CSR
glCanvas.js:1127 [BENCHMARK] 1654769470797,CSR
glCanvas.js:1127 [BENCHMARK] 1654769470828,CSR
glCanvas.js:1127 [BENCHMARK] 1654769470858,CSR
glCanvas.js:1127 [BENCHMARK] 1654769470890,CSR
glCanvas.js:1127 [BENCHMARK] 1654769470922,CSR
glCanvas.js:1127 [BENCHMARK] 1654769470954,CSR
glCanvas.js:1127 [BENCHMARK] 1654769470984,CSR
glCanvas.js:1127 [BENCHMARK] 1654769471015,CSR
glCanvas.js:1127 [BENCHMARK] 1654769471047,CSR
glCanvas.js:1127 [BENCHMARK] 1654769471286,CSR
glCanvas.js:1127 [BENCHMARK] 1654769471317,CSR
glCanvas.js:1127 [BENCHMARK] 1654769471348,CSR
glCanvas.js:1127 [BENCHMARK] 1654769471380,CSR
glCanvas.js:1127 [BENCHMARK] 1654769471411,CSR
glCanvas.js:1127 [BENCHMARK] 1654769471442,CSR
glCanvas.js:1127 [BENCHMARK] 1654769471474,CSR
glCanvas.js:1127 [BENCHMARK] 1654769471504,CSR
glCanvas.js:1127 [BENCHMARK] 1654769471536,CSR
glCanvas.js:1127 [BENCHMARK] 1654769471568,CSR
glCanvas.js:1127 [BENCHMARK] 1654769471818,CSR
glCanvas.js:1127 [BENCHMARK] 1654769471824,CSR
glCanvas.js:1127 [BENCHMARK] 1654769471896,CSR
glCanvas.js:1127 [BENCHMARK] 1654769471993,CSR
glCanvas.js:1127 [BENCHMARK] 1654769472038,CSR
glCanvas.js:1127 [BENCHMARK] 1654769472111,CSR
glCanvas.js:1127 [BENCHMARK] 1654769472361,CSR
glCanvas.js:1127 [BENCHMARK] 1654769473369,CSR
glCanvas.js:1127 [BENCHMARK] 1654769475194,CSR
glCanvas.js:1127 [BENCHMARK] 1654769475293,CSR
glCanvas.js:1127 [BENCHMARK] 1654769475295,CSR
glCanvas.js:1127 [BENCHMARK] 1654769476399,CSR
glCanvas.js:1127 [BENCHMARK] 1654769476402,CSR
glCanvas.js:1127 [BENCHMARK] 1654769476419,CSR
glCanvas.js:1127 [BENCHMARK] 1654769476421,CSR
glCanvas.js:1127 [BENCHMARK] 1654769476422,CSR
glCanvas.js:1127 [BENCHMARK] 1654769476423,CSR
glCanvas.js:1127 [BENCHMARK] 1654769476435,CSR
glCanvas.js:1127 [BENCHMARK] 1654769476436,CSR
glCanvas.js:1127 [BENCHMARK] 1654769476448,CSR
glCanvas.js:1127 [BENCHMARK] 1654769476449,CSR
glCanvas.js:1127 [BENCHMARK] 1654769476461,CSR
glCanvas.js:1127 [BENCHMARK] 1654769476461,CSR
glCanvas.js:1127 [BENCHMARK] 1654769476474,CSR
glCanvas.js:1127 [BENCHMARK] 1654769476475,CSR
glCanvas.js:1127 [BENCHMARK] 1654769476487,CSR
glCanvas.js:1127 [BENCHMARK] 1654769476488,CSR
glCanvas.js:1127 [BENCHMARK] 1654769476500,CSR
glCanvas.js:1127 [BENCHMARK] 1654769476501,CSR
glCanvas.js:1127 [BENCHMARK] 1654769476512,CSR
glCanvas.js:1127 [BENCHMARK] 1654769476513,CSR
glCanvas.js:1127 [BENCHMARK] 1654769476529,CSR
glCanvas.js:1127 [BENCHMARK] 1654769476632,CSR
glCanvas.js:1127 [BENCHMARK] 1654769476635,CSR
glCanvas.js:1127 [BENCHMARK] 1654769476769,CSR
glCanvas.js:1127 [BENCHMARK] 1654769477777,CSR
glCanvas.js:1127 [BENCHMARK] 1654769478737,CSR
glCanvas.js:1127 [BENCHMARK] 1654769478739,CSR
glCanvas.js:1127 [BENCHMARK] 1654769478938,CSR
glCanvas.js:1127 [BENCHMARK] 1654769478940,CSR
glCanvas.js:1127 [BENCHMARK] 1654769479141,CSR
glCanvas.js:1127 [BENCHMARK] 1654769479143,CSR
glCanvas.js:1127 [BENCHMARK] 1654769479393,CSR
glCanvas.js:1127 [BENCHMARK] 1654769480401,CSR
glCanvas.js:1127 [BENCHMARK] 1654769482351,CSR
glCanvas.js:1127 [BENCHMARK] 1654769482451,CSR
glCanvas.js:1127 [BENCHMARK] 1654769482553,CSR
glCanvas.js:1127 [BENCHMARK] 1654769482655,CSR
glCanvas.js:1127 [BENCHMARK] 1654769482757,CSR
glCanvas.js:1127 [BENCHMARK] 1654769483009,CSR
glCanvas.js:1127 [BENCHMARK] 1654769483061,CSR
glCanvas.js:1127 [BENCHMARK] 1654769483163,CSR
glCanvas.js:1127 [BENCHMARK] 1654769483265,CSR
glCanvas.js:1127 [BENCHMARK] 1654769483368,CSR
glCanvas.js:1127 [BENCHMARK] 1654769483469,CSR
glCanvas.js:1127 [BENCHMARK] 1654769483569,CSR
glCanvas.js:1127 [BENCHMARK] 1654769483671,CSR
glCanvas.js:1127 [BENCHMARK] 1654769483774,CSR
glCanvas.js:1127 [BENCHMARK] 1654769483874,CSR
glCanvas.js:1127 [BENCHMARK] 1654769483977,CSR
glCanvas.js:1127 [BENCHMARK] 1654769484233,CSR
glCanvas.js:1127 [BENCHMARK] 1654769484287,CSR
glCanvas.js:1127 [BENCHMARK] 1654769484359,CSR
glCanvas.js:1127 [BENCHMARK] 1654769484429,CSR
glCanvas.js:1127 [BENCHMARK] 1654769484501,CSR
glCanvas.js:1127 [BENCHMARK] 1654769484572,CSR
glCanvas.js:1127 [BENCHMARK] 1654769484644,CSR
glCanvas.js:1127 [BENCHMARK] 1654769484716,CSR
glCanvas.js:1127 [BENCHMARK] 1654769484788,CSR
glCanvas.js:1127 [BENCHMARK] 1654769484859,CSR
glCanvas.js:1127 [BENCHMARK] 1654769484930,CSR
glCanvas.js:1127 [BENCHMARK] 1654769485185,CSR
glCanvas.js:1127 [BENCHMARK] 1654769486193,CSR
glCanvas.js:1127 [BENCHMARK] 1654769487013,CSR
glCanvas.js:1127 [BENCHMARK] 1654769487113,CSR
glCanvas.js:1127 [BENCHMARK] 1654769487115,CSR
glCanvas.js:1127 [BENCHMARK] 1654769488219,CSR
glCanvas.js:1127 [BENCHMARK] 1654769488221,CSR
glCanvas.js:1127 [BENCHMARK] 1654769488247,CSR
glCanvas.js:1127 [BENCHMARK] 1654769488249,CSR
glCanvas.js:1127 [BENCHMARK] 1654769488278,CSR
glCanvas.js:1127 [BENCHMARK] 1654769488279,CSR
glCanvas.js:1127 [BENCHMARK] 1654769488308,CSR
glCanvas.js:1127 [BENCHMARK] 1654769488309,CSR
glCanvas.js:1127 [BENCHMARK] 1654769488340,CSR
glCanvas.js:1127 [BENCHMARK] 1654769488342,CSR
glCanvas.js:1127 [BENCHMARK] 1654769488372,CSR
glCanvas.js:1127 [BENCHMARK] 1654769488374,CSR
glCanvas.js:1127 [BENCHMARK] 1654769488403,CSR
glCanvas.js:1127 [BENCHMARK] 1654769488405,CSR
glCanvas.js:1127 [BENCHMARK] 1654769488435,CSR
glCanvas.js:1127 [BENCHMARK] 1654769488437,CSR
glCanvas.js:1127 [BENCHMARK] 1654769488466,CSR
glCanvas.js:1127 [BENCHMARK] 1654769488469,CSR
glCanvas.js:1127 [BENCHMARK] 1654769488498,CSR
glCanvas.js:1127 [BENCHMARK] 1654769488500,CSR
glCanvas.js:1127 [BENCHMARK] 1654769488737,CSR
glCanvas.js:1127 [BENCHMARK] 1654769488739,CSR
glCanvas.js:1127 [BENCHMARK] 1654769488769,CSR
glCanvas.js:1127 [BENCHMARK] 1654769488771,CSR
glCanvas.js:1127 [BENCHMARK] 1654769488801,CSR
glCanvas.js:1127 [BENCHMARK] 1654769488803,CSR
glCanvas.js:1127 [BENCHMARK] 1654769488832,CSR
glCanvas.js:1127 [BENCHMARK] 1654769488834,CSR
glCanvas.js:1127 [BENCHMARK] 1654769488864,CSR
glCanvas.js:1127 [BENCHMARK] 1654769488866,CSR
glCanvas.js:1127 [BENCHMARK] 1654769488895,CSR
glCanvas.js:1127 [BENCHMARK] 1654769488897,CSR
glCanvas.js:1127 [BENCHMARK] 1654769488926,CSR
glCanvas.js:1127 [BENCHMARK] 1654769488928,CSR
glCanvas.js:1127 [BENCHMARK] 1654769488958,CSR
glCanvas.js:1127 [BENCHMARK] 1654769488961,CSR
glCanvas.js:1127 [BENCHMARK] 1654769488990,CSR
glCanvas.js:1127 [BENCHMARK] 1654769488993,CSR
glCanvas.js:1127 [BENCHMARK] 1654769489022,CSR
glCanvas.js:1127 [BENCHMARK] 1654769489024,CSR
glCanvas.js:1127 [BENCHMARK] 1654769489261,CSR
glCanvas.js:1127 [BENCHMARK] 1654769489263,CSR
glCanvas.js:1127 [BENCHMARK] 1654769489292,CSR
glCanvas.js:1127 [BENCHMARK] 1654769489294,CSR
glCanvas.js:1127 [BENCHMARK] 1654769489322,CSR
glCanvas.js:1127 [BENCHMARK] 1654769489323,CSR
glCanvas.js:1127 [BENCHMARK] 1654769489353,CSR
glCanvas.js:1127 [BENCHMARK] 1654769489355,CSR
glCanvas.js:1127 [BENCHMARK] 1654769489386,CSR
glCanvas.js:1127 [BENCHMARK] 1654769489388,CSR
glCanvas.js:1127 [BENCHMARK] 1654769489417,CSR
glCanvas.js:1127 [BENCHMARK] 1654769489419,CSR
glCanvas.js:1127 [BENCHMARK] 1654769489447,CSR
glCanvas.js:1127 [BENCHMARK] 1654769489450,CSR
glCanvas.js:1127 [BENCHMARK] 1654769489479,CSR
glCanvas.js:1127 [BENCHMARK] 1654769489481,CSR
glCanvas.js:1127 [BENCHMARK] 1654769489510,CSR
glCanvas.js:1127 [BENCHMARK] 1654769489512,CSR
glCanvas.js:1127 [BENCHMARK] 1654769489542,CSR
glCanvas.js:1127 [BENCHMARK] 1654769489544,CSR
glCanvas.js:1127 [BENCHMARK] 1654769489793,CSR
glCanvas.js:1127 [BENCHMARK] 1654769490801,CSR
