glCanvas.js:1107 [BENCHMARK] 1654768258327,X
glCanvas.js:1107 [BENCHMARK] 1654768258334,X
glCanvas.js:1107 [BENCHMARK] 1654768258339,X
glCanvas.js:1107 [BENCHMARK] 1654768258762,X
glCanvas.js:1107 [BENCHMARK] 1654768258983,X
glCanvas.js:1127 [BENCHMARK] 1654768259435,CSR
manager.js:159 [BENCHMARK] 1654768260065,firstRender
glCanvas.js:1127 [BENCHMARK] 1654768260086,CSR
glCanvas.js:1127 [BENCHMARK] 1654768260091,CSR
glCanvas.js:1127 [BENCHMARK] 1654768260099,CSR
glCanvas.js:1127 [BENCHMARK] 1654768260103,CSR
glCanvas.js:1127 [BENCHMARK] 1654768260110,CSR
glCanvas.js:1127 [BENCHMARK] 1654768260114,CSR
glCanvas.js:1127 [BENCHMARK] 1654768260160,CSR
glCanvas.js:1127 [BENCHMARK] 1654768260167,CSR
glCanvas.js:1127 [BENCHMARK] 1654768260171,CSR
glCanvas.js:1127 [BENCHMARK] 1654768260176,CSR
glCanvas.js:1127 [BENCHMARK] 1654768260198,CSR
glCanvas.js:1127 [BENCHMARK] 1654768260236,CSR
glCanvas.js:1127 [BENCHMARK] 1654768260243,CSR
glCanvas.js:1127 [BENCHMARK] 1654768260250,CSR
glCanvas.js:1127 [BENCHMARK] 1654768260258,CSR
glCanvas.js:1127 [BENCHMARK] 1654768260264,CSR
glCanvas.js:1127 [BENCHMARK] 1654768260272,CSR
glCanvas.js:1127 [BENCHMARK] 1654768260290,CSR
glCanvas.js:1127 [BENCHMARK] 1654768260301,CSR
glCanvas.js:1127 [BENCHMARK] 1654768260416,CSR
glCanvas.js:1127 [BENCHMARK] 1654768260822,CSR
glCanvas.js:1127 [BENCHMARK] 1654768260877,CSR
glCanvas.js:1127 [BENCHMARK] 1654768260925,CSR
glCanvas.js:1127 [BENCHMARK] 1654768260993,CSR
glCanvas.js:1127 [BENCHMARK] 1654768261040,CSR
glCanvas.js:1127 [BENCHMARK] 1654768261090,CSR
glCanvas.js:1127 [BENCHMARK] 1654768261132,CSR
glCanvas.js:1127 [BENCHMARK] 1654768261217,CSR
glCanvas.js:1127 [BENCHMARK] 1654768261269,CSR
glCanvas.js:1127 [BENCHMARK] 1654768261334,CSR
glCanvas.js:1127 [BENCHMARK] 1654768261368,CSR
glCanvas.js:1127 [BENCHMARK] 1654768261371,SSR
glCanvas.js:1127 [BENCHMARK] 1654768261518,SSR
glCanvas.js:1127 [BENCHMARK] 1654768261587,SSR
glCanvas.js:1127 [BENCHMARK] 1654768261698,SSR
glCanvas.js:1127 [BENCHMARK] 1654768261702,SSR
glCanvas.js:1127 [BENCHMARK] 1654768261760,SSR
glCanvas.js:1127 [BENCHMARK] 1654768261923,SSR
glCanvas.js:1127 [BENCHMARK] 1654768262025,SSR
glCanvas.js:1127 [BENCHMARK] 1654768262078,SSR
glCanvas.js:1127 [BENCHMARK] 1654768262118,SSR
glCanvas.js:1127 [BENCHMARK] 1654768262168,SSR
glCanvas.js:1127 [BENCHMARK] 1654768262206,SSR
glCanvas.js:1127 [BENCHMARK] 1654768262255,SSR
glCanvas.js:1127 [BENCHMARK] 1654768262294,SSR
glCanvas.js:1127 [BENCHMARK] 1654768262333,SSR
glCanvas.js:1127 [BENCHMARK] 1654768262375,SSR
glCanvas.js:1127 [BENCHMARK] 1654768262415,SSR
glCanvas.js:1127 [BENCHMARK] 1654768262453,SSR
glCanvas.js:1127 [BENCHMARK] 1654768262489,CSR
glCanvas.js:1127 [BENCHMARK] 1654768262492,CSR
glCanvas.js:1127 [BENCHMARK] 1654768262522,CSR
glCanvas.js:1127 [BENCHMARK] 1654768262524,CSR
glCanvas.js:1127 [BENCHMARK] 1654768262538,CSR
glCanvas.js:1127 [BENCHMARK] 1654768262542,CSR
glCanvas.js:1127 [BENCHMARK] 1654768262561,CSR
glCanvas.js:1127 [BENCHMARK] 1654768262563,CSR
glCanvas.js:1127 [BENCHMARK] 1654768262574,CSR
glCanvas.js:1127 [BENCHMARK] 1654768262576,CSR
glCanvas.js:1107 [BENCHMARK] 1654768262587,X
glCanvas.js:1107 [BENCHMARK] 1654768262589,X
glCanvas.js:1107 [BENCHMARK] 1654768262600,X
glCanvas.js:1107 [BENCHMARK] 1654768262602,X
glCanvas.js:1107 [BENCHMARK] 1654768262615,X
glCanvas.js:1107 [BENCHMARK] 1654768262616,X
glCanvas.js:1107 [BENCHMARK] 1654768262627,X
glCanvas.js:1107 [BENCHMARK] 1654768262628,X
glCanvas.js:1107 [BENCHMARK] 1654768262642,X
glCanvas.js:1107 [BENCHMARK] 1654768262644,X
glCanvas.js:1107 [BENCHMARK] 1654768262671,X
glCanvas.js:1107 [BENCHMARK] 1654768262685,X
glCanvas.js:1107 [BENCHMARK] 1654768262689,X
glCanvas.js:1107 [BENCHMARK] 1654768262693,X
glCanvas.js:1107 [BENCHMARK] 1654768262702,X
glCanvas.js:1107 [BENCHMARK] 1654768262707,X
glCanvas.js:1107 [BENCHMARK] 1654768262711,X
glCanvas.js:1107 [BENCHMARK] 1654768262715,X
glCanvas.js:1107 [BENCHMARK] 1654768262773,X
glCanvas.js:1107 [BENCHMARK] 1654768262780,X
glCanvas.js:1107 [BENCHMARK] 1654768262800,X
glCanvas.js:1107 [BENCHMARK] 1654768262866,X
glCanvas.js:1107 [BENCHMARK] 1654768262867,X
glCanvas.js:1107 [BENCHMARK] 1654768262878,X
glCanvas.js:1107 [BENCHMARK] 1654768262879,X
glCanvas.js:1107 [BENCHMARK] 1654768262891,X
glCanvas.js:1107 [BENCHMARK] 1654768262892,X
glCanvas.js:1107 [BENCHMARK] 1654768262903,X
glCanvas.js:1107 [BENCHMARK] 1654768262904,X
glCanvas.js:1107 [BENCHMARK] 1654768262915,X
glCanvas.js:1107 [BENCHMARK] 1654768262916,X
glCanvas.js:1107 [BENCHMARK] 1654768262928,X
glCanvas.js:1107 [BENCHMARK] 1654768262929,X
glCanvas.js:1107 [BENCHMARK] 1654768262941,X
glCanvas.js:1107 [BENCHMARK] 1654768262942,X
glCanvas.js:1107 [BENCHMARK] 1654768262954,X
glCanvas.js:1107 [BENCHMARK] 1654768262955,X
glCanvas.js:1107 [BENCHMARK] 1654768262967,X
glCanvas.js:1107 [BENCHMARK] 1654768262968,X
glCanvas.js:1107 [BENCHMARK] 1654768262979,X
glCanvas.js:1107 [BENCHMARK] 1654768262980,X
glCanvas.js:1107 [BENCHMARK] 1654768263200,X
glCanvas.js:1107 [BENCHMARK] 1654768263202,X
glCanvas.js:1107 [BENCHMARK] 1654768263213,X
glCanvas.js:1107 [BENCHMARK] 1654768263215,X
glCanvas.js:1107 [BENCHMARK] 1654768263226,X
glCanvas.js:1107 [BENCHMARK] 1654768263227,X
glCanvas.js:1127 [BENCHMARK] 1654768263238,SSR
glCanvas.js:1127 [BENCHMARK] 1654768263240,SSR
glCanvas.js:1127 [BENCHMARK] 1654768263251,SSR
glCanvas.js:1127 [BENCHMARK] 1654768263253,SSR
glCanvas.js:1127 [BENCHMARK] 1654768263264,SSR
glCanvas.js:1127 [BENCHMARK] 1654768263266,SSR
glCanvas.js:1127 [BENCHMARK] 1654768263276,SSR
glCanvas.js:1127 [BENCHMARK] 1654768263278,SSR
glCanvas.js:1127 [BENCHMARK] 1654768263289,SSR
glCanvas.js:1127 [BENCHMARK] 1654768263291,SSR
glCanvas.js:1127 [BENCHMARK] 1654768263302,SSR
glCanvas.js:1127 [BENCHMARK] 1654768263303,SSR
glCanvas.js:1127 [BENCHMARK] 1654768263315,SSR
glCanvas.js:1127 [BENCHMARK] 1654768263317,SSR
glCanvas.js:1127 [BENCHMARK] 1654768263535,SSR
glCanvas.js:1127 [BENCHMARK] 1654768263538,SSR
glCanvas.js:1127 [BENCHMARK] 1654768263542,SSR
glCanvas.js:1127 [BENCHMARK] 1654768263544,SSR
glCanvas.js:1127 [BENCHMARK] 1654768263552,SSR
glCanvas.js:1127 [BENCHMARK] 1654768263555,SSR
glCanvas.js:1127 [BENCHMARK] 1654768263559,SSR
glCanvas.js:1127 [BENCHMARK] 1654768263562,SSR
glCanvas.js:1107 [BENCHMARK] 1654768263571,X
glCanvas.js:1107 [BENCHMARK] 1654768263573,X
glCanvas.js:1107 [BENCHMARK] 1654768263575,X
glCanvas.js:1107 [BENCHMARK] 1654768263576,X
glCanvas.js:1107 [BENCHMARK] 1654768263578,X
glCanvas.js:1107 [BENCHMARK] 1654768263578,X
glCanvas.js:1107 [BENCHMARK] 1654768263580,X
glCanvas.js:1107 [BENCHMARK] 1654768263580,X
glCanvas.js:1107 [BENCHMARK] 1654768263584,X
glCanvas.js:1107 [BENCHMARK] 1654768263585,X
glCanvas.js:1107 [BENCHMARK] 1654768263589,X
glCanvas.js:1107 [BENCHMARK] 1654768263590,X
glCanvas.js:1107 [BENCHMARK] 1654768263802,X
glCanvas.js:1107 [BENCHMARK] 1654768263803,X
glCanvas.js:1107 [BENCHMARK] 1654768263808,X
glCanvas.js:1107 [BENCHMARK] 1654768263809,X
glCanvas.js:1107 [BENCHMARK] 1654768263814,X
glCanvas.js:1107 [BENCHMARK] 1654768263815,X
glCanvas.js:1107 [BENCHMARK] 1654768263820,X
glCanvas.js:1107 [BENCHMARK] 1654768263820,X
glCanvas.js:1107 [BENCHMARK] 1654768263825,X
glCanvas.js:1107 [BENCHMARK] 1654768263826,X
glCanvas.js:1107 [BENCHMARK] 1654768263831,X
glCanvas.js:1107 [BENCHMARK] 1654768263832,X
glCanvas.js:1107 [BENCHMARK] 1654768263837,X
glCanvas.js:1107 [BENCHMARK] 1654768263838,X
glCanvas.js:1107 [BENCHMARK] 1654768263842,X
glCanvas.js:1107 [BENCHMARK] 1654768263843,X
glCanvas.js:1127 [BENCHMARK] 1654768263848,SSR
glCanvas.js:1127 [BENCHMARK] 1654768263849,SSR
glCanvas.js:1107 [BENCHMARK] 1654768263854,X
glCanvas.js:1107 [BENCHMARK] 1654768263854,X
glCanvas.js:1107 [BENCHMARK] 1654768264105,X
glCanvas.js:1127 [BENCHMARK] 1654768264386,SSR
glCanvas.js:1127 [BENCHMARK] 1654768264415,CSR
glCanvas.js:1127 [BENCHMARK] 1654768264420,CSR
glCanvas.js:1127 [BENCHMARK] 1654768264426,CSR
glCanvas.js:1127 [BENCHMARK] 1654768264429,CSR
glCanvas.js:1127 [BENCHMARK] 1654768264432,CSR
glCanvas.js:1127 [BENCHMARK] 1654768264457,CSR
glCanvas.js:1127 [BENCHMARK] 1654768264460,CSR
glCanvas.js:1127 [BENCHMARK] 1654768264463,CSR
glCanvas.js:1127 [BENCHMARK] 1654768264476,CSR
glCanvas.js:1127 [BENCHMARK] 1654768264564,CSR
glCanvas.js:1127 [BENCHMARK] 1654768264646,CSR
glCanvas.js:1127 [BENCHMARK] 1654768264662,CSR
glCanvas.js:1127 [BENCHMARK] 1654768264682,CSR
glCanvas.js:1127 [BENCHMARK] 1654768264693,CSR
glCanvas.js:1127 [BENCHMARK] 1654768264695,CSR
glCanvas.js:1127 [BENCHMARK] 1654768264710,CSR
glCanvas.js:1127 [BENCHMARK] 1654768264715,CSR
glCanvas.js:1127 [BENCHMARK] 1654768264718,CSR
glCanvas.js:1127 [BENCHMARK] 1654768264733,CSR
glCanvas.js:1127 [BENCHMARK] 1654768264777,CSR
glCanvas.js:1127 [BENCHMARK] 1654768264864,CSR
glCanvas.js:1127 [BENCHMARK] 1654768264868,CSR
glCanvas.js:1127 [BENCHMARK] 1654768264878,CSR
glCanvas.js:1127 [BENCHMARK] 1654768264888,CSR
glCanvas.js:1127 [BENCHMARK] 1654768264906,CSR
glCanvas.js:1127 [BENCHMARK] 1654768264910,CSR
glCanvas.js:1127 [BENCHMARK] 1654768264919,CSR
glCanvas.js:1127 [BENCHMARK] 1654768264933,CSR
glCanvas.js:1127 [BENCHMARK] 1654768264935,CSR
glCanvas.js:1127 [BENCHMARK] 1654768264943,CSR
glCanvas.js:1127 [BENCHMARK] 1654768264970,CSR
glCanvas.js:1127 [BENCHMARK] 1654768264973,SSR
glCanvas.js:1127 [BENCHMARK] 1654768265065,CSR
glCanvas.js:1127 [BENCHMARK] 1654768265070,CSR
glCanvas.js:1127 [BENCHMARK] 1654768265072,CSR
glCanvas.js:1127 [BENCHMARK] 1654768265075,CSR
glCanvas.js:1127 [BENCHMARK] 1654768265087,CSR
glCanvas.js:1127 [BENCHMARK] 1654768265090,CSR
glCanvas.js:1127 [BENCHMARK] 1654768265092,CSR
glCanvas.js:1127 [BENCHMARK] 1654768265103,CSR
glCanvas.js:1127 [BENCHMARK] 1654768265105,CSR
glCanvas.js:1127 [BENCHMARK] 1654768265108,CSR
glCanvas.js:1127 [BENCHMARK] 1654768265123,CSR
glCanvas.js:1127 [BENCHMARK] 1654768265129,CSR
glCanvas.js:1127 [BENCHMARK] 1654768265132,CSR
glCanvas.js:1127 [BENCHMARK] 1654768265156,CSR
glCanvas.js:1127 [BENCHMARK] 1654768265160,CSR
glCanvas.js:1127 [BENCHMARK] 1654768265180,CSR
glCanvas.js:1127 [BENCHMARK] 1654768265183,CSR
glCanvas.js:1127 [BENCHMARK] 1654768265186,CSR
glCanvas.js:1127 [BENCHMARK] 1654768265243,CSR
glCanvas.js:1127 [BENCHMARK] 1654768265248,CSR
glCanvas.js:1127 [BENCHMARK] 1654768265253,CSR
glCanvas.js:1127 [BENCHMARK] 1654768265270,CSR
glCanvas.js:1127 [BENCHMARK] 1654768265275,CSR
glCanvas.js:1127 [BENCHMARK] 1654768265279,CSR
glCanvas.js:1127 [BENCHMARK] 1654768265292,CSR
glCanvas.js:1127 [BENCHMARK] 1654768265297,CSR
glCanvas.js:1127 [BENCHMARK] 1654768265301,CSR
glCanvas.js:1127 [BENCHMARK] 1654768265321,CSR
glCanvas.js:1127 [BENCHMARK] 1654768265325,CSR
glCanvas.js:1127 [BENCHMARK] 1654768265329,CSR
glCanvas.js:1127 [BENCHMARK] 1654768265345,CSR
glCanvas.js:1127 [BENCHMARK] 1654768265476,CSR
glCanvas.js:1127 [BENCHMARK] 1654768265540,CSR
glCanvas.js:1127 [BENCHMARK] 1654768265551,CSR
glCanvas.js:1127 [BENCHMARK] 1654768265560,CSR
glCanvas.js:1127 [BENCHMARK] 1654768265576,CSR
glCanvas.js:1127 [BENCHMARK] 1654768265583,CSR
glCanvas.js:1127 [BENCHMARK] 1654768265590,CSR
glCanvas.js:1127 [BENCHMARK] 1654768265599,CSR
glCanvas.js:1127 [BENCHMARK] 1654768265605,CSR
glCanvas.js:1127 [BENCHMARK] 1654768265619,CSR
glCanvas.js:1127 [BENCHMARK] 1654768265625,CSR
glCanvas.js:1127 [BENCHMARK] 1654768265630,CSR
glCanvas.js:1127 [BENCHMARK] 1654768265686,CSR
glCanvas.js:1127 [BENCHMARK] 1654768265785,CSR
glCanvas.js:1127 [BENCHMARK] 1654768265814,CSR
glCanvas.js:1127 [BENCHMARK] 1654768265819,CSR
glCanvas.js:1127 [BENCHMARK] 1654768265822,CSR
glCanvas.js:1127 [BENCHMARK] 1654768265835,CSR
glCanvas.js:1127 [BENCHMARK] 1654768265837,CSR
glCanvas.js:1127 [BENCHMARK] 1654768265840,CSR
glCanvas.js:1127 [BENCHMARK] 1654768265857,CSR
glCanvas.js:1127 [BENCHMARK] 1654768265860,CSR
glCanvas.js:1127 [BENCHMARK] 1654768265862,CSR
glCanvas.js:1127 [BENCHMARK] 1654768265878,CSR
glCanvas.js:1127 [BENCHMARK] 1654768265880,CSR
glCanvas.js:1127 [BENCHMARK] 1654768265883,CSR
glCanvas.js:1127 [BENCHMARK] 1654768265900,CSR
glCanvas.js:1127 [BENCHMARK] 1654768265906,CSR
glCanvas.js:1127 [BENCHMARK] 1654768265908,CSR
glCanvas.js:1127 [BENCHMARK] 1654768265920,CSR
glCanvas.js:1127 [BENCHMARK] 1654768265923,CSR
glCanvas.js:1127 [BENCHMARK] 1654768265926,CSR
glCanvas.js:1127 [BENCHMARK] 1654768265945,CSR
glCanvas.js:1127 [BENCHMARK] 1654768265948,CSR
glCanvas.js:1127 [BENCHMARK] 1654768265951,CSR
glCanvas.js:1127 [BENCHMARK] 1654768265965,CSR
glCanvas.js:1127 [BENCHMARK] 1654768265968,CSR
glCanvas.js:1127 [BENCHMARK] 1654768265970,CSR
glCanvas.js:1127 [BENCHMARK] 1654768265981,CSR
glCanvas.js:1127 [BENCHMARK] 1654768265997,CSR
glCanvas.js:1127 [BENCHMARK] 1654768266003,CSR
glCanvas.js:1127 [BENCHMARK] 1654768266005,CSR
glCanvas.js:1127 [BENCHMARK] 1654768266018,CSR
glCanvas.js:1127 [BENCHMARK] 1654768266083,CSR
glCanvas.js:1127 [BENCHMARK] 1654768266087,CSR
glCanvas.js:1127 [BENCHMARK] 1654768266129,CSR
glCanvas.js:1127 [BENCHMARK] 1654768266133,CSR
glCanvas.js:1127 [BENCHMARK] 1654768266136,CSR
glCanvas.js:1127 [BENCHMARK] 1654768266138,CSR
glCanvas.js:1127 [BENCHMARK] 1654768266141,CSR
glCanvas.js:1127 [BENCHMARK] 1654768266143,CSR
glCanvas.js:1127 [BENCHMARK] 1654768266148,CSR
glCanvas.js:1127 [BENCHMARK] 1654768266151,CSR
glCanvas.js:1127 [BENCHMARK] 1654768266154,CSR
glCanvas.js:1127 [BENCHMARK] 1654768266156,CSR
glCanvas.js:1127 [BENCHMARK] 1654768266187,CSR
glCanvas.js:1127 [BENCHMARK] 1654768266190,CSR
glCanvas.js:1127 [BENCHMARK] 1654768266193,CSR
glCanvas.js:1127 [BENCHMARK] 1654768266196,CSR
glCanvas.js:1127 [BENCHMARK] 1654768266200,CSR
glCanvas.js:1127 [BENCHMARK] 1654768266203,CSR
glCanvas.js:1127 [BENCHMARK] 1654768266207,CSR
glCanvas.js:1127 [BENCHMARK] 1654768266210,CSR
glCanvas.js:1127 [BENCHMARK] 1654768266419,CSR
glCanvas.js:1127 [BENCHMARK] 1654768266421,CSR
glCanvas.js:1127 [BENCHMARK] 1654768266429,CSR
glCanvas.js:1127 [BENCHMARK] 1654768266433,CSR
glCanvas.js:1127 [BENCHMARK] 1654768266437,CSR
glCanvas.js:1127 [BENCHMARK] 1654768266439,CSR
glCanvas.js:1127 [BENCHMARK] 1654768266443,CSR
glCanvas.js:1127 [BENCHMARK] 1654768266445,CSR
glCanvas.js:1127 [BENCHMARK] 1654768266468,CSR
glCanvas.js:1127 [BENCHMARK] 1654768266470,CSR
glCanvas.js:1127 [BENCHMARK] 1654768266472,CSR
glCanvas.js:1127 [BENCHMARK] 1654768266473,CSR
glCanvas.js:1127 [BENCHMARK] 1654768266475,CSR
glCanvas.js:1127 [BENCHMARK] 1654768266476,CSR
glCanvas.js:1127 [BENCHMARK] 1654768266477,CSR
glCanvas.js:1127 [BENCHMARK] 1654768266479,CSR
glCanvas.js:1127 [BENCHMARK] 1654768266480,CSR
glCanvas.js:1127 [BENCHMARK] 1654768266482,CSR
glCanvas.js:1127 [BENCHMARK] 1654768266484,CSR
glCanvas.js:1127 [BENCHMARK] 1654768266486,CSR
glCanvas.js:1127 [BENCHMARK] 1654768266759,CSR
glCanvas.js:1127 [BENCHMARK] 1654768267088,CSR
glCanvas.js:1127 [BENCHMARK] 1654768267094,CSR
glCanvas.js:1127 [BENCHMARK] 1654768267097,CSR
glCanvas.js:1127 [BENCHMARK] 1654768267100,CSR
glCanvas.js:1127 [BENCHMARK] 1654768267115,CSR
glCanvas.js:1127 [BENCHMARK] 1654768267118,CSR
glCanvas.js:1127 [BENCHMARK] 1654768267121,CSR
glCanvas.js:1127 [BENCHMARK] 1654768267138,CSR
glCanvas.js:1127 [BENCHMARK] 1654768267141,CSR
glCanvas.js:1127 [BENCHMARK] 1654768267143,CSR
glCanvas.js:1127 [BENCHMARK] 1654768267483,CSR
glCanvas.js:1127 [BENCHMARK] 1654768267490,CSR
glCanvas.js:1127 [BENCHMARK] 1654768267495,CSR
glCanvas.js:1127 [BENCHMARK] 1654768267500,CSR
glCanvas.js:1127 [BENCHMARK] 1654768267507,CSR
glCanvas.js:1127 [BENCHMARK] 1654768267512,CSR
glCanvas.js:1127 [BENCHMARK] 1654768267514,CSR
glCanvas.js:1127 [BENCHMARK] 1654768267536,CSR
glCanvas.js:1127 [BENCHMARK] 1654768267538,CSR
glCanvas.js:1127 [BENCHMARK] 1654768267540,CSR
glCanvas.js:1127 [BENCHMARK] 1654768267542,CSR
glCanvas.js:1127 [BENCHMARK] 1654768267543,CSR
glCanvas.js:1127 [BENCHMARK] 1654768267545,CSR
glCanvas.js:1127 [BENCHMARK] 1654768267558,CSR
glCanvas.js:1127 [BENCHMARK] 1654768267560,CSR
glCanvas.js:1127 [BENCHMARK] 1654768267562,CSR
glCanvas.js:1127 [BENCHMARK] 1654768267563,CSR
glCanvas.js:1127 [BENCHMARK] 1654768267573,CSR
glCanvas.js:1127 [BENCHMARK] 1654768267575,CSR
glCanvas.js:1127 [BENCHMARK] 1654768267577,CSR
glCanvas.js:1127 [BENCHMARK] 1654768267588,CSR
glCanvas.js:1127 [BENCHMARK] 1654768267591,CSR
glCanvas.js:1127 [BENCHMARK] 1654768267594,CSR
glCanvas.js:1127 [BENCHMARK] 1654768267722,CSR
glCanvas.js:1127 [BENCHMARK] 1654768267765,CSR
glCanvas.js:1127 [BENCHMARK] 1654768267769,CSR
glCanvas.js:1127 [BENCHMARK] 1654768267773,CSR
glCanvas.js:1127 [BENCHMARK] 1654768267784,CSR
glCanvas.js:1127 [BENCHMARK] 1654768267785,CSR
glCanvas.js:1127 [BENCHMARK] 1654768267787,CSR
glCanvas.js:1127 [BENCHMARK] 1654768267788,CSR
glCanvas.js:1127 [BENCHMARK] 1654768267804,CSR
glCanvas.js:1127 [BENCHMARK] 1654768267806,CSR
glCanvas.js:1127 [BENCHMARK] 1654768267807,CSR
glCanvas.js:1127 [BENCHMARK] 1654768267810,CSR
glCanvas.js:1127 [BENCHMARK] 1654768267813,CSR
glCanvas.js:1127 [BENCHMARK] 1654768267816,CSR
glCanvas.js:1127 [BENCHMARK] 1654768267821,CSR
glCanvas.js:1127 [BENCHMARK] 1654768267855,CSR
glCanvas.js:1127 [BENCHMARK] 1654768267858,CSR
glCanvas.js:1127 [BENCHMARK] 1654768267861,CSR
glCanvas.js:1127 [BENCHMARK] 1654768267866,CSR
glCanvas.js:1127 [BENCHMARK] 1654768267869,CSR
glCanvas.js:1127 [BENCHMARK] 1654768267871,CSR
glCanvas.js:1127 [BENCHMARK] 1654768267899,CSR
glCanvas.js:1127 [BENCHMARK] 1654768267903,CSR
glCanvas.js:1127 [BENCHMARK] 1654768267939,CSR
glCanvas.js:1127 [BENCHMARK] 1654768267979,CSR
glCanvas.js:1127 [BENCHMARK] 1654768268006,CSR
glCanvas.js:1127 [BENCHMARK] 1654768268021,CSR
glCanvas.js:1127 [BENCHMARK] 1654768268058,CSR
glCanvas.js:1127 [BENCHMARK] 1654768268060,CSR
glCanvas.js:1127 [BENCHMARK] 1654768268069,CSR
glCanvas.js:1127 [BENCHMARK] 1654768268085,CSR
glCanvas.js:1127 [BENCHMARK] 1654768268087,CSR
glCanvas.js:1127 [BENCHMARK] 1654768268094,CSR
glCanvas.js:1127 [BENCHMARK] 1654768268097,CSR
glCanvas.js:1127 [BENCHMARK] 1654768268099,CSR
glCanvas.js:1127 [BENCHMARK] 1654768268119,CSR
glCanvas.js:1127 [BENCHMARK] 1654768268122,CSR
glCanvas.js:1127 [BENCHMARK] 1654768268133,CSR
glCanvas.js:1127 [BENCHMARK] 1654768268136,CSR
glCanvas.js:1127 [BENCHMARK] 1654768268138,CSR
glCanvas.js:1127 [BENCHMARK] 1654768268149,CSR
glCanvas.js:1127 [BENCHMARK] 1654768268160,CSR
glCanvas.js:1127 [BENCHMARK] 1654768268162,CSR
glCanvas.js:1127 [BENCHMARK] 1654768268187,CSR
glCanvas.js:1127 [BENCHMARK] 1654768268312,CSR
glCanvas.js:1127 [BENCHMARK] 1654768268335,CSR
glCanvas.js:1127 [BENCHMARK] 1654768268338,CSR
glCanvas.js:1127 [BENCHMARK] 1654768268347,CSR
glCanvas.js:1127 [BENCHMARK] 1654768268351,CSR
glCanvas.js:1127 [BENCHMARK] 1654768268355,CSR
glCanvas.js:1127 [BENCHMARK] 1654768268386,CSR
glCanvas.js:1127 [BENCHMARK] 1654768268389,CSR
glCanvas.js:1127 [BENCHMARK] 1654768268394,CSR
glCanvas.js:1127 [BENCHMARK] 1654768268410,CSR
glCanvas.js:1127 [BENCHMARK] 1654768268415,CSR
glCanvas.js:1127 [BENCHMARK] 1654768268419,CSR
glCanvas.js:1127 [BENCHMARK] 1654768268424,CSR
glCanvas.js:1127 [BENCHMARK] 1654768268437,CSR
glCanvas.js:1127 [BENCHMARK] 1654768268445,CSR
glCanvas.js:1127 [BENCHMARK] 1654768268458,CSR
glCanvas.js:1127 [BENCHMARK] 1654768268471,CSR
glCanvas.js:1127 [BENCHMARK] 1654768268484,CSR
glCanvas.js:1127 [BENCHMARK] 1654768268498,CSR
glCanvas.js:1127 [BENCHMARK] 1654768268511,CSR
glCanvas.js:1127 [BENCHMARK] 1654768268530,CSR
glCanvas.js:1127 [BENCHMARK] 1654768268551,CSR
glCanvas.js:1127 [BENCHMARK] 1654768268568,CSR
glCanvas.js:1127 [BENCHMARK] 1654768268587,CSR
glCanvas.js:1127 [BENCHMARK] 1654768268594,CSR
glCanvas.js:1127 [BENCHMARK] 1654768268597,CSR
glCanvas.js:1127 [BENCHMARK] 1654768268608,CSR
glCanvas.js:1127 [BENCHMARK] 1654768268613,CSR
glCanvas.js:1127 [BENCHMARK] 1654768268640,CSR
glCanvas.js:1127 [BENCHMARK] 1654768268643,CSR
glCanvas.js:1127 [BENCHMARK] 1654768268752,CSR
glCanvas.js:1127 [BENCHMARK] 1654768268761,CSR
glCanvas.js:1127 [BENCHMARK] 1654768268769,CSR
glCanvas.js:1127 [BENCHMARK] 1654768268816,CSR
glCanvas.js:1127 [BENCHMARK] 1654768268820,CSR
glCanvas.js:1127 [BENCHMARK] 1654768268823,CSR
glCanvas.js:1127 [BENCHMARK] 1654768268825,CSR
glCanvas.js:1127 [BENCHMARK] 1654768268836,CSR
glCanvas.js:1127 [BENCHMARK] 1654768268839,CSR
glCanvas.js:1127 [BENCHMARK] 1654768268842,CSR
glCanvas.js:1127 [BENCHMARK] 1654768268856,CSR
glCanvas.js:1127 [BENCHMARK] 1654768268858,CSR
glCanvas.js:1127 [BENCHMARK] 1654768268860,CSR
glCanvas.js:1127 [BENCHMARK] 1654768268872,CSR
glCanvas.js:1127 [BENCHMARK] 1654768268884,CSR
glCanvas.js:1127 [BENCHMARK] 1654768268890,CSR
glCanvas.js:1127 [BENCHMARK] 1654768268896,CSR
glCanvas.js:1127 [BENCHMARK] 1654768268912,CSR
glCanvas.js:1127 [BENCHMARK] 1654768268919,CSR
glCanvas.js:1127 [BENCHMARK] 1654768268931,CSR
glCanvas.js:1127 [BENCHMARK] 1654768268953,CSR
glCanvas.js:1127 [BENCHMARK] 1654768268970,CSR
glCanvas.js:1127 [BENCHMARK] 1654768269032,CSR
glCanvas.js:1127 [BENCHMARK] 1654768269062,CSR
glCanvas.js:1127 [BENCHMARK] 1654768269073,CSR
glCanvas.js:1127 [BENCHMARK] 1654768269078,CSR
glCanvas.js:1127 [BENCHMARK] 1654768269085,CSR
glCanvas.js:1127 [BENCHMARK] 1654768269091,CSR
glCanvas.js:1127 [BENCHMARK] 1654768269098,CSR
glCanvas.js:1127 [BENCHMARK] 1654768269114,CSR
glCanvas.js:1127 [BENCHMARK] 1654768269120,CSR
glCanvas.js:1127 [BENCHMARK] 1654768269126,CSR
glCanvas.js:1127 [BENCHMARK] 1654768269130,CSR
glCanvas.js:1127 [BENCHMARK] 1654768269144,CSR
glCanvas.js:1127 [BENCHMARK] 1654768269149,CSR
glCanvas.js:1127 [BENCHMARK] 1654768269157,CSR
glCanvas.js:1127 [BENCHMARK] 1654768269180,CSR
glCanvas.js:1127 [BENCHMARK] 1654768269188,CSR
glCanvas.js:1127 [BENCHMARK] 1654768269196,CSR
glCanvas.js:1127 [BENCHMARK] 1654768269209,CSR
glCanvas.js:1127 [BENCHMARK] 1654768269216,CSR
glCanvas.js:1127 [BENCHMARK] 1654768269222,CSR
glCanvas.js:1127 [BENCHMARK] 1654768269253,CSR
glCanvas.js:1127 [BENCHMARK] 1654768269284,CSR
glCanvas.js:1127 [BENCHMARK] 1654768269294,CSR
glCanvas.js:1127 [BENCHMARK] 1654768269298,CSR
glCanvas.js:1127 [BENCHMARK] 1654768269308,CSR
glCanvas.js:1127 [BENCHMARK] 1654768269311,CSR
glCanvas.js:1127 [BENCHMARK] 1654768269314,CSR
glCanvas.js:1127 [BENCHMARK] 1654768269354,CSR
glCanvas.js:1127 [BENCHMARK] 1654768269363,CSR
glCanvas.js:1127 [BENCHMARK] 1654768269366,CSR
glCanvas.js:1127 [BENCHMARK] 1654768269370,CSR
glCanvas.js:1127 [BENCHMARK] 1654768269374,CSR
glCanvas.js:1127 [BENCHMARK] 1654768269376,CSR
glCanvas.js:1127 [BENCHMARK] 1654768269393,CSR
glCanvas.js:1127 [BENCHMARK] 1654768269422,CSR
glCanvas.js:1127 [BENCHMARK] 1654768269427,CSR
glCanvas.js:1127 [BENCHMARK] 1654768269430,CSR
glCanvas.js:1127 [BENCHMARK] 1654768269433,CSR
glCanvas.js:1127 [BENCHMARK] 1654768269445,CSR
glCanvas.js:1127 [BENCHMARK] 1654768269451,CSR
glCanvas.js:1127 [BENCHMARK] 1654768269470,CSR
glCanvas.js:1127 [BENCHMARK] 1654768269501,CSR
glCanvas.js:1127 [BENCHMARK] 1654768269507,CSR
glCanvas.js:1127 [BENCHMARK] 1654768269513,CSR
glCanvas.js:1127 [BENCHMARK] 1654768269523,CSR
glCanvas.js:1127 [BENCHMARK] 1654768269527,CSR
glCanvas.js:1127 [BENCHMARK] 1654768269550,CSR
glCanvas.js:1127 [BENCHMARK] 1654768269555,CSR
glCanvas.js:1127 [BENCHMARK] 1654768269564,CSR
glCanvas.js:1127 [BENCHMARK] 1654768269582,CSR
glCanvas.js:1127 [BENCHMARK] 1654768269585,CSR
glCanvas.js:1127 [BENCHMARK] 1654768269594,CSR
glCanvas.js:1127 [BENCHMARK] 1654768269598,CSR
glCanvas.js:1127 [BENCHMARK] 1654768269601,CSR
glCanvas.js:1127 [BENCHMARK] 1654768269623,CSR
glCanvas.js:1127 [BENCHMARK] 1654768269645,CSR
glCanvas.js:1127 [BENCHMARK] 1654768269653,CSR
glCanvas.js:1127 [BENCHMARK] 1654768269694,CSR
glCanvas.js:1127 [BENCHMARK] 1654768269700,CSR
glCanvas.js:1127 [BENCHMARK] 1654768269711,CSR
glCanvas.js:1127 [BENCHMARK] 1654768269721,CSR
glCanvas.js:1127 [BENCHMARK] 1654768269735,CSR
glCanvas.js:1127 [BENCHMARK] 1654768269739,CSR
glCanvas.js:1127 [BENCHMARK] 1654768269743,CSR
filmbox2.js:1550 [BENCHMARK] 1654768269745,fullLoad
glCanvas.js:1127 [BENCHMARK] 1654768269788,CSR
glCanvas.js:1127 [BENCHMARK] 1654768270738,CSR
glCanvas.js:1127 [BENCHMARK] 1654768270741,CSR
glCanvas.js:1127 [BENCHMARK] 1654768270743,CSR
glCanvas.js:1127 [BENCHMARK] 1654768270744,CSR
glCanvas.js:1127 [BENCHMARK] 1654768270755,CSR
glCanvas.js:1127 [BENCHMARK] 1654768270756,CSR
glCanvas.js:1127 [BENCHMARK] 1654768270757,CSR
glCanvas.js:1127 [BENCHMARK] 1654768270758,CSR
glCanvas.js:1127 [BENCHMARK] 1654768270760,CSR
glCanvas.js:1127 [BENCHMARK] 1654768270760,CSR
glCanvas.js:1127 [BENCHMARK] 1654768270769,CSR
glCanvas.js:1127 [BENCHMARK] 1654768270770,CSR
glCanvas.js:1127 [BENCHMARK] 1654768270772,CSR
glCanvas.js:1127 [BENCHMARK] 1654768270774,CSR
glCanvas.js:1127 [BENCHMARK] 1654768270776,CSR
glCanvas.js:1127 [BENCHMARK] 1654768270777,CSR
glCanvas.js:1127 [BENCHMARK] 1654768270781,CSR
glCanvas.js:1127 [BENCHMARK] 1654768270783,CSR
glCanvas.js:1127 [BENCHMARK] 1654768270787,CSR
glCanvas.js:1127 [BENCHMARK] 1654768270788,CSR
glCanvas.js:1127 [BENCHMARK] 1654768271001,CSR
glCanvas.js:1127 [BENCHMARK] 1654768271004,CSR
glCanvas.js:1127 [BENCHMARK] 1654768271007,CSR
glCanvas.js:1127 [BENCHMARK] 1654768271010,CSR
glCanvas.js:1127 [BENCHMARK] 1654768271013,CSR
glCanvas.js:1127 [BENCHMARK] 1654768271015,CSR
glCanvas.js:1127 [BENCHMARK] 1654768271023,CSR
glCanvas.js:1127 [BENCHMARK] 1654768271025,CSR
glCanvas.js:1127 [BENCHMARK] 1654768271029,CSR
glCanvas.js:1127 [BENCHMARK] 1654768271030,CSR
glCanvas.js:1127 [BENCHMARK] 1654768271031,CSR
glCanvas.js:1127 [BENCHMARK] 1654768271032,CSR
glCanvas.js:1127 [BENCHMARK] 1654768271034,CSR
glCanvas.js:1127 [BENCHMARK] 1654768271035,CSR
glCanvas.js:1127 [BENCHMARK] 1654768271040,CSR
glCanvas.js:1127 [BENCHMARK] 1654768271041,CSR
glCanvas.js:1127 [BENCHMARK] 1654768271045,CSR
glCanvas.js:1127 [BENCHMARK] 1654768271046,CSR
glCanvas.js:1127 [BENCHMARK] 1654768271051,CSR
glCanvas.js:1127 [BENCHMARK] 1654768271052,CSR
glCanvas.js:1127 [BENCHMARK] 1654768271265,CSR
glCanvas.js:1127 [BENCHMARK] 1654768271269,CSR
glCanvas.js:1127 [BENCHMARK] 1654768271274,CSR
glCanvas.js:1127 [BENCHMARK] 1654768271277,CSR
glCanvas.js:1127 [BENCHMARK] 1654768271280,CSR
glCanvas.js:1127 [BENCHMARK] 1654768271282,CSR
glCanvas.js:1127 [BENCHMARK] 1654768271291,CSR
glCanvas.js:1127 [BENCHMARK] 1654768271293,CSR
glCanvas.js:1127 [BENCHMARK] 1654768271294,CSR
glCanvas.js:1127 [BENCHMARK] 1654768271295,CSR
glCanvas.js:1127 [BENCHMARK] 1654768271297,CSR
glCanvas.js:1127 [BENCHMARK] 1654768271297,CSR
glCanvas.js:1127 [BENCHMARK] 1654768271299,CSR
glCanvas.js:1127 [BENCHMARK] 1654768271300,CSR
glCanvas.js:1127 [BENCHMARK] 1654768271329,CSR
glCanvas.js:1127 [BENCHMARK] 1654768271330,CSR
glCanvas.js:1127 [BENCHMARK] 1654768271331,CSR
glCanvas.js:1127 [BENCHMARK] 1654768271332,CSR
glCanvas.js:1127 [BENCHMARK] 1654768271333,CSR
glCanvas.js:1127 [BENCHMARK] 1654768271334,CSR
glCanvas.js:1127 [BENCHMARK] 1654768271528,CSR
glCanvas.js:1127 [BENCHMARK] 1654768271531,CSR
glCanvas.js:1127 [BENCHMARK] 1654768271533,CSR
glCanvas.js:1127 [BENCHMARK] 1654768271534,CSR
glCanvas.js:1127 [BENCHMARK] 1654768271539,CSR
glCanvas.js:1127 [BENCHMARK] 1654768271540,CSR
glCanvas.js:1127 [BENCHMARK] 1654768271544,CSR
glCanvas.js:1127 [BENCHMARK] 1654768271545,CSR
glCanvas.js:1127 [BENCHMARK] 1654768271550,CSR
glCanvas.js:1127 [BENCHMARK] 1654768271551,CSR
glCanvas.js:1127 [BENCHMARK] 1654768271555,CSR
glCanvas.js:1127 [BENCHMARK] 1654768271556,CSR
glCanvas.js:1127 [BENCHMARK] 1654768271583,CSR
glCanvas.js:1127 [BENCHMARK] 1654768271584,CSR
glCanvas.js:1127 [BENCHMARK] 1654768271586,CSR
glCanvas.js:1127 [BENCHMARK] 1654768271587,CSR
glCanvas.js:1127 [BENCHMARK] 1654768271588,CSR
glCanvas.js:1127 [BENCHMARK] 1654768271589,CSR
glCanvas.js:1127 [BENCHMARK] 1654768271591,CSR
glCanvas.js:1127 [BENCHMARK] 1654768271592,CSR
glCanvas.js:1127 [BENCHMARK] 1654768271593,CSR
glCanvas.js:1127 [BENCHMARK] 1654768271594,CSR
glCanvas.js:1127 [BENCHMARK] 1654768271595,CSR
glCanvas.js:1127 [BENCHMARK] 1654768271596,CSR
glCanvas.js:1127 [BENCHMARK] 1654768271803,CSR
glCanvas.js:1127 [BENCHMARK] 1654768271805,CSR
glCanvas.js:1127 [BENCHMARK] 1654768271808,CSR
glCanvas.js:1127 [BENCHMARK] 1654768271809,CSR
glCanvas.js:1127 [BENCHMARK] 1654768271814,CSR
glCanvas.js:1127 [BENCHMARK] 1654768271815,CSR
glCanvas.js:1127 [BENCHMARK] 1654768271823,CSR
glCanvas.js:1127 [BENCHMARK] 1654768271824,CSR
glCanvas.js:1127 [BENCHMARK] 1654768271826,CSR
glCanvas.js:1127 [BENCHMARK] 1654768271827,CSR
glCanvas.js:1127 [BENCHMARK] 1654768271831,CSR
glCanvas.js:1127 [BENCHMARK] 1654768271833,CSR
glCanvas.js:1127 [BENCHMARK] 1654768271837,CSR
glCanvas.js:1127 [BENCHMARK] 1654768271839,CSR
glCanvas.js:1127 [BENCHMARK] 1654768271842,CSR
glCanvas.js:1127 [BENCHMARK] 1654768271843,CSR
glCanvas.js:1127 [BENCHMARK] 1654768271857,CSR
glCanvas.js:1127 [BENCHMARK] 1654768271858,CSR
glCanvas.js:1127 [BENCHMARK] 1654768271859,CSR
glCanvas.js:1127 [BENCHMARK] 1654768271860,CSR
glCanvas.js:1127 [BENCHMARK] 1654768271862,CSR
glCanvas.js:1127 [BENCHMARK] 1654768271863,CSR
glCanvas.js:1127 [BENCHMARK] 1654768271864,CSR
glCanvas.js:1127 [BENCHMARK] 1654768271865,CSR
glCanvas.js:1127 [BENCHMARK] 1654768271874,CSR
glCanvas.js:1127 [BENCHMARK] 1654768271977,CSR
glCanvas.js:1127 [BENCHMARK] 1654768271980,CSR
glCanvas.js:1127 [BENCHMARK] 1654768272121,CSR
glCanvas.js:1127 [BENCHMARK] 1654768273082,CSR
glCanvas.js:1127 [BENCHMARK] 1654768273086,CSR
glCanvas.js:1127 [BENCHMARK] 1654768273092,CSR
glCanvas.js:1127 [BENCHMARK] 1654768273098,CSR
glCanvas.js:1127 [BENCHMARK] 1654768273104,CSR
glCanvas.js:1127 [BENCHMARK] 1654768273112,CSR
glCanvas.js:1127 [BENCHMARK] 1654768273115,CSR
glCanvas.js:1127 [BENCHMARK] 1654768273120,CSR
glCanvas.js:1127 [BENCHMARK] 1654768273126,CSR
glCanvas.js:1127 [BENCHMARK] 1654768273132,CSR
glCanvas.js:1127 [BENCHMARK] 1654768273346,CSR
glCanvas.js:1127 [BENCHMARK] 1654768273351,CSR
glCanvas.js:1127 [BENCHMARK] 1654768273358,CSR
glCanvas.js:1127 [BENCHMARK] 1654768273363,CSR
glCanvas.js:1127 [BENCHMARK] 1654768273368,CSR
glCanvas.js:1127 [BENCHMARK] 1654768273374,CSR
glCanvas.js:1127 [BENCHMARK] 1654768273392,CSR
glCanvas.js:1127 [BENCHMARK] 1654768273393,CSR
glCanvas.js:1127 [BENCHMARK] 1654768273395,CSR
glCanvas.js:1127 [BENCHMARK] 1654768273396,CSR
glCanvas.js:1127 [BENCHMARK] 1654768273611,CSR
glCanvas.js:1127 [BENCHMARK] 1654768273618,CSR
glCanvas.js:1127 [BENCHMARK] 1654768273623,CSR
glCanvas.js:1127 [BENCHMARK] 1654768273628,CSR
glCanvas.js:1127 [BENCHMARK] 1654768273633,CSR
glCanvas.js:1127 [BENCHMARK] 1654768273639,CSR
glCanvas.js:1127 [BENCHMARK] 1654768273651,CSR
glCanvas.js:1127 [BENCHMARK] 1654768273652,CSR
glCanvas.js:1127 [BENCHMARK] 1654768273655,CSR
glCanvas.js:1127 [BENCHMARK] 1654768273661,CSR
glCanvas.js:1127 [BENCHMARK] 1654768273913,CSR
glCanvas.js:1127 [BENCHMARK] 1654768274675,CSR
glCanvas.js:1127 [BENCHMARK] 1654768274677,CSR
glCanvas.js:1127 [BENCHMARK] 1654768274687,CSR
glCanvas.js:1127 [BENCHMARK] 1654768274689,CSR
glCanvas.js:1127 [BENCHMARK] 1654768274699,CSR
glCanvas.js:1127 [BENCHMARK] 1654768274700,CSR
glCanvas.js:1127 [BENCHMARK] 1654768274712,CSR
glCanvas.js:1127 [BENCHMARK] 1654768274713,CSR
glCanvas.js:1127 [BENCHMARK] 1654768274725,CSR
glCanvas.js:1127 [BENCHMARK] 1654768274726,CSR
glCanvas.js:1127 [BENCHMARK] 1654768274739,CSR
glCanvas.js:1127 [BENCHMARK] 1654768274742,CSR
glCanvas.js:1127 [BENCHMARK] 1654768274751,CSR
glCanvas.js:1127 [BENCHMARK] 1654768274753,CSR
glCanvas.js:1127 [BENCHMARK] 1654768274764,CSR
glCanvas.js:1127 [BENCHMARK] 1654768274764,CSR
glCanvas.js:1127 [BENCHMARK] 1654768274776,CSR
glCanvas.js:1127 [BENCHMARK] 1654768274777,CSR
glCanvas.js:1127 [BENCHMARK] 1654768274790,CSR
glCanvas.js:1127 [BENCHMARK] 1654768274791,CSR
glCanvas.js:1127 [BENCHMARK] 1654768275012,CSR
glCanvas.js:1127 [BENCHMARK] 1654768275015,CSR
glCanvas.js:1127 [BENCHMARK] 1654768275025,CSR
glCanvas.js:1127 [BENCHMARK] 1654768275027,CSR
glCanvas.js:1127 [BENCHMARK] 1654768275038,CSR
glCanvas.js:1127 [BENCHMARK] 1654768275041,CSR
glCanvas.js:1127 [BENCHMARK] 1654768275051,CSR
glCanvas.js:1127 [BENCHMARK] 1654768275053,CSR
glCanvas.js:1127 [BENCHMARK] 1654768275063,CSR
glCanvas.js:1127 [BENCHMARK] 1654768275065,CSR
glCanvas.js:1127 [BENCHMARK] 1654768275076,CSR
glCanvas.js:1127 [BENCHMARK] 1654768275078,CSR
glCanvas.js:1127 [BENCHMARK] 1654768275090,CSR
glCanvas.js:1127 [BENCHMARK] 1654768275092,CSR
glCanvas.js:1127 [BENCHMARK] 1654768275102,CSR
glCanvas.js:1127 [BENCHMARK] 1654768275103,CSR
glCanvas.js:1127 [BENCHMARK] 1654768275114,CSR
glCanvas.js:1127 [BENCHMARK] 1654768275116,CSR
glCanvas.js:1127 [BENCHMARK] 1654768275127,CSR
glCanvas.js:1127 [BENCHMARK] 1654768275130,CSR
glCanvas.js:1127 [BENCHMARK] 1654768275348,CSR
glCanvas.js:1127 [BENCHMARK] 1654768275350,CSR
glCanvas.js:1127 [BENCHMARK] 1654768275361,CSR
glCanvas.js:1127 [BENCHMARK] 1654768275363,CSR
glCanvas.js:1127 [BENCHMARK] 1654768275373,CSR
glCanvas.js:1127 [BENCHMARK] 1654768275376,CSR
glCanvas.js:1127 [BENCHMARK] 1654768275385,CSR
glCanvas.js:1127 [BENCHMARK] 1654768275386,CSR
glCanvas.js:1127 [BENCHMARK] 1654768275398,CSR
glCanvas.js:1127 [BENCHMARK] 1654768275399,CSR
glCanvas.js:1127 [BENCHMARK] 1654768275411,CSR
glCanvas.js:1127 [BENCHMARK] 1654768275413,CSR
glCanvas.js:1127 [BENCHMARK] 1654768275424,CSR
glCanvas.js:1127 [BENCHMARK] 1654768275426,CSR
glCanvas.js:1127 [BENCHMARK] 1654768275438,CSR
glCanvas.js:1127 [BENCHMARK] 1654768275440,CSR
glCanvas.js:1127 [BENCHMARK] 1654768275450,CSR
glCanvas.js:1127 [BENCHMARK] 1654768275451,CSR
glCanvas.js:1127 [BENCHMARK] 1654768275463,CSR
glCanvas.js:1127 [BENCHMARK] 1654768275464,CSR
glCanvas.js:1127 [BENCHMARK] 1654768275684,CSR
glCanvas.js:1127 [BENCHMARK] 1654768275686,CSR
glCanvas.js:1127 [BENCHMARK] 1654768275697,CSR
glCanvas.js:1127 [BENCHMARK] 1654768275700,CSR
glCanvas.js:1127 [BENCHMARK] 1654768275710,CSR
glCanvas.js:1127 [BENCHMARK] 1654768275712,CSR
glCanvas.js:1127 [BENCHMARK] 1654768275722,CSR
glCanvas.js:1127 [BENCHMARK] 1654768275724,CSR
glCanvas.js:1127 [BENCHMARK] 1654768275735,CSR
glCanvas.js:1127 [BENCHMARK] 1654768275736,CSR
glCanvas.js:1127 [BENCHMARK] 1654768275751,CSR
glCanvas.js:1127 [BENCHMARK] 1654768275753,CSR
glCanvas.js:1127 [BENCHMARK] 1654768275762,CSR
glCanvas.js:1127 [BENCHMARK] 1654768275764,CSR
glCanvas.js:1127 [BENCHMARK] 1654768275774,CSR
glCanvas.js:1127 [BENCHMARK] 1654768275775,CSR
glCanvas.js:1127 [BENCHMARK] 1654768275786,CSR
glCanvas.js:1127 [BENCHMARK] 1654768275787,CSR
glCanvas.js:1127 [BENCHMARK] 1654768275799,CSR
glCanvas.js:1127 [BENCHMARK] 1654768275800,CSR
glCanvas.js:1127 [BENCHMARK] 1654768276057,CSR
glCanvas.js:1127 [BENCHMARK] 1654768277065,CSR
