glCanvas.js:1107 [BENCHMARK] 1654768199008,X
glCanvas.js:1107 [BENCHMARK] 1654768199019,X
glCanvas.js:1107 [BENCHMARK] 1654768199026,X
glCanvas.js:1107 [BENCHMARK] 1654768199492,X
glCanvas.js:1107 [BENCHMARK] 1654768200119,X
glCanvas.js:1107 [BENCHMARK] 1654768200142,X
glCanvas.js:1107 [BENCHMARK] 1654768200145,X
glCanvas.js:1107 [BENCHMARK] 1654768200152,X
glCanvas.js:1107 [BENCHMARK] 1654768200155,X
glCanvas.js:1107 [BENCHMARK] 1654768200161,X
glCanvas.js:1107 [BENCHMARK] 1654768200163,X
glCanvas.js:1127 [BENCHMARK] 1654768200207,SSR
manager.js:159 [BENCHMARK] 1654768202449,firstRender
glCanvas.js:1127 [BENCHMARK] 1654768202480,CSR
glCanvas.js:1127 [BENCHMARK] 1654768202547,CSR
glCanvas.js:1127 [BENCHMARK] 1654768202549,CSR
glCanvas.js:1127 [BENCHMARK] 1654768202554,CSR
glCanvas.js:1127 [BENCHMARK] 1654768202558,CSR
glCanvas.js:1127 [BENCHMARK] 1654768202586,CSR
glCanvas.js:1127 [BENCHMARK] 1654768202602,CSR
glCanvas.js:1127 [BENCHMARK] 1654768202708,CSR
glCanvas.js:1127 [BENCHMARK] 1654768202719,CSR
glCanvas.js:1127 [BENCHMARK] 1654768202724,CSR
glCanvas.js:1127 [BENCHMARK] 1654768202741,CSR
glCanvas.js:1127 [BENCHMARK] 1654768202749,CSR
glCanvas.js:1127 [BENCHMARK] 1654768202757,CSR
glCanvas.js:1127 [BENCHMARK] 1654768202779,CSR
glCanvas.js:1127 [BENCHMARK] 1654768202785,CSR
glCanvas.js:1127 [BENCHMARK] 1654768203320,CSR
glCanvas.js:1127 [BENCHMARK] 1654768203376,CSR
glCanvas.js:1127 [BENCHMARK] 1654768203539,CSR
glCanvas.js:1127 [BENCHMARK] 1654768203588,CSR
glCanvas.js:1127 [BENCHMARK] 1654768203645,CSR
glCanvas.js:1127 [BENCHMARK] 1654768203657,CSR
glCanvas.js:1127 [BENCHMARK] 1654768203739,CSR
glCanvas.js:1127 [BENCHMARK] 1654768203754,CSR
glCanvas.js:1127 [BENCHMARK] 1654768203757,SSR
glCanvas.js:1127 [BENCHMARK] 1654768203785,SSR
glCanvas.js:1127 [BENCHMARK] 1654768203839,SSR
glCanvas.js:1127 [BENCHMARK] 1654768203882,SSR
glCanvas.js:1127 [BENCHMARK] 1654768203952,SSR
glCanvas.js:1127 [BENCHMARK] 1654768204048,SSR
glCanvas.js:1127 [BENCHMARK] 1654768204117,SSR
glCanvas.js:1127 [BENCHMARK] 1654768204133,SSR
glCanvas.js:1127 [BENCHMARK] 1654768204178,CSR
glCanvas.js:1127 [BENCHMARK] 1654768204226,CSR
glCanvas.js:1127 [BENCHMARK] 1654768204269,CSR
glCanvas.js:1127 [BENCHMARK] 1654768204308,CSR
glCanvas.js:1127 [BENCHMARK] 1654768204351,CSR
glCanvas.js:1127 [BENCHMARK] 1654768204389,CSR
glCanvas.js:1127 [BENCHMARK] 1654768204429,CSR
glCanvas.js:1127 [BENCHMARK] 1654768204476,CSR
glCanvas.js:1127 [BENCHMARK] 1654768204514,CSR
glCanvas.js:1127 [BENCHMARK] 1654768204556,CSR
glCanvas.js:1127 [BENCHMARK] 1654768204603,CSR
glCanvas.js:1127 [BENCHMARK] 1654768204655,CSR
glCanvas.js:1127 [BENCHMARK] 1654768204702,CSR
glCanvas.js:1127 [BENCHMARK] 1654768204744,CSR
glCanvas.js:1127 [BENCHMARK] 1654768204792,CSR
glCanvas.js:1127 [BENCHMARK] 1654768204836,CSR
glCanvas.js:1127 [BENCHMARK] 1654768204875,CSR
glCanvas.js:1127 [BENCHMARK] 1654768204882,CSR
glCanvas.js:1127 [BENCHMARK] 1654768204885,CSR
glCanvas.js:1127 [BENCHMARK] 1654768204903,CSR
glCanvas.js:1127 [BENCHMARK] 1654768204906,CSR
glCanvas.js:1127 [BENCHMARK] 1654768204932,CSR
glCanvas.js:1127 [BENCHMARK] 1654768204934,CSR
glCanvas.js:1127 [BENCHMARK] 1654768204955,CSR
glCanvas.js:1127 [BENCHMARK] 1654768204957,CSR
glCanvas.js:1127 [BENCHMARK] 1654768204968,CSR
glCanvas.js:1127 [BENCHMARK] 1654768204970,CSR
glCanvas.js:1127 [BENCHMARK] 1654768204983,CSR
glCanvas.js:1127 [BENCHMARK] 1654768204985,CSR
glCanvas.js:1127 [BENCHMARK] 1654768204998,CSR
glCanvas.js:1127 [BENCHMARK] 1654768205000,CSR
glCanvas.js:1127 [BENCHMARK] 1654768205013,CSR
glCanvas.js:1127 [BENCHMARK] 1654768205015,CSR
glCanvas.js:1127 [BENCHMARK] 1654768205027,CSR
glCanvas.js:1127 [BENCHMARK] 1654768205029,CSR
glCanvas.js:1107 [BENCHMARK] 1654768205044,X
glCanvas.js:1107 [BENCHMARK] 1654768205045,X
glCanvas.js:1107 [BENCHMARK] 1654768205079,X
glCanvas.js:1107 [BENCHMARK] 1654768205087,X
glCanvas.js:1107 [BENCHMARK] 1654768205093,X
glCanvas.js:1107 [BENCHMARK] 1654768205098,X
glCanvas.js:1107 [BENCHMARK] 1654768205197,X
glCanvas.js:1107 [BENCHMARK] 1654768205221,X
glCanvas.js:1107 [BENCHMARK] 1654768205227,X
glCanvas.js:1107 [BENCHMARK] 1654768205234,X
glCanvas.js:1107 [BENCHMARK] 1654768205240,X
glCanvas.js:1107 [BENCHMARK] 1654768205257,X
glCanvas.js:1107 [BENCHMARK] 1654768205260,X
glCanvas.js:1107 [BENCHMARK] 1654768205261,X
glCanvas.js:1107 [BENCHMARK] 1654768205271,X
glCanvas.js:1107 [BENCHMARK] 1654768205274,X
glCanvas.js:1107 [BENCHMARK] 1654768205276,X
glCanvas.js:1107 [BENCHMARK] 1654768205295,X
glCanvas.js:1107 [BENCHMARK] 1654768205296,X
glCanvas.js:1107 [BENCHMARK] 1654768205304,X
glCanvas.js:1107 [BENCHMARK] 1654768205306,X
glCanvas.js:1107 [BENCHMARK] 1654768205318,X
glCanvas.js:1107 [BENCHMARK] 1654768205319,X
glCanvas.js:1107 [BENCHMARK] 1654768205330,X
glCanvas.js:1107 [BENCHMARK] 1654768205331,X
glCanvas.js:1107 [BENCHMARK] 1654768205345,X
glCanvas.js:1107 [BENCHMARK] 1654768205347,X
glCanvas.js:1107 [BENCHMARK] 1654768205356,X
glCanvas.js:1107 [BENCHMARK] 1654768205358,X
glCanvas.js:1107 [BENCHMARK] 1654768205624,X
glCanvas.js:1107 [BENCHMARK] 1654768205626,X
glCanvas.js:1107 [BENCHMARK] 1654768205628,X
glCanvas.js:1107 [BENCHMARK] 1654768205629,X
glCanvas.js:1107 [BENCHMARK] 1654768205630,X
glCanvas.js:1107 [BENCHMARK] 1654768205631,X
glCanvas.js:1107 [BENCHMARK] 1654768205632,X
glCanvas.js:1107 [BENCHMARK] 1654768205633,X
glCanvas.js:1107 [BENCHMARK] 1654768205634,X
glCanvas.js:1107 [BENCHMARK] 1654768205635,X
glCanvas.js:1107 [BENCHMARK] 1654768205639,X
glCanvas.js:1107 [BENCHMARK] 1654768205640,X
glCanvas.js:1107 [BENCHMARK] 1654768205652,X
glCanvas.js:1107 [BENCHMARK] 1654768205653,X
glCanvas.js:1107 [BENCHMARK] 1654768205661,X
glCanvas.js:1107 [BENCHMARK] 1654768205663,X
glCanvas.js:1107 [BENCHMARK] 1654768205674,X
glCanvas.js:1107 [BENCHMARK] 1654768205675,X
glCanvas.js:1107 [BENCHMARK] 1654768205687,X
glCanvas.js:1107 [BENCHMARK] 1654768205688,X
glCanvas.js:1107 [BENCHMARK] 1654768205700,X
glCanvas.js:1107 [BENCHMARK] 1654768205701,X
glCanvas.js:1107 [BENCHMARK] 1654768205712,X
glCanvas.js:1107 [BENCHMARK] 1654768205714,X
glCanvas.js:1107 [BENCHMARK] 1654768205974,X
glCanvas.js:1107 [BENCHMARK] 1654768205975,X
glCanvas.js:1107 [BENCHMARK] 1654768205977,X
glCanvas.js:1107 [BENCHMARK] 1654768205977,X
glCanvas.js:1107 [BENCHMARK] 1654768205979,X
glCanvas.js:1107 [BENCHMARK] 1654768205980,X
glCanvas.js:1107 [BENCHMARK] 1654768205981,X
glCanvas.js:1107 [BENCHMARK] 1654768205982,X
glCanvas.js:1107 [BENCHMARK] 1654768205983,X
glCanvas.js:1107 [BENCHMARK] 1654768205984,X
glCanvas.js:1107 [BENCHMARK] 1654768205986,X
glCanvas.js:1107 [BENCHMARK] 1654768205987,X
glCanvas.js:1107 [BENCHMARK] 1654768205988,X
glCanvas.js:1107 [BENCHMARK] 1654768205989,X
glCanvas.js:1107 [BENCHMARK] 1654768205990,X
glCanvas.js:1107 [BENCHMARK] 1654768205991,X
glCanvas.js:1107 [BENCHMARK] 1654768205992,X
glCanvas.js:1107 [BENCHMARK] 1654768205993,X
glCanvas.js:1107 [BENCHMARK] 1654768205994,X
glCanvas.js:1107 [BENCHMARK] 1654768205994,X
glCanvas.js:1107 [BENCHMARK] 1654768206197,X
glCanvas.js:1107 [BENCHMARK] 1654768206199,X
glCanvas.js:1107 [BENCHMARK] 1654768206203,X
glCanvas.js:1107 [BENCHMARK] 1654768206205,X
glCanvas.js:1107 [BENCHMARK] 1654768206208,X
glCanvas.js:1107 [BENCHMARK] 1654768206210,X
glCanvas.js:1107 [BENCHMARK] 1654768206214,X
glCanvas.js:1107 [BENCHMARK] 1654768206215,X
glCanvas.js:1107 [BENCHMARK] 1654768206220,X
glCanvas.js:1107 [BENCHMARK] 1654768206221,X
glCanvas.js:1107 [BENCHMARK] 1654768206225,X
glCanvas.js:1107 [BENCHMARK] 1654768206226,X
glCanvas.js:1107 [BENCHMARK] 1654768206233,X
glCanvas.js:1107 [BENCHMARK] 1654768206234,X
glCanvas.js:1107 [BENCHMARK] 1654768206237,X
glCanvas.js:1107 [BENCHMARK] 1654768206239,X
glCanvas.js:1127 [BENCHMARK] 1654768206242,SSR
glCanvas.js:1127 [BENCHMARK] 1654768206243,SSR
glCanvas.js:1107 [BENCHMARK] 1654768206248,X
glCanvas.js:1107 [BENCHMARK] 1654768206249,X
glCanvas.js:1107 [BENCHMARK] 1654768206505,X
glCanvas.js:1127 [BENCHMARK] 1654768206754,SSR
glCanvas.js:1127 [BENCHMARK] 1654768206797,CSR
glCanvas.js:1127 [BENCHMARK] 1654768206803,CSR
glCanvas.js:1127 [BENCHMARK] 1654768206806,CSR
glCanvas.js:1127 [BENCHMARK] 1654768206823,CSR
glCanvas.js:1127 [BENCHMARK] 1654768206826,CSR
glCanvas.js:1127 [BENCHMARK] 1654768206830,CSR
glCanvas.js:1127 [BENCHMARK] 1654768206843,CSR
glCanvas.js:1127 [BENCHMARK] 1654768206847,CSR
glCanvas.js:1127 [BENCHMARK] 1654768206851,CSR
glCanvas.js:1127 [BENCHMARK] 1654768206945,CSR
glCanvas.js:1127 [BENCHMARK] 1654768207017,CSR
glCanvas.js:1127 [BENCHMARK] 1654768207031,CSR
glCanvas.js:1127 [BENCHMARK] 1654768207037,CSR
glCanvas.js:1127 [BENCHMARK] 1654768207042,CSR
glCanvas.js:1127 [BENCHMARK] 1654768207055,CSR
glCanvas.js:1127 [BENCHMARK] 1654768207059,CSR
glCanvas.js:1127 [BENCHMARK] 1654768207075,CSR
glCanvas.js:1127 [BENCHMARK] 1654768207079,CSR
glCanvas.js:1127 [BENCHMARK] 1654768207082,CSR
glCanvas.js:1127 [BENCHMARK] 1654768207170,CSR
glCanvas.js:1127 [BENCHMARK] 1654768207242,CSR
glCanvas.js:1127 [BENCHMARK] 1654768207250,CSR
glCanvas.js:1127 [BENCHMARK] 1654768207262,CSR
glCanvas.js:1127 [BENCHMARK] 1654768207268,CSR
glCanvas.js:1127 [BENCHMARK] 1654768207270,CSR
glCanvas.js:1127 [BENCHMARK] 1654768207273,CSR
glCanvas.js:1127 [BENCHMARK] 1654768207301,CSR
glCanvas.js:1127 [BENCHMARK] 1654768207323,CSR
glCanvas.js:1127 [BENCHMARK] 1654768207326,CSR
glCanvas.js:1127 [BENCHMARK] 1654768207331,CSR
glCanvas.js:1127 [BENCHMARK] 1654768207361,CSR
glCanvas.js:1127 [BENCHMARK] 1654768207364,SSR
glCanvas.js:1127 [BENCHMARK] 1654768207458,CSR
glCanvas.js:1127 [BENCHMARK] 1654768207462,CSR
glCanvas.js:1127 [BENCHMARK] 1654768207465,CSR
glCanvas.js:1127 [BENCHMARK] 1654768207468,CSR
glCanvas.js:1127 [BENCHMARK] 1654768207481,CSR
glCanvas.js:1127 [BENCHMARK] 1654768207484,CSR
glCanvas.js:1127 [BENCHMARK] 1654768207487,CSR
glCanvas.js:1127 [BENCHMARK] 1654768207503,CSR
glCanvas.js:1127 [BENCHMARK] 1654768207506,CSR
glCanvas.js:1127 [BENCHMARK] 1654768207512,CSR
glCanvas.js:1127 [BENCHMARK] 1654768207515,CSR
glCanvas.js:1127 [BENCHMARK] 1654768207519,CSR
glCanvas.js:1127 [BENCHMARK] 1654768207538,CSR
glCanvas.js:1127 [BENCHMARK] 1654768207543,CSR
glCanvas.js:1127 [BENCHMARK] 1654768207577,CSR
glCanvas.js:1127 [BENCHMARK] 1654768207593,CSR
glCanvas.js:1127 [BENCHMARK] 1654768207598,CSR
glCanvas.js:1127 [BENCHMARK] 1654768207608,CSR
glCanvas.js:1127 [BENCHMARK] 1654768207614,CSR
glCanvas.js:1127 [BENCHMARK] 1654768207619,CSR
glCanvas.js:1127 [BENCHMARK] 1654768207649,CSR
glCanvas.js:1127 [BENCHMARK] 1654768207669,CSR
glCanvas.js:1127 [BENCHMARK] 1654768207676,CSR
glCanvas.js:1127 [BENCHMARK] 1654768207680,CSR
glCanvas.js:1127 [BENCHMARK] 1654768207701,CSR
glCanvas.js:1127 [BENCHMARK] 1654768207708,CSR
glCanvas.js:1127 [BENCHMARK] 1654768207712,CSR
glCanvas.js:1127 [BENCHMARK] 1654768207729,CSR
glCanvas.js:1127 [BENCHMARK] 1654768207735,CSR
glCanvas.js:1127 [BENCHMARK] 1654768207739,CSR
glCanvas.js:1127 [BENCHMARK] 1654768207753,CSR
glCanvas.js:1127 [BENCHMARK] 1654768207870,CSR
glCanvas.js:1127 [BENCHMARK] 1654768207932,CSR
glCanvas.js:1127 [BENCHMARK] 1654768207943,CSR
glCanvas.js:1127 [BENCHMARK] 1654768207955,CSR
glCanvas.js:1127 [BENCHMARK] 1654768207976,CSR
glCanvas.js:1127 [BENCHMARK] 1654768207985,CSR
glCanvas.js:1127 [BENCHMARK] 1654768207994,CSR
glCanvas.js:1127 [BENCHMARK] 1654768208001,CSR
glCanvas.js:1127 [BENCHMARK] 1654768208006,CSR
glCanvas.js:1127 [BENCHMARK] 1654768208025,CSR
glCanvas.js:1127 [BENCHMARK] 1654768208032,CSR
glCanvas.js:1127 [BENCHMARK] 1654768208038,CSR
glCanvas.js:1127 [BENCHMARK] 1654768208054,CSR
glCanvas.js:1127 [BENCHMARK] 1654768208061,CSR
glCanvas.js:1127 [BENCHMARK] 1654768208068,CSR
glCanvas.js:1127 [BENCHMARK] 1654768208076,CSR
glCanvas.js:1127 [BENCHMARK] 1654768208096,CSR
glCanvas.js:1127 [BENCHMARK] 1654768208100,CSR
glCanvas.js:1127 [BENCHMARK] 1654768208104,CSR
glCanvas.js:1127 [BENCHMARK] 1654768208119,CSR
glCanvas.js:1127 [BENCHMARK] 1654768208124,CSR
glCanvas.js:1127 [BENCHMARK] 1654768208133,CSR
glCanvas.js:1127 [BENCHMARK] 1654768208151,CSR
glCanvas.js:1127 [BENCHMARK] 1654768208158,CSR
glCanvas.js:1127 [BENCHMARK] 1654768208167,CSR
glCanvas.js:1127 [BENCHMARK] 1654768208174,CSR
glCanvas.js:1127 [BENCHMARK] 1654768208179,CSR
glCanvas.js:1127 [BENCHMARK] 1654768208194,CSR
glCanvas.js:1127 [BENCHMARK] 1654768208200,CSR
glCanvas.js:1127 [BENCHMARK] 1654768208206,CSR
glCanvas.js:1127 [BENCHMARK] 1654768208288,CSR
glCanvas.js:1127 [BENCHMARK] 1654768208294,CSR
glCanvas.js:1127 [BENCHMARK] 1654768208351,CSR
glCanvas.js:1127 [BENCHMARK] 1654768208353,CSR
glCanvas.js:1127 [BENCHMARK] 1654768208355,CSR
glCanvas.js:1127 [BENCHMARK] 1654768208389,CSR
glCanvas.js:1127 [BENCHMARK] 1654768208392,CSR
glCanvas.js:1127 [BENCHMARK] 1654768208408,CSR
glCanvas.js:1127 [BENCHMARK] 1654768208420,CSR
glCanvas.js:1127 [BENCHMARK] 1654768208423,CSR
glCanvas.js:1127 [BENCHMARK] 1654768208426,CSR
glCanvas.js:1127 [BENCHMARK] 1654768208428,CSR
glCanvas.js:1127 [BENCHMARK] 1654768208444,CSR
glCanvas.js:1127 [BENCHMARK] 1654768208447,CSR
glCanvas.js:1127 [BENCHMARK] 1654768208449,CSR
glCanvas.js:1127 [BENCHMARK] 1654768208464,CSR
glCanvas.js:1127 [BENCHMARK] 1654768208466,CSR
glCanvas.js:1127 [BENCHMARK] 1654768208468,CSR
glCanvas.js:1127 [BENCHMARK] 1654768208470,CSR
glCanvas.js:1127 [BENCHMARK] 1654768208484,CSR
glCanvas.js:1127 [BENCHMARK] 1654768208486,CSR
glCanvas.js:1127 [BENCHMARK] 1654768208488,CSR
glCanvas.js:1127 [BENCHMARK] 1654768208489,CSR
glCanvas.js:1127 [BENCHMARK] 1654768208490,CSR
glCanvas.js:1127 [BENCHMARK] 1654768208514,CSR
glCanvas.js:1127 [BENCHMARK] 1654768208517,CSR
glCanvas.js:1127 [BENCHMARK] 1654768208521,CSR
glCanvas.js:1127 [BENCHMARK] 1654768208523,CSR
glCanvas.js:1127 [BENCHMARK] 1654768208527,CSR
glCanvas.js:1127 [BENCHMARK] 1654768208530,CSR
glCanvas.js:1127 [BENCHMARK] 1654768208531,CSR
glCanvas.js:1127 [BENCHMARK] 1654768208533,CSR
glCanvas.js:1127 [BENCHMARK] 1654768208569,CSR
glCanvas.js:1127 [BENCHMARK] 1654768208572,CSR
glCanvas.js:1127 [BENCHMARK] 1654768208578,CSR
glCanvas.js:1127 [BENCHMARK] 1654768208579,CSR
glCanvas.js:1127 [BENCHMARK] 1654768208581,CSR
glCanvas.js:1127 [BENCHMARK] 1654768208582,CSR
glCanvas.js:1127 [BENCHMARK] 1654768208584,CSR
glCanvas.js:1127 [BENCHMARK] 1654768208585,CSR
glCanvas.js:1127 [BENCHMARK] 1654768208587,CSR
glCanvas.js:1127 [BENCHMARK] 1654768208618,CSR
glCanvas.js:1127 [BENCHMARK] 1654768208622,CSR
glCanvas.js:1127 [BENCHMARK] 1654768208626,CSR
glCanvas.js:1127 [BENCHMARK] 1654768208643,CSR
glCanvas.js:1127 [BENCHMARK] 1654768208648,CSR
glCanvas.js:1127 [BENCHMARK] 1654768208651,CSR
glCanvas.js:1127 [BENCHMARK] 1654768208659,CSR
glCanvas.js:1127 [BENCHMARK] 1654768208661,CSR
glCanvas.js:1127 [BENCHMARK] 1654768208666,CSR
glCanvas.js:1127 [BENCHMARK] 1654768208802,CSR
glCanvas.js:1127 [BENCHMARK] 1654768208804,CSR
glCanvas.js:1127 [BENCHMARK] 1654768208807,CSR
glCanvas.js:1127 [BENCHMARK] 1654768208809,CSR
glCanvas.js:1127 [BENCHMARK] 1654768208813,CSR
glCanvas.js:1127 [BENCHMARK] 1654768208816,CSR
glCanvas.js:1127 [BENCHMARK] 1654768208840,CSR
glCanvas.js:1127 [BENCHMARK] 1654768208843,CSR
glCanvas.js:1127 [BENCHMARK] 1654768208847,CSR
glCanvas.js:1127 [BENCHMARK] 1654768208849,CSR
glCanvas.js:1127 [BENCHMARK] 1654768208853,CSR
glCanvas.js:1127 [BENCHMARK] 1654768208855,CSR
glCanvas.js:1127 [BENCHMARK] 1654768208859,CSR
glCanvas.js:1127 [BENCHMARK] 1654768208862,CSR
glCanvas.js:1127 [BENCHMARK] 1654768208865,CSR
glCanvas.js:1127 [BENCHMARK] 1654768208868,CSR
glCanvas.js:1127 [BENCHMARK] 1654768208872,CSR
glCanvas.js:1127 [BENCHMARK] 1654768208880,CSR
glCanvas.js:1127 [BENCHMARK] 1654768208885,CSR
glCanvas.js:1127 [BENCHMARK] 1654768208889,CSR
glCanvas.js:1127 [BENCHMARK] 1654768209137,CSR
glCanvas.js:1127 [BENCHMARK] 1654768209420,CSR
glCanvas.js:1127 [BENCHMARK] 1654768209424,CSR
glCanvas.js:1127 [BENCHMARK] 1654768209427,CSR
glCanvas.js:1127 [BENCHMARK] 1654768209430,CSR
glCanvas.js:1127 [BENCHMARK] 1654768209450,CSR
glCanvas.js:1127 [BENCHMARK] 1654768209455,CSR
glCanvas.js:1127 [BENCHMARK] 1654768209460,CSR
glCanvas.js:1127 [BENCHMARK] 1654768209477,CSR
glCanvas.js:1127 [BENCHMARK] 1654768209481,CSR
glCanvas.js:1127 [BENCHMARK] 1654768209486,CSR
glCanvas.js:1127 [BENCHMARK] 1654768209656,CSR
glCanvas.js:1127 [BENCHMARK] 1654768209665,CSR
glCanvas.js:1127 [BENCHMARK] 1654768209668,CSR
glCanvas.js:1127 [BENCHMARK] 1654768209672,CSR
glCanvas.js:1127 [BENCHMARK] 1654768209679,CSR
glCanvas.js:1127 [BENCHMARK] 1654768209682,CSR
glCanvas.js:1127 [BENCHMARK] 1654768209701,CSR
glCanvas.js:1127 [BENCHMARK] 1654768209705,CSR
glCanvas.js:1127 [BENCHMARK] 1654768209709,CSR
glCanvas.js:1127 [BENCHMARK] 1654768209714,CSR
glCanvas.js:1127 [BENCHMARK] 1654768209868,CSR
glCanvas.js:1127 [BENCHMARK] 1654768209875,CSR
glCanvas.js:1127 [BENCHMARK] 1654768209881,CSR
glCanvas.js:1127 [BENCHMARK] 1654768209885,CSR
glCanvas.js:1127 [BENCHMARK] 1654768209911,CSR
glCanvas.js:1127 [BENCHMARK] 1654768209915,CSR
glCanvas.js:1127 [BENCHMARK] 1654768209917,CSR
glCanvas.js:1127 [BENCHMARK] 1654768209918,CSR
glCanvas.js:1127 [BENCHMARK] 1654768209919,CSR
glCanvas.js:1127 [BENCHMARK] 1654768209920,CSR
glCanvas.js:1127 [BENCHMARK] 1654768209922,CSR
glCanvas.js:1127 [BENCHMARK] 1654768209952,CSR
glCanvas.js:1127 [BENCHMARK] 1654768209955,CSR
glCanvas.js:1127 [BENCHMARK] 1654768209959,CSR
glCanvas.js:1127 [BENCHMARK] 1654768209968,CSR
glCanvas.js:1127 [BENCHMARK] 1654768209984,CSR
glCanvas.js:1127 [BENCHMARK] 1654768209986,CSR
glCanvas.js:1127 [BENCHMARK] 1654768209994,CSR
glCanvas.js:1127 [BENCHMARK] 1654768209997,CSR
glCanvas.js:1127 [BENCHMARK] 1654768209999,CSR
glCanvas.js:1127 [BENCHMARK] 1654768210026,CSR
glCanvas.js:1127 [BENCHMARK] 1654768210033,CSR
glCanvas.js:1127 [BENCHMARK] 1654768210038,CSR
glCanvas.js:1127 [BENCHMARK] 1654768210103,CSR
glCanvas.js:1127 [BENCHMARK] 1654768210152,CSR
glCanvas.js:1127 [BENCHMARK] 1654768210159,CSR
glCanvas.js:1127 [BENCHMARK] 1654768210164,CSR
glCanvas.js:1127 [BENCHMARK] 1654768210170,CSR
glCanvas.js:1127 [BENCHMARK] 1654768210175,CSR
glCanvas.js:1127 [BENCHMARK] 1654768210176,CSR
glCanvas.js:1127 [BENCHMARK] 1654768210188,CSR
glCanvas.js:1127 [BENCHMARK] 1654768210189,CSR
glCanvas.js:1127 [BENCHMARK] 1654768210191,CSR
glCanvas.js:1127 [BENCHMARK] 1654768210197,CSR
glCanvas.js:1127 [BENCHMARK] 1654768210203,CSR
glCanvas.js:1127 [BENCHMARK] 1654768210206,CSR
glCanvas.js:1127 [BENCHMARK] 1654768210209,CSR
glCanvas.js:1127 [BENCHMARK] 1654768210232,CSR
glCanvas.js:1127 [BENCHMARK] 1654768210234,CSR
glCanvas.js:1127 [BENCHMARK] 1654768210236,CSR
glCanvas.js:1127 [BENCHMARK] 1654768210238,CSR
glCanvas.js:1127 [BENCHMARK] 1654768210251,CSR
glCanvas.js:1127 [BENCHMARK] 1654768210254,CSR
glCanvas.js:1127 [BENCHMARK] 1654768210269,CSR
glCanvas.js:1127 [BENCHMARK] 1654768210272,CSR
glCanvas.js:1127 [BENCHMARK] 1654768210275,CSR
glCanvas.js:1127 [BENCHMARK] 1654768210318,CSR
glCanvas.js:1127 [BENCHMARK] 1654768210384,CSR
glCanvas.js:1127 [BENCHMARK] 1654768210430,CSR
glCanvas.js:1127 [BENCHMARK] 1654768210453,CSR
glCanvas.js:1127 [BENCHMARK] 1654768210455,CSR
glCanvas.js:1127 [BENCHMARK] 1654768210456,CSR
glCanvas.js:1127 [BENCHMARK] 1654768210470,CSR
glCanvas.js:1127 [BENCHMARK] 1654768210472,CSR
glCanvas.js:1127 [BENCHMARK] 1654768210474,CSR
glCanvas.js:1127 [BENCHMARK] 1654768210492,CSR
glCanvas.js:1127 [BENCHMARK] 1654768210495,CSR
glCanvas.js:1127 [BENCHMARK] 1654768210507,CSR
glCanvas.js:1127 [BENCHMARK] 1654768210513,CSR
glCanvas.js:1127 [BENCHMARK] 1654768210520,CSR
glCanvas.js:1127 [BENCHMARK] 1654768210523,CSR
glCanvas.js:1127 [BENCHMARK] 1654768210545,CSR
glCanvas.js:1127 [BENCHMARK] 1654768210546,CSR
glCanvas.js:1127 [BENCHMARK] 1654768210549,CSR
glCanvas.js:1127 [BENCHMARK] 1654768210553,CSR
glCanvas.js:1127 [BENCHMARK] 1654768210556,CSR
glCanvas.js:1127 [BENCHMARK] 1654768210564,CSR
glCanvas.js:1127 [BENCHMARK] 1654768210597,CSR
glCanvas.js:1127 [BENCHMARK] 1654768210670,CSR
glCanvas.js:1127 [BENCHMARK] 1654768210692,CSR
glCanvas.js:1127 [BENCHMARK] 1654768210695,CSR
glCanvas.js:1127 [BENCHMARK] 1654768210725,CSR
glCanvas.js:1127 [BENCHMARK] 1654768210732,CSR
glCanvas.js:1127 [BENCHMARK] 1654768210765,CSR
glCanvas.js:1127 [BENCHMARK] 1654768210771,CSR
glCanvas.js:1127 [BENCHMARK] 1654768210774,CSR
glCanvas.js:1127 [BENCHMARK] 1654768210777,CSR
glCanvas.js:1127 [BENCHMARK] 1654768210784,CSR
glCanvas.js:1127 [BENCHMARK] 1654768210786,CSR
glCanvas.js:1127 [BENCHMARK] 1654768210790,CSR
glCanvas.js:1127 [BENCHMARK] 1654768210803,CSR
glCanvas.js:1127 [BENCHMARK] 1654768210807,CSR
glCanvas.js:1127 [BENCHMARK] 1654768210815,CSR
glCanvas.js:1127 [BENCHMARK] 1654768210829,CSR
glCanvas.js:1127 [BENCHMARK] 1654768210841,CSR
glCanvas.js:1127 [BENCHMARK] 1654768210854,CSR
glCanvas.js:1127 [BENCHMARK] 1654768210867,CSR
glCanvas.js:1127 [BENCHMARK] 1654768210881,CSR
glCanvas.js:1127 [BENCHMARK] 1654768210883,CSR
glCanvas.js:1127 [BENCHMARK] 1654768210905,CSR
glCanvas.js:1127 [BENCHMARK] 1654768210908,CSR
glCanvas.js:1127 [BENCHMARK] 1654768210934,CSR
glCanvas.js:1127 [BENCHMARK] 1654768210942,CSR
glCanvas.js:1127 [BENCHMARK] 1654768210984,CSR
glCanvas.js:1127 [BENCHMARK] 1654768210989,CSR
glCanvas.js:1127 [BENCHMARK] 1654768210993,CSR
glCanvas.js:1127 [BENCHMARK] 1654768210996,CSR
glCanvas.js:1127 [BENCHMARK] 1654768211035,CSR
glCanvas.js:1127 [BENCHMARK] 1654768211102,CSR
glCanvas.js:1127 [BENCHMARK] 1654768211124,CSR
glCanvas.js:1127 [BENCHMARK] 1654768211126,CSR
glCanvas.js:1127 [BENCHMARK] 1654768211130,CSR
glCanvas.js:1127 [BENCHMARK] 1654768211165,CSR
glCanvas.js:1127 [BENCHMARK] 1654768211169,CSR
glCanvas.js:1127 [BENCHMARK] 1654768211172,CSR
glCanvas.js:1127 [BENCHMARK] 1654768211174,CSR
glCanvas.js:1127 [BENCHMARK] 1654768211178,CSR
glCanvas.js:1127 [BENCHMARK] 1654768211181,CSR
glCanvas.js:1127 [BENCHMARK] 1654768211182,CSR
glCanvas.js:1127 [BENCHMARK] 1654768211187,CSR
glCanvas.js:1127 [BENCHMARK] 1654768211189,CSR
glCanvas.js:1127 [BENCHMARK] 1654768211191,CSR
glCanvas.js:1127 [BENCHMARK] 1654768211195,CSR
glCanvas.js:1127 [BENCHMARK] 1654768211197,CSR
glCanvas.js:1127 [BENCHMARK] 1654768211213,CSR
glCanvas.js:1127 [BENCHMARK] 1654768211217,CSR
glCanvas.js:1127 [BENCHMARK] 1654768211219,CSR
glCanvas.js:1127 [BENCHMARK] 1654768211221,CSR
glCanvas.js:1127 [BENCHMARK] 1654768211258,CSR
glCanvas.js:1127 [BENCHMARK] 1654768211311,CSR
glCanvas.js:1127 [BENCHMARK] 1654768211386,CSR
glCanvas.js:1127 [BENCHMARK] 1654768211392,CSR
glCanvas.js:1127 [BENCHMARK] 1654768211412,CSR
glCanvas.js:1127 [BENCHMARK] 1654768211424,CSR
glCanvas.js:1127 [BENCHMARK] 1654768211429,CSR
glCanvas.js:1127 [BENCHMARK] 1654768211448,CSR
glCanvas.js:1127 [BENCHMARK] 1654768211452,CSR
glCanvas.js:1127 [BENCHMARK] 1654768211455,CSR
glCanvas.js:1127 [BENCHMARK] 1654768211458,CSR
glCanvas.js:1127 [BENCHMARK] 1654768211492,CSR
glCanvas.js:1127 [BENCHMARK] 1654768211496,CSR
glCanvas.js:1127 [BENCHMARK] 1654768211501,CSR
glCanvas.js:1127 [BENCHMARK] 1654768211513,CSR
glCanvas.js:1127 [BENCHMARK] 1654768211518,CSR
glCanvas.js:1127 [BENCHMARK] 1654768211525,CSR
glCanvas.js:1127 [BENCHMARK] 1654768211530,CSR
glCanvas.js:1127 [BENCHMARK] 1654768211533,CSR
glCanvas.js:1127 [BENCHMARK] 1654768211548,CSR
glCanvas.js:1127 [BENCHMARK] 1654768211566,CSR
glCanvas.js:1127 [BENCHMARK] 1654768211570,CSR
glCanvas.js:1127 [BENCHMARK] 1654768211609,CSR
glCanvas.js:1127 [BENCHMARK] 1654768211613,CSR
glCanvas.js:1127 [BENCHMARK] 1654768211661,CSR
glCanvas.js:1127 [BENCHMARK] 1654768211938,CSR
glCanvas.js:1127 [BENCHMARK] 1654768212002,CSR
glCanvas.js:1127 [BENCHMARK] 1654768212006,CSR
glCanvas.js:1127 [BENCHMARK] 1654768212137,CSR
glCanvas.js:1127 [BENCHMARK] 1654768212221,CSR
glCanvas.js:1127 [BENCHMARK] 1654768212280,CSR
glCanvas.js:1127 [BENCHMARK] 1654768212357,CSR
glCanvas.js:1127 [BENCHMARK] 1654768212402,CSR
glCanvas.js:1127 [BENCHMARK] 1654768212438,CSR
glCanvas.js:1127 [BENCHMARK] 1654768212481,CSR
filmbox2.js:1550 [BENCHMARK] 1654768212482,fullLoad
glCanvas.js:1127 [BENCHMARK] 1654768213108,CSR
glCanvas.js:1127 [BENCHMARK] 1654768213111,CSR
glCanvas.js:1127 [BENCHMARK] 1654768213112,CSR
glCanvas.js:1127 [BENCHMARK] 1654768213113,CSR
glCanvas.js:1127 [BENCHMARK] 1654768213133,CSR
glCanvas.js:1127 [BENCHMARK] 1654768213134,CSR
glCanvas.js:1127 [BENCHMARK] 1654768213135,CSR
glCanvas.js:1127 [BENCHMARK] 1654768213136,CSR
glCanvas.js:1127 [BENCHMARK] 1654768213138,CSR
glCanvas.js:1127 [BENCHMARK] 1654768213138,CSR
glCanvas.js:1127 [BENCHMARK] 1654768213140,CSR
glCanvas.js:1127 [BENCHMARK] 1654768213142,CSR
glCanvas.js:1127 [BENCHMARK] 1654768213144,CSR
glCanvas.js:1127 [BENCHMARK] 1654768213146,CSR
glCanvas.js:1127 [BENCHMARK] 1654768213147,CSR
glCanvas.js:1127 [BENCHMARK] 1654768213148,CSR
glCanvas.js:1127 [BENCHMARK] 1654768213182,CSR
glCanvas.js:1127 [BENCHMARK] 1654768213185,CSR
glCanvas.js:1127 [BENCHMARK] 1654768213188,CSR
glCanvas.js:1127 [BENCHMARK] 1654768213189,CSR
glCanvas.js:1127 [BENCHMARK] 1654768213371,CSR
glCanvas.js:1127 [BENCHMARK] 1654768213373,CSR
glCanvas.js:1127 [BENCHMARK] 1654768213377,CSR
glCanvas.js:1127 [BENCHMARK] 1654768213380,CSR
glCanvas.js:1127 [BENCHMARK] 1654768213383,CSR
glCanvas.js:1127 [BENCHMARK] 1654768213385,CSR
glCanvas.js:1127 [BENCHMARK] 1654768213389,CSR
glCanvas.js:1127 [BENCHMARK] 1654768213391,CSR
glCanvas.js:1127 [BENCHMARK] 1654768213396,CSR
glCanvas.js:1127 [BENCHMARK] 1654768213398,CSR
glCanvas.js:1127 [BENCHMARK] 1654768213409,CSR
glCanvas.js:1127 [BENCHMARK] 1654768213422,CSR
glCanvas.js:1127 [BENCHMARK] 1654768213424,CSR
glCanvas.js:1127 [BENCHMARK] 1654768213426,CSR
glCanvas.js:1127 [BENCHMARK] 1654768213428,CSR
glCanvas.js:1127 [BENCHMARK] 1654768213429,CSR
glCanvas.js:1127 [BENCHMARK] 1654768213431,CSR
glCanvas.js:1127 [BENCHMARK] 1654768213432,CSR
glCanvas.js:1127 [BENCHMARK] 1654768213433,CSR
glCanvas.js:1127 [BENCHMARK] 1654768213434,CSR
glCanvas.js:1127 [BENCHMARK] 1654768213643,CSR
glCanvas.js:1127 [BENCHMARK] 1654768213646,CSR
glCanvas.js:1127 [BENCHMARK] 1654768213649,CSR
glCanvas.js:1127 [BENCHMARK] 1654768213652,CSR
glCanvas.js:1127 [BENCHMARK] 1654768213656,CSR
glCanvas.js:1127 [BENCHMARK] 1654768213659,CSR
glCanvas.js:1127 [BENCHMARK] 1654768213681,CSR
glCanvas.js:1127 [BENCHMARK] 1654768213683,CSR
glCanvas.js:1127 [BENCHMARK] 1654768213686,CSR
glCanvas.js:1127 [BENCHMARK] 1654768213689,CSR
glCanvas.js:1127 [BENCHMARK] 1654768213692,CSR
glCanvas.js:1127 [BENCHMARK] 1654768213694,CSR
glCanvas.js:1127 [BENCHMARK] 1654768213697,CSR
glCanvas.js:1127 [BENCHMARK] 1654768213699,CSR
glCanvas.js:1127 [BENCHMARK] 1654768213703,CSR
glCanvas.js:1127 [BENCHMARK] 1654768213706,CSR
glCanvas.js:1127 [BENCHMARK] 1654768213708,CSR
glCanvas.js:1127 [BENCHMARK] 1654768213710,CSR
glCanvas.js:1127 [BENCHMARK] 1654768213713,CSR
glCanvas.js:1127 [BENCHMARK] 1654768213715,CSR
glCanvas.js:1127 [BENCHMARK] 1654768213913,CSR
glCanvas.js:1127 [BENCHMARK] 1654768213916,CSR
glCanvas.js:1127 [BENCHMARK] 1654768213920,CSR
glCanvas.js:1127 [BENCHMARK] 1654768213923,CSR
glCanvas.js:1127 [BENCHMARK] 1654768213927,CSR
glCanvas.js:1127 [BENCHMARK] 1654768213928,CSR
glCanvas.js:1127 [BENCHMARK] 1654768213942,CSR
glCanvas.js:1127 [BENCHMARK] 1654768213944,CSR
glCanvas.js:1127 [BENCHMARK] 1654768213945,CSR
glCanvas.js:1127 [BENCHMARK] 1654768213946,CSR
glCanvas.js:1127 [BENCHMARK] 1654768213947,CSR
glCanvas.js:1127 [BENCHMARK] 1654768213948,CSR
glCanvas.js:1127 [BENCHMARK] 1654768213949,CSR
glCanvas.js:1127 [BENCHMARK] 1654768213950,CSR
glCanvas.js:1127 [BENCHMARK] 1654768213953,CSR
glCanvas.js:1127 [BENCHMARK] 1654768213954,CSR
glCanvas.js:1127 [BENCHMARK] 1654768213959,CSR
glCanvas.js:1127 [BENCHMARK] 1654768213960,CSR
glCanvas.js:1127 [BENCHMARK] 1654768213964,CSR
glCanvas.js:1127 [BENCHMARK] 1654768213965,CSR
glCanvas.js:1127 [BENCHMARK] 1654768213970,CSR
glCanvas.js:1127 [BENCHMARK] 1654768213971,CSR
glCanvas.js:1127 [BENCHMARK] 1654768214008,CSR
glCanvas.js:1127 [BENCHMARK] 1654768214011,CSR
glCanvas.js:1127 [BENCHMARK] 1654768214190,CSR
glCanvas.js:1127 [BENCHMARK] 1654768214193,CSR
glCanvas.js:1127 [BENCHMARK] 1654768214195,CSR
glCanvas.js:1127 [BENCHMARK] 1654768214196,CSR
glCanvas.js:1127 [BENCHMARK] 1654768214201,CSR
glCanvas.js:1127 [BENCHMARK] 1654768214202,CSR
glCanvas.js:1127 [BENCHMARK] 1654768214206,CSR
glCanvas.js:1127 [BENCHMARK] 1654768214207,CSR
glCanvas.js:1127 [BENCHMARK] 1654768214212,CSR
glCanvas.js:1127 [BENCHMARK] 1654768214213,CSR
glCanvas.js:1127 [BENCHMARK] 1654768214217,CSR
glCanvas.js:1127 [BENCHMARK] 1654768214218,CSR
glCanvas.js:1127 [BENCHMARK] 1654768214223,CSR
glCanvas.js:1127 [BENCHMARK] 1654768214224,CSR
glCanvas.js:1127 [BENCHMARK] 1654768214254,CSR
glCanvas.js:1127 [BENCHMARK] 1654768214255,CSR
glCanvas.js:1127 [BENCHMARK] 1654768214256,CSR
glCanvas.js:1127 [BENCHMARK] 1654768214257,CSR
glCanvas.js:1127 [BENCHMARK] 1654768214259,CSR
glCanvas.js:1127 [BENCHMARK] 1654768214260,CSR
glCanvas.js:1127 [BENCHMARK] 1654768214261,CSR
glCanvas.js:1127 [BENCHMARK] 1654768214262,CSR
glCanvas.js:1127 [BENCHMARK] 1654768214263,CSR
glCanvas.js:1127 [BENCHMARK] 1654768214264,CSR
glCanvas.js:1127 [BENCHMARK] 1654768214268,CSR
glCanvas.js:1127 [BENCHMARK] 1654768214364,CSR
glCanvas.js:1127 [BENCHMARK] 1654768214367,CSR
glCanvas.js:1127 [BENCHMARK] 1654768214521,CSR
glCanvas.js:1127 [BENCHMARK] 1654768215469,CSR
glCanvas.js:1127 [BENCHMARK] 1654768215475,CSR
glCanvas.js:1127 [BENCHMARK] 1654768215483,CSR
glCanvas.js:1127 [BENCHMARK] 1654768215486,CSR
glCanvas.js:1127 [BENCHMARK] 1654768215493,CSR
glCanvas.js:1127 [BENCHMARK] 1654768215497,CSR
glCanvas.js:1127 [BENCHMARK] 1654768215502,CSR
glCanvas.js:1127 [BENCHMARK] 1654768215508,CSR
glCanvas.js:1127 [BENCHMARK] 1654768215513,CSR
glCanvas.js:1127 [BENCHMARK] 1654768215519,CSR
glCanvas.js:1127 [BENCHMARK] 1654768215733,CSR
glCanvas.js:1127 [BENCHMARK] 1654768215738,CSR
glCanvas.js:1127 [BENCHMARK] 1654768215744,CSR
glCanvas.js:1127 [BENCHMARK] 1654768215749,CSR
glCanvas.js:1127 [BENCHMARK] 1654768215760,CSR
glCanvas.js:1127 [BENCHMARK] 1654768215761,CSR
glCanvas.js:1127 [BENCHMARK] 1654768215766,CSR
glCanvas.js:1127 [BENCHMARK] 1654768215771,CSR
glCanvas.js:1127 [BENCHMARK] 1654768215776,CSR
glCanvas.js:1127 [BENCHMARK] 1654768215783,CSR
glCanvas.js:1127 [BENCHMARK] 1654768215996,CSR
glCanvas.js:1127 [BENCHMARK] 1654768216003,CSR
glCanvas.js:1127 [BENCHMARK] 1654768216008,CSR
glCanvas.js:1127 [BENCHMARK] 1654768216013,CSR
glCanvas.js:1127 [BENCHMARK] 1654768216018,CSR
glCanvas.js:1127 [BENCHMARK] 1654768216024,CSR
glCanvas.js:1127 [BENCHMARK] 1654768216045,CSR
glCanvas.js:1127 [BENCHMARK] 1654768216046,CSR
glCanvas.js:1127 [BENCHMARK] 1654768216047,CSR
glCanvas.js:1127 [BENCHMARK] 1654768216049,CSR
glCanvas.js:1127 [BENCHMARK] 1654768216306,CSR
glCanvas.js:1127 [BENCHMARK] 1654768217061,CSR
glCanvas.js:1127 [BENCHMARK] 1654768217064,CSR
glCanvas.js:1127 [BENCHMARK] 1654768217073,CSR
glCanvas.js:1127 [BENCHMARK] 1654768217075,CSR
glCanvas.js:1127 [BENCHMARK] 1654768217087,CSR
glCanvas.js:1127 [BENCHMARK] 1654768217088,CSR
glCanvas.js:1127 [BENCHMARK] 1654768217098,CSR
glCanvas.js:1127 [BENCHMARK] 1654768217099,CSR
glCanvas.js:1127 [BENCHMARK] 1654768217111,CSR
glCanvas.js:1127 [BENCHMARK] 1654768217112,CSR
glCanvas.js:1127 [BENCHMARK] 1654768217125,CSR
glCanvas.js:1127 [BENCHMARK] 1654768217126,CSR
glCanvas.js:1127 [BENCHMARK] 1654768217137,CSR
glCanvas.js:1127 [BENCHMARK] 1654768217139,CSR
glCanvas.js:1127 [BENCHMARK] 1654768217150,CSR
glCanvas.js:1127 [BENCHMARK] 1654768217152,CSR
glCanvas.js:1127 [BENCHMARK] 1654768217163,CSR
glCanvas.js:1127 [BENCHMARK] 1654768217164,CSR
glCanvas.js:1127 [BENCHMARK] 1654768217177,CSR
glCanvas.js:1127 [BENCHMARK] 1654768217178,CSR
glCanvas.js:1127 [BENCHMARK] 1654768217398,CSR
glCanvas.js:1127 [BENCHMARK] 1654768217401,CSR
glCanvas.js:1127 [BENCHMARK] 1654768217410,CSR
glCanvas.js:1127 [BENCHMARK] 1654768217413,CSR
glCanvas.js:1127 [BENCHMARK] 1654768217422,CSR
glCanvas.js:1127 [BENCHMARK] 1654768217424,CSR
glCanvas.js:1127 [BENCHMARK] 1654768217435,CSR
glCanvas.js:1127 [BENCHMARK] 1654768217436,CSR
glCanvas.js:1127 [BENCHMARK] 1654768217448,CSR
glCanvas.js:1127 [BENCHMARK] 1654768217449,CSR
glCanvas.js:1127 [BENCHMARK] 1654768217461,CSR
glCanvas.js:1127 [BENCHMARK] 1654768217463,CSR
glCanvas.js:1127 [BENCHMARK] 1654768217474,CSR
glCanvas.js:1127 [BENCHMARK] 1654768217476,CSR
glCanvas.js:1127 [BENCHMARK] 1654768217486,CSR
glCanvas.js:1127 [BENCHMARK] 1654768217488,CSR
glCanvas.js:1127 [BENCHMARK] 1654768217499,CSR
glCanvas.js:1127 [BENCHMARK] 1654768217501,CSR
glCanvas.js:1127 [BENCHMARK] 1654768217512,CSR
glCanvas.js:1127 [BENCHMARK] 1654768217513,CSR
glCanvas.js:1127 [BENCHMARK] 1654768217734,CSR
glCanvas.js:1127 [BENCHMARK] 1654768217737,CSR
glCanvas.js:1127 [BENCHMARK] 1654768217748,CSR
glCanvas.js:1127 [BENCHMARK] 1654768217751,CSR
glCanvas.js:1127 [BENCHMARK] 1654768217760,CSR
glCanvas.js:1127 [BENCHMARK] 1654768217762,CSR
glCanvas.js:1127 [BENCHMARK] 1654768217772,CSR
glCanvas.js:1127 [BENCHMARK] 1654768217773,CSR
glCanvas.js:1127 [BENCHMARK] 1654768217785,CSR
glCanvas.js:1127 [BENCHMARK] 1654768217786,CSR
glCanvas.js:1127 [BENCHMARK] 1654768217798,CSR
glCanvas.js:1127 [BENCHMARK] 1654768217800,CSR
glCanvas.js:1127 [BENCHMARK] 1654768217810,CSR
glCanvas.js:1127 [BENCHMARK] 1654768217812,CSR
glCanvas.js:1127 [BENCHMARK] 1654768217824,CSR
glCanvas.js:1127 [BENCHMARK] 1654768217825,CSR
glCanvas.js:1127 [BENCHMARK] 1654768217836,CSR
glCanvas.js:1127 [BENCHMARK] 1654768217837,CSR
glCanvas.js:1127 [BENCHMARK] 1654768217849,CSR
glCanvas.js:1127 [BENCHMARK] 1654768217851,CSR
glCanvas.js:1127 [BENCHMARK] 1654768218070,CSR
glCanvas.js:1127 [BENCHMARK] 1654768218072,CSR
glCanvas.js:1127 [BENCHMARK] 1654768218083,CSR
glCanvas.js:1127 [BENCHMARK] 1654768218086,CSR
glCanvas.js:1127 [BENCHMARK] 1654768218096,CSR
glCanvas.js:1127 [BENCHMARK] 1654768218097,CSR
glCanvas.js:1127 [BENCHMARK] 1654768218108,CSR
glCanvas.js:1127 [BENCHMARK] 1654768218110,CSR
glCanvas.js:1127 [BENCHMARK] 1654768218122,CSR
glCanvas.js:1127 [BENCHMARK] 1654768218123,CSR
glCanvas.js:1127 [BENCHMARK] 1654768218136,CSR
glCanvas.js:1127 [BENCHMARK] 1654768218139,CSR
glCanvas.js:1127 [BENCHMARK] 1654768218148,CSR
glCanvas.js:1127 [BENCHMARK] 1654768218150,CSR
glCanvas.js:1127 [BENCHMARK] 1654768218161,CSR
glCanvas.js:1127 [BENCHMARK] 1654768218163,CSR
glCanvas.js:1127 [BENCHMARK] 1654768218173,CSR
glCanvas.js:1127 [BENCHMARK] 1654768218175,CSR
glCanvas.js:1127 [BENCHMARK] 1654768218187,CSR
glCanvas.js:1127 [BENCHMARK] 1654768218188,CSR
glCanvas.js:1127 [BENCHMARK] 1654768218442,CSR
glCanvas.js:1127 [BENCHMARK] 1654768219449,CSR
glCanvas.js:1127 [BENCHMARK] 1654768223532,CSR
glCanvas.js:1127 [BENCHMARK] 1654768223534,CSR
glCanvas.js:1127 [BENCHMARK] 1654768223622,CSR
glCanvas.js:1127 [BENCHMARK] 1654768223624,CSR
glCanvas.js:1127 [BENCHMARK] 1654768223629,CSR
glCanvas.js:1127 [BENCHMARK] 1654768223630,CSR
glCanvas.js:1127 [BENCHMARK] 1654768223636,CSR
glCanvas.js:1127 [BENCHMARK] 1654768223637,CSR
glCanvas.js:1127 [BENCHMARK] 1654768223643,CSR
glCanvas.js:1127 [BENCHMARK] 1654768223645,CSR
glCanvas.js:1127 [BENCHMARK] 1654768223650,CSR
glCanvas.js:1127 [BENCHMARK] 1654768223652,CSR
