glCanvas.js:1107 [BENCHMARK] 1654765254318,X
glCanvas.js:1107 [BENCHMARK] 1654765254324,X
glCanvas.js:1107 [BENCHMARK] 1654765254328,X
glCanvas.js:1107 [BENCHMARK] 1654765254506,X
glCanvas.js:1127 [BENCHMARK] 1654765254852,SSR
manager.js:159 [BENCHMARK] 1654765256533,firstRender
glCanvas.js:1127 [BENCHMARK] 1654765256546,CSR
glCanvas.js:1127 [BENCHMARK] 1654765256550,CSR
glCanvas.js:1127 [BENCHMARK] 1654765256555,CSR
glCanvas.js:1127 [BENCHMARK] 1654765256559,CSR
glCanvas.js:1127 [BENCHMARK] 1654765256562,CSR
glCanvas.js:1127 [BENCHMARK] 1654765256586,CSR
glCanvas.js:1127 [BENCHMARK] 1654765256590,CSR
glCanvas.js:1127 [BENCHMARK] 1654765256593,CSR
glCanvas.js:1127 [BENCHMARK] 1654765256598,CSR
glCanvas.js:1127 [BENCHMARK] 1654765256606,CSR
glCanvas.js:1127 [BENCHMARK] 1654765256620,CSR
glCanvas.js:1127 [BENCHMARK] 1654765256622,CSR
glCanvas.js:1127 [BENCHMARK] 1654765256624,CSR
glCanvas.js:1127 [BENCHMARK] 1654765256627,CSR
glCanvas.js:1127 [BENCHMARK] 1654765256640,CSR
glCanvas.js:1127 [BENCHMARK] 1654765256661,CSR
glCanvas.js:1127 [BENCHMARK] 1654765256663,CSR
glCanvas.js:1127 [BENCHMARK] 1654765256668,CSR
glCanvas.js:1127 [BENCHMARK] 1654765256671,CSR
glCanvas.js:1127 [BENCHMARK] 1654765256675,CSR
glCanvas.js:1127 [BENCHMARK] 1654765256677,CSR
glCanvas.js:1127 [BENCHMARK] 1654765257124,CSR
glCanvas.js:1127 [BENCHMARK] 1654765257689,CSR
glCanvas.js:1127 [BENCHMARK] 1654765257730,CSR
glCanvas.js:1127 [BENCHMARK] 1654765257746,CSR
glCanvas.js:1127 [BENCHMARK] 1654765257779,CSR
glCanvas.js:1127 [BENCHMARK] 1654765257823,CSR
glCanvas.js:1107 [BENCHMARK] 1654765257825,X
glCanvas.js:1107 [BENCHMARK] 1654765258507,X
glCanvas.js:1107 [BENCHMARK] 1654765258543,X
glCanvas.js:1107 [BENCHMARK] 1654765258573,X
glCanvas.js:1107 [BENCHMARK] 1654765258683,X
glCanvas.js:1107 [BENCHMARK] 1654765258857,X
glCanvas.js:1107 [BENCHMARK] 1654765258917,X
glCanvas.js:1107 [BENCHMARK] 1654765258944,X
glCanvas.js:1107 [BENCHMARK] 1654765258945,X
glCanvas.js:1107 [BENCHMARK] 1654765258962,X
glCanvas.js:1107 [BENCHMARK] 1654765258963,X
glCanvas.js:1107 [BENCHMARK] 1654765258983,X
glCanvas.js:1107 [BENCHMARK] 1654765258984,X
glCanvas.js:1107 [BENCHMARK] 1654765258996,X
glCanvas.js:1107 [BENCHMARK] 1654765258997,X
glCanvas.js:1107 [BENCHMARK] 1654765259011,X
glCanvas.js:1107 [BENCHMARK] 1654765259011,X
glCanvas.js:1107 [BENCHMARK] 1654765259028,X
glCanvas.js:1107 [BENCHMARK] 1654765259029,X
glCanvas.js:1107 [BENCHMARK] 1654765259043,X
glCanvas.js:1107 [BENCHMARK] 1654765259044,X
glCanvas.js:1107 [BENCHMARK] 1654765259058,X
glCanvas.js:1107 [BENCHMARK] 1654765259059,X
glCanvas.js:1107 [BENCHMARK] 1654765259073,X
glCanvas.js:1107 [BENCHMARK] 1654765259074,X
glCanvas.js:1107 [BENCHMARK] 1654765259086,X
glCanvas.js:1107 [BENCHMARK] 1654765259087,X
glCanvas.js:1107 [BENCHMARK] 1654765259251,X
glCanvas.js:1107 [BENCHMARK] 1654765259294,X
glCanvas.js:1107 [BENCHMARK] 1654765259295,X
glCanvas.js:1107 [BENCHMARK] 1654765259307,X
glCanvas.js:1107 [BENCHMARK] 1654765259308,X
glCanvas.js:1107 [BENCHMARK] 1654765259319,X
glCanvas.js:1107 [BENCHMARK] 1654765259320,X
glCanvas.js:1107 [BENCHMARK] 1654765259332,X
glCanvas.js:1107 [BENCHMARK] 1654765259332,X
glCanvas.js:1107 [BENCHMARK] 1654765259344,X
glCanvas.js:1107 [BENCHMARK] 1654765259345,X
glCanvas.js:1107 [BENCHMARK] 1654765259357,X
glCanvas.js:1107 [BENCHMARK] 1654765259358,X
glCanvas.js:1107 [BENCHMARK] 1654765259368,X
glCanvas.js:1107 [BENCHMARK] 1654765259370,X
glCanvas.js:1107 [BENCHMARK] 1654765259371,X
glCanvas.js:1107 [BENCHMARK] 1654765259382,X
glCanvas.js:1107 [BENCHMARK] 1654765259383,X
glCanvas.js:1107 [BENCHMARK] 1654765259395,X
glCanvas.js:1107 [BENCHMARK] 1654765259396,X
glCanvas.js:1107 [BENCHMARK] 1654765259407,X
glCanvas.js:1107 [BENCHMARK] 1654765259408,X
glCanvas.js:1107 [BENCHMARK] 1654765259455,X
glCanvas.js:1107 [BENCHMARK] 1654765259703,X
glCanvas.js:1107 [BENCHMARK] 1654765259705,X
glCanvas.js:1107 [BENCHMARK] 1654765259706,X
glCanvas.js:1107 [BENCHMARK] 1654765259706,X
glCanvas.js:1107 [BENCHMARK] 1654765259707,X
glCanvas.js:1107 [BENCHMARK] 1654765259708,X
glCanvas.js:1107 [BENCHMARK] 1654765259709,X
glCanvas.js:1107 [BENCHMARK] 1654765259709,X
glCanvas.js:1107 [BENCHMARK] 1654765259710,X
glCanvas.js:1107 [BENCHMARK] 1654765259710,X
glCanvas.js:1107 [BENCHMARK] 1654765259711,X
glCanvas.js:1107 [BENCHMARK] 1654765259712,X
glCanvas.js:1107 [BENCHMARK] 1654765259712,X
glCanvas.js:1107 [BENCHMARK] 1654765259713,X
glCanvas.js:1107 [BENCHMARK] 1654765259714,X
glCanvas.js:1107 [BENCHMARK] 1654765259714,X
glCanvas.js:1107 [BENCHMARK] 1654765259725,X
glCanvas.js:1107 [BENCHMARK] 1654765259726,X
glCanvas.js:1107 [BENCHMARK] 1654765259737,X
glCanvas.js:1107 [BENCHMARK] 1654765259737,X
glCanvas.js:1107 [BENCHMARK] 1654765259870,X
glCanvas.js:1107 [BENCHMARK] 1654765259877,X
glCanvas.js:1107 [BENCHMARK] 1654765259880,X
glCanvas.js:1107 [BENCHMARK] 1654765259884,X
glCanvas.js:1107 [BENCHMARK] 1654765259953,X
glCanvas.js:1107 [BENCHMARK] 1654765259954,X
glCanvas.js:1107 [BENCHMARK] 1654765259959,X
glCanvas.js:1107 [BENCHMARK] 1654765259960,X
glCanvas.js:1107 [BENCHMARK] 1654765259965,X
glCanvas.js:1107 [BENCHMARK] 1654765259966,X
glCanvas.js:1107 [BENCHMARK] 1654765259971,X
glCanvas.js:1107 [BENCHMARK] 1654765259971,X
glCanvas.js:1107 [BENCHMARK] 1654765259976,X
glCanvas.js:1107 [BENCHMARK] 1654765259977,X
glCanvas.js:1107 [BENCHMARK] 1654765259982,X
glCanvas.js:1107 [BENCHMARK] 1654765259983,X
glCanvas.js:1107 [BENCHMARK] 1654765259988,X
glCanvas.js:1107 [BENCHMARK] 1654765259989,X
glCanvas.js:1107 [BENCHMARK] 1654765259994,X
glCanvas.js:1107 [BENCHMARK] 1654765259995,X
glCanvas.js:1107 [BENCHMARK] 1654765259999,X
glCanvas.js:1107 [BENCHMARK] 1654765260000,X
glCanvas.js:1107 [BENCHMARK] 1654765260005,X
glCanvas.js:1107 [BENCHMARK] 1654765260006,X
glCanvas.js:1107 [BENCHMARK] 1654765260171,X
glCanvas.js:1107 [BENCHMARK] 1654765260223,X
glCanvas.js:1107 [BENCHMARK] 1654765260224,X
glCanvas.js:1107 [BENCHMARK] 1654765260232,X
glCanvas.js:1107 [BENCHMARK] 1654765260233,X
glCanvas.js:1107 [BENCHMARK] 1654765260237,X
glCanvas.js:1107 [BENCHMARK] 1654765260238,X
glCanvas.js:1107 [BENCHMARK] 1654765260243,X
glCanvas.js:1107 [BENCHMARK] 1654765260245,X
glCanvas.js:1107 [BENCHMARK] 1654765260246,X
glCanvas.js:1107 [BENCHMARK] 1654765260250,X
glCanvas.js:1107 [BENCHMARK] 1654765260251,X
glCanvas.js:1107 [BENCHMARK] 1654765260253,X
glCanvas.js:1107 [BENCHMARK] 1654765260256,X
glCanvas.js:1107 [BENCHMARK] 1654765260257,X
glCanvas.js:1107 [BENCHMARK] 1654765260263,X
glCanvas.js:1107 [BENCHMARK] 1654765260264,X
glCanvas.js:1107 [BENCHMARK] 1654765260273,X
glCanvas.js:1107 [BENCHMARK] 1654765260274,X
glCanvas.js:1107 [BENCHMARK] 1654765260277,X
glCanvas.js:1107 [BENCHMARK] 1654765260278,X
glCanvas.js:1107 [BENCHMARK] 1654765260283,X
glCanvas.js:1107 [BENCHMARK] 1654765260284,X
glCanvas.js:1107 [BENCHMARK] 1654765260351,X
glCanvas.js:1107 [BENCHMARK] 1654765260394,X
glCanvas.js:1107 [BENCHMARK] 1654765260396,X
glCanvas.js:1107 [BENCHMARK] 1654765260496,X
glCanvas.js:1107 [BENCHMARK] 1654765260605,X
glCanvas.js:1107 [BENCHMARK] 1654765260607,X
glCanvas.js:1107 [BENCHMARK] 1654765260907,X
glCanvas.js:1107 [BENCHMARK] 1654765260996,X
glCanvas.js:1107 [BENCHMARK] 1654765261097,X
glCanvas.js:1107 [BENCHMARK] 1654765261109,X
glCanvas.js:1107 [BENCHMARK] 1654765261196,X
glCanvas.js:1107 [BENCHMARK] 1654765261220,X
glCanvas.js:1107 [BENCHMARK] 1654765261242,X
glCanvas.js:1107 [BENCHMARK] 1654765261264,X
glCanvas.js:1107 [BENCHMARK] 1654765261295,X
glCanvas.js:1107 [BENCHMARK] 1654765261394,X
glCanvas.js:1107 [BENCHMARK] 1654765261395,X
glCanvas.js:1107 [BENCHMARK] 1654765261510,X
glCanvas.js:1107 [BENCHMARK] 1654765261541,X
glCanvas.js:1107 [BENCHMARK] 1654765261574,X
glCanvas.js:1107 [BENCHMARK] 1654765261663,X
glCanvas.js:1107 [BENCHMARK] 1654765262273,X
glCanvas.js:1107 [BENCHMARK] 1654765262295,X
glCanvas.js:1107 [BENCHMARK] 1654765262316,X
glCanvas.js:1107 [BENCHMARK] 1654765262335,X
glCanvas.js:1107 [BENCHMARK] 1654765262500,X
glCanvas.js:1107 [BENCHMARK] 1654765262502,X
glCanvas.js:1107 [BENCHMARK] 1654765262513,X
glCanvas.js:1107 [BENCHMARK] 1654765262515,X
glCanvas.js:1107 [BENCHMARK] 1654765262525,X
glCanvas.js:1107 [BENCHMARK] 1654765262527,X
glCanvas.js:1107 [BENCHMARK] 1654765262538,X
glCanvas.js:1107 [BENCHMARK] 1654765262539,X
glCanvas.js:1107 [BENCHMARK] 1654765262551,X
glCanvas.js:1107 [BENCHMARK] 1654765262551,X
glCanvas.js:1107 [BENCHMARK] 1654765262563,X
glCanvas.js:1107 [BENCHMARK] 1654765262564,X
glCanvas.js:1107 [BENCHMARK] 1654765262576,X
glCanvas.js:1107 [BENCHMARK] 1654765262576,X
glCanvas.js:1107 [BENCHMARK] 1654765262589,X
glCanvas.js:1107 [BENCHMARK] 1654765262590,X
glCanvas.js:1107 [BENCHMARK] 1654765262602,X
glCanvas.js:1107 [BENCHMARK] 1654765262603,X
glCanvas.js:1107 [BENCHMARK] 1654765262614,X
glCanvas.js:1107 [BENCHMARK] 1654765262615,X
glCanvas.js:1107 [BENCHMARK] 1654765262622,X
glCanvas.js:1107 [BENCHMARK] 1654765262644,X
glCanvas.js:1107 [BENCHMARK] 1654765262834,X
glCanvas.js:1107 [BENCHMARK] 1654765262836,X
glCanvas.js:1107 [BENCHMARK] 1654765262843,X
glCanvas.js:1107 [BENCHMARK] 1654765262845,X
glCanvas.js:1107 [BENCHMARK] 1654765262848,X
glCanvas.js:1107 [BENCHMARK] 1654765262849,X
glCanvas.js:1107 [BENCHMARK] 1654765262854,X
glCanvas.js:1107 [BENCHMARK] 1654765262854,X
glCanvas.js:1107 [BENCHMARK] 1654765262858,X
glCanvas.js:1107 [BENCHMARK] 1654765262859,X
glCanvas.js:1107 [BENCHMARK] 1654765262864,X
glCanvas.js:1107 [BENCHMARK] 1654765262865,X
glCanvas.js:1107 [BENCHMARK] 1654765262870,X
glCanvas.js:1107 [BENCHMARK] 1654765262870,X
glCanvas.js:1107 [BENCHMARK] 1654765262876,X
glCanvas.js:1107 [BENCHMARK] 1654765262880,X
glCanvas.js:1107 [BENCHMARK] 1654765262882,X
glCanvas.js:1107 [BENCHMARK] 1654765262901,X
glCanvas.js:1107 [BENCHMARK] 1654765262906,X
glCanvas.js:1107 [BENCHMARK] 1654765262910,X
glCanvas.js:1107 [BENCHMARK] 1654765262912,X
glCanvas.js:1107 [BENCHMARK] 1654765262935,X
glCanvas.js:1107 [BENCHMARK] 1654765263032,X
glCanvas.js:1107 [BENCHMARK] 1654765263056,X
glCanvas.js:1107 [BENCHMARK] 1654765263277,X
glCanvas.js:1107 [BENCHMARK] 1654765263361,X
glCanvas.js:1107 [BENCHMARK] 1654765263468,X
glCanvas.js:1107 [BENCHMARK] 1654765263622,X
glCanvas.js:1107 [BENCHMARK] 1654765263698,X
glCanvas.js:1107 [BENCHMARK] 1654765263735,X
glCanvas.js:1107 [BENCHMARK] 1654765263916,X
glCanvas.js:1107 [BENCHMARK] 1654765263921,X
glCanvas.js:1107 [BENCHMARK] 1654765263926,X
glCanvas.js:1107 [BENCHMARK] 1654765263932,X
glCanvas.js:1107 [BENCHMARK] 1654765263935,X
glCanvas.js:1107 [BENCHMARK] 1654765263938,X
glCanvas.js:1107 [BENCHMARK] 1654765263943,X
glCanvas.js:1107 [BENCHMARK] 1654765263949,X
glCanvas.js:1107 [BENCHMARK] 1654765263954,X
glCanvas.js:1107 [BENCHMARK] 1654765263961,X
glCanvas.js:1107 [BENCHMARK] 1654765263966,X
glCanvas.js:1107 [BENCHMARK] 1654765263974,X
glCanvas.js:1107 [BENCHMARK] 1654765263977,X
glCanvas.js:1107 [BENCHMARK] 1654765263982,X
glCanvas.js:1107 [BENCHMARK] 1654765263984,X
glCanvas.js:1107 [BENCHMARK] 1654765264036,X
glCanvas.js:1107 [BENCHMARK] 1654765264130,X
glCanvas.js:1107 [BENCHMARK] 1654765264154,X
glCanvas.js:1107 [BENCHMARK] 1654765264193,X
glCanvas.js:1107 [BENCHMARK] 1654765264198,X
glCanvas.js:1107 [BENCHMARK] 1654765264204,X
glCanvas.js:1107 [BENCHMARK] 1654765264209,X
glCanvas.js:1107 [BENCHMARK] 1654765264215,X
glCanvas.js:1107 [BENCHMARK] 1654765264220,X
glCanvas.js:1107 [BENCHMARK] 1654765264226,X
glCanvas.js:1107 [BENCHMARK] 1654765264231,X
glCanvas.js:1107 [BENCHMARK] 1654765264237,X
glCanvas.js:1107 [BENCHMARK] 1654765264242,X
glCanvas.js:1107 [BENCHMARK] 1654765264248,X
glCanvas.js:1107 [BENCHMARK] 1654765264253,X
glCanvas.js:1107 [BENCHMARK] 1654765264259,X
glCanvas.js:1107 [BENCHMARK] 1654765264472,X
glCanvas.js:1107 [BENCHMARK] 1654765264485,X
glCanvas.js:1107 [BENCHMARK] 1654765264498,X
glCanvas.js:1107 [BENCHMARK] 1654765264510,X
glCanvas.js:1107 [BENCHMARK] 1654765264523,X
glCanvas.js:1107 [BENCHMARK] 1654765264536,X
glCanvas.js:1107 [BENCHMARK] 1654765264549,X
glCanvas.js:1107 [BENCHMARK] 1654765264563,X
glCanvas.js:1107 [BENCHMARK] 1654765264576,X
glCanvas.js:1107 [BENCHMARK] 1654765264588,X
glCanvas.js:1107 [BENCHMARK] 1654765264606,X
glCanvas.js:1107 [BENCHMARK] 1654765264627,X
glCanvas.js:1107 [BENCHMARK] 1654765264685,X
glCanvas.js:1107 [BENCHMARK] 1654765264790,X
glCanvas.js:1107 [BENCHMARK] 1654765264804,X
glCanvas.js:1107 [BENCHMARK] 1654765264816,X
glCanvas.js:1107 [BENCHMARK] 1654765264829,X
glCanvas.js:1107 [BENCHMARK] 1654765264843,X
glCanvas.js:1107 [BENCHMARK] 1654765264855,X
glCanvas.js:1107 [BENCHMARK] 1654765264868,X
glCanvas.js:1107 [BENCHMARK] 1654765264881,X
glCanvas.js:1107 [BENCHMARK] 1654765264893,X
glCanvas.js:1107 [BENCHMARK] 1654765264906,X
glCanvas.js:1107 [BENCHMARK] 1654765264918,X
glCanvas.js:1107 [BENCHMARK] 1654765264995,X
glCanvas.js:1107 [BENCHMARK] 1654765265068,X
glCanvas.js:1107 [BENCHMARK] 1654765265089,X
glCanvas.js:1107 [BENCHMARK] 1654765265111,X
glCanvas.js:1107 [BENCHMARK] 1654765265162,X
glCanvas.js:1107 [BENCHMARK] 1654765265291,X
glCanvas.js:1107 [BENCHMARK] 1654765265427,X
glCanvas.js:1107 [BENCHMARK] 1654765265449,X
glCanvas.js:1107 [BENCHMARK] 1654765265470,X
glCanvas.js:1107 [BENCHMARK] 1654765265678,X
glCanvas.js:1107 [BENCHMARK] 1654765265700,X
glCanvas.js:1107 [BENCHMARK] 1654765265721,X
glCanvas.js:1107 [BENCHMARK] 1654765265810,X
glCanvas.js:1107 [BENCHMARK] 1654765265846,X
glCanvas.js:1107 [BENCHMARK] 1654765265938,X
glCanvas.js:1107 [BENCHMARK] 1654765266041,X
glCanvas.js:1127 [BENCHMARK] 1654765266043,CSR
glCanvas.js:1127 [BENCHMARK] 1654765266243,CSR
glCanvas.js:1127 [BENCHMARK] 1654765266304,CSR
glCanvas.js:1127 [BENCHMARK] 1654765266325,CSR
glCanvas.js:1127 [BENCHMARK] 1654765266346,CSR
glCanvas.js:1127 [BENCHMARK] 1654765266367,CSR
glCanvas.js:1127 [BENCHMARK] 1654765266515,CSR
glCanvas.js:1127 [BENCHMARK] 1654765266558,CSR
glCanvas.js:1127 [BENCHMARK] 1654765266580,CSR
glCanvas.js:1127 [BENCHMARK] 1654765266738,CSR
glCanvas.js:1127 [BENCHMARK] 1654765266820,CSR
glCanvas.js:1127 [BENCHMARK] 1654765266971,CSR
glCanvas.js:1127 [BENCHMARK] 1654765267044,CSR
glCanvas.js:1127 [BENCHMARK] 1654765267065,CSR
glCanvas.js:1127 [BENCHMARK] 1654765267125,CSR
glCanvas.js:1127 [BENCHMARK] 1654765267141,CSR
glCanvas.js:1127 [BENCHMARK] 1654765267143,CSR
glCanvas.js:1127 [BENCHMARK] 1654765267147,CSR
glCanvas.js:1127 [BENCHMARK] 1654765267148,CSR
glCanvas.js:1127 [BENCHMARK] 1654765267152,CSR
glCanvas.js:1127 [BENCHMARK] 1654765267153,CSR
glCanvas.js:1127 [BENCHMARK] 1654765267158,CSR
glCanvas.js:1127 [BENCHMARK] 1654765267176,CSR
glCanvas.js:1127 [BENCHMARK] 1654765267177,CSR
glCanvas.js:1127 [BENCHMARK] 1654765267178,CSR
glCanvas.js:1127 [BENCHMARK] 1654765267179,CSR
glCanvas.js:1127 [BENCHMARK] 1654765267180,CSR
glCanvas.js:1127 [BENCHMARK] 1654765267180,CSR
glCanvas.js:1127 [BENCHMARK] 1654765267181,CSR
glCanvas.js:1127 [BENCHMARK] 1654765267182,CSR
glCanvas.js:1127 [BENCHMARK] 1654765267183,CSR
glCanvas.js:1127 [BENCHMARK] 1654765267183,CSR
glCanvas.js:1127 [BENCHMARK] 1654765267187,CSR
glCanvas.js:1127 [BENCHMARK] 1654765267188,CSR
glCanvas.js:1127 [BENCHMARK] 1654765267189,CSR
glCanvas.js:1127 [BENCHMARK] 1654765267193,CSR
glCanvas.js:1127 [BENCHMARK] 1654765267194,CSR
glCanvas.js:1127 [BENCHMARK] 1654765267240,CSR
glCanvas.js:1127 [BENCHMARK] 1654765267405,CSR
glCanvas.js:1127 [BENCHMARK] 1654765267408,CSR
glCanvas.js:1127 [BENCHMARK] 1654765267411,CSR
glCanvas.js:1127 [BENCHMARK] 1654765267413,CSR
glCanvas.js:1127 [BENCHMARK] 1654765267417,CSR
glCanvas.js:1127 [BENCHMARK] 1654765267419,CSR
glCanvas.js:1127 [BENCHMARK] 1654765267422,CSR
glCanvas.js:1127 [BENCHMARK] 1654765267423,CSR
glCanvas.js:1127 [BENCHMARK] 1654765267427,CSR
glCanvas.js:1127 [BENCHMARK] 1654765267428,CSR
glCanvas.js:1127 [BENCHMARK] 1654765267452,CSR
glCanvas.js:1127 [BENCHMARK] 1654765267453,CSR
glCanvas.js:1127 [BENCHMARK] 1654765267454,CSR
glCanvas.js:1127 [BENCHMARK] 1654765267455,CSR
glCanvas.js:1127 [BENCHMARK] 1654765267456,CSR
glCanvas.js:1127 [BENCHMARK] 1654765267456,CSR
glCanvas.js:1127 [BENCHMARK] 1654765267457,CSR
glCanvas.js:1127 [BENCHMARK] 1654765267458,CSR
glCanvas.js:1107 [BENCHMARK] 1654765267459,X
glCanvas.js:1107 [BENCHMARK] 1654765267459,X
glCanvas.js:1107 [BENCHMARK] 1654765267517,X
glCanvas.js:1107 [BENCHMARK] 1654765267622,X
glCanvas.js:1107 [BENCHMARK] 1654765267642,X
glCanvas.js:1107 [BENCHMARK] 1654765267664,X
glCanvas.js:1107 [BENCHMARK] 1654765267664,X
glCanvas.js:1107 [BENCHMARK] 1654765267669,X
glCanvas.js:1107 [BENCHMARK] 1654765267671,X
glCanvas.js:1107 [BENCHMARK] 1654765267671,X
glCanvas.js:1107 [BENCHMARK] 1654765267675,X
glCanvas.js:1107 [BENCHMARK] 1654765267676,X
glCanvas.js:1107 [BENCHMARK] 1654765267680,X
glCanvas.js:1107 [BENCHMARK] 1654765267681,X
glCanvas.js:1107 [BENCHMARK] 1654765267686,X
glCanvas.js:1107 [BENCHMARK] 1654765267687,X
glCanvas.js:1107 [BENCHMARK] 1654765267691,X
glCanvas.js:1107 [BENCHMARK] 1654765267692,X
glCanvas.js:1107 [BENCHMARK] 1654765267697,X
glCanvas.js:1107 [BENCHMARK] 1654765267698,X
glCanvas.js:1107 [BENCHMARK] 1654765267703,X
glCanvas.js:1107 [BENCHMARK] 1654765267703,X
glCanvas.js:1107 [BENCHMARK] 1654765267708,X
glCanvas.js:1107 [BENCHMARK] 1654765267709,X
glCanvas.js:1107 [BENCHMARK] 1654765267714,X
glCanvas.js:1107 [BENCHMARK] 1654765267715,X
glCanvas.js:1107 [BENCHMARK] 1654765267742,X
glCanvas.js:1107 [BENCHMARK] 1654765267782,X
glCanvas.js:1107 [BENCHMARK] 1654765267895,X
glCanvas.js:1107 [BENCHMARK] 1654765267923,X
glCanvas.js:1107 [BENCHMARK] 1654765267924,X
glCanvas.js:1107 [BENCHMARK] 1654765267929,X
glCanvas.js:1107 [BENCHMARK] 1654765267930,X
glCanvas.js:1107 [BENCHMARK] 1654765267934,X
glCanvas.js:1107 [BENCHMARK] 1654765267935,X
glCanvas.js:1107 [BENCHMARK] 1654765267940,X
glCanvas.js:1107 [BENCHMARK] 1654765267940,X
glCanvas.js:1107 [BENCHMARK] 1654765267951,X
glCanvas.js:1107 [BENCHMARK] 1654765267952,X
glCanvas.js:1107 [BENCHMARK] 1654765267953,X
glCanvas.js:1107 [BENCHMARK] 1654765267953,X
glCanvas.js:1107 [BENCHMARK] 1654765267957,X
glCanvas.js:1107 [BENCHMARK] 1654765267958,X
glCanvas.js:1107 [BENCHMARK] 1654765267962,X
glCanvas.js:1107 [BENCHMARK] 1654765267964,X
glCanvas.js:1107 [BENCHMARK] 1654765267968,X
glCanvas.js:1107 [BENCHMARK] 1654765267968,X
glCanvas.js:1107 [BENCHMARK] 1654765267974,X
glCanvas.js:1107 [BENCHMARK] 1654765267974,X
glCanvas.js:1107 [BENCHMARK] 1654765267999,X
glCanvas.js:1107 [BENCHMARK] 1654765268001,X
glCanvas.js:1107 [BENCHMARK] 1654765268003,X
glCanvas.js:1107 [BENCHMARK] 1654765268004,X
glCanvas.js:1107 [BENCHMARK] 1654765268047,X
glCanvas.js:1107 [BENCHMARK] 1654765268185,X
glCanvas.js:1107 [BENCHMARK] 1654765268193,X
glCanvas.js:1107 [BENCHMARK] 1654765268193,X
glCanvas.js:1107 [BENCHMARK] 1654765268198,X
glCanvas.js:1107 [BENCHMARK] 1654765268199,X
glCanvas.js:1107 [BENCHMARK] 1654765268204,X
glCanvas.js:1107 [BENCHMARK] 1654765268204,X
glCanvas.js:1107 [BENCHMARK] 1654765268209,X
glCanvas.js:1107 [BENCHMARK] 1654765268210,X
glCanvas.js:1107 [BENCHMARK] 1654765268215,X
glCanvas.js:1107 [BENCHMARK] 1654765268216,X
glCanvas.js:1107 [BENCHMARK] 1654765268220,X
glCanvas.js:1107 [BENCHMARK] 1654765268221,X
glCanvas.js:1107 [BENCHMARK] 1654765268226,X
glCanvas.js:1107 [BENCHMARK] 1654765268226,X
glCanvas.js:1107 [BENCHMARK] 1654765268231,X
glCanvas.js:1107 [BENCHMARK] 1654765268232,X
glCanvas.js:1107 [BENCHMARK] 1654765268237,X
glCanvas.js:1107 [BENCHMARK] 1654765268238,X
glCanvas.js:1107 [BENCHMARK] 1654765268243,X
glCanvas.js:1107 [BENCHMARK] 1654765268243,X
glCanvas.js:1107 [BENCHMARK] 1654765268248,X
glCanvas.js:1107 [BENCHMARK] 1654765268249,X
glCanvas.js:1107 [BENCHMARK] 1654765268254,X
glCanvas.js:1107 [BENCHMARK] 1654765268255,X
glCanvas.js:1107 [BENCHMARK] 1654765268263,X
glCanvas.js:1107 [BENCHMARK] 1654765268274,X
glCanvas.js:1107 [BENCHMARK] 1654765268294,X
glCanvas.js:1107 [BENCHMARK] 1654765268316,X
glCanvas.js:1107 [BENCHMARK] 1654765268365,X
glCanvas.js:1107 [BENCHMARK] 1654765268367,X
glCanvas.js:1107 [BENCHMARK] 1654765268386,X
glCanvas.js:1107 [BENCHMARK] 1654765268530,X
glCanvas.js:1107 [BENCHMARK] 1654765268676,X
glCanvas.js:1107 [BENCHMARK] 1654765268756,X
glCanvas.js:1107 [BENCHMARK] 1654765268777,X
glCanvas.js:1107 [BENCHMARK] 1654765268798,X
glCanvas.js:1107 [BENCHMARK] 1654765269086,X
glCanvas.js:1107 [BENCHMARK] 1654765269108,X
glCanvas.js:1107 [BENCHMARK] 1654765269186,X
glCanvas.js:1107 [BENCHMARK] 1654765269411,X
glCanvas.js:1107 [BENCHMARK] 1654765269432,X
glCanvas.js:1107 [BENCHMARK] 1654765269480,X
glCanvas.js:1107 [BENCHMARK] 1654765269487,X
glCanvas.js:1107 [BENCHMARK] 1654765269512,X
glCanvas.js:1107 [BENCHMARK] 1654765269515,X
glCanvas.js:1107 [BENCHMARK] 1654765269517,X
glCanvas.js:1107 [BENCHMARK] 1654765269520,X
glCanvas.js:1107 [BENCHMARK] 1654765269528,X
glCanvas.js:1107 [BENCHMARK] 1654765269534,X
glCanvas.js:1107 [BENCHMARK] 1654765269536,X
glCanvas.js:1107 [BENCHMARK] 1654765269544,X
glCanvas.js:1107 [BENCHMARK] 1654765269553,X
glCanvas.js:1107 [BENCHMARK] 1654765269555,X
glCanvas.js:1107 [BENCHMARK] 1654765269604,X
glCanvas.js:1107 [BENCHMARK] 1654765269620,X
glCanvas.js:1107 [BENCHMARK] 1654765269746,X
glCanvas.js:1107 [BENCHMARK] 1654765269755,X
glCanvas.js:1107 [BENCHMARK] 1654765269761,X
glCanvas.js:1107 [BENCHMARK] 1654765269766,X
glCanvas.js:1107 [BENCHMARK] 1654765269772,X
glCanvas.js:1107 [BENCHMARK] 1654765269778,X
glCanvas.js:1107 [BENCHMARK] 1654765269783,X
glCanvas.js:1107 [BENCHMARK] 1654765269788,X
glCanvas.js:1107 [BENCHMARK] 1654765269794,X
glCanvas.js:1107 [BENCHMARK] 1654765269799,X
glCanvas.js:1107 [BENCHMARK] 1654765269805,X
glCanvas.js:1107 [BENCHMARK] 1654765269951,X
glCanvas.js:1107 [BENCHMARK] 1654765270018,X
glCanvas.js:1107 [BENCHMARK] 1654765270022,X
glCanvas.js:1107 [BENCHMARK] 1654765270028,X
glCanvas.js:1107 [BENCHMARK] 1654765270034,X
glCanvas.js:1107 [BENCHMARK] 1654765270039,X
glCanvas.js:1107 [BENCHMARK] 1654765270045,X
glCanvas.js:1107 [BENCHMARK] 1654765270050,X
glCanvas.js:1107 [BENCHMARK] 1654765270056,X
glCanvas.js:1107 [BENCHMARK] 1654765270061,X
glCanvas.js:1107 [BENCHMARK] 1654765270071,X
glCanvas.js:1107 [BENCHMARK] 1654765270135,X
glCanvas.js:1107 [BENCHMARK] 1654765270264,X
glCanvas.js:1107 [BENCHMARK] 1654765270311,X
glCanvas.js:1107 [BENCHMARK] 1654765270437,X
glCanvas.js:1107 [BENCHMARK] 1654765270969,X
glCanvas.js:1107 [BENCHMARK] 1654765271005,X
glCanvas.js:1107 [BENCHMARK] 1654765271039,X
glCanvas.js:1107 [BENCHMARK] 1654765271072,X
glCanvas.js:1107 [BENCHMARK] 1654765271075,X
glCanvas.js:1107 [BENCHMARK] 1654765271076,X
glCanvas.js:1107 [BENCHMARK] 1654765271088,X
glCanvas.js:1107 [BENCHMARK] 1654765271089,X
glCanvas.js:1107 [BENCHMARK] 1654765271100,X
glCanvas.js:1107 [BENCHMARK] 1654765271101,X
glCanvas.js:1107 [BENCHMARK] 1654765271113,X
glCanvas.js:1107 [BENCHMARK] 1654765271114,X
glCanvas.js:1107 [BENCHMARK] 1654765271126,X
glCanvas.js:1107 [BENCHMARK] 1654765271126,X
glCanvas.js:1107 [BENCHMARK] 1654765271132,X
glCanvas.js:1107 [BENCHMARK] 1654765271139,X
glCanvas.js:1107 [BENCHMARK] 1654765271139,X
glCanvas.js:1107 [BENCHMARK] 1654765271151,X
glCanvas.js:1107 [BENCHMARK] 1654765271152,X
glCanvas.js:1107 [BENCHMARK] 1654765271164,X
glCanvas.js:1107 [BENCHMARK] 1654765271164,X
glCanvas.js:1107 [BENCHMARK] 1654765271176,X
glCanvas.js:1107 [BENCHMARK] 1654765271177,X
glCanvas.js:1107 [BENCHMARK] 1654765271189,X
glCanvas.js:1107 [BENCHMARK] 1654765271190,X
glCanvas.js:1107 [BENCHMARK] 1654765271408,X
glCanvas.js:1107 [BENCHMARK] 1654765271411,X
glCanvas.js:1107 [BENCHMARK] 1654765271422,X
glCanvas.js:1107 [BENCHMARK] 1654765271423,X
glCanvas.js:1107 [BENCHMARK] 1654765271433,X
glCanvas.js:1107 [BENCHMARK] 1654765271434,X
glCanvas.js:1107 [BENCHMARK] 1654765271446,X
glCanvas.js:1107 [BENCHMARK] 1654765271447,X
glCanvas.js:1107 [BENCHMARK] 1654765271448,X
glCanvas.js:1107 [BENCHMARK] 1654765271459,X
glCanvas.js:1107 [BENCHMARK] 1654765271459,X
glCanvas.js:1107 [BENCHMARK] 1654765271472,X
glCanvas.js:1107 [BENCHMARK] 1654765271473,X
glCanvas.js:1107 [BENCHMARK] 1654765271484,X
glCanvas.js:1107 [BENCHMARK] 1654765271485,X
glCanvas.js:1107 [BENCHMARK] 1654765271496,X
glCanvas.js:1107 [BENCHMARK] 1654765271497,X
glCanvas.js:1107 [BENCHMARK] 1654765271504,X
glCanvas.js:1107 [BENCHMARK] 1654765271509,X
glCanvas.js:1107 [BENCHMARK] 1654765271510,X
glCanvas.js:1107 [BENCHMARK] 1654765271522,X
glCanvas.js:1107 [BENCHMARK] 1654765271523,X
glCanvas.js:1107 [BENCHMARK] 1654765271551,X
glCanvas.js:1107 [BENCHMARK] 1654765271596,X
glCanvas.js:1107 [BENCHMARK] 1654765271703,X
glCanvas.js:1107 [BENCHMARK] 1654765271725,X
glCanvas.js:1107 [BENCHMARK] 1654765271738,X
glCanvas.js:1107 [BENCHMARK] 1654765271738,X
glCanvas.js:1107 [BENCHMARK] 1654765271750,X
glCanvas.js:1107 [BENCHMARK] 1654765271751,X
glCanvas.js:1107 [BENCHMARK] 1654765271763,X
glCanvas.js:1107 [BENCHMARK] 1654765271764,X
glCanvas.js:1107 [BENCHMARK] 1654765271776,X
glCanvas.js:1107 [BENCHMARK] 1654765271776,X
glCanvas.js:1107 [BENCHMARK] 1654765271788,X
glCanvas.js:1107 [BENCHMARK] 1654765271789,X
glCanvas.js:1107 [BENCHMARK] 1654765271801,X
glCanvas.js:1107 [BENCHMARK] 1654765271803,X
glCanvas.js:1107 [BENCHMARK] 1654765271814,X
glCanvas.js:1107 [BENCHMARK] 1654765271814,X
glCanvas.js:1107 [BENCHMARK] 1654765271826,X
glCanvas.js:1107 [BENCHMARK] 1654765271827,X
glCanvas.js:1107 [BENCHMARK] 1654765271839,X
glCanvas.js:1107 [BENCHMARK] 1654765271840,X
glCanvas.js:1107 [BENCHMARK] 1654765271842,X
glCanvas.js:1107 [BENCHMARK] 1654765271851,X
glCanvas.js:1107 [BENCHMARK] 1654765271852,X
glCanvas.js:1107 [BENCHMARK] 1654765272034,X
glCanvas.js:1107 [BENCHMARK] 1654765272067,X
glCanvas.js:1107 [BENCHMARK] 1654765272067,X
glCanvas.js:1107 [BENCHMARK] 1654765272074,X
glCanvas.js:1107 [BENCHMARK] 1654765272080,X
glCanvas.js:1107 [BENCHMARK] 1654765272081,X
glCanvas.js:1107 [BENCHMARK] 1654765272093,X
glCanvas.js:1107 [BENCHMARK] 1654765272094,X
glCanvas.js:1107 [BENCHMARK] 1654765272106,X
glCanvas.js:1107 [BENCHMARK] 1654765272107,X
glCanvas.js:1107 [BENCHMARK] 1654765272120,X
glCanvas.js:1107 [BENCHMARK] 1654765272121,X
glCanvas.js:1107 [BENCHMARK] 1654765272133,X
glCanvas.js:1107 [BENCHMARK] 1654765272135,X
glCanvas.js:1107 [BENCHMARK] 1654765272144,X
glCanvas.js:1107 [BENCHMARK] 1654765272145,X
glCanvas.js:1107 [BENCHMARK] 1654765272157,X
glCanvas.js:1107 [BENCHMARK] 1654765272158,X
glCanvas.js:1107 [BENCHMARK] 1654765272170,X
glCanvas.js:1107 [BENCHMARK] 1654765272171,X
glCanvas.js:1107 [BENCHMARK] 1654765272183,X
glCanvas.js:1107 [BENCHMARK] 1654765272184,X
glCanvas.js:1107 [BENCHMARK] 1654765272263,X
glCanvas.js:1107 [BENCHMARK] 1654765272362,X
glCanvas.js:1107 [BENCHMARK] 1654765272471,X
glCanvas.js:1107 [BENCHMARK] 1654765272503,X
glCanvas.js:1107 [BENCHMARK] 1654765272698,X
glCanvas.js:1107 [BENCHMARK] 1654765272771,X
glCanvas.js:1107 [BENCHMARK] 1654765272809,X
glCanvas.js:1107 [BENCHMARK] 1654765272885,X
glCanvas.js:1107 [BENCHMARK] 1654765273011,X
glCanvas.js:1107 [BENCHMARK] 1654765273061,X
glCanvas.js:1107 [BENCHMARK] 1654765273090,X
glCanvas.js:1107 [BENCHMARK] 1654765273110,X
glCanvas.js:1107 [BENCHMARK] 1654765273194,X
glCanvas.js:1107 [BENCHMARK] 1654765273279,X
glCanvas.js:1107 [BENCHMARK] 1654765273355,X
glCanvas.js:1107 [BENCHMARK] 1654765273410,X
glCanvas.js:1107 [BENCHMARK] 1654765273455,X
glCanvas.js:1107 [BENCHMARK] 1654765273532,X
glCanvas.js:1107 [BENCHMARK] 1654765273552,X
glCanvas.js:1107 [BENCHMARK] 1654765273572,X
glCanvas.js:1107 [BENCHMARK] 1654765273610,X
glCanvas.js:1107 [BENCHMARK] 1654765273641,X
glCanvas.js:1107 [BENCHMARK] 1654765273677,X
glCanvas.js:1107 [BENCHMARK] 1654765273709,X
glCanvas.js:1107 [BENCHMARK] 1654765273742,X
glCanvas.js:1107 [BENCHMARK] 1654765273771,X
glCanvas.js:1107 [BENCHMARK] 1654765273857,X
glCanvas.js:1107 [BENCHMARK] 1654765273876,X
glCanvas.js:1107 [BENCHMARK] 1654765273959,X
glCanvas.js:1107 [BENCHMARK] 1654765274158,X
glCanvas.js:1107 [BENCHMARK] 1654765274243,X
glCanvas.js:1107 [BENCHMARK] 1654765274460,X
glCanvas.js:1107 [BENCHMARK] 1654765274524,X
glCanvas.js:1107 [BENCHMARK] 1654765274558,X
glCanvas.js:1107 [BENCHMARK] 1654765274608,X
glCanvas.js:1107 [BENCHMARK] 1654765274640,X
glCanvas.js:1107 [BENCHMARK] 1654765274661,X
glCanvas.js:1107 [BENCHMARK] 1654765274681,X
glCanvas.js:1107 [BENCHMARK] 1654765274713,X
glCanvas.js:1107 [BENCHMARK] 1654765274733,X
glCanvas.js:1107 [BENCHMARK] 1654765274752,X
glCanvas.js:1107 [BENCHMARK] 1654765274783,X
glCanvas.js:1107 [BENCHMARK] 1654765274818,X
glCanvas.js:1107 [BENCHMARK] 1654765274850,X
glCanvas.js:1107 [BENCHMARK] 1654765274897,X
glCanvas.js:1107 [BENCHMARK] 1654765274918,X
glCanvas.js:1107 [BENCHMARK] 1654765274937,X
glCanvas.js:1107 [BENCHMARK] 1654765275029,X
glCanvas.js:1107 [BENCHMARK] 1654765275063,X
glCanvas.js:1127 [BENCHMARK] 1654765275082,CSR
glCanvas.js:1127 [BENCHMARK] 1654765275113,CSR
glCanvas.js:1127 [BENCHMARK] 1654765275178,CSR
glCanvas.js:1127 [BENCHMARK] 1654765275230,CSR
glCanvas.js:1127 [BENCHMARK] 1654765275256,CSR
glCanvas.js:1127 [BENCHMARK] 1654765275290,CSR
glCanvas.js:1127 [BENCHMARK] 1654765275359,CSR
glCanvas.js:1127 [BENCHMARK] 1654765275417,CSR
glCanvas.js:1127 [BENCHMARK] 1654765275469,CSR
glCanvas.js:1127 [BENCHMARK] 1654765275512,CSR
glCanvas.js:1127 [BENCHMARK] 1654765275544,CSR
glCanvas.js:1127 [BENCHMARK] 1654765275559,CSR
glCanvas.js:1127 [BENCHMARK] 1654765275580,CSR
glCanvas.js:1127 [BENCHMARK] 1654765275700,CSR
glCanvas.js:1127 [BENCHMARK] 1654765275734,CSR
glCanvas.js:1127 [BENCHMARK] 1654765275764,CSR
glCanvas.js:1127 [BENCHMARK] 1654765275795,CSR
glCanvas.js:1127 [BENCHMARK] 1654765275817,CSR
glCanvas.js:1127 [BENCHMARK] 1654765275845,CSR
glCanvas.js:1127 [BENCHMARK] 1654765275866,CSR
glCanvas.js:1127 [BENCHMARK] 1654765275897,CSR
glCanvas.js:1127 [BENCHMARK] 1654765275927,CSR
glCanvas.js:1127 [BENCHMARK] 1654765275955,CSR
glCanvas.js:1127 [BENCHMARK] 1654765276022,CSR
glCanvas.js:1127 [BENCHMARK] 1654765276043,CSR
glCanvas.js:1127 [BENCHMARK] 1654765276168,CSR
glCanvas.js:1127 [BENCHMARK] 1654765276198,CSR
glCanvas.js:1127 [BENCHMARK] 1654765276226,CSR
glCanvas.js:1127 [BENCHMARK] 1654765276352,CSR
glCanvas.js:1127 [BENCHMARK] 1654765276458,CSR
glCanvas.js:1127 [BENCHMARK] 1654765276488,CSR
glCanvas.js:1127 [BENCHMARK] 1654765276517,CSR
glCanvas.js:1127 [BENCHMARK] 1654765276546,CSR
glCanvas.js:1127 [BENCHMARK] 1654765276597,CSR
glCanvas.js:1127 [BENCHMARK] 1654765276625,CSR
glCanvas.js:1127 [BENCHMARK] 1654765276637,CSR
glCanvas.js:1127 [BENCHMARK] 1654765276668,CSR
glCanvas.js:1127 [BENCHMARK] 1654765276699,CSR
glCanvas.js:1127 [BENCHMARK] 1654765276721,CSR
glCanvas.js:1127 [BENCHMARK] 1654765276742,CSR
glCanvas.js:1127 [BENCHMARK] 1654765276790,CSR
glCanvas.js:1127 [BENCHMARK] 1654765276828,CSR
glCanvas.js:1127 [BENCHMARK] 1654765276858,CSR
glCanvas.js:1127 [BENCHMARK] 1654765276880,CSR
glCanvas.js:1127 [BENCHMARK] 1654765276899,CSR
glCanvas.js:1127 [BENCHMARK] 1654765276958,CSR
glCanvas.js:1127 [BENCHMARK] 1654765276996,CSR
glCanvas.js:1127 [BENCHMARK] 1654765277039,CSR
glCanvas.js:1127 [BENCHMARK] 1654765277076,CSR
glCanvas.js:1127 [BENCHMARK] 1654765277098,CSR
glCanvas.js:1127 [BENCHMARK] 1654765277145,CSR
glCanvas.js:1127 [BENCHMARK] 1654765277181,CSR
glCanvas.js:1127 [BENCHMARK] 1654765277206,CSR
glCanvas.js:1127 [BENCHMARK] 1654765277231,CSR
glCanvas.js:1127 [BENCHMARK] 1654765277256,CSR
glCanvas.js:1127 [BENCHMARK] 1654765277282,CSR
glCanvas.js:1127 [BENCHMARK] 1654765277305,CSR
glCanvas.js:1127 [BENCHMARK] 1654765277325,CSR
glCanvas.js:1127 [BENCHMARK] 1654765277344,CSR
glCanvas.js:1127 [BENCHMARK] 1654765277364,CSR
glCanvas.js:1127 [BENCHMARK] 1654765277490,CSR
glCanvas.js:1127 [BENCHMARK] 1654765277509,CSR
glCanvas.js:1127 [BENCHMARK] 1654765277529,CSR
glCanvas.js:1127 [BENCHMARK] 1654765277559,CSR
glCanvas.js:1127 [BENCHMARK] 1654765277873,CSR
glCanvas.js:1127 [BENCHMARK] 1654765277897,CSR
glCanvas.js:1127 [BENCHMARK] 1654765277925,CSR
glCanvas.js:1127 [BENCHMARK] 1654765278243,CSR
glCanvas.js:1127 [BENCHMARK] 1654765278284,CSR
glCanvas.js:1127 [BENCHMARK] 1654765278309,CSR
glCanvas.js:1127 [BENCHMARK] 1654765278333,CSR
glCanvas.js:1127 [BENCHMARK] 1654765278386,CSR
glCanvas.js:1127 [BENCHMARK] 1654765278485,CSR
glCanvas.js:1127 [BENCHMARK] 1654765278512,CSR
filmbox2.js:1537 [BENCHMARK] 1654765278513,fullLoad
