glCanvas.js:1107 [BENCHMARK] 1654769350762,X
glCanvas.js:1107 [BENCHMARK] 1654769350768,X
glCanvas.js:1107 [BENCHMARK] 1654769350771,X
glCanvas.js:1127 [BENCHMARK] 1654769351306,SSR
manager.js:159 [BENCHMARK] 1654769352613,firstRender
glCanvas.js:1127 [BENCHMARK] 1654769352616,SSR
glCanvas.js:1127 [BENCHMARK] 1654769352630,SSR
glCanvas.js:1127 [BENCHMARK] 1654769352635,CSR
glCanvas.js:1127 [BENCHMARK] 1654769352672,CSR
glCanvas.js:1127 [BENCHMARK] 1654769352674,CSR
glCanvas.js:1127 [BENCHMARK] 1654769352677,CSR
glCanvas.js:1127 [BENCHMARK] 1654769352683,CSR
glCanvas.js:1127 [BENCHMARK] 1654769352687,CSR
glCanvas.js:1127 [BENCHMARK] 1654769352692,CSR
glCanvas.js:1127 [BENCHMARK] 1654769352695,CSR
glCanvas.js:1127 [BENCHMARK] 1654769352719,CSR
glCanvas.js:1127 [BENCHMARK] 1654769352720,CSR
glCanvas.js:1127 [BENCHMARK] 1654769352722,CSR
glCanvas.js:1127 [BENCHMARK] 1654769352725,CSR
glCanvas.js:1127 [BENCHMARK] 1654769352738,CSR
glCanvas.js:1127 [BENCHMARK] 1654769352805,CSR
glCanvas.js:1127 [BENCHMARK] 1654769352809,CSR
glCanvas.js:1127 [BENCHMARK] 1654769352814,CSR
glCanvas.js:1127 [BENCHMARK] 1654769352820,CSR
glCanvas.js:1127 [BENCHMARK] 1654769352824,CSR
glCanvas.js:1127 [BENCHMARK] 1654769352835,CSR
glCanvas.js:1127 [BENCHMARK] 1654769352841,CSR
glCanvas.js:1127 [BENCHMARK] 1654769353036,CSR
glCanvas.js:1127 [BENCHMARK] 1654769353355,CSR
glCanvas.js:1127 [BENCHMARK] 1654769353562,CSR
glCanvas.js:1127 [BENCHMARK] 1654769353604,CSR
glCanvas.js:1127 [BENCHMARK] 1654769353682,CSR
glCanvas.js:1127 [BENCHMARK] 1654769353712,CSR
glCanvas.js:1127 [BENCHMARK] 1654769353741,CSR
glCanvas.js:1127 [BENCHMARK] 1654769353880,CSR
glCanvas.js:1127 [BENCHMARK] 1654769353946,CSR
glCanvas.js:1127 [BENCHMARK] 1654769354054,CSR
glCanvas.js:1127 [BENCHMARK] 1654769354086,CSR
glCanvas.js:1127 [BENCHMARK] 1654769354146,CSR
glCanvas.js:1127 [BENCHMARK] 1654769354342,CSR
glCanvas.js:1127 [BENCHMARK] 1654769354373,CSR
glCanvas.js:1127 [BENCHMARK] 1654769354409,CSR
glCanvas.js:1127 [BENCHMARK] 1654769354737,CSR
glCanvas.js:1127 [BENCHMARK] 1654769354766,CSR
glCanvas.js:1127 [BENCHMARK] 1654769354793,CSR
glCanvas.js:1127 [BENCHMARK] 1654769354816,CSR
glCanvas.js:1127 [BENCHMARK] 1654769354821,CSR
glCanvas.js:1127 [BENCHMARK] 1654769354850,CSR
glCanvas.js:1127 [BENCHMARK] 1654769354919,CSR
glCanvas.js:1127 [BENCHMARK] 1654769354924,SSR
glCanvas.js:1127 [BENCHMARK] 1654769355243,SSR
glCanvas.js:1127 [BENCHMARK] 1654769355268,SSR
glCanvas.js:1127 [BENCHMARK] 1654769355364,SSR
glCanvas.js:1127 [BENCHMARK] 1654769355452,SSR
glCanvas.js:1127 [BENCHMARK] 1654769355483,SSR
glCanvas.js:1127 [BENCHMARK] 1654769355552,CSR
glCanvas.js:1127 [BENCHMARK] 1654769355587,CSR
glCanvas.js:1127 [BENCHMARK] 1654769355610,CSR
glCanvas.js:1127 [BENCHMARK] 1654769355638,CSR
glCanvas.js:1127 [BENCHMARK] 1654769355662,CSR
glCanvas.js:1127 [BENCHMARK] 1654769355687,CSR
glCanvas.js:1127 [BENCHMARK] 1654769355711,CSR
glCanvas.js:1127 [BENCHMARK] 1654769355734,CSR
glCanvas.js:1127 [BENCHMARK] 1654769355757,CSR
glCanvas.js:1127 [BENCHMARK] 1654769355781,CSR
glCanvas.js:1127 [BENCHMARK] 1654769355804,CSR
glCanvas.js:1127 [BENCHMARK] 1654769355828,CSR
glCanvas.js:1127 [BENCHMARK] 1654769355851,CSR
glCanvas.js:1127 [BENCHMARK] 1654769355880,CSR
glCanvas.js:1127 [BENCHMARK] 1654769355902,CSR
glCanvas.js:1127 [BENCHMARK] 1654769356134,CSR
glCanvas.js:1127 [BENCHMARK] 1654769356139,CSR
glCanvas.js:1127 [BENCHMARK] 1654769356141,CSR
glCanvas.js:1127 [BENCHMARK] 1654769356160,CSR
glCanvas.js:1127 [BENCHMARK] 1654769356172,CSR
glCanvas.js:1127 [BENCHMARK] 1654769356199,CSR
glCanvas.js:1127 [BENCHMARK] 1654769356231,CSR
glCanvas.js:1127 [BENCHMARK] 1654769356253,CSR
glCanvas.js:1127 [BENCHMARK] 1654769356278,CSR
glCanvas.js:1127 [BENCHMARK] 1654769356301,CSR
glCanvas.js:1127 [BENCHMARK] 1654769356323,CSR
glCanvas.js:1127 [BENCHMARK] 1654769356346,CSR
glCanvas.js:1127 [BENCHMARK] 1654769356375,CSR
glCanvas.js:1127 [BENCHMARK] 1654769356397,CSR
glCanvas.js:1127 [BENCHMARK] 1654769356422,CSR
glCanvas.js:1127 [BENCHMARK] 1654769356622,CSR
glCanvas.js:1127 [BENCHMARK] 1654769356624,CSR
glCanvas.js:1127 [BENCHMARK] 1654769356626,CSR
glCanvas.js:1127 [BENCHMARK] 1654769356643,CSR
glCanvas.js:1127 [BENCHMARK] 1654769356645,CSR
glCanvas.js:1127 [BENCHMARK] 1654769356646,CSR
glCanvas.js:1127 [BENCHMARK] 1654769356664,CSR
glCanvas.js:1127 [BENCHMARK] 1654769356670,CSR
glCanvas.js:1127 [BENCHMARK] 1654769356674,CSR
glCanvas.js:1127 [BENCHMARK] 1654769356686,CSR
glCanvas.js:1127 [BENCHMARK] 1654769356711,CSR
glCanvas.js:1127 [BENCHMARK] 1654769356735,CSR
glCanvas.js:1127 [BENCHMARK] 1654769356890,CSR
glCanvas.js:1127 [BENCHMARK] 1654769356915,CSR
glCanvas.js:1127 [BENCHMARK] 1654769356937,CSR
glCanvas.js:1127 [BENCHMARK] 1654769356959,CSR
glCanvas.js:1127 [BENCHMARK] 1654769356981,CSR
glCanvas.js:1127 [BENCHMARK] 1654769357005,CSR
glCanvas.js:1127 [BENCHMARK] 1654769357027,CSR
glCanvas.js:1127 [BENCHMARK] 1654769357035,CSR
glCanvas.js:1127 [BENCHMARK] 1654769357037,CSR
glCanvas.js:1127 [BENCHMARK] 1654769357073,CSR
glCanvas.js:1127 [BENCHMARK] 1654769357074,CSR
glCanvas.js:1127 [BENCHMARK] 1654769357105,CSR
glCanvas.js:1127 [BENCHMARK] 1654769357106,CSR
glCanvas.js:1127 [BENCHMARK] 1654769357128,CSR
glCanvas.js:1127 [BENCHMARK] 1654769357135,CSR
glCanvas.js:1127 [BENCHMARK] 1654769357137,CSR
glCanvas.js:1127 [BENCHMARK] 1654769357138,CSR
glCanvas.js:1127 [BENCHMARK] 1654769357142,CSR
glCanvas.js:1127 [BENCHMARK] 1654769357167,CSR
glCanvas.js:1127 [BENCHMARK] 1654769357169,CSR
glCanvas.js:1127 [BENCHMARK] 1654769357172,CSR
glCanvas.js:1127 [BENCHMARK] 1654769357177,CSR
glCanvas.js:1127 [BENCHMARK] 1654769357194,CSR
glCanvas.js:1127 [BENCHMARK] 1654769357198,CSR
glCanvas.js:1127 [BENCHMARK] 1654769357200,CSR
glCanvas.js:1127 [BENCHMARK] 1654769357201,CSR
glCanvas.js:1127 [BENCHMARK] 1654769357219,CSR
glCanvas.js:1127 [BENCHMARK] 1654769357225,CSR
glCanvas.js:1127 [BENCHMARK] 1654769357230,CSR
glCanvas.js:1127 [BENCHMARK] 1654769357243,CSR
glCanvas.js:1127 [BENCHMARK] 1654769357244,CSR
glCanvas.js:1127 [BENCHMARK] 1654769357261,CSR
glCanvas.js:1127 [BENCHMARK] 1654769357262,CSR
glCanvas.js:1127 [BENCHMARK] 1654769357291,CSR
glCanvas.js:1127 [BENCHMARK] 1654769357292,CSR
glCanvas.js:1127 [BENCHMARK] 1654769357324,CSR
glCanvas.js:1127 [BENCHMARK] 1654769357327,CSR
glCanvas.js:1127 [BENCHMARK] 1654769357564,CSR
glCanvas.js:1127 [BENCHMARK] 1654769357566,CSR
glCanvas.js:1127 [BENCHMARK] 1654769357595,CSR
glCanvas.js:1127 [BENCHMARK] 1654769357598,CSR
glCanvas.js:1127 [BENCHMARK] 1654769357627,CSR
glCanvas.js:1127 [BENCHMARK] 1654769357629,CSR
glCanvas.js:1127 [BENCHMARK] 1654769357658,CSR
glCanvas.js:1127 [BENCHMARK] 1654769357661,CSR
glCanvas.js:1127 [BENCHMARK] 1654769357690,CSR
glCanvas.js:1127 [BENCHMARK] 1654769357692,CSR
glCanvas.js:1127 [BENCHMARK] 1654769357721,CSR
glCanvas.js:1127 [BENCHMARK] 1654769357723,CSR
glCanvas.js:1127 [BENCHMARK] 1654769357752,CSR
glCanvas.js:1127 [BENCHMARK] 1654769357755,CSR
glCanvas.js:1127 [BENCHMARK] 1654769357783,CSR
glCanvas.js:1127 [BENCHMARK] 1654769357786,CSR
glCanvas.js:1127 [BENCHMARK] 1654769357815,CSR
glCanvas.js:1127 [BENCHMARK] 1654769357818,CSR
glCanvas.js:1127 [BENCHMARK] 1654769357847,CSR
glCanvas.js:1127 [BENCHMARK] 1654769357850,CSR
glCanvas.js:1127 [BENCHMARK] 1654769358087,CSR
glCanvas.js:1127 [BENCHMARK] 1654769358089,CSR
glCanvas.js:1127 [BENCHMARK] 1654769358118,CSR
glCanvas.js:1127 [BENCHMARK] 1654769358121,CSR
glCanvas.js:1127 [BENCHMARK] 1654769358149,CSR
glCanvas.js:1127 [BENCHMARK] 1654769358151,CSR
glCanvas.js:1127 [BENCHMARK] 1654769358181,CSR
glCanvas.js:1127 [BENCHMARK] 1654769358183,CSR
glCanvas.js:1127 [BENCHMARK] 1654769358211,CSR
glCanvas.js:1127 [BENCHMARK] 1654769358213,CSR
glCanvas.js:1107 [BENCHMARK] 1654769358241,X
glCanvas.js:1107 [BENCHMARK] 1654769358242,X
glCanvas.js:1107 [BENCHMARK] 1654769358274,X
glCanvas.js:1107 [BENCHMARK] 1654769358276,X
glCanvas.js:1107 [BENCHMARK] 1654769358305,X
glCanvas.js:1107 [BENCHMARK] 1654769358307,X
glCanvas.js:1107 [BENCHMARK] 1654769358337,X
glCanvas.js:1107 [BENCHMARK] 1654769358339,X
glCanvas.js:1107 [BENCHMARK] 1654769358369,X
glCanvas.js:1107 [BENCHMARK] 1654769358370,X
glCanvas.js:1107 [BENCHMARK] 1654769358625,X
glCanvas.js:1127 [BENCHMARK] 1654769358852,SSR
glCanvas.js:1127 [BENCHMARK] 1654769358892,CSR
glCanvas.js:1127 [BENCHMARK] 1654769358894,CSR
glCanvas.js:1127 [BENCHMARK] 1654769358896,CSR
glCanvas.js:1127 [BENCHMARK] 1654769358907,CSR
glCanvas.js:1127 [BENCHMARK] 1654769358909,CSR
glCanvas.js:1127 [BENCHMARK] 1654769358911,CSR
glCanvas.js:1127 [BENCHMARK] 1654769358928,CSR
glCanvas.js:1127 [BENCHMARK] 1654769358930,CSR
glCanvas.js:1127 [BENCHMARK] 1654769358933,CSR
glCanvas.js:1127 [BENCHMARK] 1654769359071,CSR
glCanvas.js:1127 [BENCHMARK] 1654769359115,CSR
glCanvas.js:1127 [BENCHMARK] 1654769359117,CSR
glCanvas.js:1127 [BENCHMARK] 1654769359119,CSR
glCanvas.js:1127 [BENCHMARK] 1654769359127,CSR
glCanvas.js:1127 [BENCHMARK] 1654769359129,CSR
glCanvas.js:1127 [BENCHMARK] 1654769359131,CSR
glCanvas.js:1127 [BENCHMARK] 1654769359154,CSR
glCanvas.js:1127 [BENCHMARK] 1654769359161,CSR
glCanvas.js:1127 [BENCHMARK] 1654769359162,CSR
glCanvas.js:1127 [BENCHMARK] 1654769359288,CSR
glCanvas.js:1127 [BENCHMARK] 1654769359345,CSR
glCanvas.js:1127 [BENCHMARK] 1654769359352,CSR
glCanvas.js:1127 [BENCHMARK] 1654769359369,CSR
glCanvas.js:1127 [BENCHMARK] 1654769359374,CSR
glCanvas.js:1127 [BENCHMARK] 1654769359380,CSR
glCanvas.js:1127 [BENCHMARK] 1654769359395,CSR
glCanvas.js:1127 [BENCHMARK] 1654769359404,CSR
glCanvas.js:1127 [BENCHMARK] 1654769359414,CSR
glCanvas.js:1127 [BENCHMARK] 1654769359417,CSR
glCanvas.js:1127 [BENCHMARK] 1654769359420,CSR
glCanvas.js:1127 [BENCHMARK] 1654769359498,CSR
glCanvas.js:1127 [BENCHMARK] 1654769359509,CSR
glCanvas.js:1127 [BENCHMARK] 1654769359556,CSR
glCanvas.js:1127 [BENCHMARK] 1654769359561,CSR
glCanvas.js:1127 [BENCHMARK] 1654769359576,CSR
glCanvas.js:1127 [BENCHMARK] 1654769359582,CSR
glCanvas.js:1127 [BENCHMARK] 1654769359586,CSR
glCanvas.js:1127 [BENCHMARK] 1654769359609,CSR
glCanvas.js:1127 [BENCHMARK] 1654769359612,CSR
glCanvas.js:1127 [BENCHMARK] 1654769359670,CSR
glCanvas.js:1127 [BENCHMARK] 1654769359674,CSR
glCanvas.js:1127 [BENCHMARK] 1654769359691,CSR
glCanvas.js:1127 [BENCHMARK] 1654769359725,CSR
glCanvas.js:1127 [BENCHMARK] 1654769359726,CSR
glCanvas.js:1127 [BENCHMARK] 1654769359781,CSR
glCanvas.js:1127 [BENCHMARK] 1654769359785,CSR
glCanvas.js:1127 [BENCHMARK] 1654769359794,CSR
glCanvas.js:1127 [BENCHMARK] 1654769359812,CSR
glCanvas.js:1127 [BENCHMARK] 1654769359815,CSR
glCanvas.js:1127 [BENCHMARK] 1654769359820,CSR
glCanvas.js:1127 [BENCHMARK] 1654769359845,CSR
glCanvas.js:1127 [BENCHMARK] 1654769359888,CSR
glCanvas.js:1127 [BENCHMARK] 1654769359895,CSR
glCanvas.js:1127 [BENCHMARK] 1654769359902,CSR
glCanvas.js:1127 [BENCHMARK] 1654769359913,CSR
glCanvas.js:1127 [BENCHMARK] 1654769359955,CSR
glCanvas.js:1127 [BENCHMARK] 1654769359996,CSR
glCanvas.js:1127 [BENCHMARK] 1654769360000,CSR
glCanvas.js:1127 [BENCHMARK] 1654769360007,CSR
glCanvas.js:1127 [BENCHMARK] 1654769360012,CSR
glCanvas.js:1127 [BENCHMARK] 1654769360023,CSR
glCanvas.js:1127 [BENCHMARK] 1654769360030,CSR
glCanvas.js:1127 [BENCHMARK] 1654769360056,CSR
glCanvas.js:1127 [BENCHMARK] 1654769360104,CSR
glCanvas.js:1127 [BENCHMARK] 1654769360109,CSR
glCanvas.js:1127 [BENCHMARK] 1654769360116,CSR
glCanvas.js:1127 [BENCHMARK] 1654769360170,CSR
glCanvas.js:1127 [BENCHMARK] 1654769360221,CSR
glCanvas.js:1127 [BENCHMARK] 1654769360223,CSR
glCanvas.js:1127 [BENCHMARK] 1654769360227,CSR
glCanvas.js:1127 [BENCHMARK] 1654769360231,CSR
glCanvas.js:1127 [BENCHMARK] 1654769360237,CSR
glCanvas.js:1127 [BENCHMARK] 1654769360263,CSR
glCanvas.js:1127 [BENCHMARK] 1654769360265,CSR
glCanvas.js:1127 [BENCHMARK] 1654769360334,CSR
glCanvas.js:1127 [BENCHMARK] 1654769360337,CSR
glCanvas.js:1127 [BENCHMARK] 1654769360340,CSR
glCanvas.js:1127 [BENCHMARK] 1654769360343,CSR
glCanvas.js:1127 [BENCHMARK] 1654769360351,CSR
glCanvas.js:1127 [BENCHMARK] 1654769360353,CSR
glCanvas.js:1127 [BENCHMARK] 1654769360355,CSR
glCanvas.js:1127 [BENCHMARK] 1654769360379,CSR
glCanvas.js:1127 [BENCHMARK] 1654769360383,CSR
glCanvas.js:1127 [BENCHMARK] 1654769360387,CSR
glCanvas.js:1127 [BENCHMARK] 1654769360404,CSR
glCanvas.js:1127 [BENCHMARK] 1654769360410,CSR
glCanvas.js:1127 [BENCHMARK] 1654769360413,CSR
glCanvas.js:1127 [BENCHMARK] 1654769360421,CSR
glCanvas.js:1127 [BENCHMARK] 1654769360436,CSR
glCanvas.js:1127 [BENCHMARK] 1654769360438,CSR
glCanvas.js:1127 [BENCHMARK] 1654769360443,CSR
glCanvas.js:1127 [BENCHMARK] 1654769360462,CSR
glCanvas.js:1127 [BENCHMARK] 1654769360471,CSR
glCanvas.js:1127 [BENCHMARK] 1654769360494,CSR
glCanvas.js:1127 [BENCHMARK] 1654769360559,CSR
glCanvas.js:1127 [BENCHMARK] 1654769360562,CSR
glCanvas.js:1127 [BENCHMARK] 1654769360565,CSR
glCanvas.js:1127 [BENCHMARK] 1654769360587,CSR
glCanvas.js:1127 [BENCHMARK] 1654769360591,CSR
glCanvas.js:1127 [BENCHMARK] 1654769360594,CSR
glCanvas.js:1127 [BENCHMARK] 1654769360598,CSR
glCanvas.js:1127 [BENCHMARK] 1654769360660,CSR
glCanvas.js:1127 [BENCHMARK] 1654769360669,CSR
glCanvas.js:1127 [BENCHMARK] 1654769360689,CSR
glCanvas.js:1127 [BENCHMARK] 1654769360721,CSR
glCanvas.js:1127 [BENCHMARK] 1654769360734,CSR
glCanvas.js:1127 [BENCHMARK] 1654769360738,CSR
glCanvas.js:1127 [BENCHMARK] 1654769360752,CSR
glCanvas.js:1127 [BENCHMARK] 1654769360756,CSR
glCanvas.js:1127 [BENCHMARK] 1654769360759,CSR
glCanvas.js:1127 [BENCHMARK] 1654769360774,CSR
glCanvas.js:1127 [BENCHMARK] 1654769360777,CSR
glCanvas.js:1127 [BENCHMARK] 1654769360780,CSR
glCanvas.js:1127 [BENCHMARK] 1654769360795,CSR
glCanvas.js:1127 [BENCHMARK] 1654769360815,CSR
glCanvas.js:1127 [BENCHMARK] 1654769360818,CSR
glCanvas.js:1127 [BENCHMARK] 1654769360822,CSR
glCanvas.js:1127 [BENCHMARK] 1654769360828,CSR
glCanvas.js:1127 [BENCHMARK] 1654769360831,CSR
glCanvas.js:1127 [BENCHMARK] 1654769360850,CSR
glCanvas.js:1127 [BENCHMARK] 1654769360855,CSR
glCanvas.js:1127 [BENCHMARK] 1654769360866,CSR
glCanvas.js:1127 [BENCHMARK] 1654769360875,CSR
glCanvas.js:1127 [BENCHMARK] 1654769360927,CSR
glCanvas.js:1127 [BENCHMARK] 1654769360932,CSR
glCanvas.js:1127 [BENCHMARK] 1654769360946,CSR
glCanvas.js:1127 [BENCHMARK] 1654769360962,CSR
glCanvas.js:1127 [BENCHMARK] 1654769360974,CSR
glCanvas.js:1127 [BENCHMARK] 1654769360976,CSR
glCanvas.js:1127 [BENCHMARK] 1654769360978,CSR
glCanvas.js:1127 [BENCHMARK] 1654769361009,CSR
glCanvas.js:1127 [BENCHMARK] 1654769361012,CSR
glCanvas.js:1127 [BENCHMARK] 1654769361014,CSR
glCanvas.js:1127 [BENCHMARK] 1654769361019,CSR
glCanvas.js:1127 [BENCHMARK] 1654769361034,CSR
glCanvas.js:1127 [BENCHMARK] 1654769361037,CSR
glCanvas.js:1127 [BENCHMARK] 1654769361040,CSR
glCanvas.js:1127 [BENCHMARK] 1654769361044,CSR
glCanvas.js:1127 [BENCHMARK] 1654769361054,CSR
glCanvas.js:1127 [BENCHMARK] 1654769361072,CSR
glCanvas.js:1127 [BENCHMARK] 1654769361074,CSR
glCanvas.js:1127 [BENCHMARK] 1654769361077,CSR
glCanvas.js:1127 [BENCHMARK] 1654769361084,CSR
glCanvas.js:1127 [BENCHMARK] 1654769361143,CSR
glCanvas.js:1127 [BENCHMARK] 1654769361156,CSR
glCanvas.js:1127 [BENCHMARK] 1654769361161,CSR
glCanvas.js:1127 [BENCHMARK] 1654769361170,CSR
glCanvas.js:1127 [BENCHMARK] 1654769361180,CSR
glCanvas.js:1127 [BENCHMARK] 1654769361186,CSR
glCanvas.js:1127 [BENCHMARK] 1654769361189,CSR
glCanvas.js:1127 [BENCHMARK] 1654769361235,CSR
glCanvas.js:1127 [BENCHMARK] 1654769361239,CSR
glCanvas.js:1127 [BENCHMARK] 1654769361243,CSR
glCanvas.js:1127 [BENCHMARK] 1654769361244,CSR
glCanvas.js:1127 [BENCHMARK] 1654769361247,CSR
glCanvas.js:1127 [BENCHMARK] 1654769361265,CSR
glCanvas.js:1127 [BENCHMARK] 1654769361267,CSR
glCanvas.js:1127 [BENCHMARK] 1654769361269,CSR
glCanvas.js:1127 [BENCHMARK] 1654769361288,CSR
glCanvas.js:1127 [BENCHMARK] 1654769361307,CSR
glCanvas.js:1127 [BENCHMARK] 1654769361314,CSR
glCanvas.js:1127 [BENCHMARK] 1654769361318,CSR
glCanvas.js:1127 [BENCHMARK] 1654769361339,CSR
glCanvas.js:1127 [BENCHMARK] 1654769361347,CSR
glCanvas.js:1127 [BENCHMARK] 1654769361350,CSR
glCanvas.js:1127 [BENCHMARK] 1654769361351,CSR
glCanvas.js:1127 [BENCHMARK] 1654769361370,CSR
glCanvas.js:1127 [BENCHMARK] 1654769361373,CSR
glCanvas.js:1127 [BENCHMARK] 1654769361375,CSR
glCanvas.js:1127 [BENCHMARK] 1654769361386,CSR
glCanvas.js:1127 [BENCHMARK] 1654769361388,CSR
glCanvas.js:1127 [BENCHMARK] 1654769361391,CSR
glCanvas.js:1127 [BENCHMARK] 1654769361404,CSR
glCanvas.js:1127 [BENCHMARK] 1654769361407,CSR
glCanvas.js:1127 [BENCHMARK] 1654769361411,CSR
glCanvas.js:1127 [BENCHMARK] 1654769361452,CSR
glCanvas.js:1127 [BENCHMARK] 1654769361455,CSR
glCanvas.js:1127 [BENCHMARK] 1654769361458,CSR
glCanvas.js:1127 [BENCHMARK] 1654769361460,CSR
glCanvas.js:1127 [BENCHMARK] 1654769361509,CSR
glCanvas.js:1127 [BENCHMARK] 1654769361516,CSR
glCanvas.js:1127 [BENCHMARK] 1654769361519,CSR
glCanvas.js:1127 [BENCHMARK] 1654769361530,CSR
glCanvas.js:1127 [BENCHMARK] 1654769361535,CSR
glCanvas.js:1127 [BENCHMARK] 1654769361539,CSR
glCanvas.js:1127 [BENCHMARK] 1654769361559,CSR
glCanvas.js:1127 [BENCHMARK] 1654769361581,CSR
glCanvas.js:1127 [BENCHMARK] 1654769361585,CSR
glCanvas.js:1127 [BENCHMARK] 1654769361589,CSR
glCanvas.js:1127 [BENCHMARK] 1654769361703,CSR
glCanvas.js:1127 [BENCHMARK] 1654769361711,CSR
glCanvas.js:1127 [BENCHMARK] 1654769361716,CSR
glCanvas.js:1127 [BENCHMARK] 1654769361742,CSR
glCanvas.js:1127 [BENCHMARK] 1654769361752,CSR
glCanvas.js:1127 [BENCHMARK] 1654769361757,CSR
glCanvas.js:1127 [BENCHMARK] 1654769361761,CSR
glCanvas.js:1127 [BENCHMARK] 1654769361781,CSR
glCanvas.js:1127 [BENCHMARK] 1654769361784,CSR
glCanvas.js:1127 [BENCHMARK] 1654769361787,CSR
glCanvas.js:1127 [BENCHMARK] 1654769361802,CSR
glCanvas.js:1127 [BENCHMARK] 1654769361806,CSR
glCanvas.js:1127 [BENCHMARK] 1654769361812,CSR
glCanvas.js:1127 [BENCHMARK] 1654769361817,CSR
glCanvas.js:1127 [BENCHMARK] 1654769361824,CSR
glCanvas.js:1127 [BENCHMARK] 1654769361834,CSR
glCanvas.js:1127 [BENCHMARK] 1654769361837,CSR
filmbox2.js:1550 [BENCHMARK] 1654769361839,fullLoad
glCanvas.js:1127 [BENCHMARK] 1654769363121,CSR
glCanvas.js:1127 [BENCHMARK] 1654769363124,CSR
glCanvas.js:1127 [BENCHMARK] 1654769363322,CSR
glCanvas.js:1127 [BENCHMARK] 1654769363325,CSR
glCanvas.js:1127 [BENCHMARK] 1654769363524,CSR
glCanvas.js:1127 [BENCHMARK] 1654769363527,CSR
glCanvas.js:1127 [BENCHMARK] 1654769363727,CSR
glCanvas.js:1127 [BENCHMARK] 1654769363729,CSR
glCanvas.js:1127 [BENCHMARK] 1654769363929,CSR
glCanvas.js:1127 [BENCHMARK] 1654769363932,CSR
glCanvas.js:1127 [BENCHMARK] 1654769364185,CSR
glCanvas.js:1127 [BENCHMARK] 1654769365193,CSR
glCanvas.js:1127 [BENCHMARK] 1654769368140,CSR
glCanvas.js:1127 [BENCHMARK] 1654769368238,CSR
glCanvas.js:1127 [BENCHMARK] 1654769368242,CSR
glCanvas.js:1127 [BENCHMARK] 1654769369345,CSR
glCanvas.js:1127 [BENCHMARK] 1654769369348,CSR
glCanvas.js:1127 [BENCHMARK] 1654769369414,CSR
glCanvas.js:1127 [BENCHMARK] 1654769369415,CSR
glCanvas.js:1127 [BENCHMARK] 1654769369486,CSR
glCanvas.js:1127 [BENCHMARK] 1654769369489,CSR
glCanvas.js:1127 [BENCHMARK] 1654769369558,CSR
glCanvas.js:1127 [BENCHMARK] 1654769369560,CSR
glCanvas.js:1127 [BENCHMARK] 1654769369630,CSR
glCanvas.js:1127 [BENCHMARK] 1654769369632,CSR
glCanvas.js:1127 [BENCHMARK] 1654769369702,CSR
glCanvas.js:1127 [BENCHMARK] 1654769369704,CSR
glCanvas.js:1127 [BENCHMARK] 1654769369774,CSR
glCanvas.js:1127 [BENCHMARK] 1654769369777,CSR
glCanvas.js:1127 [BENCHMARK] 1654769370025,CSR
glCanvas.js:1127 [BENCHMARK] 1654769371033,CSR
glCanvas.js:1127 [BENCHMARK] 1654769371847,CSR
glCanvas.js:1127 [BENCHMARK] 1654769371848,CSR
glCanvas.js:1127 [BENCHMARK] 1654769371918,CSR
glCanvas.js:1127 [BENCHMARK] 1654769371920,CSR
glCanvas.js:1127 [BENCHMARK] 1654769371991,CSR
glCanvas.js:1127 [BENCHMARK] 1654769371993,CSR
glCanvas.js:1127 [BENCHMARK] 1654769372062,CSR
glCanvas.js:1127 [BENCHMARK] 1654769372065,CSR
glCanvas.js:1127 [BENCHMARK] 1654769372134,CSR
glCanvas.js:1127 [BENCHMARK] 1654769372136,CSR
glCanvas.js:1127 [BENCHMARK] 1654769372205,CSR
glCanvas.js:1127 [BENCHMARK] 1654769372207,CSR
glCanvas.js:1127 [BENCHMARK] 1654769372276,CSR
glCanvas.js:1127 [BENCHMARK] 1654769372279,CSR
glCanvas.js:1127 [BENCHMARK] 1654769372348,CSR
glCanvas.js:1127 [BENCHMARK] 1654769372350,CSR
glCanvas.js:1127 [BENCHMARK] 1654769372420,CSR
glCanvas.js:1127 [BENCHMARK] 1654769372423,CSR
glCanvas.js:1127 [BENCHMARK] 1654769372492,CSR
glCanvas.js:1127 [BENCHMARK] 1654769372494,CSR
glCanvas.js:1127 [BENCHMARK] 1654769372745,CSR
glCanvas.js:1127 [BENCHMARK] 1654769372772,CSR
glCanvas.js:1127 [BENCHMARK] 1654769372775,CSR
glCanvas.js:1127 [BENCHMARK] 1654769372803,CSR
glCanvas.js:1127 [BENCHMARK] 1654769372806,CSR
glCanvas.js:1127 [BENCHMARK] 1654769372835,CSR
glCanvas.js:1127 [BENCHMARK] 1654769372837,CSR
glCanvas.js:1127 [BENCHMARK] 1654769372867,CSR
glCanvas.js:1127 [BENCHMARK] 1654769372869,CSR
glCanvas.js:1127 [BENCHMARK] 1654769372898,CSR
glCanvas.js:1127 [BENCHMARK] 1654769372901,CSR
glCanvas.js:1127 [BENCHMARK] 1654769372930,CSR
glCanvas.js:1127 [BENCHMARK] 1654769372932,CSR
glCanvas.js:1127 [BENCHMARK] 1654769372962,CSR
glCanvas.js:1127 [BENCHMARK] 1654769372964,CSR
glCanvas.js:1127 [BENCHMARK] 1654769372994,CSR
glCanvas.js:1127 [BENCHMARK] 1654769372996,CSR
glCanvas.js:1127 [BENCHMARK] 1654769373025,CSR
glCanvas.js:1127 [BENCHMARK] 1654769373028,CSR
glCanvas.js:1127 [BENCHMARK] 1654769373057,CSR
glCanvas.js:1127 [BENCHMARK] 1654769373059,CSR
glCanvas.js:1127 [BENCHMARK] 1654769373296,CSR
glCanvas.js:1127 [BENCHMARK] 1654769373299,CSR
glCanvas.js:1127 [BENCHMARK] 1654769373327,CSR
glCanvas.js:1127 [BENCHMARK] 1654769373330,CSR
glCanvas.js:1127 [BENCHMARK] 1654769373359,CSR
glCanvas.js:1127 [BENCHMARK] 1654769373361,CSR
glCanvas.js:1127 [BENCHMARK] 1654769373390,CSR
glCanvas.js:1127 [BENCHMARK] 1654769373393,CSR
glCanvas.js:1127 [BENCHMARK] 1654769373422,CSR
glCanvas.js:1127 [BENCHMARK] 1654769373424,CSR
glCanvas.js:1127 [BENCHMARK] 1654769373454,CSR
glCanvas.js:1127 [BENCHMARK] 1654769373457,CSR
glCanvas.js:1127 [BENCHMARK] 1654769373485,CSR
glCanvas.js:1127 [BENCHMARK] 1654769373488,CSR
glCanvas.js:1127 [BENCHMARK] 1654769373517,CSR
glCanvas.js:1127 [BENCHMARK] 1654769373520,CSR
glCanvas.js:1127 [BENCHMARK] 1654769373549,CSR
glCanvas.js:1127 [BENCHMARK] 1654769373552,CSR
glCanvas.js:1127 [BENCHMARK] 1654769373580,CSR
glCanvas.js:1127 [BENCHMARK] 1654769373583,CSR
glCanvas.js:1127 [BENCHMARK] 1654769373833,CSR
glCanvas.js:1127 [BENCHMARK] 1654769374833,CSR
glCanvas.js:1127 [BENCHMARK] 1654769378621,CSR
glCanvas.js:1127 [BENCHMARK] 1654769378822,CSR
glCanvas.js:1127 [BENCHMARK] 1654769379023,CSR
glCanvas.js:1127 [BENCHMARK] 1654769379226,CSR
glCanvas.js:1127 [BENCHMARK] 1654769379428,CSR
glCanvas.js:1127 [BENCHMARK] 1654769379681,CSR
glCanvas.js:1127 [BENCHMARK] 1654769380689,CSR
glCanvas.js:1127 [BENCHMARK] 1654769382638,CSR
glCanvas.js:1127 [BENCHMARK] 1654769382707,CSR
glCanvas.js:1127 [BENCHMARK] 1654769382779,CSR
glCanvas.js:1127 [BENCHMARK] 1654769382851,CSR
glCanvas.js:1127 [BENCHMARK] 1654769382922,CSR
glCanvas.js:1127 [BENCHMARK] 1654769382994,CSR
glCanvas.js:1127 [BENCHMARK] 1654769383066,CSR
glCanvas.js:1127 [BENCHMARK] 1654769383138,CSR
glCanvas.js:1127 [BENCHMARK] 1654769383210,CSR
glCanvas.js:1127 [BENCHMARK] 1654769383282,CSR
glCanvas.js:1127 [BENCHMARK] 1654769383537,CSR
glCanvas.js:1127 [BENCHMARK] 1654769383561,CSR
glCanvas.js:1127 [BENCHMARK] 1654769383633,CSR
glCanvas.js:1127 [BENCHMARK] 1654769383705,CSR
glCanvas.js:1127 [BENCHMARK] 1654769383776,CSR
glCanvas.js:1127 [BENCHMARK] 1654769383848,CSR
glCanvas.js:1127 [BENCHMARK] 1654769383920,CSR
glCanvas.js:1127 [BENCHMARK] 1654769383991,CSR
glCanvas.js:1127 [BENCHMARK] 1654769384063,CSR
glCanvas.js:1127 [BENCHMARK] 1654769384135,CSR
glCanvas.js:1127 [BENCHMARK] 1654769384207,CSR
glCanvas.js:1127 [BENCHMARK] 1654769384288,CSR
glCanvas.js:1127 [BENCHMARK] 1654769384387,CSR
glCanvas.js:1127 [BENCHMARK] 1654769384390,CSR
glCanvas.js:1127 [BENCHMARK] 1654769384457,CSR
glCanvas.js:1127 [BENCHMARK] 1654769385465,CSR
glCanvas.js:1127 [BENCHMARK] 1654769386493,CSR
glCanvas.js:1127 [BENCHMARK] 1654769386694,CSR
glCanvas.js:1127 [BENCHMARK] 1654769386896,CSR
glCanvas.js:1127 [BENCHMARK] 1654769387153,CSR
glCanvas.js:1127 [BENCHMARK] 1654769388161,CSR
glCanvas.js:1127 [BENCHMARK] 1654769389105,CSR
glCanvas.js:1127 [BENCHMARK] 1654769389205,CSR
glCanvas.js:1127 [BENCHMARK] 1654769389308,CSR
glCanvas.js:1127 [BENCHMARK] 1654769389410,CSR
glCanvas.js:1127 [BENCHMARK] 1654769389512,CSR
glCanvas.js:1127 [BENCHMARK] 1654769389777,CSR
glCanvas.js:1127 [BENCHMARK] 1654769390777,CSR
glCanvas.js:1127 [BENCHMARK] 1654769391621,CSR
glCanvas.js:1127 [BENCHMARK] 1654769391651,CSR
glCanvas.js:1127 [BENCHMARK] 1654769391682,CSR
glCanvas.js:1127 [BENCHMARK] 1654769391712,CSR
glCanvas.js:1127 [BENCHMARK] 1654769391746,CSR
glCanvas.js:1127 [BENCHMARK] 1654769391777,CSR
glCanvas.js:1127 [BENCHMARK] 1654769391808,CSR
glCanvas.js:1127 [BENCHMARK] 1654769391840,CSR
glCanvas.js:1127 [BENCHMARK] 1654769391871,CSR
glCanvas.js:1127 [BENCHMARK] 1654769391903,CSR
glCanvas.js:1127 [BENCHMARK] 1654769392137,CSR
glCanvas.js:1127 [BENCHMARK] 1654769392169,CSR
glCanvas.js:1127 [BENCHMARK] 1654769392201,CSR
glCanvas.js:1127 [BENCHMARK] 1654769392232,CSR
glCanvas.js:1127 [BENCHMARK] 1654769392263,CSR
glCanvas.js:1127 [BENCHMARK] 1654769392295,CSR
glCanvas.js:1127 [BENCHMARK] 1654769392325,CSR
glCanvas.js:1127 [BENCHMARK] 1654769392357,CSR
glCanvas.js:1127 [BENCHMARK] 1654769392389,CSR
glCanvas.js:1127 [BENCHMARK] 1654769392420,CSR
glCanvas.js:1127 [BENCHMARK] 1654769392660,CSR
glCanvas.js:1127 [BENCHMARK] 1654769392731,CSR
glCanvas.js:1127 [BENCHMARK] 1654769392802,CSR
glCanvas.js:1127 [BENCHMARK] 1654769392874,CSR
glCanvas.js:1127 [BENCHMARK] 1654769392946,CSR
glCanvas.js:1127 [BENCHMARK] 1654769393201,CSR
glCanvas.js:1127 [BENCHMARK] 1654769394209,CSR
glCanvas.js:1127 [BENCHMARK] 1654769396028,CSR
glCanvas.js:1127 [BENCHMARK] 1654769396128,CSR
glCanvas.js:1127 [BENCHMARK] 1654769396132,CSR
glCanvas.js:1127 [BENCHMARK] 1654769397235,CSR
glCanvas.js:1127 [BENCHMARK] 1654769397237,CSR
glCanvas.js:1127 [BENCHMARK] 1654769397253,CSR
glCanvas.js:1127 [BENCHMARK] 1654769397256,CSR
glCanvas.js:1127 [BENCHMARK] 1654769397258,CSR
glCanvas.js:1127 [BENCHMARK] 1654769397259,CSR
glCanvas.js:1127 [BENCHMARK] 1654769397270,CSR
glCanvas.js:1127 [BENCHMARK] 1654769397271,CSR
glCanvas.js:1127 [BENCHMARK] 1654769397283,CSR
glCanvas.js:1127 [BENCHMARK] 1654769397284,CSR
glCanvas.js:1127 [BENCHMARK] 1654769397296,CSR
glCanvas.js:1127 [BENCHMARK] 1654769397297,CSR
glCanvas.js:1127 [BENCHMARK] 1654769397309,CSR
glCanvas.js:1127 [BENCHMARK] 1654769397311,CSR
glCanvas.js:1127 [BENCHMARK] 1654769397321,CSR
glCanvas.js:1127 [BENCHMARK] 1654769397323,CSR
glCanvas.js:1127 [BENCHMARK] 1654769397335,CSR
glCanvas.js:1127 [BENCHMARK] 1654769397336,CSR
glCanvas.js:1127 [BENCHMARK] 1654769397348,CSR
glCanvas.js:1127 [BENCHMARK] 1654769397349,CSR
glCanvas.js:1127 [BENCHMARK] 1654769397364,CSR
glCanvas.js:1127 [BENCHMARK] 1654769397467,CSR
glCanvas.js:1127 [BENCHMARK] 1654769397470,CSR
glCanvas.js:1127 [BENCHMARK] 1654769397601,CSR
glCanvas.js:1127 [BENCHMARK] 1654769398609,CSR
glCanvas.js:1127 [BENCHMARK] 1654769399573,CSR
glCanvas.js:1127 [BENCHMARK] 1654769399575,CSR
glCanvas.js:1127 [BENCHMARK] 1654769399774,CSR
glCanvas.js:1127 [BENCHMARK] 1654769399776,CSR
glCanvas.js:1127 [BENCHMARK] 1654769399976,CSR
glCanvas.js:1127 [BENCHMARK] 1654769399979,CSR
glCanvas.js:1127 [BENCHMARK] 1654769400233,CSR
glCanvas.js:1127 [BENCHMARK] 1654769401241,CSR
glCanvas.js:1127 [BENCHMARK] 1654769403186,CSR
glCanvas.js:1127 [BENCHMARK] 1654769403286,CSR
glCanvas.js:1127 [BENCHMARK] 1654769403388,CSR
glCanvas.js:1127 [BENCHMARK] 1654769403490,CSR
glCanvas.js:1127 [BENCHMARK] 1654769403593,CSR
glCanvas.js:1127 [BENCHMARK] 1654769403849,CSR
glCanvas.js:1127 [BENCHMARK] 1654769403902,CSR
glCanvas.js:1127 [BENCHMARK] 1654769404003,CSR
glCanvas.js:1127 [BENCHMARK] 1654769404105,CSR
glCanvas.js:1127 [BENCHMARK] 1654769404206,CSR
glCanvas.js:1127 [BENCHMARK] 1654769404308,CSR
glCanvas.js:1127 [BENCHMARK] 1654769404409,CSR
glCanvas.js:1127 [BENCHMARK] 1654769404511,CSR
glCanvas.js:1127 [BENCHMARK] 1654769404613,CSR
glCanvas.js:1127 [BENCHMARK] 1654769404714,CSR
glCanvas.js:1127 [BENCHMARK] 1654769404817,CSR
glCanvas.js:1127 [BENCHMARK] 1654769405073,CSR
glCanvas.js:1127 [BENCHMARK] 1654769405127,CSR
glCanvas.js:1127 [BENCHMARK] 1654769405199,CSR
glCanvas.js:1127 [BENCHMARK] 1654769405271,CSR
glCanvas.js:1127 [BENCHMARK] 1654769405342,CSR
glCanvas.js:1127 [BENCHMARK] 1654769405415,CSR
glCanvas.js:1127 [BENCHMARK] 1654769405486,CSR
glCanvas.js:1127 [BENCHMARK] 1654769405558,CSR
glCanvas.js:1127 [BENCHMARK] 1654769405630,CSR
glCanvas.js:1127 [BENCHMARK] 1654769405702,CSR
glCanvas.js:1127 [BENCHMARK] 1654769405774,CSR
glCanvas.js:1127 [BENCHMARK] 1654769406025,CSR
glCanvas.js:1127 [BENCHMARK] 1654769407034,CSR
glCanvas.js:1127 [BENCHMARK] 1654769407856,CSR
glCanvas.js:1127 [BENCHMARK] 1654769407956,CSR
glCanvas.js:1127 [BENCHMARK] 1654769407958,CSR
glCanvas.js:1127 [BENCHMARK] 1654769409062,CSR
glCanvas.js:1127 [BENCHMARK] 1654769409064,CSR
glCanvas.js:1127 [BENCHMARK] 1654769409091,CSR
glCanvas.js:1127 [BENCHMARK] 1654769409092,CSR
glCanvas.js:1127 [BENCHMARK] 1654769409121,CSR
glCanvas.js:1127 [BENCHMARK] 1654769409122,CSR
glCanvas.js:1127 [BENCHMARK] 1654769409152,CSR
glCanvas.js:1127 [BENCHMARK] 1654769409153,CSR
glCanvas.js:1127 [BENCHMARK] 1654769409184,CSR
glCanvas.js:1127 [BENCHMARK] 1654769409186,CSR
glCanvas.js:1127 [BENCHMARK] 1654769409215,CSR
glCanvas.js:1127 [BENCHMARK] 1654769409217,CSR
glCanvas.js:1127 [BENCHMARK] 1654769409247,CSR
glCanvas.js:1127 [BENCHMARK] 1654769409249,CSR
glCanvas.js:1127 [BENCHMARK] 1654769409279,CSR
glCanvas.js:1127 [BENCHMARK] 1654769409281,CSR
glCanvas.js:1127 [BENCHMARK] 1654769409311,CSR
glCanvas.js:1127 [BENCHMARK] 1654769409313,CSR
glCanvas.js:1127 [BENCHMARK] 1654769409342,CSR
glCanvas.js:1127 [BENCHMARK] 1654769409344,CSR
glCanvas.js:1127 [BENCHMARK] 1654769409581,CSR
glCanvas.js:1127 [BENCHMARK] 1654769409584,CSR
glCanvas.js:1127 [BENCHMARK] 1654769409613,CSR
glCanvas.js:1127 [BENCHMARK] 1654769409615,CSR
glCanvas.js:1127 [BENCHMARK] 1654769409643,CSR
glCanvas.js:1127 [BENCHMARK] 1654769409646,CSR
glCanvas.js:1127 [BENCHMARK] 1654769409675,CSR
glCanvas.js:1127 [BENCHMARK] 1654769409677,CSR
glCanvas.js:1127 [BENCHMARK] 1654769409706,CSR
glCanvas.js:1127 [BENCHMARK] 1654769409708,CSR
glCanvas.js:1127 [BENCHMARK] 1654769409737,CSR
glCanvas.js:1127 [BENCHMARK] 1654769409739,CSR
glCanvas.js:1127 [BENCHMARK] 1654769409769,CSR
glCanvas.js:1127 [BENCHMARK] 1654769409771,CSR
glCanvas.js:1127 [BENCHMARK] 1654769409800,CSR
glCanvas.js:1127 [BENCHMARK] 1654769409802,CSR
glCanvas.js:1127 [BENCHMARK] 1654769409832,CSR
glCanvas.js:1127 [BENCHMARK] 1654769409834,CSR
glCanvas.js:1127 [BENCHMARK] 1654769409863,CSR
glCanvas.js:1127 [BENCHMARK] 1654769409865,CSR
glCanvas.js:1127 [BENCHMARK] 1654769410104,CSR
glCanvas.js:1127 [BENCHMARK] 1654769410106,CSR
glCanvas.js:1127 [BENCHMARK] 1654769410135,CSR
glCanvas.js:1127 [BENCHMARK] 1654769410137,CSR
glCanvas.js:1127 [BENCHMARK] 1654769410165,CSR
glCanvas.js:1127 [BENCHMARK] 1654769410166,CSR
glCanvas.js:1127 [BENCHMARK] 1654769410198,CSR
glCanvas.js:1127 [BENCHMARK] 1654769410200,CSR
glCanvas.js:1127 [BENCHMARK] 1654769410228,CSR
glCanvas.js:1127 [BENCHMARK] 1654769410229,CSR
glCanvas.js:1127 [BENCHMARK] 1654769410259,CSR
glCanvas.js:1127 [BENCHMARK] 1654769410262,CSR
glCanvas.js:1127 [BENCHMARK] 1654769410291,CSR
glCanvas.js:1127 [BENCHMARK] 1654769410293,CSR
glCanvas.js:1127 [BENCHMARK] 1654769410323,CSR
glCanvas.js:1127 [BENCHMARK] 1654769410325,CSR
glCanvas.js:1127 [BENCHMARK] 1654769410354,CSR
glCanvas.js:1127 [BENCHMARK] 1654769410356,CSR
glCanvas.js:1127 [BENCHMARK] 1654769410386,CSR
glCanvas.js:1127 [BENCHMARK] 1654769410388,CSR
glCanvas.js:1127 [BENCHMARK] 1654769410641,CSR
glCanvas.js:1127 [BENCHMARK] 1654769411649,CSR
