glCanvas.js:1107 [BENCHMARK] 1654765676711,X
glCanvas.js:1107 [BENCHMARK] 1654765676720,X
glCanvas.js:1107 [BENCHMARK] 1654765676724,X
glCanvas.js:1107 [BENCHMARK] 1654765677109,X
glCanvas.js:1107 [BENCHMARK] 1654765677261,X
glCanvas.js:1107 [BENCHMARK] 1654765677433,X
glCanvas.js:1107 [BENCHMARK] 1654765677435,X
glCanvas.js:1107 [BENCHMARK] 1654765677439,X
glCanvas.js:1107 [BENCHMARK] 1654765677441,X
glCanvas.js:1107 [BENCHMARK] 1654765677445,X
glCanvas.js:1107 [BENCHMARK] 1654765677447,X
glCanvas.js:1107 [BENCHMARK] 1654765677485,X
glCanvas.js:1127 [BENCHMARK] 1654765677494,SSR
manager.js:159 [BENCHMARK] 1654765678158,firstRender
glCanvas.js:1127 [BENCHMARK] 1654765678167,CSR
glCanvas.js:1127 [BENCHMARK] 1654765678174,CSR
glCanvas.js:1127 [BENCHMARK] 1654765678179,CSR
glCanvas.js:1127 [BENCHMARK] 1654765678182,CSR
glCanvas.js:1127 [BENCHMARK] 1654765678187,CSR
glCanvas.js:1127 [BENCHMARK] 1654765678214,CSR
glCanvas.js:1127 [BENCHMARK] 1654765678219,CSR
glCanvas.js:1127 [BENCHMARK] 1654765678223,CSR
glCanvas.js:1127 [BENCHMARK] 1654765678254,CSR
glCanvas.js:1127 [BENCHMARK] 1654765678256,CSR
glCanvas.js:1127 [BENCHMARK] 1654765678258,CSR
glCanvas.js:1127 [BENCHMARK] 1654765678261,CSR
glCanvas.js:1127 [BENCHMARK] 1654765678278,CSR
glCanvas.js:1127 [BENCHMARK] 1654765678435,CSR
glCanvas.js:1127 [BENCHMARK] 1654765678476,CSR
glCanvas.js:1127 [BENCHMARK] 1654765678680,CSR
glCanvas.js:1127 [BENCHMARK] 1654765678734,CSR
glCanvas.js:1127 [BENCHMARK] 1654765678762,CSR
glCanvas.js:1127 [BENCHMARK] 1654765678792,CSR
glCanvas.js:1127 [BENCHMARK] 1654765678827,CSR
glCanvas.js:1127 [BENCHMARK] 1654765679219,CSR
glCanvas.js:1127 [BENCHMARK] 1654765679249,CSR
glCanvas.js:1127 [BENCHMARK] 1654765679320,CSR
glCanvas.js:1127 [BENCHMARK] 1654765679466,CSR
glCanvas.js:1127 [BENCHMARK] 1654765679847,CSR
glCanvas.js:1127 [BENCHMARK] 1654765679877,CSR
glCanvas.js:1127 [BENCHMARK] 1654765679901,CSR
glCanvas.js:1127 [BENCHMARK] 1654765679930,CSR
glCanvas.js:1127 [BENCHMARK] 1654765679973,CSR
glCanvas.js:1127 [BENCHMARK] 1654765680006,CSR
glCanvas.js:1127 [BENCHMARK] 1654765680118,CSR
glCanvas.js:1127 [BENCHMARK] 1654765680211,CSR
glCanvas.js:1127 [BENCHMARK] 1654765680243,CSR
glCanvas.js:1127 [BENCHMARK] 1654765680265,CSR
glCanvas.js:1127 [BENCHMARK] 1654765680292,CSR
glCanvas.js:1127 [BENCHMARK] 1654765680358,CSR
glCanvas.js:1127 [BENCHMARK] 1654765680380,CSR
glCanvas.js:1127 [BENCHMARK] 1654765680403,CSR
glCanvas.js:1127 [BENCHMARK] 1654765680423,CSR
glCanvas.js:1127 [BENCHMARK] 1654765680444,CSR
glCanvas.js:1127 [BENCHMARK] 1654765680458,CSR
glCanvas.js:1107 [BENCHMARK] 1654765680460,X
glCanvas.js:1107 [BENCHMARK] 1654765680474,X
glCanvas.js:1107 [BENCHMARK] 1654765680492,X
glCanvas.js:1107 [BENCHMARK] 1654765680550,X
glCanvas.js:1107 [BENCHMARK] 1654765680571,X
glCanvas.js:1107 [BENCHMARK] 1654765680726,X
glCanvas.js:1127 [BENCHMARK] 1654765680739,CSR
glCanvas.js:1127 [BENCHMARK] 1654765680763,CSR
glCanvas.js:1127 [BENCHMARK] 1654765680785,CSR
glCanvas.js:1127 [BENCHMARK] 1654765680812,CSR
glCanvas.js:1127 [BENCHMARK] 1654765680836,CSR
glCanvas.js:1127 [BENCHMARK] 1654765680860,CSR
glCanvas.js:1127 [BENCHMARK] 1654765680883,CSR
glCanvas.js:1127 [BENCHMARK] 1654765680907,CSR
glCanvas.js:1127 [BENCHMARK] 1654765680932,CSR
glCanvas.js:1127 [BENCHMARK] 1654765680955,CSR
glCanvas.js:1127 [BENCHMARK] 1654765681019,CSR
glCanvas.js:1127 [BENCHMARK] 1654765681043,CSR
glCanvas.js:1127 [BENCHMARK] 1654765681068,CSR
glCanvas.js:1127 [BENCHMARK] 1654765681091,CSR
glCanvas.js:1127 [BENCHMARK] 1654765681116,CSR
glCanvas.js:1127 [BENCHMARK] 1654765681139,CSR
glCanvas.js:1127 [BENCHMARK] 1654765681163,CSR
glCanvas.js:1127 [BENCHMARK] 1654765681188,CSR
glCanvas.js:1127 [BENCHMARK] 1654765681212,CSR
glCanvas.js:1127 [BENCHMARK] 1654765681236,CSR
glCanvas.js:1127 [BENCHMARK] 1654765681259,CSR
glCanvas.js:1127 [BENCHMARK] 1654765681283,CSR
glCanvas.js:1127 [BENCHMARK] 1654765681306,CSR
glCanvas.js:1127 [BENCHMARK] 1654765681333,CSR
glCanvas.js:1127 [BENCHMARK] 1654765681356,CSR
glCanvas.js:1127 [BENCHMARK] 1654765681378,CSR
glCanvas.js:1127 [BENCHMARK] 1654765681402,CSR
glCanvas.js:1127 [BENCHMARK] 1654765681427,CSR
glCanvas.js:1127 [BENCHMARK] 1654765681450,CSR
glCanvas.js:1127 [BENCHMARK] 1654765681471,CSR
glCanvas.js:1127 [BENCHMARK] 1654765681647,CSR
glCanvas.js:1127 [BENCHMARK] 1654765681650,CSR
glCanvas.js:1127 [BENCHMARK] 1654765681652,CSR
glCanvas.js:1127 [BENCHMARK] 1654765681668,CSR
glCanvas.js:1127 [BENCHMARK] 1654765681670,CSR
glCanvas.js:1127 [BENCHMARK] 1654765681672,CSR
glCanvas.js:1127 [BENCHMARK] 1654765681686,CSR
glCanvas.js:1127 [BENCHMARK] 1654765681688,CSR
glCanvas.js:1127 [BENCHMARK] 1654765681695,CSR
glCanvas.js:1127 [BENCHMARK] 1654765681698,CSR
glCanvas.js:1127 [BENCHMARK] 1654765681708,CSR
glCanvas.js:1127 [BENCHMARK] 1654765681848,CSR
glCanvas.js:1127 [BENCHMARK] 1654765681872,CSR
glCanvas.js:1127 [BENCHMARK] 1654765681903,CSR
glCanvas.js:1127 [BENCHMARK] 1654765682073,CSR
glCanvas.js:1127 [BENCHMARK] 1654765682075,CSR
glCanvas.js:1127 [BENCHMARK] 1654765682077,CSR
glCanvas.js:1127 [BENCHMARK] 1654765682089,CSR
glCanvas.js:1127 [BENCHMARK] 1654765682091,CSR
glCanvas.js:1127 [BENCHMARK] 1654765682093,CSR
glCanvas.js:1127 [BENCHMARK] 1654765682138,CSR
glCanvas.js:1127 [BENCHMARK] 1654765682160,CSR
glCanvas.js:1127 [BENCHMARK] 1654765682181,CSR
glCanvas.js:1127 [BENCHMARK] 1654765682207,CSR
glCanvas.js:1127 [BENCHMARK] 1654765682231,CSR
glCanvas.js:1127 [BENCHMARK] 1654765682254,CSR
glCanvas.js:1127 [BENCHMARK] 1654765682280,CSR
glCanvas.js:1127 [BENCHMARK] 1654765682316,CSR
glCanvas.js:1127 [BENCHMARK] 1654765682367,CSR
glCanvas.js:1127 [BENCHMARK] 1654765682411,CSR
glCanvas.js:1127 [BENCHMARK] 1654765682468,CSR
glCanvas.js:1127 [BENCHMARK] 1654765682494,CSR
glCanvas.js:1127 [BENCHMARK] 1654765682558,CSR
glCanvas.js:1127 [BENCHMARK] 1654765682593,CSR
glCanvas.js:1127 [BENCHMARK] 1654765682595,CSR
glCanvas.js:1127 [BENCHMARK] 1654765682611,CSR
glCanvas.js:1127 [BENCHMARK] 1654765682612,CSR
glCanvas.js:1127 [BENCHMARK] 1654765682615,CSR
glCanvas.js:1127 [BENCHMARK] 1654765682629,CSR
glCanvas.js:1127 [BENCHMARK] 1654765682644,CSR
glCanvas.js:1127 [BENCHMARK] 1654765682646,CSR
glCanvas.js:1127 [BENCHMARK] 1654765682656,CSR
glCanvas.js:1127 [BENCHMARK] 1654765682675,CSR
glCanvas.js:1127 [BENCHMARK] 1654765682678,CSR
glCanvas.js:1127 [BENCHMARK] 1654765682679,CSR
glCanvas.js:1127 [BENCHMARK] 1654765682707,CSR
glCanvas.js:1127 [BENCHMARK] 1654765682709,CSR
glCanvas.js:1127 [BENCHMARK] 1654765682720,CSR
glCanvas.js:1127 [BENCHMARK] 1654765682738,CSR
glCanvas.js:1127 [BENCHMARK] 1654765682739,CSR
glCanvas.js:1127 [BENCHMARK] 1654765682746,CSR
glCanvas.js:1127 [BENCHMARK] 1654765682768,CSR
glCanvas.js:1127 [BENCHMARK] 1654765682770,CSR
glCanvas.js:1127 [BENCHMARK] 1654765682771,CSR
glCanvas.js:1127 [BENCHMARK] 1654765682795,CSR
glCanvas.js:1127 [BENCHMARK] 1654765682800,CSR
glCanvas.js:1127 [BENCHMARK] 1654765682802,CSR
glCanvas.js:1127 [BENCHMARK] 1654765682830,CSR
glCanvas.js:1127 [BENCHMARK] 1654765682832,CSR
glCanvas.js:1127 [BENCHMARK] 1654765682850,CSR
glCanvas.js:1127 [BENCHMARK] 1654765682861,CSR
glCanvas.js:1127 [BENCHMARK] 1654765682862,CSR
glCanvas.js:1127 [BENCHMARK] 1654765682878,CSR
glCanvas.js:1127 [BENCHMARK] 1654765682953,CSR
glCanvas.js:1127 [BENCHMARK] 1654765682969,CSR
glCanvas.js:1127 [BENCHMARK] 1654765683093,CSR
glCanvas.js:1127 [BENCHMARK] 1654765683095,CSR
glCanvas.js:1127 [BENCHMARK] 1654765683096,CSR
glCanvas.js:1127 [BENCHMARK] 1654765683126,CSR
glCanvas.js:1127 [BENCHMARK] 1654765683127,CSR
glCanvas.js:1127 [BENCHMARK] 1654765683156,CSR
glCanvas.js:1127 [BENCHMARK] 1654765683158,CSR
glCanvas.js:1127 [BENCHMARK] 1654765683165,CSR
glCanvas.js:1127 [BENCHMARK] 1654765683187,CSR
glCanvas.js:1127 [BENCHMARK] 1654765683188,CSR
glCanvas.js:1127 [BENCHMARK] 1654765683195,CSR
glCanvas.js:1127 [BENCHMARK] 1654765683203,CSR
glCanvas.js:1127 [BENCHMARK] 1654765683219,CSR
glCanvas.js:1127 [BENCHMARK] 1654765683220,CSR
glCanvas.js:1127 [BENCHMARK] 1654765683248,CSR
glCanvas.js:1127 [BENCHMARK] 1654765683249,CSR
glCanvas.js:1127 [BENCHMARK] 1654765683266,CSR
glCanvas.js:1127 [BENCHMARK] 1654765683279,CSR
glCanvas.js:1127 [BENCHMARK] 1654765683280,CSR
glCanvas.js:1127 [BENCHMARK] 1654765683309,CSR
glCanvas.js:1127 [BENCHMARK] 1654765683310,CSR
glCanvas.js:1127 [BENCHMARK] 1654765683340,CSR
glCanvas.js:1127 [BENCHMARK] 1654765683341,CSR
glCanvas.js:1127 [BENCHMARK] 1654765683356,CSR
glCanvas.js:1127 [BENCHMARK] 1654765683370,CSR
glCanvas.js:1127 [BENCHMARK] 1654765683372,CSR
glCanvas.js:1127 [BENCHMARK] 1654765683382,CSR
glCanvas.js:1127 [BENCHMARK] 1654765683420,CSR
glCanvas.js:1127 [BENCHMARK] 1654765683452,CSR
glCanvas.js:1127 [BENCHMARK] 1654765683475,CSR
glCanvas.js:1127 [BENCHMARK] 1654765683501,CSR
glCanvas.js:1127 [BENCHMARK] 1654765683532,CSR
glCanvas.js:1127 [BENCHMARK] 1654765683562,CSR
glCanvas.js:1127 [BENCHMARK] 1654765683588,CSR
glCanvas.js:1127 [BENCHMARK] 1654765683604,CSR
glCanvas.js:1127 [BENCHMARK] 1654765683605,CSR
glCanvas.js:1127 [BENCHMARK] 1654765683621,CSR
glCanvas.js:1127 [BENCHMARK] 1654765683635,CSR
glCanvas.js:1127 [BENCHMARK] 1654765683636,CSR
glCanvas.js:1127 [BENCHMARK] 1654765683646,CSR
glCanvas.js:1127 [BENCHMARK] 1654765683665,CSR
glCanvas.js:1127 [BENCHMARK] 1654765683666,CSR
glCanvas.js:1127 [BENCHMARK] 1654765683697,CSR
glCanvas.js:1127 [BENCHMARK] 1654765683700,CSR
glCanvas.js:1127 [BENCHMARK] 1654765683728,CSR
glCanvas.js:1127 [BENCHMARK] 1654765683731,CSR
glCanvas.js:1127 [BENCHMARK] 1654765683759,CSR
glCanvas.js:1127 [BENCHMARK] 1654765683762,CSR
glCanvas.js:1127 [BENCHMARK] 1654765683790,CSR
glCanvas.js:1127 [BENCHMARK] 1654765683791,CSR
glCanvas.js:1127 [BENCHMARK] 1654765683822,CSR
glCanvas.js:1127 [BENCHMARK] 1654765683825,CSR
glCanvas.js:1127 [BENCHMARK] 1654765683852,CSR
glCanvas.js:1127 [BENCHMARK] 1654765683853,CSR
glCanvas.js:1127 [BENCHMARK] 1654765683857,CSR
glCanvas.js:1127 [BENCHMARK] 1654765683884,CSR
glCanvas.js:1127 [BENCHMARK] 1654765683886,CSR
glCanvas.js:1127 [BENCHMARK] 1654765683918,CSR
glCanvas.js:1127 [BENCHMARK] 1654765683937,CSR
glCanvas.js:1127 [BENCHMARK] 1654765683973,CSR
glCanvas.js:1127 [BENCHMARK] 1654765683994,CSR
glCanvas.js:1127 [BENCHMARK] 1654765684015,CSR
glCanvas.js:1127 [BENCHMARK] 1654765684044,CSR
glCanvas.js:1127 [BENCHMARK] 1654765684158,CSR
glCanvas.js:1127 [BENCHMARK] 1654765684192,CSR
glCanvas.js:1127 [BENCHMARK] 1654765684264,CSR
glCanvas.js:1127 [BENCHMARK] 1654765684298,CSR
glCanvas.js:1127 [BENCHMARK] 1654765684316,CSR
glCanvas.js:1127 [BENCHMARK] 1654765684338,CSR
glCanvas.js:1127 [BENCHMARK] 1654765684497,CSR
glCanvas.js:1127 [BENCHMARK] 1654765684516,CSR
glCanvas.js:1127 [BENCHMARK] 1654765684585,CSR
glCanvas.js:1127 [BENCHMARK] 1654765684622,CSR
glCanvas.js:1127 [BENCHMARK] 1654765684645,CSR
glCanvas.js:1127 [BENCHMARK] 1654765684675,CSR
glCanvas.js:1127 [BENCHMARK] 1654765684697,CSR
glCanvas.js:1127 [BENCHMARK] 1654765684768,CSR
glCanvas.js:1127 [BENCHMARK] 1654765684917,CSR
glCanvas.js:1127 [BENCHMARK] 1654765684921,CSR
glCanvas.js:1127 [BENCHMARK] 1654765684939,CSR
glCanvas.js:1127 [BENCHMARK] 1654765684989,CSR
glCanvas.js:1127 [BENCHMARK] 1654765685020,CSR
glCanvas.js:1127 [BENCHMARK] 1654765685026,CSR
glCanvas.js:1127 [BENCHMARK] 1654765685050,CSR
glCanvas.js:1127 [BENCHMARK] 1654765685119,CSR
glCanvas.js:1127 [BENCHMARK] 1654765685143,CSR
glCanvas.js:1127 [BENCHMARK] 1654765685220,CSR
glCanvas.js:1127 [BENCHMARK] 1654765685321,CSR
glCanvas.js:1127 [BENCHMARK] 1654765685347,CSR
glCanvas.js:1127 [BENCHMARK] 1654765685369,CSR
glCanvas.js:1127 [BENCHMARK] 1654765685421,CSR
glCanvas.js:1127 [BENCHMARK] 1654765685437,CSR
glCanvas.js:1127 [BENCHMARK] 1654765685458,CSR
glCanvas.js:1127 [BENCHMARK] 1654765685480,CSR
glCanvas.js:1127 [BENCHMARK] 1654765685522,CSR
glCanvas.js:1127 [BENCHMARK] 1654765685559,CSR
glCanvas.js:1127 [BENCHMARK] 1654765685597,CSR
glCanvas.js:1127 [BENCHMARK] 1654765685618,CSR
glCanvas.js:1127 [BENCHMARK] 1654765685640,CSR
glCanvas.js:1127 [BENCHMARK] 1654765685717,CSR
glCanvas.js:1127 [BENCHMARK] 1654765685836,CSR
glCanvas.js:1127 [BENCHMARK] 1654765685906,CSR
glCanvas.js:1127 [BENCHMARK] 1654765685928,CSR
glCanvas.js:1127 [BENCHMARK] 1654765685947,CSR
glCanvas.js:1127 [BENCHMARK] 1654765686027,CSR
glCanvas.js:1127 [BENCHMARK] 1654765686051,CSR
glCanvas.js:1127 [BENCHMARK] 1654765686071,CSR
glCanvas.js:1127 [BENCHMARK] 1654765686093,CSR
glCanvas.js:1127 [BENCHMARK] 1654765686111,CSR
glCanvas.js:1127 [BENCHMARK] 1654765686204,CSR
glCanvas.js:1127 [BENCHMARK] 1654765686227,CSR
glCanvas.js:1127 [BENCHMARK] 1654765686249,CSR
glCanvas.js:1127 [BENCHMARK] 1654765686285,CSR
glCanvas.js:1127 [BENCHMARK] 1654765686345,CSR
glCanvas.js:1127 [BENCHMARK] 1654765686434,CSR
glCanvas.js:1127 [BENCHMARK] 1654765686465,CSR
glCanvas.js:1127 [BENCHMARK] 1654765686497,CSR
glCanvas.js:1127 [BENCHMARK] 1654765686530,CSR
glCanvas.js:1127 [BENCHMARK] 1654765686550,CSR
glCanvas.js:1127 [BENCHMARK] 1654765686570,CSR
glCanvas.js:1127 [BENCHMARK] 1654765686603,CSR
glCanvas.js:1127 [BENCHMARK] 1654765686623,CSR
glCanvas.js:1127 [BENCHMARK] 1654765686657,CSR
glCanvas.js:1127 [BENCHMARK] 1654765686677,CSR
glCanvas.js:1127 [BENCHMARK] 1654765686733,CSR
glCanvas.js:1127 [BENCHMARK] 1654765686796,CSR
glCanvas.js:1127 [BENCHMARK] 1654765686848,CSR
glCanvas.js:1127 [BENCHMARK] 1654765686947,CSR
glCanvas.js:1127 [BENCHMARK] 1654765687041,CSR
glCanvas.js:1127 [BENCHMARK] 1654765687061,CSR
glCanvas.js:1127 [BENCHMARK] 1654765687107,CSR
glCanvas.js:1127 [BENCHMARK] 1654765687147,CSR
glCanvas.js:1127 [BENCHMARK] 1654765687167,CSR
glCanvas.js:1127 [BENCHMARK] 1654765687294,CSR
glCanvas.js:1127 [BENCHMARK] 1654765687328,CSR
glCanvas.js:1127 [BENCHMARK] 1654765687438,CSR
glCanvas.js:1127 [BENCHMARK] 1654765687470,CSR
glCanvas.js:1127 [BENCHMARK] 1654765687489,CSR
glCanvas.js:1127 [BENCHMARK] 1654765687522,CSR
glCanvas.js:1127 [BENCHMARK] 1654765687557,CSR
glCanvas.js:1127 [BENCHMARK] 1654765687639,CSR
glCanvas.js:1127 [BENCHMARK] 1654765687768,CSR
glCanvas.js:1127 [BENCHMARK] 1654765687796,CSR
glCanvas.js:1127 [BENCHMARK] 1654765687892,CSR
glCanvas.js:1127 [BENCHMARK] 1654765687967,CSR
glCanvas.js:1127 [BENCHMARK] 1654765687998,CSR
glCanvas.js:1127 [BENCHMARK] 1654765688027,CSR
glCanvas.js:1127 [BENCHMARK] 1654765688056,CSR
glCanvas.js:1127 [BENCHMARK] 1654765688083,CSR
glCanvas.js:1127 [BENCHMARK] 1654765688102,CSR
glCanvas.js:1127 [BENCHMARK] 1654765688175,CSR
glCanvas.js:1127 [BENCHMARK] 1654765688244,CSR
glCanvas.js:1127 [BENCHMARK] 1654765688292,CSR
glCanvas.js:1127 [BENCHMARK] 1654765688316,CSR
glCanvas.js:1127 [BENCHMARK] 1654765688374,CSR
glCanvas.js:1127 [BENCHMARK] 1654765688402,CSR
glCanvas.js:1127 [BENCHMARK] 1654765688430,CSR
glCanvas.js:1127 [BENCHMARK] 1654765688583,CSR
glCanvas.js:1127 [BENCHMARK] 1654765688612,CSR
glCanvas.js:1127 [BENCHMARK] 1654765688626,CSR
glCanvas.js:1127 [BENCHMARK] 1654765688627,CSR
glCanvas.js:1127 [BENCHMARK] 1654765688643,CSR
glCanvas.js:1127 [BENCHMARK] 1654765688675,CSR
glCanvas.js:1127 [BENCHMARK] 1654765688695,CSR
glCanvas.js:1127 [BENCHMARK] 1654765688751,CSR
glCanvas.js:1127 [BENCHMARK] 1654765688791,CSR
glCanvas.js:1127 [BENCHMARK] 1654765688811,CSR
glCanvas.js:1127 [BENCHMARK] 1654765688826,CSR
glCanvas.js:1127 [BENCHMARK] 1654765688827,CSR
glCanvas.js:1127 [BENCHMARK] 1654765688842,CSR
glCanvas.js:1127 [BENCHMARK] 1654765688880,CSR
glCanvas.js:1127 [BENCHMARK] 1654765689024,CSR
glCanvas.js:1127 [BENCHMARK] 1654765689027,CSR
glCanvas.js:1127 [BENCHMARK] 1654765689028,CSR
glCanvas.js:1127 [BENCHMARK] 1654765689228,CSR
glCanvas.js:1127 [BENCHMARK] 1654765689230,CSR
glCanvas.js:1127 [BENCHMARK] 1654765689252,CSR
glCanvas.js:1127 [BENCHMARK] 1654765689273,CSR
glCanvas.js:1127 [BENCHMARK] 1654765689302,CSR
glCanvas.js:1127 [BENCHMARK] 1654765689334,CSR
glCanvas.js:1127 [BENCHMARK] 1654765689354,CSR
glCanvas.js:1127 [BENCHMARK] 1654765689430,CSR
glCanvas.js:1127 [BENCHMARK] 1654765689433,CSR
glCanvas.js:1127 [BENCHMARK] 1654765689489,CSR
glCanvas.js:1127 [BENCHMARK] 1654765689520,CSR
glCanvas.js:1127 [BENCHMARK] 1654765689552,CSR
glCanvas.js:1127 [BENCHMARK] 1654765689571,CSR
glCanvas.js:1127 [BENCHMARK] 1654765689602,CSR
glCanvas.js:1127 [BENCHMARK] 1654765689647,CSR
glCanvas.js:1127 [BENCHMARK] 1654765689697,CSR
glCanvas.js:1127 [BENCHMARK] 1654765689719,CSR
glCanvas.js:1127 [BENCHMARK] 1654765689749,CSR
glCanvas.js:1127 [BENCHMARK] 1654765689926,CSR
glCanvas.js:1127 [BENCHMARK] 1654765689985,CSR
glCanvas.js:1127 [BENCHMARK] 1654765690018,CSR
glCanvas.js:1127 [BENCHMARK] 1654765690578,CSR
glCanvas.js:1127 [BENCHMARK] 1654765690597,CSR
glCanvas.js:1127 [BENCHMARK] 1654765690858,CSR
glCanvas.js:1127 [BENCHMARK] 1654765691162,CSR
glCanvas.js:1127 [BENCHMARK] 1654765691190,CSR
glCanvas.js:1127 [BENCHMARK] 1654765691476,CSR
glCanvas.js:1127 [BENCHMARK] 1654765691494,CSR
glCanvas.js:1127 [BENCHMARK] 1654765692080,CSR
glCanvas.js:1127 [BENCHMARK] 1654765692110,CSR
glCanvas.js:1127 [BENCHMARK] 1654765692137,CSR
glCanvas.js:1127 [BENCHMARK] 1654765692333,CSR
glCanvas.js:1127 [BENCHMARK] 1654765692364,CSR
glCanvas.js:1127 [BENCHMARK] 1654765692524,CSR
glCanvas.js:1127 [BENCHMARK] 1654765692563,CSR
glCanvas.js:1127 [BENCHMARK] 1654765692590,CSR
glCanvas.js:1127 [BENCHMARK] 1654765692651,CSR
glCanvas.js:1127 [BENCHMARK] 1654765692686,CSR
glCanvas.js:1127 [BENCHMARK] 1654765692713,CSR
glCanvas.js:1127 [BENCHMARK] 1654765692741,CSR
glCanvas.js:1127 [BENCHMARK] 1654765693490,CSR
filmbox2.js:1537 [BENCHMARK] 1654765693491,fullLoad
glCanvas.js:1127 [BENCHMARK] 1654765693649,CSR
glCanvas.js:1127 [BENCHMARK] 1654765693740,CSR
glCanvas.js:1127 [BENCHMARK] 1654765693743,CSR
glCanvas.js:1127 [BENCHMARK] 1654765694845,CSR
glCanvas.js:1127 [BENCHMARK] 1654765694848,CSR
glCanvas.js:1127 [BENCHMARK] 1654765694917,CSR
glCanvas.js:1127 [BENCHMARK] 1654765694919,CSR
glCanvas.js:1127 [BENCHMARK] 1654765694988,CSR
glCanvas.js:1127 [BENCHMARK] 1654765694991,CSR
glCanvas.js:1127 [BENCHMARK] 1654765695060,CSR
glCanvas.js:1127 [BENCHMARK] 1654765695062,CSR
glCanvas.js:1127 [BENCHMARK] 1654765695131,CSR
glCanvas.js:1127 [BENCHMARK] 1654765695132,CSR
glCanvas.js:1127 [BENCHMARK] 1654765695202,CSR
glCanvas.js:1127 [BENCHMARK] 1654765695203,CSR
glCanvas.js:1127 [BENCHMARK] 1654765695276,CSR
glCanvas.js:1127 [BENCHMARK] 1654765695278,CSR
glCanvas.js:1127 [BENCHMARK] 1654765697355,CSR
glCanvas.js:1127 [BENCHMARK] 1654765697357,CSR
glCanvas.js:1127 [BENCHMARK] 1654765697426,CSR
glCanvas.js:1127 [BENCHMARK] 1654765697428,CSR
glCanvas.js:1127 [BENCHMARK] 1654765697498,CSR
glCanvas.js:1127 [BENCHMARK] 1654765697500,CSR
glCanvas.js:1127 [BENCHMARK] 1654765697569,CSR
glCanvas.js:1127 [BENCHMARK] 1654765697572,CSR
glCanvas.js:1127 [BENCHMARK] 1654765697641,CSR
glCanvas.js:1127 [BENCHMARK] 1654765697644,CSR
glCanvas.js:1127 [BENCHMARK] 1654765697713,CSR
glCanvas.js:1127 [BENCHMARK] 1654765697716,CSR
glCanvas.js:1127 [BENCHMARK] 1654765697785,CSR
glCanvas.js:1127 [BENCHMARK] 1654765697787,CSR
glCanvas.js:1127 [BENCHMARK] 1654765697856,CSR
glCanvas.js:1127 [BENCHMARK] 1654765697859,CSR
glCanvas.js:1127 [BENCHMARK] 1654765697928,CSR
glCanvas.js:1127 [BENCHMARK] 1654765697930,CSR
glCanvas.js:1127 [BENCHMARK] 1654765698000,CSR
glCanvas.js:1127 [BENCHMARK] 1654765698002,CSR
glCanvas.js:1127 [BENCHMARK] 1654765698280,CSR
glCanvas.js:1127 [BENCHMARK] 1654765698282,CSR
glCanvas.js:1127 [BENCHMARK] 1654765698311,CSR
glCanvas.js:1127 [BENCHMARK] 1654765698314,CSR
glCanvas.js:1127 [BENCHMARK] 1654765698342,CSR
glCanvas.js:1127 [BENCHMARK] 1654765698345,CSR
glCanvas.js:1127 [BENCHMARK] 1654765698373,CSR
glCanvas.js:1127 [BENCHMARK] 1654765698376,CSR
glCanvas.js:1127 [BENCHMARK] 1654765698405,CSR
glCanvas.js:1127 [BENCHMARK] 1654765698408,CSR
glCanvas.js:1127 [BENCHMARK] 1654765698437,CSR
glCanvas.js:1127 [BENCHMARK] 1654765698439,CSR
glCanvas.js:1127 [BENCHMARK] 1654765698468,CSR
glCanvas.js:1127 [BENCHMARK] 1654765698471,CSR
glCanvas.js:1127 [BENCHMARK] 1654765698499,CSR
glCanvas.js:1127 [BENCHMARK] 1654765698502,CSR
glCanvas.js:1127 [BENCHMARK] 1654765698530,CSR
glCanvas.js:1127 [BENCHMARK] 1654765698533,CSR
glCanvas.js:1127 [BENCHMARK] 1654765698562,CSR
glCanvas.js:1127 [BENCHMARK] 1654765698565,CSR
glCanvas.js:1127 [BENCHMARK] 1654765698802,CSR
glCanvas.js:1127 [BENCHMARK] 1654765698805,CSR
glCanvas.js:1127 [BENCHMARK] 1654765698834,CSR
glCanvas.js:1127 [BENCHMARK] 1654765698836,CSR
glCanvas.js:1127 [BENCHMARK] 1654765698865,CSR
glCanvas.js:1127 [BENCHMARK] 1654765698868,CSR
glCanvas.js:1127 [BENCHMARK] 1654765698897,CSR
glCanvas.js:1127 [BENCHMARK] 1654765698899,CSR
glCanvas.js:1127 [BENCHMARK] 1654765698928,CSR
glCanvas.js:1127 [BENCHMARK] 1654765698931,CSR
glCanvas.js:1127 [BENCHMARK] 1654765698960,CSR
glCanvas.js:1127 [BENCHMARK] 1654765698962,CSR
glCanvas.js:1127 [BENCHMARK] 1654765698991,CSR
glCanvas.js:1127 [BENCHMARK] 1654765698994,CSR
glCanvas.js:1127 [BENCHMARK] 1654765699023,CSR
glCanvas.js:1127 [BENCHMARK] 1654765699026,CSR
glCanvas.js:1127 [BENCHMARK] 1654765699054,CSR
glCanvas.js:1127 [BENCHMARK] 1654765699056,CSR
glCanvas.js:1127 [BENCHMARK] 1654765699086,CSR
glCanvas.js:1127 [BENCHMARK] 1654765699088,CSR
glCanvas.js:1127 [BENCHMARK] 1654765704126,CSR
glCanvas.js:1127 [BENCHMARK] 1654765704327,CSR
glCanvas.js:1127 [BENCHMARK] 1654765704528,CSR
glCanvas.js:1127 [BENCHMARK] 1654765704730,CSR
glCanvas.js:1127 [BENCHMARK] 1654765704932,CSR
glCanvas.js:1127 [BENCHMARK] 1654765708143,CSR
glCanvas.js:1127 [BENCHMARK] 1654765708214,CSR
glCanvas.js:1127 [BENCHMARK] 1654765708286,CSR
glCanvas.js:1127 [BENCHMARK] 1654765708357,CSR
glCanvas.js:1127 [BENCHMARK] 1654765708429,CSR
glCanvas.js:1127 [BENCHMARK] 1654765708501,CSR
glCanvas.js:1127 [BENCHMARK] 1654765708573,CSR
glCanvas.js:1127 [BENCHMARK] 1654765708645,CSR
glCanvas.js:1127 [BENCHMARK] 1654765708717,CSR
glCanvas.js:1127 [BENCHMARK] 1654765708789,CSR
glCanvas.js:1127 [BENCHMARK] 1654765709069,CSR
glCanvas.js:1127 [BENCHMARK] 1654765709140,CSR
glCanvas.js:1127 [BENCHMARK] 1654765709212,CSR
glCanvas.js:1127 [BENCHMARK] 1654765709283,CSR
glCanvas.js:1127 [BENCHMARK] 1654765709355,CSR
glCanvas.js:1127 [BENCHMARK] 1654765709427,CSR
glCanvas.js:1127 [BENCHMARK] 1654765709499,CSR
glCanvas.js:1127 [BENCHMARK] 1654765709571,CSR
glCanvas.js:1127 [BENCHMARK] 1654765709643,CSR
glCanvas.js:1127 [BENCHMARK] 1654765709715,CSR
glCanvas.js:1127 [BENCHMARK] 1654765709797,CSR
glCanvas.js:1127 [BENCHMARK] 1654765709895,CSR
glCanvas.js:1127 [BENCHMARK] 1654765709898,CSR
glCanvas.js:1127 [BENCHMARK] 1654765712001,CSR
glCanvas.js:1127 [BENCHMARK] 1654765712203,CSR
glCanvas.js:1127 [BENCHMARK] 1654765712405,CSR
glCanvas.js:1127 [BENCHMARK] 1654765714615,CSR
glCanvas.js:1127 [BENCHMARK] 1654765714717,CSR
glCanvas.js:1127 [BENCHMARK] 1654765714819,CSR
glCanvas.js:1127 [BENCHMARK] 1654765714921,CSR
glCanvas.js:1127 [BENCHMARK] 1654765715023,CSR
glCanvas.js:1127 [BENCHMARK] 1654765717133,CSR
glCanvas.js:1127 [BENCHMARK] 1654765717164,CSR
glCanvas.js:1127 [BENCHMARK] 1654765717195,CSR
glCanvas.js:1127 [BENCHMARK] 1654765717227,CSR
glCanvas.js:1127 [BENCHMARK] 1654765717259,CSR
glCanvas.js:1127 [BENCHMARK] 1654765717290,CSR
glCanvas.js:1127 [BENCHMARK] 1654765717322,CSR
glCanvas.js:1127 [BENCHMARK] 1654765717353,CSR
glCanvas.js:1127 [BENCHMARK] 1654765717385,CSR
glCanvas.js:1127 [BENCHMARK] 1654765717417,CSR
glCanvas.js:1127 [BENCHMARK] 1654765717656,CSR
glCanvas.js:1127 [BENCHMARK] 1654765717687,CSR
glCanvas.js:1127 [BENCHMARK] 1654765717719,CSR
glCanvas.js:1127 [BENCHMARK] 1654765717750,CSR
glCanvas.js:1127 [BENCHMARK] 1654765717782,CSR
glCanvas.js:1127 [BENCHMARK] 1654765717814,CSR
glCanvas.js:1127 [BENCHMARK] 1654765717845,CSR
glCanvas.js:1127 [BENCHMARK] 1654765717877,CSR
glCanvas.js:1127 [BENCHMARK] 1654765717909,CSR
glCanvas.js:1127 [BENCHMARK] 1654765717941,CSR
glCanvas.js:1127 [BENCHMARK] 1654765718180,CSR
glCanvas.js:1127 [BENCHMARK] 1654765718252,CSR
glCanvas.js:1127 [BENCHMARK] 1654765718324,CSR
glCanvas.js:1127 [BENCHMARK] 1654765718395,CSR
glCanvas.js:1127 [BENCHMARK] 1654765718467,CSR
glCanvas.js:1127 [BENCHMARK] 1654765721551,CSR
glCanvas.js:1127 [BENCHMARK] 1654765721651,CSR
glCanvas.js:1127 [BENCHMARK] 1654765721654,CSR
glCanvas.js:1127 [BENCHMARK] 1654765722757,CSR
glCanvas.js:1127 [BENCHMARK] 1654765722760,CSR
glCanvas.js:1127 [BENCHMARK] 1654765722769,CSR
glCanvas.js:1127 [BENCHMARK] 1654765722771,CSR
glCanvas.js:1127 [BENCHMARK] 1654765722781,CSR
glCanvas.js:1127 [BENCHMARK] 1654765722782,CSR
glCanvas.js:1127 [BENCHMARK] 1654765722794,CSR
glCanvas.js:1127 [BENCHMARK] 1654765722795,CSR
glCanvas.js:1127 [BENCHMARK] 1654765722806,CSR
glCanvas.js:1127 [BENCHMARK] 1654765722808,CSR
glCanvas.js:1127 [BENCHMARK] 1654765722820,CSR
glCanvas.js:1127 [BENCHMARK] 1654765722821,CSR
glCanvas.js:1127 [BENCHMARK] 1654765722833,CSR
glCanvas.js:1127 [BENCHMARK] 1654765722836,CSR
glCanvas.js:1127 [BENCHMARK] 1654765722846,CSR
glCanvas.js:1127 [BENCHMARK] 1654765722848,CSR
glCanvas.js:1127 [BENCHMARK] 1654765722858,CSR
glCanvas.js:1127 [BENCHMARK] 1654765722859,CSR
glCanvas.js:1127 [BENCHMARK] 1654765722872,CSR
glCanvas.js:1127 [BENCHMARK] 1654765722873,CSR
glCanvas.js:1127 [BENCHMARK] 1654765722889,CSR
glCanvas.js:1127 [BENCHMARK] 1654765722992,CSR
glCanvas.js:1127 [BENCHMARK] 1654765722994,CSR
glCanvas.js:1127 [BENCHMARK] 1654765725092,CSR
glCanvas.js:1127 [BENCHMARK] 1654765725093,CSR
glCanvas.js:1127 [BENCHMARK] 1654765725295,CSR
glCanvas.js:1127 [BENCHMARK] 1654765725298,CSR
glCanvas.js:1127 [BENCHMARK] 1654765725496,CSR
glCanvas.js:1127 [BENCHMARK] 1654765725497,CSR
glCanvas.js:1127 [BENCHMARK] 1654765728706,CSR
glCanvas.js:1127 [BENCHMARK] 1654765728808,CSR
glCanvas.js:1127 [BENCHMARK] 1654765728909,CSR
glCanvas.js:1127 [BENCHMARK] 1654765729011,CSR
glCanvas.js:1127 [BENCHMARK] 1654765729113,CSR
glCanvas.js:1127 [BENCHMARK] 1654765729423,CSR
glCanvas.js:1127 [BENCHMARK] 1654765729526,CSR
glCanvas.js:1127 [BENCHMARK] 1654765729628,CSR
glCanvas.js:1127 [BENCHMARK] 1654765729729,CSR
glCanvas.js:1127 [BENCHMARK] 1654765729831,CSR
glCanvas.js:1127 [BENCHMARK] 1654765729932,CSR
glCanvas.js:1127 [BENCHMARK] 1654765730035,CSR
glCanvas.js:1127 [BENCHMARK] 1654765730136,CSR
glCanvas.js:1127 [BENCHMARK] 1654765730239,CSR
glCanvas.js:1127 [BENCHMARK] 1654765730340,CSR
glCanvas.js:1127 [BENCHMARK] 1654765730651,CSR
glCanvas.js:1127 [BENCHMARK] 1654765730721,CSR
glCanvas.js:1127 [BENCHMARK] 1654765730793,CSR
glCanvas.js:1127 [BENCHMARK] 1654765730863,CSR
glCanvas.js:1127 [BENCHMARK] 1654765730957,CSR
glCanvas.js:1127 [BENCHMARK] 1654765731006,CSR
glCanvas.js:1127 [BENCHMARK] 1654765731078,CSR
glCanvas.js:1127 [BENCHMARK] 1654765731150,CSR
glCanvas.js:1127 [BENCHMARK] 1654765731222,CSR
glCanvas.js:1127 [BENCHMARK] 1654765731294,CSR
glCanvas.js:1127 [BENCHMARK] 1654765733376,CSR
glCanvas.js:1127 [BENCHMARK] 1654765733476,CSR
glCanvas.js:1127 [BENCHMARK] 1654765733479,CSR
glCanvas.js:1127 [BENCHMARK] 1654765734581,CSR
glCanvas.js:1127 [BENCHMARK] 1654765734584,CSR
glCanvas.js:1127 [BENCHMARK] 1654765734612,CSR
glCanvas.js:1127 [BENCHMARK] 1654765734614,CSR
glCanvas.js:1127 [BENCHMARK] 1654765734643,CSR
glCanvas.js:1127 [BENCHMARK] 1654765734646,CSR
glCanvas.js:1127 [BENCHMARK] 1654765734675,CSR
glCanvas.js:1127 [BENCHMARK] 1654765734677,CSR
glCanvas.js:1127 [BENCHMARK] 1654765734707,CSR
glCanvas.js:1127 [BENCHMARK] 1654765734709,CSR
glCanvas.js:1127 [BENCHMARK] 1654765734738,CSR
glCanvas.js:1127 [BENCHMARK] 1654765734740,CSR
glCanvas.js:1127 [BENCHMARK] 1654765734770,CSR
glCanvas.js:1127 [BENCHMARK] 1654765734772,CSR
glCanvas.js:1127 [BENCHMARK] 1654765734801,CSR
glCanvas.js:1127 [BENCHMARK] 1654765734804,CSR
glCanvas.js:1127 [BENCHMARK] 1654765734833,CSR
glCanvas.js:1127 [BENCHMARK] 1654765734836,CSR
glCanvas.js:1127 [BENCHMARK] 1654765734864,CSR
glCanvas.js:1127 [BENCHMARK] 1654765734866,CSR
glCanvas.js:1127 [BENCHMARK] 1654765735103,CSR
glCanvas.js:1127 [BENCHMARK] 1654765735106,CSR
glCanvas.js:1127 [BENCHMARK] 1654765735135,CSR
glCanvas.js:1127 [BENCHMARK] 1654765735137,CSR
glCanvas.js:1127 [BENCHMARK] 1654765735166,CSR
glCanvas.js:1127 [BENCHMARK] 1654765735168,CSR
glCanvas.js:1127 [BENCHMARK] 1654765735197,CSR
glCanvas.js:1127 [BENCHMARK] 1654765735199,CSR
glCanvas.js:1127 [BENCHMARK] 1654765735229,CSR
glCanvas.js:1127 [BENCHMARK] 1654765735232,CSR
glCanvas.js:1127 [BENCHMARK] 1654765735261,CSR
glCanvas.js:1127 [BENCHMARK] 1654765735263,CSR
glCanvas.js:1127 [BENCHMARK] 1654765735292,CSR
glCanvas.js:1127 [BENCHMARK] 1654765735295,CSR
glCanvas.js:1127 [BENCHMARK] 1654765735323,CSR
glCanvas.js:1127 [BENCHMARK] 1654765735325,CSR
glCanvas.js:1127 [BENCHMARK] 1654765735355,CSR
glCanvas.js:1127 [BENCHMARK] 1654765735357,CSR
glCanvas.js:1127 [BENCHMARK] 1654765735387,CSR
glCanvas.js:1127 [BENCHMARK] 1654765735389,CSR
glCanvas.js:1127 [BENCHMARK] 1654765735622,CSR
glCanvas.js:1127 [BENCHMARK] 1654765735623,CSR
glCanvas.js:1127 [BENCHMARK] 1654765735652,CSR
glCanvas.js:1127 [BENCHMARK] 1654765735653,CSR
glCanvas.js:1127 [BENCHMARK] 1654765735683,CSR
glCanvas.js:1127 [BENCHMARK] 1654765735685,CSR
glCanvas.js:1127 [BENCHMARK] 1654765735715,CSR
glCanvas.js:1127 [BENCHMARK] 1654765735717,CSR
glCanvas.js:1127 [BENCHMARK] 1654765735747,CSR
glCanvas.js:1127 [BENCHMARK] 1654765735749,CSR
glCanvas.js:1127 [BENCHMARK] 1654765735778,CSR
glCanvas.js:1127 [BENCHMARK] 1654765735780,CSR
glCanvas.js:1127 [BENCHMARK] 1654765735809,CSR
glCanvas.js:1127 [BENCHMARK] 1654765735811,CSR
glCanvas.js:1127 [BENCHMARK] 1654765735840,CSR
glCanvas.js:1127 [BENCHMARK] 1654765735843,CSR
glCanvas.js:1127 [BENCHMARK] 1654765735870,CSR
glCanvas.js:1127 [BENCHMARK] 1654765735871,CSR
glCanvas.js:1127 [BENCHMARK] 1654765735902,CSR
glCanvas.js:1127 [BENCHMARK] 1654765735903,CSR
