glCanvas.js:1107 [BENCHMARK] 1654769601598,X
glCanvas.js:1107 [BENCHMARK] 1654769601610,X
glCanvas.js:1107 [BENCHMARK] 1654769601614,X
glCanvas.js:1107 [BENCHMARK] 1654769602017,X
glCanvas.js:1107 [BENCHMARK] 1654769602112,X
glCanvas.js:1107 [BENCHMARK] 1654769602116,X
glCanvas.js:1107 [BENCHMARK] 1654769602121,X
glCanvas.js:1107 [BENCHMARK] 1654769602124,X
glCanvas.js:1107 [BENCHMARK] 1654769602129,X
glCanvas.js:1107 [BENCHMARK] 1654769602131,X
glCanvas.js:1107 [BENCHMARK] 1654769602410,X
glCanvas.js:1107 [BENCHMARK] 1654769602679,X
glCanvas.js:1107 [BENCHMARK] 1654769602963,X
glCanvas.js:1107 [BENCHMARK] 1654769603019,X
glCanvas.js:1127 [BENCHMARK] 1654769603048,SSR
manager.js:159 [BENCHMARK] 1654769603625,firstRender
glCanvas.js:1127 [BENCHMARK] 1654769603631,SSR
glCanvas.js:1127 [BENCHMARK] 1654769603638,SSR
glCanvas.js:1127 [BENCHMARK] 1654769603675,SSR
glCanvas.js:1127 [BENCHMARK] 1654769603701,SSR
glCanvas.js:1127 [BENCHMARK] 1654769603724,SSR
glCanvas.js:1127 [BENCHMARK] 1654769603726,SSR
glCanvas.js:1127 [BENCHMARK] 1654769603730,SSR
glCanvas.js:1127 [BENCHMARK] 1654769603734,SSR
glCanvas.js:1127 [BENCHMARK] 1654769603752,SSR
glCanvas.js:1127 [BENCHMARK] 1654769603917,SSR
glCanvas.js:1127 [BENCHMARK] 1654769605211,SSR
glCanvas.js:1127 [BENCHMARK] 1654769605223,SSR
glCanvas.js:1127 [BENCHMARK] 1654769605236,SSR
glCanvas.js:1127 [BENCHMARK] 1654769605269,SSR
glCanvas.js:1127 [BENCHMARK] 1654769605374,SSR
glCanvas.js:1127 [BENCHMARK] 1654769605503,SSR
glCanvas.js:1127 [BENCHMARK] 1654769605622,SSR
glCanvas.js:1127 [BENCHMARK] 1654769605772,SSR
glCanvas.js:1127 [BENCHMARK] 1654769605824,SSR
glCanvas.js:1127 [BENCHMARK] 1654769605830,SSR
glCanvas.js:1127 [BENCHMARK] 1654769605836,SSR
glCanvas.js:1127 [BENCHMARK] 1654769605849,SSR
glCanvas.js:1127 [BENCHMARK] 1654769605929,SSR
glCanvas.js:1127 [BENCHMARK] 1654769605933,SSR
glCanvas.js:1127 [BENCHMARK] 1654769605935,SSR
glCanvas.js:1127 [BENCHMARK] 1654769605947,SSR
glCanvas.js:1127 [BENCHMARK] 1654769606070,SSR
glCanvas.js:1127 [BENCHMARK] 1654769606080,SSR
glCanvas.js:1127 [BENCHMARK] 1654769606110,SSR
glCanvas.js:1127 [BENCHMARK] 1654769606214,SSR
glCanvas.js:1127 [BENCHMARK] 1654769606377,SSR
glCanvas.js:1127 [BENCHMARK] 1654769606417,SSR
glCanvas.js:1127 [BENCHMARK] 1654769606493,SSR
glCanvas.js:1127 [BENCHMARK] 1654769606526,CSR
glCanvas.js:1127 [BENCHMARK] 1654769606560,CSR
glCanvas.js:1127 [BENCHMARK] 1654769606678,CSR
glCanvas.js:1127 [BENCHMARK] 1654769606710,CSR
glCanvas.js:1127 [BENCHMARK] 1654769606716,CSR
glCanvas.js:1127 [BENCHMARK] 1654769606721,CSR
glCanvas.js:1127 [BENCHMARK] 1654769606782,CSR
glCanvas.js:1127 [BENCHMARK] 1654769606825,CSR
glCanvas.js:1127 [BENCHMARK] 1654769606829,CSR
glCanvas.js:1127 [BENCHMARK] 1654769606833,CSR
glCanvas.js:1127 [BENCHMARK] 1654769606842,CSR
glCanvas.js:1127 [BENCHMARK] 1654769606862,CSR
glCanvas.js:1127 [BENCHMARK] 1654769606864,CSR
glCanvas.js:1127 [BENCHMARK] 1654769606935,CSR
glCanvas.js:1127 [BENCHMARK] 1654769606977,CSR
glCanvas.js:1127 [BENCHMARK] 1654769606992,CSR
glCanvas.js:1127 [BENCHMARK] 1654769607009,CSR
glCanvas.js:1127 [BENCHMARK] 1654769607026,CSR
glCanvas.js:1127 [BENCHMARK] 1654769607057,CSR
glCanvas.js:1127 [BENCHMARK] 1654769607059,CSR
glCanvas.js:1127 [BENCHMARK] 1654769607126,CSR
glCanvas.js:1127 [BENCHMARK] 1654769607128,CSR
glCanvas.js:1127 [BENCHMARK] 1654769607131,CSR
glCanvas.js:1127 [BENCHMARK] 1654769607133,CSR
glCanvas.js:1127 [BENCHMARK] 1654769607188,CSR
glCanvas.js:1127 [BENCHMARK] 1654769607190,CSR
glCanvas.js:1127 [BENCHMARK] 1654769607192,CSR
glCanvas.js:1127 [BENCHMARK] 1654769607193,CSR
glCanvas.js:1127 [BENCHMARK] 1654769607218,CSR
glCanvas.js:1127 [BENCHMARK] 1654769607220,CSR
glCanvas.js:1127 [BENCHMARK] 1654769607249,CSR
glCanvas.js:1127 [BENCHMARK] 1654769607251,CSR
glCanvas.js:1127 [BENCHMARK] 1654769607279,CSR
glCanvas.js:1127 [BENCHMARK] 1654769607281,CSR
glCanvas.js:1127 [BENCHMARK] 1654769607311,CSR
glCanvas.js:1127 [BENCHMARK] 1654769607313,CSR
glCanvas.js:1127 [BENCHMARK] 1654769607332,CSR
glCanvas.js:1127 [BENCHMARK] 1654769607347,CSR
glCanvas.js:1127 [BENCHMARK] 1654769607371,CSR
glCanvas.js:1127 [BENCHMARK] 1654769607374,CSR
glCanvas.js:1127 [BENCHMARK] 1654769607387,CSR
glCanvas.js:1107 [BENCHMARK] 1654769607581,X
glCanvas.js:1107 [BENCHMARK] 1654769607583,X
glCanvas.js:1107 [BENCHMARK] 1654769607611,X
glCanvas.js:1107 [BENCHMARK] 1654769607613,X
glCanvas.js:1107 [BENCHMARK] 1654769607637,X
glCanvas.js:1107 [BENCHMARK] 1654769607641,X
glCanvas.js:1107 [BENCHMARK] 1654769607642,X
glCanvas.js:1107 [BENCHMARK] 1654769607672,X
glCanvas.js:1107 [BENCHMARK] 1654769607673,X
glCanvas.js:1107 [BENCHMARK] 1654769607704,X
glCanvas.js:1107 [BENCHMARK] 1654769607707,X
glCanvas.js:1107 [BENCHMARK] 1654769607735,X
glCanvas.js:1107 [BENCHMARK] 1654769607738,X
glCanvas.js:1107 [BENCHMARK] 1654769607759,X
glCanvas.js:1107 [BENCHMARK] 1654769607774,X
glCanvas.js:1107 [BENCHMARK] 1654769607776,X
glCanvas.js:1107 [BENCHMARK] 1654769607777,X
glCanvas.js:1107 [BENCHMARK] 1654769607793,X
glCanvas.js:1107 [BENCHMARK] 1654769607796,X
glCanvas.js:1107 [BENCHMARK] 1654769607797,X
glCanvas.js:1127 [BENCHMARK] 1654769607826,SSR
glCanvas.js:1127 [BENCHMARK] 1654769607827,SSR
glCanvas.js:1127 [BENCHMARK] 1654769607857,SSR
glCanvas.js:1127 [BENCHMARK] 1654769607858,SSR
glCanvas.js:1127 [BENCHMARK] 1654769607898,SSR
glCanvas.js:1127 [BENCHMARK] 1654769607971,SSR
glCanvas.js:1127 [BENCHMARK] 1654769608102,SSR
glCanvas.js:1127 [BENCHMARK] 1654769608104,SSR
glCanvas.js:1127 [BENCHMARK] 1654769608106,SSR
glCanvas.js:1127 [BENCHMARK] 1654769608125,SSR
glCanvas.js:1127 [BENCHMARK] 1654769608127,SSR
glCanvas.js:1127 [BENCHMARK] 1654769608158,SSR
glCanvas.js:1127 [BENCHMARK] 1654769608161,SSR
glCanvas.js:1127 [BENCHMARK] 1654769608188,SSR
glCanvas.js:1127 [BENCHMARK] 1654769608191,SSR
glCanvas.js:1127 [BENCHMARK] 1654769608220,SSR
glCanvas.js:1127 [BENCHMARK] 1654769608224,SSR
glCanvas.js:1127 [BENCHMARK] 1654769608252,SSR
glCanvas.js:1127 [BENCHMARK] 1654769608255,SSR
glCanvas.js:1127 [BENCHMARK] 1654769608283,SSR
glCanvas.js:1127 [BENCHMARK] 1654769608285,SSR
glCanvas.js:1127 [BENCHMARK] 1654769608314,SSR
glCanvas.js:1127 [BENCHMARK] 1654769608316,SSR
glCanvas.js:1127 [BENCHMARK] 1654769608345,SSR
glCanvas.js:1127 [BENCHMARK] 1654769608347,SSR
glCanvas.js:1107 [BENCHMARK] 1654769608377,X
glCanvas.js:1107 [BENCHMARK] 1654769608380,X
glCanvas.js:1107 [BENCHMARK] 1654769608634,X
glCanvas.js:1127 [BENCHMARK] 1654769608929,SSR
glCanvas.js:1127 [BENCHMARK] 1654769608941,SSR
glCanvas.js:1127 [BENCHMARK] 1654769609903,SSR
glCanvas.js:1127 [BENCHMARK] 1654769609907,SSR
glCanvas.js:1127 [BENCHMARK] 1654769610148,SSR
glCanvas.js:1127 [BENCHMARK] 1654769610224,CSR
glCanvas.js:1127 [BENCHMARK] 1654769610248,CSR
glCanvas.js:1127 [BENCHMARK] 1654769610278,CSR
glCanvas.js:1127 [BENCHMARK] 1654769610285,CSR
glCanvas.js:1127 [BENCHMARK] 1654769610291,CSR
glCanvas.js:1127 [BENCHMARK] 1654769610296,CSR
glCanvas.js:1127 [BENCHMARK] 1654769610849,CSR
glCanvas.js:1127 [BENCHMARK] 1654769610861,CSR
glCanvas.js:1127 [BENCHMARK] 1654769610865,CSR
glCanvas.js:1127 [BENCHMARK] 1654769610870,CSR
glCanvas.js:1127 [BENCHMARK] 1654769610995,CSR
glCanvas.js:1127 [BENCHMARK] 1654769611029,CSR
glCanvas.js:1127 [BENCHMARK] 1654769611114,CSR
glCanvas.js:1127 [BENCHMARK] 1654769611147,CSR
glCanvas.js:1127 [BENCHMARK] 1654769611190,CSR
glCanvas.js:1127 [BENCHMARK] 1654769611217,CSR
glCanvas.js:1127 [BENCHMARK] 1654769611226,CSR
glCanvas.js:1127 [BENCHMARK] 1654769611310,CSR
glCanvas.js:1127 [BENCHMARK] 1654769611336,CSR
glCanvas.js:1127 [BENCHMARK] 1654769611417,CSR
glCanvas.js:1127 [BENCHMARK] 1654769611434,CSR
glCanvas.js:1127 [BENCHMARK] 1654769611538,CSR
glCanvas.js:1127 [BENCHMARK] 1654769611542,SSR
glCanvas.js:1127 [BENCHMARK] 1654769611727,SSR
glCanvas.js:1127 [BENCHMARK] 1654769611784,CSR
glCanvas.js:1127 [BENCHMARK] 1654769611787,CSR
glCanvas.js:1127 [BENCHMARK] 1654769611791,CSR
glCanvas.js:1127 [BENCHMARK] 1654769612091,CSR
glCanvas.js:1127 [BENCHMARK] 1654769612277,CSR
glCanvas.js:1127 [BENCHMARK] 1654769612373,CSR
glCanvas.js:1127 [BENCHMARK] 1654769612406,CSR
glCanvas.js:1127 [BENCHMARK] 1654769612809,CSR
glCanvas.js:1127 [BENCHMARK] 1654769612824,CSR
glCanvas.js:1127 [BENCHMARK] 1654769613478,CSR
glCanvas.js:1127 [BENCHMARK] 1654769613487,CSR
glCanvas.js:1127 [BENCHMARK] 1654769613495,CSR
glCanvas.js:1127 [BENCHMARK] 1654769613597,CSR
glCanvas.js:1107 [BENCHMARK] 1654769613616,X
glCanvas.js:1107 [BENCHMARK] 1654769613618,X
glCanvas.js:1127 [BENCHMARK] 1654769613825,SSR
glCanvas.js:1107 [BENCHMARK] 1654769613827,X
glCanvas.js:1107 [BENCHMARK] 1654769613829,X
glCanvas.js:1127 [BENCHMARK] 1654769613948,SSR
glCanvas.js:1127 [BENCHMARK] 1654769613963,SSR
glCanvas.js:1127 [BENCHMARK] 1654769613978,SSR
glCanvas.js:1127 [BENCHMARK] 1654769613993,SSR
glCanvas.js:1127 [BENCHMARK] 1654769614007,SSR
glCanvas.js:1107 [BENCHMARK] 1654769614022,X
glCanvas.js:1107 [BENCHMARK] 1654769614023,X
glCanvas.js:1107 [BENCHMARK] 1654769614039,X
glCanvas.js:1107 [BENCHMARK] 1654769614059,X
glCanvas.js:1107 [BENCHMARK] 1654769614146,X
glCanvas.js:1107 [BENCHMARK] 1654769614273,X
glCanvas.js:1107 [BENCHMARK] 1654769614451,X
glCanvas.js:1107 [BENCHMARK] 1654769614474,X
glCanvas.js:1107 [BENCHMARK] 1654769614491,X
glCanvas.js:1107 [BENCHMARK] 1654769614507,X
glCanvas.js:1127 [BENCHMARK] 1654769614524,SSR
glCanvas.js:1127 [BENCHMARK] 1654769615274,SSR
glCanvas.js:1127 [BENCHMARK] 1654769616048,SSR
glCanvas.js:1127 [BENCHMARK] 1654769616074,CSR
glCanvas.js:1127 [BENCHMARK] 1654769616078,CSR
glCanvas.js:1127 [BENCHMARK] 1654769616726,CSR
glCanvas.js:1127 [BENCHMARK] 1654769616782,CSR
glCanvas.js:1127 [BENCHMARK] 1654769617039,CSR
glCanvas.js:1127 [BENCHMARK] 1654769617054,CSR
glCanvas.js:1127 [BENCHMARK] 1654769617121,CSR
glCanvas.js:1127 [BENCHMARK] 1654769617166,CSR
glCanvas.js:1127 [BENCHMARK] 1654769617236,CSR
glCanvas.js:1127 [BENCHMARK] 1654769617632,CSR
glCanvas.js:1127 [BENCHMARK] 1654769617635,CSR
glCanvas.js:1127 [BENCHMARK] 1654769617637,CSR
glCanvas.js:1127 [BENCHMARK] 1654769617640,CSR
glCanvas.js:1127 [BENCHMARK] 1654769617897,CSR
glCanvas.js:1127 [BENCHMARK] 1654769618055,CSR
glCanvas.js:1127 [BENCHMARK] 1654769618058,CSR
glCanvas.js:1107 [BENCHMARK] 1654769618158,X
glCanvas.js:1107 [BENCHMARK] 1654769618249,X
glCanvas.js:1107 [BENCHMARK] 1654769618295,X
glCanvas.js:1107 [BENCHMARK] 1654769618350,X
glCanvas.js:1127 [BENCHMARK] 1654769618450,SSR
glCanvas.js:1107 [BENCHMARK] 1654769618553,X
glCanvas.js:1107 [BENCHMARK] 1654769618653,X
glCanvas.js:1107 [BENCHMARK] 1654769618753,X
glCanvas.js:1107 [BENCHMARK] 1654769618781,X
glCanvas.js:1107 [BENCHMARK] 1654769618811,X
glCanvas.js:1107 [BENCHMARK] 1654769618832,X
glCanvas.js:1107 [BENCHMARK] 1654769618851,X
glCanvas.js:1107 [BENCHMARK] 1654769618856,X
glCanvas.js:1107 [BENCHMARK] 1654769618878,X
glCanvas.js:1107 [BENCHMARK] 1654769618901,X
glCanvas.js:1127 [BENCHMARK] 1654769618921,SSR
glCanvas.js:1127 [BENCHMARK] 1654769618938,SSR
glCanvas.js:1127 [BENCHMARK] 1654769618965,SSR
glCanvas.js:1127 [BENCHMARK] 1654769618988,SSR
glCanvas.js:1127 [BENCHMARK] 1654769619114,SSR
glCanvas.js:1127 [BENCHMARK] 1654769619283,SSR
glCanvas.js:1127 [BENCHMARK] 1654769619286,SSR
glCanvas.js:1127 [BENCHMARK] 1654769619357,SSR
glCanvas.js:1127 [BENCHMARK] 1654769619374,SSR
glCanvas.js:1107 [BENCHMARK] 1654769619447,X
glCanvas.js:1107 [BENCHMARK] 1654769619517,X
glCanvas.js:1107 [BENCHMARK] 1654769619588,X
glCanvas.js:1107 [BENCHMARK] 1654769619659,X
glCanvas.js:1107 [BENCHMARK] 1654769619729,X
glCanvas.js:1107 [BENCHMARK] 1654769619800,X
glCanvas.js:1107 [BENCHMARK] 1654769620000,X
glCanvas.js:1107 [BENCHMARK] 1654769620004,X
glCanvas.js:1107 [BENCHMARK] 1654769620007,X
glCanvas.js:1107 [BENCHMARK] 1654769620010,X
glCanvas.js:1107 [BENCHMARK] 1654769620017,X
glCanvas.js:1107 [BENCHMARK] 1654769620057,X
glCanvas.js:1127 [BENCHMARK] 1654769620248,SSR
glCanvas.js:1127 [BENCHMARK] 1654769620267,SSR
glCanvas.js:1127 [BENCHMARK] 1654769620281,SSR
glCanvas.js:1127 [BENCHMARK] 1654769620304,SSR
glCanvas.js:1127 [BENCHMARK] 1654769620319,SSR
glCanvas.js:1127 [BENCHMARK] 1654769620337,SSR
glCanvas.js:1127 [BENCHMARK] 1654769620354,SSR
glCanvas.js:1127 [BENCHMARK] 1654769620369,SSR
glCanvas.js:1127 [BENCHMARK] 1654769620386,SSR
glCanvas.js:1127 [BENCHMARK] 1654769620400,SSR
glCanvas.js:1127 [BENCHMARK] 1654769620415,SSR
glCanvas.js:1127 [BENCHMARK] 1654769620444,SSR
glCanvas.js:1127 [BENCHMARK] 1654769620458,SSR
glCanvas.js:1127 [BENCHMARK] 1654769620473,SSR
glCanvas.js:1127 [BENCHMARK] 1654769620499,SSR
glCanvas.js:1127 [BENCHMARK] 1654769621024,SSR
glCanvas.js:1127 [BENCHMARK] 1654769621033,SSR
glCanvas.js:1127 [BENCHMARK] 1654769621069,SSR
glCanvas.js:1127 [BENCHMARK] 1654769621094,SSR
glCanvas.js:1127 [BENCHMARK] 1654769621845,SSR
glCanvas.js:1127 [BENCHMARK] 1654769621848,SSR
glCanvas.js:1127 [BENCHMARK] 1654769621852,SSR
glCanvas.js:1127 [BENCHMARK] 1654769621861,SSR
glCanvas.js:1127 [BENCHMARK] 1654769621863,SSR
glCanvas.js:1127 [BENCHMARK] 1654769621866,SSR
glCanvas.js:1127 [BENCHMARK] 1654769621879,SSR
glCanvas.js:1127 [BENCHMARK] 1654769621977,SSR
glCanvas.js:1127 [BENCHMARK] 1654769621980,SSR
glCanvas.js:1127 [BENCHMARK] 1654769622688,SSR
glCanvas.js:1127 [BENCHMARK] 1654769622698,SSR
glCanvas.js:1127 [BENCHMARK] 1654769623269,CSR
glCanvas.js:1127 [BENCHMARK] 1654769623275,CSR
glCanvas.js:1127 [BENCHMARK] 1654769623281,CSR
glCanvas.js:1127 [BENCHMARK] 1654769623286,CSR
glCanvas.js:1127 [BENCHMARK] 1654769623301,CSR
glCanvas.js:1127 [BENCHMARK] 1654769623306,CSR
glCanvas.js:1127 [BENCHMARK] 1654769623374,CSR
glCanvas.js:1127 [BENCHMARK] 1654769623393,CSR
glCanvas.js:1127 [BENCHMARK] 1654769623397,CSR
glCanvas.js:1127 [BENCHMARK] 1654769623403,CSR
glCanvas.js:1127 [BENCHMARK] 1654769623424,CSR
glCanvas.js:1127 [BENCHMARK] 1654769623528,CSR
glCanvas.js:1127 [BENCHMARK] 1654769623537,CSR
glCanvas.js:1127 [BENCHMARK] 1654769623541,CSR
glCanvas.js:1127 [BENCHMARK] 1654769623555,CSR
glCanvas.js:1127 [BENCHMARK] 1654769623560,CSR
glCanvas.js:1127 [BENCHMARK] 1654769623564,CSR
glCanvas.js:1127 [BENCHMARK] 1654769623581,CSR
glCanvas.js:1127 [BENCHMARK] 1654769623589,CSR
glCanvas.js:1127 [BENCHMARK] 1654769623605,CSR
glCanvas.js:1127 [BENCHMARK] 1654769623610,CSR
glCanvas.js:1127 [BENCHMARK] 1654769623613,CSR
glCanvas.js:1127 [BENCHMARK] 1654769623639,CSR
glCanvas.js:1127 [BENCHMARK] 1654769623643,CSR
glCanvas.js:1127 [BENCHMARK] 1654769623657,CSR
glCanvas.js:1127 [BENCHMARK] 1654769623670,CSR
glCanvas.js:1127 [BENCHMARK] 1654769623682,CSR
glCanvas.js:1127 [BENCHMARK] 1654769623699,CSR
glCanvas.js:1127 [BENCHMARK] 1654769623734,CSR
glCanvas.js:1127 [BENCHMARK] 1654769623751,CSR
glCanvas.js:1127 [BENCHMARK] 1654769623776,CSR
glCanvas.js:1127 [BENCHMARK] 1654769623787,CSR
glCanvas.js:1127 [BENCHMARK] 1654769623794,CSR
glCanvas.js:1127 [BENCHMARK] 1654769623808,CSR
glCanvas.js:1127 [BENCHMARK] 1654769623821,CSR
glCanvas.js:1127 [BENCHMARK] 1654769623852,CSR
glCanvas.js:1127 [BENCHMARK] 1654769623880,CSR
glCanvas.js:1127 [BENCHMARK] 1654769623889,CSR
glCanvas.js:1127 [BENCHMARK] 1654769623903,CSR
glCanvas.js:1127 [BENCHMARK] 1654769623924,CSR
glCanvas.js:1127 [BENCHMARK] 1654769623944,CSR
glCanvas.js:1127 [BENCHMARK] 1654769623954,CSR
glCanvas.js:1127 [BENCHMARK] 1654769623972,CSR
glCanvas.js:1127 [BENCHMARK] 1654769623991,CSR
glCanvas.js:1127 [BENCHMARK] 1654769624001,CSR
glCanvas.js:1127 [BENCHMARK] 1654769624051,CSR
glCanvas.js:1127 [BENCHMARK] 1654769624063,CSR
glCanvas.js:1127 [BENCHMARK] 1654769624081,CSR
glCanvas.js:1127 [BENCHMARK] 1654769624087,CSR
glCanvas.js:1127 [BENCHMARK] 1654769624385,CSR
glCanvas.js:1127 [BENCHMARK] 1654769624386,CSR
glCanvas.js:1127 [BENCHMARK] 1654769624389,CSR
glCanvas.js:1127 [BENCHMARK] 1654769624390,CSR
glCanvas.js:1127 [BENCHMARK] 1654769624392,CSR
glCanvas.js:1127 [BENCHMARK] 1654769624394,CSR
glCanvas.js:1127 [BENCHMARK] 1654769624396,CSR
glCanvas.js:1127 [BENCHMARK] 1654769624397,CSR
glCanvas.js:1127 [BENCHMARK] 1654769624399,CSR
glCanvas.js:1127 [BENCHMARK] 1654769624401,CSR
glCanvas.js:1127 [BENCHMARK] 1654769624402,CSR
glCanvas.js:1127 [BENCHMARK] 1654769624404,CSR
glCanvas.js:1127 [BENCHMARK] 1654769624406,CSR
glCanvas.js:1127 [BENCHMARK] 1654769624407,CSR
glCanvas.js:1127 [BENCHMARK] 1654769624409,CSR
glCanvas.js:1127 [BENCHMARK] 1654769624410,CSR
glCanvas.js:1127 [BENCHMARK] 1654769624414,CSR
glCanvas.js:1127 [BENCHMARK] 1654769624415,CSR
glCanvas.js:1127 [BENCHMARK] 1654769624593,CSR
glCanvas.js:1127 [BENCHMARK] 1654769624595,CSR
glCanvas.js:1127 [BENCHMARK] 1654769624624,CSR
glCanvas.js:1127 [BENCHMARK] 1654769624626,CSR
glCanvas.js:1127 [BENCHMARK] 1654769624655,CSR
glCanvas.js:1127 [BENCHMARK] 1654769624657,CSR
glCanvas.js:1127 [BENCHMARK] 1654769624686,CSR
glCanvas.js:1127 [BENCHMARK] 1654769624688,CSR
glCanvas.js:1127 [BENCHMARK] 1654769624717,CSR
glCanvas.js:1127 [BENCHMARK] 1654769624719,CSR
glCanvas.js:1107 [BENCHMARK] 1654769624749,X
glCanvas.js:1107 [BENCHMARK] 1654769624751,X
glCanvas.js:1107 [BENCHMARK] 1654769624778,X
glCanvas.js:1107 [BENCHMARK] 1654769624780,X
glCanvas.js:1107 [BENCHMARK] 1654769624809,X
glCanvas.js:1107 [BENCHMARK] 1654769624810,X
glCanvas.js:1107 [BENCHMARK] 1654769624840,X
glCanvas.js:1107 [BENCHMARK] 1654769624841,X
glCanvas.js:1107 [BENCHMARK] 1654769624871,X
glCanvas.js:1107 [BENCHMARK] 1654769624872,X
glCanvas.js:1107 [BENCHMARK] 1654769624906,X
glCanvas.js:1107 [BENCHMARK] 1654769624910,X
glCanvas.js:1107 [BENCHMARK] 1654769624927,X
glCanvas.js:1107 [BENCHMARK] 1654769624932,X
glCanvas.js:1107 [BENCHMARK] 1654769624938,X
glCanvas.js:1107 [BENCHMARK] 1654769625091,X
glCanvas.js:1107 [BENCHMARK] 1654769625096,X
glCanvas.js:1107 [BENCHMARK] 1654769625104,X
glCanvas.js:1107 [BENCHMARK] 1654769625108,X
glCanvas.js:1107 [BENCHMARK] 1654769625109,X
glCanvas.js:1107 [BENCHMARK] 1654769625115,X
glCanvas.js:1107 [BENCHMARK] 1654769625124,X
glCanvas.js:1107 [BENCHMARK] 1654769625138,X
glCanvas.js:1107 [BENCHMARK] 1654769625139,X
glCanvas.js:1107 [BENCHMARK] 1654769625170,X
glCanvas.js:1107 [BENCHMARK] 1654769625173,X
glCanvas.js:1107 [BENCHMARK] 1654769625201,X
glCanvas.js:1107 [BENCHMARK] 1654769625204,X
glCanvas.js:1107 [BENCHMARK] 1654769625233,X
glCanvas.js:1107 [BENCHMARK] 1654769625235,X
glCanvas.js:1107 [BENCHMARK] 1654769625263,X
glCanvas.js:1107 [BENCHMARK] 1654769625264,X
glCanvas.js:1107 [BENCHMARK] 1654769625274,X
glCanvas.js:1107 [BENCHMARK] 1654769625294,X
glCanvas.js:1107 [BENCHMARK] 1654769625295,X
glCanvas.js:1107 [BENCHMARK] 1654769625326,X
glCanvas.js:1107 [BENCHMARK] 1654769625328,X
glCanvas.js:1107 [BENCHMARK] 1654769625358,X
glCanvas.js:1107 [BENCHMARK] 1654769625360,X
glCanvas.js:1107 [BENCHMARK] 1654769625390,X
glCanvas.js:1107 [BENCHMARK] 1654769625392,X
glCanvas.js:1107 [BENCHMARK] 1654769625642,X
glCanvas.js:1127 [BENCHMARK] 1654769625971,SSR
glCanvas.js:1127 [BENCHMARK] 1654769626002,CSR
glCanvas.js:1127 [BENCHMARK] 1654769626007,CSR
glCanvas.js:1127 [BENCHMARK] 1654769626012,CSR
glCanvas.js:1127 [BENCHMARK] 1654769626030,CSR
glCanvas.js:1127 [BENCHMARK] 1654769626034,CSR
glCanvas.js:1127 [BENCHMARK] 1654769626039,CSR
glCanvas.js:1127 [BENCHMARK] 1654769626056,CSR
glCanvas.js:1127 [BENCHMARK] 1654769626060,CSR
glCanvas.js:1127 [BENCHMARK] 1654769626064,CSR
glCanvas.js:1127 [BENCHMARK] 1654769626425,CSR
glCanvas.js:1127 [BENCHMARK] 1654769626526,CSR
glCanvas.js:1127 [BENCHMARK] 1654769626626,CSR
glCanvas.js:1127 [BENCHMARK] 1654769626652,CSR
glCanvas.js:1127 [BENCHMARK] 1654769626727,CSR
glCanvas.js:1107 [BENCHMARK] 1654769626828,X
glCanvas.js:1107 [BENCHMARK] 1654769626855,X
glCanvas.js:1107 [BENCHMARK] 1654769626860,X
glCanvas.js:1107 [BENCHMARK] 1654769626865,X
glCanvas.js:1107 [BENCHMARK] 1654769626871,X
glCanvas.js:1107 [BENCHMARK] 1654769626883,X
glCanvas.js:1107 [BENCHMARK] 1654769626895,X
glCanvas.js:1107 [BENCHMARK] 1654769626931,X
glCanvas.js:1107 [BENCHMARK] 1654769626933,X
glCanvas.js:1127 [BENCHMARK] 1654769627030,SSR
glCanvas.js:1127 [BENCHMARK] 1654769627282,SSR
glCanvas.js:1127 [BENCHMARK] 1654769627636,CSR
glCanvas.js:1127 [BENCHMARK] 1654769627641,CSR
glCanvas.js:1127 [BENCHMARK] 1654769627646,CSR
glCanvas.js:1127 [BENCHMARK] 1654769627653,CSR
glCanvas.js:1127 [BENCHMARK] 1654769627660,CSR
glCanvas.js:1127 [BENCHMARK] 1654769627665,CSR
glCanvas.js:1127 [BENCHMARK] 1654769627669,CSR
glCanvas.js:1127 [BENCHMARK] 1654769627680,CSR
glCanvas.js:1127 [BENCHMARK] 1654769627684,CSR
glCanvas.js:1127 [BENCHMARK] 1654769627688,CSR
glCanvas.js:1127 [BENCHMARK] 1654769628283,CSR
glCanvas.js:1127 [BENCHMARK] 1654769628289,CSR
glCanvas.js:1127 [BENCHMARK] 1654769628293,CSR
glCanvas.js:1127 [BENCHMARK] 1654769628297,CSR
glCanvas.js:1127 [BENCHMARK] 1654769628524,CSR
glCanvas.js:1127 [BENCHMARK] 1654769628529,CSR
glCanvas.js:1127 [BENCHMARK] 1654769628533,CSR
glCanvas.js:1127 [BENCHMARK] 1654769628542,CSR
glCanvas.js:1127 [BENCHMARK] 1654769628545,CSR
glCanvas.js:1127 [BENCHMARK] 1654769628548,CSR
glCanvas.js:1127 [BENCHMARK] 1654769628562,CSR
glCanvas.js:1127 [BENCHMARK] 1654769628621,CSR
glCanvas.js:1127 [BENCHMARK] 1654769628626,CSR
glCanvas.js:1127 [BENCHMARK] 1654769628630,CSR
glCanvas.js:1127 [BENCHMARK] 1654769628634,CSR
glCanvas.js:1127 [BENCHMARK] 1654769628644,CSR
glCanvas.js:1127 [BENCHMARK] 1654769628647,CSR
glCanvas.js:1127 [BENCHMARK] 1654769628651,CSR
glCanvas.js:1127 [BENCHMARK] 1654769628664,CSR
glCanvas.js:1127 [BENCHMARK] 1654769628669,CSR
glCanvas.js:1127 [BENCHMARK] 1654769628673,CSR
glCanvas.js:1127 [BENCHMARK] 1654769628678,CSR
glCanvas.js:1127 [BENCHMARK] 1654769628707,CSR
glCanvas.js:1127 [BENCHMARK] 1654769628710,CSR
glCanvas.js:1127 [BENCHMARK] 1654769629345,CSR
glCanvas.js:1127 [BENCHMARK] 1654769629359,CSR
glCanvas.js:1127 [BENCHMARK] 1654769629364,CSR
glCanvas.js:1127 [BENCHMARK] 1654769629368,CSR
glCanvas.js:1127 [BENCHMARK] 1654769629373,CSR
glCanvas.js:1127 [BENCHMARK] 1654769629392,CSR
glCanvas.js:1127 [BENCHMARK] 1654769629397,CSR
glCanvas.js:1127 [BENCHMARK] 1654769629400,CSR
glCanvas.js:1127 [BENCHMARK] 1654769629417,CSR
glCanvas.js:1127 [BENCHMARK] 1654769629420,CSR
glCanvas.js:1127 [BENCHMARK] 1654769629423,CSR
glCanvas.js:1127 [BENCHMARK] 1654769629436,CSR
glCanvas.js:1127 [BENCHMARK] 1654769629440,CSR
glCanvas.js:1127 [BENCHMARK] 1654769629443,CSR
glCanvas.js:1127 [BENCHMARK] 1654769629464,CSR
glCanvas.js:1127 [BENCHMARK] 1654769629467,CSR
glCanvas.js:1127 [BENCHMARK] 1654769629470,CSR
glCanvas.js:1127 [BENCHMARK] 1654769629486,CSR
glCanvas.js:1127 [BENCHMARK] 1654769629489,CSR
glCanvas.js:1127 [BENCHMARK] 1654769629492,CSR
glCanvas.js:1127 [BENCHMARK] 1654769629551,CSR
glCanvas.js:1127 [BENCHMARK] 1654769629566,CSR
glCanvas.js:1127 [BENCHMARK] 1654769629579,CSR
glCanvas.js:1127 [BENCHMARK] 1654769629584,CSR
glCanvas.js:1127 [BENCHMARK] 1654769629588,CSR
glCanvas.js:1127 [BENCHMARK] 1654769629633,CSR
glCanvas.js:1127 [BENCHMARK] 1654769629641,CSR
glCanvas.js:1127 [BENCHMARK] 1654769629645,CSR
glCanvas.js:1127 [BENCHMARK] 1654769629651,CSR
glCanvas.js:1127 [BENCHMARK] 1654769629655,CSR
glCanvas.js:1127 [BENCHMARK] 1654769629677,CSR
glCanvas.js:1127 [BENCHMARK] 1654769629681,CSR
glCanvas.js:1127 [BENCHMARK] 1654769629685,CSR
glCanvas.js:1127 [BENCHMARK] 1654769629698,CSR
glCanvas.js:1127 [BENCHMARK] 1654769629717,CSR
glCanvas.js:1127 [BENCHMARK] 1654769629724,CSR
glCanvas.js:1127 [BENCHMARK] 1654769629728,CSR
glCanvas.js:1127 [BENCHMARK] 1654769629733,CSR
glCanvas.js:1127 [BENCHMARK] 1654769629744,CSR
glCanvas.js:1127 [BENCHMARK] 1654769629747,CSR
glCanvas.js:1127 [BENCHMARK] 1654769629758,CSR
glCanvas.js:1127 [BENCHMARK] 1654769629774,CSR
glCanvas.js:1127 [BENCHMARK] 1654769629794,CSR
glCanvas.js:1127 [BENCHMARK] 1654769629798,CSR
glCanvas.js:1127 [BENCHMARK] 1654769629801,CSR
glCanvas.js:1127 [BENCHMARK] 1654769629839,CSR
glCanvas.js:1127 [BENCHMARK] 1654769629850,CSR
glCanvas.js:1127 [BENCHMARK] 1654769629858,CSR
glCanvas.js:1127 [BENCHMARK] 1654769629866,CSR
glCanvas.js:1127 [BENCHMARK] 1654769629871,CSR
glCanvas.js:1127 [BENCHMARK] 1654769629898,CSR
glCanvas.js:1127 [BENCHMARK] 1654769629903,CSR
glCanvas.js:1127 [BENCHMARK] 1654769629908,CSR
glCanvas.js:1127 [BENCHMARK] 1654769629927,CSR
glCanvas.js:1127 [BENCHMARK] 1654769629998,CSR
glCanvas.js:1127 [BENCHMARK] 1654769630010,CSR
glCanvas.js:1127 [BENCHMARK] 1654769630024,CSR
glCanvas.js:1127 [BENCHMARK] 1654769630032,CSR
glCanvas.js:1127 [BENCHMARK] 1654769630039,CSR
glCanvas.js:1127 [BENCHMARK] 1654769630052,CSR
glCanvas.js:1127 [BENCHMARK] 1654769630060,CSR
glCanvas.js:1127 [BENCHMARK] 1654769630067,CSR
glCanvas.js:1127 [BENCHMARK] 1654769630086,CSR
glCanvas.js:1127 [BENCHMARK] 1654769630107,CSR
glCanvas.js:1127 [BENCHMARK] 1654769630145,CSR
glCanvas.js:1127 [BENCHMARK] 1654769630155,CSR
glCanvas.js:1127 [BENCHMARK] 1654769630162,CSR
glCanvas.js:1127 [BENCHMARK] 1654769630607,CSR
glCanvas.js:1127 [BENCHMARK] 1654769630609,CSR
glCanvas.js:1127 [BENCHMARK] 1654769630613,CSR
glCanvas.js:1127 [BENCHMARK] 1654769630615,CSR
glCanvas.js:1127 [BENCHMARK] 1654769630753,CSR
glCanvas.js:1127 [BENCHMARK] 1654769630755,CSR
glCanvas.js:1127 [BENCHMARK] 1654769630956,CSR
glCanvas.js:1127 [BENCHMARK] 1654769630961,CSR
glCanvas.js:1127 [BENCHMARK] 1654769631209,CSR
glCanvas.js:1127 [BENCHMARK] 1654769631575,CSR
glCanvas.js:1127 [BENCHMARK] 1654769631583,CSR
glCanvas.js:1127 [BENCHMARK] 1654769631593,CSR
glCanvas.js:1127 [BENCHMARK] 1654769631598,CSR
glCanvas.js:1127 [BENCHMARK] 1654769631616,CSR
glCanvas.js:1127 [BENCHMARK] 1654769631620,CSR
glCanvas.js:1127 [BENCHMARK] 1654769631625,CSR
glCanvas.js:1127 [BENCHMARK] 1654769631644,CSR
glCanvas.js:1127 [BENCHMARK] 1654769631651,CSR
glCanvas.js:1127 [BENCHMARK] 1654769631656,CSR
glCanvas.js:1127 [BENCHMARK] 1654769632217,CSR
glCanvas.js:1127 [BENCHMARK] 1654769632410,CSR
glCanvas.js:1127 [BENCHMARK] 1654769632415,CSR
glCanvas.js:1127 [BENCHMARK] 1654769632419,CSR
glCanvas.js:1127 [BENCHMARK] 1654769632424,CSR
glCanvas.js:1127 [BENCHMARK] 1654769632444,CSR
glCanvas.js:1127 [BENCHMARK] 1654769632447,CSR
glCanvas.js:1127 [BENCHMARK] 1654769632451,CSR
glCanvas.js:1127 [BENCHMARK] 1654769632464,CSR
glCanvas.js:1127 [BENCHMARK] 1654769632467,CSR
glCanvas.js:1127 [BENCHMARK] 1654769632470,CSR
glCanvas.js:1127 [BENCHMARK] 1654769632566,CSR
glCanvas.js:1127 [BENCHMARK] 1654769632572,CSR
glCanvas.js:1127 [BENCHMARK] 1654769632577,CSR
glCanvas.js:1127 [BENCHMARK] 1654769632593,CSR
glCanvas.js:1127 [BENCHMARK] 1654769632598,CSR
glCanvas.js:1127 [BENCHMARK] 1654769632604,CSR
glCanvas.js:1127 [BENCHMARK] 1654769632616,CSR
glCanvas.js:1127 [BENCHMARK] 1654769632620,CSR
glCanvas.js:1127 [BENCHMARK] 1654769632624,CSR
glCanvas.js:1127 [BENCHMARK] 1654769632641,CSR
glCanvas.js:1127 [BENCHMARK] 1654769633199,CSR
glCanvas.js:1127 [BENCHMARK] 1654769633222,CSR
glCanvas.js:1127 [BENCHMARK] 1654769633226,CSR
glCanvas.js:1127 [BENCHMARK] 1654769633230,CSR
glCanvas.js:1127 [BENCHMARK] 1654769633242,CSR
glCanvas.js:1127 [BENCHMARK] 1654769633246,CSR
glCanvas.js:1127 [BENCHMARK] 1654769633250,CSR
glCanvas.js:1127 [BENCHMARK] 1654769633263,CSR
glCanvas.js:1127 [BENCHMARK] 1654769633267,CSR
glCanvas.js:1127 [BENCHMARK] 1654769633274,CSR
glCanvas.js:1127 [BENCHMARK] 1654769633287,CSR
glCanvas.js:1127 [BENCHMARK] 1654769633291,CSR
glCanvas.js:1127 [BENCHMARK] 1654769633294,CSR
glCanvas.js:1127 [BENCHMARK] 1654769633311,CSR
glCanvas.js:1127 [BENCHMARK] 1654769633314,CSR
glCanvas.js:1127 [BENCHMARK] 1654769633317,CSR
glCanvas.js:1127 [BENCHMARK] 1654769633333,CSR
glCanvas.js:1127 [BENCHMARK] 1654769633336,CSR
glCanvas.js:1127 [BENCHMARK] 1654769633341,CSR
glCanvas.js:1127 [BENCHMARK] 1654769633344,CSR
glCanvas.js:1127 [BENCHMARK] 1654769633408,CSR
glCanvas.js:1127 [BENCHMARK] 1654769633435,CSR
glCanvas.js:1127 [BENCHMARK] 1654769633438,CSR
glCanvas.js:1127 [BENCHMARK] 1654769633443,CSR
glCanvas.js:1127 [BENCHMARK] 1654769633458,CSR
glCanvas.js:1127 [BENCHMARK] 1654769633462,CSR
glCanvas.js:1127 [BENCHMARK] 1654769633465,CSR
glCanvas.js:1127 [BENCHMARK] 1654769633519,CSR
glCanvas.js:1127 [BENCHMARK] 1654769633553,CSR
glCanvas.js:1127 [BENCHMARK] 1654769633559,CSR
glCanvas.js:1127 [BENCHMARK] 1654769633562,CSR
glCanvas.js:1127 [BENCHMARK] 1654769633575,CSR
glCanvas.js:1127 [BENCHMARK] 1654769633581,CSR
glCanvas.js:1127 [BENCHMARK] 1654769633584,CSR
glCanvas.js:1127 [BENCHMARK] 1654769633588,CSR
glCanvas.js:1127 [BENCHMARK] 1654769633606,CSR
glCanvas.js:1127 [BENCHMARK] 1654769633609,CSR
glCanvas.js:1127 [BENCHMARK] 1654769633612,CSR
glCanvas.js:1127 [BENCHMARK] 1654769633625,CSR
glCanvas.js:1127 [BENCHMARK] 1654769633628,CSR
glCanvas.js:1127 [BENCHMARK] 1654769633640,CSR
glCanvas.js:1127 [BENCHMARK] 1654769633653,CSR
glCanvas.js:1127 [BENCHMARK] 1654769633657,CSR
glCanvas.js:1127 [BENCHMARK] 1654769633661,CSR
glCanvas.js:1127 [BENCHMARK] 1654769633676,CSR
glCanvas.js:1127 [BENCHMARK] 1654769633679,CSR
glCanvas.js:1127 [BENCHMARK] 1654769633682,CSR
glCanvas.js:1127 [BENCHMARK] 1654769633732,CSR
glCanvas.js:1127 [BENCHMARK] 1654769633766,CSR
glCanvas.js:1127 [BENCHMARK] 1654769633779,CSR
glCanvas.js:1127 [BENCHMARK] 1654769633786,CSR
glCanvas.js:1127 [BENCHMARK] 1654769633803,CSR
glCanvas.js:1127 [BENCHMARK] 1654769633833,CSR
glCanvas.js:1127 [BENCHMARK] 1654769633856,CSR
glCanvas.js:1127 [BENCHMARK] 1654769633867,CSR
glCanvas.js:1127 [BENCHMARK] 1654769633896,CSR
glCanvas.js:1127 [BENCHMARK] 1654769633901,CSR
glCanvas.js:1127 [BENCHMARK] 1654769633909,CSR
glCanvas.js:1127 [BENCHMARK] 1654769633930,CSR
glCanvas.js:1127 [BENCHMARK] 1654769633943,CSR
glCanvas.js:1127 [BENCHMARK] 1654769633949,CSR
glCanvas.js:1127 [BENCHMARK] 1654769634005,CSR
glCanvas.js:1127 [BENCHMARK] 1654769634022,CSR
glCanvas.js:1127 [BENCHMARK] 1654769634032,CSR
glCanvas.js:1127 [BENCHMARK] 1654769634053,CSR
glCanvas.js:1127 [BENCHMARK] 1654769634062,CSR
glCanvas.js:1127 [BENCHMARK] 1654769634073,CSR
glCanvas.js:1127 [BENCHMARK] 1654769634100,CSR
glCanvas.js:1127 [BENCHMARK] 1654769634119,CSR
glCanvas.js:1127 [BENCHMARK] 1654769634143,CSR
glCanvas.js:1127 [BENCHMARK] 1654769634168,CSR
glCanvas.js:1127 [BENCHMARK] 1654769634174,CSR
glCanvas.js:1127 [BENCHMARK] 1654769634180,CSR
glCanvas.js:1127 [BENCHMARK] 1654769634192,CSR
glCanvas.js:1127 [BENCHMARK] 1654769634199,CSR
glCanvas.js:1127 [BENCHMARK] 1654769634205,CSR
glCanvas.js:1127 [BENCHMARK] 1654769634218,CSR
glCanvas.js:1127 [BENCHMARK] 1654769634223,CSR
glCanvas.js:1127 [BENCHMARK] 1654769634229,CSR
glCanvas.js:1127 [BENCHMARK] 1654769634248,CSR
glCanvas.js:1127 [BENCHMARK] 1654769634267,CSR
glCanvas.js:1127 [BENCHMARK] 1654769634293,CSR
glCanvas.js:1127 [BENCHMARK] 1654769634348,CSR
glCanvas.js:1127 [BENCHMARK] 1654769634354,CSR
glCanvas.js:1127 [BENCHMARK] 1654769634359,CSR
glCanvas.js:1127 [BENCHMARK] 1654769634373,CSR
glCanvas.js:1127 [BENCHMARK] 1654769634378,CSR
glCanvas.js:1127 [BENCHMARK] 1654769634385,CSR
glCanvas.js:1127 [BENCHMARK] 1654769634392,CSR
glCanvas.js:1127 [BENCHMARK] 1654769634397,CSR
glCanvas.js:1127 [BENCHMARK] 1654769634424,CSR
glCanvas.js:1127 [BENCHMARK] 1654769634428,CSR
glCanvas.js:1127 [BENCHMARK] 1654769634432,CSR
glCanvas.js:1127 [BENCHMARK] 1654769634438,CSR
glCanvas.js:1127 [BENCHMARK] 1654769634471,CSR
glCanvas.js:1127 [BENCHMARK] 1654769634475,CSR
glCanvas.js:1127 [BENCHMARK] 1654769634479,CSR
glCanvas.js:1127 [BENCHMARK] 1654769634493,CSR
glCanvas.js:1127 [BENCHMARK] 1654769634496,CSR
glCanvas.js:1127 [BENCHMARK] 1654769634510,CSR
glCanvas.js:1127 [BENCHMARK] 1654769634514,CSR
glCanvas.js:1127 [BENCHMARK] 1654769634519,CSR
glCanvas.js:1127 [BENCHMARK] 1654769634567,CSR
glCanvas.js:1127 [BENCHMARK] 1654769634571,CSR
glCanvas.js:1127 [BENCHMARK] 1654769634574,CSR
glCanvas.js:1127 [BENCHMARK] 1654769634597,CSR
glCanvas.js:1127 [BENCHMARK] 1654769634607,CSR
glCanvas.js:1127 [BENCHMARK] 1654769634611,CSR
glCanvas.js:1127 [BENCHMARK] 1654769634615,CSR
glCanvas.js:1127 [BENCHMARK] 1654769634630,CSR
glCanvas.js:1127 [BENCHMARK] 1654769634648,CSR
glCanvas.js:1127 [BENCHMARK] 1654769634651,CSR
glCanvas.js:1127 [BENCHMARK] 1654769634655,CSR
glCanvas.js:1127 [BENCHMARK] 1654769634679,CSR
glCanvas.js:1127 [BENCHMARK] 1654769634699,CSR
glCanvas.js:1127 [BENCHMARK] 1654769634703,CSR
glCanvas.js:1127 [BENCHMARK] 1654769634708,CSR
glCanvas.js:1127 [BENCHMARK] 1654769634712,CSR
glCanvas.js:1127 [BENCHMARK] 1654769634716,CSR
glCanvas.js:1127 [BENCHMARK] 1654769634758,CSR
glCanvas.js:1127 [BENCHMARK] 1654769634763,CSR
glCanvas.js:1127 [BENCHMARK] 1654769634768,CSR
glCanvas.js:1127 [BENCHMARK] 1654769634780,CSR
glCanvas.js:1127 [BENCHMARK] 1654769634784,CSR
glCanvas.js:1127 [BENCHMARK] 1654769634801,CSR
glCanvas.js:1127 [BENCHMARK] 1654769634813,CSR
glCanvas.js:1127 [BENCHMARK] 1654769634818,CSR
glCanvas.js:1127 [BENCHMARK] 1654769634825,CSR
glCanvas.js:1127 [BENCHMARK] 1654769634829,CSR
glCanvas.js:1127 [BENCHMARK] 1654769634839,CSR
glCanvas.js:1127 [BENCHMARK] 1654769634857,CSR
glCanvas.js:1127 [BENCHMARK] 1654769634861,CSR
glCanvas.js:1127 [BENCHMARK] 1654769634867,CSR
glCanvas.js:1127 [BENCHMARK] 1654769634892,CSR
glCanvas.js:1127 [BENCHMARK] 1654769634915,CSR
glCanvas.js:1127 [BENCHMARK] 1654769634919,CSR
glCanvas.js:1127 [BENCHMARK] 1654769634928,CSR
glCanvas.js:1127 [BENCHMARK] 1654769634932,CSR
glCanvas.js:1127 [BENCHMARK] 1654769634945,CSR
glCanvas.js:1127 [BENCHMARK] 1654769634965,CSR
glCanvas.js:1127 [BENCHMARK] 1654769634981,CSR
glCanvas.js:1127 [BENCHMARK] 1654769634987,CSR
glCanvas.js:1127 [BENCHMARK] 1654769634994,CSR
glCanvas.js:1127 [BENCHMARK] 1654769635014,CSR
glCanvas.js:1127 [BENCHMARK] 1654769635045,CSR
glCanvas.js:1127 [BENCHMARK] 1654769635051,CSR
glCanvas.js:1127 [BENCHMARK] 1654769635055,CSR
glCanvas.js:1127 [BENCHMARK] 1654769635059,CSR
glCanvas.js:1127 [BENCHMARK] 1654769635077,CSR
glCanvas.js:1127 [BENCHMARK] 1654769635080,CSR
glCanvas.js:1127 [BENCHMARK] 1654769635098,CSR
glCanvas.js:1127 [BENCHMARK] 1654769635103,CSR
glCanvas.js:1127 [BENCHMARK] 1654769635107,CSR
glCanvas.js:1127 [BENCHMARK] 1654769635121,CSR
glCanvas.js:1127 [BENCHMARK] 1654769635139,CSR
glCanvas.js:1127 [BENCHMARK] 1654769635144,CSR
glCanvas.js:1127 [BENCHMARK] 1654769635147,CSR
glCanvas.js:1127 [BENCHMARK] 1654769635159,CSR
glCanvas.js:1127 [BENCHMARK] 1654769635165,CSR
glCanvas.js:1127 [BENCHMARK] 1654769635193,CSR
glCanvas.js:1127 [BENCHMARK] 1654769635197,CSR
glCanvas.js:1127 [BENCHMARK] 1654769635213,CSR
glCanvas.js:1127 [BENCHMARK] 1654769635218,CSR
glCanvas.js:1127 [BENCHMARK] 1654769635224,CSR
glCanvas.js:1127 [BENCHMARK] 1654769635244,CSR
glCanvas.js:1127 [BENCHMARK] 1654769635254,CSR
glCanvas.js:1127 [BENCHMARK] 1654769635260,CSR
glCanvas.js:1127 [BENCHMARK] 1654769635266,CSR
glCanvas.js:1127 [BENCHMARK] 1654769635268,SSR
glCanvas.js:1127 [BENCHMARK] 1654769635293,SSR
glCanvas.js:1127 [BENCHMARK] 1654769635420,SSR
glCanvas.js:1127 [BENCHMARK] 1654769635471,CSR
glCanvas.js:1127 [BENCHMARK] 1654769635475,CSR
glCanvas.js:1127 [BENCHMARK] 1654769635481,CSR
glCanvas.js:1127 [BENCHMARK] 1654769635486,CSR
glCanvas.js:1127 [BENCHMARK] 1654769635491,CSR
glCanvas.js:1127 [BENCHMARK] 1654769635507,CSR
glCanvas.js:1127 [BENCHMARK] 1654769635511,CSR
glCanvas.js:1127 [BENCHMARK] 1654769635514,CSR
glCanvas.js:1127 [BENCHMARK] 1654769635531,CSR
glCanvas.js:1127 [BENCHMARK] 1654769635536,CSR
glCanvas.js:1127 [BENCHMARK] 1654769635539,CSR
glCanvas.js:1127 [BENCHMARK] 1654769635556,CSR
glCanvas.js:1127 [BENCHMARK] 1654769635561,CSR
glCanvas.js:1127 [BENCHMARK] 1654769635904,CSR
glCanvas.js:1127 [BENCHMARK] 1654769636129,CSR
glCanvas.js:1127 [BENCHMARK] 1654769636478,CSR
glCanvas.js:1127 [BENCHMARK] 1654769636481,CSR
glCanvas.js:1127 [BENCHMARK] 1654769636487,CSR
glCanvas.js:1127 [BENCHMARK] 1654769636492,CSR
glCanvas.js:1127 [BENCHMARK] 1654769636511,CSR
glCanvas.js:1127 [BENCHMARK] 1654769636513,CSR
glCanvas.js:1127 [BENCHMARK] 1654769636517,CSR
glCanvas.js:1127 [BENCHMARK] 1654769636521,CSR
glCanvas.js:1127 [BENCHMARK] 1654769636558,CSR
glCanvas.js:1127 [BENCHMARK] 1654769636565,CSR
glCanvas.js:1127 [BENCHMARK] 1654769636570,CSR
glCanvas.js:1127 [BENCHMARK] 1654769636595,CSR
glCanvas.js:1127 [BENCHMARK] 1654769636597,CSR
glCanvas.js:1127 [BENCHMARK] 1654769636605,CSR
glCanvas.js:1127 [BENCHMARK] 1654769636610,CSR
glCanvas.js:1127 [BENCHMARK] 1654769636616,CSR
glCanvas.js:1127 [BENCHMARK] 1654769636620,CSR
glCanvas.js:1127 [BENCHMARK] 1654769636689,CSR
glCanvas.js:1127 [BENCHMARK] 1654769636691,CSR
glCanvas.js:1127 [BENCHMARK] 1654769636817,CSR
glCanvas.js:1127 [BENCHMARK] 1654769636824,CSR
glCanvas.js:1127 [BENCHMARK] 1654769636832,CSR
glCanvas.js:1127 [BENCHMARK] 1654769636913,CSR
glCanvas.js:1127 [BENCHMARK] 1654769636938,CSR
glCanvas.js:1127 [BENCHMARK] 1654769636941,CSR
glCanvas.js:1127 [BENCHMARK] 1654769637096,CSR
glCanvas.js:1127 [BENCHMARK] 1654769637099,CSR
glCanvas.js:1127 [BENCHMARK] 1654769637102,CSR
glCanvas.js:1127 [BENCHMARK] 1654769637115,CSR
glCanvas.js:1127 [BENCHMARK] 1654769637130,CSR
glCanvas.js:1127 [BENCHMARK] 1654769637142,CSR
glCanvas.js:1127 [BENCHMARK] 1654769637411,CSR
glCanvas.js:1127 [BENCHMARK] 1654769637614,CSR
glCanvas.js:1127 [BENCHMARK] 1654769637656,CSR
glCanvas.js:1127 [BENCHMARK] 1654769637661,CSR
glCanvas.js:1127 [BENCHMARK] 1654769637671,CSR
glCanvas.js:1127 [BENCHMARK] 1654769637697,CSR
glCanvas.js:1127 [BENCHMARK] 1654769637705,CSR
glCanvas.js:1127 [BENCHMARK] 1654769637734,CSR
glCanvas.js:1127 [BENCHMARK] 1654769637741,CSR
glCanvas.js:1127 [BENCHMARK] 1654769637746,CSR
glCanvas.js:1127 [BENCHMARK] 1654769637751,CSR
glCanvas.js:1127 [BENCHMARK] 1654769637784,CSR
glCanvas.js:1127 [BENCHMARK] 1654769637795,CSR
glCanvas.js:1127 [BENCHMARK] 1654769637863,CSR
glCanvas.js:1127 [BENCHMARK] 1654769637882,CSR
glCanvas.js:1127 [BENCHMARK] 1654769637918,CSR
glCanvas.js:1127 [BENCHMARK] 1654769637929,CSR
glCanvas.js:1127 [BENCHMARK] 1654769637938,CSR
glCanvas.js:1127 [BENCHMARK] 1654769637942,CSR
glCanvas.js:1127 [BENCHMARK] 1654769637948,CSR
glCanvas.js:1127 [BENCHMARK] 1654769638129,CSR
glCanvas.js:1127 [BENCHMARK] 1654769638135,CSR
glCanvas.js:1127 [BENCHMARK] 1654769638139,CSR
glCanvas.js:1127 [BENCHMARK] 1654769638155,CSR
glCanvas.js:1127 [BENCHMARK] 1654769638196,CSR
glCanvas.js:1127 [BENCHMARK] 1654769638200,CSR
glCanvas.js:1127 [BENCHMARK] 1654769638203,CSR
glCanvas.js:1127 [BENCHMARK] 1654769638216,CSR
glCanvas.js:1127 [BENCHMARK] 1654769638235,CSR
glCanvas.js:1127 [BENCHMARK] 1654769638239,CSR
glCanvas.js:1127 [BENCHMARK] 1654769638244,CSR
glCanvas.js:1127 [BENCHMARK] 1654769638284,CSR
glCanvas.js:1127 [BENCHMARK] 1654769638468,CSR
glCanvas.js:1127 [BENCHMARK] 1654769638476,CSR
glCanvas.js:1127 [BENCHMARK] 1654769638481,CSR
glCanvas.js:1127 [BENCHMARK] 1654769638487,CSR
glCanvas.js:1127 [BENCHMARK] 1654769638546,CSR
glCanvas.js:1127 [BENCHMARK] 1654769638747,CSR
glCanvas.js:1127 [BENCHMARK] 1654769638750,CSR
glCanvas.js:1127 [BENCHMARK] 1654769638777,CSR
glCanvas.js:1127 [BENCHMARK] 1654769638780,CSR
glCanvas.js:1127 [BENCHMARK] 1654769638808,CSR
glCanvas.js:1127 [BENCHMARK] 1654769638811,CSR
glCanvas.js:1127 [BENCHMARK] 1654769638819,CSR
glCanvas.js:1127 [BENCHMARK] 1654769638842,CSR
glCanvas.js:1127 [BENCHMARK] 1654769638844,CSR
glCanvas.js:1127 [BENCHMARK] 1654769638848,CSR
glCanvas.js:1127 [BENCHMARK] 1654769638853,CSR
glCanvas.js:1127 [BENCHMARK] 1654769638873,CSR
glCanvas.js:1127 [BENCHMARK] 1654769638875,CSR
glCanvas.js:1127 [BENCHMARK] 1654769638879,CSR
glCanvas.js:1127 [BENCHMARK] 1654769638884,CSR
glCanvas.js:1127 [BENCHMARK] 1654769638887,CSR
glCanvas.js:1127 [BENCHMARK] 1654769638909,CSR
glCanvas.js:1127 [BENCHMARK] 1654769638911,CSR
glCanvas.js:1127 [BENCHMARK] 1654769638914,CSR
glCanvas.js:1127 [BENCHMARK] 1654769638917,CSR
glCanvas.js:1127 [BENCHMARK] 1654769638942,CSR
glCanvas.js:1127 [BENCHMARK] 1654769638945,CSR
glCanvas.js:1127 [BENCHMARK] 1654769639062,CSR
glCanvas.js:1127 [BENCHMARK] 1654769639064,CSR
glCanvas.js:1127 [BENCHMARK] 1654769639067,CSR
glCanvas.js:1127 [BENCHMARK] 1654769639069,CSR
glCanvas.js:1127 [BENCHMARK] 1654769639072,CSR
glCanvas.js:1127 [BENCHMARK] 1654769639075,CSR
glCanvas.js:1127 [BENCHMARK] 1654769639078,CSR
glCanvas.js:1127 [BENCHMARK] 1654769639080,CSR
glCanvas.js:1127 [BENCHMARK] 1654769639099,CSR
glCanvas.js:1127 [BENCHMARK] 1654769639101,CSR
glCanvas.js:1127 [BENCHMARK] 1654769639122,CSR
glCanvas.js:1127 [BENCHMARK] 1654769639125,CSR
glCanvas.js:1127 [BENCHMARK] 1654769639358,CSR
glCanvas.js:1127 [BENCHMARK] 1654769639361,CSR
glCanvas.js:1127 [BENCHMARK] 1654769639370,CSR
glCanvas.js:1127 [BENCHMARK] 1654769639373,CSR
glCanvas.js:1127 [BENCHMARK] 1654769639383,CSR
glCanvas.js:1127 [BENCHMARK] 1654769639385,CSR
glCanvas.js:1127 [BENCHMARK] 1654769639396,CSR
glCanvas.js:1127 [BENCHMARK] 1654769639398,CSR
glCanvas.js:1127 [BENCHMARK] 1654769639409,CSR
glCanvas.js:1127 [BENCHMARK] 1654769639411,CSR
glCanvas.js:1127 [BENCHMARK] 1654769639422,CSR
glCanvas.js:1127 [BENCHMARK] 1654769639424,CSR
glCanvas.js:1127 [BENCHMARK] 1654769639434,CSR
glCanvas.js:1127 [BENCHMARK] 1654769639436,CSR
glCanvas.js:1127 [BENCHMARK] 1654769639448,CSR
glCanvas.js:1127 [BENCHMARK] 1654769639450,CSR
glCanvas.js:1127 [BENCHMARK] 1654769639460,CSR
glCanvas.js:1127 [BENCHMARK] 1654769639462,CSR
glCanvas.js:1127 [BENCHMARK] 1654769639473,CSR
glCanvas.js:1127 [BENCHMARK] 1654769639475,CSR
glCanvas.js:1127 [BENCHMARK] 1654769639691,CSR
glCanvas.js:1127 [BENCHMARK] 1654769639693,CSR
glCanvas.js:1127 [BENCHMARK] 1654769639704,CSR
glCanvas.js:1127 [BENCHMARK] 1654769639705,CSR
glCanvas.js:1127 [BENCHMARK] 1654769639717,CSR
glCanvas.js:1127 [BENCHMARK] 1654769639720,CSR
glCanvas.js:1127 [BENCHMARK] 1654769639730,CSR
glCanvas.js:1127 [BENCHMARK] 1654769639733,CSR
glCanvas.js:1127 [BENCHMARK] 1654769639743,CSR
glCanvas.js:1127 [BENCHMARK] 1654769639745,CSR
glCanvas.js:1127 [BENCHMARK] 1654769639755,CSR
glCanvas.js:1127 [BENCHMARK] 1654769639757,CSR
glCanvas.js:1127 [BENCHMARK] 1654769639768,CSR
glCanvas.js:1127 [BENCHMARK] 1654769639770,CSR
glCanvas.js:1127 [BENCHMARK] 1654769639782,CSR
glCanvas.js:1127 [BENCHMARK] 1654769639784,CSR
glCanvas.js:1127 [BENCHMARK] 1654769639794,CSR
glCanvas.js:1127 [BENCHMARK] 1654769639796,CSR
glCanvas.js:1127 [BENCHMARK] 1654769639807,CSR
glCanvas.js:1127 [BENCHMARK] 1654769639809,CSR
glCanvas.js:1127 [BENCHMARK] 1654769640057,CSR
glCanvas.js:1127 [BENCHMARK] 1654769640952,CSR
glCanvas.js:1127 [BENCHMARK] 1654769641128,CSR
glCanvas.js:1127 [BENCHMARK] 1654769641349,CSR
glCanvas.js:1127 [BENCHMARK] 1654769641400,CSR
glCanvas.js:1127 [BENCHMARK] 1654769641403,CSR
glCanvas.js:1127 [BENCHMARK] 1654769641406,CSR
glCanvas.js:1127 [BENCHMARK] 1654769641416,CSR
glCanvas.js:1127 [BENCHMARK] 1654769641420,CSR
glCanvas.js:1127 [BENCHMARK] 1654769641423,CSR
glCanvas.js:1127 [BENCHMARK] 1654769641440,CSR
glCanvas.js:1127 [BENCHMARK] 1654769641443,CSR
glCanvas.js:1127 [BENCHMARK] 1654769641602,CSR
glCanvas.js:1127 [BENCHMARK] 1654769641614,CSR
glCanvas.js:1127 [BENCHMARK] 1654769641867,CSR
glCanvas.js:1127 [BENCHMARK] 1654769642018,CSR
glCanvas.js:1127 [BENCHMARK] 1654769642024,CSR
glCanvas.js:1127 [BENCHMARK] 1654769642103,CSR
glCanvas.js:1127 [BENCHMARK] 1654769642177,CSR
glCanvas.js:1127 [BENCHMARK] 1654769642181,CSR
glCanvas.js:1127 [BENCHMARK] 1654769642189,CSR
glCanvas.js:1127 [BENCHMARK] 1654769642203,CSR
glCanvas.js:1127 [BENCHMARK] 1654769642208,CSR
glCanvas.js:1127 [BENCHMARK] 1654769642212,CSR
glCanvas.js:1127 [BENCHMARK] 1654769642231,CSR
glCanvas.js:1127 [BENCHMARK] 1654769642235,CSR
glCanvas.js:1127 [BENCHMARK] 1654769642242,CSR
glCanvas.js:1127 [BENCHMARK] 1654769642295,CSR
glCanvas.js:1127 [BENCHMARK] 1654769642299,CSR
glCanvas.js:1127 [BENCHMARK] 1654769642366,CSR
glCanvas.js:1127 [BENCHMARK] 1654769642386,CSR
glCanvas.js:1127 [BENCHMARK] 1654769642496,CSR
glCanvas.js:1127 [BENCHMARK] 1654769642555,CSR
glCanvas.js:1127 [BENCHMARK] 1654769642558,CSR
glCanvas.js:1127 [BENCHMARK] 1654769642617,CSR
glCanvas.js:1127 [BENCHMARK] 1654769642678,CSR
glCanvas.js:1127 [BENCHMARK] 1654769642691,CSR
glCanvas.js:1127 [BENCHMARK] 1654769642782,CSR
glCanvas.js:1127 [BENCHMARK] 1654769642801,CSR
glCanvas.js:1127 [BENCHMARK] 1654769642805,CSR
glCanvas.js:1127 [BENCHMARK] 1654769642825,CSR
glCanvas.js:1127 [BENCHMARK] 1654769642894,CSR
glCanvas.js:1127 [BENCHMARK] 1654769642896,CSR
glCanvas.js:1127 [BENCHMARK] 1654769642898,CSR
glCanvas.js:1127 [BENCHMARK] 1654769642901,CSR
glCanvas.js:1127 [BENCHMARK] 1654769642903,CSR
glCanvas.js:1127 [BENCHMARK] 1654769642906,CSR
glCanvas.js:1127 [BENCHMARK] 1654769642961,CSR
glCanvas.js:1127 [BENCHMARK] 1654769642963,CSR
glCanvas.js:1127 [BENCHMARK] 1654769642966,CSR
glCanvas.js:1127 [BENCHMARK] 1654769643218,CSR
glCanvas.js:1127 [BENCHMARK] 1654769643521,CSR
glCanvas.js:1127 [BENCHMARK] 1654769643929,CSR
glCanvas.js:1127 [BENCHMARK] 1654769643935,CSR
glCanvas.js:1127 [BENCHMARK] 1654769643939,CSR
glCanvas.js:1127 [BENCHMARK] 1654769643943,CSR
glCanvas.js:1127 [BENCHMARK] 1654769643960,CSR
glCanvas.js:1127 [BENCHMARK] 1654769643964,CSR
glCanvas.js:1127 [BENCHMARK] 1654769643968,CSR
glCanvas.js:1127 [BENCHMARK] 1654769644072,CSR
glCanvas.js:1127 [BENCHMARK] 1654769644082,CSR
glCanvas.js:1127 [BENCHMARK] 1654769644091,CSR
glCanvas.js:1127 [BENCHMARK] 1654769644219,CSR
glCanvas.js:1127 [BENCHMARK] 1654769644955,CSR
glCanvas.js:1127 [BENCHMARK] 1654769644960,CSR
glCanvas.js:1127 [BENCHMARK] 1654769644964,CSR
glCanvas.js:1127 [BENCHMARK] 1654769644967,CSR
glCanvas.js:1127 [BENCHMARK] 1654769644970,CSR
glCanvas.js:1127 [BENCHMARK] 1654769644995,CSR
glCanvas.js:1127 [BENCHMARK] 1654769644999,CSR
glCanvas.js:1127 [BENCHMARK] 1654769645003,CSR
glCanvas.js:1127 [BENCHMARK] 1654769645096,CSR
glCanvas.js:1127 [BENCHMARK] 1654769645099,CSR
glCanvas.js:1127 [BENCHMARK] 1654769645177,CSR
glCanvas.js:1127 [BENCHMARK] 1654769645242,CSR
glCanvas.js:1127 [BENCHMARK] 1654769645312,CSR
glCanvas.js:1127 [BENCHMARK] 1654769645383,CSR
glCanvas.js:1127 [BENCHMARK] 1654769645454,CSR
glCanvas.js:1127 [BENCHMARK] 1654769645524,CSR
glCanvas.js:1127 [BENCHMARK] 1654769645596,CSR
glCanvas.js:1127 [BENCHMARK] 1654769645849,CSR
glCanvas.js:1127 [BENCHMARK] 1654769645964,CSR
glCanvas.js:1127 [BENCHMARK] 1654769646018,CSR
glCanvas.js:1127 [BENCHMARK] 1654769646073,CSR
glCanvas.js:1127 [BENCHMARK] 1654769646174,CSR
glCanvas.js:1127 [BENCHMARK] 1654769646275,CSR
glCanvas.js:1127 [BENCHMARK] 1654769646386,CSR
glCanvas.js:1127 [BENCHMARK] 1654769646491,CSR
glCanvas.js:1127 [BENCHMARK] 1654769646494,SSR
glCanvas.js:1127 [BENCHMARK] 1654769646577,SSR
glCanvas.js:1127 [BENCHMARK] 1654769646583,SSR
glCanvas.js:1127 [BENCHMARK] 1654769646590,SSR
glCanvas.js:1127 [BENCHMARK] 1654769646822,SSR
glCanvas.js:1127 [BENCHMARK] 1654769646826,SSR
glCanvas.js:1127 [BENCHMARK] 1654769646829,SSR
glCanvas.js:1127 [BENCHMARK] 1654769646836,SSR
glCanvas.js:1127 [BENCHMARK] 1654769646839,SSR
glCanvas.js:1127 [BENCHMARK] 1654769646843,SSR
glCanvas.js:1127 [BENCHMARK] 1654769646864,SSR
glCanvas.js:1127 [BENCHMARK] 1654769646867,SSR
glCanvas.js:1127 [BENCHMARK] 1654769646886,SSR
glCanvas.js:1127 [BENCHMARK] 1654769646890,SSR
glCanvas.js:1127 [BENCHMARK] 1654769646896,SSR
glCanvas.js:1127 [BENCHMARK] 1654769647240,SSR
glCanvas.js:1127 [BENCHMARK] 1654769647409,SSR
glCanvas.js:1127 [BENCHMARK] 1654769647438,SSR
glCanvas.js:1127 [BENCHMARK] 1654769647453,SSR
glCanvas.js:1127 [BENCHMARK] 1654769647460,SSR
glCanvas.js:1127 [BENCHMARK] 1654769647472,SSR
glCanvas.js:1127 [BENCHMARK] 1654769647488,SSR
glCanvas.js:1127 [BENCHMARK] 1654769647493,SSR
glCanvas.js:1127 [BENCHMARK] 1654769647498,SSR
glCanvas.js:1127 [BENCHMARK] 1654769647510,CSR
glCanvas.js:1127 [BENCHMARK] 1654769647514,CSR
glCanvas.js:1127 [BENCHMARK] 1654769647520,CSR
glCanvas.js:1127 [BENCHMARK] 1654769647523,CSR
glCanvas.js:1127 [BENCHMARK] 1654769647526,CSR
glCanvas.js:1127 [BENCHMARK] 1654769647542,CSR
glCanvas.js:1127 [BENCHMARK] 1654769647547,CSR
glCanvas.js:1127 [BENCHMARK] 1654769647551,CSR
glCanvas.js:1127 [BENCHMARK] 1654769647569,CSR
glCanvas.js:1127 [BENCHMARK] 1654769647572,CSR
glCanvas.js:1127 [BENCHMARK] 1654769647580,CSR
glCanvas.js:1127 [BENCHMARK] 1654769647592,CSR
glCanvas.js:1127 [BENCHMARK] 1654769647594,CSR
glCanvas.js:1127 [BENCHMARK] 1654769647596,CSR
glCanvas.js:1127 [BENCHMARK] 1654769647599,CSR
glCanvas.js:1127 [BENCHMARK] 1654769647624,CSR
glCanvas.js:1127 [BENCHMARK] 1654769647628,CSR
glCanvas.js:1127 [BENCHMARK] 1654769647635,CSR
glCanvas.js:1127 [BENCHMARK] 1654769647733,CSR
glCanvas.js:1127 [BENCHMARK] 1654769647735,CSR
glCanvas.js:1127 [BENCHMARK] 1654769647737,CSR
glCanvas.js:1127 [BENCHMARK] 1654769647739,CSR
glCanvas.js:1127 [BENCHMARK] 1654769647744,CSR
glCanvas.js:1127 [BENCHMARK] 1654769647848,CSR
glCanvas.js:1127 [BENCHMARK] 1654769647850,CSR
glCanvas.js:1127 [BENCHMARK] 1654769647859,CSR
glCanvas.js:1127 [BENCHMARK] 1654769647862,CSR
glCanvas.js:1127 [BENCHMARK] 1654769647865,CSR
glCanvas.js:1127 [BENCHMARK] 1654769647883,CSR
glCanvas.js:1127 [BENCHMARK] 1654769647885,CSR
glCanvas.js:1127 [BENCHMARK] 1654769647902,CSR
glCanvas.js:1127 [BENCHMARK] 1654769647907,CSR
glCanvas.js:1127 [BENCHMARK] 1654769647915,CSR
glCanvas.js:1127 [BENCHMARK] 1654769647920,CSR
glCanvas.js:1127 [BENCHMARK] 1654769647924,CSR
glCanvas.js:1127 [BENCHMARK] 1654769647951,CSR
glCanvas.js:1127 [BENCHMARK] 1654769647953,CSR
glCanvas.js:1127 [BENCHMARK] 1654769647959,CSR
glCanvas.js:1127 [BENCHMARK] 1654769647965,CSR
glCanvas.js:1127 [BENCHMARK] 1654769647991,CSR
glCanvas.js:1127 [BENCHMARK] 1654769647998,CSR
glCanvas.js:1127 [BENCHMARK] 1654769648002,CSR
glCanvas.js:1127 [BENCHMARK] 1654769648021,CSR
glCanvas.js:1127 [BENCHMARK] 1654769648023,CSR
glCanvas.js:1127 [BENCHMARK] 1654769648274,CSR
glCanvas.js:1127 [BENCHMARK] 1654769648642,CSR
glCanvas.js:1127 [BENCHMARK] 1654769648647,CSR
glCanvas.js:1127 [BENCHMARK] 1654769648653,CSR
glCanvas.js:1127 [BENCHMARK] 1654769648658,CSR
glCanvas.js:1127 [BENCHMARK] 1654769648671,CSR
glCanvas.js:1127 [BENCHMARK] 1654769648677,CSR
glCanvas.js:1127 [BENCHMARK] 1654769648720,CSR
glCanvas.js:1127 [BENCHMARK] 1654769648764,CSR
glCanvas.js:1127 [BENCHMARK] 1654769648780,CSR
glCanvas.js:1127 [BENCHMARK] 1654769648806,CSR
glCanvas.js:1127 [BENCHMARK] 1654769649520,CSR
glCanvas.js:1127 [BENCHMARK] 1654769649707,CSR
glCanvas.js:1127 [BENCHMARK] 1654769649711,CSR
glCanvas.js:1127 [BENCHMARK] 1654769649715,CSR
glCanvas.js:1127 [BENCHMARK] 1654769649729,CSR
glCanvas.js:1127 [BENCHMARK] 1654769649734,CSR
glCanvas.js:1127 [BENCHMARK] 1654769649738,CSR
glCanvas.js:1127 [BENCHMARK] 1654769649755,CSR
glCanvas.js:1127 [BENCHMARK] 1654769649758,CSR
glCanvas.js:1127 [BENCHMARK] 1654769649762,CSR
glCanvas.js:1127 [BENCHMARK] 1654769649770,CSR
glCanvas.js:1127 [BENCHMARK] 1654769649886,CSR
glCanvas.js:1127 [BENCHMARK] 1654769649891,CSR
glCanvas.js:1127 [BENCHMARK] 1654769649898,CSR
glCanvas.js:1127 [BENCHMARK] 1654769649903,CSR
glCanvas.js:1127 [BENCHMARK] 1654769649907,CSR
glCanvas.js:1127 [BENCHMARK] 1654769649925,CSR
glCanvas.js:1127 [BENCHMARK] 1654769649931,CSR
glCanvas.js:1127 [BENCHMARK] 1654769649937,CSR
glCanvas.js:1127 [BENCHMARK] 1654769649950,CSR
glCanvas.js:1127 [BENCHMARK] 1654769649956,CSR
glCanvas.js:1127 [BENCHMARK] 1654769650087,CSR
glCanvas.js:1127 [BENCHMARK] 1654769650089,CSR
glCanvas.js:1127 [BENCHMARK] 1654769650188,CSR
glCanvas.js:1127 [BENCHMARK] 1654769650190,CSR
glCanvas.js:1127 [BENCHMARK] 1654769650294,CSR
glCanvas.js:1127 [BENCHMARK] 1654769650295,CSR
glCanvas.js:1127 [BENCHMARK] 1654769650300,CSR
glCanvas.js:1127 [BENCHMARK] 1654769650301,CSR
glCanvas.js:1127 [BENCHMARK] 1654769650370,CSR
glCanvas.js:1127 [BENCHMARK] 1654769650372,CSR
glCanvas.js:1127 [BENCHMARK] 1654769650442,CSR
glCanvas.js:1127 [BENCHMARK] 1654769650444,CSR
glCanvas.js:1127 [BENCHMARK] 1654769650513,CSR
glCanvas.js:1127 [BENCHMARK] 1654769650515,CSR
glCanvas.js:1127 [BENCHMARK] 1654769650584,CSR
glCanvas.js:1127 [BENCHMARK] 1654769650586,CSR
glCanvas.js:1127 [BENCHMARK] 1654769650669,CSR
glCanvas.js:1127 [BENCHMARK] 1654769650672,CSR
glCanvas.js:1127 [BENCHMARK] 1654769650726,CSR
glCanvas.js:1127 [BENCHMARK] 1654769650728,CSR
glCanvas.js:1127 [BENCHMARK] 1654769650978,CSR
glCanvas.js:1127 [BENCHMARK] 1654769651152,CSR
glCanvas.js:1127 [BENCHMARK] 1654769651154,CSR
glCanvas.js:1127 [BENCHMARK] 1654769651157,CSR
glCanvas.js:1127 [BENCHMARK] 1654769651158,CSR
glCanvas.js:1127 [BENCHMARK] 1654769651160,CSR
glCanvas.js:1127 [BENCHMARK] 1654769651161,CSR
glCanvas.js:1127 [BENCHMARK] 1654769651163,CSR
glCanvas.js:1127 [BENCHMARK] 1654769651165,CSR
glCanvas.js:1127 [BENCHMARK] 1654769651168,CSR
glCanvas.js:1127 [BENCHMARK] 1654769651170,CSR
glCanvas.js:1127 [BENCHMARK] 1654769651173,CSR
glCanvas.js:1127 [BENCHMARK] 1654769651175,CSR
glCanvas.js:1127 [BENCHMARK] 1654769651275,CSR
glCanvas.js:1127 [BENCHMARK] 1654769651277,CSR
glCanvas.js:1127 [BENCHMARK] 1654769651279,CSR
glCanvas.js:1127 [BENCHMARK] 1654769651281,CSR
glCanvas.js:1127 [BENCHMARK] 1654769651283,CSR
glCanvas.js:1127 [BENCHMARK] 1654769651285,CSR
glCanvas.js:1127 [BENCHMARK] 1654769651288,CSR
glCanvas.js:1127 [BENCHMARK] 1654769651289,CSR
glCanvas.js:1127 [BENCHMARK] 1654769651369,CSR
glCanvas.js:1127 [BENCHMARK] 1654769651394,CSR
glCanvas.js:1127 [BENCHMARK] 1654769651402,CSR
glCanvas.js:1127 [BENCHMARK] 1654769651408,CSR
glCanvas.js:1127 [BENCHMARK] 1654769651430,CSR
glCanvas.js:1127 [BENCHMARK] 1654769651440,CSR
glCanvas.js:1127 [BENCHMARK] 1654769651516,CSR
glCanvas.js:1127 [BENCHMARK] 1654769651518,CSR
glCanvas.js:1127 [BENCHMARK] 1654769651547,CSR
glCanvas.js:1127 [BENCHMARK] 1654769651549,CSR
glCanvas.js:1127 [BENCHMARK] 1654769651578,SSR
glCanvas.js:1127 [BENCHMARK] 1654769651579,SSR
glCanvas.js:1127 [BENCHMARK] 1654769651608,SSR
glCanvas.js:1127 [BENCHMARK] 1654769651610,SSR
glCanvas.js:1127 [BENCHMARK] 1654769651622,SSR
glCanvas.js:1127 [BENCHMARK] 1654769651639,SSR
glCanvas.js:1127 [BENCHMARK] 1654769651641,SSR
glCanvas.js:1127 [BENCHMARK] 1654769651654,SSR
glCanvas.js:1127 [BENCHMARK] 1654769651662,SSR
glCanvas.js:1127 [BENCHMARK] 1654769651670,SSR
glCanvas.js:1127 [BENCHMARK] 1654769651671,SSR
glCanvas.js:1127 [BENCHMARK] 1654769651703,SSR
glCanvas.js:1127 [BENCHMARK] 1654769651705,SSR
glCanvas.js:1127 [BENCHMARK] 1654769651734,SSR
glCanvas.js:1127 [BENCHMARK] 1654769651735,SSR
glCanvas.js:1127 [BENCHMARK] 1654769651764,SSR
glCanvas.js:1127 [BENCHMARK] 1654769651766,SSR
glCanvas.js:1127 [BENCHMARK] 1654769651795,SSR
glCanvas.js:1127 [BENCHMARK] 1654769651797,SSR
glCanvas.js:1127 [BENCHMARK] 1654769652049,SSR
glCanvas.js:1127 [BENCHMARK] 1654769652407,SSR
glCanvas.js:1127 [BENCHMARK] 1654769652425,SSR
glCanvas.js:1127 [BENCHMARK] 1654769652780,SSR
glCanvas.js:1127 [BENCHMARK] 1654769652824,SSR
glCanvas.js:1127 [BENCHMARK] 1654769652834,SSR
glCanvas.js:1127 [BENCHMARK] 1654769652841,SSR
glCanvas.js:1127 [BENCHMARK] 1654769652851,SSR
glCanvas.js:1127 [BENCHMARK] 1654769652858,SSR
glCanvas.js:1127 [BENCHMARK] 1654769652870,SSR
glCanvas.js:1127 [BENCHMARK] 1654769652877,SSR
glCanvas.js:1127 [BENCHMARK] 1654769652928,SSR
glCanvas.js:1127 [BENCHMARK] 1654769652935,SSR
glCanvas.js:1127 [BENCHMARK] 1654769652940,SSR
glCanvas.js:1127 [BENCHMARK] 1654769652945,SSR
glCanvas.js:1127 [BENCHMARK] 1654769652954,CSR
glCanvas.js:1127 [BENCHMARK] 1654769652958,CSR
glCanvas.js:1127 [BENCHMARK] 1654769652961,CSR
glCanvas.js:1127 [BENCHMARK] 1654769652979,CSR
glCanvas.js:1127 [BENCHMARK] 1654769652982,CSR
glCanvas.js:1127 [BENCHMARK] 1654769652995,CSR
glCanvas.js:1127 [BENCHMARK] 1654769653057,CSR
glCanvas.js:1127 [BENCHMARK] 1654769653315,CSR
glCanvas.js:1127 [BENCHMARK] 1654769653321,CSR
glCanvas.js:1127 [BENCHMARK] 1654769653324,CSR
glCanvas.js:1127 [BENCHMARK] 1654769653327,CSR
glCanvas.js:1127 [BENCHMARK] 1654769653341,CSR
glCanvas.js:1127 [BENCHMARK] 1654769653345,CSR
glCanvas.js:1127 [BENCHMARK] 1654769653348,CSR
glCanvas.js:1127 [BENCHMARK] 1654769653363,CSR
glCanvas.js:1127 [BENCHMARK] 1654769653366,CSR
glCanvas.js:1127 [BENCHMARK] 1654769653368,CSR
glCanvas.js:1127 [BENCHMARK] 1654769653384,CSR
glCanvas.js:1127 [BENCHMARK] 1654769653387,CSR
glCanvas.js:1127 [BENCHMARK] 1654769653390,CSR
glCanvas.js:1127 [BENCHMARK] 1654769653408,CSR
glCanvas.js:1127 [BENCHMARK] 1654769653414,CSR
glCanvas.js:1127 [BENCHMARK] 1654769653420,CSR
glCanvas.js:1127 [BENCHMARK] 1654769653424,CSR
glCanvas.js:1127 [BENCHMARK] 1654769653443,CSR
glCanvas.js:1127 [BENCHMARK] 1654769653449,CSR
glCanvas.js:1127 [BENCHMARK] 1654769653459,CSR
glCanvas.js:1127 [BENCHMARK] 1654769654279,CSR
glCanvas.js:1127 [BENCHMARK] 1654769654317,CSR
glCanvas.js:1127 [BENCHMARK] 1654769654322,CSR
glCanvas.js:1127 [BENCHMARK] 1654769654325,CSR
glCanvas.js:1127 [BENCHMARK] 1654769654339,CSR
glCanvas.js:1127 [BENCHMARK] 1654769654343,CSR
glCanvas.js:1127 [BENCHMARK] 1654769654347,CSR
glCanvas.js:1127 [BENCHMARK] 1654769654350,CSR
glCanvas.js:1127 [BENCHMARK] 1654769654373,CSR
glCanvas.js:1127 [BENCHMARK] 1654769654376,CSR
glCanvas.js:1127 [BENCHMARK] 1654769654382,CSR
glCanvas.js:1127 [BENCHMARK] 1654769654398,CSR
glCanvas.js:1127 [BENCHMARK] 1654769654402,CSR
glCanvas.js:1127 [BENCHMARK] 1654769654405,CSR
glCanvas.js:1127 [BENCHMARK] 1654769654418,CSR
glCanvas.js:1127 [BENCHMARK] 1654769654422,CSR
glCanvas.js:1127 [BENCHMARK] 1654769654425,CSR
glCanvas.js:1127 [BENCHMARK] 1654769654441,CSR
glCanvas.js:1127 [BENCHMARK] 1654769654445,CSR
glCanvas.js:1127 [BENCHMARK] 1654769654449,CSR
glCanvas.js:1127 [BENCHMARK] 1654769654487,CSR
glCanvas.js:1127 [BENCHMARK] 1654769654537,CSR
glCanvas.js:1127 [BENCHMARK] 1654769654540,CSR
glCanvas.js:1127 [BENCHMARK] 1654769654544,CSR
glCanvas.js:1127 [BENCHMARK] 1654769654557,CSR
glCanvas.js:1127 [BENCHMARK] 1654769654562,CSR
glCanvas.js:1127 [BENCHMARK] 1654769654571,CSR
glCanvas.js:1127 [BENCHMARK] 1654769654574,CSR
glCanvas.js:1127 [BENCHMARK] 1654769654585,CSR
glCanvas.js:1127 [BENCHMARK] 1654769654589,CSR
glCanvas.js:1127 [BENCHMARK] 1654769654594,CSR
glCanvas.js:1127 [BENCHMARK] 1654769654667,CSR
glCanvas.js:1127 [BENCHMARK] 1654769654679,CSR
glCanvas.js:1127 [BENCHMARK] 1654769654683,CSR
glCanvas.js:1127 [BENCHMARK] 1654769654686,CSR
glCanvas.js:1127 [BENCHMARK] 1654769654699,CSR
glCanvas.js:1127 [BENCHMARK] 1654769654703,CSR
glCanvas.js:1127 [BENCHMARK] 1654769654705,CSR
glCanvas.js:1127 [BENCHMARK] 1654769654718,CSR
glCanvas.js:1127 [BENCHMARK] 1654769654722,CSR
glCanvas.js:1127 [BENCHMARK] 1654769654732,CSR
glCanvas.js:1127 [BENCHMARK] 1654769654744,CSR
glCanvas.js:1127 [BENCHMARK] 1654769654755,CSR
glCanvas.js:1127 [BENCHMARK] 1654769654759,CSR
glCanvas.js:1127 [BENCHMARK] 1654769654771,CSR
glCanvas.js:1127 [BENCHMARK] 1654769654774,CSR
glCanvas.js:1127 [BENCHMARK] 1654769654786,CSR
glCanvas.js:1127 [BENCHMARK] 1654769654813,CSR
glCanvas.js:1127 [BENCHMARK] 1654769654823,CSR
glCanvas.js:1127 [BENCHMARK] 1654769654829,CSR
glCanvas.js:1127 [BENCHMARK] 1654769654832,CSR
glCanvas.js:1127 [BENCHMARK] 1654769654886,CSR
glCanvas.js:1127 [BENCHMARK] 1654769654895,CSR
glCanvas.js:1127 [BENCHMARK] 1654769654900,CSR
glCanvas.js:1127 [BENCHMARK] 1654769654904,CSR
glCanvas.js:1127 [BENCHMARK] 1654769654938,CSR
glCanvas.js:1127 [BENCHMARK] 1654769654949,CSR
glCanvas.js:1127 [BENCHMARK] 1654769654963,CSR
glCanvas.js:1127 [BENCHMARK] 1654769654966,CSR
glCanvas.js:1127 [BENCHMARK] 1654769654970,CSR
glCanvas.js:1127 [BENCHMARK] 1654769654985,CSR
glCanvas.js:1127 [BENCHMARK] 1654769654990,CSR
glCanvas.js:1127 [BENCHMARK] 1654769654994,CSR
glCanvas.js:1127 [BENCHMARK] 1654769655012,CSR
glCanvas.js:1127 [BENCHMARK] 1654769655033,CSR
glCanvas.js:1127 [BENCHMARK] 1654769655039,CSR
glCanvas.js:1127 [BENCHMARK] 1654769655043,CSR
glCanvas.js:1127 [BENCHMARK] 1654769655046,CSR
glCanvas.js:1127 [BENCHMARK] 1654769655063,CSR
glCanvas.js:1127 [BENCHMARK] 1654769655066,CSR
glCanvas.js:1127 [BENCHMARK] 1654769655070,CSR
glCanvas.js:1127 [BENCHMARK] 1654769655108,CSR
glCanvas.js:1127 [BENCHMARK] 1654769655112,CSR
glCanvas.js:1127 [BENCHMARK] 1654769655128,CSR
glCanvas.js:1127 [BENCHMARK] 1654769655139,CSR
glCanvas.js:1127 [BENCHMARK] 1654769655169,CSR
glCanvas.js:1127 [BENCHMARK] 1654769655180,CSR
glCanvas.js:1127 [BENCHMARK] 1654769655226,CSR
glCanvas.js:1127 [BENCHMARK] 1654769655234,CSR
glCanvas.js:1127 [BENCHMARK] 1654769655242,CSR
glCanvas.js:1127 [BENCHMARK] 1654769655253,CSR
glCanvas.js:1127 [BENCHMARK] 1654769655265,CSR
glCanvas.js:1127 [BENCHMARK] 1654769655272,CSR
glCanvas.js:1127 [BENCHMARK] 1654769655278,CSR
glCanvas.js:1127 [BENCHMARK] 1654769655339,CSR
glCanvas.js:1127 [BENCHMARK] 1654769655358,CSR
glCanvas.js:1127 [BENCHMARK] 1654769655367,CSR
glCanvas.js:1127 [BENCHMARK] 1654769655383,CSR
glCanvas.js:1127 [BENCHMARK] 1654769655405,CSR
glCanvas.js:1127 [BENCHMARK] 1654769655421,CSR
glCanvas.js:1127 [BENCHMARK] 1654769655433,CSR
glCanvas.js:1127 [BENCHMARK] 1654769655476,CSR
glCanvas.js:1127 [BENCHMARK] 1654769655489,CSR
glCanvas.js:1127 [BENCHMARK] 1654769655500,CSR
glCanvas.js:1127 [BENCHMARK] 1654769655507,CSR
glCanvas.js:1127 [BENCHMARK] 1654769655519,CSR
glCanvas.js:1127 [BENCHMARK] 1654769655526,CSR
glCanvas.js:1127 [BENCHMARK] 1654769655532,CSR
glCanvas.js:1127 [BENCHMARK] 1654769655543,CSR
glCanvas.js:1127 [BENCHMARK] 1654769655549,CSR
glCanvas.js:1127 [BENCHMARK] 1654769655554,CSR
glCanvas.js:1127 [BENCHMARK] 1654769655579,CSR
glCanvas.js:1127 [BENCHMARK] 1654769655603,CSR
glCanvas.js:1127 [BENCHMARK] 1654769655620,CSR
glCanvas.js:1127 [BENCHMARK] 1654769655625,CSR
glCanvas.js:1127 [BENCHMARK] 1654769655794,CSR
glCanvas.js:1127 [BENCHMARK] 1654769655816,CSR
glCanvas.js:1127 [BENCHMARK] 1654769655844,CSR
glCanvas.js:1127 [BENCHMARK] 1654769655847,CSR
glCanvas.js:1127 [BENCHMARK] 1654769655854,CSR
glCanvas.js:1127 [BENCHMARK] 1654769655859,CSR
glCanvas.js:1127 [BENCHMARK] 1654769655869,CSR
glCanvas.js:1127 [BENCHMARK] 1654769655873,CSR
glCanvas.js:1127 [BENCHMARK] 1654769655877,CSR
glCanvas.js:1127 [BENCHMARK] 1654769655894,CSR
glCanvas.js:1127 [BENCHMARK] 1654769655900,CSR
glCanvas.js:1127 [BENCHMARK] 1654769655906,CSR
glCanvas.js:1127 [BENCHMARK] 1654769655928,CSR
glCanvas.js:1127 [BENCHMARK] 1654769655933,CSR
glCanvas.js:1127 [BENCHMARK] 1654769655938,CSR
glCanvas.js:1127 [BENCHMARK] 1654769655957,CSR
glCanvas.js:1127 [BENCHMARK] 1654769655963,CSR
glCanvas.js:1127 [BENCHMARK] 1654769655968,CSR
glCanvas.js:1127 [BENCHMARK] 1654769655971,CSR
glCanvas.js:1127 [BENCHMARK] 1654769655975,CSR
glCanvas.js:1127 [BENCHMARK] 1654769656015,CSR
glCanvas.js:1127 [BENCHMARK] 1654769656029,CSR
glCanvas.js:1127 [BENCHMARK] 1654769656076,CSR
glCanvas.js:1127 [BENCHMARK] 1654769656083,CSR
glCanvas.js:1127 [BENCHMARK] 1654769656090,CSR
glCanvas.js:1127 [BENCHMARK] 1654769656098,CSR
glCanvas.js:1127 [BENCHMARK] 1654769656102,CSR
glCanvas.js:1127 [BENCHMARK] 1654769656117,CSR
glCanvas.js:1127 [BENCHMARK] 1654769656121,CSR
glCanvas.js:1127 [BENCHMARK] 1654769656126,CSR
glCanvas.js:1127 [BENCHMARK] 1654769656132,CSR
glCanvas.js:1127 [BENCHMARK] 1654769656140,CSR
glCanvas.js:1127 [BENCHMARK] 1654769656143,CSR
glCanvas.js:1127 [BENCHMARK] 1654769656148,CSR
glCanvas.js:1127 [BENCHMARK] 1654769656165,CSR
glCanvas.js:1127 [BENCHMARK] 1654769656185,CSR
glCanvas.js:1127 [BENCHMARK] 1654769656190,CSR
glCanvas.js:1127 [BENCHMARK] 1654769656193,CSR
glCanvas.js:1127 [BENCHMARK] 1654769656197,CSR
glCanvas.js:1127 [BENCHMARK] 1654769656217,CSR
glCanvas.js:1127 [BENCHMARK] 1654769656230,CSR
glCanvas.js:1127 [BENCHMARK] 1654769656240,CSR
glCanvas.js:1127 [BENCHMARK] 1654769656297,CSR
glCanvas.js:1127 [BENCHMARK] 1654769656305,CSR
glCanvas.js:1127 [BENCHMARK] 1654769656309,CSR
glCanvas.js:1127 [BENCHMARK] 1654769656325,CSR
glCanvas.js:1127 [BENCHMARK] 1654769656328,CSR
glCanvas.js:1127 [BENCHMARK] 1654769656344,CSR
glCanvas.js:1127 [BENCHMARK] 1654769656350,CSR
glCanvas.js:1127 [BENCHMARK] 1654769656354,CSR
glCanvas.js:1127 [BENCHMARK] 1654769656358,CSR
glCanvas.js:1127 [BENCHMARK] 1654769656409,CSR
glCanvas.js:1127 [BENCHMARK] 1654769656415,CSR
glCanvas.js:1127 [BENCHMARK] 1654769656422,CSR
glCanvas.js:1127 [BENCHMARK] 1654769656446,CSR
glCanvas.js:1127 [BENCHMARK] 1654769656453,CSR
glCanvas.js:1127 [BENCHMARK] 1654769656457,CSR
glCanvas.js:1127 [BENCHMARK] 1654769656460,CSR
glCanvas.js:1127 [BENCHMARK] 1654769656482,CSR
glCanvas.js:1127 [BENCHMARK] 1654769656486,CSR
glCanvas.js:1127 [BENCHMARK] 1654769656490,CSR
glCanvas.js:1127 [BENCHMARK] 1654769656507,CSR
glCanvas.js:1127 [BENCHMARK] 1654769656523,CSR
glCanvas.js:1127 [BENCHMARK] 1654769656527,CSR
glCanvas.js:1127 [BENCHMARK] 1654769656530,CSR
glCanvas.js:1127 [BENCHMARK] 1654769656550,CSR
glCanvas.js:1127 [BENCHMARK] 1654769656559,CSR
glCanvas.js:1127 [BENCHMARK] 1654769656565,CSR
glCanvas.js:1127 [BENCHMARK] 1654769656577,CSR
glCanvas.js:1127 [BENCHMARK] 1654769656580,CSR
glCanvas.js:1127 [BENCHMARK] 1654769656584,CSR
glCanvas.js:1127 [BENCHMARK] 1654769656647,CSR
glCanvas.js:1127 [BENCHMARK] 1654769656658,CSR
glCanvas.js:1127 [BENCHMARK] 1654769656668,CSR
glCanvas.js:1127 [BENCHMARK] 1654769656717,CSR
glCanvas.js:1127 [BENCHMARK] 1654769656727,CSR
glCanvas.js:1127 [BENCHMARK] 1654769656742,CSR
glCanvas.js:1127 [BENCHMARK] 1654769656764,CSR
glCanvas.js:1127 [BENCHMARK] 1654769656778,CSR
glCanvas.js:1127 [BENCHMARK] 1654769656794,CSR
glCanvas.js:1127 [BENCHMARK] 1654769656805,CSR
glCanvas.js:1127 [BENCHMARK] 1654769656818,CSR
glCanvas.js:1127 [BENCHMARK] 1654769656840,CSR
glCanvas.js:1127 [BENCHMARK] 1654769656853,CSR
glCanvas.js:1127 [BENCHMARK] 1654769656867,CSR
glCanvas.js:1127 [BENCHMARK] 1654769656878,CSR
glCanvas.js:1127 [BENCHMARK] 1654769657221,CSR
glCanvas.js:1127 [BENCHMARK] 1654769657313,CSR
glCanvas.js:1127 [BENCHMARK] 1654769657435,CSR
glCanvas.js:1127 [BENCHMARK] 1654769657638,CSR
glCanvas.js:1127 [BENCHMARK] 1654769657891,CSR
glCanvas.js:1127 [BENCHMARK] 1654769658248,CSR
glCanvas.js:1127 [BENCHMARK] 1654769658255,CSR
glCanvas.js:1127 [BENCHMARK] 1654769658259,CSR
glCanvas.js:1127 [BENCHMARK] 1654769658264,CSR
glCanvas.js:1127 [BENCHMARK] 1654769658280,CSR
glCanvas.js:1127 [BENCHMARK] 1654769658285,CSR
glCanvas.js:1127 [BENCHMARK] 1654769658290,CSR
glCanvas.js:1127 [BENCHMARK] 1654769658307,CSR
glCanvas.js:1127 [BENCHMARK] 1654769658313,CSR
glCanvas.js:1127 [BENCHMARK] 1654769658318,CSR
glCanvas.js:1127 [BENCHMARK] 1654769658751,CSR
glCanvas.js:1127 [BENCHMARK] 1654769658757,CSR
glCanvas.js:1127 [BENCHMARK] 1654769658762,CSR
glCanvas.js:1127 [BENCHMARK] 1654769658766,CSR
glCanvas.js:1127 [BENCHMARK] 1654769658779,CSR
glCanvas.js:1127 [BENCHMARK] 1654769658785,CSR
glCanvas.js:1127 [BENCHMARK] 1654769658789,CSR
glCanvas.js:1127 [BENCHMARK] 1654769658799,CSR
glCanvas.js:1127 [BENCHMARK] 1654769658803,CSR
glCanvas.js:1127 [BENCHMARK] 1654769658806,CSR
glCanvas.js:1127 [BENCHMARK] 1654769658897,CSR
glCanvas.js:1127 [BENCHMARK] 1654769659115,CSR
glCanvas.js:1127 [BENCHMARK] 1654769659122,CSR
glCanvas.js:1127 [BENCHMARK] 1654769659126,CSR
glCanvas.js:1127 [BENCHMARK] 1654769659129,CSR
glCanvas.js:1127 [BENCHMARK] 1654769659139,CSR
glCanvas.js:1127 [BENCHMARK] 1654769659143,CSR
glCanvas.js:1127 [BENCHMARK] 1654769659147,CSR
glCanvas.js:1127 [BENCHMARK] 1654769659164,CSR
glCanvas.js:1127 [BENCHMARK] 1654769659168,CSR
glCanvas.js:1127 [BENCHMARK] 1654769659172,CSR
glCanvas.js:1127 [BENCHMARK] 1654769659181,CSR
glCanvas.js:1127 [BENCHMARK] 1654769659185,CSR
glCanvas.js:1127 [BENCHMARK] 1654769659188,CSR
glCanvas.js:1127 [BENCHMARK] 1654769659206,CSR
glCanvas.js:1127 [BENCHMARK] 1654769659210,CSR
glCanvas.js:1127 [BENCHMARK] 1654769659213,CSR
glCanvas.js:1127 [BENCHMARK] 1654769659230,CSR
glCanvas.js:1127 [BENCHMARK] 1654769659236,CSR
glCanvas.js:1127 [BENCHMARK] 1654769659241,CSR
glCanvas.js:1127 [BENCHMARK] 1654769659244,CSR
glCanvas.js:1127 [BENCHMARK] 1654769659690,CSR
glCanvas.js:1127 [BENCHMARK] 1654769659711,CSR
glCanvas.js:1127 [BENCHMARK] 1654769659716,CSR
glCanvas.js:1127 [BENCHMARK] 1654769659732,CSR
glCanvas.js:1127 [BENCHMARK] 1654769659738,CSR
glCanvas.js:1127 [BENCHMARK] 1654769659744,CSR
glCanvas.js:1127 [BENCHMARK] 1654769659762,CSR
glCanvas.js:1127 [BENCHMARK] 1654769659765,CSR
glCanvas.js:1127 [BENCHMARK] 1654769659769,CSR
glCanvas.js:1127 [BENCHMARK] 1654769659785,CSR
glCanvas.js:1127 [BENCHMARK] 1654769659790,CSR
glCanvas.js:1127 [BENCHMARK] 1654769659794,CSR
glCanvas.js:1127 [BENCHMARK] 1654769659812,CSR
glCanvas.js:1127 [BENCHMARK] 1654769659821,CSR
glCanvas.js:1127 [BENCHMARK] 1654769659826,CSR
glCanvas.js:1127 [BENCHMARK] 1654769659845,CSR
glCanvas.js:1127 [BENCHMARK] 1654769659850,CSR
glCanvas.js:1127 [BENCHMARK] 1654769659856,CSR
glCanvas.js:1127 [BENCHMARK] 1654769659875,CSR
glCanvas.js:1127 [BENCHMARK] 1654769659890,CSR
glCanvas.js:1127 [BENCHMARK] 1654769659929,CSR
glCanvas.js:1127 [BENCHMARK] 1654769659949,CSR
glCanvas.js:1127 [BENCHMARK] 1654769659967,CSR
glCanvas.js:1127 [BENCHMARK] 1654769659998,CSR
glCanvas.js:1127 [BENCHMARK] 1654769660008,CSR
glCanvas.js:1127 [BENCHMARK] 1654769660015,CSR
glCanvas.js:1127 [BENCHMARK] 1654769660022,CSR
glCanvas.js:1127 [BENCHMARK] 1654769660048,CSR
glCanvas.js:1127 [BENCHMARK] 1654769660087,CSR
glCanvas.js:1127 [BENCHMARK] 1654769660097,CSR
glCanvas.js:1127 [BENCHMARK] 1654769660125,CSR
glCanvas.js:1127 [BENCHMARK] 1654769660138,CSR
glCanvas.js:1127 [BENCHMARK] 1654769660149,CSR
glCanvas.js:1127 [BENCHMARK] 1654769660172,CSR
glCanvas.js:1127 [BENCHMARK] 1654769660204,CSR
glCanvas.js:1127 [BENCHMARK] 1654769660241,CSR
glCanvas.js:1127 [BENCHMARK] 1654769660248,CSR
glCanvas.js:1127 [BENCHMARK] 1654769660254,CSR
glCanvas.js:1127 [BENCHMARK] 1654769660272,CSR
glCanvas.js:1127 [BENCHMARK] 1654769660277,CSR
glCanvas.js:1127 [BENCHMARK] 1654769660283,CSR
glCanvas.js:1127 [BENCHMARK] 1654769660294,CSR
glCanvas.js:1127 [BENCHMARK] 1654769660300,CSR
glCanvas.js:1127 [BENCHMARK] 1654769660305,CSR
glCanvas.js:1127 [BENCHMARK] 1654769660325,CSR
glCanvas.js:1127 [BENCHMARK] 1654769660339,CSR
glCanvas.js:1127 [BENCHMARK] 1654769660360,CSR
glCanvas.js:1127 [BENCHMARK] 1654769660448,CSR
glCanvas.js:1127 [BENCHMARK] 1654769660509,CSR
glCanvas.js:1127 [BENCHMARK] 1654769660514,CSR
glCanvas.js:1127 [BENCHMARK] 1654769660518,CSR
glCanvas.js:1127 [BENCHMARK] 1654769660522,CSR
glCanvas.js:1127 [BENCHMARK] 1654769660526,CSR
glCanvas.js:1127 [BENCHMARK] 1654769660541,CSR
glCanvas.js:1127 [BENCHMARK] 1654769660545,CSR
glCanvas.js:1127 [BENCHMARK] 1654769660548,CSR
glCanvas.js:1127 [BENCHMARK] 1654769660560,CSR
glCanvas.js:1127 [BENCHMARK] 1654769660565,CSR
glCanvas.js:1127 [BENCHMARK] 1654769660571,CSR
glCanvas.js:1127 [BENCHMARK] 1654769660578,CSR
glCanvas.js:1127 [BENCHMARK] 1654769660581,CSR
glCanvas.js:1127 [BENCHMARK] 1654769660610,CSR
glCanvas.js:1127 [BENCHMARK] 1654769660617,CSR
glCanvas.js:1127 [BENCHMARK] 1654769660623,CSR
glCanvas.js:1127 [BENCHMARK] 1654769660638,CSR
glCanvas.js:1127 [BENCHMARK] 1654769660647,CSR
glCanvas.js:1127 [BENCHMARK] 1654769660652,CSR
glCanvas.js:1127 [BENCHMARK] 1654769660656,CSR
glCanvas.js:1127 [BENCHMARK] 1654769660733,CSR
glCanvas.js:1127 [BENCHMARK] 1654769660738,CSR
glCanvas.js:1127 [BENCHMARK] 1654769660745,CSR
glCanvas.js:1127 [BENCHMARK] 1654769660748,CSR
glCanvas.js:1127 [BENCHMARK] 1654769660751,CSR
glCanvas.js:1127 [BENCHMARK] 1654769660766,CSR
glCanvas.js:1127 [BENCHMARK] 1654769660774,CSR
glCanvas.js:1127 [BENCHMARK] 1654769660780,CSR
glCanvas.js:1127 [BENCHMARK] 1654769660784,CSR
glCanvas.js:1127 [BENCHMARK] 1654769660788,CSR
glCanvas.js:1127 [BENCHMARK] 1654769660824,CSR
glCanvas.js:1127 [BENCHMARK] 1654769660831,CSR
glCanvas.js:1127 [BENCHMARK] 1654769660836,CSR
glCanvas.js:1127 [BENCHMARK] 1654769660845,CSR
glCanvas.js:1127 [BENCHMARK] 1654769660955,CSR
glCanvas.js:1127 [BENCHMARK] 1654769661047,CSR
glCanvas.js:1127 [BENCHMARK] 1654769661061,CSR
glCanvas.js:1127 [BENCHMARK] 1654769661129,CSR
glCanvas.js:1127 [BENCHMARK] 1654769661201,CSR
glCanvas.js:1127 [BENCHMARK] 1654769661273,CSR
glCanvas.js:1127 [BENCHMARK] 1654769661344,CSR
glCanvas.js:1127 [BENCHMARK] 1654769661416,CSR
glCanvas.js:1127 [BENCHMARK] 1654769661488,CSR
glCanvas.js:1127 [BENCHMARK] 1654769661746,CSR
glCanvas.js:1127 [BENCHMARK] 1654769661897,CSR
glCanvas.js:1127 [BENCHMARK] 1654769661899,CSR
glCanvas.js:1127 [BENCHMARK] 1654769661993,CSR
glCanvas.js:1127 [BENCHMARK] 1654769661995,CSR
glCanvas.js:1127 [BENCHMARK] 1654769662049,CSR
glCanvas.js:1127 [BENCHMARK] 1654769662110,CSR
glCanvas.js:1127 [BENCHMARK] 1654769662115,CSR
glCanvas.js:1127 [BENCHMARK] 1654769662118,CSR
glCanvas.js:1127 [BENCHMARK] 1654769662136,CSR
glCanvas.js:1127 [BENCHMARK] 1654769662140,CSR
glCanvas.js:1127 [BENCHMARK] 1654769662145,CSR
glCanvas.js:1127 [BENCHMARK] 1654769662162,CSR
glCanvas.js:1127 [BENCHMARK] 1654769662166,CSR
glCanvas.js:1127 [BENCHMARK] 1654769662171,CSR
glCanvas.js:1127 [BENCHMARK] 1654769662184,CSR
glCanvas.js:1127 [BENCHMARK] 1654769662190,CSR
glCanvas.js:1127 [BENCHMARK] 1654769662194,CSR
glCanvas.js:1127 [BENCHMARK] 1654769662259,CSR
glCanvas.js:1127 [BENCHMARK] 1654769662330,CSR
glCanvas.js:1127 [BENCHMARK] 1654769662401,CSR
glCanvas.js:1127 [BENCHMARK] 1654769662493,CSR
glCanvas.js:1127 [BENCHMARK] 1654769662503,CSR
glCanvas.js:1127 [BENCHMARK] 1654769662507,CSR
glCanvas.js:1127 [BENCHMARK] 1654769662517,CSR
glCanvas.js:1127 [BENCHMARK] 1654769662522,CSR
glCanvas.js:1127 [BENCHMARK] 1654769662528,CSR
glCanvas.js:1127 [BENCHMARK] 1654769662532,CSR
glCanvas.js:1127 [BENCHMARK] 1654769662535,CSR
glCanvas.js:1127 [BENCHMARK] 1654769662558,CSR
glCanvas.js:1127 [BENCHMARK] 1654769662561,CSR
glCanvas.js:1127 [BENCHMARK] 1654769662566,CSR
glCanvas.js:1127 [BENCHMARK] 1654769662579,CSR
glCanvas.js:1127 [BENCHMARK] 1654769662583,CSR
glCanvas.js:1127 [BENCHMARK] 1654769662657,CSR
glCanvas.js:1127 [BENCHMARK] 1654769662881,CSR
glCanvas.js:1127 [BENCHMARK] 1654769662888,CSR
glCanvas.js:1127 [BENCHMARK] 1654769662892,CSR
glCanvas.js:1127 [BENCHMARK] 1654769662895,CSR
glCanvas.js:1127 [BENCHMARK] 1654769662919,CSR
glCanvas.js:1127 [BENCHMARK] 1654769662923,CSR
glCanvas.js:1127 [BENCHMARK] 1654769662926,CSR
glCanvas.js:1127 [BENCHMARK] 1654769662938,CSR
glCanvas.js:1127 [BENCHMARK] 1654769662943,CSR
glCanvas.js:1127 [BENCHMARK] 1654769662946,CSR
glCanvas.js:1127 [BENCHMARK] 1654769662963,CSR
glCanvas.js:1127 [BENCHMARK] 1654769662967,CSR
glCanvas.js:1127 [BENCHMARK] 1654769662970,CSR
glCanvas.js:1127 [BENCHMARK] 1654769662988,CSR
glCanvas.js:1127 [BENCHMARK] 1654769662995,CSR
glCanvas.js:1127 [BENCHMARK] 1654769662999,CSR
glCanvas.js:1127 [BENCHMARK] 1654769663002,CSR
glCanvas.js:1127 [BENCHMARK] 1654769663026,CSR
glCanvas.js:1127 [BENCHMARK] 1654769663031,CSR
glCanvas.js:1127 [BENCHMARK] 1654769663035,CSR
glCanvas.js:1127 [BENCHMARK] 1654769663684,CSR
glCanvas.js:1127 [BENCHMARK] 1654769663687,CSR
glCanvas.js:1127 [BENCHMARK] 1654769663792,CSR
glCanvas.js:1127 [BENCHMARK] 1654769663793,CSR
glCanvas.js:1127 [BENCHMARK] 1654769663796,CSR
glCanvas.js:1127 [BENCHMARK] 1654769663797,CSR
glCanvas.js:1127 [BENCHMARK] 1654769663799,CSR
glCanvas.js:1127 [BENCHMARK] 1654769663801,CSR
glCanvas.js:1127 [BENCHMARK] 1654769663803,CSR
glCanvas.js:1127 [BENCHMARK] 1654769663804,CSR
glCanvas.js:1127 [BENCHMARK] 1654769663806,CSR
glCanvas.js:1127 [BENCHMARK] 1654769663808,CSR
glCanvas.js:1127 [BENCHMARK] 1654769663810,CSR
glCanvas.js:1127 [BENCHMARK] 1654769663811,CSR
glCanvas.js:1127 [BENCHMARK] 1654769663814,CSR
glCanvas.js:1127 [BENCHMARK] 1654769663816,CSR
glCanvas.js:1127 [BENCHMARK] 1654769663819,CSR
glCanvas.js:1127 [BENCHMARK] 1654769663821,CSR
glCanvas.js:1127 [BENCHMARK] 1654769663824,CSR
glCanvas.js:1127 [BENCHMARK] 1654769663827,CSR
glCanvas.js:1127 [BENCHMARK] 1654769664036,CSR
glCanvas.js:1127 [BENCHMARK] 1654769664058,CSR
glCanvas.js:1127 [BENCHMARK] 1654769664066,CSR
glCanvas.js:1127 [BENCHMARK] 1654769664074,CSR
glCanvas.js:1127 [BENCHMARK] 1654769664079,CSR
glCanvas.js:1127 [BENCHMARK] 1654769664085,CSR
glCanvas.js:1127 [BENCHMARK] 1654769664097,CSR
glCanvas.js:1127 [BENCHMARK] 1654769664103,CSR
glCanvas.js:1127 [BENCHMARK] 1654769664110,CSR
glCanvas.js:1127 [BENCHMARK] 1654769664128,CSR
glCanvas.js:1127 [BENCHMARK] 1654769664131,CSR
glCanvas.js:1127 [BENCHMARK] 1654769664134,CSR
glCanvas.js:1127 [BENCHMARK] 1654769664181,CSR
glCanvas.js:1127 [BENCHMARK] 1654769664187,CSR
glCanvas.js:1127 [BENCHMARK] 1654769664191,CSR
glCanvas.js:1127 [BENCHMARK] 1654769664195,CSR
glCanvas.js:1127 [BENCHMARK] 1654769664215,CSR
glCanvas.js:1127 [BENCHMARK] 1654769664219,CSR
glCanvas.js:1127 [BENCHMARK] 1654769664223,CSR
glCanvas.js:1127 [BENCHMARK] 1654769664242,CSR
glCanvas.js:1127 [BENCHMARK] 1654769664247,CSR
glCanvas.js:1127 [BENCHMARK] 1654769664449,CSR
glCanvas.js:1127 [BENCHMARK] 1654769664454,CSR
glCanvas.js:1127 [BENCHMARK] 1654769664457,CSR
glCanvas.js:1127 [BENCHMARK] 1654769664470,CSR
glCanvas.js:1127 [BENCHMARK] 1654769664475,CSR
glCanvas.js:1127 [BENCHMARK] 1654769664479,CSR
glCanvas.js:1127 [BENCHMARK] 1654769664482,CSR
glCanvas.js:1127 [BENCHMARK] 1654769664500,CSR
glCanvas.js:1127 [BENCHMARK] 1654769664503,CSR
glCanvas.js:1127 [BENCHMARK] 1654769664508,CSR
glCanvas.js:1127 [BENCHMARK] 1654769664534,CSR
glCanvas.js:1127 [BENCHMARK] 1654769664539,CSR
glCanvas.js:1127 [BENCHMARK] 1654769664873,CSR
glCanvas.js:1127 [BENCHMARK] 1654769664943,CSR
glCanvas.js:1127 [BENCHMARK] 1654769664982,CSR
glCanvas.js:1127 [BENCHMARK] 1654769665025,CSR
glCanvas.js:1127 [BENCHMARK] 1654769665084,CSR
glCanvas.js:1127 [BENCHMARK] 1654769665129,CSR
glCanvas.js:1127 [BENCHMARK] 1654769665308,CSR
glCanvas.js:1127 [BENCHMARK] 1654769665313,CSR
glCanvas.js:1127 [BENCHMARK] 1654769665318,CSR
glCanvas.js:1127 [BENCHMARK] 1654769665328,CSR
glCanvas.js:1127 [BENCHMARK] 1654769665387,CSR
glCanvas.js:1127 [BENCHMARK] 1654769665391,CSR
glCanvas.js:1127 [BENCHMARK] 1654769665396,CSR
glCanvas.js:1127 [BENCHMARK] 1654769665479,CSR
glCanvas.js:1127 [BENCHMARK] 1654769665626,CSR
glCanvas.js:1127 [BENCHMARK] 1654769665844,CSR
glCanvas.js:1127 [BENCHMARK] 1654769665850,CSR
glCanvas.js:1127 [BENCHMARK] 1654769665871,CSR
glCanvas.js:1127 [BENCHMARK] 1654769665889,CSR
glCanvas.js:1127 [BENCHMARK] 1654769665917,CSR
glCanvas.js:1127 [BENCHMARK] 1654769665937,CSR
glCanvas.js:1127 [BENCHMARK] 1654769665976,CSR
glCanvas.js:1127 [BENCHMARK] 1654769665986,CSR
glCanvas.js:1127 [BENCHMARK] 1654769665995,CSR
glCanvas.js:1127 [BENCHMARK] 1654769666251,CSR
glCanvas.js:1127 [BENCHMARK] 1654769666258,CSR
glCanvas.js:1127 [BENCHMARK] 1654769666266,CSR
glCanvas.js:1127 [BENCHMARK] 1654769666275,CSR
glCanvas.js:1127 [BENCHMARK] 1654769666460,CSR
glCanvas.js:1127 [BENCHMARK] 1654769666476,CSR
glCanvas.js:1127 [BENCHMARK] 1654769666482,CSR
glCanvas.js:1127 [BENCHMARK] 1654769666487,CSR
glCanvas.js:1127 [BENCHMARK] 1654769666555,CSR
glCanvas.js:1127 [BENCHMARK] 1654769666563,CSR
glCanvas.js:1127 [BENCHMARK] 1654769666568,CSR
glCanvas.js:1127 [BENCHMARK] 1654769666573,CSR
glCanvas.js:1127 [BENCHMARK] 1654769666608,CSR
glCanvas.js:1127 [BENCHMARK] 1654769666612,CSR
glCanvas.js:1127 [BENCHMARK] 1654769666618,CSR
glCanvas.js:1127 [BENCHMARK] 1654769666649,CSR
glCanvas.js:1127 [BENCHMARK] 1654769666655,CSR
glCanvas.js:1127 [BENCHMARK] 1654769666662,CSR
glCanvas.js:1127 [BENCHMARK] 1654769666686,CSR
glCanvas.js:1127 [BENCHMARK] 1654769666691,CSR
glCanvas.js:1127 [BENCHMARK] 1654769666695,CSR
glCanvas.js:1127 [BENCHMARK] 1654769666740,CSR
glCanvas.js:1127 [BENCHMARK] 1654769666744,CSR
glCanvas.js:1127 [BENCHMARK] 1654769666751,CSR
glCanvas.js:1127 [BENCHMARK] 1654769666758,CSR
glCanvas.js:1127 [BENCHMARK] 1654769666774,CSR
glCanvas.js:1127 [BENCHMARK] 1654769666782,CSR
glCanvas.js:1127 [BENCHMARK] 1654769666788,CSR
glCanvas.js:1127 [BENCHMARK] 1654769666792,CSR
glCanvas.js:1127 [BENCHMARK] 1654769666834,CSR
glCanvas.js:1127 [BENCHMARK] 1654769666845,CSR
glCanvas.js:1127 [BENCHMARK] 1654769666934,CSR
glCanvas.js:1127 [BENCHMARK] 1654769666968,CSR
glCanvas.js:1127 [BENCHMARK] 1654769666973,CSR
glCanvas.js:1127 [BENCHMARK] 1654769666986,CSR
glCanvas.js:1127 [BENCHMARK] 1654769667008,CSR
glCanvas.js:1127 [BENCHMARK] 1654769667080,CSR
glCanvas.js:1127 [BENCHMARK] 1654769667084,CSR
glCanvas.js:1127 [BENCHMARK] 1654769667145,CSR
glCanvas.js:1127 [BENCHMARK] 1654769667207,CSR
glCanvas.js:1127 [BENCHMARK] 1654769667231,CSR
glCanvas.js:1127 [BENCHMARK] 1654769667272,CSR
glCanvas.js:1127 [BENCHMARK] 1654769667303,CSR
glCanvas.js:1127 [BENCHMARK] 1654769667330,CSR
glCanvas.js:1127 [BENCHMARK] 1654769667422,CSR
glCanvas.js:1127 [BENCHMARK] 1654769667453,CSR
glCanvas.js:1127 [BENCHMARK] 1654769667485,CSR
glCanvas.js:1127 [BENCHMARK] 1654769667493,CSR
glCanvas.js:1127 [BENCHMARK] 1654769667551,CSR
glCanvas.js:1127 [BENCHMARK] 1654769667591,CSR
glCanvas.js:1127 [BENCHMARK] 1654769667620,CSR
glCanvas.js:1127 [BENCHMARK] 1654769667647,CSR
glCanvas.js:1127 [BENCHMARK] 1654769667677,CSR
glCanvas.js:1127 [BENCHMARK] 1654769667718,CSR
glCanvas.js:1127 [BENCHMARK] 1654769667811,CSR
glCanvas.js:1127 [BENCHMARK] 1654769667815,CSR
glCanvas.js:1127 [BENCHMARK] 1654769667818,CSR
glCanvas.js:1127 [BENCHMARK] 1654769667851,CSR
glCanvas.js:1127 [BENCHMARK] 1654769667867,CSR
glCanvas.js:1127 [BENCHMARK] 1654769667939,CSR
glCanvas.js:1127 [BENCHMARK] 1654769667943,CSR
glCanvas.js:1127 [BENCHMARK] 1654769667947,CSR
glCanvas.js:1127 [BENCHMARK] 1654769667964,CSR
glCanvas.js:1127 [BENCHMARK] 1654769667994,CSR
glCanvas.js:1127 [BENCHMARK] 1654769668044,CSR
glCanvas.js:1127 [BENCHMARK] 1654769668096,CSR
glCanvas.js:1127 [BENCHMARK] 1654769668099,CSR
glCanvas.js:1127 [BENCHMARK] 1654769668190,CSR
glCanvas.js:1127 [BENCHMARK] 1654769668195,CSR
glCanvas.js:1127 [BENCHMARK] 1654769668200,CSR
glCanvas.js:1127 [BENCHMARK] 1654769668259,CSR
glCanvas.js:1127 [BENCHMARK] 1654769668368,CSR
glCanvas.js:1127 [BENCHMARK] 1654769668373,CSR
glCanvas.js:1127 [BENCHMARK] 1654769668378,CSR
glCanvas.js:1127 [BENCHMARK] 1654769668383,CSR
glCanvas.js:1127 [BENCHMARK] 1654769668401,CSR
glCanvas.js:1127 [BENCHMARK] 1654769668421,CSR
glCanvas.js:1127 [BENCHMARK] 1654769668470,CSR
glCanvas.js:1127 [BENCHMARK] 1654769668520,CSR
glCanvas.js:1127 [BENCHMARK] 1654769668575,CSR
glCanvas.js:1127 [BENCHMARK] 1654769668585,CSR
glCanvas.js:1127 [BENCHMARK] 1654769668615,CSR
glCanvas.js:1127 [BENCHMARK] 1654769668652,CSR
glCanvas.js:1127 [BENCHMARK] 1654769668873,CSR
glCanvas.js:1127 [BENCHMARK] 1654769668880,CSR
glCanvas.js:1127 [BENCHMARK] 1654769668888,CSR
glCanvas.js:1127 [BENCHMARK] 1654769668894,CSR
glCanvas.js:1127 [BENCHMARK] 1654769668959,CSR
glCanvas.js:1127 [BENCHMARK] 1654769669026,CSR
glCanvas.js:1127 [BENCHMARK] 1654769669095,CSR
glCanvas.js:1127 [BENCHMARK] 1654769669138,CSR
glCanvas.js:1127 [BENCHMARK] 1654769669232,CSR
glCanvas.js:1127 [BENCHMARK] 1654769669236,CSR
glCanvas.js:1127 [BENCHMARK] 1654769669239,CSR
glCanvas.js:1127 [BENCHMARK] 1654769669257,CSR
glCanvas.js:1127 [BENCHMARK] 1654769669277,CSR
glCanvas.js:1127 [BENCHMARK] 1654769669281,CSR
glCanvas.js:1127 [BENCHMARK] 1654769669358,CSR
glCanvas.js:1127 [BENCHMARK] 1654769669362,CSR
glCanvas.js:1127 [BENCHMARK] 1654769669365,CSR
glCanvas.js:1127 [BENCHMARK] 1654769669408,CSR
glCanvas.js:1127 [BENCHMARK] 1654769669412,CSR
