glCanvas.js:1107 [BENCHMARK] 1654768399899,X
glCanvas.js:1107 [BENCHMARK] 1654768399909,X
glCanvas.js:1107 [BENCHMARK] 1654768399915,X
glCanvas.js:1107 [BENCHMARK] 1654768400561,X
glCanvas.js:1107 [BENCHMARK] 1654768401137,X
glCanvas.js:1107 [BENCHMARK] 1654768401140,X
glCanvas.js:1107 [BENCHMARK] 1654768401146,X
glCanvas.js:1107 [BENCHMARK] 1654768401156,X
glCanvas.js:1107 [BENCHMARK] 1654768401162,X
glCanvas.js:1107 [BENCHMARK] 1654768401165,X
glCanvas.js:1127 [BENCHMARK] 1654768401612,SSR
manager.js:159 [BENCHMARK] 1654768402129,firstRender
glCanvas.js:1127 [BENCHMARK] 1654768402157,SSR
glCanvas.js:1127 [BENCHMARK] 1654768402176,SSR
glCanvas.js:1127 [BENCHMARK] 1654768402229,SSR
glCanvas.js:1127 [BENCHMARK] 1654768402231,SSR
glCanvas.js:1127 [BENCHMARK] 1654768402234,SSR
glCanvas.js:1127 [BENCHMARK] 1654768402238,SSR
glCanvas.js:1127 [BENCHMARK] 1654768402259,SSR
glCanvas.js:1127 [BENCHMARK] 1654768402412,SSR
glCanvas.js:1127 [BENCHMARK] 1654768402422,SSR
glCanvas.js:1127 [BENCHMARK] 1654768402429,SSR
glCanvas.js:1127 [BENCHMARK] 1654768402437,SSR
glCanvas.js:1127 [BENCHMARK] 1654768402448,SSR
glCanvas.js:1127 [BENCHMARK] 1654768402488,SSR
glCanvas.js:1127 [BENCHMARK] 1654768402550,SSR
glCanvas.js:1127 [BENCHMARK] 1654768403336,SSR
glCanvas.js:1127 [BENCHMARK] 1654768403432,SSR
glCanvas.js:1127 [BENCHMARK] 1654768403436,SSR
glCanvas.js:1107 [BENCHMARK] 1654768404556,X
glCanvas.js:1107 [BENCHMARK] 1654768404560,X
glCanvas.js:1107 [BENCHMARK] 1654768404575,X
glCanvas.js:1107 [BENCHMARK] 1654768404577,X
glCanvas.js:1107 [BENCHMARK] 1654768404599,X
glCanvas.js:1107 [BENCHMARK] 1654768404601,X
glCanvas.js:1107 [BENCHMARK] 1654768404624,X
glCanvas.js:1107 [BENCHMARK] 1654768404626,X
glCanvas.js:1107 [BENCHMARK] 1654768404639,X
glCanvas.js:1107 [BENCHMARK] 1654768404641,X
glCanvas.js:1107 [BENCHMARK] 1654768404653,X
glCanvas.js:1107 [BENCHMARK] 1654768404655,X
glCanvas.js:1107 [BENCHMARK] 1654768404665,X
glCanvas.js:1107 [BENCHMARK] 1654768404668,X
glCanvas.js:1107 [BENCHMARK] 1654768404680,X
glCanvas.js:1107 [BENCHMARK] 1654768404682,X
glCanvas.js:1107 [BENCHMARK] 1654768404695,X
glCanvas.js:1107 [BENCHMARK] 1654768404704,X
glCanvas.js:1107 [BENCHMARK] 1654768404708,X
glCanvas.js:1107 [BENCHMARK] 1654768404711,X
glCanvas.js:1107 [BENCHMARK] 1654768404923,X
glCanvas.js:1107 [BENCHMARK] 1654768404924,X
glCanvas.js:1107 [BENCHMARK] 1654768404942,X
glCanvas.js:1107 [BENCHMARK] 1654768404944,X
glCanvas.js:1107 [BENCHMARK] 1654768404949,X
glCanvas.js:1107 [BENCHMARK] 1654768404950,X
glCanvas.js:1107 [BENCHMARK] 1654768404961,X
glCanvas.js:1107 [BENCHMARK] 1654768404963,X
glCanvas.js:1107 [BENCHMARK] 1654768404975,X
glCanvas.js:1107 [BENCHMARK] 1654768404976,X
glCanvas.js:1107 [BENCHMARK] 1654768405242,X
glCanvas.js:1107 [BENCHMARK] 1654768405244,X
glCanvas.js:1107 [BENCHMARK] 1654768405245,X
glCanvas.js:1107 [BENCHMARK] 1654768405246,X
glCanvas.js:1107 [BENCHMARK] 1654768405247,X
glCanvas.js:1107 [BENCHMARK] 1654768405248,X
glCanvas.js:1107 [BENCHMARK] 1654768405250,X
glCanvas.js:1107 [BENCHMARK] 1654768405253,X
glCanvas.js:1107 [BENCHMARK] 1654768405255,X
glCanvas.js:1107 [BENCHMARK] 1654768405256,X
glCanvas.js:1107 [BENCHMARK] 1654768405258,X
glCanvas.js:1107 [BENCHMARK] 1654768405259,X
glCanvas.js:1107 [BENCHMARK] 1654768405268,X
glCanvas.js:1107 [BENCHMARK] 1654768405269,X
glCanvas.js:1107 [BENCHMARK] 1654768405281,X
glCanvas.js:1107 [BENCHMARK] 1654768405282,X
glCanvas.js:1107 [BENCHMARK] 1654768405294,X
glCanvas.js:1107 [BENCHMARK] 1654768405295,X
glCanvas.js:1107 [BENCHMARK] 1654768405307,X
glCanvas.js:1107 [BENCHMARK] 1654768405309,X
glCanvas.js:1107 [BENCHMARK] 1654768405320,X
glCanvas.js:1107 [BENCHMARK] 1654768405321,X
glCanvas.js:1107 [BENCHMARK] 1654768405333,X
glCanvas.js:1107 [BENCHMARK] 1654768405334,X
glCanvas.js:1107 [BENCHMARK] 1654768405345,X
glCanvas.js:1107 [BENCHMARK] 1654768405347,X
glCanvas.js:1107 [BENCHMARK] 1654768405358,X
glCanvas.js:1107 [BENCHMARK] 1654768405359,X
glCanvas.js:1107 [BENCHMARK] 1654768405370,X
glCanvas.js:1107 [BENCHMARK] 1654768405372,X
glCanvas.js:1107 [BENCHMARK] 1654768405589,X
glCanvas.js:1107 [BENCHMARK] 1654768405590,X
glCanvas.js:1107 [BENCHMARK] 1654768405595,X
glCanvas.js:1107 [BENCHMARK] 1654768405596,X
glCanvas.js:1107 [BENCHMARK] 1654768405600,X
glCanvas.js:1107 [BENCHMARK] 1654768405601,X
glCanvas.js:1107 [BENCHMARK] 1654768405606,X
glCanvas.js:1107 [BENCHMARK] 1654768405607,X
glCanvas.js:1107 [BENCHMARK] 1654768405611,X
glCanvas.js:1107 [BENCHMARK] 1654768405613,X
glCanvas.js:1107 [BENCHMARK] 1654768405617,X
glCanvas.js:1107 [BENCHMARK] 1654768405618,X
glCanvas.js:1107 [BENCHMARK] 1654768405623,X
glCanvas.js:1107 [BENCHMARK] 1654768405624,X
glCanvas.js:1107 [BENCHMARK] 1654768405629,X
glCanvas.js:1107 [BENCHMARK] 1654768405630,X
glCanvas.js:1107 [BENCHMARK] 1654768405634,X
glCanvas.js:1107 [BENCHMARK] 1654768405635,X
glCanvas.js:1107 [BENCHMARK] 1654768405640,X
glCanvas.js:1107 [BENCHMARK] 1654768405641,X
glCanvas.js:1107 [BENCHMARK] 1654768405801,X
glCanvas.js:1107 [BENCHMARK] 1654768405828,X
glCanvas.js:1107 [BENCHMARK] 1654768405849,X
glCanvas.js:1107 [BENCHMARK] 1654768405851,X
glCanvas.js:1107 [BENCHMARK] 1654768405852,X
glCanvas.js:1107 [BENCHMARK] 1654768405856,X
glCanvas.js:1107 [BENCHMARK] 1654768405857,X
glCanvas.js:1107 [BENCHMARK] 1654768405865,X
glCanvas.js:1107 [BENCHMARK] 1654768405866,X
glCanvas.js:1107 [BENCHMARK] 1654768405868,X
glCanvas.js:1107 [BENCHMARK] 1654768405881,X
glCanvas.js:1107 [BENCHMARK] 1654768405883,X
glCanvas.js:1107 [BENCHMARK] 1654768405884,X
glCanvas.js:1107 [BENCHMARK] 1654768405885,X
glCanvas.js:1107 [BENCHMARK] 1654768405887,X
glCanvas.js:1107 [BENCHMARK] 1654768405888,X
glCanvas.js:1107 [BENCHMARK] 1654768405889,X
glCanvas.js:1107 [BENCHMARK] 1654768405890,X
glCanvas.js:1107 [BENCHMARK] 1654768405892,X
glCanvas.js:1107 [BENCHMARK] 1654768405894,X
glCanvas.js:1107 [BENCHMARK] 1654768405898,X
glCanvas.js:1107 [BENCHMARK] 1654768405899,X
glCanvas.js:1107 [BENCHMARK] 1654768405913,X
glCanvas.js:1107 [BENCHMARK] 1654768405915,X
glCanvas.js:1107 [BENCHMARK] 1654768405917,X
glCanvas.js:1107 [BENCHMARK] 1654768405934,X
glCanvas.js:1107 [BENCHMARK] 1654768405939,X
glCanvas.js:1107 [BENCHMARK] 1654768405951,X
glCanvas.js:1107 [BENCHMARK] 1654768405963,X
glCanvas.js:1107 [BENCHMARK] 1654768406000,X
glCanvas.js:1107 [BENCHMARK] 1654768406006,X
glCanvas.js:1107 [BENCHMARK] 1654768406088,X
glCanvas.js:1107 [BENCHMARK] 1654768406109,X
glCanvas.js:1107 [BENCHMARK] 1654768406124,X
glCanvas.js:1107 [BENCHMARK] 1654768406141,X
glCanvas.js:1107 [BENCHMARK] 1654768406160,X
glCanvas.js:1107 [BENCHMARK] 1654768406165,X
glCanvas.js:1107 [BENCHMARK] 1654768406169,X
glCanvas.js:1107 [BENCHMARK] 1654768406176,X
glCanvas.js:1107 [BENCHMARK] 1654768406188,X
glCanvas.js:1107 [BENCHMARK] 1654768406200,X
glCanvas.js:1107 [BENCHMARK] 1654768406216,X
glCanvas.js:1107 [BENCHMARK] 1654768406220,X
glCanvas.js:1107 [BENCHMARK] 1654768406222,X
glCanvas.js:1127 [BENCHMARK] 1654768406458,SSR
glCanvas.js:1127 [BENCHMARK] 1654768406478,SSR
glCanvas.js:1127 [BENCHMARK] 1654768406493,SSR
glCanvas.js:1127 [BENCHMARK] 1654768406511,SSR
glCanvas.js:1127 [BENCHMARK] 1654768406536,CSR
glCanvas.js:1127 [BENCHMARK] 1654768406546,CSR
glCanvas.js:1127 [BENCHMARK] 1654768406552,CSR
glCanvas.js:1127 [BENCHMARK] 1654768406557,CSR
glCanvas.js:1127 [BENCHMARK] 1654768406579,CSR
glCanvas.js:1127 [BENCHMARK] 1654768406585,CSR
glCanvas.js:1127 [BENCHMARK] 1654768406590,CSR
glCanvas.js:1127 [BENCHMARK] 1654768406609,CSR
glCanvas.js:1127 [BENCHMARK] 1654768406615,CSR
glCanvas.js:1127 [BENCHMARK] 1654768406620,CSR
glCanvas.js:1127 [BENCHMARK] 1654768406639,CSR
glCanvas.js:1127 [BENCHMARK] 1654768406651,CSR
glCanvas.js:1127 [BENCHMARK] 1654768406657,CSR
glCanvas.js:1127 [BENCHMARK] 1654768406664,CSR
glCanvas.js:1127 [BENCHMARK] 1654768406676,CSR
glCanvas.js:1127 [BENCHMARK] 1654768406681,CSR
glCanvas.js:1127 [BENCHMARK] 1654768406685,CSR
glCanvas.js:1127 [BENCHMARK] 1654768406703,CSR
glCanvas.js:1127 [BENCHMARK] 1654768406915,CSR
glCanvas.js:1127 [BENCHMARK] 1654768407015,CSR
glCanvas.js:1127 [BENCHMARK] 1654768407017,SSR
glCanvas.js:1127 [BENCHMARK] 1654768407284,CSR
glCanvas.js:1127 [BENCHMARK] 1654768407290,CSR
glCanvas.js:1127 [BENCHMARK] 1654768407297,CSR
glCanvas.js:1127 [BENCHMARK] 1654768407304,CSR
glCanvas.js:1127 [BENCHMARK] 1654768407326,CSR
glCanvas.js:1127 [BENCHMARK] 1654768407330,CSR
glCanvas.js:1127 [BENCHMARK] 1654768407334,CSR
glCanvas.js:1127 [BENCHMARK] 1654768407348,CSR
glCanvas.js:1127 [BENCHMARK] 1654768407352,CSR
glCanvas.js:1127 [BENCHMARK] 1654768407356,CSR
glCanvas.js:1127 [BENCHMARK] 1654768407750,CSR
glCanvas.js:1127 [BENCHMARK] 1654768408036,CSR
glCanvas.js:1127 [BENCHMARK] 1654768408050,CSR
glCanvas.js:1127 [BENCHMARK] 1654768408057,CSR
glCanvas.js:1127 [BENCHMARK] 1654768408063,CSR
glCanvas.js:1127 [BENCHMARK] 1654768408080,CSR
glCanvas.js:1127 [BENCHMARK] 1654768408086,CSR
glCanvas.js:1127 [BENCHMARK] 1654768408092,CSR
glCanvas.js:1127 [BENCHMARK] 1654768408111,CSR
glCanvas.js:1127 [BENCHMARK] 1654768408116,CSR
glCanvas.js:1127 [BENCHMARK] 1654768408120,CSR
glCanvas.js:1127 [BENCHMARK] 1654768408123,CSR
glCanvas.js:1127 [BENCHMARK] 1654768408140,CSR
glCanvas.js:1127 [BENCHMARK] 1654768408143,CSR
glCanvas.js:1127 [BENCHMARK] 1654768408147,CSR
glCanvas.js:1127 [BENCHMARK] 1654768408150,CSR
glCanvas.js:1127 [BENCHMARK] 1654768408157,CSR
glCanvas.js:1127 [BENCHMARK] 1654768408162,CSR
glCanvas.js:1127 [BENCHMARK] 1654768408164,CSR
glCanvas.js:1127 [BENCHMARK] 1654768408170,CSR
glCanvas.js:1127 [BENCHMARK] 1654768408219,CSR
glCanvas.js:1127 [BENCHMARK] 1654768408221,CSR
glCanvas.js:1127 [BENCHMARK] 1654768408223,CSR
glCanvas.js:1127 [BENCHMARK] 1654768408225,CSR
glCanvas.js:1127 [BENCHMARK] 1654768408227,CSR
glCanvas.js:1127 [BENCHMARK] 1654768408229,CSR
glCanvas.js:1127 [BENCHMARK] 1654768408231,CSR
glCanvas.js:1127 [BENCHMARK] 1654768408233,CSR
glCanvas.js:1127 [BENCHMARK] 1654768408235,CSR
glCanvas.js:1127 [BENCHMARK] 1654768408237,CSR
glCanvas.js:1127 [BENCHMARK] 1654768408239,CSR
glCanvas.js:1127 [BENCHMARK] 1654768408241,CSR
glCanvas.js:1127 [BENCHMARK] 1654768408246,CSR
glCanvas.js:1127 [BENCHMARK] 1654768408305,CSR
glCanvas.js:1127 [BENCHMARK] 1654768408311,CSR
glCanvas.js:1127 [BENCHMARK] 1654768408316,CSR
glCanvas.js:1127 [BENCHMARK] 1654768408332,CSR
glCanvas.js:1127 [BENCHMARK] 1654768408337,CSR
glCanvas.js:1127 [BENCHMARK] 1654768408342,CSR
glCanvas.js:1127 [BENCHMARK] 1654768408355,CSR
glCanvas.js:1127 [BENCHMARK] 1654768408359,CSR
glCanvas.js:1127 [BENCHMARK] 1654768408363,CSR
glCanvas.js:1127 [BENCHMARK] 1654768408394,CSR
glCanvas.js:1127 [BENCHMARK] 1654768408489,CSR
glCanvas.js:1127 [BENCHMARK] 1654768408491,CSR
glCanvas.js:1127 [BENCHMARK] 1654768408493,CSR
glCanvas.js:1127 [BENCHMARK] 1654768408495,CSR
glCanvas.js:1127 [BENCHMARK] 1654768408497,CSR
glCanvas.js:1127 [BENCHMARK] 1654768408498,CSR
glCanvas.js:1127 [BENCHMARK] 1654768408500,CSR
glCanvas.js:1127 [BENCHMARK] 1654768408502,CSR
glCanvas.js:1127 [BENCHMARK] 1654768408504,CSR
glCanvas.js:1127 [BENCHMARK] 1654768408505,CSR
glCanvas.js:1127 [BENCHMARK] 1654768408507,CSR
glCanvas.js:1127 [BENCHMARK] 1654768408509,CSR
glCanvas.js:1107 [BENCHMARK] 1654768408511,X
glCanvas.js:1107 [BENCHMARK] 1654768408512,X
glCanvas.js:1107 [BENCHMARK] 1654768408514,X
glCanvas.js:1107 [BENCHMARK] 1654768408515,X
glCanvas.js:1107 [BENCHMARK] 1654768408517,X
glCanvas.js:1107 [BENCHMARK] 1654768408518,X
glCanvas.js:1107 [BENCHMARK] 1654768408519,X
glCanvas.js:1107 [BENCHMARK] 1654768408520,X
glCanvas.js:1107 [BENCHMARK] 1654768409515,X
glCanvas.js:1107 [BENCHMARK] 1654768409521,X
glCanvas.js:1107 [BENCHMARK] 1654768409526,X
glCanvas.js:1127 [BENCHMARK] 1654768409533,CSR
glCanvas.js:1127 [BENCHMARK] 1654768409540,CSR
glCanvas.js:1127 [BENCHMARK] 1654768409544,CSR
glCanvas.js:1127 [BENCHMARK] 1654768409550,CSR
glCanvas.js:1127 [BENCHMARK] 1654768409559,CSR
glCanvas.js:1127 [BENCHMARK] 1654768409562,CSR
glCanvas.js:1127 [BENCHMARK] 1654768409568,CSR
glCanvas.js:1127 [BENCHMARK] 1654768409583,CSR
glCanvas.js:1127 [BENCHMARK] 1654768409586,CSR
glCanvas.js:1127 [BENCHMARK] 1654768409589,CSR
glCanvas.js:1127 [BENCHMARK] 1654768409796,CSR
glCanvas.js:1127 [BENCHMARK] 1654768409803,CSR
glCanvas.js:1127 [BENCHMARK] 1654768409807,CSR
glCanvas.js:1127 [BENCHMARK] 1654768409814,CSR
glCanvas.js:1127 [BENCHMARK] 1654768409820,CSR
glCanvas.js:1127 [BENCHMARK] 1654768409828,CSR
glCanvas.js:1127 [BENCHMARK] 1654768409831,CSR
glCanvas.js:1127 [BENCHMARK] 1654768409837,CSR
glCanvas.js:1127 [BENCHMARK] 1654768409853,CSR
glCanvas.js:1127 [BENCHMARK] 1654768409855,CSR
glCanvas.js:1127 [BENCHMARK] 1654768409857,CSR
glCanvas.js:1127 [BENCHMARK] 1654768409860,CSR
glCanvas.js:1127 [BENCHMARK] 1654768409883,CSR
glCanvas.js:1127 [BENCHMARK] 1654768410075,CSR
glCanvas.js:1127 [BENCHMARK] 1654768410089,CSR
glCanvas.js:1127 [BENCHMARK] 1654768410097,CSR
glCanvas.js:1127 [BENCHMARK] 1654768410103,CSR
glCanvas.js:1127 [BENCHMARK] 1654768410117,CSR
glCanvas.js:1127 [BENCHMARK] 1654768410127,CSR
glCanvas.js:1127 [BENCHMARK] 1654768410133,CSR
glCanvas.js:1127 [BENCHMARK] 1654768410141,CSR
glCanvas.js:1127 [BENCHMARK] 1654768410153,CSR
glCanvas.js:1127 [BENCHMARK] 1654768410156,CSR
glCanvas.js:1127 [BENCHMARK] 1654768410163,CSR
glCanvas.js:1127 [BENCHMARK] 1654768410166,CSR
glCanvas.js:1127 [BENCHMARK] 1654768410183,CSR
glCanvas.js:1127 [BENCHMARK] 1654768410189,CSR
glCanvas.js:1107 [BENCHMARK] 1654768410192,X
glCanvas.js:1107 [BENCHMARK] 1654768410197,X
glCanvas.js:1107 [BENCHMARK] 1654768410210,X
glCanvas.js:1107 [BENCHMARK] 1654768410214,X
glCanvas.js:1107 [BENCHMARK] 1654768410218,X
glCanvas.js:1107 [BENCHMARK] 1654768410228,X
glCanvas.js:1107 [BENCHMARK] 1654768410233,X
glCanvas.js:1107 [BENCHMARK] 1654768410409,X
glCanvas.js:1107 [BENCHMARK] 1654768410423,X
glCanvas.js:1107 [BENCHMARK] 1654768410436,X
glCanvas.js:1107 [BENCHMARK] 1654768410448,X
glCanvas.js:1107 [BENCHMARK] 1654768410461,X
glCanvas.js:1107 [BENCHMARK] 1654768410478,X
glCanvas.js:1107 [BENCHMARK] 1654768410486,X
glCanvas.js:1107 [BENCHMARK] 1654768410499,X
glCanvas.js:1107 [BENCHMARK] 1654768410512,X
glCanvas.js:1107 [BENCHMARK] 1654768410525,X
glCanvas.js:1107 [BENCHMARK] 1654768410777,X
glCanvas.js:1127 [BENCHMARK] 1654768411106,SSR
glCanvas.js:1127 [BENCHMARK] 1654768411140,CSR
glCanvas.js:1127 [BENCHMARK] 1654768411145,CSR
glCanvas.js:1127 [BENCHMARK] 1654768411150,CSR
glCanvas.js:1127 [BENCHMARK] 1654768411159,CSR
glCanvas.js:1127 [BENCHMARK] 1654768411163,CSR
glCanvas.js:1127 [BENCHMARK] 1654768411167,CSR
glCanvas.js:1127 [BENCHMARK] 1654768411185,CSR
glCanvas.js:1127 [BENCHMARK] 1654768411190,CSR
glCanvas.js:1127 [BENCHMARK] 1654768411194,CSR
glCanvas.js:1127 [BENCHMARK] 1654768411546,CSR
glCanvas.js:1127 [BENCHMARK] 1654768411644,CSR
glCanvas.js:1127 [BENCHMARK] 1654768411648,SSR
glCanvas.js:1127 [BENCHMARK] 1654768412181,CSR
glCanvas.js:1127 [BENCHMARK] 1654768412188,CSR
glCanvas.js:1127 [BENCHMARK] 1654768412194,CSR
glCanvas.js:1127 [BENCHMARK] 1654768412199,CSR
glCanvas.js:1127 [BENCHMARK] 1654768412215,CSR
glCanvas.js:1127 [BENCHMARK] 1654768412220,CSR
glCanvas.js:1127 [BENCHMARK] 1654768412225,CSR
glCanvas.js:1127 [BENCHMARK] 1654768412242,CSR
glCanvas.js:1127 [BENCHMARK] 1654768412247,CSR
glCanvas.js:1127 [BENCHMARK] 1654768412253,CSR
glCanvas.js:1127 [BENCHMARK] 1654768412592,CSR
glCanvas.js:1127 [BENCHMARK] 1654768412827,CSR
glCanvas.js:1127 [BENCHMARK] 1654768412828,CSR
glCanvas.js:1127 [BENCHMARK] 1654768412831,CSR
glCanvas.js:1127 [BENCHMARK] 1654768412832,CSR
glCanvas.js:1127 [BENCHMARK] 1654768412834,CSR
glCanvas.js:1127 [BENCHMARK] 1654768412835,CSR
glCanvas.js:1127 [BENCHMARK] 1654768412837,CSR
glCanvas.js:1127 [BENCHMARK] 1654768412839,CSR
glCanvas.js:1127 [BENCHMARK] 1654768412842,CSR
glCanvas.js:1127 [BENCHMARK] 1654768412844,CSR
glCanvas.js:1127 [BENCHMARK] 1654768412846,CSR
glCanvas.js:1127 [BENCHMARK] 1654768412847,CSR
glCanvas.js:1107 [BENCHMARK] 1654768412849,X
glCanvas.js:1107 [BENCHMARK] 1654768412850,X
glCanvas.js:1107 [BENCHMARK] 1654768412852,X
glCanvas.js:1107 [BENCHMARK] 1654768412853,X
glCanvas.js:1107 [BENCHMARK] 1654768412855,X
glCanvas.js:1107 [BENCHMARK] 1654768412856,X
glCanvas.js:1107 [BENCHMARK] 1654768412858,X
glCanvas.js:1107 [BENCHMARK] 1654768412859,X
glCanvas.js:1107 [BENCHMARK] 1654768412888,X
glCanvas.js:1107 [BENCHMARK] 1654768412893,X
glCanvas.js:1107 [BENCHMARK] 1654768412897,X
glCanvas.js:1127 [BENCHMARK] 1654768412921,CSR
glCanvas.js:1127 [BENCHMARK] 1654768412927,CSR
glCanvas.js:1127 [BENCHMARK] 1654768412932,CSR
glCanvas.js:1127 [BENCHMARK] 1654768412948,CSR
glCanvas.js:1127 [BENCHMARK] 1654768412953,CSR
glCanvas.js:1127 [BENCHMARK] 1654768412957,CSR
glCanvas.js:1127 [BENCHMARK] 1654768412978,CSR
glCanvas.js:1127 [BENCHMARK] 1654768413081,CSR
glCanvas.js:1127 [BENCHMARK] 1654768413083,CSR
glCanvas.js:1127 [BENCHMARK] 1654768413085,CSR
glCanvas.js:1127 [BENCHMARK] 1654768413086,CSR
glCanvas.js:1127 [BENCHMARK] 1654768413089,CSR
glCanvas.js:1127 [BENCHMARK] 1654768413090,CSR
glCanvas.js:1127 [BENCHMARK] 1654768413092,CSR
glCanvas.js:1127 [BENCHMARK] 1654768413094,CSR
glCanvas.js:1127 [BENCHMARK] 1654768413097,CSR
glCanvas.js:1127 [BENCHMARK] 1654768413098,CSR
glCanvas.js:1127 [BENCHMARK] 1654768413101,CSR
glCanvas.js:1127 [BENCHMARK] 1654768413103,CSR
glCanvas.js:1127 [BENCHMARK] 1654768413105,SSR
glCanvas.js:1127 [BENCHMARK] 1654768413107,SSR
glCanvas.js:1107 [BENCHMARK] 1654768413109,X
glCanvas.js:1107 [BENCHMARK] 1654768413110,X
glCanvas.js:1107 [BENCHMARK] 1654768413112,X
glCanvas.js:1107 [BENCHMARK] 1654768413113,X
glCanvas.js:1107 [BENCHMARK] 1654768413115,X
glCanvas.js:1107 [BENCHMARK] 1654768413116,X
glCanvas.js:1107 [BENCHMARK] 1654768413271,X
glCanvas.js:1107 [BENCHMARK] 1654768413272,X
glCanvas.js:1107 [BENCHMARK] 1654768413277,X
glCanvas.js:1107 [BENCHMARK] 1654768413278,X
glCanvas.js:1107 [BENCHMARK] 1654768413282,X
glCanvas.js:1107 [BENCHMARK] 1654768413283,X
glCanvas.js:1107 [BENCHMARK] 1654768413288,X
glCanvas.js:1107 [BENCHMARK] 1654768413290,X
glCanvas.js:1107 [BENCHMARK] 1654768413305,X
glCanvas.js:1107 [BENCHMARK] 1654768413307,X
glCanvas.js:1107 [BENCHMARK] 1654768413309,X
glCanvas.js:1107 [BENCHMARK] 1654768413312,X
glCanvas.js:1107 [BENCHMARK] 1654768413314,X
glCanvas.js:1107 [BENCHMARK] 1654768413315,X
glCanvas.js:1107 [BENCHMARK] 1654768413317,X
glCanvas.js:1107 [BENCHMARK] 1654768413318,X
glCanvas.js:1107 [BENCHMARK] 1654768413319,X
glCanvas.js:1107 [BENCHMARK] 1654768413320,X
glCanvas.js:1107 [BENCHMARK] 1654768413324,X
glCanvas.js:1107 [BENCHMARK] 1654768413325,X
glCanvas.js:1107 [BENCHMARK] 1654768413439,X
glCanvas.js:1107 [BENCHMARK] 1654768413488,X
glCanvas.js:1107 [BENCHMARK] 1654768413502,X
glCanvas.js:1107 [BENCHMARK] 1654768413511,X
glCanvas.js:1107 [BENCHMARK] 1654768413521,X
glCanvas.js:1107 [BENCHMARK] 1654768413533,X
glCanvas.js:1107 [BENCHMARK] 1654768413534,X
glCanvas.js:1107 [BENCHMARK] 1654768413539,X
glCanvas.js:1107 [BENCHMARK] 1654768413540,X
glCanvas.js:1107 [BENCHMARK] 1654768413547,X
glCanvas.js:1107 [BENCHMARK] 1654768413548,X
glCanvas.js:1107 [BENCHMARK] 1654768413551,X
glCanvas.js:1107 [BENCHMARK] 1654768413552,X
glCanvas.js:1107 [BENCHMARK] 1654768413556,X
glCanvas.js:1107 [BENCHMARK] 1654768413558,X
glCanvas.js:1107 [BENCHMARK] 1654768413562,X
glCanvas.js:1107 [BENCHMARK] 1654768413563,X
glCanvas.js:1107 [BENCHMARK] 1654768413571,X
glCanvas.js:1107 [BENCHMARK] 1654768413574,X
glCanvas.js:1107 [BENCHMARK] 1654768413575,X
glCanvas.js:1107 [BENCHMARK] 1654768413576,X
glCanvas.js:1107 [BENCHMARK] 1654768413579,X
glCanvas.js:1107 [BENCHMARK] 1654768413580,X
glCanvas.js:1107 [BENCHMARK] 1654768413585,X
glCanvas.js:1107 [BENCHMARK] 1654768413586,X
glCanvas.js:1127 [BENCHMARK] 1654768413591,SSR
glCanvas.js:1127 [BENCHMARK] 1654768413592,SSR
glCanvas.js:1107 [BENCHMARK] 1654768413597,X
glCanvas.js:1107 [BENCHMARK] 1654768413598,X
glCanvas.js:1107 [BENCHMARK] 1654768413720,X
glCanvas.js:1107 [BENCHMARK] 1654768413750,X
glCanvas.js:1107 [BENCHMARK] 1654768413807,X
glCanvas.js:1107 [BENCHMARK] 1654768413809,X
glCanvas.js:1107 [BENCHMARK] 1654768413813,X
glCanvas.js:1107 [BENCHMARK] 1654768413814,X
glCanvas.js:1107 [BENCHMARK] 1654768413819,X
glCanvas.js:1107 [BENCHMARK] 1654768413820,X
glCanvas.js:1107 [BENCHMARK] 1654768413824,X
glCanvas.js:1107 [BENCHMARK] 1654768413825,X
glCanvas.js:1107 [BENCHMARK] 1654768413830,X
glCanvas.js:1107 [BENCHMARK] 1654768413831,X
glCanvas.js:1107 [BENCHMARK] 1654768413841,X
glCanvas.js:1107 [BENCHMARK] 1654768413845,X
glCanvas.js:1107 [BENCHMARK] 1654768413847,X
glCanvas.js:1107 [BENCHMARK] 1654768413848,X
glCanvas.js:1107 [BENCHMARK] 1654768413850,X
glCanvas.js:1107 [BENCHMARK] 1654768413850,X
glCanvas.js:1107 [BENCHMARK] 1654768413852,X
glCanvas.js:1107 [BENCHMARK] 1654768413853,X
glCanvas.js:1107 [BENCHMARK] 1654768413858,X
glCanvas.js:1107 [BENCHMARK] 1654768413859,X
glCanvas.js:1107 [BENCHMARK] 1654768413863,X
glCanvas.js:1107 [BENCHMARK] 1654768413864,X
glCanvas.js:1107 [BENCHMARK] 1654768413869,X
glCanvas.js:1107 [BENCHMARK] 1654768413870,X
glCanvas.js:1107 [BENCHMARK] 1654768413884,X
glCanvas.js:1107 [BENCHMARK] 1654768413984,X
glCanvas.js:1127 [BENCHMARK] 1654768413986,SSR
glCanvas.js:1127 [BENCHMARK] 1654768414864,SSR
glCanvas.js:1107 [BENCHMARK] 1654768415088,X
glCanvas.js:1107 [BENCHMARK] 1654768415194,X
glCanvas.js:1107 [BENCHMARK] 1654768415195,X
glCanvas.js:1107 [BENCHMARK] 1654768415197,X
glCanvas.js:1107 [BENCHMARK] 1654768415198,X
glCanvas.js:1107 [BENCHMARK] 1654768415200,X
glCanvas.js:1107 [BENCHMARK] 1654768415201,X
glCanvas.js:1107 [BENCHMARK] 1654768415202,X
glCanvas.js:1107 [BENCHMARK] 1654768415204,X
glCanvas.js:1107 [BENCHMARK] 1654768415205,X
glCanvas.js:1107 [BENCHMARK] 1654768415339,X
glCanvas.js:1107 [BENCHMARK] 1654768415352,X
glCanvas.js:1107 [BENCHMARK] 1654768415358,X
glCanvas.js:1107 [BENCHMARK] 1654768415363,X
glCanvas.js:1107 [BENCHMARK] 1654768415369,X
glCanvas.js:1107 [BENCHMARK] 1654768415375,X
glCanvas.js:1107 [BENCHMARK] 1654768415380,X
glCanvas.js:1107 [BENCHMARK] 1654768415386,X
glCanvas.js:1107 [BENCHMARK] 1654768415392,X
glCanvas.js:1107 [BENCHMARK] 1654768415398,X
glCanvas.js:1107 [BENCHMARK] 1654768415404,X
glCanvas.js:1107 [BENCHMARK] 1654768415478,X
glCanvas.js:1107 [BENCHMARK] 1654768415614,X
glCanvas.js:1107 [BENCHMARK] 1654768415620,X
glCanvas.js:1107 [BENCHMARK] 1654768415626,X
glCanvas.js:1127 [BENCHMARK] 1654768415632,SSR
glCanvas.js:1127 [BENCHMARK] 1654768415638,CSR
glCanvas.js:1127 [BENCHMARK] 1654768415643,CSR
glCanvas.js:1127 [BENCHMARK] 1654768415649,CSR
glCanvas.js:1127 [BENCHMARK] 1654768415655,CSR
glCanvas.js:1127 [BENCHMARK] 1654768415661,CSR
glCanvas.js:1127 [BENCHMARK] 1654768415670,CSR
glCanvas.js:1127 [BENCHMARK] 1654768416093,CSR
glCanvas.js:1127 [BENCHMARK] 1654768416471,CSR
glCanvas.js:1127 [BENCHMARK] 1654768416476,CSR
glCanvas.js:1127 [BENCHMARK] 1654768416481,CSR
glCanvas.js:1127 [BENCHMARK] 1654768416486,CSR
glCanvas.js:1127 [BENCHMARK] 1654768416495,CSR
glCanvas.js:1127 [BENCHMARK] 1654768416500,CSR
glCanvas.js:1127 [BENCHMARK] 1654768416505,CSR
glCanvas.js:1127 [BENCHMARK] 1654768416515,CSR
glCanvas.js:1127 [BENCHMARK] 1654768416522,CSR
glCanvas.js:1127 [BENCHMARK] 1654768416527,CSR
glCanvas.js:1127 [BENCHMARK] 1654768416678,CSR
glCanvas.js:1127 [BENCHMARK] 1654768416680,CSR
glCanvas.js:1127 [BENCHMARK] 1654768416773,CSR
glCanvas.js:1127 [BENCHMARK] 1654768416774,CSR
glCanvas.js:1127 [BENCHMARK] 1654768416777,CSR
glCanvas.js:1127 [BENCHMARK] 1654768416778,CSR
glCanvas.js:1127 [BENCHMARK] 1654768416780,CSR
glCanvas.js:1127 [BENCHMARK] 1654768416782,CSR
glCanvas.js:1127 [BENCHMARK] 1654768416784,CSR
glCanvas.js:1127 [BENCHMARK] 1654768416785,CSR
glCanvas.js:1127 [BENCHMARK] 1654768416787,CSR
glCanvas.js:1127 [BENCHMARK] 1654768416789,CSR
glCanvas.js:1127 [BENCHMARK] 1654768416791,CSR
glCanvas.js:1127 [BENCHMARK] 1654768416793,CSR
glCanvas.js:1127 [BENCHMARK] 1654768416795,CSR
glCanvas.js:1127 [BENCHMARK] 1654768416797,CSR
glCanvas.js:1127 [BENCHMARK] 1654768416799,CSR
glCanvas.js:1127 [BENCHMARK] 1654768416801,CSR
glCanvas.js:1127 [BENCHMARK] 1654768416803,CSR
glCanvas.js:1127 [BENCHMARK] 1654768416804,CSR
glCanvas.js:1127 [BENCHMARK] 1654768417249,CSR
glCanvas.js:1127 [BENCHMARK] 1654768417251,CSR
glCanvas.js:1127 [BENCHMARK] 1654768417253,CSR
glCanvas.js:1127 [BENCHMARK] 1654768417255,CSR
glCanvas.js:1127 [BENCHMARK] 1654768417257,CSR
glCanvas.js:1127 [BENCHMARK] 1654768417259,CSR
glCanvas.js:1127 [BENCHMARK] 1654768417261,CSR
glCanvas.js:1127 [BENCHMARK] 1654768417262,CSR
glCanvas.js:1127 [BENCHMARK] 1654768417264,CSR
glCanvas.js:1127 [BENCHMARK] 1654768417266,CSR
glCanvas.js:1107 [BENCHMARK] 1654768417268,X
glCanvas.js:1107 [BENCHMARK] 1654768417269,X
glCanvas.js:1107 [BENCHMARK] 1654768417270,X
glCanvas.js:1107 [BENCHMARK] 1654768417271,X
glCanvas.js:1107 [BENCHMARK] 1654768417272,X
glCanvas.js:1107 [BENCHMARK] 1654768417273,X
glCanvas.js:1107 [BENCHMARK] 1654768417274,X
glCanvas.js:1107 [BENCHMARK] 1654768417275,X
glCanvas.js:1127 [BENCHMARK] 1654768417276,SSR
glCanvas.js:1127 [BENCHMARK] 1654768417278,SSR
glCanvas.js:1107 [BENCHMARK] 1654768417345,X
glCanvas.js:1107 [BENCHMARK] 1654768417346,X
glCanvas.js:1107 [BENCHMARK] 1654768417358,X
glCanvas.js:1107 [BENCHMARK] 1654768417359,X
glCanvas.js:1107 [BENCHMARK] 1654768417371,X
glCanvas.js:1107 [BENCHMARK] 1654768417372,X
glCanvas.js:1107 [BENCHMARK] 1654768417384,X
glCanvas.js:1107 [BENCHMARK] 1654768417385,X
glCanvas.js:1107 [BENCHMARK] 1654768417396,X
glCanvas.js:1107 [BENCHMARK] 1654768417399,X
glCanvas.js:1107 [BENCHMARK] 1654768417409,X
glCanvas.js:1107 [BENCHMARK] 1654768417410,X
glCanvas.js:1107 [BENCHMARK] 1654768417422,X
glCanvas.js:1107 [BENCHMARK] 1654768417423,X
glCanvas.js:1107 [BENCHMARK] 1654768417434,X
glCanvas.js:1107 [BENCHMARK] 1654768417435,X
glCanvas.js:1127 [BENCHMARK] 1654768417447,SSR
glCanvas.js:1127 [BENCHMARK] 1654768417448,SSR
glCanvas.js:1127 [BENCHMARK] 1654768417455,SSR
glCanvas.js:1127 [BENCHMARK] 1654768417459,SSR
glCanvas.js:1127 [BENCHMARK] 1654768417461,SSR
glCanvas.js:1127 [BENCHMARK] 1654768417613,SSR
glCanvas.js:1127 [BENCHMARK] 1654768417622,SSR
glCanvas.js:1127 [BENCHMARK] 1654768417629,SSR
glCanvas.js:1127 [BENCHMARK] 1654768417637,SSR
glCanvas.js:1127 [BENCHMARK] 1654768417645,SSR
glCanvas.js:1127 [BENCHMARK] 1654768417658,SSR
glCanvas.js:1127 [BENCHMARK] 1654768417678,SSR
glCanvas.js:1127 [BENCHMARK] 1654768417679,SSR
glCanvas.js:1127 [BENCHMARK] 1654768417688,SSR
glCanvas.js:1127 [BENCHMARK] 1654768417691,SSR
glCanvas.js:1127 [BENCHMARK] 1654768417693,SSR
glCanvas.js:1107 [BENCHMARK] 1654768417706,X
glCanvas.js:1107 [BENCHMARK] 1654768417708,X
glCanvas.js:1127 [BENCHMARK] 1654768417718,SSR
glCanvas.js:1127 [BENCHMARK] 1654768417720,SSR
glCanvas.js:1107 [BENCHMARK] 1654768417750,X
glCanvas.js:1107 [BENCHMARK] 1654768417751,X
glCanvas.js:1127 [BENCHMARK] 1654768417753,SSR
glCanvas.js:1127 [BENCHMARK] 1654768417754,SSR
glCanvas.js:1127 [BENCHMARK] 1654768417756,SSR
glCanvas.js:1127 [BENCHMARK] 1654768417757,SSR
glCanvas.js:1127 [BENCHMARK] 1654768417768,SSR
glCanvas.js:1127 [BENCHMARK] 1654768417770,SSR
glCanvas.js:1127 [BENCHMARK] 1654768417782,SSR
glCanvas.js:1127 [BENCHMARK] 1654768417783,SSR
glCanvas.js:1127 [BENCHMARK] 1654768417795,SSR
glCanvas.js:1127 [BENCHMARK] 1654768417796,SSR
glCanvas.js:1127 [BENCHMARK] 1654768417950,SSR
glCanvas.js:1127 [BENCHMARK] 1654768417966,SSR
glCanvas.js:1127 [BENCHMARK] 1654768418059,SSR
glCanvas.js:1127 [BENCHMARK] 1654768418474,SSR
glCanvas.js:1127 [BENCHMARK] 1654768418500,SSR
glCanvas.js:1127 [BENCHMARK] 1654768418528,SSR
glCanvas.js:1127 [BENCHMARK] 1654768418539,SSR
glCanvas.js:1127 [BENCHMARK] 1654768418546,SSR
glCanvas.js:1127 [BENCHMARK] 1654768418553,SSR
glCanvas.js:1127 [BENCHMARK] 1654768418563,SSR
glCanvas.js:1127 [BENCHMARK] 1654768418570,SSR
glCanvas.js:1127 [BENCHMARK] 1654768418578,SSR
glCanvas.js:1127 [BENCHMARK] 1654768418588,SSR
glCanvas.js:1127 [BENCHMARK] 1654768419158,SSR
glCanvas.js:1127 [BENCHMARK] 1654768419394,SSR
glCanvas.js:1127 [BENCHMARK] 1654768419397,CSR
glCanvas.js:1127 [BENCHMARK] 1654768419402,CSR
glCanvas.js:1127 [BENCHMARK] 1654768419411,CSR
glCanvas.js:1127 [BENCHMARK] 1654768419414,CSR
glCanvas.js:1127 [BENCHMARK] 1654768419418,CSR
glCanvas.js:1127 [BENCHMARK] 1654768419441,CSR
glCanvas.js:1127 [BENCHMARK] 1654768419450,CSR
glCanvas.js:1127 [BENCHMARK] 1654768419456,CSR
glCanvas.js:1127 [BENCHMARK] 1654768419461,CSR
glCanvas.js:1127 [BENCHMARK] 1654768419498,CSR
glCanvas.js:1127 [BENCHMARK] 1654768419505,CSR
glCanvas.js:1127 [BENCHMARK] 1654768419510,CSR
glCanvas.js:1127 [BENCHMARK] 1654768419519,CSR
glCanvas.js:1127 [BENCHMARK] 1654768419529,CSR
glCanvas.js:1127 [BENCHMARK] 1654768419534,CSR
glCanvas.js:1127 [BENCHMARK] 1654768419539,CSR
glCanvas.js:1127 [BENCHMARK] 1654768419555,CSR
glCanvas.js:1127 [BENCHMARK] 1654768419559,CSR
glCanvas.js:1127 [BENCHMARK] 1654768419564,CSR
glCanvas.js:1127 [BENCHMARK] 1654768419574,CSR
glCanvas.js:1127 [BENCHMARK] 1654768419578,CSR
glCanvas.js:1127 [BENCHMARK] 1654768419582,CSR
glCanvas.js:1127 [BENCHMARK] 1654768419592,CSR
glCanvas.js:1127 [BENCHMARK] 1654768420593,CSR
glCanvas.js:1127 [BENCHMARK] 1654768420600,CSR
glCanvas.js:1127 [BENCHMARK] 1654768420605,CSR
glCanvas.js:1127 [BENCHMARK] 1654768420610,CSR
glCanvas.js:1127 [BENCHMARK] 1654768420616,CSR
glCanvas.js:1127 [BENCHMARK] 1654768420620,CSR
glCanvas.js:1127 [BENCHMARK] 1654768420643,CSR
glCanvas.js:1127 [BENCHMARK] 1654768420647,CSR
glCanvas.js:1127 [BENCHMARK] 1654768420651,CSR
glCanvas.js:1127 [BENCHMARK] 1654768420667,CSR
glCanvas.js:1127 [BENCHMARK] 1654768420674,CSR
glCanvas.js:1127 [BENCHMARK] 1654768420677,CSR
glCanvas.js:1127 [BENCHMARK] 1654768420690,CSR
glCanvas.js:1127 [BENCHMARK] 1654768420695,CSR
glCanvas.js:1127 [BENCHMARK] 1654768420699,CSR
glCanvas.js:1127 [BENCHMARK] 1654768420719,CSR
glCanvas.js:1127 [BENCHMARK] 1654768420726,CSR
glCanvas.js:1127 [BENCHMARK] 1654768420731,CSR
glCanvas.js:1127 [BENCHMARK] 1654768420736,CSR
glCanvas.js:1127 [BENCHMARK] 1654768420751,CSR
glCanvas.js:1127 [BENCHMARK] 1654768420802,CSR
glCanvas.js:1127 [BENCHMARK] 1654768420813,CSR
glCanvas.js:1127 [BENCHMARK] 1654768420826,CSR
glCanvas.js:1127 [BENCHMARK] 1654768420833,CSR
glCanvas.js:1127 [BENCHMARK] 1654768420838,CSR
glCanvas.js:1127 [BENCHMARK] 1654768420843,CSR
glCanvas.js:1127 [BENCHMARK] 1654768420892,CSR
glCanvas.js:1127 [BENCHMARK] 1654768420899,CSR
glCanvas.js:1127 [BENCHMARK] 1654768420904,CSR
glCanvas.js:1127 [BENCHMARK] 1654768420909,CSR
glCanvas.js:1127 [BENCHMARK] 1654768420913,CSR
glCanvas.js:1127 [BENCHMARK] 1654768420917,CSR
glCanvas.js:1127 [BENCHMARK] 1654768420957,CSR
glCanvas.js:1127 [BENCHMARK] 1654768420961,CSR
glCanvas.js:1127 [BENCHMARK] 1654768420967,CSR
glCanvas.js:1127 [BENCHMARK] 1654768420992,CSR
glCanvas.js:1127 [BENCHMARK] 1654768420997,CSR
glCanvas.js:1127 [BENCHMARK] 1654768421002,CSR
glCanvas.js:1127 [BENCHMARK] 1654768421045,CSR
glCanvas.js:1127 [BENCHMARK] 1654768421049,CSR
glCanvas.js:1127 [BENCHMARK] 1654768421079,CSR
glCanvas.js:1127 [BENCHMARK] 1654768421085,CSR
glCanvas.js:1127 [BENCHMARK] 1654768421088,CSR
glCanvas.js:1127 [BENCHMARK] 1654768421092,CSR
glCanvas.js:1127 [BENCHMARK] 1654768421118,CSR
glCanvas.js:1127 [BENCHMARK] 1654768421122,CSR
glCanvas.js:1127 [BENCHMARK] 1654768421143,CSR
glCanvas.js:1127 [BENCHMARK] 1654768421150,CSR
glCanvas.js:1127 [BENCHMARK] 1654768421153,CSR
glCanvas.js:1127 [BENCHMARK] 1654768421157,CSR
glCanvas.js:1127 [BENCHMARK] 1654768421184,CSR
glCanvas.js:1127 [BENCHMARK] 1654768421187,CSR
glCanvas.js:1127 [BENCHMARK] 1654768421254,CSR
glCanvas.js:1127 [BENCHMARK] 1654768421266,CSR
glCanvas.js:1127 [BENCHMARK] 1654768421275,CSR
glCanvas.js:1127 [BENCHMARK] 1654768421288,CSR
glCanvas.js:1127 [BENCHMARK] 1654768421298,CSR
glCanvas.js:1127 [BENCHMARK] 1654768421308,CSR
glCanvas.js:1127 [BENCHMARK] 1654768421327,CSR
glCanvas.js:1127 [BENCHMARK] 1654768421337,CSR
glCanvas.js:1127 [BENCHMARK] 1654768421357,CSR
glCanvas.js:1127 [BENCHMARK] 1654768421400,CSR
glCanvas.js:1127 [BENCHMARK] 1654768421409,CSR
glCanvas.js:1127 [BENCHMARK] 1654768421415,CSR
glCanvas.js:1127 [BENCHMARK] 1654768421430,CSR
glCanvas.js:1127 [BENCHMARK] 1654768421435,CSR
glCanvas.js:1127 [BENCHMARK] 1654768421442,CSR
glCanvas.js:1127 [BENCHMARK] 1654768421447,CSR
glCanvas.js:1127 [BENCHMARK] 1654768421452,CSR
glCanvas.js:1127 [BENCHMARK] 1654768421475,CSR
glCanvas.js:1127 [BENCHMARK] 1654768421481,CSR
glCanvas.js:1127 [BENCHMARK] 1654768421486,CSR
glCanvas.js:1127 [BENCHMARK] 1654768421520,CSR
glCanvas.js:1127 [BENCHMARK] 1654768421525,CSR
glCanvas.js:1127 [BENCHMARK] 1654768421531,CSR
glCanvas.js:1127 [BENCHMARK] 1654768421551,CSR
glCanvas.js:1127 [BENCHMARK] 1654768421557,CSR
glCanvas.js:1127 [BENCHMARK] 1654768421562,CSR
glCanvas.js:1127 [BENCHMARK] 1654768421581,CSR
glCanvas.js:1127 [BENCHMARK] 1654768421595,CSR
glCanvas.js:1127 [BENCHMARK] 1654768421602,CSR
glCanvas.js:1127 [BENCHMARK] 1654768421616,CSR
glCanvas.js:1127 [BENCHMARK] 1654768421625,CSR
glCanvas.js:1127 [BENCHMARK] 1654768421631,CSR
glCanvas.js:1127 [BENCHMARK] 1654768421675,CSR
glCanvas.js:1127 [BENCHMARK] 1654768421684,CSR
glCanvas.js:1127 [BENCHMARK] 1654768421720,CSR
glCanvas.js:1127 [BENCHMARK] 1654768421727,CSR
glCanvas.js:1127 [BENCHMARK] 1654768421731,CSR
glCanvas.js:1127 [BENCHMARK] 1654768421735,CSR
glCanvas.js:1127 [BENCHMARK] 1654768421747,CSR
glCanvas.js:1127 [BENCHMARK] 1654768421751,CSR
glCanvas.js:1127 [BENCHMARK] 1654768421756,CSR
glCanvas.js:1127 [BENCHMARK] 1654768421780,CSR
glCanvas.js:1127 [BENCHMARK] 1654768421784,CSR
glCanvas.js:1127 [BENCHMARK] 1654768421791,CSR
glCanvas.js:1127 [BENCHMARK] 1654768421814,CSR
glCanvas.js:1127 [BENCHMARK] 1654768421820,CSR
glCanvas.js:1127 [BENCHMARK] 1654768421826,CSR
glCanvas.js:1127 [BENCHMARK] 1654768421896,CSR
glCanvas.js:1127 [BENCHMARK] 1654768421901,CSR
glCanvas.js:1127 [BENCHMARK] 1654768421906,CSR
glCanvas.js:1127 [BENCHMARK] 1654768421920,CSR
glCanvas.js:1127 [BENCHMARK] 1654768421924,CSR
glCanvas.js:1127 [BENCHMARK] 1654768421929,CSR
glCanvas.js:1127 [BENCHMARK] 1654768421933,CSR
glCanvas.js:1127 [BENCHMARK] 1654768421953,CSR
glCanvas.js:1127 [BENCHMARK] 1654768421958,CSR
glCanvas.js:1127 [BENCHMARK] 1654768421962,CSR
glCanvas.js:1127 [BENCHMARK] 1654768421989,CSR
glCanvas.js:1127 [BENCHMARK] 1654768421999,CSR
glCanvas.js:1127 [BENCHMARK] 1654768422007,CSR
glCanvas.js:1127 [BENCHMARK] 1654768422017,CSR
glCanvas.js:1127 [BENCHMARK] 1654768422039,CSR
glCanvas.js:1127 [BENCHMARK] 1654768422047,CSR
glCanvas.js:1127 [BENCHMARK] 1654768422053,CSR
glCanvas.js:1127 [BENCHMARK] 1654768422079,CSR
glCanvas.js:1127 [BENCHMARK] 1654768422097,CSR
glCanvas.js:1127 [BENCHMARK] 1654768422104,CSR
glCanvas.js:1127 [BENCHMARK] 1654768422137,CSR
glCanvas.js:1127 [BENCHMARK] 1654768422144,CSR
glCanvas.js:1127 [BENCHMARK] 1654768422150,CSR
glCanvas.js:1127 [BENCHMARK] 1654768422163,CSR
glCanvas.js:1127 [BENCHMARK] 1654768422169,CSR
glCanvas.js:1127 [BENCHMARK] 1654768422175,CSR
glCanvas.js:1127 [BENCHMARK] 1654768422204,CSR
glCanvas.js:1127 [BENCHMARK] 1654768422215,CSR
glCanvas.js:1127 [BENCHMARK] 1654768422220,CSR
glCanvas.js:1127 [BENCHMARK] 1654768422230,CSR
glCanvas.js:1127 [BENCHMARK] 1654768422251,CSR
glCanvas.js:1127 [BENCHMARK] 1654768422260,CSR
glCanvas.js:1127 [BENCHMARK] 1654768422264,CSR
glCanvas.js:1127 [BENCHMARK] 1654768422281,CSR
glCanvas.js:1127 [BENCHMARK] 1654768422289,CSR
glCanvas.js:1127 [BENCHMARK] 1654768422295,CSR
glCanvas.js:1127 [BENCHMARK] 1654768422323,CSR
glCanvas.js:1127 [BENCHMARK] 1654768422336,CSR
glCanvas.js:1127 [BENCHMARK] 1654768422352,CSR
glCanvas.js:1127 [BENCHMARK] 1654768422359,CSR
glCanvas.js:1127 [BENCHMARK] 1654768422375,CSR
glCanvas.js:1127 [BENCHMARK] 1654768422381,CSR
glCanvas.js:1127 [BENCHMARK] 1654768422391,CSR
glCanvas.js:1127 [BENCHMARK] 1654768422403,CSR
glCanvas.js:1127 [BENCHMARK] 1654768422414,CSR
glCanvas.js:1127 [BENCHMARK] 1654768422457,CSR
glCanvas.js:1127 [BENCHMARK] 1654768422508,CSR
glCanvas.js:1127 [BENCHMARK] 1654768422519,CSR
glCanvas.js:1127 [BENCHMARK] 1654768422552,CSR
glCanvas.js:1127 [BENCHMARK] 1654768422564,CSR
glCanvas.js:1127 [BENCHMARK] 1654768422587,CSR
glCanvas.js:1127 [BENCHMARK] 1654768422604,CSR
glCanvas.js:1127 [BENCHMARK] 1654768422612,CSR
glCanvas.js:1127 [BENCHMARK] 1654768422622,CSR
glCanvas.js:1127 [BENCHMARK] 1654768422642,CSR
glCanvas.js:1127 [BENCHMARK] 1654768422653,CSR
glCanvas.js:1127 [BENCHMARK] 1654768422658,CSR
glCanvas.js:1127 [BENCHMARK] 1654768422680,CSR
glCanvas.js:1127 [BENCHMARK] 1654768422690,CSR
glCanvas.js:1127 [BENCHMARK] 1654768422696,CSR
glCanvas.js:1127 [BENCHMARK] 1654768422703,CSR
glCanvas.js:1127 [BENCHMARK] 1654768422728,CSR
glCanvas.js:1127 [BENCHMARK] 1654768422741,CSR
glCanvas.js:1127 [BENCHMARK] 1654768422748,CSR
glCanvas.js:1127 [BENCHMARK] 1654768422754,CSR
glCanvas.js:1127 [BENCHMARK] 1654768422785,CSR
glCanvas.js:1127 [BENCHMARK] 1654768422801,CSR
glCanvas.js:1127 [BENCHMARK] 1654768422813,CSR
glCanvas.js:1127 [BENCHMARK] 1654768422837,CSR
glCanvas.js:1127 [BENCHMARK] 1654768422846,CSR
glCanvas.js:1127 [BENCHMARK] 1654768422854,CSR
glCanvas.js:1127 [BENCHMARK] 1654768422872,CSR
glCanvas.js:1127 [BENCHMARK] 1654768422895,CSR
glCanvas.js:1127 [BENCHMARK] 1654768422900,CSR
glCanvas.js:1127 [BENCHMARK] 1654768422985,CSR
glCanvas.js:1127 [BENCHMARK] 1654768422989,CSR
glCanvas.js:1127 [BENCHMARK] 1654768422995,CSR
glCanvas.js:1127 [BENCHMARK] 1654768423016,CSR
glCanvas.js:1127 [BENCHMARK] 1654768423021,CSR
glCanvas.js:1127 [BENCHMARK] 1654768423025,CSR
glCanvas.js:1127 [BENCHMARK] 1654768423047,CSR
glCanvas.js:1127 [BENCHMARK] 1654768423053,CSR
glCanvas.js:1127 [BENCHMARK] 1654768423056,CSR
glCanvas.js:1127 [BENCHMARK] 1654768423061,CSR
glCanvas.js:1127 [BENCHMARK] 1654768423094,CSR
glCanvas.js:1127 [BENCHMARK] 1654768423100,CSR
glCanvas.js:1127 [BENCHMARK] 1654768423111,CSR
glCanvas.js:1127 [BENCHMARK] 1654768423118,CSR
glCanvas.js:1127 [BENCHMARK] 1654768423144,CSR
glCanvas.js:1127 [BENCHMARK] 1654768423148,CSR
glCanvas.js:1127 [BENCHMARK] 1654768423151,CSR
glCanvas.js:1127 [BENCHMARK] 1654768423167,CSR
glCanvas.js:1127 [BENCHMARK] 1654768423172,CSR
glCanvas.js:1127 [BENCHMARK] 1654768423177,CSR
glCanvas.js:1127 [BENCHMARK] 1654768423219,CSR
glCanvas.js:1127 [BENCHMARK] 1654768423224,CSR
glCanvas.js:1127 [BENCHMARK] 1654768423228,CSR
glCanvas.js:1127 [BENCHMARK] 1654768423234,CSR
glCanvas.js:1127 [BENCHMARK] 1654768423240,CSR
glCanvas.js:1127 [BENCHMARK] 1654768423247,CSR
glCanvas.js:1127 [BENCHMARK] 1654768423257,CSR
glCanvas.js:1127 [BENCHMARK] 1654768423274,CSR
glCanvas.js:1127 [BENCHMARK] 1654768423278,CSR
glCanvas.js:1127 [BENCHMARK] 1654768423281,CSR
glCanvas.js:1127 [BENCHMARK] 1654768423353,CSR
glCanvas.js:1127 [BENCHMARK] 1654768423364,CSR
glCanvas.js:1127 [BENCHMARK] 1654768423370,CSR
glCanvas.js:1127 [BENCHMARK] 1654768423375,CSR
glCanvas.js:1127 [BENCHMARK] 1654768423418,CSR
glCanvas.js:1127 [BENCHMARK] 1654768423425,CSR
glCanvas.js:1127 [BENCHMARK] 1654768423433,CSR
glCanvas.js:1127 [BENCHMARK] 1654768423462,CSR
glCanvas.js:1127 [BENCHMARK] 1654768423471,CSR
glCanvas.js:1127 [BENCHMARK] 1654768423489,CSR
glCanvas.js:1127 [BENCHMARK] 1654768423495,CSR
glCanvas.js:1127 [BENCHMARK] 1654768423501,CSR
glCanvas.js:1127 [BENCHMARK] 1654768423524,CSR
glCanvas.js:1127 [BENCHMARK] 1654768423528,CSR
glCanvas.js:1127 [BENCHMARK] 1654768423532,CSR
glCanvas.js:1127 [BENCHMARK] 1654768423574,CSR
glCanvas.js:1127 [BENCHMARK] 1654768423581,CSR
glCanvas.js:1127 [BENCHMARK] 1654768423587,CSR
glCanvas.js:1127 [BENCHMARK] 1654768423605,CSR
glCanvas.js:1127 [BENCHMARK] 1654768423611,CSR
glCanvas.js:1127 [BENCHMARK] 1654768423678,CSR
glCanvas.js:1127 [BENCHMARK] 1654768423715,CSR
glCanvas.js:1127 [BENCHMARK] 1654768423740,CSR
glCanvas.js:1127 [BENCHMARK] 1654768423752,CSR
glCanvas.js:1127 [BENCHMARK] 1654768423761,CSR
glCanvas.js:1127 [BENCHMARK] 1654768423769,CSR
glCanvas.js:1127 [BENCHMARK] 1654768423781,CSR
glCanvas.js:1127 [BENCHMARK] 1654768423791,CSR
glCanvas.js:1127 [BENCHMARK] 1654768423797,CSR
glCanvas.js:1127 [BENCHMARK] 1654768423803,CSR
glCanvas.js:1127 [BENCHMARK] 1654768423826,CSR
glCanvas.js:1127 [BENCHMARK] 1654768423833,CSR
glCanvas.js:1127 [BENCHMARK] 1654768423840,CSR
glCanvas.js:1127 [BENCHMARK] 1654768423854,CSR
glCanvas.js:1127 [BENCHMARK] 1654768423864,CSR
glCanvas.js:1127 [BENCHMARK] 1654768423924,CSR
glCanvas.js:1127 [BENCHMARK] 1654768423937,CSR
