glCanvas.js:1107 [BENCHMARK] 1654769679390,X
glCanvas.js:1107 [BENCHMARK] 1654769679401,X
glCanvas.js:1107 [BENCHMARK] 1654769679408,X
glCanvas.js:1107 [BENCHMARK] 1654769680000,X
glCanvas.js:1107 [BENCHMARK] 1654769680283,X
glCanvas.js:1107 [BENCHMARK] 1654769680286,X
glCanvas.js:1107 [BENCHMARK] 1654769680291,X
glCanvas.js:1107 [BENCHMARK] 1654769680294,X
glCanvas.js:1107 [BENCHMARK] 1654769680299,X
glCanvas.js:1107 [BENCHMARK] 1654769680301,X
glCanvas.js:1107 [BENCHMARK] 1654769680394,X
glCanvas.js:1127 [BENCHMARK] 1654769680966,SSR
manager.js:159 [BENCHMARK] 1654769681544,firstRender
glCanvas.js:1127 [BENCHMARK] 1654769681639,SSR
glCanvas.js:1127 [BENCHMARK] 1654769681641,SSR
glCanvas.js:1127 [BENCHMARK] 1654769681645,SSR
glCanvas.js:1127 [BENCHMARK] 1654769681657,SSR
glCanvas.js:1127 [BENCHMARK] 1654769681680,SSR
glCanvas.js:1127 [BENCHMARK] 1654769681794,SSR
glCanvas.js:1127 [BENCHMARK] 1654769681801,SSR
glCanvas.js:1127 [BENCHMARK] 1654769681809,SSR
glCanvas.js:1127 [BENCHMARK] 1654769681904,SSR
glCanvas.js:1127 [BENCHMARK] 1654769682058,SSR
glCanvas.js:1127 [BENCHMARK] 1654769682066,SSR
glCanvas.js:1127 [BENCHMARK] 1654769682074,SSR
glCanvas.js:1127 [BENCHMARK] 1654769682092,SSR
glCanvas.js:1127 [BENCHMARK] 1654769683747,SSR
glCanvas.js:1127 [BENCHMARK] 1654769683847,SSR
glCanvas.js:1107 [BENCHMARK] 1654769683850,X
glCanvas.js:1107 [BENCHMARK] 1654769684428,X
glCanvas.js:1107 [BENCHMARK] 1654769684591,X
glCanvas.js:1107 [BENCHMARK] 1654769684716,X
glCanvas.js:1107 [BENCHMARK] 1654769684725,X
glCanvas.js:1107 [BENCHMARK] 1654769684739,X
glCanvas.js:1107 [BENCHMARK] 1654769684743,X
glCanvas.js:1107 [BENCHMARK] 1654769684764,X
glCanvas.js:1107 [BENCHMARK] 1654769684781,X
glCanvas.js:1107 [BENCHMARK] 1654769684804,X
glCanvas.js:1127 [BENCHMARK] 1654769684828,CSR
glCanvas.js:1127 [BENCHMARK] 1654769684854,CSR
glCanvas.js:1127 [BENCHMARK] 1654769684858,CSR
glCanvas.js:1127 [BENCHMARK] 1654769684880,CSR
glCanvas.js:1127 [BENCHMARK] 1654769684906,CSR
glCanvas.js:1127 [BENCHMARK] 1654769684932,CSR
glCanvas.js:1127 [BENCHMARK] 1654769684938,CSR
glCanvas.js:1127 [BENCHMARK] 1654769684945,CSR
glCanvas.js:1127 [BENCHMARK] 1654769684961,CSR
glCanvas.js:1127 [BENCHMARK] 1654769685012,CSR
glCanvas.js:1127 [BENCHMARK] 1654769685015,CSR
glCanvas.js:1127 [BENCHMARK] 1654769685018,CSR
glCanvas.js:1127 [BENCHMARK] 1654769685024,CSR
glCanvas.js:1127 [BENCHMARK] 1654769685029,CSR
glCanvas.js:1127 [BENCHMARK] 1654769685033,CSR
glCanvas.js:1127 [BENCHMARK] 1654769685038,CSR
glCanvas.js:1127 [BENCHMARK] 1654769685070,CSR
glCanvas.js:1127 [BENCHMARK] 1654769685071,CSR
glCanvas.js:1107 [BENCHMARK] 1654769685136,X
glCanvas.js:1107 [BENCHMARK] 1654769685137,X
glCanvas.js:1107 [BENCHMARK] 1654769685138,X
glCanvas.js:1107 [BENCHMARK] 1654769685139,X
glCanvas.js:1107 [BENCHMARK] 1654769685142,X
glCanvas.js:1107 [BENCHMARK] 1654769685144,X
glCanvas.js:1107 [BENCHMARK] 1654769685173,X
glCanvas.js:1107 [BENCHMARK] 1654769685174,X
glCanvas.js:1107 [BENCHMARK] 1654769685204,X
glCanvas.js:1107 [BENCHMARK] 1654769685205,X
glCanvas.js:1107 [BENCHMARK] 1654769685235,X
glCanvas.js:1107 [BENCHMARK] 1654769685237,X
glCanvas.js:1107 [BENCHMARK] 1654769685266,X
glCanvas.js:1107 [BENCHMARK] 1654769685267,X
glCanvas.js:1107 [BENCHMARK] 1654769685504,X
glCanvas.js:1107 [BENCHMARK] 1654769685506,X
glCanvas.js:1107 [BENCHMARK] 1654769685536,X
glCanvas.js:1107 [BENCHMARK] 1654769685538,X
glCanvas.js:1107 [BENCHMARK] 1654769685571,X
glCanvas.js:1107 [BENCHMARK] 1654769685573,X
glCanvas.js:1107 [BENCHMARK] 1654769685574,X
glCanvas.js:1107 [BENCHMARK] 1654769685596,X
glCanvas.js:1107 [BENCHMARK] 1654769685597,X
glCanvas.js:1107 [BENCHMARK] 1654769685628,X
glCanvas.js:1107 [BENCHMARK] 1654769685630,X
glCanvas.js:1107 [BENCHMARK] 1654769685659,X
glCanvas.js:1107 [BENCHMARK] 1654769685661,X
glCanvas.js:1107 [BENCHMARK] 1654769685694,X
glCanvas.js:1107 [BENCHMARK] 1654769685696,X
glCanvas.js:1107 [BENCHMARK] 1654769685698,X
glCanvas.js:1107 [BENCHMARK] 1654769685717,X
glCanvas.js:1107 [BENCHMARK] 1654769685720,X
glCanvas.js:1107 [BENCHMARK] 1654769685722,X
glCanvas.js:1107 [BENCHMARK] 1654769685737,X
glCanvas.js:1107 [BENCHMARK] 1654769685753,X
glCanvas.js:1107 [BENCHMARK] 1654769685754,X
glCanvas.js:1107 [BENCHMARK] 1654769685780,X
glCanvas.js:1127 [BENCHMARK] 1654769685790,SSR
glCanvas.js:1127 [BENCHMARK] 1654769685792,SSR
glCanvas.js:1127 [BENCHMARK] 1654769685915,SSR
glCanvas.js:1127 [BENCHMARK] 1654769685991,SSR
glCanvas.js:1127 [BENCHMARK] 1654769686010,SSR
glCanvas.js:1127 [BENCHMARK] 1654769686024,SSR
glCanvas.js:1107 [BENCHMARK] 1654769686026,X
glCanvas.js:1107 [BENCHMARK] 1654769686027,X
glCanvas.js:1107 [BENCHMARK] 1654769686046,X
glCanvas.js:1107 [BENCHMARK] 1654769686050,X
glCanvas.js:1107 [BENCHMARK] 1654769686051,X
glCanvas.js:1107 [BENCHMARK] 1654769686081,X
glCanvas.js:1107 [BENCHMARK] 1654769686083,X
glCanvas.js:1107 [BENCHMARK] 1654769686113,X
glCanvas.js:1107 [BENCHMARK] 1654769686115,X
glCanvas.js:1107 [BENCHMARK] 1654769686144,X
glCanvas.js:1107 [BENCHMARK] 1654769686147,X
glCanvas.js:1107 [BENCHMARK] 1654769686175,X
glCanvas.js:1107 [BENCHMARK] 1654769686178,X
glCanvas.js:1107 [BENCHMARK] 1654769686206,X
glCanvas.js:1107 [BENCHMARK] 1654769686208,X
glCanvas.js:1107 [BENCHMARK] 1654769686237,X
glCanvas.js:1107 [BENCHMARK] 1654769686240,X
glCanvas.js:1107 [BENCHMARK] 1654769686268,X
glCanvas.js:1107 [BENCHMARK] 1654769686269,X
glCanvas.js:1107 [BENCHMARK] 1654769686301,X
glCanvas.js:1107 [BENCHMARK] 1654769686303,X
glCanvas.js:1107 [BENCHMARK] 1654769686553,X
glCanvas.js:1127 [BENCHMARK] 1654769686858,SSR
glCanvas.js:1127 [BENCHMARK] 1654769686894,CSR
glCanvas.js:1127 [BENCHMARK] 1654769686907,CSR
glCanvas.js:1127 [BENCHMARK] 1654769686918,CSR
glCanvas.js:1127 [BENCHMARK] 1654769686924,CSR
glCanvas.js:1127 [BENCHMARK] 1654769686935,CSR
glCanvas.js:1127 [BENCHMARK] 1654769686940,CSR
glCanvas.js:1127 [BENCHMARK] 1654769686945,CSR
glCanvas.js:1127 [BENCHMARK] 1654769686958,CSR
glCanvas.js:1127 [BENCHMARK] 1654769686965,CSR
glCanvas.js:1127 [BENCHMARK] 1654769687498,CSR
glCanvas.js:1127 [BENCHMARK] 1654769687503,CSR
glCanvas.js:1127 [BENCHMARK] 1654769687507,CSR
glCanvas.js:1127 [BENCHMARK] 1654769687511,CSR
glCanvas.js:1127 [BENCHMARK] 1654769687528,CSR
glCanvas.js:1127 [BENCHMARK] 1654769687532,CSR
glCanvas.js:1127 [BENCHMARK] 1654769687537,CSR
glCanvas.js:1127 [BENCHMARK] 1654769687561,CSR
glCanvas.js:1127 [BENCHMARK] 1654769687564,CSR
glCanvas.js:1127 [BENCHMARK] 1654769687567,CSR
glCanvas.js:1127 [BENCHMARK] 1654769687586,CSR
glCanvas.js:1127 [BENCHMARK] 1654769687816,CSR
glCanvas.js:1127 [BENCHMARK] 1654769687820,CSR
glCanvas.js:1127 [BENCHMARK] 1654769687825,CSR
glCanvas.js:1127 [BENCHMARK] 1654769687829,CSR
glCanvas.js:1127 [BENCHMARK] 1654769687834,CSR
glCanvas.js:1127 [BENCHMARK] 1654769687852,CSR
glCanvas.js:1127 [BENCHMARK] 1654769687856,CSR
glCanvas.js:1127 [BENCHMARK] 1654769687858,CSR
glCanvas.js:1127 [BENCHMARK] 1654769687888,CSR
glCanvas.js:1127 [BENCHMARK] 1654769687920,CSR
glCanvas.js:1127 [BENCHMARK] 1654769687935,CSR
glCanvas.js:1127 [BENCHMARK] 1654769687956,CSR
glCanvas.js:1127 [BENCHMARK] 1654769687970,CSR
glCanvas.js:1127 [BENCHMARK] 1654769687984,CSR
glCanvas.js:1127 [BENCHMARK] 1654769688000,CSR
glCanvas.js:1127 [BENCHMARK] 1654769688962,CSR
glCanvas.js:1127 [BENCHMARK] 1654769688971,CSR
glCanvas.js:1127 [BENCHMARK] 1654769688983,CSR
glCanvas.js:1127 [BENCHMARK] 1654769688987,CSR
glCanvas.js:1127 [BENCHMARK] 1654769689005,CSR
glCanvas.js:1127 [BENCHMARK] 1654769689161,CSR
glCanvas.js:1127 [BENCHMARK] 1654769689167,CSR
glCanvas.js:1127 [BENCHMARK] 1654769689224,CSR
glCanvas.js:1127 [BENCHMARK] 1654769689271,CSR
glCanvas.js:1127 [BENCHMARK] 1654769689275,CSR
glCanvas.js:1127 [BENCHMARK] 1654769689300,CSR
glCanvas.js:1127 [BENCHMARK] 1654769689337,CSR
glCanvas.js:1127 [BENCHMARK] 1654769689377,CSR
glCanvas.js:1127 [BENCHMARK] 1654769689437,CSR
glCanvas.js:1127 [BENCHMARK] 1654769689439,SSR
glCanvas.js:1127 [BENCHMARK] 1654769689444,SSR
glCanvas.js:1127 [BENCHMARK] 1654769689609,SSR
glCanvas.js:1127 [BENCHMARK] 1654769689709,CSR
glCanvas.js:1127 [BENCHMARK] 1654769689727,CSR
glCanvas.js:1127 [BENCHMARK] 1654769689733,CSR
glCanvas.js:1127 [BENCHMARK] 1654769689739,CSR
glCanvas.js:1127 [BENCHMARK] 1654769689751,CSR
glCanvas.js:1127 [BENCHMARK] 1654769689757,CSR
glCanvas.js:1127 [BENCHMARK] 1654769689763,CSR
glCanvas.js:1127 [BENCHMARK] 1654769689780,CSR
glCanvas.js:1127 [BENCHMARK] 1654769689786,CSR
glCanvas.js:1127 [BENCHMARK] 1654769689796,CSR
glCanvas.js:1127 [BENCHMARK] 1654769689801,CSR
glCanvas.js:1127 [BENCHMARK] 1654769689806,CSR
glCanvas.js:1127 [BENCHMARK] 1654769689829,CSR
glCanvas.js:1127 [BENCHMARK] 1654769689834,CSR
glCanvas.js:1127 [BENCHMARK] 1654769689839,CSR
glCanvas.js:1127 [BENCHMARK] 1654769689856,CSR
glCanvas.js:1127 [BENCHMARK] 1654769690363,CSR
glCanvas.js:1127 [BENCHMARK] 1654769690376,CSR
glCanvas.js:1127 [BENCHMARK] 1654769690383,CSR
glCanvas.js:1127 [BENCHMARK] 1654769690392,CSR
glCanvas.js:1127 [BENCHMARK] 1654769690407,CSR
glCanvas.js:1127 [BENCHMARK] 1654769690426,CSR
glCanvas.js:1127 [BENCHMARK] 1654769690499,CSR
glCanvas.js:1127 [BENCHMARK] 1654769690569,CSR
glCanvas.js:1127 [BENCHMARK] 1654769690629,CSR
glCanvas.js:1127 [BENCHMARK] 1654769690648,CSR
glCanvas.js:1127 [BENCHMARK] 1654769690680,CSR
glCanvas.js:1127 [BENCHMARK] 1654769690693,CSR
glCanvas.js:1127 [BENCHMARK] 1654769690706,CSR
glCanvas.js:1127 [BENCHMARK] 1654769690729,CSR
glCanvas.js:1127 [BENCHMARK] 1654769690759,CSR
glCanvas.js:1127 [BENCHMARK] 1654769690790,CSR
glCanvas.js:1127 [BENCHMARK] 1654769690807,CSR
glCanvas.js:1127 [BENCHMARK] 1654769690814,CSR
glCanvas.js:1127 [BENCHMARK] 1654769690832,CSR
glCanvas.js:1127 [BENCHMARK] 1654769690837,CSR
glCanvas.js:1127 [BENCHMARK] 1654769690844,CSR
glCanvas.js:1127 [BENCHMARK] 1654769690876,CSR
glCanvas.js:1127 [BENCHMARK] 1654769691024,CSR
glCanvas.js:1127 [BENCHMARK] 1654769691036,CSR
glCanvas.js:1127 [BENCHMARK] 1654769691041,CSR
glCanvas.js:1127 [BENCHMARK] 1654769691056,CSR
glCanvas.js:1127 [BENCHMARK] 1654769691068,CSR
glCanvas.js:1127 [BENCHMARK] 1654769691222,CSR
glCanvas.js:1127 [BENCHMARK] 1654769691414,CSR
glCanvas.js:1127 [BENCHMARK] 1654769691539,CSR
glCanvas.js:1127 [BENCHMARK] 1654769691541,CSR
glCanvas.js:1127 [BENCHMARK] 1654769691741,CSR
glCanvas.js:1127 [BENCHMARK] 1654769691744,CSR
glCanvas.js:1127 [BENCHMARK] 1654769691943,CSR
glCanvas.js:1127 [BENCHMARK] 1654769691946,CSR
glCanvas.js:1127 [BENCHMARK] 1654769692193,CSR
glCanvas.js:1127 [BENCHMARK] 1654769692348,CSR
glCanvas.js:1127 [BENCHMARK] 1654769692997,CSR
glCanvas.js:1127 [BENCHMARK] 1654769693193,CSR
glCanvas.js:1127 [BENCHMARK] 1654769693562,CSR
glCanvas.js:1127 [BENCHMARK] 1654769693701,CSR
glCanvas.js:1127 [BENCHMARK] 1654769694007,CSR
glCanvas.js:1127 [BENCHMARK] 1654769694020,CSR
glCanvas.js:1127 [BENCHMARK] 1654769694321,CSR
glCanvas.js:1127 [BENCHMARK] 1654769694496,CSR
glCanvas.js:1127 [BENCHMARK] 1654769695013,CSR
glCanvas.js:1127 [BENCHMARK] 1654769695149,CSR
glCanvas.js:1127 [BENCHMARK] 1654769695250,CSR
glCanvas.js:1127 [BENCHMARK] 1654769695351,CSR
glCanvas.js:1127 [BENCHMARK] 1654769695454,CSR
glCanvas.js:1127 [BENCHMARK] 1654769695556,CSR
glCanvas.js:1127 [BENCHMARK] 1654769695810,CSR
glCanvas.js:1127 [BENCHMARK] 1654769695965,CSR
glCanvas.js:1127 [BENCHMARK] 1654769696027,CSR
glCanvas.js:1127 [BENCHMARK] 1654769696094,CSR
glCanvas.js:1127 [BENCHMARK] 1654769696154,CSR
glCanvas.js:1127 [BENCHMARK] 1654769696189,CSR
glCanvas.js:1127 [BENCHMARK] 1654769696194,CSR
glCanvas.js:1127 [BENCHMARK] 1654769696211,CSR
glCanvas.js:1127 [BENCHMARK] 1654769696244,CSR
glCanvas.js:1127 [BENCHMARK] 1654769696262,CSR
glCanvas.js:1127 [BENCHMARK] 1654769696295,CSR
glCanvas.js:1127 [BENCHMARK] 1654769696396,CSR
glCanvas.js:1127 [BENCHMARK] 1654769696497,CSR
glCanvas.js:1127 [BENCHMARK] 1654769696598,CSR
glCanvas.js:1127 [BENCHMARK] 1654769696698,CSR
glCanvas.js:1127 [BENCHMARK] 1654769696799,CSR
glCanvas.js:1127 [BENCHMARK] 1654769697049,CSR
glCanvas.js:1127 [BENCHMARK] 1654769697189,CSR
glCanvas.js:1127 [BENCHMARK] 1654769697192,CSR
glCanvas.js:1127 [BENCHMARK] 1654769697251,CSR
glCanvas.js:1127 [BENCHMARK] 1654769697321,CSR
glCanvas.js:1127 [BENCHMARK] 1654769697403,CSR
glCanvas.js:1127 [BENCHMARK] 1654769697406,CSR
glCanvas.js:1127 [BENCHMARK] 1654769697444,CSR
glCanvas.js:1127 [BENCHMARK] 1654769697461,CSR
glCanvas.js:1127 [BENCHMARK] 1654769697463,CSR
glCanvas.js:1127 [BENCHMARK] 1654769697488,CSR
glCanvas.js:1127 [BENCHMARK] 1654769697505,CSR
glCanvas.js:1127 [BENCHMARK] 1654769697522,CSR
glCanvas.js:1127 [BENCHMARK] 1654769697555,SSR
glCanvas.js:1127 [BENCHMARK] 1654769697603,SSR
glCanvas.js:1127 [BENCHMARK] 1654769697674,SSR
glCanvas.js:1127 [BENCHMARK] 1654769697744,SSR
glCanvas.js:1127 [BENCHMARK] 1654769698001,SSR
glCanvas.js:1127 [BENCHMARK] 1654769698365,SSR
glCanvas.js:1127 [BENCHMARK] 1654769698394,SSR
glCanvas.js:1127 [BENCHMARK] 1654769698436,SSR
glCanvas.js:1127 [BENCHMARK] 1654769698452,SSR
glCanvas.js:1127 [BENCHMARK] 1654769698469,SSR
glCanvas.js:1127 [BENCHMARK] 1654769698499,SSR
glCanvas.js:1127 [BENCHMARK] 1654769698515,SSR
glCanvas.js:1127 [BENCHMARK] 1654769698536,SSR
glCanvas.js:1127 [BENCHMARK] 1654769699009,SSR
glCanvas.js:1127 [BENCHMARK] 1654769699194,SSR
glCanvas.js:1127 [BENCHMARK] 1654769699225,SSR
glCanvas.js:1127 [BENCHMARK] 1654769699228,CSR
glCanvas.js:1127 [BENCHMARK] 1654769699969,CSR
glCanvas.js:1127 [BENCHMARK] 1654769699988,CSR
glCanvas.js:1127 [BENCHMARK] 1654769699990,SSR
glCanvas.js:1127 [BENCHMARK] 1654769700450,SSR
glCanvas.js:1127 [BENCHMARK] 1654769700457,SSR
glCanvas.js:1127 [BENCHMARK] 1654769700483,SSR
glCanvas.js:1127 [BENCHMARK] 1654769700679,CSR
glCanvas.js:1127 [BENCHMARK] 1654769700696,CSR
glCanvas.js:1127 [BENCHMARK] 1654769700702,CSR
glCanvas.js:1127 [BENCHMARK] 1654769700711,CSR
glCanvas.js:1127 [BENCHMARK] 1654769700720,CSR
glCanvas.js:1127 [BENCHMARK] 1654769700725,CSR
glCanvas.js:1127 [BENCHMARK] 1654769700729,CSR
glCanvas.js:1127 [BENCHMARK] 1654769700748,CSR
glCanvas.js:1127 [BENCHMARK] 1654769700752,CSR
glCanvas.js:1127 [BENCHMARK] 1654769700757,CSR
glCanvas.js:1127 [BENCHMARK] 1654769700815,CSR
glCanvas.js:1127 [BENCHMARK] 1654769701205,CSR
glCanvas.js:1127 [BENCHMARK] 1654769701278,CSR
glCanvas.js:1127 [BENCHMARK] 1654769701281,CSR
glCanvas.js:1127 [BENCHMARK] 1654769701295,CSR
glCanvas.js:1127 [BENCHMARK] 1654769701321,CSR
glCanvas.js:1127 [BENCHMARK] 1654769701327,CSR
glCanvas.js:1127 [BENCHMARK] 1654769701331,CSR
glCanvas.js:1127 [BENCHMARK] 1654769701336,CSR
glCanvas.js:1127 [BENCHMARK] 1654769701353,CSR
glCanvas.js:1127 [BENCHMARK] 1654769701357,CSR
glCanvas.js:1127 [BENCHMARK] 1654769701360,CSR
glCanvas.js:1127 [BENCHMARK] 1654769701376,CSR
glCanvas.js:1127 [BENCHMARK] 1654769701384,CSR
glCanvas.js:1127 [BENCHMARK] 1654769701387,CSR
glCanvas.js:1127 [BENCHMARK] 1654769701404,CSR
glCanvas.js:1127 [BENCHMARK] 1654769701407,CSR
glCanvas.js:1127 [BENCHMARK] 1654769701410,CSR
glCanvas.js:1127 [BENCHMARK] 1654769701437,CSR
glCanvas.js:1127 [BENCHMARK] 1654769701494,CSR
glCanvas.js:1127 [BENCHMARK] 1654769701497,CSR
glCanvas.js:1127 [BENCHMARK] 1654769701582,CSR
glCanvas.js:1127 [BENCHMARK] 1654769701591,CSR
glCanvas.js:1127 [BENCHMARK] 1654769701619,CSR
glCanvas.js:1127 [BENCHMARK] 1654769701630,CSR
glCanvas.js:1127 [BENCHMARK] 1654769701639,CSR
glCanvas.js:1127 [BENCHMARK] 1654769701668,CSR
glCanvas.js:1127 [BENCHMARK] 1654769701691,CSR
glCanvas.js:1127 [BENCHMARK] 1654769701702,CSR
glCanvas.js:1127 [BENCHMARK] 1654769701725,CSR
glCanvas.js:1127 [BENCHMARK] 1654769701736,CSR
glCanvas.js:1127 [BENCHMARK] 1654769701751,CSR
glCanvas.js:1127 [BENCHMARK] 1654769701779,CSR
glCanvas.js:1127 [BENCHMARK] 1654769701790,CSR
glCanvas.js:1127 [BENCHMARK] 1654769701799,CSR
glCanvas.js:1127 [BENCHMARK] 1654769701820,CSR
glCanvas.js:1127 [BENCHMARK] 1654769701832,CSR
glCanvas.js:1127 [BENCHMARK] 1654769701870,CSR
glCanvas.js:1127 [BENCHMARK] 1654769701881,CSR
glCanvas.js:1127 [BENCHMARK] 1654769701893,CSR
glCanvas.js:1127 [BENCHMARK] 1654769701905,CSR
glCanvas.js:1127 [BENCHMARK] 1654769701913,CSR
glCanvas.js:1127 [BENCHMARK] 1654769701919,CSR
glCanvas.js:1127 [BENCHMARK] 1654769701926,CSR
glCanvas.js:1127 [BENCHMARK] 1654769701950,CSR
glCanvas.js:1127 [BENCHMARK] 1654769701978,CSR
glCanvas.js:1127 [BENCHMARK] 1654769702116,CSR
glCanvas.js:1127 [BENCHMARK] 1654769702134,CSR
glCanvas.js:1127 [BENCHMARK] 1654769702136,CSR
glCanvas.js:1127 [BENCHMARK] 1654769702138,CSR
glCanvas.js:1127 [BENCHMARK] 1654769702140,CSR
glCanvas.js:1127 [BENCHMARK] 1654769702141,CSR
glCanvas.js:1127 [BENCHMARK] 1654769702143,CSR
glCanvas.js:1127 [BENCHMARK] 1654769702145,CSR
glCanvas.js:1127 [BENCHMARK] 1654769702147,CSR
glCanvas.js:1127 [BENCHMARK] 1654769702149,CSR
glCanvas.js:1127 [BENCHMARK] 1654769702151,CSR
glCanvas.js:1127 [BENCHMARK] 1654769702157,CSR
glCanvas.js:1127 [BENCHMARK] 1654769702165,CSR
glCanvas.js:1127 [BENCHMARK] 1654769702289,CSR
glCanvas.js:1127 [BENCHMARK] 1654769702291,CSR
glCanvas.js:1127 [BENCHMARK] 1654769702293,CSR
glCanvas.js:1127 [BENCHMARK] 1654769702294,CSR
glCanvas.js:1127 [BENCHMARK] 1654769702296,CSR
glCanvas.js:1127 [BENCHMARK] 1654769702298,CSR
glCanvas.js:1127 [BENCHMARK] 1654769702300,CSR
glCanvas.js:1127 [BENCHMARK] 1654769702301,CSR
glCanvas.js:1127 [BENCHMARK] 1654769702336,CSR
glCanvas.js:1127 [BENCHMARK] 1654769702339,CSR
glCanvas.js:1127 [BENCHMARK] 1654769702542,CSR
glCanvas.js:1127 [BENCHMARK] 1654769702545,CSR
glCanvas.js:1127 [BENCHMARK] 1654769702573,CSR
glCanvas.js:1127 [BENCHMARK] 1654769702576,CSR
glCanvas.js:1127 [BENCHMARK] 1654769702605,CSR
glCanvas.js:1127 [BENCHMARK] 1654769702607,CSR
glCanvas.js:1127 [BENCHMARK] 1654769702636,CSR
glCanvas.js:1127 [BENCHMARK] 1654769702639,CSR
glCanvas.js:1127 [BENCHMARK] 1654769702667,CSR
glCanvas.js:1127 [BENCHMARK] 1654769702670,CSR
glCanvas.js:1127 [BENCHMARK] 1654769702699,CSR
glCanvas.js:1127 [BENCHMARK] 1654769702702,CSR
glCanvas.js:1127 [BENCHMARK] 1654769702730,CSR
glCanvas.js:1127 [BENCHMARK] 1654769702733,CSR
glCanvas.js:1127 [BENCHMARK] 1654769702761,CSR
glCanvas.js:1127 [BENCHMARK] 1654769702765,CSR
glCanvas.js:1127 [BENCHMARK] 1654769702793,CSR
glCanvas.js:1127 [BENCHMARK] 1654769702796,CSR
glCanvas.js:1127 [BENCHMARK] 1654769702824,CSR
glCanvas.js:1127 [BENCHMARK] 1654769702827,CSR
glCanvas.js:1127 [BENCHMARK] 1654769703064,CSR
glCanvas.js:1127 [BENCHMARK] 1654769703067,CSR
glCanvas.js:1127 [BENCHMARK] 1654769703095,CSR
glCanvas.js:1127 [BENCHMARK] 1654769703098,CSR
glCanvas.js:1127 [BENCHMARK] 1654769703127,CSR
glCanvas.js:1127 [BENCHMARK] 1654769703130,CSR
glCanvas.js:1127 [BENCHMARK] 1654769703158,CSR
glCanvas.js:1127 [BENCHMARK] 1654769703161,CSR
glCanvas.js:1127 [BENCHMARK] 1654769703190,CSR
glCanvas.js:1127 [BENCHMARK] 1654769703192,CSR
glCanvas.js:1127 [BENCHMARK] 1654769703221,CSR
glCanvas.js:1127 [BENCHMARK] 1654769703224,CSR
glCanvas.js:1107 [BENCHMARK] 1654769703251,X
glCanvas.js:1107 [BENCHMARK] 1654769703252,X
glCanvas.js:1107 [BENCHMARK] 1654769703283,X
glCanvas.js:1107 [BENCHMARK] 1654769703285,X
glCanvas.js:1107 [BENCHMARK] 1654769703315,X
glCanvas.js:1107 [BENCHMARK] 1654769703317,X
glCanvas.js:1107 [BENCHMARK] 1654769703346,X
glCanvas.js:1107 [BENCHMARK] 1654769703349,X
glCanvas.js:1107 [BENCHMARK] 1654769703601,X
glCanvas.js:1127 [BENCHMARK] 1654769703927,SSR
glCanvas.js:1127 [BENCHMARK] 1654769703954,CSR
glCanvas.js:1127 [BENCHMARK] 1654769703959,CSR
glCanvas.js:1127 [BENCHMARK] 1654769703964,CSR
glCanvas.js:1127 [BENCHMARK] 1654769703980,CSR
glCanvas.js:1127 [BENCHMARK] 1654769703984,CSR
glCanvas.js:1127 [BENCHMARK] 1654769703989,CSR
glCanvas.js:1127 [BENCHMARK] 1654769704008,CSR
glCanvas.js:1127 [BENCHMARK] 1654769704012,CSR
glCanvas.js:1127 [BENCHMARK] 1654769704016,CSR
glCanvas.js:1127 [BENCHMARK] 1654769704383,CSR
glCanvas.js:1127 [BENCHMARK] 1654769704487,CSR
glCanvas.js:1127 [BENCHMARK] 1654769704587,CSR
glCanvas.js:1127 [BENCHMARK] 1654769704685,CSR
glCanvas.js:1127 [BENCHMARK] 1654769704786,CSR
glCanvas.js:1127 [BENCHMARK] 1654769704833,CSR
glCanvas.js:1127 [BENCHMARK] 1654769704838,CSR
glCanvas.js:1127 [BENCHMARK] 1654769704842,CSR
glCanvas.js:1127 [BENCHMARK] 1654769704846,CSR
glCanvas.js:1127 [BENCHMARK] 1654769704849,CSR
glCanvas.js:1127 [BENCHMARK] 1654769704868,CSR
glCanvas.js:1127 [BENCHMARK] 1654769704872,CSR
glCanvas.js:1127 [BENCHMARK] 1654769704875,CSR
glCanvas.js:1127 [BENCHMARK] 1654769704891,CSR
glCanvas.js:1127 [BENCHMARK] 1654769704894,CSR
glCanvas.js:1127 [BENCHMARK] 1654769704897,CSR
glCanvas.js:1127 [BENCHMARK] 1654769704988,CSR
glCanvas.js:1127 [BENCHMARK] 1654769705046,CSR
glCanvas.js:1127 [BENCHMARK] 1654769705053,CSR
glCanvas.js:1127 [BENCHMARK] 1654769705065,CSR
glCanvas.js:1127 [BENCHMARK] 1654769705069,CSR
glCanvas.js:1127 [BENCHMARK] 1654769705072,CSR
glCanvas.js:1127 [BENCHMARK] 1654769705096,CSR
glCanvas.js:1127 [BENCHMARK] 1654769705102,CSR
glCanvas.js:1127 [BENCHMARK] 1654769705105,CSR
glCanvas.js:1127 [BENCHMARK] 1654769705109,CSR
glCanvas.js:1127 [BENCHMARK] 1654769705134,CSR
glCanvas.js:1127 [BENCHMARK] 1654769705241,CSR
glCanvas.js:1127 [BENCHMARK] 1654769705497,CSR
glCanvas.js:1127 [BENCHMARK] 1654769705503,CSR
glCanvas.js:1127 [BENCHMARK] 1654769705507,CSR
glCanvas.js:1127 [BENCHMARK] 1654769705511,CSR
glCanvas.js:1127 [BENCHMARK] 1654769705516,CSR
glCanvas.js:1127 [BENCHMARK] 1654769705519,CSR
glCanvas.js:1127 [BENCHMARK] 1654769705522,CSR
glCanvas.js:1127 [BENCHMARK] 1654769705552,CSR
glCanvas.js:1127 [BENCHMARK] 1654769705556,CSR
glCanvas.js:1127 [BENCHMARK] 1654769705559,CSR
glCanvas.js:1127 [BENCHMARK] 1654769705576,CSR
glCanvas.js:1127 [BENCHMARK] 1654769705582,CSR
glCanvas.js:1127 [BENCHMARK] 1654769705586,CSR
glCanvas.js:1127 [BENCHMARK] 1654769705600,CSR
glCanvas.js:1127 [BENCHMARK] 1654769705605,CSR
glCanvas.js:1127 [BENCHMARK] 1654769705609,CSR
glCanvas.js:1127 [BENCHMARK] 1654769705627,CSR
glCanvas.js:1127 [BENCHMARK] 1654769705632,CSR
glCanvas.js:1127 [BENCHMARK] 1654769705638,CSR
glCanvas.js:1127 [BENCHMARK] 1654769705641,CSR
glCanvas.js:1127 [BENCHMARK] 1654769706227,CSR
glCanvas.js:1127 [BENCHMARK] 1654769706249,CSR
glCanvas.js:1127 [BENCHMARK] 1654769706252,CSR
glCanvas.js:1127 [BENCHMARK] 1654769706447,CSR
glCanvas.js:1127 [BENCHMARK] 1654769706451,CSR
glCanvas.js:1127 [BENCHMARK] 1654769706455,CSR
glCanvas.js:1127 [BENCHMARK] 1654769706459,CSR
glCanvas.js:1127 [BENCHMARK] 1654769706470,CSR
glCanvas.js:1127 [BENCHMARK] 1654769706477,CSR
glCanvas.js:1127 [BENCHMARK] 1654769706482,CSR
glCanvas.js:1127 [BENCHMARK] 1654769706492,CSR
glCanvas.js:1127 [BENCHMARK] 1654769706495,CSR
glCanvas.js:1127 [BENCHMARK] 1654769706499,CSR
glCanvas.js:1127 [BENCHMARK] 1654769706515,CSR
glCanvas.js:1127 [BENCHMARK] 1654769706519,CSR
glCanvas.js:1127 [BENCHMARK] 1654769706522,CSR
glCanvas.js:1127 [BENCHMARK] 1654769706539,CSR
glCanvas.js:1127 [BENCHMARK] 1654769706543,CSR
glCanvas.js:1127 [BENCHMARK] 1654769706546,CSR
glCanvas.js:1127 [BENCHMARK] 1654769706562,CSR
glCanvas.js:1127 [BENCHMARK] 1654769706567,CSR
glCanvas.js:1127 [BENCHMARK] 1654769706612,CSR
glCanvas.js:1127 [BENCHMARK] 1654769706618,CSR
glCanvas.js:1127 [BENCHMARK] 1654769706623,CSR
glCanvas.js:1127 [BENCHMARK] 1654769706642,CSR
glCanvas.js:1127 [BENCHMARK] 1654769706646,CSR
glCanvas.js:1127 [BENCHMARK] 1654769706650,CSR
glCanvas.js:1127 [BENCHMARK] 1654769706668,CSR
glCanvas.js:1127 [BENCHMARK] 1654769706672,CSR
glCanvas.js:1127 [BENCHMARK] 1654769706677,CSR
glCanvas.js:1127 [BENCHMARK] 1654769706683,CSR
glCanvas.js:1127 [BENCHMARK] 1654769706688,CSR
glCanvas.js:1127 [BENCHMARK] 1654769706693,CSR
glCanvas.js:1127 [BENCHMARK] 1654769707312,CSR
glCanvas.js:1127 [BENCHMARK] 1654769707317,CSR
glCanvas.js:1127 [BENCHMARK] 1654769707321,CSR
glCanvas.js:1127 [BENCHMARK] 1654769707349,CSR
glCanvas.js:1127 [BENCHMARK] 1654769707363,CSR
glCanvas.js:1127 [BENCHMARK] 1654769707368,CSR
glCanvas.js:1127 [BENCHMARK] 1654769707373,CSR
glCanvas.js:1127 [BENCHMARK] 1654769707383,CSR
glCanvas.js:1127 [BENCHMARK] 1654769707400,CSR
glCanvas.js:1127 [BENCHMARK] 1654769707411,CSR
glCanvas.js:1127 [BENCHMARK] 1654769707423,CSR
glCanvas.js:1127 [BENCHMARK] 1654769707448,CSR
glCanvas.js:1127 [BENCHMARK] 1654769707464,CSR
glCanvas.js:1127 [BENCHMARK] 1654769707479,CSR
glCanvas.js:1127 [BENCHMARK] 1654769707502,CSR
glCanvas.js:1127 [BENCHMARK] 1654769707515,CSR
glCanvas.js:1127 [BENCHMARK] 1654769707522,CSR
glCanvas.js:1127 [BENCHMARK] 1654769707529,CSR
glCanvas.js:1127 [BENCHMARK] 1654769707549,CSR
glCanvas.js:1127 [BENCHMARK] 1654769707557,CSR
glCanvas.js:1127 [BENCHMARK] 1654769707568,CSR
glCanvas.js:1127 [BENCHMARK] 1654769707590,CSR
glCanvas.js:1127 [BENCHMARK] 1654769707599,CSR
glCanvas.js:1127 [BENCHMARK] 1654769707618,CSR
glCanvas.js:1127 [BENCHMARK] 1654769707650,CSR
glCanvas.js:1127 [BENCHMARK] 1654769707667,CSR
glCanvas.js:1127 [BENCHMARK] 1654769707685,CSR
glCanvas.js:1127 [BENCHMARK] 1654769707711,CSR
glCanvas.js:1127 [BENCHMARK] 1654769707726,CSR
glCanvas.js:1127 [BENCHMARK] 1654769707747,CSR
glCanvas.js:1127 [BENCHMARK] 1654769707841,CSR
glCanvas.js:1127 [BENCHMARK] 1654769707848,CSR
glCanvas.js:1127 [BENCHMARK] 1654769707874,CSR
glCanvas.js:1127 [BENCHMARK] 1654769707887,CSR
glCanvas.js:1127 [BENCHMARK] 1654769708009,CSR
glCanvas.js:1127 [BENCHMARK] 1654769708013,CSR
glCanvas.js:1127 [BENCHMARK] 1654769708016,CSR
glCanvas.js:1127 [BENCHMARK] 1654769708035,CSR
glCanvas.js:1127 [BENCHMARK] 1654769708039,CSR
glCanvas.js:1127 [BENCHMARK] 1654769708043,CSR
glCanvas.js:1127 [BENCHMARK] 1654769708052,CSR
glCanvas.js:1127 [BENCHMARK] 1654769708055,CSR
glCanvas.js:1127 [BENCHMARK] 1654769708059,CSR
glCanvas.js:1127 [BENCHMARK] 1654769708068,CSR
glCanvas.js:1127 [BENCHMARK] 1654769708072,CSR
glCanvas.js:1127 [BENCHMARK] 1654769708075,CSR
glCanvas.js:1127 [BENCHMARK] 1654769708096,CSR
glCanvas.js:1127 [BENCHMARK] 1654769708102,CSR
glCanvas.js:1127 [BENCHMARK] 1654769708129,CSR
glCanvas.js:1127 [BENCHMARK] 1654769708134,CSR
glCanvas.js:1127 [BENCHMARK] 1654769708139,CSR
glCanvas.js:1127 [BENCHMARK] 1654769708142,CSR
glCanvas.js:1127 [BENCHMARK] 1654769708178,CSR
glCanvas.js:1127 [BENCHMARK] 1654769708184,CSR
glCanvas.js:1127 [BENCHMARK] 1654769708190,CSR
glCanvas.js:1127 [BENCHMARK] 1654769708209,CSR
glCanvas.js:1127 [BENCHMARK] 1654769708216,CSR
glCanvas.js:1127 [BENCHMARK] 1654769708219,CSR
glCanvas.js:1127 [BENCHMARK] 1654769708240,CSR
glCanvas.js:1127 [BENCHMARK] 1654769708343,CSR
glCanvas.js:1127 [BENCHMARK] 1654769708344,CSR
glCanvas.js:1127 [BENCHMARK] 1654769708497,CSR
glCanvas.js:1127 [BENCHMARK] 1654769708499,CSR
glCanvas.js:1127 [BENCHMARK] 1654769708700,CSR
glCanvas.js:1127 [BENCHMARK] 1654769708704,CSR
glCanvas.js:1127 [BENCHMARK] 1654769708902,CSR
glCanvas.js:1127 [BENCHMARK] 1654769708907,CSR
glCanvas.js:1127 [BENCHMARK] 1654769709154,CSR
glCanvas.js:1127 [BENCHMARK] 1654769709509,CSR
glCanvas.js:1127 [BENCHMARK] 1654769709517,CSR
glCanvas.js:1127 [BENCHMARK] 1654769709524,CSR
glCanvas.js:1127 [BENCHMARK] 1654769709531,CSR
glCanvas.js:1127 [BENCHMARK] 1654769709542,CSR
glCanvas.js:1127 [BENCHMARK] 1654769709549,CSR
glCanvas.js:1127 [BENCHMARK] 1654769709553,CSR
glCanvas.js:1127 [BENCHMARK] 1654769709566,CSR
glCanvas.js:1127 [BENCHMARK] 1654769709571,CSR
glCanvas.js:1127 [BENCHMARK] 1654769709575,CSR
glCanvas.js:1127 [BENCHMARK] 1654769710140,CSR
glCanvas.js:1127 [BENCHMARK] 1654769710146,CSR
glCanvas.js:1127 [BENCHMARK] 1654769710150,CSR
glCanvas.js:1127 [BENCHMARK] 1654769710154,CSR
glCanvas.js:1127 [BENCHMARK] 1654769710169,CSR
glCanvas.js:1127 [BENCHMARK] 1654769710173,CSR
glCanvas.js:1127 [BENCHMARK] 1654769710176,CSR
glCanvas.js:1127 [BENCHMARK] 1654769710187,CSR
glCanvas.js:1127 [BENCHMARK] 1654769710190,CSR
glCanvas.js:1127 [BENCHMARK] 1654769710196,CSR
glCanvas.js:1127 [BENCHMARK] 1654769710212,CSR
glCanvas.js:1127 [BENCHMARK] 1654769710453,CSR
glCanvas.js:1127 [BENCHMARK] 1654769710461,CSR
glCanvas.js:1127 [BENCHMARK] 1654769710465,CSR
glCanvas.js:1127 [BENCHMARK] 1654769710468,CSR
glCanvas.js:1127 [BENCHMARK] 1654769710484,CSR
glCanvas.js:1127 [BENCHMARK] 1654769710488,CSR
glCanvas.js:1127 [BENCHMARK] 1654769710491,CSR
glCanvas.js:1127 [BENCHMARK] 1654769710508,CSR
glCanvas.js:1127 [BENCHMARK] 1654769710511,CSR
glCanvas.js:1127 [BENCHMARK] 1654769710514,CSR
glCanvas.js:1127 [BENCHMARK] 1654769710533,CSR
glCanvas.js:1127 [BENCHMARK] 1654769710537,CSR
glCanvas.js:1127 [BENCHMARK] 1654769710540,CSR
glCanvas.js:1127 [BENCHMARK] 1654769710557,CSR
glCanvas.js:1127 [BENCHMARK] 1654769710561,CSR
glCanvas.js:1127 [BENCHMARK] 1654769710565,CSR
glCanvas.js:1127 [BENCHMARK] 1654769710568,CSR
glCanvas.js:1127 [BENCHMARK] 1654769710598,CSR
glCanvas.js:1127 [BENCHMARK] 1654769710604,CSR
glCanvas.js:1127 [BENCHMARK] 1654769710609,CSR
glCanvas.js:1127 [BENCHMARK] 1654769711258,CSR
glCanvas.js:1127 [BENCHMARK] 1654769711264,CSR
glCanvas.js:1127 [BENCHMARK] 1654769711274,CSR
glCanvas.js:1127 [BENCHMARK] 1654769711283,CSR
glCanvas.js:1127 [BENCHMARK] 1654769711288,CSR
glCanvas.js:1127 [BENCHMARK] 1654769711302,CSR
glCanvas.js:1127 [BENCHMARK] 1654769711307,CSR
glCanvas.js:1127 [BENCHMARK] 1654769711311,CSR
glCanvas.js:1127 [BENCHMARK] 1654769711332,CSR
glCanvas.js:1127 [BENCHMARK] 1654769711339,CSR
glCanvas.js:1127 [BENCHMARK] 1654769711344,CSR
glCanvas.js:1127 [BENCHMARK] 1654769711363,CSR
glCanvas.js:1127 [BENCHMARK] 1654769711369,CSR
glCanvas.js:1127 [BENCHMARK] 1654769711378,CSR
glCanvas.js:1127 [BENCHMARK] 1654769711396,CSR
glCanvas.js:1127 [BENCHMARK] 1654769711401,CSR
glCanvas.js:1127 [BENCHMARK] 1654769711407,CSR
glCanvas.js:1127 [BENCHMARK] 1654769711411,CSR
glCanvas.js:1127 [BENCHMARK] 1654769711415,CSR
glCanvas.js:1127 [BENCHMARK] 1654769711442,CSR
glCanvas.js:1127 [BENCHMARK] 1654769711480,CSR
glCanvas.js:1127 [BENCHMARK] 1654769711485,CSR
glCanvas.js:1127 [BENCHMARK] 1654769711493,CSR
glCanvas.js:1127 [BENCHMARK] 1654769711501,CSR
glCanvas.js:1127 [BENCHMARK] 1654769711505,CSR
glCanvas.js:1127 [BENCHMARK] 1654769711532,CSR
glCanvas.js:1127 [BENCHMARK] 1654769711545,CSR
glCanvas.js:1127 [BENCHMARK] 1654769711556,CSR
glCanvas.js:1127 [BENCHMARK] 1654769711581,CSR
glCanvas.js:1127 [BENCHMARK] 1654769711602,CSR
glCanvas.js:1127 [BENCHMARK] 1654769711614,CSR
glCanvas.js:1127 [BENCHMARK] 1654769711627,CSR
glCanvas.js:1127 [BENCHMARK] 1654769711647,CSR
glCanvas.js:1127 [BENCHMARK] 1654769711690,CSR
glCanvas.js:1127 [BENCHMARK] 1654769711703,CSR
glCanvas.js:1127 [BENCHMARK] 1654769711716,CSR
glCanvas.js:1127 [BENCHMARK] 1654769711743,CSR
glCanvas.js:1127 [BENCHMARK] 1654769711766,CSR
glCanvas.js:1127 [BENCHMARK] 1654769711783,CSR
glCanvas.js:1127 [BENCHMARK] 1654769711793,CSR
glCanvas.js:1127 [BENCHMARK] 1654769711820,CSR
glCanvas.js:1127 [BENCHMARK] 1654769711829,CSR
glCanvas.js:1127 [BENCHMARK] 1654769711837,CSR
glCanvas.js:1127 [BENCHMARK] 1654769711858,CSR
glCanvas.js:1127 [BENCHMARK] 1654769711864,CSR
glCanvas.js:1127 [BENCHMARK] 1654769711870,CSR
glCanvas.js:1127 [BENCHMARK] 1654769711893,CSR
glCanvas.js:1127 [BENCHMARK] 1654769711899,CSR
glCanvas.js:1127 [BENCHMARK] 1654769711906,CSR
glCanvas.js:1127 [BENCHMARK] 1654769711917,CSR
glCanvas.js:1127 [BENCHMARK] 1654769711925,CSR
glCanvas.js:1127 [BENCHMARK] 1654769711939,CSR
glCanvas.js:1127 [BENCHMARK] 1654769711983,CSR
glCanvas.js:1127 [BENCHMARK] 1654769712037,CSR
glCanvas.js:1127 [BENCHMARK] 1654769712120,CSR
glCanvas.js:1127 [BENCHMARK] 1654769712128,CSR
glCanvas.js:1127 [BENCHMARK] 1654769712145,CSR
glCanvas.js:1127 [BENCHMARK] 1654769712170,CSR
glCanvas.js:1127 [BENCHMARK] 1654769712192,CSR
glCanvas.js:1127 [BENCHMARK] 1654769712196,CSR
glCanvas.js:1127 [BENCHMARK] 1654769712200,CSR
glCanvas.js:1127 [BENCHMARK] 1654769712214,CSR
glCanvas.js:1127 [BENCHMARK] 1654769712217,CSR
glCanvas.js:1127 [BENCHMARK] 1654769712220,CSR
glCanvas.js:1127 [BENCHMARK] 1654769712232,CSR
glCanvas.js:1127 [BENCHMARK] 1654769712236,CSR
glCanvas.js:1127 [BENCHMARK] 1654769712241,CSR
glCanvas.js:1127 [BENCHMARK] 1654769712263,CSR
glCanvas.js:1127 [BENCHMARK] 1654769712268,CSR
glCanvas.js:1127 [BENCHMARK] 1654769712273,CSR
glCanvas.js:1127 [BENCHMARK] 1654769712291,CSR
glCanvas.js:1127 [BENCHMARK] 1654769712297,CSR
glCanvas.js:1127 [BENCHMARK] 1654769712301,CSR
glCanvas.js:1127 [BENCHMARK] 1654769712335,CSR
glCanvas.js:1127 [BENCHMARK] 1654769712341,CSR
glCanvas.js:1127 [BENCHMARK] 1654769712348,CSR
glCanvas.js:1127 [BENCHMARK] 1654769712358,CSR
glCanvas.js:1127 [BENCHMARK] 1654769712384,CSR
glCanvas.js:1127 [BENCHMARK] 1654769712400,CSR
glCanvas.js:1127 [BENCHMARK] 1654769712406,CSR
glCanvas.js:1127 [BENCHMARK] 1654769712411,CSR
glCanvas.js:1127 [BENCHMARK] 1654769712422,CSR
glCanvas.js:1127 [BENCHMARK] 1654769712426,CSR
glCanvas.js:1127 [BENCHMARK] 1654769712432,CSR
glCanvas.js:1127 [BENCHMARK] 1654769712456,CSR
glCanvas.js:1127 [BENCHMARK] 1654769712463,CSR
glCanvas.js:1127 [BENCHMARK] 1654769712467,CSR
glCanvas.js:1127 [BENCHMARK] 1654769712479,CSR
glCanvas.js:1127 [BENCHMARK] 1654769712484,CSR
glCanvas.js:1127 [BENCHMARK] 1654769712487,CSR
glCanvas.js:1127 [BENCHMARK] 1654769712538,CSR
glCanvas.js:1127 [BENCHMARK] 1654769712542,CSR
glCanvas.js:1127 [BENCHMARK] 1654769712545,CSR
glCanvas.js:1127 [BENCHMARK] 1654769712560,CSR
glCanvas.js:1127 [BENCHMARK] 1654769712567,CSR
glCanvas.js:1127 [BENCHMARK] 1654769712574,CSR
glCanvas.js:1127 [BENCHMARK] 1654769712578,CSR
glCanvas.js:1127 [BENCHMARK] 1654769712591,CSR
glCanvas.js:1127 [BENCHMARK] 1654769712607,CSR
glCanvas.js:1127 [BENCHMARK] 1654769712619,CSR
glCanvas.js:1127 [BENCHMARK] 1654769712623,CSR
glCanvas.js:1127 [BENCHMARK] 1654769712647,CSR
glCanvas.js:1127 [BENCHMARK] 1654769712651,CSR
glCanvas.js:1127 [BENCHMARK] 1654769712654,CSR
glCanvas.js:1127 [BENCHMARK] 1654769712672,CSR
glCanvas.js:1127 [BENCHMARK] 1654769712676,CSR
glCanvas.js:1127 [BENCHMARK] 1654769712681,CSR
glCanvas.js:1127 [BENCHMARK] 1654769712694,CSR
glCanvas.js:1127 [BENCHMARK] 1654769712698,CSR
glCanvas.js:1127 [BENCHMARK] 1654769712703,CSR
glCanvas.js:1127 [BENCHMARK] 1654769712749,CSR
glCanvas.js:1127 [BENCHMARK] 1654769712753,CSR
glCanvas.js:1127 [BENCHMARK] 1654769712759,CSR
glCanvas.js:1127 [BENCHMARK] 1654769712769,CSR
glCanvas.js:1127 [BENCHMARK] 1654769712779,CSR
glCanvas.js:1127 [BENCHMARK] 1654769712784,CSR
glCanvas.js:1127 [BENCHMARK] 1654769712789,CSR
glCanvas.js:1127 [BENCHMARK] 1654769712821,CSR
glCanvas.js:1127 [BENCHMARK] 1654769712825,CSR
glCanvas.js:1127 [BENCHMARK] 1654769712833,CSR
glCanvas.js:1127 [BENCHMARK] 1654769712836,CSR
glCanvas.js:1127 [BENCHMARK] 1654769712855,CSR
glCanvas.js:1127 [BENCHMARK] 1654769712867,CSR
glCanvas.js:1127 [BENCHMARK] 1654769712871,CSR
glCanvas.js:1127 [BENCHMARK] 1654769712881,CSR
glCanvas.js:1127 [BENCHMARK] 1654769712886,CSR
glCanvas.js:1127 [BENCHMARK] 1654769712892,CSR
glCanvas.js:1127 [BENCHMARK] 1654769712923,CSR
glCanvas.js:1127 [BENCHMARK] 1654769712926,CSR
glCanvas.js:1127 [BENCHMARK] 1654769712930,CSR
glCanvas.js:1127 [BENCHMARK] 1654769712969,CSR
glCanvas.js:1127 [BENCHMARK] 1654769712972,CSR
glCanvas.js:1127 [BENCHMARK] 1654769712976,CSR
glCanvas.js:1127 [BENCHMARK] 1654769712989,CSR
glCanvas.js:1127 [BENCHMARK] 1654769712994,CSR
glCanvas.js:1127 [BENCHMARK] 1654769713007,CSR
glCanvas.js:1127 [BENCHMARK] 1654769713012,CSR
glCanvas.js:1127 [BENCHMARK] 1654769713035,CSR
glCanvas.js:1127 [BENCHMARK] 1654769713039,CSR
glCanvas.js:1127 [BENCHMARK] 1654769713043,CSR
glCanvas.js:1127 [BENCHMARK] 1654769713063,CSR
glCanvas.js:1127 [BENCHMARK] 1654769713073,CSR
glCanvas.js:1127 [BENCHMARK] 1654769713085,CSR
glCanvas.js:1127 [BENCHMARK] 1654769713089,CSR
glCanvas.js:1127 [BENCHMARK] 1654769713093,CSR
glCanvas.js:1127 [BENCHMARK] 1654769713111,CSR
glCanvas.js:1127 [BENCHMARK] 1654769713128,CSR
glCanvas.js:1127 [BENCHMARK] 1654769713157,CSR
glCanvas.js:1127 [BENCHMARK] 1654769713186,CSR
glCanvas.js:1127 [BENCHMARK] 1654769713200,CSR
glCanvas.js:1127 [BENCHMARK] 1654769713214,CSR
glCanvas.js:1127 [BENCHMARK] 1654769713221,SSR
glCanvas.js:1127 [BENCHMARK] 1654769713229,SSR
glCanvas.js:1127 [BENCHMARK] 1654769713236,SSR
glCanvas.js:1127 [BENCHMARK] 1654769713242,SSR
glCanvas.js:1127 [BENCHMARK] 1654769713247,SSR
glCanvas.js:1127 [BENCHMARK] 1654769713273,SSR
glCanvas.js:1127 [BENCHMARK] 1654769713710,SSR
glCanvas.js:1127 [BENCHMARK] 1654769713715,SSR
glCanvas.js:1127 [BENCHMARK] 1654769713773,CSR
glCanvas.js:1127 [BENCHMARK] 1654769713778,CSR
glCanvas.js:1127 [BENCHMARK] 1654769713783,CSR
glCanvas.js:1127 [BENCHMARK] 1654769713787,CSR
glCanvas.js:1127 [BENCHMARK] 1654769713790,CSR
glCanvas.js:1127 [BENCHMARK] 1654769713813,CSR
glCanvas.js:1127 [BENCHMARK] 1654769713816,CSR
glCanvas.js:1127 [BENCHMARK] 1654769713821,CSR
glCanvas.js:1127 [BENCHMARK] 1654769713834,CSR
glCanvas.js:1127 [BENCHMARK] 1654769713837,CSR
glCanvas.js:1127 [BENCHMARK] 1654769713842,CSR
glCanvas.js:1127 [BENCHMARK] 1654769713863,CSR
glCanvas.js:1127 [BENCHMARK] 1654769713867,CSR
glCanvas.js:1127 [BENCHMARK] 1654769713871,CSR
glCanvas.js:1127 [BENCHMARK] 1654769713883,CSR
glCanvas.js:1127 [BENCHMARK] 1654769713887,CSR
glCanvas.js:1127 [BENCHMARK] 1654769713890,CSR
glCanvas.js:1127 [BENCHMARK] 1654769713907,CSR
glCanvas.js:1127 [BENCHMARK] 1654769713911,CSR
glCanvas.js:1127 [BENCHMARK] 1654769713914,CSR
glCanvas.js:1127 [BENCHMARK] 1654769713932,CSR
glCanvas.js:1127 [BENCHMARK] 1654769713936,CSR
glCanvas.js:1127 [BENCHMARK] 1654769713939,CSR
glCanvas.js:1127 [BENCHMARK] 1654769713956,CSR
glCanvas.js:1127 [BENCHMARK] 1654769713960,CSR
glCanvas.js:1127 [BENCHMARK] 1654769713964,CSR
glCanvas.js:1127 [BENCHMARK] 1654769713969,CSR
glCanvas.js:1127 [BENCHMARK] 1654769713972,CSR
glCanvas.js:1127 [BENCHMARK] 1654769714321,CSR
glCanvas.js:1127 [BENCHMARK] 1654769714323,CSR
glCanvas.js:1127 [BENCHMARK] 1654769714407,CSR
glCanvas.js:1127 [BENCHMARK] 1654769714409,CSR
glCanvas.js:1127 [BENCHMARK] 1654769714469,CSR
glCanvas.js:1127 [BENCHMARK] 1654769714471,CSR
glCanvas.js:1127 [BENCHMARK] 1654769714533,CSR
glCanvas.js:1127 [BENCHMARK] 1654769714535,CSR
glCanvas.js:1127 [BENCHMARK] 1654769714604,CSR
glCanvas.js:1127 [BENCHMARK] 1654769714606,CSR
glCanvas.js:1127 [BENCHMARK] 1654769714858,CSR
glCanvas.js:1127 [BENCHMARK] 1654769715190,CSR
glCanvas.js:1127 [BENCHMARK] 1654769715196,CSR
glCanvas.js:1127 [BENCHMARK] 1654769715202,CSR
glCanvas.js:1127 [BENCHMARK] 1654769715207,CSR
glCanvas.js:1127 [BENCHMARK] 1654769715225,CSR
glCanvas.js:1127 [BENCHMARK] 1654769715229,CSR
glCanvas.js:1127 [BENCHMARK] 1654769715233,CSR
glCanvas.js:1127 [BENCHMARK] 1654769715253,CSR
glCanvas.js:1127 [BENCHMARK] 1654769715258,CSR
glCanvas.js:1127 [BENCHMARK] 1654769715263,CSR
glCanvas.js:1127 [BENCHMARK] 1654769715630,CSR
glCanvas.js:1127 [BENCHMARK] 1654769715637,CSR
glCanvas.js:1127 [BENCHMARK] 1654769715642,CSR
glCanvas.js:1127 [BENCHMARK] 1654769715647,CSR
glCanvas.js:1127 [BENCHMARK] 1654769715651,CSR
glCanvas.js:1127 [BENCHMARK] 1654769715655,CSR
glCanvas.js:1127 [BENCHMARK] 1654769715673,CSR
glCanvas.js:1127 [BENCHMARK] 1654769715679,CSR
glCanvas.js:1127 [BENCHMARK] 1654769715683,CSR
glCanvas.js:1127 [BENCHMARK] 1654769715692,CSR
glCanvas.js:1127 [BENCHMARK] 1654769715844,CSR
glCanvas.js:1127 [BENCHMARK] 1654769715859,CSR
glCanvas.js:1127 [BENCHMARK] 1654769715878,CSR
glCanvas.js:1127 [BENCHMARK] 1654769716283,CSR
glCanvas.js:1127 [BENCHMARK] 1654769716289,CSR
glCanvas.js:1127 [BENCHMARK] 1654769716294,CSR
glCanvas.js:1127 [BENCHMARK] 1654769716298,CSR
glCanvas.js:1127 [BENCHMARK] 1654769716313,CSR
glCanvas.js:1127 [BENCHMARK] 1654769716341,CSR
glCanvas.js:1127 [BENCHMARK] 1654769716346,CSR
glCanvas.js:1127 [BENCHMARK] 1654769716350,CSR
glCanvas.js:1127 [BENCHMARK] 1654769716354,CSR
glCanvas.js:1127 [BENCHMARK] 1654769716370,CSR
glCanvas.js:1127 [BENCHMARK] 1654769716374,CSR
glCanvas.js:1127 [BENCHMARK] 1654769716378,CSR
glCanvas.js:1127 [BENCHMARK] 1654769716398,CSR
glCanvas.js:1127 [BENCHMARK] 1654769716404,CSR
glCanvas.js:1127 [BENCHMARK] 1654769716409,CSR
glCanvas.js:1127 [BENCHMARK] 1654769716429,CSR
glCanvas.js:1127 [BENCHMARK] 1654769716435,CSR
glCanvas.js:1127 [BENCHMARK] 1654769716440,CSR
glCanvas.js:1127 [BENCHMARK] 1654769716459,CSR
glCanvas.js:1127 [BENCHMARK] 1654769716466,CSR
glCanvas.js:1127 [BENCHMARK] 1654769716680,CSR
glCanvas.js:1127 [BENCHMARK] 1654769716682,CSR
glCanvas.js:1127 [BENCHMARK] 1654769716751,CSR
glCanvas.js:1127 [BENCHMARK] 1654769716753,CSR
glCanvas.js:1127 [BENCHMARK] 1654769716756,CSR
glCanvas.js:1127 [BENCHMARK] 1654769716758,CSR
glCanvas.js:1127 [BENCHMARK] 1654769716772,CSR
glCanvas.js:1127 [BENCHMARK] 1654769716774,CSR
glCanvas.js:1127 [BENCHMARK] 1654769716847,CSR
glCanvas.js:1127 [BENCHMARK] 1654769716850,CSR
glCanvas.js:1127 [BENCHMARK] 1654769716852,CSR
glCanvas.js:1127 [BENCHMARK] 1654769716854,CSR
glCanvas.js:1127 [BENCHMARK] 1654769716864,CSR
glCanvas.js:1127 [BENCHMARK] 1654769716866,CSR
glCanvas.js:1127 [BENCHMARK] 1654769716896,CSR
glCanvas.js:1127 [BENCHMARK] 1654769716898,CSR
glCanvas.js:1127 [BENCHMARK] 1654769716926,CSR
glCanvas.js:1127 [BENCHMARK] 1654769716928,CSR
glCanvas.js:1127 [BENCHMARK] 1654769716957,CSR
glCanvas.js:1127 [BENCHMARK] 1654769716960,CSR
glCanvas.js:1127 [BENCHMARK] 1654769716988,CSR
glCanvas.js:1127 [BENCHMARK] 1654769716991,CSR
glCanvas.js:1127 [BENCHMARK] 1654769717019,CSR
glCanvas.js:1127 [BENCHMARK] 1654769717021,CSR
glCanvas.js:1127 [BENCHMARK] 1654769717049,CSR
glCanvas.js:1127 [BENCHMARK] 1654769717052,CSR
glCanvas.js:1127 [BENCHMARK] 1654769717289,CSR
glCanvas.js:1127 [BENCHMARK] 1654769717292,CSR
glCanvas.js:1127 [BENCHMARK] 1654769717303,CSR
glCanvas.js:1127 [BENCHMARK] 1654769717306,CSR
glCanvas.js:1127 [BENCHMARK] 1654769717316,CSR
glCanvas.js:1127 [BENCHMARK] 1654769717319,CSR
glCanvas.js:1127 [BENCHMARK] 1654769717329,CSR
glCanvas.js:1127 [BENCHMARK] 1654769717331,CSR
glCanvas.js:1127 [BENCHMARK] 1654769717341,CSR
glCanvas.js:1127 [BENCHMARK] 1654769717343,CSR
glCanvas.js:1127 [BENCHMARK] 1654769717355,CSR
glCanvas.js:1127 [BENCHMARK] 1654769717357,CSR
glCanvas.js:1127 [BENCHMARK] 1654769717369,CSR
glCanvas.js:1127 [BENCHMARK] 1654769717372,CSR
glCanvas.js:1127 [BENCHMARK] 1654769717380,CSR
glCanvas.js:1127 [BENCHMARK] 1654769717383,CSR
glCanvas.js:1127 [BENCHMARK] 1654769717394,CSR
glCanvas.js:1127 [BENCHMARK] 1654769717397,CSR
glCanvas.js:1127 [BENCHMARK] 1654769717407,CSR
glCanvas.js:1127 [BENCHMARK] 1654769717410,CSR
glCanvas.js:1127 [BENCHMARK] 1654769717628,CSR
glCanvas.js:1127 [BENCHMARK] 1654769717631,CSR
glCanvas.js:1127 [BENCHMARK] 1654769717642,CSR
glCanvas.js:1127 [BENCHMARK] 1654769717645,CSR
glCanvas.js:1127 [BENCHMARK] 1654769717655,CSR
glCanvas.js:1127 [BENCHMARK] 1654769717657,CSR
glCanvas.js:1127 [BENCHMARK] 1654769717667,CSR
glCanvas.js:1127 [BENCHMARK] 1654769717669,CSR
glCanvas.js:1127 [BENCHMARK] 1654769717680,CSR
glCanvas.js:1127 [BENCHMARK] 1654769717682,CSR
glCanvas.js:1127 [BENCHMARK] 1654769717693,CSR
glCanvas.js:1127 [BENCHMARK] 1654769717695,CSR
glCanvas.js:1127 [BENCHMARK] 1654769717706,CSR
glCanvas.js:1127 [BENCHMARK] 1654769717708,CSR
glCanvas.js:1127 [BENCHMARK] 1654769717719,CSR
glCanvas.js:1127 [BENCHMARK] 1654769717722,CSR
glCanvas.js:1127 [BENCHMARK] 1654769717733,CSR
glCanvas.js:1127 [BENCHMARK] 1654769717735,CSR
glCanvas.js:1127 [BENCHMARK] 1654769717745,CSR
glCanvas.js:1127 [BENCHMARK] 1654769717747,CSR
glCanvas.js:1127 [BENCHMARK] 1654769718002,CSR
glCanvas.js:1127 [BENCHMARK] 1654769718339,CSR
glCanvas.js:1127 [BENCHMARK] 1654769718345,CSR
glCanvas.js:1127 [BENCHMARK] 1654769718350,CSR
glCanvas.js:1127 [BENCHMARK] 1654769718356,CSR
glCanvas.js:1127 [BENCHMARK] 1654769718370,CSR
glCanvas.js:1127 [BENCHMARK] 1654769718375,CSR
glCanvas.js:1127 [BENCHMARK] 1654769718381,CSR
glCanvas.js:1127 [BENCHMARK] 1654769718400,CSR
glCanvas.js:1127 [BENCHMARK] 1654769718405,CSR
glCanvas.js:1127 [BENCHMARK] 1654769718411,CSR
glCanvas.js:1127 [BENCHMARK] 1654769718745,CSR
glCanvas.js:1127 [BENCHMARK] 1654769718751,CSR
glCanvas.js:1127 [BENCHMARK] 1654769718755,CSR
glCanvas.js:1127 [BENCHMARK] 1654769718760,CSR
glCanvas.js:1127 [BENCHMARK] 1654769718764,CSR
glCanvas.js:1127 [BENCHMARK] 1654769718771,CSR
glCanvas.js:1127 [BENCHMARK] 1654769718785,CSR
glCanvas.js:1127 [BENCHMARK] 1654769718789,CSR
glCanvas.js:1127 [BENCHMARK] 1654769718792,CSR
glCanvas.js:1127 [BENCHMARK] 1654769718806,CSR
glCanvas.js:1127 [BENCHMARK] 1654769718961,CSR
glCanvas.js:1127 [BENCHMARK] 1654769718979,CSR
glCanvas.js:1127 [BENCHMARK] 1654769718984,CSR
glCanvas.js:1127 [BENCHMARK] 1654769718991,CSR
glCanvas.js:1127 [BENCHMARK] 1654769718995,CSR
glCanvas.js:1127 [BENCHMARK] 1654769719015,CSR
glCanvas.js:1127 [BENCHMARK] 1654769719025,CSR
glCanvas.js:1127 [BENCHMARK] 1654769719031,CSR
glCanvas.js:1127 [BENCHMARK] 1654769719153,CSR
glCanvas.js:1127 [BENCHMARK] 1654769719159,CSR
glCanvas.js:1127 [BENCHMARK] 1654769719164,CSR
glCanvas.js:1127 [BENCHMARK] 1654769719210,CSR
glCanvas.js:1127 [BENCHMARK] 1654769719218,CSR
glCanvas.js:1127 [BENCHMARK] 1654769719221,CSR
glCanvas.js:1127 [BENCHMARK] 1654769719225,CSR
glCanvas.js:1127 [BENCHMARK] 1654769719258,CSR
glCanvas.js:1127 [BENCHMARK] 1654769719262,CSR
glCanvas.js:1127 [BENCHMARK] 1654769719266,CSR
glCanvas.js:1127 [BENCHMARK] 1654769719279,CSR
glCanvas.js:1127 [BENCHMARK] 1654769719284,CSR
glCanvas.js:1127 [BENCHMARK] 1654769719287,CSR
glCanvas.js:1127 [BENCHMARK] 1654769719305,CSR
glCanvas.js:1127 [BENCHMARK] 1654769719312,CSR
glCanvas.js:1127 [BENCHMARK] 1654769719316,CSR
glCanvas.js:1127 [BENCHMARK] 1654769719319,CSR
glCanvas.js:1127 [BENCHMARK] 1654769719337,CSR
glCanvas.js:1127 [BENCHMARK] 1654769719341,CSR
glCanvas.js:1127 [BENCHMARK] 1654769719347,CSR
glCanvas.js:1127 [BENCHMARK] 1654769719722,CSR
glCanvas.js:1127 [BENCHMARK] 1654769719727,CSR
glCanvas.js:1127 [BENCHMARK] 1654769719736,CSR
glCanvas.js:1127 [BENCHMARK] 1654769719747,CSR
glCanvas.js:1127 [BENCHMARK] 1654769719758,CSR
glCanvas.js:1127 [BENCHMARK] 1654769719780,CSR
glCanvas.js:1127 [BENCHMARK] 1654769719791,CSR
glCanvas.js:1127 [BENCHMARK] 1654769720279,CSR
glCanvas.js:1127 [BENCHMARK] 1654769720370,CSR
glCanvas.js:1127 [BENCHMARK] 1654769720385,CSR
glCanvas.js:1127 [BENCHMARK] 1654769720388,CSR
glCanvas.js:1127 [BENCHMARK] 1654769720392,CSR
glCanvas.js:1127 [BENCHMARK] 1654769720406,CSR
glCanvas.js:1127 [BENCHMARK] 1654769720412,CSR
glCanvas.js:1127 [BENCHMARK] 1654769720416,CSR
glCanvas.js:1127 [BENCHMARK] 1654769720420,CSR
glCanvas.js:1127 [BENCHMARK] 1654769720439,CSR
glCanvas.js:1127 [BENCHMARK] 1654769720445,CSR
glCanvas.js:1127 [BENCHMARK] 1654769720450,CSR
glCanvas.js:1127 [BENCHMARK] 1654769720470,CSR
glCanvas.js:1127 [BENCHMARK] 1654769720476,CSR
glCanvas.js:1127 [BENCHMARK] 1654769720502,CSR
glCanvas.js:1127 [BENCHMARK] 1654769720580,CSR
glCanvas.js:1127 [BENCHMARK] 1654769720591,CSR
glCanvas.js:1127 [BENCHMARK] 1654769720605,CSR
glCanvas.js:1127 [BENCHMARK] 1654769720622,CSR
glCanvas.js:1127 [BENCHMARK] 1654769720628,CSR
glCanvas.js:1127 [BENCHMARK] 1654769720650,CSR
glCanvas.js:1127 [BENCHMARK] 1654769720667,CSR
glCanvas.js:1127 [BENCHMARK] 1654769720677,CSR
glCanvas.js:1127 [BENCHMARK] 1654769720698,CSR
glCanvas.js:1127 [BENCHMARK] 1654769720712,CSR
glCanvas.js:1127 [BENCHMARK] 1654769720722,CSR
glCanvas.js:1127 [BENCHMARK] 1654769720737,CSR
glCanvas.js:1127 [BENCHMARK] 1654769720754,CSR
glCanvas.js:1127 [BENCHMARK] 1654769720763,CSR
glCanvas.js:1127 [BENCHMARK] 1654769720831,CSR
glCanvas.js:1127 [BENCHMARK] 1654769720833,CSR
glCanvas.js:1127 [BENCHMARK] 1654769720835,CSR
glCanvas.js:1127 [BENCHMARK] 1654769720837,CSR
glCanvas.js:1127 [BENCHMARK] 1654769720839,CSR
glCanvas.js:1127 [BENCHMARK] 1654769720842,CSR
glCanvas.js:1127 [BENCHMARK] 1654769720870,CSR
glCanvas.js:1127 [BENCHMARK] 1654769720873,CSR
glCanvas.js:1127 [BENCHMARK] 1654769720878,CSR
glCanvas.js:1127 [BENCHMARK] 1654769721130,CSR
glCanvas.js:1127 [BENCHMARK] 1654769721451,CSR
glCanvas.js:1127 [BENCHMARK] 1654769721457,CSR
glCanvas.js:1127 [BENCHMARK] 1654769721462,CSR
glCanvas.js:1127 [BENCHMARK] 1654769721467,CSR
glCanvas.js:1127 [BENCHMARK] 1654769721478,CSR
glCanvas.js:1127 [BENCHMARK] 1654769721698,CSR
glCanvas.js:1127 [BENCHMARK] 1654769721841,CSR
glCanvas.js:1127 [BENCHMARK] 1654769721847,CSR
glCanvas.js:1127 [BENCHMARK] 1654769721852,CSR
glCanvas.js:1127 [BENCHMARK] 1654769721880,CSR
glCanvas.js:1127 [BENCHMARK] 1654769722137,CSR
glCanvas.js:1127 [BENCHMARK] 1654769722260,CSR
glCanvas.js:1127 [BENCHMARK] 1654769722265,CSR
glCanvas.js:1127 [BENCHMARK] 1654769722269,CSR
glCanvas.js:1127 [BENCHMARK] 1654769722275,CSR
glCanvas.js:1127 [BENCHMARK] 1654769722308,CSR
glCanvas.js:1127 [BENCHMARK] 1654769722315,CSR
glCanvas.js:1127 [BENCHMARK] 1654769722643,CSR
glCanvas.js:1127 [BENCHMARK] 1654769722672,CSR
glCanvas.js:1127 [BENCHMARK] 1654769722703,CSR
glCanvas.js:1127 [BENCHMARK] 1654769722707,CSR
glCanvas.js:1127 [BENCHMARK] 1654769722895,CSR
glCanvas.js:1127 [BENCHMARK] 1654769722972,CSR
glCanvas.js:1127 [BENCHMARK] 1654769723037,CSR
glCanvas.js:1127 [BENCHMARK] 1654769723108,CSR
glCanvas.js:1127 [BENCHMARK] 1654769723180,CSR
glCanvas.js:1127 [BENCHMARK] 1654769723252,CSR
glCanvas.js:1127 [BENCHMARK] 1654769723324,CSR
glCanvas.js:1127 [BENCHMARK] 1654769723397,CSR
glCanvas.js:1127 [BENCHMARK] 1654769723468,CSR
glCanvas.js:1127 [BENCHMARK] 1654769723540,CSR
glCanvas.js:1127 [BENCHMARK] 1654769723794,CSR
glCanvas.js:1127 [BENCHMARK] 1654769723902,CSR
glCanvas.js:1127 [BENCHMARK] 1654769723957,CSR
glCanvas.js:1127 [BENCHMARK] 1654769724018,CSR
glCanvas.js:1127 [BENCHMARK] 1654769724119,CSR
glCanvas.js:1127 [BENCHMARK] 1654769724220,CSR
glCanvas.js:1127 [BENCHMARK] 1654769724327,CSR
glCanvas.js:1127 [BENCHMARK] 1654769724429,CSR
glCanvas.js:1127 [BENCHMARK] 1654769724433,SSR
glCanvas.js:1127 [BENCHMARK] 1654769724501,SSR
glCanvas.js:1127 [BENCHMARK] 1654769724508,SSR
glCanvas.js:1127 [BENCHMARK] 1654769724511,SSR
glCanvas.js:1127 [BENCHMARK] 1654769724515,SSR
glCanvas.js:1127 [BENCHMARK] 1654769724695,SSR
glCanvas.js:1127 [BENCHMARK] 1654769724698,SSR
glCanvas.js:1127 [BENCHMARK] 1654769724701,SSR
glCanvas.js:1127 [BENCHMARK] 1654769724728,SSR
glCanvas.js:1127 [BENCHMARK] 1654769724742,SSR
glCanvas.js:1127 [BENCHMARK] 1654769724751,SSR
glCanvas.js:1127 [BENCHMARK] 1654769724758,SSR
glCanvas.js:1127 [BENCHMARK] 1654769724766,SSR
glCanvas.js:1127 [BENCHMARK] 1654769724771,SSR
glCanvas.js:1127 [BENCHMARK] 1654769724781,SSR
glCanvas.js:1127 [BENCHMARK] 1654769724785,SSR
glCanvas.js:1127 [BENCHMARK] 1654769724790,SSR
glCanvas.js:1127 [BENCHMARK] 1654769724798,SSR
glCanvas.js:1127 [BENCHMARK] 1654769724803,SSR
glCanvas.js:1127 [BENCHMARK] 1654769724808,SSR
glCanvas.js:1127 [BENCHMARK] 1654769724817,SSR
glCanvas.js:1127 [BENCHMARK] 1654769724822,SSR
glCanvas.js:1127 [BENCHMARK] 1654769724825,SSR
glCanvas.js:1127 [BENCHMARK] 1654769724924,SSR
glCanvas.js:1127 [BENCHMARK] 1654769724959,SSR
glCanvas.js:1127 [BENCHMARK] 1654769725244,SSR
glCanvas.js:1127 [BENCHMARK] 1654769725251,SSR
glCanvas.js:1127 [BENCHMARK] 1654769725267,CSR
glCanvas.js:1127 [BENCHMARK] 1654769725290,CSR
glCanvas.js:1127 [BENCHMARK] 1654769725295,CSR
glCanvas.js:1127 [BENCHMARK] 1654769725301,CSR
glCanvas.js:1127 [BENCHMARK] 1654769725305,CSR
glCanvas.js:1127 [BENCHMARK] 1654769725308,CSR
glCanvas.js:1127 [BENCHMARK] 1654769725338,CSR
glCanvas.js:1127 [BENCHMARK] 1654769725341,CSR
glCanvas.js:1127 [BENCHMARK] 1654769725345,CSR
glCanvas.js:1127 [BENCHMARK] 1654769725348,CSR
glCanvas.js:1127 [BENCHMARK] 1654769725352,CSR
glCanvas.js:1127 [BENCHMARK] 1654769725373,CSR
glCanvas.js:1127 [BENCHMARK] 1654769725380,CSR
glCanvas.js:1127 [BENCHMARK] 1654769725383,CSR
glCanvas.js:1127 [BENCHMARK] 1654769725395,CSR
glCanvas.js:1127 [BENCHMARK] 1654769725398,CSR
glCanvas.js:1127 [BENCHMARK] 1654769725401,CSR
glCanvas.js:1127 [BENCHMARK] 1654769725417,CSR
glCanvas.js:1127 [BENCHMARK] 1654769725467,CSR
glCanvas.js:1127 [BENCHMARK] 1654769725476,CSR
glCanvas.js:1127 [BENCHMARK] 1654769725495,CSR
glCanvas.js:1127 [BENCHMARK] 1654769725518,CSR
glCanvas.js:1127 [BENCHMARK] 1654769725530,CSR
glCanvas.js:1127 [BENCHMARK] 1654769726106,CSR
glCanvas.js:1127 [BENCHMARK] 1654769726109,CSR
glCanvas.js:1127 [BENCHMARK] 1654769726112,CSR
glCanvas.js:1127 [BENCHMARK] 1654769726114,CSR
glCanvas.js:1127 [BENCHMARK] 1654769726116,CSR
glCanvas.js:1127 [BENCHMARK] 1654769726118,CSR
glCanvas.js:1127 [BENCHMARK] 1654769726120,CSR
glCanvas.js:1127 [BENCHMARK] 1654769726121,CSR
glCanvas.js:1127 [BENCHMARK] 1654769726123,CSR
glCanvas.js:1127 [BENCHMARK] 1654769726125,CSR
glCanvas.js:1127 [BENCHMARK] 1654769726127,CSR
glCanvas.js:1127 [BENCHMARK] 1654769726129,CSR
glCanvas.js:1127 [BENCHMARK] 1654769726132,CSR
glCanvas.js:1127 [BENCHMARK] 1654769726134,CSR
glCanvas.js:1127 [BENCHMARK] 1654769726139,CSR
glCanvas.js:1127 [BENCHMARK] 1654769726143,CSR
glCanvas.js:1127 [BENCHMARK] 1654769726147,CSR
glCanvas.js:1127 [BENCHMARK] 1654769726215,CSR
glCanvas.js:1127 [BENCHMARK] 1654769726559,CSR
glCanvas.js:1127 [BENCHMARK] 1654769726594,CSR
glCanvas.js:1127 [BENCHMARK] 1654769726622,CSR
glCanvas.js:1127 [BENCHMARK] 1654769726629,CSR
glCanvas.js:1127 [BENCHMARK] 1654769726637,CSR
glCanvas.js:1127 [BENCHMARK] 1654769726671,CSR
glCanvas.js:1127 [BENCHMARK] 1654769726678,CSR
glCanvas.js:1127 [BENCHMARK] 1654769726850,CSR
glCanvas.js:1127 [BENCHMARK] 1654769727101,CSR
glCanvas.js:1127 [BENCHMARK] 1654769727105,CSR
glCanvas.js:1127 [BENCHMARK] 1654769727109,CSR
glCanvas.js:1127 [BENCHMARK] 1654769727112,CSR
glCanvas.js:1127 [BENCHMARK] 1654769727115,CSR
glCanvas.js:1127 [BENCHMARK] 1654769727135,CSR
glCanvas.js:1127 [BENCHMARK] 1654769727140,CSR
glCanvas.js:1127 [BENCHMARK] 1654769727145,CSR
glCanvas.js:1127 [BENCHMARK] 1654769727165,CSR
glCanvas.js:1127 [BENCHMARK] 1654769727171,CSR
glCanvas.js:1127 [BENCHMARK] 1654769727174,CSR
glCanvas.js:1127 [BENCHMARK] 1654769727207,CSR
glCanvas.js:1127 [BENCHMARK] 1654769727217,CSR
glCanvas.js:1127 [BENCHMARK] 1654769727222,CSR
glCanvas.js:1127 [BENCHMARK] 1654769727227,CSR
glCanvas.js:1127 [BENCHMARK] 1654769727246,CSR
glCanvas.js:1127 [BENCHMARK] 1654769727251,CSR
glCanvas.js:1127 [BENCHMARK] 1654769727663,CSR
glCanvas.js:1127 [BENCHMARK] 1654769727677,CSR
glCanvas.js:1127 [BENCHMARK] 1654769727687,CSR
glCanvas.js:1127 [BENCHMARK] 1654769727691,CSR
glCanvas.js:1127 [BENCHMARK] 1654769727697,CSR
glCanvas.js:1127 [BENCHMARK] 1654769727702,CSR
glCanvas.js:1127 [BENCHMARK] 1654769727707,CSR
glCanvas.js:1127 [BENCHMARK] 1654769727727,CSR
glCanvas.js:1127 [BENCHMARK] 1654769727734,CSR
glCanvas.js:1127 [BENCHMARK] 1654769727737,CSR
glCanvas.js:1127 [BENCHMARK] 1654769727755,CSR
glCanvas.js:1127 [BENCHMARK] 1654769727758,CSR
glCanvas.js:1127 [BENCHMARK] 1654769727761,CSR
glCanvas.js:1127 [BENCHMARK] 1654769727792,CSR
glCanvas.js:1127 [BENCHMARK] 1654769727796,CSR
glCanvas.js:1127 [BENCHMARK] 1654769727799,CSR
glCanvas.js:1127 [BENCHMARK] 1654769727836,CSR
glCanvas.js:1127 [BENCHMARK] 1654769727858,CSR
glCanvas.js:1127 [BENCHMARK] 1654769728061,CSR
glCanvas.js:1127 [BENCHMARK] 1654769728063,CSR
glCanvas.js:1127 [BENCHMARK] 1654769728167,CSR
glCanvas.js:1127 [BENCHMARK] 1654769728169,CSR
glCanvas.js:1127 [BENCHMARK] 1654769728257,CSR
glCanvas.js:1127 [BENCHMARK] 1654769728259,CSR
glCanvas.js:1127 [BENCHMARK] 1654769728274,CSR
glCanvas.js:1127 [BENCHMARK] 1654769728276,CSR
glCanvas.js:1127 [BENCHMARK] 1654769728344,CSR
glCanvas.js:1127 [BENCHMARK] 1654769728346,CSR
glCanvas.js:1127 [BENCHMARK] 1654769728415,CSR
glCanvas.js:1127 [BENCHMARK] 1654769728417,CSR
glCanvas.js:1127 [BENCHMARK] 1654769728486,CSR
glCanvas.js:1127 [BENCHMARK] 1654769728488,CSR
glCanvas.js:1127 [BENCHMARK] 1654769728556,CSR
glCanvas.js:1127 [BENCHMARK] 1654769728558,CSR
glCanvas.js:1127 [BENCHMARK] 1654769728627,CSR
glCanvas.js:1127 [BENCHMARK] 1654769728630,CSR
glCanvas.js:1127 [BENCHMARK] 1654769728698,CSR
glCanvas.js:1127 [BENCHMARK] 1654769728700,CSR
glCanvas.js:1127 [BENCHMARK] 1654769728954,CSR
glCanvas.js:1127 [BENCHMARK] 1654769729128,CSR
glCanvas.js:1127 [BENCHMARK] 1654769729130,CSR
glCanvas.js:1127 [BENCHMARK] 1654769729133,CSR
glCanvas.js:1127 [BENCHMARK] 1654769729135,CSR
glCanvas.js:1127 [BENCHMARK] 1654769729137,CSR
glCanvas.js:1127 [BENCHMARK] 1654769729139,CSR
glCanvas.js:1127 [BENCHMARK] 1654769729141,CSR
glCanvas.js:1127 [BENCHMARK] 1654769729144,CSR
glCanvas.js:1127 [BENCHMARK] 1654769729146,CSR
glCanvas.js:1127 [BENCHMARK] 1654769729148,CSR
glCanvas.js:1127 [BENCHMARK] 1654769729151,CSR
glCanvas.js:1127 [BENCHMARK] 1654769729152,CSR
glCanvas.js:1127 [BENCHMARK] 1654769729244,CSR
glCanvas.js:1127 [BENCHMARK] 1654769729246,CSR
glCanvas.js:1127 [BENCHMARK] 1654769729248,CSR
glCanvas.js:1127 [BENCHMARK] 1654769729249,CSR
glCanvas.js:1127 [BENCHMARK] 1654769729252,CSR
glCanvas.js:1127 [BENCHMARK] 1654769729253,CSR
glCanvas.js:1127 [BENCHMARK] 1654769729256,CSR
glCanvas.js:1127 [BENCHMARK] 1654769729258,CSR
glCanvas.js:1127 [BENCHMARK] 1654769729319,CSR
glCanvas.js:1127 [BENCHMARK] 1654769729329,CSR
glCanvas.js:1127 [BENCHMARK] 1654769729338,CSR
glCanvas.js:1127 [BENCHMARK] 1654769729344,CSR
glCanvas.js:1127 [BENCHMARK] 1654769729351,CSR
glCanvas.js:1127 [BENCHMARK] 1654769729355,CSR
glCanvas.js:1127 [BENCHMARK] 1654769729361,CSR
glCanvas.js:1127 [BENCHMARK] 1654769729371,CSR
glCanvas.js:1127 [BENCHMARK] 1654769729376,CSR
glCanvas.js:1127 [BENCHMARK] 1654769729381,CSR
glCanvas.js:1127 [BENCHMARK] 1654769729491,CSR
glCanvas.js:1127 [BENCHMARK] 1654769729493,CSR
glCanvas.js:1127 [BENCHMARK] 1654769729521,CSR
glCanvas.js:1127 [BENCHMARK] 1654769729523,CSR
glCanvas.js:1127 [BENCHMARK] 1654769729552,CSR
glCanvas.js:1127 [BENCHMARK] 1654769729554,CSR
glCanvas.js:1127 [BENCHMARK] 1654769729583,CSR
glCanvas.js:1127 [BENCHMARK] 1654769729585,CSR
glCanvas.js:1127 [BENCHMARK] 1654769729613,CSR
glCanvas.js:1127 [BENCHMARK] 1654769729615,CSR
glCanvas.js:1127 [BENCHMARK] 1654769729644,CSR
glCanvas.js:1127 [BENCHMARK] 1654769729646,CSR
glCanvas.js:1127 [BENCHMARK] 1654769729676,CSR
glCanvas.js:1127 [BENCHMARK] 1654769729678,CSR
glCanvas.js:1127 [BENCHMARK] 1654769729706,CSR
glCanvas.js:1127 [BENCHMARK] 1654769729708,CSR
glCanvas.js:1127 [BENCHMARK] 1654769729737,CSR
glCanvas.js:1127 [BENCHMARK] 1654769729738,CSR
glCanvas.js:1127 [BENCHMARK] 1654769729768,CSR
glCanvas.js:1127 [BENCHMARK] 1654769729770,CSR
glCanvas.js:1127 [BENCHMARK] 1654769729858,CSR
glCanvas.js:1127 [BENCHMARK] 1654769729863,CSR
glCanvas.js:1127 [BENCHMARK] 1654769729867,CSR
glCanvas.js:1127 [BENCHMARK] 1654769729870,CSR
glCanvas.js:1127 [BENCHMARK] 1654769729882,CSR
glCanvas.js:1127 [BENCHMARK] 1654769729886,CSR
glCanvas.js:1127 [BENCHMARK] 1654769729889,CSR
glCanvas.js:1127 [BENCHMARK] 1654769729906,CSR
glCanvas.js:1127 [BENCHMARK] 1654769729909,CSR
glCanvas.js:1127 [BENCHMARK] 1654769729913,CSR
glCanvas.js:1127 [BENCHMARK] 1654769730026,CSR
glCanvas.js:1127 [BENCHMARK] 1654769730252,CSR
glCanvas.js:1127 [BENCHMARK] 1654769730257,CSR
glCanvas.js:1127 [BENCHMARK] 1654769730260,CSR
glCanvas.js:1127 [BENCHMARK] 1654769730264,CSR
glCanvas.js:1127 [BENCHMARK] 1654769730278,CSR
glCanvas.js:1127 [BENCHMARK] 1654769730281,CSR
glCanvas.js:1127 [BENCHMARK] 1654769730284,CSR
glCanvas.js:1127 [BENCHMARK] 1654769730301,CSR
glCanvas.js:1127 [BENCHMARK] 1654769730307,CSR
glCanvas.js:1127 [BENCHMARK] 1654769730311,CSR
glCanvas.js:1127 [BENCHMARK] 1654769730314,CSR
glCanvas.js:1127 [BENCHMARK] 1654769730317,CSR
glCanvas.js:1127 [BENCHMARK] 1654769730346,CSR
glCanvas.js:1127 [BENCHMARK] 1654769730351,CSR
glCanvas.js:1127 [BENCHMARK] 1654769730356,CSR
glCanvas.js:1127 [BENCHMARK] 1654769730373,CSR
glCanvas.js:1127 [BENCHMARK] 1654769730379,CSR
glCanvas.js:1127 [BENCHMARK] 1654769730383,CSR
glCanvas.js:1127 [BENCHMARK] 1654769730400,CSR
glCanvas.js:1127 [BENCHMARK] 1654769730406,CSR
glCanvas.js:1127 [BENCHMARK] 1654769731225,CSR
glCanvas.js:1127 [BENCHMARK] 1654769731401,CSR
glCanvas.js:1127 [BENCHMARK] 1654769731406,CSR
glCanvas.js:1127 [BENCHMARK] 1654769731409,CSR
glCanvas.js:1127 [BENCHMARK] 1654769731414,CSR
glCanvas.js:1127 [BENCHMARK] 1654769731431,CSR
glCanvas.js:1127 [BENCHMARK] 1654769731434,CSR
glCanvas.js:1127 [BENCHMARK] 1654769731438,CSR
glCanvas.js:1127 [BENCHMARK] 1654769731454,CSR
glCanvas.js:1127 [BENCHMARK] 1654769731457,CSR
glCanvas.js:1127 [BENCHMARK] 1654769731460,CSR
glCanvas.js:1127 [BENCHMARK] 1654769731476,CSR
glCanvas.js:1127 [BENCHMARK] 1654769731481,CSR
glCanvas.js:1127 [BENCHMARK] 1654769731484,CSR
glCanvas.js:1127 [BENCHMARK] 1654769731502,CSR
glCanvas.js:1127 [BENCHMARK] 1654769731508,CSR
glCanvas.js:1127 [BENCHMARK] 1654769731511,CSR
glCanvas.js:1127 [BENCHMARK] 1654769731514,CSR
glCanvas.js:1127 [BENCHMARK] 1654769731534,CSR
glCanvas.js:1127 [BENCHMARK] 1654769731541,CSR
glCanvas.js:1127 [BENCHMARK] 1654769731545,CSR
glCanvas.js:1127 [BENCHMARK] 1654769731607,CSR
glCanvas.js:1127 [BENCHMARK] 1654769731612,CSR
glCanvas.js:1127 [BENCHMARK] 1654769731621,CSR
glCanvas.js:1127 [BENCHMARK] 1654769731635,CSR
glCanvas.js:1127 [BENCHMARK] 1654769731640,CSR
glCanvas.js:1127 [BENCHMARK] 1654769731644,CSR
glCanvas.js:1127 [BENCHMARK] 1654769731662,CSR
glCanvas.js:1127 [BENCHMARK] 1654769731665,CSR
glCanvas.js:1127 [BENCHMARK] 1654769731671,CSR
glCanvas.js:1127 [BENCHMARK] 1654769731676,CSR
glCanvas.js:1127 [BENCHMARK] 1654769732110,CSR
glCanvas.js:1127 [BENCHMARK] 1654769732115,CSR
glCanvas.js:1127 [BENCHMARK] 1654769732119,CSR
glCanvas.js:1127 [BENCHMARK] 1654769732127,CSR
glCanvas.js:1127 [BENCHMARK] 1654769732132,CSR
glCanvas.js:1127 [BENCHMARK] 1654769732140,CSR
glCanvas.js:1127 [BENCHMARK] 1654769732144,CSR
glCanvas.js:1127 [BENCHMARK] 1654769732148,CSR
glCanvas.js:1127 [BENCHMARK] 1654769732170,CSR
glCanvas.js:1127 [BENCHMARK] 1654769732173,CSR
glCanvas.js:1127 [BENCHMARK] 1654769732177,CSR
glCanvas.js:1127 [BENCHMARK] 1654769732202,CSR
glCanvas.js:1127 [BENCHMARK] 1654769732208,CSR
glCanvas.js:1127 [BENCHMARK] 1654769732214,CSR
glCanvas.js:1127 [BENCHMARK] 1654769732233,CSR
glCanvas.js:1127 [BENCHMARK] 1654769732239,CSR
glCanvas.js:1127 [BENCHMARK] 1654769732245,CSR
glCanvas.js:1127 [BENCHMARK] 1654769732265,CSR
glCanvas.js:1127 [BENCHMARK] 1654769732274,CSR
glCanvas.js:1127 [BENCHMARK] 1654769732281,CSR
glCanvas.js:1127 [BENCHMARK] 1654769732284,CSR
glCanvas.js:1127 [BENCHMARK] 1654769732287,CSR
glCanvas.js:1127 [BENCHMARK] 1654769732319,CSR
glCanvas.js:1127 [BENCHMARK] 1654769732325,CSR
glCanvas.js:1127 [BENCHMARK] 1654769732330,CSR
glCanvas.js:1127 [BENCHMARK] 1654769732343,CSR
glCanvas.js:1127 [BENCHMARK] 1654769732348,CSR
glCanvas.js:1127 [BENCHMARK] 1654769732351,CSR
glCanvas.js:1127 [BENCHMARK] 1654769732369,CSR
glCanvas.js:1127 [BENCHMARK] 1654769732374,CSR
glCanvas.js:1127 [BENCHMARK] 1654769732405,CSR
glCanvas.js:1127 [BENCHMARK] 1654769732413,CSR
glCanvas.js:1127 [BENCHMARK] 1654769732417,CSR
glCanvas.js:1127 [BENCHMARK] 1654769732421,CSR
glCanvas.js:1127 [BENCHMARK] 1654769732435,CSR
glCanvas.js:1127 [BENCHMARK] 1654769732439,CSR
glCanvas.js:1127 [BENCHMARK] 1654769732442,CSR
glCanvas.js:1127 [BENCHMARK] 1654769732459,CSR
glCanvas.js:1127 [BENCHMARK] 1654769732463,CSR
glCanvas.js:1127 [BENCHMARK] 1654769732466,CSR
glCanvas.js:1127 [BENCHMARK] 1654769732483,CSR
glCanvas.js:1127 [BENCHMARK] 1654769732489,CSR
glCanvas.js:1127 [BENCHMARK] 1654769732492,CSR
glCanvas.js:1127 [BENCHMARK] 1654769732497,CSR
glCanvas.js:1127 [BENCHMARK] 1654769732526,CSR
glCanvas.js:1127 [BENCHMARK] 1654769732541,CSR
glCanvas.js:1127 [BENCHMARK] 1654769732615,CSR
glCanvas.js:1127 [BENCHMARK] 1654769732622,CSR
glCanvas.js:1127 [BENCHMARK] 1654769732633,CSR
glCanvas.js:1127 [BENCHMARK] 1654769732657,CSR
glCanvas.js:1127 [BENCHMARK] 1654769732676,CSR
glCanvas.js:1127 [BENCHMARK] 1654769732697,CSR
glCanvas.js:1127 [BENCHMARK] 1654769732720,CSR
glCanvas.js:1127 [BENCHMARK] 1654769732741,CSR
glCanvas.js:1127 [BENCHMARK] 1654769732751,CSR
glCanvas.js:1127 [BENCHMARK] 1654769732763,CSR
glCanvas.js:1127 [BENCHMARK] 1654769732787,CSR
glCanvas.js:1127 [BENCHMARK] 1654769732808,CSR
glCanvas.js:1127 [BENCHMARK] 1654769732815,CSR
glCanvas.js:1127 [BENCHMARK] 1654769732822,CSR
glCanvas.js:1127 [BENCHMARK] 1654769732836,CSR
glCanvas.js:1127 [BENCHMARK] 1654769732841,CSR
glCanvas.js:1127 [BENCHMARK] 1654769732853,CSR
glCanvas.js:1127 [BENCHMARK] 1654769732874,CSR
glCanvas.js:1127 [BENCHMARK] 1654769732881,CSR
glCanvas.js:1127 [BENCHMARK] 1654769732887,CSR
glCanvas.js:1127 [BENCHMARK] 1654769732907,CSR
glCanvas.js:1127 [BENCHMARK] 1654769732918,CSR
glCanvas.js:1127 [BENCHMARK] 1654769732926,CSR
glCanvas.js:1127 [BENCHMARK] 1654769732934,CSR
glCanvas.js:1127 [BENCHMARK] 1654769732943,CSR
glCanvas.js:1127 [BENCHMARK] 1654769732951,CSR
glCanvas.js:1127 [BENCHMARK] 1654769732975,CSR
glCanvas.js:1127 [BENCHMARK] 1654769733002,CSR
glCanvas.js:1127 [BENCHMARK] 1654769733125,CSR
glCanvas.js:1127 [BENCHMARK] 1654769733131,CSR
glCanvas.js:1127 [BENCHMARK] 1654769733135,CSR
glCanvas.js:1127 [BENCHMARK] 1654769733144,CSR
glCanvas.js:1127 [BENCHMARK] 1654769733148,CSR
glCanvas.js:1127 [BENCHMARK] 1654769733156,CSR
glCanvas.js:1127 [BENCHMARK] 1654769733165,CSR
glCanvas.js:1127 [BENCHMARK] 1654769733177,CSR
glCanvas.js:1127 [BENCHMARK] 1654769733183,CSR
glCanvas.js:1127 [BENCHMARK] 1654769733188,CSR
glCanvas.js:1127 [BENCHMARK] 1654769733194,CSR
glCanvas.js:1127 [BENCHMARK] 1654769733230,CSR
glCanvas.js:1127 [BENCHMARK] 1654769733238,CSR
glCanvas.js:1127 [BENCHMARK] 1654769733242,CSR
glCanvas.js:1127 [BENCHMARK] 1654769733246,CSR
glCanvas.js:1127 [BENCHMARK] 1654769733265,CSR
glCanvas.js:1127 [BENCHMARK] 1654769733268,CSR
glCanvas.js:1127 [BENCHMARK] 1654769733271,CSR
glCanvas.js:1127 [BENCHMARK] 1654769733287,CSR
glCanvas.js:1127 [BENCHMARK] 1654769733291,CSR
glCanvas.js:1127 [BENCHMARK] 1654769733294,CSR
glCanvas.js:1127 [BENCHMARK] 1654769733311,CSR
glCanvas.js:1127 [BENCHMARK] 1654769733315,CSR
glCanvas.js:1127 [BENCHMARK] 1654769733320,CSR
glCanvas.js:1127 [BENCHMARK] 1654769733335,CSR
glCanvas.js:1127 [BENCHMARK] 1654769733340,CSR
glCanvas.js:1127 [BENCHMARK] 1654769733344,CSR
glCanvas.js:1127 [BENCHMARK] 1654769733347,CSR
glCanvas.js:1127 [BENCHMARK] 1654769733360,CSR
glCanvas.js:1127 [BENCHMARK] 1654769733363,CSR
glCanvas.js:1127 [BENCHMARK] 1654769733388,CSR
glCanvas.js:1127 [BENCHMARK] 1654769733393,CSR
glCanvas.js:1127 [BENCHMARK] 1654769733399,CSR
glCanvas.js:1127 [BENCHMARK] 1654769733402,CSR
glCanvas.js:1127 [BENCHMARK] 1654769733407,CSR
glCanvas.js:1127 [BENCHMARK] 1654769733427,CSR
glCanvas.js:1127 [BENCHMARK] 1654769733433,CSR
glCanvas.js:1127 [BENCHMARK] 1654769733436,CSR
glCanvas.js:1127 [BENCHMARK] 1654769733455,CSR
glCanvas.js:1127 [BENCHMARK] 1654769733459,CSR
glCanvas.js:1127 [BENCHMARK] 1654769733463,CSR
glCanvas.js:1127 [BENCHMARK] 1654769733478,CSR
glCanvas.js:1127 [BENCHMARK] 1654769733492,CSR
glCanvas.js:1127 [BENCHMARK] 1654769733496,CSR
glCanvas.js:1127 [BENCHMARK] 1654769733501,CSR
glCanvas.js:1127 [BENCHMARK] 1654769733522,CSR
glCanvas.js:1127 [BENCHMARK] 1654769733525,CSR
glCanvas.js:1127 [BENCHMARK] 1654769733529,CSR
glCanvas.js:1127 [BENCHMARK] 1654769733547,CSR
glCanvas.js:1127 [BENCHMARK] 1654769733551,CSR
glCanvas.js:1127 [BENCHMARK] 1654769733556,CSR
glCanvas.js:1127 [BENCHMARK] 1654769733576,CSR
glCanvas.js:1127 [BENCHMARK] 1654769733581,CSR
glCanvas.js:1127 [BENCHMARK] 1654769733586,CSR
glCanvas.js:1127 [BENCHMARK] 1654769733604,CSR
glCanvas.js:1127 [BENCHMARK] 1654769733608,CSR
glCanvas.js:1127 [BENCHMARK] 1654769733613,CSR
glCanvas.js:1127 [BENCHMARK] 1654769733630,CSR
glCanvas.js:1127 [BENCHMARK] 1654769733637,CSR
glCanvas.js:1127 [BENCHMARK] 1654769733642,CSR
glCanvas.js:1127 [BENCHMARK] 1654769733653,CSR
glCanvas.js:1127 [BENCHMARK] 1654769733657,CSR
glCanvas.js:1127 [BENCHMARK] 1654769733661,CSR
glCanvas.js:1127 [BENCHMARK] 1654769733671,CSR
glCanvas.js:1127 [BENCHMARK] 1654769733674,CSR
glCanvas.js:1127 [BENCHMARK] 1654769733679,CSR
glCanvas.js:1127 [BENCHMARK] 1654769733683,CSR
glCanvas.js:1127 [BENCHMARK] 1654769733687,CSR
glCanvas.js:1127 [BENCHMARK] 1654769733712,CSR
glCanvas.js:1127 [BENCHMARK] 1654769733717,CSR
glCanvas.js:1127 [BENCHMARK] 1654769733737,CSR
glCanvas.js:1127 [BENCHMARK] 1654769733751,CSR
glCanvas.js:1127 [BENCHMARK] 1654769733770,CSR
glCanvas.js:1127 [BENCHMARK] 1654769733781,CSR
glCanvas.js:1127 [BENCHMARK] 1654769733796,CSR
glCanvas.js:1127 [BENCHMARK] 1654769733833,CSR
glCanvas.js:1127 [BENCHMARK] 1654769733839,CSR
glCanvas.js:1127 [BENCHMARK] 1654769733846,CSR
glCanvas.js:1127 [BENCHMARK] 1654769733870,CSR
glCanvas.js:1127 [BENCHMARK] 1654769733879,CSR
glCanvas.js:1127 [BENCHMARK] 1654769733887,CSR
glCanvas.js:1127 [BENCHMARK] 1654769733948,CSR
glCanvas.js:1127 [BENCHMARK] 1654769733962,CSR
glCanvas.js:1127 [BENCHMARK] 1654769733973,CSR
glCanvas.js:1127 [BENCHMARK] 1654769733998,CSR
glCanvas.js:1127 [BENCHMARK] 1654769734010,CSR
glCanvas.js:1127 [BENCHMARK] 1654769734023,CSR
glCanvas.js:1127 [BENCHMARK] 1654769734034,CSR
glCanvas.js:1127 [BENCHMARK] 1654769734065,CSR
glCanvas.js:1127 [BENCHMARK] 1654769734090,CSR
glCanvas.js:1127 [BENCHMARK] 1654769734108,CSR
glCanvas.js:1127 [BENCHMARK] 1654769734115,CSR
glCanvas.js:1127 [BENCHMARK] 1654769734125,CSR
glCanvas.js:1127 [BENCHMARK] 1654769734142,CSR
glCanvas.js:1127 [BENCHMARK] 1654769734148,CSR
glCanvas.js:1127 [BENCHMARK] 1654769734155,CSR
glCanvas.js:1127 [BENCHMARK] 1654769734187,CSR
glCanvas.js:1127 [BENCHMARK] 1654769734212,CSR
glCanvas.js:1127 [BENCHMARK] 1654769734257,CSR
glCanvas.js:1127 [BENCHMARK] 1654769734262,CSR
glCanvas.js:1127 [BENCHMARK] 1654769734268,CSR
glCanvas.js:1127 [BENCHMARK] 1654769734286,CSR
glCanvas.js:1127 [BENCHMARK] 1654769734292,CSR
glCanvas.js:1127 [BENCHMARK] 1654769734297,CSR
glCanvas.js:1127 [BENCHMARK] 1654769734316,CSR
glCanvas.js:1127 [BENCHMARK] 1654769734321,CSR
glCanvas.js:1127 [BENCHMARK] 1654769734326,CSR
glCanvas.js:1127 [BENCHMARK] 1654769734343,CSR
glCanvas.js:1127 [BENCHMARK] 1654769734347,CSR
glCanvas.js:1127 [BENCHMARK] 1654769734367,CSR
glCanvas.js:1127 [BENCHMARK] 1654769734370,CSR
glCanvas.js:1127 [BENCHMARK] 1654769734377,CSR
glCanvas.js:1127 [BENCHMARK] 1654769734396,CSR
glCanvas.js:1127 [BENCHMARK] 1654769734400,CSR
glCanvas.js:1127 [BENCHMARK] 1654769734404,CSR
glCanvas.js:1127 [BENCHMARK] 1654769734419,CSR
glCanvas.js:1127 [BENCHMARK] 1654769734422,CSR
glCanvas.js:1127 [BENCHMARK] 1654769734428,CSR
glCanvas.js:1127 [BENCHMARK] 1654769734441,CSR
glCanvas.js:1127 [BENCHMARK] 1654769734446,CSR
glCanvas.js:1127 [BENCHMARK] 1654769734451,CSR
glCanvas.js:1127 [BENCHMARK] 1654769734476,CSR
glCanvas.js:1127 [BENCHMARK] 1654769734480,CSR
glCanvas.js:1127 [BENCHMARK] 1654769734485,CSR
glCanvas.js:1127 [BENCHMARK] 1654769734504,CSR
glCanvas.js:1127 [BENCHMARK] 1654769734512,CSR
glCanvas.js:1127 [BENCHMARK] 1654769734517,CSR
glCanvas.js:1127 [BENCHMARK] 1654769734523,CSR
glCanvas.js:1127 [BENCHMARK] 1654769734597,CSR
glCanvas.js:1127 [BENCHMARK] 1654769734602,CSR
glCanvas.js:1127 [BENCHMARK] 1654769734611,CSR
glCanvas.js:1127 [BENCHMARK] 1654769734624,CSR
glCanvas.js:1127 [BENCHMARK] 1654769734630,CSR
glCanvas.js:1127 [BENCHMARK] 1654769734635,CSR
glCanvas.js:1127 [BENCHMARK] 1654769734652,CSR
glCanvas.js:1127 [BENCHMARK] 1654769734657,CSR
glCanvas.js:1127 [BENCHMARK] 1654769734660,CSR
glCanvas.js:1127 [BENCHMARK] 1654769734663,CSR
glCanvas.js:1127 [BENCHMARK] 1654769734677,CSR
glCanvas.js:1127 [BENCHMARK] 1654769734681,CSR
glCanvas.js:1127 [BENCHMARK] 1654769734684,CSR
glCanvas.js:1127 [BENCHMARK] 1654769734708,CSR
glCanvas.js:1127 [BENCHMARK] 1654769734714,CSR
glCanvas.js:1127 [BENCHMARK] 1654769734719,CSR
glCanvas.js:1127 [BENCHMARK] 1654769734737,CSR
glCanvas.js:1127 [BENCHMARK] 1654769734746,CSR
glCanvas.js:1127 [BENCHMARK] 1654769734751,CSR
glCanvas.js:1127 [BENCHMARK] 1654769734755,CSR
glCanvas.js:1127 [BENCHMARK] 1654769734766,CSR
glCanvas.js:1127 [BENCHMARK] 1654769734770,CSR
glCanvas.js:1127 [BENCHMARK] 1654769734774,CSR
glCanvas.js:1127 [BENCHMARK] 1654769734800,CSR
glCanvas.js:1127 [BENCHMARK] 1654769734805,CSR
glCanvas.js:1127 [BENCHMARK] 1654769734809,CSR
glCanvas.js:1127 [BENCHMARK] 1654769734820,CSR
glCanvas.js:1127 [BENCHMARK] 1654769734825,CSR
glCanvas.js:1127 [BENCHMARK] 1654769734828,CSR
glCanvas.js:1127 [BENCHMARK] 1654769734845,CSR
glCanvas.js:1127 [BENCHMARK] 1654769734850,CSR
glCanvas.js:1127 [BENCHMARK] 1654769735005,CSR
glCanvas.js:1127 [BENCHMARK] 1654769735208,CSR
glCanvas.js:1127 [BENCHMARK] 1654769735410,CSR
glCanvas.js:1127 [BENCHMARK] 1654769735613,CSR
glCanvas.js:1127 [BENCHMARK] 1654769735866,CSR
glCanvas.js:1127 [BENCHMARK] 1654769736324,CSR
glCanvas.js:1127 [BENCHMARK] 1654769736334,CSR
glCanvas.js:1127 [BENCHMARK] 1654769736342,CSR
glCanvas.js:1127 [BENCHMARK] 1654769736350,CSR
glCanvas.js:1127 [BENCHMARK] 1654769736368,CSR
glCanvas.js:1127 [BENCHMARK] 1654769736375,CSR
glCanvas.js:1127 [BENCHMARK] 1654769736383,CSR
glCanvas.js:1127 [BENCHMARK] 1654769736429,CSR
glCanvas.js:1127 [BENCHMARK] 1654769736443,CSR
glCanvas.js:1127 [BENCHMARK] 1654769736451,CSR
glCanvas.js:1127 [BENCHMARK] 1654769736873,CSR
glCanvas.js:1127 [BENCHMARK] 1654769737109,CSR
glCanvas.js:1127 [BENCHMARK] 1654769737115,CSR
glCanvas.js:1127 [BENCHMARK] 1654769737121,CSR
glCanvas.js:1127 [BENCHMARK] 1654769737127,CSR
glCanvas.js:1127 [BENCHMARK] 1654769737143,CSR
glCanvas.js:1127 [BENCHMARK] 1654769737148,CSR
glCanvas.js:1127 [BENCHMARK] 1654769737166,CSR
glCanvas.js:1127 [BENCHMARK] 1654769737178,CSR
glCanvas.js:1127 [BENCHMARK] 1654769737197,CSR
glCanvas.js:1127 [BENCHMARK] 1654769737207,CSR
glCanvas.js:1127 [BENCHMARK] 1654769737295,CSR
glCanvas.js:1127 [BENCHMARK] 1654769737301,CSR
glCanvas.js:1127 [BENCHMARK] 1654769737308,CSR
glCanvas.js:1127 [BENCHMARK] 1654769737321,CSR
glCanvas.js:1127 [BENCHMARK] 1654769737326,CSR
glCanvas.js:1127 [BENCHMARK] 1654769737331,CSR
glCanvas.js:1127 [BENCHMARK] 1654769737346,CSR
glCanvas.js:1127 [BENCHMARK] 1654769737351,CSR
glCanvas.js:1127 [BENCHMARK] 1654769737355,CSR
glCanvas.js:1127 [BENCHMARK] 1654769737373,CSR
glCanvas.js:1127 [BENCHMARK] 1654769737685,CSR
glCanvas.js:1127 [BENCHMARK] 1654769737690,CSR
glCanvas.js:1127 [BENCHMARK] 1654769737708,CSR
glCanvas.js:1127 [BENCHMARK] 1654769737723,CSR
glCanvas.js:1127 [BENCHMARK] 1654769737728,CSR
glCanvas.js:1127 [BENCHMARK] 1654769737733,CSR
glCanvas.js:1127 [BENCHMARK] 1654769737746,CSR
glCanvas.js:1127 [BENCHMARK] 1654769737750,CSR
glCanvas.js:1127 [BENCHMARK] 1654769737757,CSR
glCanvas.js:1127 [BENCHMARK] 1654769737773,CSR
glCanvas.js:1127 [BENCHMARK] 1654769737777,CSR
glCanvas.js:1127 [BENCHMARK] 1654769737780,CSR
glCanvas.js:1127 [BENCHMARK] 1654769737796,CSR
glCanvas.js:1127 [BENCHMARK] 1654769737800,CSR
glCanvas.js:1127 [BENCHMARK] 1654769737804,CSR
glCanvas.js:1127 [BENCHMARK] 1654769737817,CSR
glCanvas.js:1127 [BENCHMARK] 1654769737823,CSR
glCanvas.js:1127 [BENCHMARK] 1654769737827,CSR
glCanvas.js:1127 [BENCHMARK] 1654769737833,CSR
glCanvas.js:1127 [BENCHMARK] 1654769737850,CSR
glCanvas.js:1127 [BENCHMARK] 1654769737897,CSR
glCanvas.js:1127 [BENCHMARK] 1654769737901,CSR
glCanvas.js:1127 [BENCHMARK] 1654769737919,CSR
glCanvas.js:1127 [BENCHMARK] 1654769737930,CSR
glCanvas.js:1127 [BENCHMARK] 1654769737936,CSR
glCanvas.js:1127 [BENCHMARK] 1654769737941,CSR
glCanvas.js:1127 [BENCHMARK] 1654769737963,CSR
glCanvas.js:1127 [BENCHMARK] 1654769737967,CSR
glCanvas.js:1127 [BENCHMARK] 1654769737973,CSR
glCanvas.js:1127 [BENCHMARK] 1654769737986,CSR
glCanvas.js:1127 [BENCHMARK] 1654769737990,CSR
glCanvas.js:1127 [BENCHMARK] 1654769737993,CSR
glCanvas.js:1127 [BENCHMARK] 1654769738086,CSR
glCanvas.js:1127 [BENCHMARK] 1654769738112,CSR
glCanvas.js:1127 [BENCHMARK] 1654769738125,CSR
glCanvas.js:1127 [BENCHMARK] 1654769738136,CSR
glCanvas.js:1127 [BENCHMARK] 1654769738154,CSR
glCanvas.js:1127 [BENCHMARK] 1654769738167,CSR
glCanvas.js:1127 [BENCHMARK] 1654769738181,CSR
glCanvas.js:1127 [BENCHMARK] 1654769738210,CSR
glCanvas.js:1127 [BENCHMARK] 1654769738222,CSR
glCanvas.js:1127 [BENCHMARK] 1654769738235,CSR
glCanvas.js:1127 [BENCHMARK] 1654769738272,CSR
glCanvas.js:1127 [BENCHMARK] 1654769738282,CSR
glCanvas.js:1127 [BENCHMARK] 1654769738293,CSR
glCanvas.js:1127 [BENCHMARK] 1654769738328,CSR
glCanvas.js:1127 [BENCHMARK] 1654769738335,CSR
glCanvas.js:1127 [BENCHMARK] 1654769738341,CSR
glCanvas.js:1127 [BENCHMARK] 1654769738356,CSR
glCanvas.js:1127 [BENCHMARK] 1654769738362,CSR
glCanvas.js:1127 [BENCHMARK] 1654769738372,CSR
glCanvas.js:1127 [BENCHMARK] 1654769738392,CSR
glCanvas.js:1127 [BENCHMARK] 1654769738401,CSR
glCanvas.js:1127 [BENCHMARK] 1654769738409,CSR
glCanvas.js:1127 [BENCHMARK] 1654769738415,CSR
glCanvas.js:1127 [BENCHMARK] 1654769738423,CSR
glCanvas.js:1127 [BENCHMARK] 1654769738446,CSR
glCanvas.js:1127 [BENCHMARK] 1654769738453,CSR
glCanvas.js:1127 [BENCHMARK] 1654769738466,CSR
glCanvas.js:1127 [BENCHMARK] 1654769738504,CSR
glCanvas.js:1127 [BENCHMARK] 1654769738523,CSR
glCanvas.js:1127 [BENCHMARK] 1654769738589,CSR
glCanvas.js:1127 [BENCHMARK] 1654769738595,CSR
glCanvas.js:1127 [BENCHMARK] 1654769738600,CSR
glCanvas.js:1127 [BENCHMARK] 1654769738621,CSR
glCanvas.js:1127 [BENCHMARK] 1654769738626,CSR
glCanvas.js:1127 [BENCHMARK] 1654769738651,CSR
glCanvas.js:1127 [BENCHMARK] 1654769738657,CSR
glCanvas.js:1127 [BENCHMARK] 1654769738660,CSR
glCanvas.js:1127 [BENCHMARK] 1654769738667,CSR
glCanvas.js:1127 [BENCHMARK] 1654769738688,CSR
glCanvas.js:1127 [BENCHMARK] 1654769738692,CSR
glCanvas.js:1127 [BENCHMARK] 1654769738697,CSR
glCanvas.js:1127 [BENCHMARK] 1654769738717,CSR
glCanvas.js:1127 [BENCHMARK] 1654769738723,CSR
glCanvas.js:1127 [BENCHMARK] 1654769738729,CSR
glCanvas.js:1127 [BENCHMARK] 1654769738758,CSR
glCanvas.js:1127 [BENCHMARK] 1654769738764,CSR
glCanvas.js:1127 [BENCHMARK] 1654769738771,CSR
glCanvas.js:1127 [BENCHMARK] 1654769738795,CSR
glCanvas.js:1127 [BENCHMARK] 1654769738808,CSR
glCanvas.js:1127 [BENCHMARK] 1654769738822,CSR
glCanvas.js:1127 [BENCHMARK] 1654769738827,CSR
glCanvas.js:1127 [BENCHMARK] 1654769738931,CSR
glCanvas.js:1127 [BENCHMARK] 1654769739022,CSR
glCanvas.js:1127 [BENCHMARK] 1654769739037,CSR
glCanvas.js:1127 [BENCHMARK] 1654769739104,CSR
glCanvas.js:1127 [BENCHMARK] 1654769739177,CSR
glCanvas.js:1127 [BENCHMARK] 1654769739249,CSR
glCanvas.js:1127 [BENCHMARK] 1654769739320,CSR
glCanvas.js:1127 [BENCHMARK] 1654769739392,CSR
glCanvas.js:1127 [BENCHMARK] 1654769739464,CSR
glCanvas.js:1127 [BENCHMARK] 1654769739722,CSR
glCanvas.js:1127 [BENCHMARK] 1654769739874,CSR
glCanvas.js:1127 [BENCHMARK] 1654769739877,CSR
glCanvas.js:1127 [BENCHMARK] 1654769739973,CSR
glCanvas.js:1127 [BENCHMARK] 1654769739976,CSR
glCanvas.js:1127 [BENCHMARK] 1654769740026,CSR
glCanvas.js:1127 [BENCHMARK] 1654769740096,CSR
glCanvas.js:1127 [BENCHMARK] 1654769740106,CSR
glCanvas.js:1127 [BENCHMARK] 1654769740116,CSR
glCanvas.js:1127 [BENCHMARK] 1654769740122,CSR
glCanvas.js:1127 [BENCHMARK] 1654769740130,CSR
glCanvas.js:1127 [BENCHMARK] 1654769740141,CSR
glCanvas.js:1127 [BENCHMARK] 1654769740146,CSR
glCanvas.js:1127 [BENCHMARK] 1654769740150,CSR
glCanvas.js:1127 [BENCHMARK] 1654769740167,CSR
glCanvas.js:1127 [BENCHMARK] 1654769740171,CSR
glCanvas.js:1127 [BENCHMARK] 1654769740176,CSR
glCanvas.js:1127 [BENCHMARK] 1654769740188,CSR
glCanvas.js:1127 [BENCHMARK] 1654769740237,CSR
glCanvas.js:1127 [BENCHMARK] 1654769740308,CSR
glCanvas.js:1127 [BENCHMARK] 1654769740379,CSR
glCanvas.js:1127 [BENCHMARK] 1654769740472,CSR
glCanvas.js:1127 [BENCHMARK] 1654769740477,CSR
glCanvas.js:1127 [BENCHMARK] 1654769740481,CSR
glCanvas.js:1127 [BENCHMARK] 1654769740487,CSR
glCanvas.js:1127 [BENCHMARK] 1654769740491,CSR
glCanvas.js:1127 [BENCHMARK] 1654769740494,CSR
glCanvas.js:1127 [BENCHMARK] 1654769740525,CSR
glCanvas.js:1127 [BENCHMARK] 1654769740529,CSR
glCanvas.js:1127 [BENCHMARK] 1654769740536,CSR
glCanvas.js:1127 [BENCHMARK] 1654769740540,CSR
glCanvas.js:1127 [BENCHMARK] 1654769740544,CSR
glCanvas.js:1127 [BENCHMARK] 1654769740571,CSR
glCanvas.js:1127 [BENCHMARK] 1654769740576,CSR
glCanvas.js:1127 [BENCHMARK] 1654769740634,CSR
glCanvas.js:1127 [BENCHMARK] 1654769740860,CSR
glCanvas.js:1127 [BENCHMARK] 1654769740865,CSR
glCanvas.js:1127 [BENCHMARK] 1654769740869,CSR
glCanvas.js:1127 [BENCHMARK] 1654769740872,CSR
glCanvas.js:1127 [BENCHMARK] 1654769740903,CSR
glCanvas.js:1127 [BENCHMARK] 1654769740908,CSR
glCanvas.js:1127 [BENCHMARK] 1654769740912,CSR
glCanvas.js:1127 [BENCHMARK] 1654769740931,CSR
glCanvas.js:1127 [BENCHMARK] 1654769740936,CSR
glCanvas.js:1127 [BENCHMARK] 1654769740940,CSR
glCanvas.js:1127 [BENCHMARK] 1654769740962,CSR
glCanvas.js:1127 [BENCHMARK] 1654769740969,CSR
glCanvas.js:1127 [BENCHMARK] 1654769740974,CSR
glCanvas.js:1127 [BENCHMARK] 1654769740978,CSR
glCanvas.js:1127 [BENCHMARK] 1654769740996,CSR
glCanvas.js:1127 [BENCHMARK] 1654769741000,CSR
glCanvas.js:1127 [BENCHMARK] 1654769741003,CSR
glCanvas.js:1127 [BENCHMARK] 1654769741020,CSR
glCanvas.js:1127 [BENCHMARK] 1654769741023,CSR
glCanvas.js:1127 [BENCHMARK] 1654769741026,CSR
glCanvas.js:1127 [BENCHMARK] 1654769741634,CSR
glCanvas.js:1127 [BENCHMARK] 1654769741839,CSR
glCanvas.js:1127 [BENCHMARK] 1654769741842,CSR
glCanvas.js:1127 [BENCHMARK] 1654769741845,CSR
glCanvas.js:1127 [BENCHMARK] 1654769741847,CSR
glCanvas.js:1127 [BENCHMARK] 1654769741850,CSR
glCanvas.js:1127 [BENCHMARK] 1654769741853,CSR
glCanvas.js:1127 [BENCHMARK] 1654769741856,CSR
glCanvas.js:1127 [BENCHMARK] 1654769741858,CSR
glCanvas.js:1127 [BENCHMARK] 1654769741861,CSR
glCanvas.js:1127 [BENCHMARK] 1654769741864,CSR
glCanvas.js:1127 [BENCHMARK] 1654769741867,CSR
glCanvas.js:1127 [BENCHMARK] 1654769741870,CSR
glCanvas.js:1127 [BENCHMARK] 1654769741873,CSR
glCanvas.js:1127 [BENCHMARK] 1654769741876,CSR
glCanvas.js:1127 [BENCHMARK] 1654769741879,CSR
glCanvas.js:1127 [BENCHMARK] 1654769741881,CSR
glCanvas.js:1127 [BENCHMARK] 1654769741883,CSR
glCanvas.js:1127 [BENCHMARK] 1654769741884,CSR
glCanvas.js:1127 [BENCHMARK] 1654769741886,CSR
glCanvas.js:1127 [BENCHMARK] 1654769741888,CSR
glCanvas.js:1127 [BENCHMARK] 1654769741895,CSR
glCanvas.js:1127 [BENCHMARK] 1654769741899,CSR
glCanvas.js:1127 [BENCHMARK] 1654769741904,CSR
glCanvas.js:1127 [BENCHMARK] 1654769742018,CSR
glCanvas.js:1127 [BENCHMARK] 1654769742031,CSR
glCanvas.js:1127 [BENCHMARK] 1654769742041,CSR
glCanvas.js:1127 [BENCHMARK] 1654769742047,CSR
glCanvas.js:1127 [BENCHMARK] 1654769742091,CSR
glCanvas.js:1127 [BENCHMARK] 1654769742097,CSR
glCanvas.js:1127 [BENCHMARK] 1654769742103,CSR
glCanvas.js:1127 [BENCHMARK] 1654769742126,CSR
glCanvas.js:1127 [BENCHMARK] 1654769742134,CSR
glCanvas.js:1127 [BENCHMARK] 1654769742140,CSR
glCanvas.js:1127 [BENCHMARK] 1654769742146,CSR
glCanvas.js:1127 [BENCHMARK] 1654769742165,CSR
glCanvas.js:1127 [BENCHMARK] 1654769742168,CSR
glCanvas.js:1127 [BENCHMARK] 1654769742172,CSR
glCanvas.js:1127 [BENCHMARK] 1654769742192,CSR
glCanvas.js:1127 [BENCHMARK] 1654769742197,CSR
glCanvas.js:1127 [BENCHMARK] 1654769742202,CSR
glCanvas.js:1127 [BENCHMARK] 1654769742612,CSR
glCanvas.js:1127 [BENCHMARK] 1654769742850,CSR
glCanvas.js:1127 [BENCHMARK] 1654769742854,CSR
glCanvas.js:1127 [BENCHMARK] 1654769742858,CSR
glCanvas.js:1127 [BENCHMARK] 1654769742862,CSR
glCanvas.js:1127 [BENCHMARK] 1654769742878,CSR
glCanvas.js:1127 [BENCHMARK] 1654769742881,CSR
glCanvas.js:1127 [BENCHMARK] 1654769742885,CSR
glCanvas.js:1127 [BENCHMARK] 1654769742904,CSR
glCanvas.js:1127 [BENCHMARK] 1654769742909,CSR
glCanvas.js:1127 [BENCHMARK] 1654769742913,CSR
glCanvas.js:1127 [BENCHMARK] 1654769742930,CSR
glCanvas.js:1127 [BENCHMARK] 1654769742936,CSR
glCanvas.js:1127 [BENCHMARK] 1654769742940,CSR
glCanvas.js:1127 [BENCHMARK] 1654769742950,CSR
glCanvas.js:1127 [BENCHMARK] 1654769742953,CSR
glCanvas.js:1127 [BENCHMARK] 1654769742958,CSR
glCanvas.js:1127 [BENCHMARK] 1654769742961,CSR
glCanvas.js:1127 [BENCHMARK] 1654769742965,CSR
glCanvas.js:1127 [BENCHMARK] 1654769742998,CSR
glCanvas.js:1127 [BENCHMARK] 1654769743004,CSR
glCanvas.js:1127 [BENCHMARK] 1654769743009,CSR
glCanvas.js:1127 [BENCHMARK] 1654769743025,CSR
glCanvas.js:1127 [BENCHMARK] 1654769743030,CSR
glCanvas.js:1127 [BENCHMARK] 1654769743034,CSR
glCanvas.js:1127 [BENCHMARK] 1654769743298,CSR
glCanvas.js:1127 [BENCHMARK] 1654769743315,CSR
glCanvas.js:1127 [BENCHMARK] 1654769743336,CSR
glCanvas.js:1127 [BENCHMARK] 1654769743342,CSR
glCanvas.js:1127 [BENCHMARK] 1654769743347,CSR
glCanvas.js:1127 [BENCHMARK] 1654769743353,CSR
glCanvas.js:1127 [BENCHMARK] 1654769743375,CSR
glCanvas.js:1127 [BENCHMARK] 1654769743379,CSR
glCanvas.js:1127 [BENCHMARK] 1654769743388,CSR
glCanvas.js:1127 [BENCHMARK] 1654769743401,CSR
glCanvas.js:1127 [BENCHMARK] 1654769743413,CSR
glCanvas.js:1127 [BENCHMARK] 1654769743423,CSR
glCanvas.js:1127 [BENCHMARK] 1654769743436,CSR
glCanvas.js:1127 [BENCHMARK] 1654769743450,CSR
glCanvas.js:1127 [BENCHMARK] 1654769743463,CSR
glCanvas.js:1127 [BENCHMARK] 1654769743475,CSR
glCanvas.js:1127 [BENCHMARK] 1654769743491,CSR
glCanvas.js:1127 [BENCHMARK] 1654769743505,CSR
glCanvas.js:1127 [BENCHMARK] 1654769743512,CSR
glCanvas.js:1127 [BENCHMARK] 1654769743518,CSR
glCanvas.js:1127 [BENCHMARK] 1654769743526,CSR
glCanvas.js:1127 [BENCHMARK] 1654769743550,CSR
glCanvas.js:1127 [BENCHMARK] 1654769743583,CSR
glCanvas.js:1127 [BENCHMARK] 1654769743593,CSR
glCanvas.js:1127 [BENCHMARK] 1654769743644,CSR
glCanvas.js:1127 [BENCHMARK] 1654769743666,CSR
glCanvas.js:1127 [BENCHMARK] 1654769744144,CSR
glCanvas.js:1127 [BENCHMARK] 1654769744151,CSR
glCanvas.js:1127 [BENCHMARK] 1654769744156,CSR
glCanvas.js:1127 [BENCHMARK] 1654769744180,CSR
glCanvas.js:1127 [BENCHMARK] 1654769744183,CSR
glCanvas.js:1127 [BENCHMARK] 1654769744187,CSR
glCanvas.js:1127 [BENCHMARK] 1654769744206,CSR
glCanvas.js:1127 [BENCHMARK] 1654769744210,CSR
glCanvas.js:1127 [BENCHMARK] 1654769744260,CSR
glCanvas.js:1127 [BENCHMARK] 1654769744279,CSR
glCanvas.js:1127 [BENCHMARK] 1654769744368,CSR
glCanvas.js:1127 [BENCHMARK] 1654769744372,CSR
glCanvas.js:1127 [BENCHMARK] 1654769744583,CSR
glCanvas.js:1127 [BENCHMARK] 1654769744680,CSR
glCanvas.js:1127 [BENCHMARK] 1654769744805,CSR
glCanvas.js:1127 [BENCHMARK] 1654769744853,CSR
glCanvas.js:1127 [BENCHMARK] 1654769744899,CSR
glCanvas.js:1127 [BENCHMARK] 1654769744934,CSR
glCanvas.js:1127 [BENCHMARK] 1654769744946,CSR
glCanvas.js:1127 [BENCHMARK] 1654769745354,CSR
glCanvas.js:1127 [BENCHMARK] 1654769745380,CSR
glCanvas.js:1127 [BENCHMARK] 1654769745486,CSR
glCanvas.js:1127 [BENCHMARK] 1654769745594,CSR
glCanvas.js:1127 [BENCHMARK] 1654769745603,CSR
glCanvas.js:1127 [BENCHMARK] 1654769745617,CSR
glCanvas.js:1127 [BENCHMARK] 1654769745685,CSR
glCanvas.js:1127 [BENCHMARK] 1654769745726,CSR
glCanvas.js:1127 [BENCHMARK] 1654769745735,CSR
glCanvas.js:1127 [BENCHMARK] 1654769745827,CSR
glCanvas.js:1127 [BENCHMARK] 1654769745851,CSR
glCanvas.js:1127 [BENCHMARK] 1654769745936,CSR
glCanvas.js:1127 [BENCHMARK] 1654769745990,CSR
glCanvas.js:1127 [BENCHMARK] 1654769746010,CSR
glCanvas.js:1127 [BENCHMARK] 1654769746300,CSR
glCanvas.js:1127 [BENCHMARK] 1654769746406,CSR
glCanvas.js:1127 [BENCHMARK] 1654769746499,CSR
glCanvas.js:1127 [BENCHMARK] 1654769746509,CSR
glCanvas.js:1127 [BENCHMARK] 1654769746752,CSR
glCanvas.js:1127 [BENCHMARK] 1654769746894,CSR
glCanvas.js:1127 [BENCHMARK] 1654769746917,CSR
glCanvas.js:1127 [BENCHMARK] 1654769747027,CSR
glCanvas.js:1127 [BENCHMARK] 1654769747077,CSR
glCanvas.js:1127 [BENCHMARK] 1654769747218,CSR
glCanvas.js:1127 [BENCHMARK] 1654769747282,CSR
glCanvas.js:1127 [BENCHMARK] 1654769747427,CSR
glCanvas.js:1127 [BENCHMARK] 1654769747609,CSR
glCanvas.js:1127 [BENCHMARK] 1654769747726,CSR
glCanvas.js:1127 [BENCHMARK] 1654769747732,CSR
glCanvas.js:1127 [BENCHMARK] 1654769747737,CSR
glCanvas.js:1127 [BENCHMARK] 1654769747747,CSR
glCanvas.js:1127 [BENCHMARK] 1654769747873,CSR
glCanvas.js:1127 [BENCHMARK] 1654769747996,CSR
glCanvas.js:1127 [BENCHMARK] 1654769748055,CSR
glCanvas.js:1127 [BENCHMARK] 1654769748135,CSR
glCanvas.js:1127 [BENCHMARK] 1654769748383,CSR
glCanvas.js:1127 [BENCHMARK] 1654769748429,CSR
glCanvas.js:1127 [BENCHMARK] 1654769748538,CSR
glCanvas.js:1127 [BENCHMARK] 1654769748564,CSR
glCanvas.js:1127 [BENCHMARK] 1654769748571,CSR
glCanvas.js:1127 [BENCHMARK] 1654769748844,CSR
glCanvas.js:1127 [BENCHMARK] 1654769748884,CSR
glCanvas.js:1127 [BENCHMARK] 1654769748963,CSR
glCanvas.js:1127 [BENCHMARK] 1654769749211,CSR
glCanvas.js:1127 [BENCHMARK] 1654769749317,CSR
glCanvas.js:1127 [BENCHMARK] 1654769749753,CSR
glCanvas.js:1127 [BENCHMARK] 1654769749868,CSR
glCanvas.js:1127 [BENCHMARK] 1654769749964,CSR
glCanvas.js:1127 [BENCHMARK] 1654769750074,CSR
glCanvas.js:1127 [BENCHMARK] 1654769750181,CSR
glCanvas.js:1127 [BENCHMARK] 1654769750288,CSR
glCanvas.js:1127 [BENCHMARK] 1654769750383,CSR
glCanvas.js:1127 [BENCHMARK] 1654769750490,CSR
glCanvas.js:1127 [BENCHMARK] 1654769750704,CSR
glCanvas.js:1127 [BENCHMARK] 1654769750897,CSR
