glCanvas.js:1107 [BENCHMARK] 1654769523207,X
glCanvas.js:1107 [BENCHMARK] 1654769523214,X
glCanvas.js:1107 [BENCHMARK] 1654769523219,X
glCanvas.js:1107 [BENCHMARK] 1654769523629,X
glCanvas.js:1107 [BENCHMARK] 1654769523715,X
glCanvas.js:1107 [BENCHMARK] 1654769523718,X
glCanvas.js:1107 [BENCHMARK] 1654769523721,X
glCanvas.js:1107 [BENCHMARK] 1654769523723,X
glCanvas.js:1107 [BENCHMARK] 1654769523727,X
glCanvas.js:1107 [BENCHMARK] 1654769523728,X
glCanvas.js:1107 [BENCHMARK] 1654769524188,X
glCanvas.js:1107 [BENCHMARK] 1654769524414,X
glCanvas.js:1127 [BENCHMARK] 1654769524426,SSR
manager.js:159 [BENCHMARK] 1654769525103,firstRender
glCanvas.js:1127 [BENCHMARK] 1654769525108,SSR
glCanvas.js:1127 [BENCHMARK] 1654769525201,SSR
glCanvas.js:1127 [BENCHMARK] 1654769525202,SSR
glCanvas.js:1127 [BENCHMARK] 1654769525205,SSR
glCanvas.js:1127 [BENCHMARK] 1654769525208,SSR
glCanvas.js:1127 [BENCHMARK] 1654769525221,SSR
glCanvas.js:1127 [BENCHMARK] 1654769525263,SSR
glCanvas.js:1127 [BENCHMARK] 1654769525276,SSR
glCanvas.js:1127 [BENCHMARK] 1654769525285,SSR
glCanvas.js:1127 [BENCHMARK] 1654769525393,SSR
glCanvas.js:1127 [BENCHMARK] 1654769525398,SSR
glCanvas.js:1127 [BENCHMARK] 1654769525406,SSR
glCanvas.js:1127 [BENCHMARK] 1654769526499,SSR
glCanvas.js:1127 [BENCHMARK] 1654769526512,SSR
glCanvas.js:1127 [BENCHMARK] 1654769526625,SSR
glCanvas.js:1127 [BENCHMARK] 1654769526671,SSR
glCanvas.js:1127 [BENCHMARK] 1654769526802,SSR
glCanvas.js:1127 [BENCHMARK] 1654769526890,SSR
glCanvas.js:1127 [BENCHMARK] 1654769527062,SSR
glCanvas.js:1127 [BENCHMARK] 1654769527071,SSR
glCanvas.js:1127 [BENCHMARK] 1654769527082,SSR
glCanvas.js:1127 [BENCHMARK] 1654769527099,SSR
glCanvas.js:1127 [BENCHMARK] 1654769527170,SSR
glCanvas.js:1127 [BENCHMARK] 1654769527306,SSR
glCanvas.js:1127 [BENCHMARK] 1654769527321,CSR
glCanvas.js:1127 [BENCHMARK] 1654769527341,CSR
glCanvas.js:1127 [BENCHMARK] 1654769527350,CSR
glCanvas.js:1127 [BENCHMARK] 1654769527359,CSR
glCanvas.js:1127 [BENCHMARK] 1654769527405,CSR
glCanvas.js:1127 [BENCHMARK] 1654769527408,SSR
glCanvas.js:1127 [BENCHMARK] 1654769527503,SSR
glCanvas.js:1127 [BENCHMARK] 1654769527547,SSR
glCanvas.js:1127 [BENCHMARK] 1654769527625,SSR
glCanvas.js:1127 [BENCHMARK] 1654769527713,SSR
glCanvas.js:1127 [BENCHMARK] 1654769527732,SSR
glCanvas.js:1127 [BENCHMARK] 1654769527902,SSR
glCanvas.js:1127 [BENCHMARK] 1654769528002,CSR
glCanvas.js:1127 [BENCHMARK] 1654769528015,CSR
glCanvas.js:1127 [BENCHMARK] 1654769528064,CSR
glCanvas.js:1127 [BENCHMARK] 1654769528066,CSR
glCanvas.js:1127 [BENCHMARK] 1654769528092,CSR
glCanvas.js:1127 [BENCHMARK] 1654769528131,CSR
glCanvas.js:1127 [BENCHMARK] 1654769528144,CSR
glCanvas.js:1127 [BENCHMARK] 1654769528156,CSR
glCanvas.js:1127 [BENCHMARK] 1654769528169,CSR
glCanvas.js:1127 [BENCHMARK] 1654769528185,CSR
glCanvas.js:1127 [BENCHMARK] 1654769528329,CSR
glCanvas.js:1127 [BENCHMARK] 1654769528364,CSR
glCanvas.js:1127 [BENCHMARK] 1654769528392,CSR
glCanvas.js:1127 [BENCHMARK] 1654769528420,CSR
glCanvas.js:1127 [BENCHMARK] 1654769528529,CSR
glCanvas.js:1127 [BENCHMARK] 1654769528530,CSR
glCanvas.js:1127 [BENCHMARK] 1654769528587,CSR
glCanvas.js:1127 [BENCHMARK] 1654769528589,CSR
glCanvas.js:1127 [BENCHMARK] 1654769528623,CSR
glCanvas.js:1127 [BENCHMARK] 1654769528624,CSR
glCanvas.js:1127 [BENCHMARK] 1654769528633,CSR
glCanvas.js:1127 [BENCHMARK] 1654769528635,CSR
glCanvas.js:1127 [BENCHMARK] 1654769528662,CSR
glCanvas.js:1127 [BENCHMARK] 1654769528664,CSR
glCanvas.js:1127 [BENCHMARK] 1654769528692,CSR
glCanvas.js:1127 [BENCHMARK] 1654769528694,CSR
glCanvas.js:1107 [BENCHMARK] 1654769528723,X
glCanvas.js:1107 [BENCHMARK] 1654769528724,X
glCanvas.js:1107 [BENCHMARK] 1654769528756,X
glCanvas.js:1107 [BENCHMARK] 1654769528758,X
glCanvas.js:1107 [BENCHMARK] 1654769528787,X
glCanvas.js:1107 [BENCHMARK] 1654769528789,X
glCanvas.js:1107 [BENCHMARK] 1654769528818,X
glCanvas.js:1107 [BENCHMARK] 1654769528822,X
glCanvas.js:1107 [BENCHMARK] 1654769529057,X
glCanvas.js:1107 [BENCHMARK] 1654769529060,X
glCanvas.js:1107 [BENCHMARK] 1654769529088,X
glCanvas.js:1107 [BENCHMARK] 1654769529091,X
glCanvas.js:1107 [BENCHMARK] 1654769529120,X
glCanvas.js:1107 [BENCHMARK] 1654769529122,X
glCanvas.js:1107 [BENCHMARK] 1654769529151,X
glCanvas.js:1107 [BENCHMARK] 1654769529153,X
glCanvas.js:1107 [BENCHMARK] 1654769529181,X
glCanvas.js:1107 [BENCHMARK] 1654769529182,X
glCanvas.js:1107 [BENCHMARK] 1654769529212,X
glCanvas.js:1107 [BENCHMARK] 1654769529212,X
glCanvas.js:1107 [BENCHMARK] 1654769529244,X
glCanvas.js:1107 [BENCHMARK] 1654769529246,X
glCanvas.js:1107 [BENCHMARK] 1654769529276,X
glCanvas.js:1107 [BENCHMARK] 1654769529278,X
glCanvas.js:1107 [BENCHMARK] 1654769529308,X
glCanvas.js:1107 [BENCHMARK] 1654769529310,X
glCanvas.js:1127 [BENCHMARK] 1654769529338,SSR
glCanvas.js:1127 [BENCHMARK] 1654769529341,SSR
glCanvas.js:1107 [BENCHMARK] 1654769529577,X
glCanvas.js:1107 [BENCHMARK] 1654769529579,X
glCanvas.js:1107 [BENCHMARK] 1654769529609,X
glCanvas.js:1107 [BENCHMARK] 1654769529611,X
glCanvas.js:1107 [BENCHMARK] 1654769529641,X
glCanvas.js:1107 [BENCHMARK] 1654769529643,X
glCanvas.js:1107 [BENCHMARK] 1654769529672,X
glCanvas.js:1107 [BENCHMARK] 1654769529674,X
glCanvas.js:1107 [BENCHMARK] 1654769529702,X
glCanvas.js:1107 [BENCHMARK] 1654769529703,X
glCanvas.js:1107 [BENCHMARK] 1654769529734,X
glCanvas.js:1107 [BENCHMARK] 1654769529736,X
glCanvas.js:1107 [BENCHMARK] 1654769529765,X
glCanvas.js:1107 [BENCHMARK] 1654769529768,X
glCanvas.js:1107 [BENCHMARK] 1654769529797,X
glCanvas.js:1107 [BENCHMARK] 1654769529799,X
glCanvas.js:1107 [BENCHMARK] 1654769529828,X
glCanvas.js:1107 [BENCHMARK] 1654769529830,X
glCanvas.js:1107 [BENCHMARK] 1654769529860,X
glCanvas.js:1107 [BENCHMARK] 1654769529863,X
glCanvas.js:1107 [BENCHMARK] 1654769530068,X
glCanvas.js:1107 [BENCHMARK] 1654769530111,X
glCanvas.js:1107 [BENCHMARK] 1654769530273,X
glCanvas.js:1107 [BENCHMARK] 1654769530553,X
glCanvas.js:1107 [BENCHMARK] 1654769530963,X
glCanvas.js:1107 [BENCHMARK] 1654769531077,X
glCanvas.js:1107 [BENCHMARK] 1654769531091,X
glCanvas.js:1107 [BENCHMARK] 1654769531111,X
glCanvas.js:1107 [BENCHMARK] 1654769531495,X
glCanvas.js:1107 [BENCHMARK] 1654769531569,X
glCanvas.js:1107 [BENCHMARK] 1654769531624,X
glCanvas.js:1107 [BENCHMARK] 1654769531662,X
glCanvas.js:1107 [BENCHMARK] 1654769532903,X
glCanvas.js:1107 [BENCHMARK] 1654769533002,X
glCanvas.js:1127 [BENCHMARK] 1654769533005,SSR
glCanvas.js:1127 [BENCHMARK] 1654769534604,SSR
glCanvas.js:1127 [BENCHMARK] 1654769534995,SSR
glCanvas.js:1107 [BENCHMARK] 1654769535105,X
glCanvas.js:1107 [BENCHMARK] 1654769535108,X
glCanvas.js:1107 [BENCHMARK] 1654769535305,X
glCanvas.js:1107 [BENCHMARK] 1654769535308,X
glCanvas.js:1127 [BENCHMARK] 1654769535385,SSR
glCanvas.js:1107 [BENCHMARK] 1654769535513,X
glCanvas.js:1107 [BENCHMARK] 1654769535515,X
glCanvas.js:1107 [BENCHMARK] 1654769535761,X
glCanvas.js:1127 [BENCHMARK] 1654769536047,SSR
glCanvas.js:1127 [BENCHMARK] 1654769536769,SSR
glCanvas.js:1127 [BENCHMARK] 1654769537598,SSR
glCanvas.js:1127 [BENCHMARK] 1654769537805,SSR
glCanvas.js:1127 [BENCHMARK] 1654769538717,SSR
glCanvas.js:1127 [BENCHMARK] 1654769538816,SSR
glCanvas.js:1127 [BENCHMARK] 1654769538919,SSR
glCanvas.js:1107 [BENCHMARK] 1654769539021,X
glCanvas.js:1107 [BENCHMARK] 1654769539090,X
glCanvas.js:1107 [BENCHMARK] 1654769539100,X
glCanvas.js:1107 [BENCHMARK] 1654769539110,X
glCanvas.js:1107 [BENCHMARK] 1654769539121,X
glCanvas.js:1107 [BENCHMARK] 1654769539122,X
glCanvas.js:1107 [BENCHMARK] 1654769539141,X
glCanvas.js:1107 [BENCHMARK] 1654769539152,X
glCanvas.js:1107 [BENCHMARK] 1654769539317,X
glCanvas.js:1107 [BENCHMARK] 1654769539374,X
glCanvas.js:1107 [BENCHMARK] 1654769539905,X
glCanvas.js:1107 [BENCHMARK] 1654769539907,X
glCanvas.js:1107 [BENCHMARK] 1654769539908,X
glCanvas.js:1107 [BENCHMARK] 1654769539909,X
glCanvas.js:1107 [BENCHMARK] 1654769539910,X
glCanvas.js:1107 [BENCHMARK] 1654769539958,X
glCanvas.js:1107 [BENCHMARK] 1654769540051,X
glCanvas.js:1107 [BENCHMARK] 1654769540087,X
glCanvas.js:1107 [BENCHMARK] 1654769540151,X
glCanvas.js:1107 [BENCHMARK] 1654769540251,X
glCanvas.js:1107 [BENCHMARK] 1654769540352,X
glCanvas.js:1107 [BENCHMARK] 1654769540609,X
glCanvas.js:1107 [BENCHMARK] 1654769540720,X
glCanvas.js:1107 [BENCHMARK] 1654769540767,X
glCanvas.js:1107 [BENCHMARK] 1654769540805,X
glCanvas.js:1107 [BENCHMARK] 1654769540816,X
glCanvas.js:1107 [BENCHMARK] 1654769540870,X
glCanvas.js:1107 [BENCHMARK] 1654769540939,X
glCanvas.js:1107 [BENCHMARK] 1654769540953,X
glCanvas.js:1107 [BENCHMARK] 1654769540987,X
glCanvas.js:1107 [BENCHMARK] 1654769541000,X
glCanvas.js:1107 [BENCHMARK] 1654769541016,X
glCanvas.js:1107 [BENCHMARK] 1654769541033,X
glCanvas.js:1107 [BENCHMARK] 1654769541044,X
glCanvas.js:1107 [BENCHMARK] 1654769541060,X
glCanvas.js:1127 [BENCHMARK] 1654769541071,SSR
glCanvas.js:1127 [BENCHMARK] 1654769541081,SSR
glCanvas.js:1127 [BENCHMARK] 1654769541151,SSR
glCanvas.js:1127 [BENCHMARK] 1654769541222,SSR
glCanvas.js:1127 [BENCHMARK] 1654769541292,SSR
glCanvas.js:1127 [BENCHMARK] 1654769541543,SSR
glCanvas.js:1127 [BENCHMARK] 1654769541694,SSR
glCanvas.js:1127 [BENCHMARK] 1654769541759,SSR
glCanvas.js:1127 [BENCHMARK] 1654769541769,SSR
glCanvas.js:1127 [BENCHMARK] 1654769541779,SSR
glCanvas.js:1127 [BENCHMARK] 1654769541788,SSR
glCanvas.js:1127 [BENCHMARK] 1654769541798,SSR
glCanvas.js:1127 [BENCHMARK] 1654769542545,SSR
glCanvas.js:1127 [BENCHMARK] 1654769542651,SSR
glCanvas.js:1127 [BENCHMARK] 1654769543351,SSR
glCanvas.js:1127 [BENCHMARK] 1654769543369,SSR
glCanvas.js:1127 [BENCHMARK] 1654769543382,SSR
glCanvas.js:1127 [BENCHMARK] 1654769543472,SSR
glCanvas.js:1127 [BENCHMARK] 1654769543475,SSR
glCanvas.js:1127 [BENCHMARK] 1654769543649,CSR
glCanvas.js:1127 [BENCHMARK] 1654769543653,CSR
glCanvas.js:1127 [BENCHMARK] 1654769543656,CSR
glCanvas.js:1127 [BENCHMARK] 1654769543659,CSR
glCanvas.js:1127 [BENCHMARK] 1654769543674,CSR
glCanvas.js:1127 [BENCHMARK] 1654769543676,CSR
glCanvas.js:1127 [BENCHMARK] 1654769543678,CSR
glCanvas.js:1127 [BENCHMARK] 1654769543692,CSR
glCanvas.js:1127 [BENCHMARK] 1654769543695,CSR
glCanvas.js:1127 [BENCHMARK] 1654769543697,CSR
glCanvas.js:1127 [BENCHMARK] 1654769543708,CSR
glCanvas.js:1127 [BENCHMARK] 1654769543711,CSR
glCanvas.js:1127 [BENCHMARK] 1654769544589,CSR
glCanvas.js:1127 [BENCHMARK] 1654769544594,CSR
glCanvas.js:1127 [BENCHMARK] 1654769544597,CSR
glCanvas.js:1127 [BENCHMARK] 1654769544600,CSR
glCanvas.js:1127 [BENCHMARK] 1654769544614,CSR
glCanvas.js:1127 [BENCHMARK] 1654769544617,CSR
glCanvas.js:1127 [BENCHMARK] 1654769544620,CSR
glCanvas.js:1127 [BENCHMARK] 1654769544623,CSR
glCanvas.js:1127 [BENCHMARK] 1654769544645,CSR
glCanvas.js:1127 [BENCHMARK] 1654769544647,CSR
glCanvas.js:1127 [BENCHMARK] 1654769544650,CSR
glCanvas.js:1127 [BENCHMARK] 1654769544665,CSR
glCanvas.js:1127 [BENCHMARK] 1654769544806,CSR
glCanvas.js:1127 [BENCHMARK] 1654769544815,CSR
glCanvas.js:1127 [BENCHMARK] 1654769544818,CSR
glCanvas.js:1127 [BENCHMARK] 1654769544821,CSR
glCanvas.js:1127 [BENCHMARK] 1654769544836,CSR
glCanvas.js:1127 [BENCHMARK] 1654769544842,CSR
glCanvas.js:1127 [BENCHMARK] 1654769544845,CSR
glCanvas.js:1127 [BENCHMARK] 1654769544874,CSR
glCanvas.js:1127 [BENCHMARK] 1654769544886,CSR
glCanvas.js:1127 [BENCHMARK] 1654769544895,CSR
glCanvas.js:1127 [BENCHMARK] 1654769544898,CSR
glCanvas.js:1127 [BENCHMARK] 1654769544900,CSR
glCanvas.js:1127 [BENCHMARK] 1654769545023,CSR
glCanvas.js:1127 [BENCHMARK] 1654769545035,CSR
glCanvas.js:1127 [BENCHMARK] 1654769545050,CSR
glCanvas.js:1127 [BENCHMARK] 1654769545056,CSR
glCanvas.js:1127 [BENCHMARK] 1654769545065,CSR
glCanvas.js:1127 [BENCHMARK] 1654769545073,CSR
glCanvas.js:1127 [BENCHMARK] 1654769545078,CSR
glCanvas.js:1127 [BENCHMARK] 1654769545106,CSR
glCanvas.js:1127 [BENCHMARK] 1654769545111,CSR
glCanvas.js:1127 [BENCHMARK] 1654769545114,CSR
glCanvas.js:1127 [BENCHMARK] 1654769545122,CSR
glCanvas.js:1127 [BENCHMARK] 1654769545124,CSR
glCanvas.js:1127 [BENCHMARK] 1654769545237,CSR
glCanvas.js:1127 [BENCHMARK] 1654769545256,CSR
glCanvas.js:1127 [BENCHMARK] 1654769545270,CSR
glCanvas.js:1127 [BENCHMARK] 1654769545273,CSR
glCanvas.js:1127 [BENCHMARK] 1654769545278,CSR
glCanvas.js:1127 [BENCHMARK] 1654769545284,CSR
glCanvas.js:1127 [BENCHMARK] 1654769545286,CSR
glCanvas.js:1127 [BENCHMARK] 1654769545324,CSR
glCanvas.js:1127 [BENCHMARK] 1654769545327,CSR
glCanvas.js:1127 [BENCHMARK] 1654769545330,CSR
glCanvas.js:1127 [BENCHMARK] 1654769545333,CSR
glCanvas.js:1127 [BENCHMARK] 1654769545340,CSR
glCanvas.js:1127 [BENCHMARK] 1654769545454,CSR
glCanvas.js:1127 [BENCHMARK] 1654769545468,CSR
glCanvas.js:1127 [BENCHMARK] 1654769545479,CSR
glCanvas.js:1127 [BENCHMARK] 1654769545483,CSR
glCanvas.js:1127 [BENCHMARK] 1654769545488,CSR
glCanvas.js:1127 [BENCHMARK] 1654769545494,CSR
glCanvas.js:1127 [BENCHMARK] 1654769545496,CSR
glCanvas.js:1127 [BENCHMARK] 1654769545537,CSR
glCanvas.js:1127 [BENCHMARK] 1654769545543,CSR
glCanvas.js:1127 [BENCHMARK] 1654769545546,CSR
glCanvas.js:1127 [BENCHMARK] 1654769545549,CSR
glCanvas.js:1127 [BENCHMARK] 1654769545556,CSR
glCanvas.js:1127 [BENCHMARK] 1654769545570,CSR
glCanvas.js:1127 [BENCHMARK] 1654769545571,CSR
glCanvas.js:1127 [BENCHMARK] 1654769545641,CSR
glCanvas.js:1127 [BENCHMARK] 1654769545643,CSR
glCanvas.js:1127 [BENCHMARK] 1654769545645,CSR
glCanvas.js:1127 [BENCHMARK] 1654769545646,CSR
glCanvas.js:1127 [BENCHMARK] 1654769545706,CSR
glCanvas.js:1127 [BENCHMARK] 1654769545707,CSR
glCanvas.js:1127 [BENCHMARK] 1654769545708,CSR
glCanvas.js:1127 [BENCHMARK] 1654769545709,CSR
glCanvas.js:1127 [BENCHMARK] 1654769545724,CSR
glCanvas.js:1127 [BENCHMARK] 1654769545725,CSR
glCanvas.js:1127 [BENCHMARK] 1654769545754,CSR
glCanvas.js:1127 [BENCHMARK] 1654769545756,CSR
glCanvas.js:1127 [BENCHMARK] 1654769545785,CSR
glCanvas.js:1127 [BENCHMARK] 1654769545787,CSR
glCanvas.js:1127 [BENCHMARK] 1654769545818,CSR
glCanvas.js:1127 [BENCHMARK] 1654769545820,CSR
glCanvas.js:1127 [BENCHMARK] 1654769545848,CSR
glCanvas.js:1127 [BENCHMARK] 1654769545849,CSR
glCanvas.js:1127 [BENCHMARK] 1654769546089,CSR
glCanvas.js:1127 [BENCHMARK] 1654769546092,CSR
glCanvas.js:1127 [BENCHMARK] 1654769546120,CSR
glCanvas.js:1127 [BENCHMARK] 1654769546123,CSR
glCanvas.js:1127 [BENCHMARK] 1654769546151,CSR
glCanvas.js:1127 [BENCHMARK] 1654769546155,CSR
glCanvas.js:1127 [BENCHMARK] 1654769546183,CSR
glCanvas.js:1127 [BENCHMARK] 1654769546186,CSR
glCanvas.js:1127 [BENCHMARK] 1654769546214,CSR
glCanvas.js:1127 [BENCHMARK] 1654769546217,CSR
glCanvas.js:1127 [BENCHMARK] 1654769546245,CSR
glCanvas.js:1127 [BENCHMARK] 1654769546249,CSR
glCanvas.js:1127 [BENCHMARK] 1654769546277,CSR
glCanvas.js:1127 [BENCHMARK] 1654769546280,CSR
glCanvas.js:1127 [BENCHMARK] 1654769546307,CSR
glCanvas.js:1127 [BENCHMARK] 1654769546309,CSR
glCanvas.js:1127 [BENCHMARK] 1654769546340,CSR
glCanvas.js:1127 [BENCHMARK] 1654769546343,CSR
glCanvas.js:1127 [BENCHMARK] 1654769546371,CSR
glCanvas.js:1127 [BENCHMARK] 1654769546374,CSR
glCanvas.js:1127 [BENCHMARK] 1654769546611,CSR
glCanvas.js:1127 [BENCHMARK] 1654769546615,CSR
glCanvas.js:1127 [BENCHMARK] 1654769546643,CSR
glCanvas.js:1127 [BENCHMARK] 1654769546646,CSR
glCanvas.js:1127 [BENCHMARK] 1654769546674,CSR
glCanvas.js:1127 [BENCHMARK] 1654769546677,CSR
glCanvas.js:1127 [BENCHMARK] 1654769546705,CSR
glCanvas.js:1127 [BENCHMARK] 1654769546709,CSR
glCanvas.js:1127 [BENCHMARK] 1654769546737,CSR
glCanvas.js:1127 [BENCHMARK] 1654769546740,CSR
glCanvas.js:1127 [BENCHMARK] 1654769546768,CSR
glCanvas.js:1127 [BENCHMARK] 1654769546771,CSR
glCanvas.js:1127 [BENCHMARK] 1654769546797,CSR
glCanvas.js:1127 [BENCHMARK] 1654769546798,CSR
glCanvas.js:1127 [BENCHMARK] 1654769546830,CSR
glCanvas.js:1127 [BENCHMARK] 1654769546833,CSR
glCanvas.js:1127 [BENCHMARK] 1654769546862,CSR
glCanvas.js:1127 [BENCHMARK] 1654769546866,CSR
glCanvas.js:1127 [BENCHMARK] 1654769546893,CSR
glCanvas.js:1127 [BENCHMARK] 1654769546896,CSR
glCanvas.js:1127 [BENCHMARK] 1654769547146,CSR
glCanvas.js:1127 [BENCHMARK] 1654769547468,CSR
glCanvas.js:1127 [BENCHMARK] 1654769547473,CSR
glCanvas.js:1127 [BENCHMARK] 1654769547476,CSR
glCanvas.js:1127 [BENCHMARK] 1654769547481,CSR
glCanvas.js:1127 [BENCHMARK] 1654769547502,CSR
glCanvas.js:1127 [BENCHMARK] 1654769547507,CSR
glCanvas.js:1127 [BENCHMARK] 1654769547510,CSR
glCanvas.js:1127 [BENCHMARK] 1654769547526,CSR
glCanvas.js:1127 [BENCHMARK] 1654769547529,CSR
glCanvas.js:1127 [BENCHMARK] 1654769547534,CSR
glCanvas.js:1127 [BENCHMARK] 1654769547917,CSR
glCanvas.js:1127 [BENCHMARK] 1654769547921,CSR
glCanvas.js:1127 [BENCHMARK] 1654769547924,CSR
glCanvas.js:1127 [BENCHMARK] 1654769547927,CSR
glCanvas.js:1127 [BENCHMARK] 1654769547943,CSR
glCanvas.js:1127 [BENCHMARK] 1654769547945,CSR
glCanvas.js:1127 [BENCHMARK] 1654769547948,CSR
glCanvas.js:1127 [BENCHMARK] 1654769547962,CSR
glCanvas.js:1127 [BENCHMARK] 1654769547968,CSR
glCanvas.js:1127 [BENCHMARK] 1654769547970,CSR
glCanvas.js:1127 [BENCHMARK] 1654769547986,CSR
glCanvas.js:1127 [BENCHMARK] 1654769548056,CSR
glCanvas.js:1127 [BENCHMARK] 1654769548128,CSR
glCanvas.js:1127 [BENCHMARK] 1654769548131,CSR
glCanvas.js:1127 [BENCHMARK] 1654769548134,CSR
glCanvas.js:1127 [BENCHMARK] 1654769548146,CSR
glCanvas.js:1127 [BENCHMARK] 1654769548148,CSR
glCanvas.js:1127 [BENCHMARK] 1654769548156,CSR
glCanvas.js:1127 [BENCHMARK] 1654769548159,CSR
glCanvas.js:1127 [BENCHMARK] 1654769548173,CSR
glCanvas.js:1127 [BENCHMARK] 1654769548176,CSR
glCanvas.js:1127 [BENCHMARK] 1654769548180,CSR
glCanvas.js:1127 [BENCHMARK] 1654769548197,CSR
glCanvas.js:1127 [BENCHMARK] 1654769548231,CSR
glCanvas.js:1127 [BENCHMARK] 1654769548333,CSR
glCanvas.js:1127 [BENCHMARK] 1654769548346,CSR
glCanvas.js:1127 [BENCHMARK] 1654769548354,CSR
glCanvas.js:1127 [BENCHMARK] 1654769548359,CSR
glCanvas.js:1127 [BENCHMARK] 1654769548362,CSR
glCanvas.js:1127 [BENCHMARK] 1654769548375,CSR
glCanvas.js:1127 [BENCHMARK] 1654769548378,CSR
glCanvas.js:1127 [BENCHMARK] 1654769548391,CSR
glCanvas.js:1127 [BENCHMARK] 1654769548393,CSR
glCanvas.js:1127 [BENCHMARK] 1654769548397,CSR
glCanvas.js:1127 [BENCHMARK] 1654769548411,CSR
glCanvas.js:1127 [BENCHMARK] 1654769548434,CSR
glCanvas.js:1127 [BENCHMARK] 1654769548536,CSR
glCanvas.js:1127 [BENCHMARK] 1654769548560,CSR
glCanvas.js:1127 [BENCHMARK] 1654769548578,CSR
glCanvas.js:1127 [BENCHMARK] 1654769548581,CSR
glCanvas.js:1127 [BENCHMARK] 1654769548585,CSR
glCanvas.js:1127 [BENCHMARK] 1654769548587,CSR
glCanvas.js:1127 [BENCHMARK] 1654769548590,CSR
glCanvas.js:1127 [BENCHMARK] 1654769548635,CSR
glCanvas.js:1127 [BENCHMARK] 1654769548637,CSR
glCanvas.js:1127 [BENCHMARK] 1654769548641,CSR
glCanvas.js:1127 [BENCHMARK] 1654769548643,CSR
glCanvas.js:1127 [BENCHMARK] 1654769548775,CSR
glCanvas.js:1127 [BENCHMARK] 1654769548795,CSR
glCanvas.js:1127 [BENCHMARK] 1654769548913,CSR
glCanvas.js:1127 [BENCHMARK] 1654769548916,CSR
glCanvas.js:1127 [BENCHMARK] 1654769548918,CSR
glCanvas.js:1127 [BENCHMARK] 1654769548933,CSR
glCanvas.js:1127 [BENCHMARK] 1654769548935,CSR
glCanvas.js:1127 [BENCHMARK] 1654769549026,CSR
glCanvas.js:1127 [BENCHMARK] 1654769549039,CSR
glCanvas.js:1127 [BENCHMARK] 1654769549047,CSR
glCanvas.js:1127 [BENCHMARK] 1654769549054,CSR
glCanvas.js:1127 [BENCHMARK] 1654769549064,CSR
glCanvas.js:1127 [BENCHMARK] 1654769549068,CSR
glCanvas.js:1127 [BENCHMARK] 1654769549072,CSR
glCanvas.js:1127 [BENCHMARK] 1654769549091,CSR
glCanvas.js:1127 [BENCHMARK] 1654769549095,CSR
glCanvas.js:1127 [BENCHMARK] 1654769549099,CSR
glCanvas.js:1127 [BENCHMARK] 1654769549112,CSR
glCanvas.js:1127 [BENCHMARK] 1654769549117,CSR
glCanvas.js:1127 [BENCHMARK] 1654769549122,CSR
glCanvas.js:1127 [BENCHMARK] 1654769549141,CSR
glCanvas.js:1127 [BENCHMARK] 1654769549154,CSR
glCanvas.js:1127 [BENCHMARK] 1654769549817,CSR
glCanvas.js:1127 [BENCHMARK] 1654769549971,CSR
glCanvas.js:1127 [BENCHMARK] 1654769549974,CSR
glCanvas.js:1127 [BENCHMARK] 1654769549977,CSR
glCanvas.js:1127 [BENCHMARK] 1654769549980,CSR
glCanvas.js:1127 [BENCHMARK] 1654769550003,CSR
glCanvas.js:1127 [BENCHMARK] 1654769550006,CSR
glCanvas.js:1127 [BENCHMARK] 1654769550008,CSR
glCanvas.js:1127 [BENCHMARK] 1654769550023,CSR
glCanvas.js:1127 [BENCHMARK] 1654769550025,CSR
glCanvas.js:1127 [BENCHMARK] 1654769550027,CSR
glCanvas.js:1127 [BENCHMARK] 1654769550042,CSR
glCanvas.js:1127 [BENCHMARK] 1654769550044,CSR
glCanvas.js:1127 [BENCHMARK] 1654769550047,CSR
glCanvas.js:1127 [BENCHMARK] 1654769550062,CSR
glCanvas.js:1127 [BENCHMARK] 1654769550068,CSR
glCanvas.js:1127 [BENCHMARK] 1654769550072,CSR
glCanvas.js:1127 [BENCHMARK] 1654769550092,CSR
glCanvas.js:1127 [BENCHMARK] 1654769550099,CSR
glCanvas.js:1127 [BENCHMARK] 1654769550103,CSR
glCanvas.js:1127 [BENCHMARK] 1654769550133,CSR
glCanvas.js:1127 [BENCHMARK] 1654769550174,CSR
glCanvas.js:1127 [BENCHMARK] 1654769550178,CSR
glCanvas.js:1127 [BENCHMARK] 1654769550182,CSR
glCanvas.js:1127 [BENCHMARK] 1654769550194,CSR
glCanvas.js:1127 [BENCHMARK] 1654769550198,CSR
glCanvas.js:1127 [BENCHMARK] 1654769550201,CSR
glCanvas.js:1127 [BENCHMARK] 1654769550217,CSR
glCanvas.js:1127 [BENCHMARK] 1654769550220,CSR
glCanvas.js:1127 [BENCHMARK] 1654769550223,CSR
glCanvas.js:1127 [BENCHMARK] 1654769550239,CSR
glCanvas.js:1127 [BENCHMARK] 1654769550635,CSR
glCanvas.js:1127 [BENCHMARK] 1654769550662,CSR
glCanvas.js:1127 [BENCHMARK] 1654769550667,CSR
glCanvas.js:1127 [BENCHMARK] 1654769550671,CSR
glCanvas.js:1127 [BENCHMARK] 1654769550674,CSR
glCanvas.js:1127 [BENCHMARK] 1654769550688,CSR
glCanvas.js:1127 [BENCHMARK] 1654769550690,CSR
glCanvas.js:1127 [BENCHMARK] 1654769550692,CSR
glCanvas.js:1127 [BENCHMARK] 1654769550712,CSR
glCanvas.js:1127 [BENCHMARK] 1654769550714,CSR
glCanvas.js:1127 [BENCHMARK] 1654769550717,CSR
glCanvas.js:1127 [BENCHMARK] 1654769550734,CSR
glCanvas.js:1127 [BENCHMARK] 1654769550736,CSR
glCanvas.js:1127 [BENCHMARK] 1654769550738,CSR
glCanvas.js:1127 [BENCHMARK] 1654769550749,CSR
glCanvas.js:1127 [BENCHMARK] 1654769550752,CSR
glCanvas.js:1127 [BENCHMARK] 1654769550756,CSR
glCanvas.js:1127 [BENCHMARK] 1654769550772,CSR
glCanvas.js:1127 [BENCHMARK] 1654769550774,CSR
glCanvas.js:1127 [BENCHMARK] 1654769550777,CSR
glCanvas.js:1127 [BENCHMARK] 1654769550779,CSR
glCanvas.js:1127 [BENCHMARK] 1654769550792,CSR
glCanvas.js:1127 [BENCHMARK] 1654769550795,CSR
glCanvas.js:1127 [BENCHMARK] 1654769550797,CSR
glCanvas.js:1127 [BENCHMARK] 1654769550821,CSR
glCanvas.js:1127 [BENCHMARK] 1654769550824,CSR
glCanvas.js:1127 [BENCHMARK] 1654769550827,CSR
glCanvas.js:1127 [BENCHMARK] 1654769550830,CSR
glCanvas.js:1127 [BENCHMARK] 1654769550849,CSR
glCanvas.js:1127 [BENCHMARK] 1654769550853,CSR
glCanvas.js:1127 [BENCHMARK] 1654769550860,CSR
glCanvas.js:1127 [BENCHMARK] 1654769550867,CSR
glCanvas.js:1127 [BENCHMARK] 1654769550875,CSR
glCanvas.js:1127 [BENCHMARK] 1654769550878,CSR
glCanvas.js:1127 [BENCHMARK] 1654769550882,CSR
glCanvas.js:1127 [BENCHMARK] 1654769550909,CSR
glCanvas.js:1127 [BENCHMARK] 1654769550913,CSR
glCanvas.js:1127 [BENCHMARK] 1654769550916,CSR
glCanvas.js:1127 [BENCHMARK] 1654769550928,CSR
glCanvas.js:1127 [BENCHMARK] 1654769550930,CSR
glCanvas.js:1127 [BENCHMARK] 1654769550933,CSR
glCanvas.js:1127 [BENCHMARK] 1654769550954,CSR
glCanvas.js:1127 [BENCHMARK] 1654769550957,CSR
glCanvas.js:1127 [BENCHMARK] 1654769550960,CSR
glCanvas.js:1127 [BENCHMARK] 1654769550971,CSR
glCanvas.js:1127 [BENCHMARK] 1654769550974,CSR
glCanvas.js:1127 [BENCHMARK] 1654769550977,CSR
glCanvas.js:1127 [BENCHMARK] 1654769550986,CSR
glCanvas.js:1127 [BENCHMARK] 1654769550990,CSR
glCanvas.js:1127 [BENCHMARK] 1654769550995,CSR
glCanvas.js:1127 [BENCHMARK] 1654769550999,CSR
glCanvas.js:1127 [BENCHMARK] 1654769551012,CSR
glCanvas.js:1127 [BENCHMARK] 1654769551015,CSR
glCanvas.js:1127 [BENCHMARK] 1654769551019,CSR
glCanvas.js:1127 [BENCHMARK] 1654769551028,CSR
glCanvas.js:1127 [BENCHMARK] 1654769551031,CSR
glCanvas.js:1127 [BENCHMARK] 1654769551035,CSR
glCanvas.js:1127 [BENCHMARK] 1654769551049,CSR
glCanvas.js:1127 [BENCHMARK] 1654769551058,CSR
glCanvas.js:1127 [BENCHMARK] 1654769551060,CSR
glCanvas.js:1127 [BENCHMARK] 1654769551069,CSR
glCanvas.js:1127 [BENCHMARK] 1654769551091,CSR
glCanvas.js:1127 [BENCHMARK] 1654769551100,CSR
glCanvas.js:1127 [BENCHMARK] 1654769551107,CSR
glCanvas.js:1127 [BENCHMARK] 1654769551114,CSR
glCanvas.js:1127 [BENCHMARK] 1654769551170,CSR
glCanvas.js:1127 [BENCHMARK] 1654769551185,CSR
glCanvas.js:1127 [BENCHMARK] 1654769551193,CSR
glCanvas.js:1127 [BENCHMARK] 1654769551202,CSR
glCanvas.js:1127 [BENCHMARK] 1654769551207,CSR
glCanvas.js:1127 [BENCHMARK] 1654769551213,CSR
glCanvas.js:1127 [BENCHMARK] 1654769551225,CSR
glCanvas.js:1127 [BENCHMARK] 1654769551229,CSR
glCanvas.js:1127 [BENCHMARK] 1654769551233,CSR
glCanvas.js:1127 [BENCHMARK] 1654769551246,CSR
glCanvas.js:1127 [BENCHMARK] 1654769551249,CSR
glCanvas.js:1127 [BENCHMARK] 1654769551253,CSR
glCanvas.js:1127 [BENCHMARK] 1654769551272,CSR
glCanvas.js:1127 [BENCHMARK] 1654769551277,CSR
glCanvas.js:1127 [BENCHMARK] 1654769551287,CSR
glCanvas.js:1127 [BENCHMARK] 1654769551303,CSR
glCanvas.js:1127 [BENCHMARK] 1654769551334,CSR
glCanvas.js:1127 [BENCHMARK] 1654769551364,CSR
glCanvas.js:1127 [BENCHMARK] 1654769551372,CSR
glCanvas.js:1127 [BENCHMARK] 1654769551394,CSR
glCanvas.js:1127 [BENCHMARK] 1654769551411,CSR
glCanvas.js:1127 [BENCHMARK] 1654769551425,CSR
glCanvas.js:1127 [BENCHMARK] 1654769551433,CSR
glCanvas.js:1127 [BENCHMARK] 1654769551442,CSR
glCanvas.js:1127 [BENCHMARK] 1654769551458,CSR
glCanvas.js:1127 [BENCHMARK] 1654769551462,CSR
glCanvas.js:1127 [BENCHMARK] 1654769551466,CSR
glCanvas.js:1127 [BENCHMARK] 1654769551488,CSR
glCanvas.js:1127 [BENCHMARK] 1654769551493,CSR
glCanvas.js:1127 [BENCHMARK] 1654769551499,CSR
glCanvas.js:1127 [BENCHMARK] 1654769551529,CSR
glCanvas.js:1127 [BENCHMARK] 1654769551545,CSR
glCanvas.js:1127 [BENCHMARK] 1654769551552,CSR
glCanvas.js:1127 [BENCHMARK] 1654769551575,CSR
glCanvas.js:1127 [BENCHMARK] 1654769551592,CSR
glCanvas.js:1127 [BENCHMARK] 1654769551595,CSR
glCanvas.js:1127 [BENCHMARK] 1654769551604,CSR
glCanvas.js:1127 [BENCHMARK] 1654769551607,CSR
glCanvas.js:1127 [BENCHMARK] 1654769551610,CSR
glCanvas.js:1127 [BENCHMARK] 1654769551626,CSR
glCanvas.js:1127 [BENCHMARK] 1654769551632,CSR
glCanvas.js:1127 [BENCHMARK] 1654769551635,CSR
glCanvas.js:1127 [BENCHMARK] 1654769551722,CSR
glCanvas.js:1127 [BENCHMARK] 1654769551724,CSR
glCanvas.js:1127 [BENCHMARK] 1654769551728,CSR
glCanvas.js:1127 [BENCHMARK] 1654769551731,CSR
glCanvas.js:1127 [BENCHMARK] 1654769551734,CSR
glCanvas.js:1127 [BENCHMARK] 1654769551757,CSR
glCanvas.js:1127 [BENCHMARK] 1654769551760,CSR
glCanvas.js:1127 [BENCHMARK] 1654769551763,CSR
glCanvas.js:1127 [BENCHMARK] 1654769551854,CSR
glCanvas.js:1127 [BENCHMARK] 1654769551856,CSR
glCanvas.js:1127 [BENCHMARK] 1654769552042,CSR
glCanvas.js:1127 [BENCHMARK] 1654769552045,CSR
glCanvas.js:1127 [BENCHMARK] 1654769552245,CSR
glCanvas.js:1127 [BENCHMARK] 1654769552248,CSR
glCanvas.js:1127 [BENCHMARK] 1654769552447,CSR
glCanvas.js:1127 [BENCHMARK] 1654769552450,CSR
glCanvas.js:1127 [BENCHMARK] 1654769552698,CSR
glCanvas.js:1127 [BENCHMARK] 1654769553027,CSR
glCanvas.js:1127 [BENCHMARK] 1654769553033,CSR
glCanvas.js:1127 [BENCHMARK] 1654769553038,CSR
glCanvas.js:1127 [BENCHMARK] 1654769553043,CSR
glCanvas.js:1127 [BENCHMARK] 1654769553065,CSR
glCanvas.js:1127 [BENCHMARK] 1654769553068,CSR
glCanvas.js:1127 [BENCHMARK] 1654769553072,CSR
glCanvas.js:1127 [BENCHMARK] 1654769553088,CSR
glCanvas.js:1127 [BENCHMARK] 1654769553091,CSR
glCanvas.js:1127 [BENCHMARK] 1654769553094,CSR
glCanvas.js:1127 [BENCHMARK] 1654769553455,CSR
glCanvas.js:1127 [BENCHMARK] 1654769553460,CSR
glCanvas.js:1127 [BENCHMARK] 1654769553464,CSR
glCanvas.js:1127 [BENCHMARK] 1654769553467,CSR
glCanvas.js:1127 [BENCHMARK] 1654769553483,CSR
glCanvas.js:1127 [BENCHMARK] 1654769553486,CSR
glCanvas.js:1127 [BENCHMARK] 1654769553493,CSR
glCanvas.js:1127 [BENCHMARK] 1654769553510,CSR
glCanvas.js:1127 [BENCHMARK] 1654769553512,CSR
glCanvas.js:1127 [BENCHMARK] 1654769553514,CSR
glCanvas.js:1127 [BENCHMARK] 1654769553673,CSR
glCanvas.js:1127 [BENCHMARK] 1654769553698,CSR
glCanvas.js:1127 [BENCHMARK] 1654769553705,CSR
glCanvas.js:1127 [BENCHMARK] 1654769553715,CSR
glCanvas.js:1127 [BENCHMARK] 1654769553856,CSR
glCanvas.js:1127 [BENCHMARK] 1654769553859,CSR
glCanvas.js:1127 [BENCHMARK] 1654769553863,CSR
glCanvas.js:1127 [BENCHMARK] 1654769553872,CSR
glCanvas.js:1127 [BENCHMARK] 1654769553876,CSR
glCanvas.js:1127 [BENCHMARK] 1654769553880,CSR
glCanvas.js:1127 [BENCHMARK] 1654769553889,CSR
glCanvas.js:1127 [BENCHMARK] 1654769553892,CSR
glCanvas.js:1127 [BENCHMARK] 1654769553895,CSR
glCanvas.js:1127 [BENCHMARK] 1654769553912,CSR
glCanvas.js:1127 [BENCHMARK] 1654769553914,CSR
glCanvas.js:1127 [BENCHMARK] 1654769553916,CSR
glCanvas.js:1127 [BENCHMARK] 1654769553930,CSR
glCanvas.js:1127 [BENCHMARK] 1654769553933,CSR
glCanvas.js:1127 [BENCHMARK] 1654769553935,CSR
glCanvas.js:1127 [BENCHMARK] 1654769553940,CSR
glCanvas.js:1127 [BENCHMARK] 1654769553951,CSR
glCanvas.js:1127 [BENCHMARK] 1654769553953,CSR
glCanvas.js:1127 [BENCHMARK] 1654769553964,CSR
glCanvas.js:1127 [BENCHMARK] 1654769553966,CSR
glCanvas.js:1127 [BENCHMARK] 1654769554387,CSR
glCanvas.js:1127 [BENCHMARK] 1654769554401,CSR
glCanvas.js:1127 [BENCHMARK] 1654769554404,CSR
glCanvas.js:1127 [BENCHMARK] 1654769554409,CSR
glCanvas.js:1127 [BENCHMARK] 1654769554412,CSR
glCanvas.js:1127 [BENCHMARK] 1654769554422,CSR
glCanvas.js:1127 [BENCHMARK] 1654769554424,CSR
glCanvas.js:1127 [BENCHMARK] 1654769554427,CSR
glCanvas.js:1127 [BENCHMARK] 1654769554437,CSR
glCanvas.js:1127 [BENCHMARK] 1654769554440,CSR
glCanvas.js:1127 [BENCHMARK] 1654769554445,CSR
glCanvas.js:1127 [BENCHMARK] 1654769554461,CSR
glCanvas.js:1127 [BENCHMARK] 1654769554463,CSR
glCanvas.js:1127 [BENCHMARK] 1654769554466,CSR
glCanvas.js:1127 [BENCHMARK] 1654769554477,CSR
glCanvas.js:1127 [BENCHMARK] 1654769554479,CSR
glCanvas.js:1127 [BENCHMARK] 1654769554481,CSR
glCanvas.js:1127 [BENCHMARK] 1654769554497,CSR
glCanvas.js:1127 [BENCHMARK] 1654769554499,CSR
glCanvas.js:1127 [BENCHMARK] 1654769554502,CSR
glCanvas.js:1127 [BENCHMARK] 1654769554605,CSR
glCanvas.js:1127 [BENCHMARK] 1654769554626,CSR
glCanvas.js:1127 [BENCHMARK] 1654769554639,CSR
glCanvas.js:1127 [BENCHMARK] 1654769554646,CSR
glCanvas.js:1127 [BENCHMARK] 1654769554652,CSR
glCanvas.js:1127 [BENCHMARK] 1654769554670,CSR
glCanvas.js:1127 [BENCHMARK] 1654769554677,CSR
glCanvas.js:1127 [BENCHMARK] 1654769554683,CSR
glCanvas.js:1127 [BENCHMARK] 1654769554703,CSR
glCanvas.js:1127 [BENCHMARK] 1654769554715,CSR
glCanvas.js:1127 [BENCHMARK] 1654769554720,CSR
glCanvas.js:1127 [BENCHMARK] 1654769554733,CSR
glCanvas.js:1127 [BENCHMARK] 1654769554739,CSR
glCanvas.js:1127 [BENCHMARK] 1654769554743,CSR
glCanvas.js:1127 [BENCHMARK] 1654769554754,CSR
glCanvas.js:1127 [BENCHMARK] 1654769554757,CSR
glCanvas.js:1127 [BENCHMARK] 1654769554759,CSR
glCanvas.js:1127 [BENCHMARK] 1654769554770,CSR
glCanvas.js:1127 [BENCHMARK] 1654769554773,CSR
glCanvas.js:1127 [BENCHMARK] 1654769554778,CSR
glCanvas.js:1127 [BENCHMARK] 1654769554821,CSR
glCanvas.js:1127 [BENCHMARK] 1654769554840,CSR
glCanvas.js:1127 [BENCHMARK] 1654769554854,CSR
glCanvas.js:1127 [BENCHMARK] 1654769554859,CSR
glCanvas.js:1127 [BENCHMARK] 1654769554868,CSR
glCanvas.js:1127 [BENCHMARK] 1654769554884,CSR
glCanvas.js:1127 [BENCHMARK] 1654769554887,CSR
glCanvas.js:1127 [BENCHMARK] 1654769554891,CSR
glCanvas.js:1127 [BENCHMARK] 1654769554922,CSR
glCanvas.js:1127 [BENCHMARK] 1654769554979,CSR
glCanvas.js:1127 [BENCHMARK] 1654769554986,CSR
glCanvas.js:1127 [BENCHMARK] 1654769554999,CSR
glCanvas.js:1127 [BENCHMARK] 1654769555006,CSR
glCanvas.js:1127 [BENCHMARK] 1654769555016,CSR
glCanvas.js:1127 [BENCHMARK] 1654769555026,CSR
glCanvas.js:1127 [BENCHMARK] 1654769555035,CSR
glCanvas.js:1127 [BENCHMARK] 1654769555040,CSR
glCanvas.js:1127 [BENCHMARK] 1654769555059,CSR
glCanvas.js:1127 [BENCHMARK] 1654769555064,CSR
glCanvas.js:1127 [BENCHMARK] 1654769555068,CSR
glCanvas.js:1127 [BENCHMARK] 1654769555088,CSR
glCanvas.js:1127 [BENCHMARK] 1654769555094,CSR
glCanvas.js:1127 [BENCHMARK] 1654769555099,CSR
glCanvas.js:1127 [BENCHMARK] 1654769555110,CSR
glCanvas.js:1127 [BENCHMARK] 1654769555114,CSR
glCanvas.js:1127 [BENCHMARK] 1654769555118,CSR
glCanvas.js:1127 [BENCHMARK] 1654769555136,CSR
glCanvas.js:1127 [BENCHMARK] 1654769555141,CSR
glCanvas.js:1127 [BENCHMARK] 1654769555163,CSR
glCanvas.js:1127 [BENCHMARK] 1654769555225,CSR
glCanvas.js:1127 [BENCHMARK] 1654769555235,CSR
glCanvas.js:1127 [BENCHMARK] 1654769555249,CSR
glCanvas.js:1127 [BENCHMARK] 1654769555265,CSR
glCanvas.js:1127 [BENCHMARK] 1654769555274,CSR
glCanvas.js:1127 [BENCHMARK] 1654769555285,CSR
glCanvas.js:1127 [BENCHMARK] 1654769555306,CSR
glCanvas.js:1127 [BENCHMARK] 1654769555310,CSR
glCanvas.js:1127 [BENCHMARK] 1654769555316,CSR
glCanvas.js:1127 [BENCHMARK] 1654769555342,CSR
glCanvas.js:1127 [BENCHMARK] 1654769555347,CSR
glCanvas.js:1127 [BENCHMARK] 1654769555352,CSR
glCanvas.js:1127 [BENCHMARK] 1654769555360,CSR
glCanvas.js:1127 [BENCHMARK] 1654769555365,CSR
glCanvas.js:1127 [BENCHMARK] 1654769555381,CSR
glCanvas.js:1127 [BENCHMARK] 1654769555389,CSR
glCanvas.js:1127 [BENCHMARK] 1654769555405,CSR
glCanvas.js:1127 [BENCHMARK] 1654769555427,CSR
glCanvas.js:1127 [BENCHMARK] 1654769555430,CSR
glCanvas.js:1127 [BENCHMARK] 1654769555528,CSR
glCanvas.js:1127 [BENCHMARK] 1654769555559,CSR
glCanvas.js:1127 [BENCHMARK] 1654769555563,CSR
glCanvas.js:1127 [BENCHMARK] 1654769555570,CSR
glCanvas.js:1127 [BENCHMARK] 1654769555575,CSR
glCanvas.js:1127 [BENCHMARK] 1654769555580,CSR
glCanvas.js:1127 [BENCHMARK] 1654769555595,CSR
glCanvas.js:1127 [BENCHMARK] 1654769555597,CSR
glCanvas.js:1127 [BENCHMARK] 1654769555599,CSR
glCanvas.js:1127 [BENCHMARK] 1654769555611,CSR
glCanvas.js:1127 [BENCHMARK] 1654769555615,CSR
glCanvas.js:1127 [BENCHMARK] 1654769555618,CSR
glCanvas.js:1127 [BENCHMARK] 1654769555620,CSR
glCanvas.js:1127 [BENCHMARK] 1654769555626,CSR
glCanvas.js:1127 [BENCHMARK] 1654769555648,CSR
glCanvas.js:1127 [BENCHMARK] 1654769555657,CSR
glCanvas.js:1127 [BENCHMARK] 1654769555661,CSR
glCanvas.js:1127 [BENCHMARK] 1654769555664,CSR
glCanvas.js:1127 [BENCHMARK] 1654769555678,CSR
glCanvas.js:1127 [BENCHMARK] 1654769555681,CSR
glCanvas.js:1127 [BENCHMARK] 1654769555742,CSR
glCanvas.js:1127 [BENCHMARK] 1654769555775,CSR
glCanvas.js:1127 [BENCHMARK] 1654769555783,CSR
glCanvas.js:1127 [BENCHMARK] 1654769555787,CSR
glCanvas.js:1127 [BENCHMARK] 1654769555790,CSR
glCanvas.js:1127 [BENCHMARK] 1654769555793,CSR
glCanvas.js:1127 [BENCHMARK] 1654769555801,CSR
glCanvas.js:1127 [BENCHMARK] 1654769555834,CSR
glCanvas.js:1127 [BENCHMARK] 1654769555840,CSR
glCanvas.js:1127 [BENCHMARK] 1654769555843,CSR
glCanvas.js:1127 [BENCHMARK] 1654769555845,CSR
glCanvas.js:1127 [BENCHMARK] 1654769555854,CSR
glCanvas.js:1127 [BENCHMARK] 1654769555857,CSR
glCanvas.js:1127 [BENCHMARK] 1654769555859,CSR
glCanvas.js:1127 [BENCHMARK] 1654769555881,CSR
glCanvas.js:1127 [BENCHMARK] 1654769555884,CSR
glCanvas.js:1127 [BENCHMARK] 1654769555887,CSR
glCanvas.js:1127 [BENCHMARK] 1654769555903,CSR
glCanvas.js:1127 [BENCHMARK] 1654769555908,CSR
glCanvas.js:1127 [BENCHMARK] 1654769555911,CSR
glCanvas.js:1127 [BENCHMARK] 1654769555959,CSR
glCanvas.js:1127 [BENCHMARK] 1654769555989,CSR
glCanvas.js:1127 [BENCHMARK] 1654769555995,CSR
glCanvas.js:1127 [BENCHMARK] 1654769556001,CSR
glCanvas.js:1127 [BENCHMARK] 1654769556003,CSR
glCanvas.js:1127 [BENCHMARK] 1654769556027,CSR
glCanvas.js:1127 [BENCHMARK] 1654769556040,CSR
glCanvas.js:1127 [BENCHMARK] 1654769556050,CSR
glCanvas.js:1127 [BENCHMARK] 1654769556052,CSR
glCanvas.js:1127 [BENCHMARK] 1654769556055,CSR
glCanvas.js:1127 [BENCHMARK] 1654769556079,CSR
glCanvas.js:1127 [BENCHMARK] 1654769556087,CSR
glCanvas.js:1127 [BENCHMARK] 1654769556097,CSR
glCanvas.js:1127 [BENCHMARK] 1654769556101,CSR
glCanvas.js:1127 [BENCHMARK] 1654769556103,CSR
glCanvas.js:1127 [BENCHMARK] 1654769556120,CSR
glCanvas.js:1127 [BENCHMARK] 1654769556123,CSR
glCanvas.js:1127 [BENCHMARK] 1654769556134,CSR
glCanvas.js:1127 [BENCHMARK] 1654769556136,CSR
glCanvas.js:1127 [BENCHMARK] 1654769556139,CSR
glCanvas.js:1127 [BENCHMARK] 1654769556168,CSR
glCanvas.js:1127 [BENCHMARK] 1654769556208,CSR
glCanvas.js:1127 [BENCHMARK] 1654769556214,CSR
glCanvas.js:1127 [BENCHMARK] 1654769556216,CSR
glCanvas.js:1127 [BENCHMARK] 1654769556219,CSR
glCanvas.js:1127 [BENCHMARK] 1654769556238,CSR
glCanvas.js:1127 [BENCHMARK] 1654769556245,CSR
glCanvas.js:1127 [BENCHMARK] 1654769556265,CSR
glCanvas.js:1127 [BENCHMARK] 1654769556267,CSR
glCanvas.js:1127 [BENCHMARK] 1654769556270,CSR
glCanvas.js:1127 [BENCHMARK] 1654769556287,CSR
glCanvas.js:1127 [BENCHMARK] 1654769556294,CSR
glCanvas.js:1127 [BENCHMARK] 1654769556304,CSR
glCanvas.js:1127 [BENCHMARK] 1654769556312,CSR
glCanvas.js:1127 [BENCHMARK] 1654769556314,CSR
glCanvas.js:1127 [BENCHMARK] 1654769556332,CSR
glCanvas.js:1127 [BENCHMARK] 1654769556335,CSR
glCanvas.js:1127 [BENCHMARK] 1654769556344,CSR
glCanvas.js:1127 [BENCHMARK] 1654769556347,CSR
glCanvas.js:1127 [BENCHMARK] 1654769556351,CSR
glCanvas.js:1127 [BENCHMARK] 1654769556375,CSR
glCanvas.js:1127 [BENCHMARK] 1654769556422,CSR
glCanvas.js:1127 [BENCHMARK] 1654769556431,CSR
glCanvas.js:1127 [BENCHMARK] 1654769556433,CSR
glCanvas.js:1127 [BENCHMARK] 1654769556450,CSR
glCanvas.js:1127 [BENCHMARK] 1654769556465,CSR
glCanvas.js:1127 [BENCHMARK] 1654769556468,CSR
glCanvas.js:1127 [BENCHMARK] 1654769556477,CSR
glCanvas.js:1127 [BENCHMARK] 1654769556480,CSR
glCanvas.js:1127 [BENCHMARK] 1654769556482,CSR
glCanvas.js:1127 [BENCHMARK] 1654769556504,CSR
glCanvas.js:1127 [BENCHMARK] 1654769556507,CSR
glCanvas.js:1127 [BENCHMARK] 1654769556512,CSR
glCanvas.js:1127 [BENCHMARK] 1654769556521,CSR
glCanvas.js:1127 [BENCHMARK] 1654769556524,CSR
glCanvas.js:1127 [BENCHMARK] 1654769556544,CSR
glCanvas.js:1127 [BENCHMARK] 1654769556548,CSR
glCanvas.js:1127 [BENCHMARK] 1654769556552,CSR
glCanvas.js:1127 [BENCHMARK] 1654769556561,CSR
glCanvas.js:1127 [BENCHMARK] 1654769556565,CSR
glCanvas.js:1127 [BENCHMARK] 1654769556582,CSR
glCanvas.js:1127 [BENCHMARK] 1654769556635,CSR
glCanvas.js:1127 [BENCHMARK] 1654769556644,CSR
glCanvas.js:1127 [BENCHMARK] 1654769556647,CSR
glCanvas.js:1127 [BENCHMARK] 1654769556664,CSR
glCanvas.js:1127 [BENCHMARK] 1654769556680,CSR
glCanvas.js:1127 [BENCHMARK] 1654769556694,CSR
glCanvas.js:1127 [BENCHMARK] 1654769556697,CSR
glCanvas.js:1127 [BENCHMARK] 1654769556699,CSR
glCanvas.js:1127 [BENCHMARK] 1654769556721,CSR
glCanvas.js:1127 [BENCHMARK] 1654769556725,CSR
glCanvas.js:1127 [BENCHMARK] 1654769556756,CSR
glCanvas.js:1127 [BENCHMARK] 1654769556764,SSR
glCanvas.js:1127 [BENCHMARK] 1654769556773,SSR
glCanvas.js:1127 [BENCHMARK] 1654769556783,SSR
glCanvas.js:1127 [BENCHMARK] 1654769557172,SSR
glCanvas.js:1127 [BENCHMARK] 1654769557177,SSR
glCanvas.js:1127 [BENCHMARK] 1654769557179,SSR
glCanvas.js:1127 [BENCHMARK] 1654769557182,SSR
glCanvas.js:1127 [BENCHMARK] 1654769557185,SSR
glCanvas.js:1127 [BENCHMARK] 1654769557705,SSR
glCanvas.js:1127 [BENCHMARK] 1654769557816,SSR
glCanvas.js:1127 [BENCHMARK] 1654769557824,SSR
glCanvas.js:1127 [BENCHMARK] 1654769557852,SSR
glCanvas.js:1127 [BENCHMARK] 1654769557854,CSR
glCanvas.js:1127 [BENCHMARK] 1654769557860,CSR
glCanvas.js:1127 [BENCHMARK] 1654769557864,CSR
glCanvas.js:1127 [BENCHMARK] 1654769557930,CSR
glCanvas.js:1127 [BENCHMARK] 1654769557931,CSR
glCanvas.js:1107 [BENCHMARK] 1654769558001,X
glCanvas.js:1107 [BENCHMARK] 1654769558003,X
glCanvas.js:1107 [BENCHMARK] 1654769558072,X
glCanvas.js:1107 [BENCHMARK] 1654769558072,X
glCanvas.js:1107 [BENCHMARK] 1654769558145,X
glCanvas.js:1107 [BENCHMARK] 1654769558148,X
glCanvas.js:1107 [BENCHMARK] 1654769558402,X
glCanvas.js:1107 [BENCHMARK] 1654769558501,X
glCanvas.js:1107 [BENCHMARK] 1654769558505,X
glCanvas.js:1107 [BENCHMARK] 1654769558509,X
glCanvas.js:1107 [BENCHMARK] 1654769558514,X
glCanvas.js:1127 [BENCHMARK] 1654769558517,SSR
glCanvas.js:1127 [BENCHMARK] 1654769558610,SSR
glCanvas.js:1127 [BENCHMARK] 1654769558638,SSR
glCanvas.js:1127 [BENCHMARK] 1654769558718,SSR
glCanvas.js:1127 [BENCHMARK] 1654769558736,SSR
glCanvas.js:1127 [BENCHMARK] 1654769558749,SSR
glCanvas.js:1127 [BENCHMARK] 1654769558834,SSR
glCanvas.js:1127 [BENCHMARK] 1654769559072,CSR
glCanvas.js:1127 [BENCHMARK] 1654769559137,CSR
glCanvas.js:1127 [BENCHMARK] 1654769559403,CSR
glCanvas.js:1127 [BENCHMARK] 1654769559408,CSR
glCanvas.js:1127 [BENCHMARK] 1654769559804,CSR
glCanvas.js:1127 [BENCHMARK] 1654769559840,CSR
glCanvas.js:1127 [BENCHMARK] 1654769559977,CSR
glCanvas.js:1127 [BENCHMARK] 1654769560198,CSR
glCanvas.js:1127 [BENCHMARK] 1654769560218,CSR
glCanvas.js:1127 [BENCHMARK] 1654769560220,CSR
glCanvas.js:1127 [BENCHMARK] 1654769560267,CSR
glCanvas.js:1127 [BENCHMARK] 1654769560269,CSR
glCanvas.js:1127 [BENCHMARK] 1654769560310,CSR
glCanvas.js:1127 [BENCHMARK] 1654769560312,CSR
glCanvas.js:1127 [BENCHMARK] 1654769560315,CSR
glCanvas.js:1127 [BENCHMARK] 1654769560317,CSR
glCanvas.js:1127 [BENCHMARK] 1654769560340,SSR
glCanvas.js:1127 [BENCHMARK] 1654769560341,SSR
glCanvas.js:1127 [BENCHMARK] 1654769560371,SSR
glCanvas.js:1127 [BENCHMARK] 1654769560372,SSR
glCanvas.js:1127 [BENCHMARK] 1654769560401,SSR
glCanvas.js:1127 [BENCHMARK] 1654769560402,SSR
glCanvas.js:1107 [BENCHMARK] 1654769560432,X
glCanvas.js:1107 [BENCHMARK] 1654769560434,X
glCanvas.js:1107 [BENCHMARK] 1654769560465,X
glCanvas.js:1107 [BENCHMARK] 1654769560467,X
glCanvas.js:1107 [BENCHMARK] 1654769560496,X
glCanvas.js:1107 [BENCHMARK] 1654769560499,X
glCanvas.js:1107 [BENCHMARK] 1654769560526,X
glCanvas.js:1107 [BENCHMARK] 1654769560527,X
glCanvas.js:1107 [BENCHMARK] 1654769560559,X
glCanvas.js:1107 [BENCHMARK] 1654769560561,X
glCanvas.js:1107 [BENCHMARK] 1654769560590,X
glCanvas.js:1107 [BENCHMARK] 1654769560592,X
glCanvas.js:1107 [BENCHMARK] 1654769560830,X
glCanvas.js:1107 [BENCHMARK] 1654769560833,X
glCanvas.js:1107 [BENCHMARK] 1654769560843,X
glCanvas.js:1107 [BENCHMARK] 1654769560845,X
glCanvas.js:1107 [BENCHMARK] 1654769560857,X
glCanvas.js:1107 [BENCHMARK] 1654769560859,X
glCanvas.js:1107 [BENCHMARK] 1654769560869,X
glCanvas.js:1107 [BENCHMARK] 1654769560870,X
glCanvas.js:1107 [BENCHMARK] 1654769560881,X
glCanvas.js:1107 [BENCHMARK] 1654769560882,X
glCanvas.js:1107 [BENCHMARK] 1654769560894,X
glCanvas.js:1107 [BENCHMARK] 1654769560895,X
glCanvas.js:1107 [BENCHMARK] 1654769560907,X
glCanvas.js:1107 [BENCHMARK] 1654769560909,X
glCanvas.js:1107 [BENCHMARK] 1654769560919,X
glCanvas.js:1107 [BENCHMARK] 1654769560920,X
glCanvas.js:1107 [BENCHMARK] 1654769560931,X
glCanvas.js:1107 [BENCHMARK] 1654769560932,X
glCanvas.js:1107 [BENCHMARK] 1654769560945,X
glCanvas.js:1107 [BENCHMARK] 1654769560947,X
glCanvas.js:1107 [BENCHMARK] 1654769561100,X
glCanvas.js:1107 [BENCHMARK] 1654769561167,X
glCanvas.js:1107 [BENCHMARK] 1654769561169,X
glCanvas.js:1107 [BENCHMARK] 1654769561179,X
glCanvas.js:1107 [BENCHMARK] 1654769561181,X
glCanvas.js:1107 [BENCHMARK] 1654769561190,X
glCanvas.js:1107 [BENCHMARK] 1654769561191,X
glCanvas.js:1107 [BENCHMARK] 1654769561203,X
glCanvas.js:1107 [BENCHMARK] 1654769561204,X
glCanvas.js:1107 [BENCHMARK] 1654769561211,X
glCanvas.js:1107 [BENCHMARK] 1654769561214,X
glCanvas.js:1107 [BENCHMARK] 1654769561220,X
glCanvas.js:1107 [BENCHMARK] 1654769561221,X
glCanvas.js:1107 [BENCHMARK] 1654769561224,X
glCanvas.js:1107 [BENCHMARK] 1654769561228,X
glCanvas.js:1107 [BENCHMARK] 1654769561229,X
glCanvas.js:1107 [BENCHMARK] 1654769561241,X
glCanvas.js:1107 [BENCHMARK] 1654769561242,X
glCanvas.js:1107 [BENCHMARK] 1654769561253,X
glCanvas.js:1107 [BENCHMARK] 1654769561254,X
glCanvas.js:1107 [BENCHMARK] 1654769561266,X
glCanvas.js:1107 [BENCHMARK] 1654769561267,X
glCanvas.js:1107 [BENCHMARK] 1654769561277,X
glCanvas.js:1107 [BENCHMARK] 1654769561278,X
glCanvas.js:1107 [BENCHMARK] 1654769561279,X
glCanvas.js:1107 [BENCHMARK] 1654769561530,X
glCanvas.js:1107 [BENCHMARK] 1654769561631,X
glCanvas.js:1107 [BENCHMARK] 1654769561635,X
glCanvas.js:1107 [BENCHMARK] 1654769561670,X
glCanvas.js:1107 [BENCHMARK] 1654769561688,X
glCanvas.js:1107 [BENCHMARK] 1654769561691,X
glCanvas.js:1107 [BENCHMARK] 1654769561872,X
glCanvas.js:1107 [BENCHMARK] 1654769562502,X
glCanvas.js:1107 [BENCHMARK] 1654769562530,X
glCanvas.js:1107 [BENCHMARK] 1654769562738,X
glCanvas.js:1127 [BENCHMARK] 1654769562756,SSR
glCanvas.js:1127 [BENCHMARK] 1654769562769,SSR
glCanvas.js:1127 [BENCHMARK] 1654769562877,SSR
glCanvas.js:1127 [BENCHMARK] 1654769562932,CSR
glCanvas.js:1127 [BENCHMARK] 1654769563302,CSR
glCanvas.js:1127 [BENCHMARK] 1654769563728,CSR
glCanvas.js:1127 [BENCHMARK] 1654769563754,CSR
glCanvas.js:1127 [BENCHMARK] 1654769563786,CSR
glCanvas.js:1127 [BENCHMARK] 1654769563823,CSR
glCanvas.js:1127 [BENCHMARK] 1654769564300,CSR
glCanvas.js:1127 [BENCHMARK] 1654769564357,CSR
glCanvas.js:1127 [BENCHMARK] 1654769564358,CSR
glCanvas.js:1127 [BENCHMARK] 1654769564360,CSR
glCanvas.js:1107 [BENCHMARK] 1654769564362,X
glCanvas.js:1107 [BENCHMARK] 1654769564363,X
glCanvas.js:1107 [BENCHMARK] 1654769564398,X
glCanvas.js:1107 [BENCHMARK] 1654769564400,X
glCanvas.js:1107 [BENCHMARK] 1654769564401,X
glCanvas.js:1127 [BENCHMARK] 1654769564414,SSR
glCanvas.js:1127 [BENCHMARK] 1654769564666,SSR
glCanvas.js:1127 [BENCHMARK] 1654769565218,SSR
glCanvas.js:1127 [BENCHMARK] 1654769565227,SSR
glCanvas.js:1127 [BENCHMARK] 1654769565252,SSR
glCanvas.js:1127 [BENCHMARK] 1654769565282,SSR
glCanvas.js:1127 [BENCHMARK] 1654769565343,SSR
glCanvas.js:1127 [BENCHMARK] 1654769565365,SSR
glCanvas.js:1127 [BENCHMARK] 1654769565372,SSR
glCanvas.js:1127 [BENCHMARK] 1654769565391,SSR
glCanvas.js:1127 [BENCHMARK] 1654769565501,SSR
glCanvas.js:1127 [BENCHMARK] 1654769565612,SSR
glCanvas.js:1127 [BENCHMARK] 1654769565670,SSR
glCanvas.js:1127 [BENCHMARK] 1654769565777,SSR
glCanvas.js:1127 [BENCHMARK] 1654769565847,CSR
glCanvas.js:1127 [BENCHMARK] 1654769565914,CSR
glCanvas.js:1127 [BENCHMARK] 1654769565973,CSR
glCanvas.js:1127 [BENCHMARK] 1654769565978,CSR
glCanvas.js:1127 [BENCHMARK] 1654769565984,CSR
glCanvas.js:1127 [BENCHMARK] 1654769566098,CSR
glCanvas.js:1127 [BENCHMARK] 1654769566307,CSR
glCanvas.js:1127 [BENCHMARK] 1654769566397,CSR
glCanvas.js:1127 [BENCHMARK] 1654769566424,CSR
glCanvas.js:1127 [BENCHMARK] 1654769566430,CSR
glCanvas.js:1127 [BENCHMARK] 1654769566501,CSR
glCanvas.js:1127 [BENCHMARK] 1654769566571,SSR
glCanvas.js:1127 [BENCHMARK] 1654769566644,CSR
glCanvas.js:1127 [BENCHMARK] 1654769566689,CSR
glCanvas.js:1127 [BENCHMARK] 1654769566703,CSR
glCanvas.js:1127 [BENCHMARK] 1654769566713,SSR
glCanvas.js:1127 [BENCHMARK] 1654769566786,SSR
glCanvas.js:1127 [BENCHMARK] 1654769566858,SSR
glCanvas.js:1127 [BENCHMARK] 1654769566930,SSR
glCanvas.js:1127 [BENCHMARK] 1654769567002,SSR
glCanvas.js:1127 [BENCHMARK] 1654769567073,SSR
glCanvas.js:1127 [BENCHMARK] 1654769567330,SSR
glCanvas.js:1107 [BENCHMARK] 1654769567413,X
glCanvas.js:1107 [BENCHMARK] 1654769567449,X
glCanvas.js:1107 [BENCHMARK] 1654769567553,X
glCanvas.js:1127 [BENCHMARK] 1654769567652,SSR
glCanvas.js:1127 [BENCHMARK] 1654769567752,SSR
glCanvas.js:1127 [BENCHMARK] 1654769567803,SSR
glCanvas.js:1127 [BENCHMARK] 1654769567858,SSR
glCanvas.js:1127 [BENCHMARK] 1654769567927,SSR
glCanvas.js:1127 [BENCHMARK] 1654769567932,SSR
glCanvas.js:1127 [BENCHMARK] 1654769567958,SSR
glCanvas.js:1127 [BENCHMARK] 1654769567960,CSR
glCanvas.js:1127 [BENCHMARK] 1654769568009,CSR
glCanvas.js:1127 [BENCHMARK] 1654769568128,CSR
glCanvas.js:1127 [BENCHMARK] 1654769568132,CSR
glCanvas.js:1127 [BENCHMARK] 1654769568136,CSR
glCanvas.js:1127 [BENCHMARK] 1654769568144,CSR
glCanvas.js:1127 [BENCHMARK] 1654769568173,CSR
glCanvas.js:1127 [BENCHMARK] 1654769568177,CSR
glCanvas.js:1127 [BENCHMARK] 1654769568180,CSR
glCanvas.js:1127 [BENCHMARK] 1654769568183,CSR
glCanvas.js:1127 [BENCHMARK] 1654769568195,CSR
glCanvas.js:1127 [BENCHMARK] 1654769568198,CSR
glCanvas.js:1127 [BENCHMARK] 1654769568200,CSR
glCanvas.js:1127 [BENCHMARK] 1654769568211,CSR
glCanvas.js:1127 [BENCHMARK] 1654769568213,CSR
glCanvas.js:1127 [BENCHMARK] 1654769568216,CSR
glCanvas.js:1127 [BENCHMARK] 1654769568229,CSR
glCanvas.js:1127 [BENCHMARK] 1654769568232,CSR
glCanvas.js:1127 [BENCHMARK] 1654769568241,CSR
glCanvas.js:1127 [BENCHMARK] 1654769568244,CSR
glCanvas.js:1127 [BENCHMARK] 1654769568599,CSR
glCanvas.js:1127 [BENCHMARK] 1654769568603,CSR
glCanvas.js:1127 [BENCHMARK] 1654769568610,CSR
glCanvas.js:1127 [BENCHMARK] 1654769568614,CSR
glCanvas.js:1127 [BENCHMARK] 1654769568627,CSR
glCanvas.js:1127 [BENCHMARK] 1654769568633,CSR
glCanvas.js:1127 [BENCHMARK] 1654769568636,CSR
glCanvas.js:1127 [BENCHMARK] 1654769568646,CSR
glCanvas.js:1127 [BENCHMARK] 1654769568649,CSR
glCanvas.js:1127 [BENCHMARK] 1654769568652,CSR
glCanvas.js:1127 [BENCHMARK] 1654769568668,CSR
glCanvas.js:1127 [BENCHMARK] 1654769568671,CSR
glCanvas.js:1127 [BENCHMARK] 1654769568674,CSR
glCanvas.js:1127 [BENCHMARK] 1654769568692,CSR
glCanvas.js:1127 [BENCHMARK] 1654769568695,CSR
glCanvas.js:1127 [BENCHMARK] 1654769568700,CSR
glCanvas.js:1127 [BENCHMARK] 1654769568714,CSR
glCanvas.js:1127 [BENCHMARK] 1654769568716,CSR
glCanvas.js:1127 [BENCHMARK] 1654769568817,CSR
glCanvas.js:1127 [BENCHMARK] 1654769568833,CSR
glCanvas.js:1127 [BENCHMARK] 1654769568842,CSR
glCanvas.js:1127 [BENCHMARK] 1654769568846,CSR
glCanvas.js:1127 [BENCHMARK] 1654769568849,CSR
glCanvas.js:1127 [BENCHMARK] 1654769568853,CSR
glCanvas.js:1127 [BENCHMARK] 1654769568857,CSR
glCanvas.js:1127 [BENCHMARK] 1654769568861,CSR
glCanvas.js:1127 [BENCHMARK] 1654769568892,CSR
glCanvas.js:1127 [BENCHMARK] 1654769568898,CSR
glCanvas.js:1127 [BENCHMARK] 1654769568928,CSR
glCanvas.js:1127 [BENCHMARK] 1654769568932,CSR
glCanvas.js:1127 [BENCHMARK] 1654769568935,CSR
glCanvas.js:1127 [BENCHMARK] 1654769568939,CSR
glCanvas.js:1127 [BENCHMARK] 1654769568942,CSR
glCanvas.js:1127 [BENCHMARK] 1654769568944,CSR
glCanvas.js:1127 [BENCHMARK] 1654769568961,CSR
glCanvas.js:1127 [BENCHMARK] 1654769568965,CSR
glCanvas.js:1127 [BENCHMARK] 1654769569018,CSR
glCanvas.js:1127 [BENCHMARK] 1654769569128,CSR
glCanvas.js:1127 [BENCHMARK] 1654769569130,CSR
glCanvas.js:1127 [BENCHMARK] 1654769569131,CSR
glCanvas.js:1127 [BENCHMARK] 1654769569133,CSR
glCanvas.js:1127 [BENCHMARK] 1654769569144,CSR
glCanvas.js:1127 [BENCHMARK] 1654769569212,CSR
glCanvas.js:1127 [BENCHMARK] 1654769569214,CSR
glCanvas.js:1127 [BENCHMARK] 1654769569273,CSR
glCanvas.js:1127 [BENCHMARK] 1654769569274,CSR
glCanvas.js:1127 [BENCHMARK] 1654769569344,CSR
glCanvas.js:1127 [BENCHMARK] 1654769569346,CSR
glCanvas.js:1127 [BENCHMARK] 1654769569414,CSR
glCanvas.js:1127 [BENCHMARK] 1654769569415,CSR
glCanvas.js:1127 [BENCHMARK] 1654769569485,CSR
glCanvas.js:1127 [BENCHMARK] 1654769569486,CSR
glCanvas.js:1127 [BENCHMARK] 1654769569737,CSR
glCanvas.js:1127 [BENCHMARK] 1654769570049,CSR
glCanvas.js:1127 [BENCHMARK] 1654769570074,CSR
glCanvas.js:1127 [BENCHMARK] 1654769570083,CSR
glCanvas.js:1127 [BENCHMARK] 1654769570092,CSR
glCanvas.js:1127 [BENCHMARK] 1654769570114,CSR
glCanvas.js:1127 [BENCHMARK] 1654769570127,CSR
glCanvas.js:1127 [BENCHMARK] 1654769570135,CSR
glCanvas.js:1127 [BENCHMARK] 1654769570155,CSR
glCanvas.js:1127 [BENCHMARK] 1654769570169,CSR
glCanvas.js:1127 [BENCHMARK] 1654769570181,CSR
glCanvas.js:1127 [BENCHMARK] 1654769570741,CSR
glCanvas.js:1127 [BENCHMARK] 1654769570852,CSR
glCanvas.js:1127 [BENCHMARK] 1654769570855,CSR
glCanvas.js:1127 [BENCHMARK] 1654769571411,CSR
glCanvas.js:1127 [BENCHMARK] 1654769571565,CSR
glCanvas.js:1127 [BENCHMARK] 1654769571568,CSR
glCanvas.js:1127 [BENCHMARK] 1654769571662,CSR
glCanvas.js:1127 [BENCHMARK] 1654769571664,CSR
glCanvas.js:1127 [BENCHMARK] 1654769571721,CSR
glCanvas.js:1127 [BENCHMARK] 1654769571722,CSR
glCanvas.js:1127 [BENCHMARK] 1654769571775,CSR
glCanvas.js:1127 [BENCHMARK] 1654769571777,CSR
glCanvas.js:1127 [BENCHMARK] 1654769571848,CSR
glCanvas.js:1127 [BENCHMARK] 1654769571851,CSR
glCanvas.js:1127 [BENCHMARK] 1654769571920,CSR
glCanvas.js:1127 [BENCHMARK] 1654769571923,CSR
glCanvas.js:1127 [BENCHMARK] 1654769571992,CSR
glCanvas.js:1127 [BENCHMARK] 1654769571995,CSR
glCanvas.js:1127 [BENCHMARK] 1654769572064,CSR
glCanvas.js:1127 [BENCHMARK] 1654769572067,CSR
glCanvas.js:1127 [BENCHMARK] 1654769572135,CSR
glCanvas.js:1127 [BENCHMARK] 1654769572138,CSR
glCanvas.js:1127 [BENCHMARK] 1654769572207,CSR
glCanvas.js:1127 [BENCHMARK] 1654769572210,CSR
glCanvas.js:1127 [BENCHMARK] 1654769572458,CSR
glCanvas.js:1127 [BENCHMARK] 1654769572573,CSR
glCanvas.js:1127 [BENCHMARK] 1654769572575,CSR
glCanvas.js:1127 [BENCHMARK] 1654769572577,CSR
glCanvas.js:1127 [BENCHMARK] 1654769572578,CSR
glCanvas.js:1127 [BENCHMARK] 1654769572580,CSR
glCanvas.js:1127 [BENCHMARK] 1654769572581,CSR
glCanvas.js:1127 [BENCHMARK] 1654769572582,CSR
glCanvas.js:1127 [BENCHMARK] 1654769572583,CSR
glCanvas.js:1127 [BENCHMARK] 1654769572649,CSR
glCanvas.js:1127 [BENCHMARK] 1654769572650,CSR
glCanvas.js:1127 [BENCHMARK] 1654769572651,CSR
glCanvas.js:1127 [BENCHMARK] 1654769572653,CSR
glCanvas.js:1127 [BENCHMARK] 1654769572667,CSR
glCanvas.js:1127 [BENCHMARK] 1654769572668,CSR
glCanvas.js:1127 [BENCHMARK] 1654769572700,CSR
glCanvas.js:1127 [BENCHMARK] 1654769572703,CSR
glCanvas.js:1127 [BENCHMARK] 1654769572731,CSR
glCanvas.js:1127 [BENCHMARK] 1654769572734,CSR
glCanvas.js:1127 [BENCHMARK] 1654769572760,CSR
glCanvas.js:1127 [BENCHMARK] 1654769572762,CSR
glCanvas.js:1127 [BENCHMARK] 1654769572994,CSR
glCanvas.js:1127 [BENCHMARK] 1654769572996,CSR
glCanvas.js:1127 [BENCHMARK] 1654769573025,CSR
glCanvas.js:1127 [BENCHMARK] 1654769573027,CSR
glCanvas.js:1127 [BENCHMARK] 1654769573056,CSR
glCanvas.js:1127 [BENCHMARK] 1654769573057,CSR
glCanvas.js:1127 [BENCHMARK] 1654769573086,CSR
glCanvas.js:1127 [BENCHMARK] 1654769573087,CSR
glCanvas.js:1127 [BENCHMARK] 1654769573117,CSR
glCanvas.js:1127 [BENCHMARK] 1654769573118,CSR
glCanvas.js:1127 [BENCHMARK] 1654769573148,CSR
glCanvas.js:1127 [BENCHMARK] 1654769573149,CSR
glCanvas.js:1127 [BENCHMARK] 1654769573178,CSR
glCanvas.js:1127 [BENCHMARK] 1654769573179,CSR
glCanvas.js:1127 [BENCHMARK] 1654769573211,CSR
glCanvas.js:1127 [BENCHMARK] 1654769573214,CSR
glCanvas.js:1127 [BENCHMARK] 1654769573242,CSR
glCanvas.js:1127 [BENCHMARK] 1654769573246,CSR
glCanvas.js:1127 [BENCHMARK] 1654769573274,CSR
glCanvas.js:1127 [BENCHMARK] 1654769573277,CSR
glCanvas.js:1127 [BENCHMARK] 1654769573530,CSR
glCanvas.js:1127 [BENCHMARK] 1654769574309,CSR
glCanvas.js:1127 [BENCHMARK] 1654769574538,CSR
glCanvas.js:1127 [BENCHMARK] 1654769574742,CSR
glCanvas.js:1127 [BENCHMARK] 1654769575010,CSR
glCanvas.js:1127 [BENCHMARK] 1654769575048,CSR
glCanvas.js:1127 [BENCHMARK] 1654769575103,CSR
glCanvas.js:1127 [BENCHMARK] 1654769575163,CSR
glCanvas.js:1127 [BENCHMARK] 1654769575202,CSR
glCanvas.js:1127 [BENCHMARK] 1654769575248,CSR
glCanvas.js:1127 [BENCHMARK] 1654769575281,CSR
glCanvas.js:1127 [BENCHMARK] 1654769575304,CSR
glCanvas.js:1127 [BENCHMARK] 1654769575619,CSR
glCanvas.js:1127 [BENCHMARK] 1654769575785,CSR
glCanvas.js:1127 [BENCHMARK] 1654769575814,CSR
glCanvas.js:1127 [BENCHMARK] 1654769575839,CSR
glCanvas.js:1127 [BENCHMARK] 1654769575864,CSR
glCanvas.js:1127 [BENCHMARK] 1654769575922,CSR
glCanvas.js:1127 [BENCHMARK] 1654769576441,CSR
glCanvas.js:1127 [BENCHMARK] 1654769576551,CSR
glCanvas.js:1127 [BENCHMARK] 1654769576573,CSR
glCanvas.js:1127 [BENCHMARK] 1654769576594,CSR
glCanvas.js:1127 [BENCHMARK] 1654769577289,CSR
glCanvas.js:1127 [BENCHMARK] 1654769577324,CSR
glCanvas.js:1127 [BENCHMARK] 1654769577341,CSR
glCanvas.js:1127 [BENCHMARK] 1654769577434,CSR
glCanvas.js:1127 [BENCHMARK] 1654769578027,CSR
glCanvas.js:1127 [BENCHMARK] 1654769578143,CSR
glCanvas.js:1127 [BENCHMARK] 1654769578162,CSR
glCanvas.js:1127 [BENCHMARK] 1654769578222,CSR
glCanvas.js:1127 [BENCHMARK] 1654769578313,CSR
glCanvas.js:1127 [BENCHMARK] 1654769578514,CSR
glCanvas.js:1127 [BENCHMARK] 1654769578716,CSR
glCanvas.js:1127 [BENCHMARK] 1654769578917,CSR
glCanvas.js:1127 [BENCHMARK] 1654769579119,CSR
glCanvas.js:1127 [BENCHMARK] 1654769579370,CSR
glCanvas.js:1127 [BENCHMARK] 1654769580378,CSR
glCanvas.js:1127 [BENCHMARK] 1654769580655,CSR
glCanvas.js:1127 [BENCHMARK] 1654769580729,CSR
glCanvas.js:1127 [BENCHMARK] 1654769580733,CSR
glCanvas.js:1127 [BENCHMARK] 1654769580805,CSR
glCanvas.js:1127 [BENCHMARK] 1654769580846,CSR
glCanvas.js:1127 [BENCHMARK] 1654769580890,CSR
glCanvas.js:1127 [BENCHMARK] 1654769580960,CSR
glCanvas.js:1127 [BENCHMARK] 1654769581033,CSR
glCanvas.js:1127 [BENCHMARK] 1654769581070,CSR
glCanvas.js:1127 [BENCHMARK] 1654769581106,CSR
glCanvas.js:1127 [BENCHMARK] 1654769581469,CSR
glCanvas.js:1127 [BENCHMARK] 1654769581489,CSR
glCanvas.js:1127 [BENCHMARK] 1654769581579,CSR
glCanvas.js:1127 [BENCHMARK] 1654769581597,CSR
glCanvas.js:1127 [BENCHMARK] 1654769581674,CSR
glCanvas.js:1127 [BENCHMARK] 1654769581693,CSR
glCanvas.js:1127 [BENCHMARK] 1654769581717,CSR
glCanvas.js:1127 [BENCHMARK] 1654769581823,CSR
glCanvas.js:1127 [BENCHMARK] 1654769581917,CSR
glCanvas.js:1127 [BENCHMARK] 1654769581943,CSR
glCanvas.js:1127 [BENCHMARK] 1654769581963,CSR
glCanvas.js:1127 [BENCHMARK] 1654769582001,CSR
glCanvas.js:1127 [BENCHMARK] 1654769582165,CSR
glCanvas.js:1127 [BENCHMARK] 1654769582343,CSR
glCanvas.js:1127 [BENCHMARK] 1654769582346,CSR
glCanvas.js:1127 [BENCHMARK] 1654769582350,CSR
glCanvas.js:1127 [BENCHMARK] 1654769582444,CSR
glCanvas.js:1127 [BENCHMARK] 1654769582508,CSR
glCanvas.js:1127 [BENCHMARK] 1654769582537,CSR
glCanvas.js:1127 [BENCHMARK] 1654769582609,CSR
glCanvas.js:1127 [BENCHMARK] 1654769582680,CSR
glCanvas.js:1127 [BENCHMARK] 1654769582752,CSR
glCanvas.js:1127 [BENCHMARK] 1654769582824,CSR
glCanvas.js:1127 [BENCHMARK] 1654769582896,CSR
glCanvas.js:1127 [BENCHMARK] 1654769582968,CSR
glCanvas.js:1127 [BENCHMARK] 1654769583226,CSR
glCanvas.js:1127 [BENCHMARK] 1654769583335,CSR
glCanvas.js:1127 [BENCHMARK] 1654769583337,CSR
glCanvas.js:1127 [BENCHMARK] 1654769583414,CSR
glCanvas.js:1127 [BENCHMARK] 1654769583458,CSR
glCanvas.js:1127 [BENCHMARK] 1654769583528,CSR
glCanvas.js:1127 [BENCHMARK] 1654769583587,CSR
glCanvas.js:1127 [BENCHMARK] 1654769583599,CSR
glCanvas.js:1127 [BENCHMARK] 1654769583631,CSR
glCanvas.js:1127 [BENCHMARK] 1654769583673,CSR
glCanvas.js:1127 [BENCHMARK] 1654769583740,CSR
glCanvas.js:1127 [BENCHMARK] 1654769583811,CSR
glCanvas.js:1127 [BENCHMARK] 1654769583860,CSR
glCanvas.js:1127 [BENCHMARK] 1654769583876,CSR
glCanvas.js:1127 [BENCHMARK] 1654769583882,CSR
glCanvas.js:1127 [BENCHMARK] 1654769583912,CSR
glCanvas.js:1127 [BENCHMARK] 1654769583940,CSR
glCanvas.js:1127 [BENCHMARK] 1654769583957,CSR
glCanvas.js:1127 [BENCHMARK] 1654769583974,CSR
glCanvas.js:1127 [BENCHMARK] 1654769584012,CSR
glCanvas.js:1127 [BENCHMARK] 1654769584035,CSR
glCanvas.js:1127 [BENCHMARK] 1654769584055,CSR
glCanvas.js:1127 [BENCHMARK] 1654769584057,CSR
glCanvas.js:1127 [BENCHMARK] 1654769584062,CSR
glCanvas.js:1127 [BENCHMARK] 1654769584137,CSR
glCanvas.js:1127 [BENCHMARK] 1654769584241,CSR
glCanvas.js:1127 [BENCHMARK] 1654769584362,CSR
glCanvas.js:1127 [BENCHMARK] 1654769584435,CSR
glCanvas.js:1127 [BENCHMARK] 1654769584466,CSR
glCanvas.js:1127 [BENCHMARK] 1654769584504,CSR
glCanvas.js:1127 [BENCHMARK] 1654769584686,CSR
glCanvas.js:1127 [BENCHMARK] 1654769584748,CSR
glCanvas.js:1127 [BENCHMARK] 1654769584755,CSR
glCanvas.js:1127 [BENCHMARK] 1654769584759,CSR
glCanvas.js:1127 [BENCHMARK] 1654769584779,CSR
glCanvas.js:1127 [BENCHMARK] 1654769584870,CSR
glCanvas.js:1127 [BENCHMARK] 1654769584978,CSR
glCanvas.js:1127 [BENCHMARK] 1654769584997,CSR
glCanvas.js:1127 [BENCHMARK] 1654769585082,CSR
glCanvas.js:1127 [BENCHMARK] 1654769585106,CSR
glCanvas.js:1127 [BENCHMARK] 1654769585138,CSR
glCanvas.js:1127 [BENCHMARK] 1654769585259,CSR
glCanvas.js:1127 [BENCHMARK] 1654769585261,CSR
glCanvas.js:1127 [BENCHMARK] 1654769585263,CSR
glCanvas.js:1127 [BENCHMARK] 1654769585265,CSR
glCanvas.js:1127 [BENCHMARK] 1654769585267,CSR
glCanvas.js:1127 [BENCHMARK] 1654769585269,CSR
glCanvas.js:1127 [BENCHMARK] 1654769585271,CSR
glCanvas.js:1127 [BENCHMARK] 1654769585272,CSR
glCanvas.js:1127 [BENCHMARK] 1654769585274,CSR
glCanvas.js:1127 [BENCHMARK] 1654769585275,CSR
glCanvas.js:1127 [BENCHMARK] 1654769585277,CSR
glCanvas.js:1127 [BENCHMARK] 1654769585279,CSR
glCanvas.js:1127 [BENCHMARK] 1654769585280,CSR
glCanvas.js:1127 [BENCHMARK] 1654769585281,CSR
glCanvas.js:1127 [BENCHMARK] 1654769585282,CSR
glCanvas.js:1127 [BENCHMARK] 1654769585283,CSR
glCanvas.js:1127 [BENCHMARK] 1654769585285,CSR
glCanvas.js:1127 [BENCHMARK] 1654769585286,CSR
glCanvas.js:1127 [BENCHMARK] 1654769585288,CSR
glCanvas.js:1127 [BENCHMARK] 1654769585289,CSR
glCanvas.js:1127 [BENCHMARK] 1654769585774,CSR
glCanvas.js:1127 [BENCHMARK] 1654769586121,CSR
glCanvas.js:1127 [BENCHMARK] 1654769586127,CSR
glCanvas.js:1127 [BENCHMARK] 1654769586471,CSR
glCanvas.js:1127 [BENCHMARK] 1654769586661,CSR
glCanvas.js:1127 [BENCHMARK] 1654769586682,CSR
glCanvas.js:1127 [BENCHMARK] 1654769586773,CSR
glCanvas.js:1127 [BENCHMARK] 1654769586777,CSR
glCanvas.js:1127 [BENCHMARK] 1654769586780,CSR
glCanvas.js:1127 [BENCHMARK] 1654769586801,CSR
glCanvas.js:1127 [BENCHMARK] 1654769586804,CSR
glCanvas.js:1127 [BENCHMARK] 1654769586807,CSR
glCanvas.js:1127 [BENCHMARK] 1654769587106,CSR
glCanvas.js:1127 [BENCHMARK] 1654769587609,CSR
glCanvas.js:1127 [BENCHMARK] 1654769587742,CSR
glCanvas.js:1127 [BENCHMARK] 1654769588181,CSR
glCanvas.js:1127 [BENCHMARK] 1654769588204,CSR
glCanvas.js:1127 [BENCHMARK] 1654769588275,CSR
glCanvas.js:1127 [BENCHMARK] 1654769588332,CSR
glCanvas.js:1127 [BENCHMARK] 1654769588424,CSR
glCanvas.js:1127 [BENCHMARK] 1654769588478,CSR
glCanvas.js:1127 [BENCHMARK] 1654769588530,CSR
glCanvas.js:1127 [BENCHMARK] 1654769588790,CSR
glCanvas.js:1127 [BENCHMARK] 1654769588855,CSR
glCanvas.js:1127 [BENCHMARK] 1654769589090,CSR
glCanvas.js:1127 [BENCHMARK] 1654769589158,CSR
glCanvas.js:1127 [BENCHMARK] 1654769589179,CSR
glCanvas.js:1127 [BENCHMARK] 1654769589267,CSR
glCanvas.js:1127 [BENCHMARK] 1654769589289,CSR
glCanvas.js:1127 [BENCHMARK] 1654769589404,CSR
glCanvas.js:1127 [BENCHMARK] 1654769589440,CSR
glCanvas.js:1127 [BENCHMARK] 1654769589649,CSR
glCanvas.js:1127 [BENCHMARK] 1654769589668,CSR
glCanvas.js:1127 [BENCHMARK] 1654769589709,CSR
glCanvas.js:1127 [BENCHMARK] 1654769590011,CSR
glCanvas.js:1127 [BENCHMARK] 1654769590033,CSR
glCanvas.js:1127 [BENCHMARK] 1654769590057,CSR
glCanvas.js:1127 [BENCHMARK] 1654769590164,CSR
glCanvas.js:1127 [BENCHMARK] 1654769590289,CSR
glCanvas.js:1127 [BENCHMARK] 1654769590357,CSR
glCanvas.js:1127 [BENCHMARK] 1654769590379,CSR
glCanvas.js:1127 [BENCHMARK] 1654769590408,CSR
glCanvas.js:1127 [BENCHMARK] 1654769590624,CSR
glCanvas.js:1127 [BENCHMARK] 1654769590673,CSR
glCanvas.js:1127 [BENCHMARK] 1654769590814,CSR
glCanvas.js:1127 [BENCHMARK] 1654769590838,CSR
glCanvas.js:1127 [BENCHMARK] 1654769590862,CSR
glCanvas.js:1127 [BENCHMARK] 1654769590865,CSR
glCanvas.js:1127 [BENCHMARK] 1654769590963,CSR
glCanvas.js:1127 [BENCHMARK] 1654769591033,CSR
glCanvas.js:1127 [BENCHMARK] 1654769591158,CSR
glCanvas.js:1127 [BENCHMARK] 1654769591286,CSR
glCanvas.js:1127 [BENCHMARK] 1654769591439,CSR
glCanvas.js:1127 [BENCHMARK] 1654769591486,CSR
glCanvas.js:1127 [BENCHMARK] 1654769591711,CSR
glCanvas.js:1127 [BENCHMARK] 1654769591780,CSR
glCanvas.js:1127 [BENCHMARK] 1654769591796,CSR
glCanvas.js:1127 [BENCHMARK] 1654769591878,CSR
glCanvas.js:1127 [BENCHMARK] 1654769591960,CSR
glCanvas.js:1127 [BENCHMARK] 1654769592006,CSR
glCanvas.js:1127 [BENCHMARK] 1654769592150,CSR
glCanvas.js:1127 [BENCHMARK] 1654769592326,CSR
glCanvas.js:1127 [BENCHMARK] 1654769592417,CSR
glCanvas.js:1127 [BENCHMARK] 1654769592512,CSR
glCanvas.js:1127 [BENCHMARK] 1654769592710,CSR
glCanvas.js:1127 [BENCHMARK] 1654769592714,CSR
glCanvas.js:1127 [BENCHMARK] 1654769592805,CSR
glCanvas.js:1127 [BENCHMARK] 1654769593014,CSR
glCanvas.js:1127 [BENCHMARK] 1654769593035,CSR
glCanvas.js:1127 [BENCHMARK] 1654769593179,CSR
glCanvas.js:1127 [BENCHMARK] 1654769593182,CSR
glCanvas.js:1127 [BENCHMARK] 1654769593321,CSR
glCanvas.js:1127 [BENCHMARK] 1654769593467,CSR
glCanvas.js:1127 [BENCHMARK] 1654769593470,CSR
glCanvas.js:1127 [BENCHMARK] 1654769593544,CSR
glCanvas.js:1127 [BENCHMARK] 1654769593582,CSR
glCanvas.js:1127 [BENCHMARK] 1654769593660,CSR
