glCanvas.js:1107 [BENCHMARK] 1654769762523,X
glCanvas.js:1107 [BENCHMARK] 1654769762533,X
glCanvas.js:1107 [BENCHMARK] 1654769762540,X
glCanvas.js:1107 [BENCHMARK] 1654769763000,X
glCanvas.js:1107 [BENCHMARK] 1654769763241,X
glCanvas.js:1107 [BENCHMARK] 1654769763245,X
glCanvas.js:1107 [BENCHMARK] 1654769763250,X
glCanvas.js:1107 [BENCHMARK] 1654769763253,X
glCanvas.js:1107 [BENCHMARK] 1654769763258,X
glCanvas.js:1107 [BENCHMARK] 1654769763260,X
glCanvas.js:1107 [BENCHMARK] 1654769764124,X
glCanvas.js:1107 [BENCHMARK] 1654769764149,X
glCanvas.js:1107 [BENCHMARK] 1654769764158,X
glCanvas.js:1107 [BENCHMARK] 1654769764166,X
glCanvas.js:1127 [BENCHMARK] 1654769764175,SSR
manager.js:159 [BENCHMARK] 1654769764906,firstRender
glCanvas.js:1127 [BENCHMARK] 1654769764936,SSR
glCanvas.js:1127 [BENCHMARK] 1654769765005,SSR
glCanvas.js:1127 [BENCHMARK] 1654769765007,SSR
glCanvas.js:1127 [BENCHMARK] 1654769765011,SSR
glCanvas.js:1127 [BENCHMARK] 1654769765015,SSR
glCanvas.js:1127 [BENCHMARK] 1654769765034,SSR
glCanvas.js:1127 [BENCHMARK] 1654769765152,SSR
glCanvas.js:1127 [BENCHMARK] 1654769765159,SSR
glCanvas.js:1127 [BENCHMARK] 1654769765165,SSR
glCanvas.js:1127 [BENCHMARK] 1654769765188,SSR
glCanvas.js:1127 [BENCHMARK] 1654769766188,SSR
glCanvas.js:1127 [BENCHMARK] 1654769766200,SSR
glCanvas.js:1127 [BENCHMARK] 1654769766206,SSR
glCanvas.js:1127 [BENCHMARK] 1654769766315,SSR
glCanvas.js:1127 [BENCHMARK] 1654769766422,SSR
glCanvas.js:1127 [BENCHMARK] 1654769766463,SSR
glCanvas.js:1127 [BENCHMARK] 1654769766718,SSR
glCanvas.js:1127 [BENCHMARK] 1654769766734,SSR
glCanvas.js:1127 [BENCHMARK] 1654769766739,SSR
glCanvas.js:1127 [BENCHMARK] 1654769766765,SSR
glCanvas.js:1127 [BENCHMARK] 1654769766771,SSR
glCanvas.js:1127 [BENCHMARK] 1654769767018,SSR
glCanvas.js:1127 [BENCHMARK] 1654769767039,SSR
glCanvas.js:1127 [BENCHMARK] 1654769767114,SSR
glCanvas.js:1127 [BENCHMARK] 1654769767147,CSR
glCanvas.js:1127 [BENCHMARK] 1654769767165,CSR
glCanvas.js:1127 [BENCHMARK] 1654769767181,CSR
glCanvas.js:1127 [BENCHMARK] 1654769767212,CSR
glCanvas.js:1127 [BENCHMARK] 1654769767215,SSR
glCanvas.js:1127 [BENCHMARK] 1654769767601,SSR
glCanvas.js:1127 [BENCHMARK] 1654769767605,SSR
glCanvas.js:1127 [BENCHMARK] 1654769767611,SSR
glCanvas.js:1127 [BENCHMARK] 1654769767617,SSR
glCanvas.js:1127 [BENCHMARK] 1654769767620,SSR
glCanvas.js:1127 [BENCHMARK] 1654769767785,CSR
glCanvas.js:1127 [BENCHMARK] 1654769767804,CSR
glCanvas.js:1127 [BENCHMARK] 1654769767909,CSR
glCanvas.js:1127 [BENCHMARK] 1654769767914,CSR
glCanvas.js:1127 [BENCHMARK] 1654769767919,CSR
glCanvas.js:1127 [BENCHMARK] 1654769768028,CSR
glCanvas.js:1127 [BENCHMARK] 1654769768083,CSR
glCanvas.js:1127 [BENCHMARK] 1654769768088,CSR
glCanvas.js:1127 [BENCHMARK] 1654769768101,CSR
glCanvas.js:1127 [BENCHMARK] 1654769768105,CSR
glCanvas.js:1127 [BENCHMARK] 1654769768110,CSR
glCanvas.js:1127 [BENCHMARK] 1654769768116,CSR
glCanvas.js:1127 [BENCHMARK] 1654769768205,CSR
glCanvas.js:1127 [BENCHMARK] 1654769768213,CSR
glCanvas.js:1127 [BENCHMARK] 1654769768217,CSR
glCanvas.js:1127 [BENCHMARK] 1654769768333,CSR
glCanvas.js:1127 [BENCHMARK] 1654769768335,CSR
glCanvas.js:1127 [BENCHMARK] 1654769768401,CSR
glCanvas.js:1127 [BENCHMARK] 1654769768403,CSR
glCanvas.js:1127 [BENCHMARK] 1654769768456,CSR
glCanvas.js:1127 [BENCHMARK] 1654769768458,CSR
glCanvas.js:1127 [BENCHMARK] 1654769768461,CSR
glCanvas.js:1127 [BENCHMARK] 1654769768464,CSR
glCanvas.js:1127 [BENCHMARK] 1654769768484,CSR
glCanvas.js:1127 [BENCHMARK] 1654769768486,CSR
glCanvas.js:1127 [BENCHMARK] 1654769768515,CSR
glCanvas.js:1127 [BENCHMARK] 1654769768517,CSR
glCanvas.js:1127 [BENCHMARK] 1654769768546,CSR
glCanvas.js:1127 [BENCHMARK] 1654769768548,CSR
glCanvas.js:1107 [BENCHMARK] 1654769768577,X
glCanvas.js:1107 [BENCHMARK] 1654769768578,X
glCanvas.js:1107 [BENCHMARK] 1654769768605,X
glCanvas.js:1107 [BENCHMARK] 1654769768618,X
glCanvas.js:1107 [BENCHMARK] 1654769768620,X
glCanvas.js:1107 [BENCHMARK] 1654769768621,X
glCanvas.js:1107 [BENCHMARK] 1654769768635,X
glCanvas.js:1107 [BENCHMARK] 1654769768649,X
glCanvas.js:1107 [BENCHMARK] 1654769768651,X
glCanvas.js:1107 [BENCHMARK] 1654769768653,X
glCanvas.js:1107 [BENCHMARK] 1654769768672,X
glCanvas.js:1107 [BENCHMARK] 1654769768691,X
glCanvas.js:1107 [BENCHMARK] 1654769768706,X
glCanvas.js:1107 [BENCHMARK] 1654769768740,X
glCanvas.js:1107 [BENCHMARK] 1654769768754,X
glCanvas.js:1107 [BENCHMARK] 1654769768864,X
glCanvas.js:1127 [BENCHMARK] 1654769768874,SSR
glCanvas.js:1127 [BENCHMARK] 1654769768875,SSR
glCanvas.js:1127 [BENCHMARK] 1654769768907,SSR
glCanvas.js:1127 [BENCHMARK] 1654769768909,SSR
glCanvas.js:1127 [BENCHMARK] 1654769768938,SSR
glCanvas.js:1127 [BENCHMARK] 1654769768941,SSR
glCanvas.js:1127 [BENCHMARK] 1654769768970,SSR
glCanvas.js:1127 [BENCHMARK] 1654769768972,SSR
glCanvas.js:1127 [BENCHMARK] 1654769769002,SSR
glCanvas.js:1127 [BENCHMARK] 1654769769004,SSR
glCanvas.js:1127 [BENCHMARK] 1654769769033,SSR
glCanvas.js:1127 [BENCHMARK] 1654769769035,SSR
glCanvas.js:1127 [BENCHMARK] 1654769769065,SSR
glCanvas.js:1127 [BENCHMARK] 1654769769067,SSR
glCanvas.js:1127 [BENCHMARK] 1654769769096,SSR
glCanvas.js:1127 [BENCHMARK] 1654769769099,SSR
glCanvas.js:1127 [BENCHMARK] 1654769769128,SSR
glCanvas.js:1127 [BENCHMARK] 1654769769131,SSR
glCanvas.js:1127 [BENCHMARK] 1654769769160,SSR
glCanvas.js:1127 [BENCHMARK] 1654769769163,SSR
glCanvas.js:1127 [BENCHMARK] 1654769769400,SSR
glCanvas.js:1127 [BENCHMARK] 1654769769404,SSR
glCanvas.js:1107 [BENCHMARK] 1654769769431,X
glCanvas.js:1107 [BENCHMARK] 1654769769434,X
glCanvas.js:1107 [BENCHMARK] 1654769769463,X
glCanvas.js:1107 [BENCHMARK] 1654769769465,X
glCanvas.js:1107 [BENCHMARK] 1654769769494,X
glCanvas.js:1107 [BENCHMARK] 1654769769496,X
glCanvas.js:1107 [BENCHMARK] 1654769769526,X
glCanvas.js:1107 [BENCHMARK] 1654769769528,X
glCanvas.js:1107 [BENCHMARK] 1654769769557,X
glCanvas.js:1107 [BENCHMARK] 1654769769559,X
glCanvas.js:1107 [BENCHMARK] 1654769769587,X
glCanvas.js:1107 [BENCHMARK] 1654769769588,X
glCanvas.js:1107 [BENCHMARK] 1654769769619,X
glCanvas.js:1107 [BENCHMARK] 1654769769621,X
glCanvas.js:1107 [BENCHMARK] 1654769769652,X
glCanvas.js:1107 [BENCHMARK] 1654769769654,X
glCanvas.js:1107 [BENCHMARK] 1654769769683,X
glCanvas.js:1107 [BENCHMARK] 1654769769685,X
glCanvas.js:1107 [BENCHMARK] 1654769769938,X
glCanvas.js:1127 [BENCHMARK] 1654769770219,SSR
glCanvas.js:1127 [BENCHMARK] 1654769770255,CSR
glCanvas.js:1127 [BENCHMARK] 1654769770272,CSR
glCanvas.js:1127 [BENCHMARK] 1654769770290,CSR
glCanvas.js:1127 [BENCHMARK] 1654769770308,CSR
glCanvas.js:1127 [BENCHMARK] 1654769770317,CSR
glCanvas.js:1127 [BENCHMARK] 1654769770335,CSR
glCanvas.js:1127 [BENCHMARK] 1654769770341,CSR
glCanvas.js:1127 [BENCHMARK] 1654769770347,CSR
glCanvas.js:1127 [BENCHMARK] 1654769770380,CSR
glCanvas.js:1127 [BENCHMARK] 1654769771075,CSR
glCanvas.js:1127 [BENCHMARK] 1654769771266,CSR
glCanvas.js:1127 [BENCHMARK] 1654769771270,CSR
glCanvas.js:1127 [BENCHMARK] 1654769771274,CSR
glCanvas.js:1127 [BENCHMARK] 1654769771278,CSR
glCanvas.js:1127 [BENCHMARK] 1654769771293,CSR
glCanvas.js:1127 [BENCHMARK] 1654769771296,CSR
glCanvas.js:1127 [BENCHMARK] 1654769771300,CSR
glCanvas.js:1127 [BENCHMARK] 1654769771319,CSR
glCanvas.js:1127 [BENCHMARK] 1654769771325,CSR
glCanvas.js:1127 [BENCHMARK] 1654769771328,CSR
glCanvas.js:1127 [BENCHMARK] 1654769771489,CSR
glCanvas.js:1127 [BENCHMARK] 1654769771495,CSR
glCanvas.js:1127 [BENCHMARK] 1654769771507,CSR
glCanvas.js:1127 [BENCHMARK] 1654769771513,CSR
glCanvas.js:1127 [BENCHMARK] 1654769771517,CSR
glCanvas.js:1127 [BENCHMARK] 1654769771531,CSR
glCanvas.js:1127 [BENCHMARK] 1654769771538,CSR
glCanvas.js:1127 [BENCHMARK] 1654769771543,CSR
glCanvas.js:1127 [BENCHMARK] 1654769771560,CSR
glCanvas.js:1127 [BENCHMARK] 1654769771564,CSR
glCanvas.js:1127 [BENCHMARK] 1654769772057,CSR
glCanvas.js:1127 [BENCHMARK] 1654769772088,CSR
glCanvas.js:1127 [BENCHMARK] 1654769772093,CSR
glCanvas.js:1127 [BENCHMARK] 1654769772098,CSR
glCanvas.js:1127 [BENCHMARK] 1654769772110,CSR
glCanvas.js:1127 [BENCHMARK] 1654769772118,CSR
glCanvas.js:1127 [BENCHMARK] 1654769772123,CSR
glCanvas.js:1127 [BENCHMARK] 1654769772136,CSR
glCanvas.js:1127 [BENCHMARK] 1654769772141,CSR
glCanvas.js:1127 [BENCHMARK] 1654769772153,CSR
glCanvas.js:1127 [BENCHMARK] 1654769772161,CSR
glCanvas.js:1127 [BENCHMARK] 1654769772186,CSR
glCanvas.js:1127 [BENCHMARK] 1654769772197,CSR
glCanvas.js:1127 [BENCHMARK] 1654769772212,CSR
glCanvas.js:1127 [BENCHMARK] 1654769772229,CSR
glCanvas.js:1127 [BENCHMARK] 1654769772238,CSR
glCanvas.js:1127 [BENCHMARK] 1654769772247,CSR
glCanvas.js:1127 [BENCHMARK] 1654769772252,CSR
glCanvas.js:1127 [BENCHMARK] 1654769772258,CSR
glCanvas.js:1127 [BENCHMARK] 1654769772268,CSR
glCanvas.js:1127 [BENCHMARK] 1654769772289,CSR
glCanvas.js:1127 [BENCHMARK] 1654769772324,CSR
glCanvas.js:1127 [BENCHMARK] 1654769772353,CSR
glCanvas.js:1127 [BENCHMARK] 1654769772371,CSR
glCanvas.js:1127 [BENCHMARK] 1654769772393,CSR
glCanvas.js:1127 [BENCHMARK] 1654769772425,CSR
glCanvas.js:1127 [BENCHMARK] 1654769772692,CSR
glCanvas.js:1127 [BENCHMARK] 1654769772698,CSR
glCanvas.js:1127 [BENCHMARK] 1654769772724,CSR
glCanvas.js:1127 [BENCHMARK] 1654769772729,CSR
glCanvas.js:1127 [BENCHMARK] 1654769772823,CSR
glCanvas.js:1127 [BENCHMARK] 1654769772827,SSR
glCanvas.js:1127 [BENCHMARK] 1654769773003,SSR
glCanvas.js:1127 [BENCHMARK] 1654769773007,SSR
glCanvas.js:1127 [BENCHMARK] 1654769773090,CSR
glCanvas.js:1127 [BENCHMARK] 1654769773143,CSR
glCanvas.js:1127 [BENCHMARK] 1654769773146,CSR
glCanvas.js:1127 [BENCHMARK] 1654769773149,CSR
glCanvas.js:1127 [BENCHMARK] 1654769773165,CSR
glCanvas.js:1127 [BENCHMARK] 1654769773169,CSR
glCanvas.js:1127 [BENCHMARK] 1654769773174,CSR
glCanvas.js:1127 [BENCHMARK] 1654769773191,CSR
glCanvas.js:1127 [BENCHMARK] 1654769773199,CSR
glCanvas.js:1127 [BENCHMARK] 1654769773203,CSR
glCanvas.js:1127 [BENCHMARK] 1654769773218,CSR
glCanvas.js:1127 [BENCHMARK] 1654769773229,CSR
glCanvas.js:1127 [BENCHMARK] 1654769773236,CSR
glCanvas.js:1127 [BENCHMARK] 1654769773459,CSR
glCanvas.js:1127 [BENCHMARK] 1654769773744,CSR
glCanvas.js:1127 [BENCHMARK] 1654769773909,CSR
glCanvas.js:1127 [BENCHMARK] 1654769774049,CSR
glCanvas.js:1127 [BENCHMARK] 1654769774080,CSR
glCanvas.js:1127 [BENCHMARK] 1654769774085,CSR
glCanvas.js:1127 [BENCHMARK] 1654769774090,CSR
glCanvas.js:1127 [BENCHMARK] 1654769774100,CSR
glCanvas.js:1127 [BENCHMARK] 1654769774104,CSR
glCanvas.js:1127 [BENCHMARK] 1654769774112,CSR
glCanvas.js:1127 [BENCHMARK] 1654769774123,CSR
glCanvas.js:1127 [BENCHMARK] 1654769774127,CSR
glCanvas.js:1127 [BENCHMARK] 1654769774134,CSR
glCanvas.js:1127 [BENCHMARK] 1654769774150,CSR
glCanvas.js:1127 [BENCHMARK] 1654769774153,CSR
glCanvas.js:1127 [BENCHMARK] 1654769774156,CSR
glCanvas.js:1127 [BENCHMARK] 1654769774173,CSR
glCanvas.js:1127 [BENCHMARK] 1654769774184,CSR
glCanvas.js:1127 [BENCHMARK] 1654769774214,CSR
glCanvas.js:1127 [BENCHMARK] 1654769774249,CSR
glCanvas.js:1127 [BENCHMARK] 1654769774272,CSR
glCanvas.js:1127 [BENCHMARK] 1654769774285,CSR
glCanvas.js:1127 [BENCHMARK] 1654769774297,CSR
glCanvas.js:1127 [BENCHMARK] 1654769774305,CSR
glCanvas.js:1127 [BENCHMARK] 1654769774367,CSR
glCanvas.js:1127 [BENCHMARK] 1654769774430,CSR
glCanvas.js:1127 [BENCHMARK] 1654769774463,CSR
glCanvas.js:1127 [BENCHMARK] 1654769774480,CSR
glCanvas.js:1127 [BENCHMARK] 1654769774494,CSR
glCanvas.js:1127 [BENCHMARK] 1654769774508,CSR
glCanvas.js:1127 [BENCHMARK] 1654769774542,CSR
glCanvas.js:1127 [BENCHMARK] 1654769774556,CSR
glCanvas.js:1127 [BENCHMARK] 1654769774565,CSR
glCanvas.js:1127 [BENCHMARK] 1654769774744,CSR
glCanvas.js:1127 [BENCHMARK] 1654769774761,CSR
glCanvas.js:1127 [BENCHMARK] 1654769774765,CSR
glCanvas.js:1127 [BENCHMARK] 1654769774919,CSR
glCanvas.js:1127 [BENCHMARK] 1654769774926,CSR
glCanvas.js:1127 [BENCHMARK] 1654769774928,CSR
glCanvas.js:1127 [BENCHMARK] 1654769774932,CSR
glCanvas.js:1127 [BENCHMARK] 1654769774936,CSR
glCanvas.js:1127 [BENCHMARK] 1654769774957,CSR
glCanvas.js:1127 [BENCHMARK] 1654769775126,CSR
glCanvas.js:1127 [BENCHMARK] 1654769775127,CSR
glCanvas.js:1127 [BENCHMARK] 1654769775329,CSR
glCanvas.js:1127 [BENCHMARK] 1654769775332,CSR
glCanvas.js:1127 [BENCHMARK] 1654769775586,CSR
glCanvas.js:1127 [BENCHMARK] 1654769775913,CSR
glCanvas.js:1127 [BENCHMARK] 1654769775920,CSR
glCanvas.js:1127 [BENCHMARK] 1654769775925,CSR
glCanvas.js:1127 [BENCHMARK] 1654769776402,CSR
glCanvas.js:1127 [BENCHMARK] 1654769776408,CSR
glCanvas.js:1127 [BENCHMARK] 1654769776593,CSR
glCanvas.js:1127 [BENCHMARK] 1654769776788,CSR
glCanvas.js:1127 [BENCHMARK] 1654769776794,CSR
glCanvas.js:1127 [BENCHMARK] 1654769776799,CSR
glCanvas.js:1127 [BENCHMARK] 1654769777176,CSR
glCanvas.js:1127 [BENCHMARK] 1654769777473,CSR
glCanvas.js:1127 [BENCHMARK] 1654769777486,CSR
glCanvas.js:1127 [BENCHMARK] 1654769778082,CSR
glCanvas.js:1127 [BENCHMARK] 1654769778170,CSR
glCanvas.js:1127 [BENCHMARK] 1654769778362,CSR
glCanvas.js:1127 [BENCHMARK] 1654769778538,CSR
glCanvas.js:1127 [BENCHMARK] 1654769778637,CSR
glCanvas.js:1127 [BENCHMARK] 1654769778739,CSR
glCanvas.js:1127 [BENCHMARK] 1654769778841,CSR
glCanvas.js:1127 [BENCHMARK] 1654769778943,CSR
glCanvas.js:1127 [BENCHMARK] 1654769779194,CSR
glCanvas.js:1127 [BENCHMARK] 1654769779283,CSR
glCanvas.js:1127 [BENCHMARK] 1654769779348,CSR
glCanvas.js:1127 [BENCHMARK] 1654769779451,CSR
glCanvas.js:1127 [BENCHMARK] 1654769779550,CSR
glCanvas.js:1127 [BENCHMARK] 1654769779651,CSR
glCanvas.js:1127 [BENCHMARK] 1654769779751,CSR
glCanvas.js:1127 [BENCHMARK] 1654769779852,CSR
glCanvas.js:1127 [BENCHMARK] 1654769779953,CSR
glCanvas.js:1127 [BENCHMARK] 1654769780056,CSR
glCanvas.js:1127 [BENCHMARK] 1654769780156,CSR
glCanvas.js:1127 [BENCHMARK] 1654769780409,CSR
glCanvas.js:1127 [BENCHMARK] 1654769780518,CSR
glCanvas.js:1127 [BENCHMARK] 1654769780534,CSR
glCanvas.js:1127 [BENCHMARK] 1654769781036,CSR
glCanvas.js:1127 [BENCHMARK] 1654769781039,CSR
glCanvas.js:1127 [BENCHMARK] 1654769781041,CSR
glCanvas.js:1127 [BENCHMARK] 1654769781042,CSR
glCanvas.js:1127 [BENCHMARK] 1654769781045,CSR
glCanvas.js:1127 [BENCHMARK] 1654769781047,CSR
glCanvas.js:1127 [BENCHMARK] 1654769781049,CSR
glCanvas.js:1127 [BENCHMARK] 1654769781052,CSR
glCanvas.js:1127 [BENCHMARK] 1654769781101,CSR
glCanvas.js:1127 [BENCHMARK] 1654769781564,CSR
glCanvas.js:1127 [BENCHMARK] 1654769781568,CSR
glCanvas.js:1127 [BENCHMARK] 1654769781747,CSR
glCanvas.js:1127 [BENCHMARK] 1654769781789,CSR
glCanvas.js:1127 [BENCHMARK] 1654769781804,CSR
glCanvas.js:1127 [BENCHMARK] 1654769781819,CSR
glCanvas.js:1127 [BENCHMARK] 1654769781846,CSR
glCanvas.js:1127 [BENCHMARK] 1654769781849,CSR
glCanvas.js:1127 [BENCHMARK] 1654769781865,CSR
glCanvas.js:1127 [BENCHMARK] 1654769781962,CSR
glCanvas.js:1127 [BENCHMARK] 1654769782547,CSR
glCanvas.js:1127 [BENCHMARK] 1654769782569,CSR
glCanvas.js:1127 [BENCHMARK] 1654769782985,CSR
glCanvas.js:1127 [BENCHMARK] 1654769783179,CSR
glCanvas.js:1127 [BENCHMARK] 1654769783278,CSR
glCanvas.js:1127 [BENCHMARK] 1654769783281,SSR
glCanvas.js:1127 [BENCHMARK] 1654769783616,CSR
glCanvas.js:1127 [BENCHMARK] 1654769783631,CSR
glCanvas.js:1127 [BENCHMARK] 1654769783640,CSR
glCanvas.js:1127 [BENCHMARK] 1654769783651,CSR
glCanvas.js:1127 [BENCHMARK] 1654769783673,CSR
glCanvas.js:1127 [BENCHMARK] 1654769783687,CSR
glCanvas.js:1127 [BENCHMARK] 1654769783705,CSR
glCanvas.js:1127 [BENCHMARK] 1654769783731,CSR
glCanvas.js:1127 [BENCHMARK] 1654769783740,CSR
glCanvas.js:1127 [BENCHMARK] 1654769783747,CSR
glCanvas.js:1127 [BENCHMARK] 1654769783755,CSR
glCanvas.js:1127 [BENCHMARK] 1654769783775,CSR
glCanvas.js:1127 [BENCHMARK] 1654769784139,CSR
glCanvas.js:1127 [BENCHMARK] 1654769784573,CSR
glCanvas.js:1127 [BENCHMARK] 1654769784707,CSR
glCanvas.js:1127 [BENCHMARK] 1654769784712,CSR
glCanvas.js:1127 [BENCHMARK] 1654769784718,CSR
glCanvas.js:1127 [BENCHMARK] 1654769784724,CSR
glCanvas.js:1127 [BENCHMARK] 1654769784729,CSR
glCanvas.js:1127 [BENCHMARK] 1654769784744,CSR
glCanvas.js:1127 [BENCHMARK] 1654769784749,CSR
glCanvas.js:1127 [BENCHMARK] 1654769784753,CSR
glCanvas.js:1127 [BENCHMARK] 1654769784767,CSR
glCanvas.js:1127 [BENCHMARK] 1654769784772,CSR
glCanvas.js:1127 [BENCHMARK] 1654769784776,CSR
glCanvas.js:1127 [BENCHMARK] 1654769784793,CSR
glCanvas.js:1127 [BENCHMARK] 1654769784801,CSR
glCanvas.js:1127 [BENCHMARK] 1654769784814,CSR
glCanvas.js:1127 [BENCHMARK] 1654769784916,CSR
glCanvas.js:1127 [BENCHMARK] 1654769784922,CSR
glCanvas.js:1127 [BENCHMARK] 1654769784930,CSR
glCanvas.js:1127 [BENCHMARK] 1654769784936,CSR
glCanvas.js:1127 [BENCHMARK] 1654769784970,CSR
glCanvas.js:1127 [BENCHMARK] 1654769785021,CSR
glCanvas.js:1127 [BENCHMARK] 1654769785025,CSR
glCanvas.js:1127 [BENCHMARK] 1654769785029,CSR
glCanvas.js:1127 [BENCHMARK] 1654769785041,CSR
glCanvas.js:1127 [BENCHMARK] 1654769785044,CSR
glCanvas.js:1127 [BENCHMARK] 1654769785049,CSR
glCanvas.js:1127 [BENCHMARK] 1654769785056,CSR
glCanvas.js:1127 [BENCHMARK] 1654769785059,CSR
glCanvas.js:1127 [BENCHMARK] 1654769785083,CSR
glCanvas.js:1127 [BENCHMARK] 1654769785088,CSR
glCanvas.js:1127 [BENCHMARK] 1654769785142,CSR
glCanvas.js:1127 [BENCHMARK] 1654769785146,CSR
glCanvas.js:1127 [BENCHMARK] 1654769785150,CSR
glCanvas.js:1127 [BENCHMARK] 1654769785153,CSR
glCanvas.js:1127 [BENCHMARK] 1654769785183,CSR
glCanvas.js:1127 [BENCHMARK] 1654769785234,CSR
glCanvas.js:1127 [BENCHMARK] 1654769785238,CSR
glCanvas.js:1127 [BENCHMARK] 1654769785242,CSR
glCanvas.js:1127 [BENCHMARK] 1654769785255,CSR
glCanvas.js:1127 [BENCHMARK] 1654769785258,CSR
glCanvas.js:1127 [BENCHMARK] 1654769785264,CSR
glCanvas.js:1127 [BENCHMARK] 1654769785294,CSR
glCanvas.js:1127 [BENCHMARK] 1654769785305,CSR
glCanvas.js:1127 [BENCHMARK] 1654769785321,CSR
glCanvas.js:1127 [BENCHMARK] 1654769785329,CSR
glCanvas.js:1127 [BENCHMARK] 1654769785355,CSR
glCanvas.js:1127 [BENCHMARK] 1654769785374,CSR
glCanvas.js:1127 [BENCHMARK] 1654769785383,CSR
glCanvas.js:1127 [BENCHMARK] 1654769785390,CSR
glCanvas.js:1127 [BENCHMARK] 1654769785392,CSR
glCanvas.js:1127 [BENCHMARK] 1654769785395,CSR
glCanvas.js:1127 [BENCHMARK] 1654769785420,CSR
glCanvas.js:1127 [BENCHMARK] 1654769785424,CSR
glCanvas.js:1127 [BENCHMARK] 1654769785546,CSR
glCanvas.js:1127 [BENCHMARK] 1654769785548,CSR
glCanvas.js:1127 [BENCHMARK] 1654769785550,CSR
glCanvas.js:1127 [BENCHMARK] 1654769785551,CSR
glCanvas.js:1127 [BENCHMARK] 1654769785553,CSR
glCanvas.js:1127 [BENCHMARK] 1654769785554,CSR
glCanvas.js:1127 [BENCHMARK] 1654769785556,CSR
glCanvas.js:1127 [BENCHMARK] 1654769785558,CSR
glCanvas.js:1127 [BENCHMARK] 1654769785573,CSR
glCanvas.js:1127 [BENCHMARK] 1654769785575,CSR
glCanvas.js:1127 [BENCHMARK] 1654769785604,CSR
glCanvas.js:1127 [BENCHMARK] 1654769785605,CSR
glCanvas.js:1127 [BENCHMARK] 1654769785635,CSR
glCanvas.js:1127 [BENCHMARK] 1654769785637,CSR
glCanvas.js:1127 [BENCHMARK] 1654769785666,CSR
glCanvas.js:1127 [BENCHMARK] 1654769785667,CSR
glCanvas.js:1127 [BENCHMARK] 1654769785906,CSR
glCanvas.js:1127 [BENCHMARK] 1654769785909,CSR
glCanvas.js:1127 [BENCHMARK] 1654769785935,CSR
glCanvas.js:1127 [BENCHMARK] 1654769785938,CSR
glCanvas.js:1127 [BENCHMARK] 1654769785967,CSR
glCanvas.js:1127 [BENCHMARK] 1654769785970,CSR
glCanvas.js:1127 [BENCHMARK] 1654769785999,CSR
glCanvas.js:1127 [BENCHMARK] 1654769786002,CSR
glCanvas.js:1127 [BENCHMARK] 1654769786030,CSR
glCanvas.js:1127 [BENCHMARK] 1654769786033,CSR
glCanvas.js:1127 [BENCHMARK] 1654769786062,CSR
glCanvas.js:1127 [BENCHMARK] 1654769786064,CSR
glCanvas.js:1127 [BENCHMARK] 1654769786092,CSR
glCanvas.js:1127 [BENCHMARK] 1654769786095,CSR
glCanvas.js:1127 [BENCHMARK] 1654769786124,CSR
glCanvas.js:1127 [BENCHMARK] 1654769786128,CSR
glCanvas.js:1127 [BENCHMARK] 1654769786156,CSR
glCanvas.js:1127 [BENCHMARK] 1654769786159,CSR
glCanvas.js:1127 [BENCHMARK] 1654769786188,CSR
glCanvas.js:1127 [BENCHMARK] 1654769786191,CSR
glCanvas.js:1127 [BENCHMARK] 1654769786428,CSR
glCanvas.js:1127 [BENCHMARK] 1654769786431,CSR
glCanvas.js:1127 [BENCHMARK] 1654769786460,CSR
glCanvas.js:1127 [BENCHMARK] 1654769786463,CSR
glCanvas.js:1127 [BENCHMARK] 1654769786492,CSR
glCanvas.js:1127 [BENCHMARK] 1654769786495,CSR
glCanvas.js:1127 [BENCHMARK] 1654769786523,CSR
glCanvas.js:1127 [BENCHMARK] 1654769786526,CSR
glCanvas.js:1127 [BENCHMARK] 1654769786555,CSR
glCanvas.js:1127 [BENCHMARK] 1654769786558,CSR
glCanvas.js:1127 [BENCHMARK] 1654769786586,CSR
glCanvas.js:1127 [BENCHMARK] 1654769786589,CSR
glCanvas.js:1127 [BENCHMARK] 1654769786617,CSR
glCanvas.js:1127 [BENCHMARK] 1654769786620,CSR
glCanvas.js:1127 [BENCHMARK] 1654769786649,CSR
glCanvas.js:1127 [BENCHMARK] 1654769786652,CSR
glCanvas.js:1127 [BENCHMARK] 1654769786679,CSR
glCanvas.js:1127 [BENCHMARK] 1654769786681,CSR
glCanvas.js:1107 [BENCHMARK] 1654769786711,X
glCanvas.js:1107 [BENCHMARK] 1654769786713,X
glCanvas.js:1107 [BENCHMARK] 1654769786962,X
glCanvas.js:1127 [BENCHMARK] 1654769787273,SSR
glCanvas.js:1127 [BENCHMARK] 1654769787309,CSR
glCanvas.js:1127 [BENCHMARK] 1654769787312,CSR
glCanvas.js:1127 [BENCHMARK] 1654769787315,CSR
glCanvas.js:1127 [BENCHMARK] 1654769787325,CSR
glCanvas.js:1127 [BENCHMARK] 1654769787328,CSR
glCanvas.js:1127 [BENCHMARK] 1654769787332,CSR
glCanvas.js:1127 [BENCHMARK] 1654769787348,CSR
glCanvas.js:1127 [BENCHMARK] 1654769787352,CSR
glCanvas.js:1127 [BENCHMARK] 1654769787356,CSR
glCanvas.js:1127 [BENCHMARK] 1654769787764,CSR
glCanvas.js:1127 [BENCHMARK] 1654769788323,CSR
glCanvas.js:1127 [BENCHMARK] 1654769788325,CSR
glCanvas.js:1127 [BENCHMARK] 1654769788327,CSR
glCanvas.js:1127 [BENCHMARK] 1654769788329,CSR
glCanvas.js:1127 [BENCHMARK] 1654769788332,CSR
glCanvas.js:1127 [BENCHMARK] 1654769788418,CSR
glCanvas.js:1127 [BENCHMARK] 1654769788608,CSR
glCanvas.js:1127 [BENCHMARK] 1654769788615,CSR
glCanvas.js:1127 [BENCHMARK] 1654769788620,CSR
glCanvas.js:1127 [BENCHMARK] 1654769788624,CSR
glCanvas.js:1127 [BENCHMARK] 1654769788638,CSR
glCanvas.js:1127 [BENCHMARK] 1654769788641,CSR
glCanvas.js:1127 [BENCHMARK] 1654769788644,CSR
glCanvas.js:1127 [BENCHMARK] 1654769788674,CSR
glCanvas.js:1127 [BENCHMARK] 1654769788683,CSR
glCanvas.js:1127 [BENCHMARK] 1654769788688,CSR
glCanvas.js:1127 [BENCHMARK] 1654769788708,CSR
glCanvas.js:1127 [BENCHMARK] 1654769788939,CSR
glCanvas.js:1127 [BENCHMARK] 1654769788944,CSR
glCanvas.js:1127 [BENCHMARK] 1654769788947,CSR
glCanvas.js:1127 [BENCHMARK] 1654769788961,CSR
glCanvas.js:1127 [BENCHMARK] 1654769788964,CSR
glCanvas.js:1127 [BENCHMARK] 1654769788967,CSR
glCanvas.js:1127 [BENCHMARK] 1654769788983,CSR
glCanvas.js:1127 [BENCHMARK] 1654769788988,CSR
glCanvas.js:1127 [BENCHMARK] 1654769788992,CSR
glCanvas.js:1127 [BENCHMARK] 1654769789005,CSR
glCanvas.js:1127 [BENCHMARK] 1654769789008,CSR
glCanvas.js:1127 [BENCHMARK] 1654769789013,CSR
glCanvas.js:1127 [BENCHMARK] 1654769789029,CSR
glCanvas.js:1127 [BENCHMARK] 1654769789033,CSR
glCanvas.js:1127 [BENCHMARK] 1654769789036,CSR
glCanvas.js:1127 [BENCHMARK] 1654769789056,CSR
glCanvas.js:1127 [BENCHMARK] 1654769789061,CSR
glCanvas.js:1127 [BENCHMARK] 1654769789066,CSR
glCanvas.js:1127 [BENCHMARK] 1654769789069,CSR
glCanvas.js:1127 [BENCHMARK] 1654769789072,CSR
glCanvas.js:1127 [BENCHMARK] 1654769789647,CSR
glCanvas.js:1127 [BENCHMARK] 1654769789653,CSR
glCanvas.js:1127 [BENCHMARK] 1654769789659,CSR
glCanvas.js:1127 [BENCHMARK] 1654769789664,CSR
glCanvas.js:1127 [BENCHMARK] 1654769789669,CSR
glCanvas.js:1127 [BENCHMARK] 1654769789692,CSR
glCanvas.js:1127 [BENCHMARK] 1654769789696,CSR
glCanvas.js:1127 [BENCHMARK] 1654769789700,CSR
glCanvas.js:1127 [BENCHMARK] 1654769789714,CSR
glCanvas.js:1127 [BENCHMARK] 1654769789717,CSR
glCanvas.js:1127 [BENCHMARK] 1654769789720,CSR
glCanvas.js:1127 [BENCHMARK] 1654769789736,CSR
glCanvas.js:1127 [BENCHMARK] 1654769789739,CSR
glCanvas.js:1127 [BENCHMARK] 1654769789743,CSR
glCanvas.js:1127 [BENCHMARK] 1654769789759,CSR
glCanvas.js:1127 [BENCHMARK] 1654769789763,CSR
glCanvas.js:1127 [BENCHMARK] 1654769789770,CSR
glCanvas.js:1127 [BENCHMARK] 1654769789782,CSR
glCanvas.js:1127 [BENCHMARK] 1654769789785,CSR
glCanvas.js:1127 [BENCHMARK] 1654769789788,CSR
glCanvas.js:1127 [BENCHMARK] 1654769789805,CSR
glCanvas.js:1127 [BENCHMARK] 1654769790079,CSR
glCanvas.js:1127 [BENCHMARK] 1654769790088,CSR
glCanvas.js:1127 [BENCHMARK] 1654769790095,CSR
glCanvas.js:1127 [BENCHMARK] 1654769790100,CSR
glCanvas.js:1127 [BENCHMARK] 1654769790116,CSR
glCanvas.js:1127 [BENCHMARK] 1654769790120,CSR
glCanvas.js:1127 [BENCHMARK] 1654769790125,CSR
glCanvas.js:1127 [BENCHMARK] 1654769790141,CSR
glCanvas.js:1127 [BENCHMARK] 1654769790144,CSR
glCanvas.js:1127 [BENCHMARK] 1654769790149,CSR
glCanvas.js:1127 [BENCHMARK] 1654769790154,CSR
glCanvas.js:1127 [BENCHMARK] 1654769790159,CSR
glCanvas.js:1127 [BENCHMARK] 1654769790173,CSR
glCanvas.js:1127 [BENCHMARK] 1654769790179,CSR
glCanvas.js:1127 [BENCHMARK] 1654769790184,CSR
glCanvas.js:1127 [BENCHMARK] 1654769790193,CSR
glCanvas.js:1127 [BENCHMARK] 1654769790197,CSR
glCanvas.js:1127 [BENCHMARK] 1654769790202,CSR
glCanvas.js:1127 [BENCHMARK] 1654769790220,CSR
glCanvas.js:1127 [BENCHMARK] 1654769790225,CSR
glCanvas.js:1127 [BENCHMARK] 1654769790229,CSR
glCanvas.js:1127 [BENCHMARK] 1654769790247,CSR
glCanvas.js:1127 [BENCHMARK] 1654769790254,CSR
glCanvas.js:1127 [BENCHMARK] 1654769790258,CSR
glCanvas.js:1127 [BENCHMARK] 1654769790263,CSR
glCanvas.js:1127 [BENCHMARK] 1654769790279,CSR
glCanvas.js:1127 [BENCHMARK] 1654769790283,CSR
glCanvas.js:1127 [BENCHMARK] 1654769790287,CSR
glCanvas.js:1127 [BENCHMARK] 1654769790314,CSR
glCanvas.js:1127 [BENCHMARK] 1654769790319,CSR
glCanvas.js:1127 [BENCHMARK] 1654769790833,CSR
glCanvas.js:1127 [BENCHMARK] 1654769790847,CSR
glCanvas.js:1127 [BENCHMARK] 1654769790868,CSR
glCanvas.js:1127 [BENCHMARK] 1654769790872,CSR
glCanvas.js:1127 [BENCHMARK] 1654769790880,CSR
glCanvas.js:1127 [BENCHMARK] 1654769790891,CSR
glCanvas.js:1127 [BENCHMARK] 1654769790895,CSR
glCanvas.js:1127 [BENCHMARK] 1654769790899,CSR
glCanvas.js:1127 [BENCHMARK] 1654769790903,CSR
glCanvas.js:1127 [BENCHMARK] 1654769790932,CSR
glCanvas.js:1127 [BENCHMARK] 1654769790936,CSR
glCanvas.js:1127 [BENCHMARK] 1654769790940,CSR
glCanvas.js:1127 [BENCHMARK] 1654769790951,CSR
glCanvas.js:1127 [BENCHMARK] 1654769790956,CSR
glCanvas.js:1127 [BENCHMARK] 1654769790965,CSR
glCanvas.js:1127 [BENCHMARK] 1654769790968,CSR
glCanvas.js:1127 [BENCHMARK] 1654769790980,CSR
glCanvas.js:1127 [BENCHMARK] 1654769790984,CSR
glCanvas.js:1127 [BENCHMARK] 1654769790987,CSR
glCanvas.js:1127 [BENCHMARK] 1654769791004,CSR
glCanvas.js:1127 [BENCHMARK] 1654769791007,CSR
glCanvas.js:1127 [BENCHMARK] 1654769791011,CSR
glCanvas.js:1127 [BENCHMARK] 1654769791027,CSR
glCanvas.js:1127 [BENCHMARK] 1654769791030,CSR
glCanvas.js:1127 [BENCHMARK] 1654769791033,CSR
glCanvas.js:1127 [BENCHMARK] 1654769791049,CSR
glCanvas.js:1127 [BENCHMARK] 1654769791052,CSR
glCanvas.js:1127 [BENCHMARK] 1654769791056,CSR
glCanvas.js:1127 [BENCHMARK] 1654769791073,CSR
glCanvas.js:1127 [BENCHMARK] 1654769791077,CSR
glCanvas.js:1127 [BENCHMARK] 1654769791104,CSR
glCanvas.js:1127 [BENCHMARK] 1654769791109,CSR
glCanvas.js:1127 [BENCHMARK] 1654769791114,CSR
glCanvas.js:1127 [BENCHMARK] 1654769791118,CSR
glCanvas.js:1127 [BENCHMARK] 1654769791122,CSR
glCanvas.js:1127 [BENCHMARK] 1654769791141,CSR
glCanvas.js:1127 [BENCHMARK] 1654769791145,CSR
glCanvas.js:1127 [BENCHMARK] 1654769791148,CSR
glCanvas.js:1127 [BENCHMARK] 1654769791159,CSR
glCanvas.js:1127 [BENCHMARK] 1654769791178,CSR
glCanvas.js:1127 [BENCHMARK] 1654769791186,CSR
glCanvas.js:1127 [BENCHMARK] 1654769791191,CSR
glCanvas.js:1127 [BENCHMARK] 1654769791197,CSR
glCanvas.js:1127 [BENCHMARK] 1654769791200,CSR
glCanvas.js:1127 [BENCHMARK] 1654769791205,CSR
glCanvas.js:1127 [BENCHMARK] 1654769791219,CSR
glCanvas.js:1127 [BENCHMARK] 1654769791224,CSR
glCanvas.js:1127 [BENCHMARK] 1654769791236,CSR
glCanvas.js:1127 [BENCHMARK] 1654769791277,CSR
glCanvas.js:1127 [BENCHMARK] 1654769791301,CSR
glCanvas.js:1127 [BENCHMARK] 1654769791324,CSR
glCanvas.js:1127 [BENCHMARK] 1654769791337,CSR
glCanvas.js:1127 [BENCHMARK] 1654769791353,CSR
glCanvas.js:1127 [BENCHMARK] 1654769791379,CSR
glCanvas.js:1127 [BENCHMARK] 1654769791437,CSR
glCanvas.js:1127 [BENCHMARK] 1654769791461,CSR
glCanvas.js:1127 [BENCHMARK] 1654769791487,CSR
glCanvas.js:1127 [BENCHMARK] 1654769791495,CSR
glCanvas.js:1127 [BENCHMARK] 1654769791512,CSR
glCanvas.js:1127 [BENCHMARK] 1654769791528,CSR
glCanvas.js:1127 [BENCHMARK] 1654769791542,CSR
glCanvas.js:1127 [BENCHMARK] 1654769791559,CSR
glCanvas.js:1127 [BENCHMARK] 1654769791577,CSR
glCanvas.js:1127 [BENCHMARK] 1654769791584,CSR
glCanvas.js:1127 [BENCHMARK] 1654769791599,CSR
glCanvas.js:1127 [BENCHMARK] 1654769791605,CSR
glCanvas.js:1127 [BENCHMARK] 1654769791612,CSR
glCanvas.js:1127 [BENCHMARK] 1654769791617,CSR
glCanvas.js:1127 [BENCHMARK] 1654769791624,CSR
glCanvas.js:1127 [BENCHMARK] 1654769791641,CSR
glCanvas.js:1127 [BENCHMARK] 1654769791940,CSR
glCanvas.js:1127 [BENCHMARK] 1654769791942,CSR
glCanvas.js:1127 [BENCHMARK] 1654769791944,CSR
glCanvas.js:1127 [BENCHMARK] 1654769791946,CSR
glCanvas.js:1127 [BENCHMARK] 1654769792082,CSR
glCanvas.js:1127 [BENCHMARK] 1654769792084,CSR
glCanvas.js:1127 [BENCHMARK] 1654769792286,CSR
glCanvas.js:1127 [BENCHMARK] 1654769792289,CSR
glCanvas.js:1127 [BENCHMARK] 1654769792538,CSR
glCanvas.js:1127 [BENCHMARK] 1654769792880,CSR
glCanvas.js:1127 [BENCHMARK] 1654769792886,CSR
glCanvas.js:1127 [BENCHMARK] 1654769792890,CSR
glCanvas.js:1127 [BENCHMARK] 1654769792896,CSR
glCanvas.js:1127 [BENCHMARK] 1654769792912,CSR
glCanvas.js:1127 [BENCHMARK] 1654769792916,CSR
glCanvas.js:1127 [BENCHMARK] 1654769792919,CSR
glCanvas.js:1127 [BENCHMARK] 1654769792937,CSR
glCanvas.js:1127 [BENCHMARK] 1654769792940,CSR
glCanvas.js:1127 [BENCHMARK] 1654769792944,CSR
glCanvas.js:1127 [BENCHMARK] 1654769793386,CSR
glCanvas.js:1127 [BENCHMARK] 1654769793392,CSR
glCanvas.js:1127 [BENCHMARK] 1654769793396,CSR
glCanvas.js:1127 [BENCHMARK] 1654769793400,CSR
glCanvas.js:1127 [BENCHMARK] 1654769793414,CSR
glCanvas.js:1127 [BENCHMARK] 1654769793417,CSR
glCanvas.js:1127 [BENCHMARK] 1654769793420,CSR
glCanvas.js:1127 [BENCHMARK] 1654769793441,CSR
glCanvas.js:1127 [BENCHMARK] 1654769793449,CSR
glCanvas.js:1127 [BENCHMARK] 1654769793454,CSR
glCanvas.js:1127 [BENCHMARK] 1654769793545,CSR
glCanvas.js:1127 [BENCHMARK] 1654769793791,CSR
glCanvas.js:1127 [BENCHMARK] 1654769793795,CSR
glCanvas.js:1127 [BENCHMARK] 1654769793801,CSR
glCanvas.js:1127 [BENCHMARK] 1654769793806,CSR
glCanvas.js:1127 [BENCHMARK] 1654769793810,CSR
glCanvas.js:1127 [BENCHMARK] 1654769793827,CSR
glCanvas.js:1127 [BENCHMARK] 1654769793830,CSR
glCanvas.js:1127 [BENCHMARK] 1654769793833,CSR
glCanvas.js:1127 [BENCHMARK] 1654769793851,CSR
glCanvas.js:1127 [BENCHMARK] 1654769793856,CSR
glCanvas.js:1127 [BENCHMARK] 1654769793861,CSR
glCanvas.js:1127 [BENCHMARK] 1654769793875,CSR
glCanvas.js:1127 [BENCHMARK] 1654769793881,CSR
glCanvas.js:1127 [BENCHMARK] 1654769793885,CSR
glCanvas.js:1127 [BENCHMARK] 1654769793903,CSR
glCanvas.js:1127 [BENCHMARK] 1654769793909,CSR
glCanvas.js:1127 [BENCHMARK] 1654769793913,CSR
glCanvas.js:1127 [BENCHMARK] 1654769793916,CSR
glCanvas.js:1127 [BENCHMARK] 1654769793935,CSR
glCanvas.js:1127 [BENCHMARK] 1654769793940,CSR
glCanvas.js:1127 [BENCHMARK] 1654769794441,CSR
glCanvas.js:1127 [BENCHMARK] 1654769794464,CSR
glCanvas.js:1127 [BENCHMARK] 1654769794471,CSR
glCanvas.js:1127 [BENCHMARK] 1654769794483,CSR
glCanvas.js:1127 [BENCHMARK] 1654769794486,CSR
glCanvas.js:1127 [BENCHMARK] 1654769794491,CSR
glCanvas.js:1127 [BENCHMARK] 1654769794507,CSR
glCanvas.js:1127 [BENCHMARK] 1654769794511,CSR
glCanvas.js:1127 [BENCHMARK] 1654769794515,CSR
glCanvas.js:1127 [BENCHMARK] 1654769794518,CSR
glCanvas.js:1127 [BENCHMARK] 1654769794524,CSR
glCanvas.js:1127 [BENCHMARK] 1654769794528,CSR
glCanvas.js:1127 [BENCHMARK] 1654769794531,CSR
glCanvas.js:1127 [BENCHMARK] 1654769794541,CSR
glCanvas.js:1127 [BENCHMARK] 1654769794544,CSR
glCanvas.js:1127 [BENCHMARK] 1654769794548,CSR
glCanvas.js:1127 [BENCHMARK] 1654769794556,CSR
glCanvas.js:1127 [BENCHMARK] 1654769794560,CSR
glCanvas.js:1127 [BENCHMARK] 1654769794563,CSR
glCanvas.js:1127 [BENCHMARK] 1654769794572,CSR
glCanvas.js:1127 [BENCHMARK] 1654769794654,CSR
glCanvas.js:1127 [BENCHMARK] 1654769794671,CSR
glCanvas.js:1127 [BENCHMARK] 1654769794681,CSR
glCanvas.js:1127 [BENCHMARK] 1654769794692,CSR
glCanvas.js:1127 [BENCHMARK] 1654769794700,CSR
glCanvas.js:1127 [BENCHMARK] 1654769794704,CSR
glCanvas.js:1127 [BENCHMARK] 1654769794742,CSR
glCanvas.js:1127 [BENCHMARK] 1654769794749,CSR
glCanvas.js:1127 [BENCHMARK] 1654769794754,CSR
glCanvas.js:1127 [BENCHMARK] 1654769794759,CSR
glCanvas.js:1127 [BENCHMARK] 1654769794773,CSR
glCanvas.js:1127 [BENCHMARK] 1654769794778,CSR
glCanvas.js:1127 [BENCHMARK] 1654769794783,CSR
glCanvas.js:1127 [BENCHMARK] 1654769794786,CSR
glCanvas.js:1127 [BENCHMARK] 1654769794792,CSR
glCanvas.js:1127 [BENCHMARK] 1654769794811,CSR
glCanvas.js:1127 [BENCHMARK] 1654769794823,CSR
glCanvas.js:1127 [BENCHMARK] 1654769794864,CSR
glCanvas.js:1127 [BENCHMARK] 1654769794875,CSR
glCanvas.js:1127 [BENCHMARK] 1654769794885,CSR
glCanvas.js:1127 [BENCHMARK] 1654769794933,CSR
glCanvas.js:1127 [BENCHMARK] 1654769794948,CSR
glCanvas.js:1127 [BENCHMARK] 1654769794959,CSR
glCanvas.js:1127 [BENCHMARK] 1654769794980,CSR
glCanvas.js:1127 [BENCHMARK] 1654769794994,CSR
glCanvas.js:1127 [BENCHMARK] 1654769795008,CSR
glCanvas.js:1127 [BENCHMARK] 1654769795037,CSR
glCanvas.js:1127 [BENCHMARK] 1654769795062,CSR
glCanvas.js:1127 [BENCHMARK] 1654769795072,CSR
glCanvas.js:1127 [BENCHMARK] 1654769795102,CSR
glCanvas.js:1127 [BENCHMARK] 1654769795115,CSR
glCanvas.js:1127 [BENCHMARK] 1654769795130,CSR
glCanvas.js:1127 [BENCHMARK] 1654769795152,CSR
glCanvas.js:1127 [BENCHMARK] 1654769795158,CSR
glCanvas.js:1127 [BENCHMARK] 1654769795164,CSR
glCanvas.js:1127 [BENCHMARK] 1654769795172,CSR
glCanvas.js:1127 [BENCHMARK] 1654769795177,CSR
glCanvas.js:1127 [BENCHMARK] 1654769795184,CSR
glCanvas.js:1127 [BENCHMARK] 1654769795204,CSR
glCanvas.js:1127 [BENCHMARK] 1654769795217,CSR
glCanvas.js:1127 [BENCHMARK] 1654769795226,CSR
glCanvas.js:1127 [BENCHMARK] 1654769795237,CSR
glCanvas.js:1127 [BENCHMARK] 1654769795246,CSR
glCanvas.js:1127 [BENCHMARK] 1654769795252,CSR
glCanvas.js:1127 [BENCHMARK] 1654769795265,CSR
glCanvas.js:1127 [BENCHMARK] 1654769795290,CSR
glCanvas.js:1127 [BENCHMARK] 1654769795313,CSR
glCanvas.js:1127 [BENCHMARK] 1654769795403,CSR
glCanvas.js:1127 [BENCHMARK] 1654769795407,CSR
glCanvas.js:1127 [BENCHMARK] 1654769795411,CSR
glCanvas.js:1127 [BENCHMARK] 1654769795429,CSR
glCanvas.js:1127 [BENCHMARK] 1654769795477,CSR
glCanvas.js:1127 [BENCHMARK] 1654769795488,CSR
glCanvas.js:1127 [BENCHMARK] 1654769795494,CSR
glCanvas.js:1127 [BENCHMARK] 1654769795499,CSR
glCanvas.js:1127 [BENCHMARK] 1654769795511,CSR
glCanvas.js:1127 [BENCHMARK] 1654769795514,CSR
glCanvas.js:1127 [BENCHMARK] 1654769795517,CSR
glCanvas.js:1127 [BENCHMARK] 1654769795534,CSR
glCanvas.js:1127 [BENCHMARK] 1654769795539,CSR
glCanvas.js:1127 [BENCHMARK] 1654769795544,CSR
glCanvas.js:1127 [BENCHMARK] 1654769795547,CSR
glCanvas.js:1127 [BENCHMARK] 1654769795575,CSR
glCanvas.js:1127 [BENCHMARK] 1654769795581,CSR
glCanvas.js:1127 [BENCHMARK] 1654769795586,CSR
glCanvas.js:1127 [BENCHMARK] 1654769795603,CSR
glCanvas.js:1127 [BENCHMARK] 1654769795616,CSR
glCanvas.js:1127 [BENCHMARK] 1654769795626,CSR
glCanvas.js:1127 [BENCHMARK] 1654769795630,CSR
glCanvas.js:1127 [BENCHMARK] 1654769795634,CSR
glCanvas.js:1127 [BENCHMARK] 1654769795661,CSR
glCanvas.js:1127 [BENCHMARK] 1654769795692,CSR
glCanvas.js:1127 [BENCHMARK] 1654769795698,CSR
glCanvas.js:1127 [BENCHMARK] 1654769795704,CSR
glCanvas.js:1127 [BENCHMARK] 1654769795708,CSR
glCanvas.js:1127 [BENCHMARK] 1654769795737,CSR
glCanvas.js:1127 [BENCHMARK] 1654769795741,CSR
glCanvas.js:1127 [BENCHMARK] 1654769795745,CSR
glCanvas.js:1127 [BENCHMARK] 1654769795755,CSR
glCanvas.js:1127 [BENCHMARK] 1654769795761,CSR
glCanvas.js:1127 [BENCHMARK] 1654769795767,CSR
glCanvas.js:1127 [BENCHMARK] 1654769795770,CSR
glCanvas.js:1127 [BENCHMARK] 1654769795804,CSR
glCanvas.js:1127 [BENCHMARK] 1654769795808,CSR
glCanvas.js:1127 [BENCHMARK] 1654769795812,CSR
glCanvas.js:1127 [BENCHMARK] 1654769795822,CSR
glCanvas.js:1127 [BENCHMARK] 1654769795833,CSR
glCanvas.js:1127 [BENCHMARK] 1654769795838,CSR
glCanvas.js:1127 [BENCHMARK] 1654769795845,CSR
glCanvas.js:1127 [BENCHMARK] 1654769795849,CSR
glCanvas.js:1127 [BENCHMARK] 1654769795868,CSR
glCanvas.js:1127 [BENCHMARK] 1654769795905,CSR
glCanvas.js:1127 [BENCHMARK] 1654769795928,CSR
glCanvas.js:1127 [BENCHMARK] 1654769795931,CSR
glCanvas.js:1127 [BENCHMARK] 1654769795935,CSR
glCanvas.js:1127 [BENCHMARK] 1654769795945,CSR
glCanvas.js:1127 [BENCHMARK] 1654769795955,CSR
glCanvas.js:1127 [BENCHMARK] 1654769795959,CSR
glCanvas.js:1127 [BENCHMARK] 1654769795966,CSR
glCanvas.js:1127 [BENCHMARK] 1654769795971,CSR
glCanvas.js:1127 [BENCHMARK] 1654769795977,CSR
glCanvas.js:1127 [BENCHMARK] 1654769795993,CSR
glCanvas.js:1127 [BENCHMARK] 1654769796020,CSR
glCanvas.js:1127 [BENCHMARK] 1654769796025,CSR
glCanvas.js:1127 [BENCHMARK] 1654769796029,CSR
glCanvas.js:1127 [BENCHMARK] 1654769796035,CSR
glCanvas.js:1127 [BENCHMARK] 1654769796049,CSR
glCanvas.js:1127 [BENCHMARK] 1654769796054,CSR
glCanvas.js:1127 [BENCHMARK] 1654769796058,CSR
glCanvas.js:1127 [BENCHMARK] 1654769796064,CSR
glCanvas.js:1127 [BENCHMARK] 1654769796085,CSR
glCanvas.js:1127 [BENCHMARK] 1654769796115,CSR
glCanvas.js:1127 [BENCHMARK] 1654769796142,CSR
glCanvas.js:1127 [BENCHMARK] 1654769796150,CSR
glCanvas.js:1127 [BENCHMARK] 1654769796154,CSR
glCanvas.js:1127 [BENCHMARK] 1654769796157,CSR
glCanvas.js:1127 [BENCHMARK] 1654769796175,CSR
glCanvas.js:1127 [BENCHMARK] 1654769796179,CSR
glCanvas.js:1127 [BENCHMARK] 1654769796183,CSR
glCanvas.js:1127 [BENCHMARK] 1654769796195,CSR
glCanvas.js:1127 [BENCHMARK] 1654769796199,CSR
glCanvas.js:1127 [BENCHMARK] 1654769796208,CSR
glCanvas.js:1127 [BENCHMARK] 1654769796236,CSR
glCanvas.js:1127 [BENCHMARK] 1654769796242,CSR
glCanvas.js:1127 [BENCHMARK] 1654769796246,CSR
glCanvas.js:1127 [BENCHMARK] 1654769796250,CSR
glCanvas.js:1127 [BENCHMARK] 1654769796275,CSR
glCanvas.js:1127 [BENCHMARK] 1654769796282,CSR
glCanvas.js:1127 [BENCHMARK] 1654769796286,CSR
glCanvas.js:1127 [BENCHMARK] 1654769796289,CSR
glCanvas.js:1127 [BENCHMARK] 1654769796312,CSR
glCanvas.js:1127 [BENCHMARK] 1654769796324,CSR
glCanvas.js:1127 [BENCHMARK] 1654769796352,CSR
glCanvas.js:1127 [BENCHMARK] 1654769796358,CSR
glCanvas.js:1127 [BENCHMARK] 1654769796364,CSR
glCanvas.js:1127 [BENCHMARK] 1654769796369,CSR
glCanvas.js:1127 [BENCHMARK] 1654769796383,CSR
glCanvas.js:1127 [BENCHMARK] 1654769796396,CSR
glCanvas.js:1127 [BENCHMARK] 1654769796400,CSR
glCanvas.js:1127 [BENCHMARK] 1654769796406,CSR
glCanvas.js:1127 [BENCHMARK] 1654769796411,CSR
glCanvas.js:1127 [BENCHMARK] 1654769796416,CSR
glCanvas.js:1127 [BENCHMARK] 1654769796444,CSR
glCanvas.js:1127 [BENCHMARK] 1654769796475,CSR
glCanvas.js:1127 [BENCHMARK] 1654769796536,CSR
glCanvas.js:1127 [BENCHMARK] 1654769796550,CSR
glCanvas.js:1127 [BENCHMARK] 1654769796563,CSR
glCanvas.js:1127 [BENCHMARK] 1654769796577,CSR
glCanvas.js:1127 [BENCHMARK] 1654769796598,CSR
glCanvas.js:1127 [BENCHMARK] 1654769796614,CSR
glCanvas.js:1127 [BENCHMARK] 1654769796625,SSR
glCanvas.js:1127 [BENCHMARK] 1654769796636,SSR
glCanvas.js:1127 [BENCHMARK] 1654769796648,SSR
glCanvas.js:1127 [BENCHMARK] 1654769796667,SSR
glCanvas.js:1127 [BENCHMARK] 1654769797095,SSR
glCanvas.js:1127 [BENCHMARK] 1654769797098,SSR
glCanvas.js:1127 [BENCHMARK] 1654769797100,SSR
glCanvas.js:1127 [BENCHMARK] 1654769797105,SSR
glCanvas.js:1127 [BENCHMARK] 1654769797108,SSR
glCanvas.js:1127 [BENCHMARK] 1654769797112,SSR
glCanvas.js:1127 [BENCHMARK] 1654769797114,SSR
glCanvas.js:1127 [BENCHMARK] 1654769797126,SSR
glCanvas.js:1127 [BENCHMARK] 1654769797130,SSR
glCanvas.js:1127 [BENCHMARK] 1654769797147,CSR
glCanvas.js:1127 [BENCHMARK] 1654769797151,CSR
glCanvas.js:1127 [BENCHMARK] 1654769797155,CSR
glCanvas.js:1127 [BENCHMARK] 1654769797162,CSR
glCanvas.js:1127 [BENCHMARK] 1654769797167,CSR
glCanvas.js:1127 [BENCHMARK] 1654769797172,CSR
glCanvas.js:1127 [BENCHMARK] 1654769797176,CSR
glCanvas.js:1127 [BENCHMARK] 1654769797208,CSR
glCanvas.js:1127 [BENCHMARK] 1654769797214,CSR
glCanvas.js:1127 [BENCHMARK] 1654769797220,CSR
glCanvas.js:1127 [BENCHMARK] 1654769797226,CSR
glCanvas.js:1127 [BENCHMARK] 1654769797240,CSR
glCanvas.js:1127 [BENCHMARK] 1654769797246,CSR
glCanvas.js:1127 [BENCHMARK] 1654769797250,CSR
glCanvas.js:1127 [BENCHMARK] 1654769797271,CSR
glCanvas.js:1127 [BENCHMARK] 1654769797277,CSR
glCanvas.js:1127 [BENCHMARK] 1654769797281,CSR
glCanvas.js:1127 [BENCHMARK] 1654769797294,CSR
glCanvas.js:1127 [BENCHMARK] 1654769797298,CSR
glCanvas.js:1127 [BENCHMARK] 1654769797301,CSR
glCanvas.js:1127 [BENCHMARK] 1654769797323,CSR
glCanvas.js:1127 [BENCHMARK] 1654769797717,CSR
glCanvas.js:1127 [BENCHMARK] 1654769797719,CSR
glCanvas.js:1127 [BENCHMARK] 1654769797807,CSR
glCanvas.js:1127 [BENCHMARK] 1654769797809,CSR
glCanvas.js:1127 [BENCHMARK] 1654769797879,CSR
glCanvas.js:1127 [BENCHMARK] 1654769797882,CSR
glCanvas.js:1127 [BENCHMARK] 1654769797931,CSR
glCanvas.js:1127 [BENCHMARK] 1654769797933,CSR
glCanvas.js:1127 [BENCHMARK] 1654769798002,CSR
glCanvas.js:1127 [BENCHMARK] 1654769798004,CSR
glCanvas.js:1127 [BENCHMARK] 1654769798094,CSR
glCanvas.js:1127 [BENCHMARK] 1654769798099,CSR
glCanvas.js:1127 [BENCHMARK] 1654769798258,CSR
glCanvas.js:1127 [BENCHMARK] 1654769798448,CSR
glCanvas.js:1127 [BENCHMARK] 1654769798451,CSR
glCanvas.js:1127 [BENCHMARK] 1654769798453,CSR
glCanvas.js:1127 [BENCHMARK] 1654769798467,CSR
glCanvas.js:1127 [BENCHMARK] 1654769798470,CSR
glCanvas.js:1127 [BENCHMARK] 1654769798474,CSR
glCanvas.js:1127 [BENCHMARK] 1654769798487,CSR
glCanvas.js:1127 [BENCHMARK] 1654769798491,CSR
glCanvas.js:1127 [BENCHMARK] 1654769798495,CSR
glCanvas.js:1127 [BENCHMARK] 1654769798514,CSR
glCanvas.js:1127 [BENCHMARK] 1654769798519,CSR
glCanvas.js:1127 [BENCHMARK] 1654769798522,CSR
glCanvas.js:1127 [BENCHMARK] 1654769798976,CSR
glCanvas.js:1127 [BENCHMARK] 1654769798981,CSR
glCanvas.js:1127 [BENCHMARK] 1654769798986,CSR
glCanvas.js:1127 [BENCHMARK] 1654769798995,CSR
glCanvas.js:1127 [BENCHMARK] 1654769798999,CSR
glCanvas.js:1127 [BENCHMARK] 1654769799003,CSR
glCanvas.js:1127 [BENCHMARK] 1654769799024,CSR
glCanvas.js:1127 [BENCHMARK] 1654769799028,CSR
glCanvas.js:1127 [BENCHMARK] 1654769799031,CSR
glCanvas.js:1127 [BENCHMARK] 1654769799042,CSR
glCanvas.js:1127 [BENCHMARK] 1654769799046,CSR
glCanvas.js:1127 [BENCHMARK] 1654769799054,CSR
glCanvas.js:1127 [BENCHMARK] 1654769799187,CSR
glCanvas.js:1127 [BENCHMARK] 1654769799199,CSR
glCanvas.js:1127 [BENCHMARK] 1654769799250,CSR
glCanvas.js:1127 [BENCHMARK] 1654769799264,CSR
glCanvas.js:1127 [BENCHMARK] 1654769799276,CSR
glCanvas.js:1127 [BENCHMARK] 1654769799298,CSR
glCanvas.js:1127 [BENCHMARK] 1654769799329,CSR
glCanvas.js:1127 [BENCHMARK] 1654769799729,CSR
glCanvas.js:1127 [BENCHMARK] 1654769799736,CSR
glCanvas.js:1127 [BENCHMARK] 1654769799739,CSR
glCanvas.js:1127 [BENCHMARK] 1654769799743,CSR
glCanvas.js:1127 [BENCHMARK] 1654769799757,CSR
glCanvas.js:1127 [BENCHMARK] 1654769799761,CSR
glCanvas.js:1127 [BENCHMARK] 1654769799828,CSR
glCanvas.js:1127 [BENCHMARK] 1654769799833,CSR
glCanvas.js:1127 [BENCHMARK] 1654769799837,CSR
glCanvas.js:1127 [BENCHMARK] 1654769799840,CSR
glCanvas.js:1127 [BENCHMARK] 1654769799852,CSR
glCanvas.js:1127 [BENCHMARK] 1654769799855,CSR
glCanvas.js:1127 [BENCHMARK] 1654769799858,CSR
glCanvas.js:1127 [BENCHMARK] 1654769799878,CSR
glCanvas.js:1127 [BENCHMARK] 1654769799883,CSR
glCanvas.js:1127 [BENCHMARK] 1654769799887,CSR
glCanvas.js:1127 [BENCHMARK] 1654769799904,CSR
glCanvas.js:1127 [BENCHMARK] 1654769799907,CSR
glCanvas.js:1127 [BENCHMARK] 1654769799911,CSR
glCanvas.js:1127 [BENCHMARK] 1654769799927,CSR
glCanvas.js:1127 [BENCHMARK] 1654769799932,CSR
glCanvas.js:1127 [BENCHMARK] 1654769799937,CSR
glCanvas.js:1127 [BENCHMARK] 1654769800078,CSR
glCanvas.js:1127 [BENCHMARK] 1654769800081,CSR
glCanvas.js:1127 [BENCHMARK] 1654769800172,CSR
glCanvas.js:1127 [BENCHMARK] 1654769800174,CSR
glCanvas.js:1127 [BENCHMARK] 1654769800177,CSR
glCanvas.js:1127 [BENCHMARK] 1654769800178,CSR
glCanvas.js:1127 [BENCHMARK] 1654769800181,CSR
glCanvas.js:1127 [BENCHMARK] 1654769800183,CSR
glCanvas.js:1127 [BENCHMARK] 1654769800200,CSR
glCanvas.js:1127 [BENCHMARK] 1654769800202,CSR
glCanvas.js:1127 [BENCHMARK] 1654769800255,CSR
glCanvas.js:1127 [BENCHMARK] 1654769800257,CSR
glCanvas.js:1127 [BENCHMARK] 1654769800262,CSR
glCanvas.js:1127 [BENCHMARK] 1654769800264,CSR
glCanvas.js:1127 [BENCHMARK] 1654769800294,CSR
glCanvas.js:1127 [BENCHMARK] 1654769800296,CSR
glCanvas.js:1127 [BENCHMARK] 1654769800324,CSR
glCanvas.js:1127 [BENCHMARK] 1654769800326,CSR
glCanvas.js:1127 [BENCHMARK] 1654769800355,CSR
glCanvas.js:1127 [BENCHMARK] 1654769800359,CSR
glCanvas.js:1127 [BENCHMARK] 1654769800387,CSR
glCanvas.js:1127 [BENCHMARK] 1654769800389,CSR
glCanvas.js:1127 [BENCHMARK] 1654769800418,CSR
glCanvas.js:1127 [BENCHMARK] 1654769800419,CSR
glCanvas.js:1127 [BENCHMARK] 1654769800449,CSR
glCanvas.js:1127 [BENCHMARK] 1654769800451,CSR
glCanvas.js:1127 [BENCHMARK] 1654769800684,CSR
glCanvas.js:1127 [BENCHMARK] 1654769800685,CSR
glCanvas.js:1127 [BENCHMARK] 1654769800697,CSR
glCanvas.js:1127 [BENCHMARK] 1654769800699,CSR
glCanvas.js:1127 [BENCHMARK] 1654769800709,CSR
glCanvas.js:1127 [BENCHMARK] 1654769800711,CSR
glCanvas.js:1127 [BENCHMARK] 1654769800722,CSR
glCanvas.js:1127 [BENCHMARK] 1654769800724,CSR
glCanvas.js:1127 [BENCHMARK] 1654769800735,CSR
glCanvas.js:1127 [BENCHMARK] 1654769800737,CSR
glCanvas.js:1127 [BENCHMARK] 1654769800747,CSR
glCanvas.js:1127 [BENCHMARK] 1654769800749,CSR
glCanvas.js:1127 [BENCHMARK] 1654769800760,CSR
glCanvas.js:1127 [BENCHMARK] 1654769800762,CSR
glCanvas.js:1127 [BENCHMARK] 1654769800773,CSR
glCanvas.js:1127 [BENCHMARK] 1654769800775,CSR
glCanvas.js:1127 [BENCHMARK] 1654769800786,CSR
glCanvas.js:1127 [BENCHMARK] 1654769800788,CSR
glCanvas.js:1127 [BENCHMARK] 1654769800799,CSR
glCanvas.js:1127 [BENCHMARK] 1654769800801,CSR
glCanvas.js:1127 [BENCHMARK] 1654769801021,CSR
glCanvas.js:1127 [BENCHMARK] 1654769801024,CSR
glCanvas.js:1127 [BENCHMARK] 1654769801034,CSR
glCanvas.js:1127 [BENCHMARK] 1654769801038,CSR
glCanvas.js:1127 [BENCHMARK] 1654769801046,CSR
glCanvas.js:1127 [BENCHMARK] 1654769801049,CSR
glCanvas.js:1127 [BENCHMARK] 1654769801059,CSR
glCanvas.js:1127 [BENCHMARK] 1654769801062,CSR
glCanvas.js:1127 [BENCHMARK] 1654769801073,CSR
glCanvas.js:1127 [BENCHMARK] 1654769801075,CSR
glCanvas.js:1127 [BENCHMARK] 1654769801086,CSR
glCanvas.js:1127 [BENCHMARK] 1654769801089,CSR
glCanvas.js:1127 [BENCHMARK] 1654769801098,CSR
glCanvas.js:1127 [BENCHMARK] 1654769801100,CSR
glCanvas.js:1127 [BENCHMARK] 1654769801112,CSR
glCanvas.js:1127 [BENCHMARK] 1654769801115,CSR
glCanvas.js:1127 [BENCHMARK] 1654769801125,CSR
glCanvas.js:1127 [BENCHMARK] 1654769801128,CSR
glCanvas.js:1127 [BENCHMARK] 1654769801138,CSR
glCanvas.js:1127 [BENCHMARK] 1654769801140,CSR
glCanvas.js:1127 [BENCHMARK] 1654769801394,CSR
glCanvas.js:1127 [BENCHMARK] 1654769801734,CSR
glCanvas.js:1127 [BENCHMARK] 1654769801740,CSR
glCanvas.js:1127 [BENCHMARK] 1654769801746,CSR
glCanvas.js:1127 [BENCHMARK] 1654769801751,CSR
glCanvas.js:1127 [BENCHMARK] 1654769801765,CSR
glCanvas.js:1127 [BENCHMARK] 1654769801769,CSR
glCanvas.js:1127 [BENCHMARK] 1654769801774,CSR
glCanvas.js:1127 [BENCHMARK] 1654769801791,CSR
glCanvas.js:1127 [BENCHMARK] 1654769801795,CSR
glCanvas.js:1127 [BENCHMARK] 1654769801801,CSR
glCanvas.js:1127 [BENCHMARK] 1654769802134,CSR
glCanvas.js:1127 [BENCHMARK] 1654769802140,CSR
glCanvas.js:1127 [BENCHMARK] 1654769802145,CSR
glCanvas.js:1127 [BENCHMARK] 1654769802149,CSR
glCanvas.js:1127 [BENCHMARK] 1654769802162,CSR
glCanvas.js:1127 [BENCHMARK] 1654769802169,CSR
glCanvas.js:1127 [BENCHMARK] 1654769802172,CSR
glCanvas.js:1127 [BENCHMARK] 1654769802189,CSR
glCanvas.js:1127 [BENCHMARK] 1654769802192,CSR
glCanvas.js:1127 [BENCHMARK] 1654769802196,CSR
glCanvas.js:1127 [BENCHMARK] 1654769802346,CSR
glCanvas.js:1127 [BENCHMARK] 1654769802353,CSR
glCanvas.js:1127 [BENCHMARK] 1654769802364,CSR
glCanvas.js:1127 [BENCHMARK] 1654769802368,CSR
glCanvas.js:1127 [BENCHMARK] 1654769802382,CSR
glCanvas.js:1127 [BENCHMARK] 1654769802394,CSR
glCanvas.js:1127 [BENCHMARK] 1654769802397,CSR
glCanvas.js:1127 [BENCHMARK] 1654769802401,CSR
glCanvas.js:1127 [BENCHMARK] 1654769802532,CSR
glCanvas.js:1127 [BENCHMARK] 1654769802537,CSR
glCanvas.js:1127 [BENCHMARK] 1654769802585,CSR
glCanvas.js:1127 [BENCHMARK] 1654769802589,CSR
glCanvas.js:1127 [BENCHMARK] 1654769802594,CSR
glCanvas.js:1127 [BENCHMARK] 1654769802598,CSR
glCanvas.js:1127 [BENCHMARK] 1654769802604,CSR
glCanvas.js:1127 [BENCHMARK] 1654769802623,CSR
glCanvas.js:1127 [BENCHMARK] 1654769802626,CSR
glCanvas.js:1127 [BENCHMARK] 1654769802629,CSR
glCanvas.js:1127 [BENCHMARK] 1654769802646,CSR
glCanvas.js:1127 [BENCHMARK] 1654769802650,CSR
glCanvas.js:1127 [BENCHMARK] 1654769802653,CSR
glCanvas.js:1127 [BENCHMARK] 1654769802674,CSR
glCanvas.js:1127 [BENCHMARK] 1654769802679,CSR
glCanvas.js:1127 [BENCHMARK] 1654769802683,CSR
glCanvas.js:1127 [BENCHMARK] 1654769802698,CSR
glCanvas.js:1127 [BENCHMARK] 1654769802701,CSR
glCanvas.js:1127 [BENCHMARK] 1654769802707,CSR
glCanvas.js:1127 [BENCHMARK] 1654769802726,CSR
glCanvas.js:1127 [BENCHMARK] 1654769803536,CSR
glCanvas.js:1127 [BENCHMARK] 1654769803542,CSR
glCanvas.js:1127 [BENCHMARK] 1654769803547,CSR
glCanvas.js:1127 [BENCHMARK] 1654769803551,CSR
glCanvas.js:1127 [BENCHMARK] 1654769803560,CSR
glCanvas.js:1127 [BENCHMARK] 1654769803563,CSR
glCanvas.js:1127 [BENCHMARK] 1654769803566,CSR
glCanvas.js:1127 [BENCHMARK] 1654769803581,CSR
glCanvas.js:1127 [BENCHMARK] 1654769803585,CSR
glCanvas.js:1127 [BENCHMARK] 1654769803590,CSR
glCanvas.js:1127 [BENCHMARK] 1654769803595,CSR
glCanvas.js:1127 [BENCHMARK] 1654769803598,CSR
glCanvas.js:1127 [BENCHMARK] 1654769803624,CSR
glCanvas.js:1127 [BENCHMARK] 1654769803629,CSR
glCanvas.js:1127 [BENCHMARK] 1654769803635,CSR
glCanvas.js:1127 [BENCHMARK] 1654769803654,CSR
glCanvas.js:1127 [BENCHMARK] 1654769803659,CSR
glCanvas.js:1127 [BENCHMARK] 1654769803665,CSR
glCanvas.js:1127 [BENCHMARK] 1654769803684,CSR
glCanvas.js:1127 [BENCHMARK] 1654769803691,CSR
glCanvas.js:1127 [BENCHMARK] 1654769803751,CSR
glCanvas.js:1127 [BENCHMARK] 1654769803761,CSR
glCanvas.js:1127 [BENCHMARK] 1654769803772,CSR
glCanvas.js:1127 [BENCHMARK] 1654769803777,CSR
glCanvas.js:1127 [BENCHMARK] 1654769803785,CSR
glCanvas.js:1127 [BENCHMARK] 1654769803803,CSR
glCanvas.js:1127 [BENCHMARK] 1654769803808,CSR
glCanvas.js:1127 [BENCHMARK] 1654769803814,CSR
glCanvas.js:1127 [BENCHMARK] 1654769803836,CSR
glCanvas.js:1127 [BENCHMARK] 1654769803840,CSR
glCanvas.js:1127 [BENCHMARK] 1654769803844,CSR
glCanvas.js:1127 [BENCHMARK] 1654769803856,CSR
glCanvas.js:1127 [BENCHMARK] 1654769803877,CSR
glCanvas.js:1127 [BENCHMARK] 1654769803883,CSR
glCanvas.js:1127 [BENCHMARK] 1654769803886,CSR
glCanvas.js:1127 [BENCHMARK] 1654769803897,CSR
glCanvas.js:1127 [BENCHMARK] 1654769803966,CSR
glCanvas.js:1127 [BENCHMARK] 1654769803981,CSR
glCanvas.js:1127 [BENCHMARK] 1654769803992,CSR
glCanvas.js:1127 [BENCHMARK] 1654769804021,CSR
glCanvas.js:1127 [BENCHMARK] 1654769804063,CSR
glCanvas.js:1127 [BENCHMARK] 1654769804074,CSR
glCanvas.js:1127 [BENCHMARK] 1654769804088,CSR
glCanvas.js:1127 [BENCHMARK] 1654769804098,CSR
glCanvas.js:1127 [BENCHMARK] 1654769804158,CSR
glCanvas.js:1127 [BENCHMARK] 1654769804245,CSR
glCanvas.js:1127 [BENCHMARK] 1654769804248,CSR
glCanvas.js:1127 [BENCHMARK] 1654769804250,CSR
glCanvas.js:1127 [BENCHMARK] 1654769804252,CSR
glCanvas.js:1127 [BENCHMARK] 1654769804254,CSR
glCanvas.js:1127 [BENCHMARK] 1654769804256,CSR
glCanvas.js:1127 [BENCHMARK] 1654769804259,CSR
glCanvas.js:1127 [BENCHMARK] 1654769804316,CSR
glCanvas.js:1127 [BENCHMARK] 1654769804320,CSR
glCanvas.js:1127 [BENCHMARK] 1654769804578,CSR
glCanvas.js:1127 [BENCHMARK] 1654769804889,CSR
glCanvas.js:1127 [BENCHMARK] 1654769804894,CSR
glCanvas.js:1127 [BENCHMARK] 1654769804898,CSR
glCanvas.js:1127 [BENCHMARK] 1654769804901,CSR
glCanvas.js:1127 [BENCHMARK] 1654769804917,CSR
glCanvas.js:1127 [BENCHMARK] 1654769804921,CSR
glCanvas.js:1127 [BENCHMARK] 1654769804924,CSR
glCanvas.js:1127 [BENCHMARK] 1654769804938,CSR
glCanvas.js:1127 [BENCHMARK] 1654769804943,CSR
glCanvas.js:1127 [BENCHMARK] 1654769805063,CSR
glCanvas.js:1127 [BENCHMARK] 1654769805180,CSR
glCanvas.js:1127 [BENCHMARK] 1654769805190,CSR
glCanvas.js:1127 [BENCHMARK] 1654769805194,CSR
glCanvas.js:1127 [BENCHMARK] 1654769805199,CSR
glCanvas.js:1127 [BENCHMARK] 1654769805203,CSR
glCanvas.js:1127 [BENCHMARK] 1654769805392,CSR
glCanvas.js:1127 [BENCHMARK] 1654769805404,CSR
glCanvas.js:1127 [BENCHMARK] 1654769805413,CSR
glCanvas.js:1127 [BENCHMARK] 1654769805574,CSR
glCanvas.js:1127 [BENCHMARK] 1654769805581,CSR
glCanvas.js:1127 [BENCHMARK] 1654769805683,CSR
glCanvas.js:1127 [BENCHMARK] 1654769805688,CSR
glCanvas.js:1127 [BENCHMARK] 1654769805692,CSR
glCanvas.js:1127 [BENCHMARK] 1654769805718,CSR
glCanvas.js:1127 [BENCHMARK] 1654769805806,CSR
glCanvas.js:1127 [BENCHMARK] 1654769806014,CSR
glCanvas.js:1127 [BENCHMARK] 1654769806029,CSR
glCanvas.js:1127 [BENCHMARK] 1654769806344,CSR
glCanvas.js:1127 [BENCHMARK] 1654769806366,CSR
glCanvas.js:1127 [BENCHMARK] 1654769806444,CSR
glCanvas.js:1127 [BENCHMARK] 1654769806508,CSR
glCanvas.js:1127 [BENCHMARK] 1654769806619,CSR
glCanvas.js:1127 [BENCHMARK] 1654769806649,CSR
glCanvas.js:1127 [BENCHMARK] 1654769806720,CSR
glCanvas.js:1127 [BENCHMARK] 1654769806792,CSR
glCanvas.js:1127 [BENCHMARK] 1654769806864,CSR
glCanvas.js:1127 [BENCHMARK] 1654769806936,CSR
glCanvas.js:1127 [BENCHMARK] 1654769807186,CSR
glCanvas.js:1127 [BENCHMARK] 1654769807295,CSR
glCanvas.js:1127 [BENCHMARK] 1654769807356,CSR
glCanvas.js:1127 [BENCHMARK] 1654769807413,CSR
glCanvas.js:1127 [BENCHMARK] 1654769807483,CSR
glCanvas.js:1127 [BENCHMARK] 1654769807487,CSR
glCanvas.js:1127 [BENCHMARK] 1654769807514,CSR
glCanvas.js:1127 [BENCHMARK] 1654769807617,CSR
glCanvas.js:1127 [BENCHMARK] 1654769807726,CSR
glCanvas.js:1127 [BENCHMARK] 1654769807826,CSR
glCanvas.js:1127 [BENCHMARK] 1654769807830,SSR
glCanvas.js:1127 [BENCHMARK] 1654769807911,SSR
glCanvas.js:1127 [BENCHMARK] 1654769807918,SSR
glCanvas.js:1127 [BENCHMARK] 1654769807923,SSR
glCanvas.js:1127 [BENCHMARK] 1654769807926,SSR
glCanvas.js:1127 [BENCHMARK] 1654769808110,SSR
glCanvas.js:1127 [BENCHMARK] 1654769808115,SSR
glCanvas.js:1127 [BENCHMARK] 1654769808164,SSR
glCanvas.js:1127 [BENCHMARK] 1654769808168,SSR
glCanvas.js:1127 [BENCHMARK] 1654769808175,SSR
glCanvas.js:1127 [BENCHMARK] 1654769808180,SSR
glCanvas.js:1127 [BENCHMARK] 1654769808185,SSR
glCanvas.js:1127 [BENCHMARK] 1654769808192,SSR
glCanvas.js:1127 [BENCHMARK] 1654769808197,SSR
glCanvas.js:1127 [BENCHMARK] 1654769808203,SSR
glCanvas.js:1127 [BENCHMARK] 1654769808209,SSR
glCanvas.js:1127 [BENCHMARK] 1654769808214,SSR
glCanvas.js:1127 [BENCHMARK] 1654769808218,SSR
glCanvas.js:1127 [BENCHMARK] 1654769808226,SSR
glCanvas.js:1127 [BENCHMARK] 1654769808233,SSR
glCanvas.js:1127 [BENCHMARK] 1654769808243,SSR
glCanvas.js:1127 [BENCHMARK] 1654769808270,SSR
glCanvas.js:1127 [BENCHMARK] 1654769808294,SSR
glCanvas.js:1127 [BENCHMARK] 1654769808421,SSR
glCanvas.js:1127 [BENCHMARK] 1654769808491,SSR
glCanvas.js:1127 [BENCHMARK] 1654769808734,SSR
glCanvas.js:1127 [BENCHMARK] 1654769808741,SSR
glCanvas.js:1127 [BENCHMARK] 1654769808759,CSR
glCanvas.js:1127 [BENCHMARK] 1654769808780,CSR
glCanvas.js:1127 [BENCHMARK] 1654769808785,CSR
glCanvas.js:1127 [BENCHMARK] 1654769808789,CSR
glCanvas.js:1127 [BENCHMARK] 1654769808806,CSR
glCanvas.js:1127 [BENCHMARK] 1654769808809,CSR
glCanvas.js:1127 [BENCHMARK] 1654769808812,CSR
glCanvas.js:1127 [BENCHMARK] 1654769808830,CSR
glCanvas.js:1127 [BENCHMARK] 1654769808833,CSR
glCanvas.js:1127 [BENCHMARK] 1654769808840,CSR
glCanvas.js:1127 [BENCHMARK] 1654769808860,CSR
glCanvas.js:1127 [BENCHMARK] 1654769808862,CSR
glCanvas.js:1127 [BENCHMARK] 1654769808865,CSR
glCanvas.js:1127 [BENCHMARK] 1654769808881,CSR
glCanvas.js:1127 [BENCHMARK] 1654769808885,CSR
glCanvas.js:1127 [BENCHMARK] 1654769808888,CSR
glCanvas.js:1127 [BENCHMARK] 1654769808904,CSR
glCanvas.js:1127 [BENCHMARK] 1654769808907,CSR
glCanvas.js:1127 [BENCHMARK] 1654769808928,CSR
glCanvas.js:1127 [BENCHMARK] 1654769808930,CSR
glCanvas.js:1127 [BENCHMARK] 1654769809028,CSR
glCanvas.js:1127 [BENCHMARK] 1654769809030,CSR
glCanvas.js:1127 [BENCHMARK] 1654769809032,CSR
glCanvas.js:1127 [BENCHMARK] 1654769809036,CSR
glCanvas.js:1127 [BENCHMARK] 1654769809129,CSR
glCanvas.js:1127 [BENCHMARK] 1654769809131,CSR
glCanvas.js:1127 [BENCHMARK] 1654769809138,CSR
glCanvas.js:1127 [BENCHMARK] 1654769809140,CSR
glCanvas.js:1127 [BENCHMARK] 1654769809144,CSR
glCanvas.js:1127 [BENCHMARK] 1654769809145,CSR
glCanvas.js:1127 [BENCHMARK] 1654769809170,CSR
glCanvas.js:1127 [BENCHMARK] 1654769809185,CSR
glCanvas.js:1127 [BENCHMARK] 1654769809190,CSR
glCanvas.js:1127 [BENCHMARK] 1654769809212,CSR
glCanvas.js:1127 [BENCHMARK] 1654769809215,CSR
glCanvas.js:1127 [BENCHMARK] 1654769809284,CSR
glCanvas.js:1127 [BENCHMARK] 1654769809288,CSR
glCanvas.js:1127 [BENCHMARK] 1654769809356,CSR
glCanvas.js:1127 [BENCHMARK] 1654769809359,CSR
glCanvas.js:1127 [BENCHMARK] 1654769809610,CSR
glCanvas.js:1127 [BENCHMARK] 1654769809939,CSR
glCanvas.js:1127 [BENCHMARK] 1654769809983,CSR
glCanvas.js:1127 [BENCHMARK] 1654769810003,CSR
glCanvas.js:1127 [BENCHMARK] 1654769810015,CSR
glCanvas.js:1127 [BENCHMARK] 1654769810031,CSR
glCanvas.js:1127 [BENCHMARK] 1654769810037,CSR
glCanvas.js:1127 [BENCHMARK] 1654769810046,CSR
glCanvas.js:1127 [BENCHMARK] 1654769810056,CSR
glCanvas.js:1127 [BENCHMARK] 1654769810062,CSR
glCanvas.js:1127 [BENCHMARK] 1654769810081,CSR
glCanvas.js:1127 [BENCHMARK] 1654769810343,CSR
glCanvas.js:1127 [BENCHMARK] 1654769810348,CSR
glCanvas.js:1127 [BENCHMARK] 1654769810352,CSR
glCanvas.js:1127 [BENCHMARK] 1654769810355,CSR
glCanvas.js:1127 [BENCHMARK] 1654769810358,CSR
glCanvas.js:1127 [BENCHMARK] 1654769810385,CSR
glCanvas.js:1127 [BENCHMARK] 1654769810388,CSR
glCanvas.js:1127 [BENCHMARK] 1654769810391,CSR
glCanvas.js:1127 [BENCHMARK] 1654769810406,CSR
glCanvas.js:1127 [BENCHMARK] 1654769810409,CSR
glCanvas.js:1127 [BENCHMARK] 1654769810551,CSR
glCanvas.js:1127 [BENCHMARK] 1654769810567,CSR
glCanvas.js:1127 [BENCHMARK] 1654769810573,CSR
glCanvas.js:1127 [BENCHMARK] 1654769810577,CSR
glCanvas.js:1127 [BENCHMARK] 1654769810580,CSR
glCanvas.js:1127 [BENCHMARK] 1654769810610,CSR
glCanvas.js:1127 [BENCHMARK] 1654769810747,CSR
glCanvas.js:1127 [BENCHMARK] 1654769810752,CSR
glCanvas.js:1127 [BENCHMARK] 1654769810755,CSR
glCanvas.js:1127 [BENCHMARK] 1654769810758,CSR
glCanvas.js:1127 [BENCHMARK] 1654769810803,CSR
glCanvas.js:1127 [BENCHMARK] 1654769810910,CSR
glCanvas.js:1127 [BENCHMARK] 1654769810918,CSR
glCanvas.js:1127 [BENCHMARK] 1654769810925,CSR
glCanvas.js:1127 [BENCHMARK] 1654769810933,CSR
glCanvas.js:1127 [BENCHMARK] 1654769810955,CSR
glCanvas.js:1127 [BENCHMARK] 1654769810963,CSR
glCanvas.js:1127 [BENCHMARK] 1654769810983,CSR
glCanvas.js:1127 [BENCHMARK] 1654769811012,CSR
glCanvas.js:1127 [BENCHMARK] 1654769811040,CSR
glCanvas.js:1127 [BENCHMARK] 1654769811054,CSR
glCanvas.js:1127 [BENCHMARK] 1654769811066,CSR
glCanvas.js:1127 [BENCHMARK] 1654769811086,CSR
glCanvas.js:1127 [BENCHMARK] 1654769811099,CSR
glCanvas.js:1127 [BENCHMARK] 1654769811110,CSR
glCanvas.js:1127 [BENCHMARK] 1654769811141,CSR
glCanvas.js:1127 [BENCHMARK] 1654769811512,CSR
glCanvas.js:1127 [BENCHMARK] 1654769811514,CSR
glCanvas.js:1127 [BENCHMARK] 1654769811516,CSR
glCanvas.js:1127 [BENCHMARK] 1654769811518,CSR
glCanvas.js:1127 [BENCHMARK] 1654769811648,CSR
glCanvas.js:1127 [BENCHMARK] 1654769811650,CSR
glCanvas.js:1127 [BENCHMARK] 1654769811652,CSR
glCanvas.js:1127 [BENCHMARK] 1654769811654,CSR
glCanvas.js:1127 [BENCHMARK] 1654769811717,CSR
glCanvas.js:1127 [BENCHMARK] 1654769811719,CSR
glCanvas.js:1127 [BENCHMARK] 1654769811788,CSR
glCanvas.js:1127 [BENCHMARK] 1654769811790,CSR
glCanvas.js:1127 [BENCHMARK] 1654769811859,CSR
glCanvas.js:1127 [BENCHMARK] 1654769811860,CSR
glCanvas.js:1127 [BENCHMARK] 1654769811929,CSR
glCanvas.js:1127 [BENCHMARK] 1654769811931,CSR
glCanvas.js:1127 [BENCHMARK] 1654769812000,CSR
glCanvas.js:1127 [BENCHMARK] 1654769812002,CSR
glCanvas.js:1127 [BENCHMARK] 1654769812071,CSR
glCanvas.js:1127 [BENCHMARK] 1654769812072,CSR
glCanvas.js:1127 [BENCHMARK] 1654769812322,CSR
glCanvas.js:1127 [BENCHMARK] 1654769812459,CSR
glCanvas.js:1127 [BENCHMARK] 1654769812461,CSR
glCanvas.js:1127 [BENCHMARK] 1654769812463,CSR
glCanvas.js:1127 [BENCHMARK] 1654769812464,CSR
glCanvas.js:1127 [BENCHMARK] 1654769812466,CSR
glCanvas.js:1127 [BENCHMARK] 1654769812467,CSR
glCanvas.js:1127 [BENCHMARK] 1654769812469,CSR
glCanvas.js:1127 [BENCHMARK] 1654769812470,CSR
glCanvas.js:1127 [BENCHMARK] 1654769812472,CSR
glCanvas.js:1127 [BENCHMARK] 1654769812474,CSR
glCanvas.js:1127 [BENCHMARK] 1654769812550,CSR
glCanvas.js:1127 [BENCHMARK] 1654769812551,CSR
glCanvas.js:1127 [BENCHMARK] 1654769812553,CSR
glCanvas.js:1127 [BENCHMARK] 1654769812554,CSR
glCanvas.js:1127 [BENCHMARK] 1654769812562,CSR
glCanvas.js:1127 [BENCHMARK] 1654769812564,CSR
glCanvas.js:1127 [BENCHMARK] 1654769812594,CSR
glCanvas.js:1127 [BENCHMARK] 1654769812595,CSR
glCanvas.js:1127 [BENCHMARK] 1654769812626,CSR
glCanvas.js:1127 [BENCHMARK] 1654769812629,CSR
glCanvas.js:1127 [BENCHMARK] 1654769812678,CSR
glCanvas.js:1127 [BENCHMARK] 1654769812683,CSR
glCanvas.js:1127 [BENCHMARK] 1654769812687,CSR
glCanvas.js:1127 [BENCHMARK] 1654769812700,CSR
glCanvas.js:1127 [BENCHMARK] 1654769812704,CSR
glCanvas.js:1127 [BENCHMARK] 1654769812708,CSR
glCanvas.js:1127 [BENCHMARK] 1654769812725,CSR
glCanvas.js:1127 [BENCHMARK] 1654769812729,CSR
glCanvas.js:1127 [BENCHMARK] 1654769812733,CSR
glCanvas.js:1127 [BENCHMARK] 1654769812753,CSR
glCanvas.js:1127 [BENCHMARK] 1654769812861,CSR
glCanvas.js:1127 [BENCHMARK] 1654769812862,CSR
glCanvas.js:1127 [BENCHMARK] 1654769812892,CSR
glCanvas.js:1127 [BENCHMARK] 1654769812893,CSR
glCanvas.js:1127 [BENCHMARK] 1654769812922,CSR
glCanvas.js:1127 [BENCHMARK] 1654769812924,CSR
glCanvas.js:1127 [BENCHMARK] 1654769812953,CSR
glCanvas.js:1127 [BENCHMARK] 1654769812955,CSR
glCanvas.js:1127 [BENCHMARK] 1654769812984,CSR
glCanvas.js:1127 [BENCHMARK] 1654769812986,CSR
glCanvas.js:1127 [BENCHMARK] 1654769813015,CSR
glCanvas.js:1127 [BENCHMARK] 1654769813017,CSR
glCanvas.js:1127 [BENCHMARK] 1654769813046,CSR
glCanvas.js:1127 [BENCHMARK] 1654769813048,CSR
glCanvas.js:1127 [BENCHMARK] 1654769813076,CSR
glCanvas.js:1127 [BENCHMARK] 1654769813078,CSR
glCanvas.js:1127 [BENCHMARK] 1654769813092,CSR
glCanvas.js:1127 [BENCHMARK] 1654769813099,CSR
glCanvas.js:1127 [BENCHMARK] 1654769813110,CSR
glCanvas.js:1127 [BENCHMARK] 1654769813112,CSR
glCanvas.js:1127 [BENCHMARK] 1654769813132,CSR
glCanvas.js:1127 [BENCHMARK] 1654769813136,CSR
glCanvas.js:1127 [BENCHMARK] 1654769813140,CSR
glCanvas.js:1127 [BENCHMARK] 1654769813142,CSR
glCanvas.js:1127 [BENCHMARK] 1654769813149,CSR
glCanvas.js:1127 [BENCHMARK] 1654769813155,CSR
glCanvas.js:1127 [BENCHMARK] 1654769813158,CSR
glCanvas.js:1127 [BENCHMARK] 1654769813170,CSR
glCanvas.js:1127 [BENCHMARK] 1654769813174,CSR
glCanvas.js:1127 [BENCHMARK] 1654769813177,CSR
glCanvas.js:1127 [BENCHMARK] 1654769813304,CSR
glCanvas.js:1127 [BENCHMARK] 1654769813314,CSR
glCanvas.js:1127 [BENCHMARK] 1654769813348,CSR
glCanvas.js:1127 [BENCHMARK] 1654769813351,CSR
glCanvas.js:1127 [BENCHMARK] 1654769813364,CSR
glCanvas.js:1127 [BENCHMARK] 1654769813369,CSR
glCanvas.js:1127 [BENCHMARK] 1654769813374,CSR
glCanvas.js:1127 [BENCHMARK] 1654769813386,CSR
glCanvas.js:1127 [BENCHMARK] 1654769813393,CSR
glCanvas.js:1127 [BENCHMARK] 1654769813396,CSR
glCanvas.js:1127 [BENCHMARK] 1654769813414,CSR
glCanvas.js:1127 [BENCHMARK] 1654769813623,CSR
glCanvas.js:1127 [BENCHMARK] 1654769813629,CSR
glCanvas.js:1127 [BENCHMARK] 1654769813633,CSR
glCanvas.js:1127 [BENCHMARK] 1654769813637,CSR
glCanvas.js:1127 [BENCHMARK] 1654769813654,CSR
glCanvas.js:1127 [BENCHMARK] 1654769813658,CSR
glCanvas.js:1127 [BENCHMARK] 1654769813661,CSR
glCanvas.js:1127 [BENCHMARK] 1654769813683,CSR
glCanvas.js:1127 [BENCHMARK] 1654769813687,CSR
glCanvas.js:1127 [BENCHMARK] 1654769813692,CSR
glCanvas.js:1127 [BENCHMARK] 1654769813709,CSR
glCanvas.js:1127 [BENCHMARK] 1654769813714,CSR
glCanvas.js:1127 [BENCHMARK] 1654769813718,CSR
glCanvas.js:1127 [BENCHMARK] 1654769813722,CSR
glCanvas.js:1127 [BENCHMARK] 1654769813725,CSR
glCanvas.js:1127 [BENCHMARK] 1654769813750,CSR
glCanvas.js:1127 [BENCHMARK] 1654769813756,CSR
glCanvas.js:1127 [BENCHMARK] 1654769813759,CSR
glCanvas.js:1127 [BENCHMARK] 1654769813771,CSR
glCanvas.js:1127 [BENCHMARK] 1654769813775,CSR
glCanvas.js:1127 [BENCHMARK] 1654769814541,CSR
glCanvas.js:1127 [BENCHMARK] 1654769814719,CSR
glCanvas.js:1127 [BENCHMARK] 1654769814723,CSR
glCanvas.js:1127 [BENCHMARK] 1654769814727,CSR
glCanvas.js:1127 [BENCHMARK] 1654769814731,CSR
glCanvas.js:1127 [BENCHMARK] 1654769814746,CSR
glCanvas.js:1127 [BENCHMARK] 1654769814750,CSR
glCanvas.js:1127 [BENCHMARK] 1654769814754,CSR
glCanvas.js:1127 [BENCHMARK] 1654769814771,CSR
glCanvas.js:1127 [BENCHMARK] 1654769814774,CSR
glCanvas.js:1127 [BENCHMARK] 1654769814778,CSR
glCanvas.js:1127 [BENCHMARK] 1654769814794,CSR
glCanvas.js:1127 [BENCHMARK] 1654769814799,CSR
glCanvas.js:1127 [BENCHMARK] 1654769814802,CSR
glCanvas.js:1127 [BENCHMARK] 1654769814819,CSR
glCanvas.js:1127 [BENCHMARK] 1654769814824,CSR
glCanvas.js:1127 [BENCHMARK] 1654769814829,CSR
glCanvas.js:1127 [BENCHMARK] 1654769814832,CSR
glCanvas.js:1127 [BENCHMARK] 1654769814835,CSR
glCanvas.js:1127 [BENCHMARK] 1654769814853,CSR
glCanvas.js:1127 [BENCHMARK] 1654769814856,CSR
glCanvas.js:1127 [BENCHMARK] 1654769814909,CSR
glCanvas.js:1127 [BENCHMARK] 1654769814914,CSR
glCanvas.js:1127 [BENCHMARK] 1654769814919,CSR
glCanvas.js:1127 [BENCHMARK] 1654769814934,CSR
glCanvas.js:1127 [BENCHMARK] 1654769814939,CSR
glCanvas.js:1127 [BENCHMARK] 1654769814943,CSR
glCanvas.js:1127 [BENCHMARK] 1654769814955,CSR
glCanvas.js:1127 [BENCHMARK] 1654769814959,CSR
glCanvas.js:1127 [BENCHMARK] 1654769814964,CSR
glCanvas.js:1127 [BENCHMARK] 1654769814976,CSR
glCanvas.js:1127 [BENCHMARK] 1654769815329,CSR
glCanvas.js:1127 [BENCHMARK] 1654769815338,CSR
glCanvas.js:1127 [BENCHMARK] 1654769815356,CSR
glCanvas.js:1127 [BENCHMARK] 1654769815381,CSR
glCanvas.js:1127 [BENCHMARK] 1654769815385,CSR
glCanvas.js:1127 [BENCHMARK] 1654769815391,CSR
glCanvas.js:1127 [BENCHMARK] 1654769815395,CSR
glCanvas.js:1127 [BENCHMARK] 1654769815402,CSR
glCanvas.js:1127 [BENCHMARK] 1654769815418,CSR
glCanvas.js:1127 [BENCHMARK] 1654769815422,CSR
glCanvas.js:1127 [BENCHMARK] 1654769815425,CSR
glCanvas.js:1127 [BENCHMARK] 1654769815436,CSR
glCanvas.js:1127 [BENCHMARK] 1654769815440,CSR
glCanvas.js:1127 [BENCHMARK] 1654769815443,CSR
glCanvas.js:1127 [BENCHMARK] 1654769815455,CSR
glCanvas.js:1127 [BENCHMARK] 1654769815459,CSR
glCanvas.js:1127 [BENCHMARK] 1654769815462,CSR
glCanvas.js:1127 [BENCHMARK] 1654769815475,CSR
glCanvas.js:1127 [BENCHMARK] 1654769815478,CSR
glCanvas.js:1127 [BENCHMARK] 1654769815482,CSR
glCanvas.js:1127 [BENCHMARK] 1654769815498,CSR
glCanvas.js:1127 [BENCHMARK] 1654769815501,CSR
glCanvas.js:1127 [BENCHMARK] 1654769815505,CSR
glCanvas.js:1127 [BENCHMARK] 1654769815520,CSR
glCanvas.js:1127 [BENCHMARK] 1654769815525,CSR
glCanvas.js:1127 [BENCHMARK] 1654769815529,CSR
glCanvas.js:1127 [BENCHMARK] 1654769815532,CSR
glCanvas.js:1127 [BENCHMARK] 1654769815544,CSR
glCanvas.js:1127 [BENCHMARK] 1654769815549,CSR
glCanvas.js:1127 [BENCHMARK] 1654769815552,CSR
glCanvas.js:1127 [BENCHMARK] 1654769815598,CSR
glCanvas.js:1127 [BENCHMARK] 1654769815624,CSR
glCanvas.js:1127 [BENCHMARK] 1654769815646,CSR
glCanvas.js:1127 [BENCHMARK] 1654769815667,CSR
glCanvas.js:1127 [BENCHMARK] 1654769815690,CSR
glCanvas.js:1127 [BENCHMARK] 1654769815698,CSR
glCanvas.js:1127 [BENCHMARK] 1654769815707,CSR
glCanvas.js:1127 [BENCHMARK] 1654769815718,CSR
glCanvas.js:1127 [BENCHMARK] 1654769815726,CSR
glCanvas.js:1127 [BENCHMARK] 1654769815739,CSR
glCanvas.js:1127 [BENCHMARK] 1654769815787,CSR
glCanvas.js:1127 [BENCHMARK] 1654769815821,CSR
glCanvas.js:1127 [BENCHMARK] 1654769815832,CSR
glCanvas.js:1127 [BENCHMARK] 1654769815847,CSR
glCanvas.js:1127 [BENCHMARK] 1654769815859,CSR
glCanvas.js:1127 [BENCHMARK] 1654769815879,CSR
glCanvas.js:1127 [BENCHMARK] 1654769815891,CSR
glCanvas.js:1127 [BENCHMARK] 1654769815912,CSR
glCanvas.js:1127 [BENCHMARK] 1654769815938,CSR
glCanvas.js:1127 [BENCHMARK] 1654769815945,CSR
glCanvas.js:1127 [BENCHMARK] 1654769815959,CSR
glCanvas.js:1127 [BENCHMARK] 1654769815968,CSR
glCanvas.js:1127 [BENCHMARK] 1654769815975,CSR
glCanvas.js:1127 [BENCHMARK] 1654769815983,CSR
glCanvas.js:1127 [BENCHMARK] 1654769815994,CSR
glCanvas.js:1127 [BENCHMARK] 1654769816000,CSR
glCanvas.js:1127 [BENCHMARK] 1654769816009,CSR
glCanvas.js:1127 [BENCHMARK] 1654769816016,CSR
glCanvas.js:1127 [BENCHMARK] 1654769816033,CSR
glCanvas.js:1127 [BENCHMARK] 1654769816117,CSR
glCanvas.js:1127 [BENCHMARK] 1654769816124,CSR
glCanvas.js:1127 [BENCHMARK] 1654769816129,CSR
glCanvas.js:1127 [BENCHMARK] 1654769816133,CSR
glCanvas.js:1127 [BENCHMARK] 1654769816149,CSR
glCanvas.js:1127 [BENCHMARK] 1654769816153,CSR
glCanvas.js:1127 [BENCHMARK] 1654769816157,CSR
glCanvas.js:1127 [BENCHMARK] 1654769816174,CSR
glCanvas.js:1127 [BENCHMARK] 1654769816178,CSR
glCanvas.js:1127 [BENCHMARK] 1654769816182,CSR
glCanvas.js:1127 [BENCHMARK] 1654769816200,CSR
glCanvas.js:1127 [BENCHMARK] 1654769816204,CSR
glCanvas.js:1127 [BENCHMARK] 1654769816228,CSR
glCanvas.js:1127 [BENCHMARK] 1654769816251,CSR
glCanvas.js:1127 [BENCHMARK] 1654769816255,CSR
glCanvas.js:1127 [BENCHMARK] 1654769816264,CSR
glCanvas.js:1127 [BENCHMARK] 1654769816279,CSR
glCanvas.js:1127 [BENCHMARK] 1654769816283,CSR
glCanvas.js:1127 [BENCHMARK] 1654769816289,CSR
glCanvas.js:1127 [BENCHMARK] 1654769816293,CSR
glCanvas.js:1127 [BENCHMARK] 1654769816297,CSR
glCanvas.js:1127 [BENCHMARK] 1654769816335,CSR
glCanvas.js:1127 [BENCHMARK] 1654769816342,CSR
glCanvas.js:1127 [BENCHMARK] 1654769816350,CSR
glCanvas.js:1127 [BENCHMARK] 1654769816369,CSR
glCanvas.js:1127 [BENCHMARK] 1654769816375,CSR
glCanvas.js:1127 [BENCHMARK] 1654769816382,CSR
glCanvas.js:1127 [BENCHMARK] 1654769816401,CSR
glCanvas.js:1127 [BENCHMARK] 1654769816409,CSR
glCanvas.js:1127 [BENCHMARK] 1654769816413,CSR
glCanvas.js:1127 [BENCHMARK] 1654769816417,CSR
glCanvas.js:1127 [BENCHMARK] 1654769816451,CSR
glCanvas.js:1127 [BENCHMARK] 1654769816465,CSR
glCanvas.js:1127 [BENCHMARK] 1654769816473,CSR
glCanvas.js:1127 [BENCHMARK] 1654769816477,CSR
glCanvas.js:1127 [BENCHMARK] 1654769816481,CSR
glCanvas.js:1127 [BENCHMARK] 1654769816499,CSR
glCanvas.js:1127 [BENCHMARK] 1654769816502,CSR
glCanvas.js:1127 [BENCHMARK] 1654769816505,CSR
glCanvas.js:1127 [BENCHMARK] 1654769816522,CSR
glCanvas.js:1127 [BENCHMARK] 1654769816526,CSR
glCanvas.js:1127 [BENCHMARK] 1654769816529,CSR
glCanvas.js:1127 [BENCHMARK] 1654769816542,CSR
glCanvas.js:1127 [BENCHMARK] 1654769816548,CSR
glCanvas.js:1127 [BENCHMARK] 1654769816552,CSR
glCanvas.js:1127 [BENCHMARK] 1654769816556,CSR
glCanvas.js:1127 [BENCHMARK] 1654769816570,CSR
glCanvas.js:1127 [BENCHMARK] 1654769816591,CSR
glCanvas.js:1127 [BENCHMARK] 1654769816596,CSR
glCanvas.js:1127 [BENCHMARK] 1654769816601,CSR
glCanvas.js:1127 [BENCHMARK] 1654769816611,CSR
glCanvas.js:1127 [BENCHMARK] 1654769816614,CSR
glCanvas.js:1127 [BENCHMARK] 1654769816617,CSR
glCanvas.js:1127 [BENCHMARK] 1654769816636,CSR
glCanvas.js:1127 [BENCHMARK] 1654769816641,CSR
glCanvas.js:1127 [BENCHMARK] 1654769816645,CSR
glCanvas.js:1127 [BENCHMARK] 1654769816655,CSR
glCanvas.js:1127 [BENCHMARK] 1654769816670,CSR
glCanvas.js:1127 [BENCHMARK] 1654769816678,CSR
glCanvas.js:1127 [BENCHMARK] 1654769816683,CSR
glCanvas.js:1127 [BENCHMARK] 1654769816689,CSR
glCanvas.js:1127 [BENCHMARK] 1654769816706,CSR
glCanvas.js:1127 [BENCHMARK] 1654769816711,CSR
glCanvas.js:1127 [BENCHMARK] 1654769816716,CSR
glCanvas.js:1127 [BENCHMARK] 1654769816720,CSR
glCanvas.js:1127 [BENCHMARK] 1654769816726,CSR
glCanvas.js:1127 [BENCHMARK] 1654769816748,CSR
glCanvas.js:1127 [BENCHMARK] 1654769816752,CSR
glCanvas.js:1127 [BENCHMARK] 1654769816756,CSR
glCanvas.js:1127 [BENCHMARK] 1654769816772,CSR
glCanvas.js:1127 [BENCHMARK] 1654769816788,CSR
glCanvas.js:1127 [BENCHMARK] 1654769816791,CSR
glCanvas.js:1127 [BENCHMARK] 1654769816796,CSR
glCanvas.js:1127 [BENCHMARK] 1654769816802,CSR
glCanvas.js:1127 [BENCHMARK] 1654769816807,CSR
glCanvas.js:1127 [BENCHMARK] 1654769816810,CSR
glCanvas.js:1127 [BENCHMARK] 1654769816837,CSR
glCanvas.js:1127 [BENCHMARK] 1654769816846,CSR
glCanvas.js:1127 [BENCHMARK] 1654769816853,CSR
glCanvas.js:1127 [BENCHMARK] 1654769816858,CSR
glCanvas.js:1127 [BENCHMARK] 1654769816875,CSR
glCanvas.js:1127 [BENCHMARK] 1654769816878,CSR
glCanvas.js:1127 [BENCHMARK] 1654769816882,CSR
glCanvas.js:1127 [BENCHMARK] 1654769816901,CSR
glCanvas.js:1127 [BENCHMARK] 1654769816905,CSR
glCanvas.js:1127 [BENCHMARK] 1654769816908,CSR
glCanvas.js:1127 [BENCHMARK] 1654769816935,CSR
glCanvas.js:1127 [BENCHMARK] 1654769816964,CSR
glCanvas.js:1127 [BENCHMARK] 1654769817026,CSR
glCanvas.js:1127 [BENCHMARK] 1654769817038,CSR
glCanvas.js:1127 [BENCHMARK] 1654769817045,CSR
glCanvas.js:1127 [BENCHMARK] 1654769817054,CSR
glCanvas.js:1127 [BENCHMARK] 1654769817072,CSR
glCanvas.js:1127 [BENCHMARK] 1654769817078,CSR
glCanvas.js:1127 [BENCHMARK] 1654769817105,CSR
glCanvas.js:1127 [BENCHMARK] 1654769817140,CSR
glCanvas.js:1127 [BENCHMARK] 1654769817156,CSR
glCanvas.js:1127 [BENCHMARK] 1654769817167,CSR
glCanvas.js:1127 [BENCHMARK] 1654769817181,CSR
glCanvas.js:1127 [BENCHMARK] 1654769817203,CSR
glCanvas.js:1127 [BENCHMARK] 1654769817215,CSR
glCanvas.js:1127 [BENCHMARK] 1654769817228,CSR
glCanvas.js:1127 [BENCHMARK] 1654769817249,CSR
glCanvas.js:1127 [BENCHMARK] 1654769817262,CSR
glCanvas.js:1127 [BENCHMARK] 1654769817272,CSR
glCanvas.js:1127 [BENCHMARK] 1654769817280,CSR
glCanvas.js:1127 [BENCHMARK] 1654769817291,CSR
glCanvas.js:1127 [BENCHMARK] 1654769817305,CSR
glCanvas.js:1127 [BENCHMARK] 1654769817319,CSR
glCanvas.js:1127 [BENCHMARK] 1654769817327,CSR
glCanvas.js:1127 [BENCHMARK] 1654769817333,CSR
glCanvas.js:1127 [BENCHMARK] 1654769817344,CSR
glCanvas.js:1127 [BENCHMARK] 1654769817350,CSR
glCanvas.js:1127 [BENCHMARK] 1654769817356,CSR
glCanvas.js:1127 [BENCHMARK] 1654769817369,CSR
glCanvas.js:1127 [BENCHMARK] 1654769817377,CSR
glCanvas.js:1127 [BENCHMARK] 1654769817401,CSR
glCanvas.js:1127 [BENCHMARK] 1654769817460,CSR
glCanvas.js:1127 [BENCHMARK] 1654769817464,CSR
glCanvas.js:1127 [BENCHMARK] 1654769817470,CSR
glCanvas.js:1127 [BENCHMARK] 1654769817473,CSR
glCanvas.js:1127 [BENCHMARK] 1654769817477,CSR
glCanvas.js:1127 [BENCHMARK] 1654769817503,CSR
glCanvas.js:1127 [BENCHMARK] 1654769817507,CSR
glCanvas.js:1127 [BENCHMARK] 1654769817510,CSR
glCanvas.js:1127 [BENCHMARK] 1654769817526,CSR
glCanvas.js:1127 [BENCHMARK] 1654769817566,CSR
glCanvas.js:1127 [BENCHMARK] 1654769817570,CSR
glCanvas.js:1127 [BENCHMARK] 1654769817575,CSR
glCanvas.js:1127 [BENCHMARK] 1654769817589,CSR
glCanvas.js:1127 [BENCHMARK] 1654769817595,CSR
glCanvas.js:1127 [BENCHMARK] 1654769817600,CSR
glCanvas.js:1127 [BENCHMARK] 1654769817608,CSR
glCanvas.js:1127 [BENCHMARK] 1654769817612,CSR
glCanvas.js:1127 [BENCHMARK] 1654769817616,CSR
glCanvas.js:1127 [BENCHMARK] 1654769817643,CSR
glCanvas.js:1127 [BENCHMARK] 1654769817650,CSR
glCanvas.js:1127 [BENCHMARK] 1654769817657,CSR
glCanvas.js:1127 [BENCHMARK] 1654769817677,CSR
glCanvas.js:1127 [BENCHMARK] 1654769817685,CSR
glCanvas.js:1127 [BENCHMARK] 1654769817691,CSR
glCanvas.js:1127 [BENCHMARK] 1654769817710,CSR
glCanvas.js:1127 [BENCHMARK] 1654769817718,CSR
glCanvas.js:1127 [BENCHMARK] 1654769817725,CSR
glCanvas.js:1127 [BENCHMARK] 1654769817729,CSR
glCanvas.js:1127 [BENCHMARK] 1654769817745,CSR
glCanvas.js:1127 [BENCHMARK] 1654769817751,CSR
glCanvas.js:1127 [BENCHMARK] 1654769817831,CSR
glCanvas.js:1127 [BENCHMARK] 1654769817840,CSR
glCanvas.js:1127 [BENCHMARK] 1654769817844,CSR
glCanvas.js:1127 [BENCHMARK] 1654769817851,CSR
glCanvas.js:1127 [BENCHMARK] 1654769817871,CSR
glCanvas.js:1127 [BENCHMARK] 1654769817875,CSR
glCanvas.js:1127 [BENCHMARK] 1654769817879,CSR
glCanvas.js:1127 [BENCHMARK] 1654769817893,CSR
glCanvas.js:1127 [BENCHMARK] 1654769817898,CSR
glCanvas.js:1127 [BENCHMARK] 1654769817903,CSR
glCanvas.js:1127 [BENCHMARK] 1654769817921,CSR
glCanvas.js:1127 [BENCHMARK] 1654769817927,CSR
glCanvas.js:1127 [BENCHMARK] 1654769817933,CSR
glCanvas.js:1127 [BENCHMARK] 1654769817952,CSR
glCanvas.js:1127 [BENCHMARK] 1654769817960,CSR
glCanvas.js:1127 [BENCHMARK] 1654769817965,CSR
glCanvas.js:1127 [BENCHMARK] 1654769817987,CSR
glCanvas.js:1127 [BENCHMARK] 1654769817994,CSR
glCanvas.js:1127 [BENCHMARK] 1654769817999,CSR
glCanvas.js:1127 [BENCHMARK] 1654769818013,CSR
glCanvas.js:1127 [BENCHMARK] 1654769818023,CSR
glCanvas.js:1127 [BENCHMARK] 1654769818027,CSR
glCanvas.js:1127 [BENCHMARK] 1654769818046,CSR
glCanvas.js:1127 [BENCHMARK] 1654769818053,CSR
glCanvas.js:1127 [BENCHMARK] 1654769818056,CSR
glCanvas.js:1127 [BENCHMARK] 1654769818061,CSR
glCanvas.js:1127 [BENCHMARK] 1654769818078,CSR
glCanvas.js:1127 [BENCHMARK] 1654769818083,CSR
glCanvas.js:1127 [BENCHMARK] 1654769818089,CSR
glCanvas.js:1127 [BENCHMARK] 1654769818108,CSR
glCanvas.js:1127 [BENCHMARK] 1654769818115,CSR
glCanvas.js:1127 [BENCHMARK] 1654769818120,CSR
glCanvas.js:1127 [BENCHMARK] 1654769818123,CSR
glCanvas.js:1127 [BENCHMARK] 1654769818140,CSR
glCanvas.js:1127 [BENCHMARK] 1654769818170,CSR
glCanvas.js:1127 [BENCHMARK] 1654769818174,CSR
glCanvas.js:1127 [BENCHMARK] 1654769818374,CSR
glCanvas.js:1127 [BENCHMARK] 1654769818577,CSR
glCanvas.js:1127 [BENCHMARK] 1654769818779,CSR
glCanvas.js:1127 [BENCHMARK] 1654769818982,CSR
glCanvas.js:1127 [BENCHMARK] 1654769819234,CSR
glCanvas.js:1127 [BENCHMARK] 1654769819600,CSR
glCanvas.js:1127 [BENCHMARK] 1654769819605,CSR
glCanvas.js:1127 [BENCHMARK] 1654769819611,CSR
glCanvas.js:1127 [BENCHMARK] 1654769819615,CSR
glCanvas.js:1127 [BENCHMARK] 1654769819631,CSR
glCanvas.js:1127 [BENCHMARK] 1654769819635,CSR
glCanvas.js:1127 [BENCHMARK] 1654769819639,CSR
glCanvas.js:1127 [BENCHMARK] 1654769819661,CSR
glCanvas.js:1127 [BENCHMARK] 1654769819665,CSR
glCanvas.js:1127 [BENCHMARK] 1654769819670,CSR
glCanvas.js:1127 [BENCHMARK] 1654769819857,CSR
glCanvas.js:1127 [BENCHMARK] 1654769819862,CSR
glCanvas.js:1127 [BENCHMARK] 1654769819868,CSR
glCanvas.js:1127 [BENCHMARK] 1654769819872,CSR
glCanvas.js:1127 [BENCHMARK] 1654769819883,CSR
glCanvas.js:1127 [BENCHMARK] 1654769819888,CSR
glCanvas.js:1127 [BENCHMARK] 1654769819891,CSR
glCanvas.js:1127 [BENCHMARK] 1654769819908,CSR
glCanvas.js:1127 [BENCHMARK] 1654769819913,CSR
glCanvas.js:1127 [BENCHMARK] 1654769819917,CSR
glCanvas.js:1127 [BENCHMARK] 1654769820065,CSR
glCanvas.js:1127 [BENCHMARK] 1654769820080,CSR
glCanvas.js:1127 [BENCHMARK] 1654769820089,CSR
glCanvas.js:1127 [BENCHMARK] 1654769820094,CSR
glCanvas.js:1127 [BENCHMARK] 1654769820100,CSR
glCanvas.js:1127 [BENCHMARK] 1654769820118,CSR
glCanvas.js:1127 [BENCHMARK] 1654769820123,CSR
glCanvas.js:1127 [BENCHMARK] 1654769820136,CSR
glCanvas.js:1127 [BENCHMARK] 1654769820140,CSR
glCanvas.js:1127 [BENCHMARK] 1654769820143,CSR
glCanvas.js:1127 [BENCHMARK] 1654769820242,CSR
glCanvas.js:1127 [BENCHMARK] 1654769820437,CSR
glCanvas.js:1127 [BENCHMARK] 1654769820442,CSR
glCanvas.js:1127 [BENCHMARK] 1654769820445,CSR
glCanvas.js:1127 [BENCHMARK] 1654769820448,CSR
glCanvas.js:1127 [BENCHMARK] 1654769820463,CSR
glCanvas.js:1127 [BENCHMARK] 1654769820468,CSR
glCanvas.js:1127 [BENCHMARK] 1654769820473,CSR
glCanvas.js:1127 [BENCHMARK] 1654769820486,CSR
glCanvas.js:1127 [BENCHMARK] 1654769820491,CSR
glCanvas.js:1127 [BENCHMARK] 1654769820495,CSR
glCanvas.js:1127 [BENCHMARK] 1654769820512,CSR
glCanvas.js:1127 [BENCHMARK] 1654769820517,CSR
glCanvas.js:1127 [BENCHMARK] 1654769820521,CSR
glCanvas.js:1127 [BENCHMARK] 1654769820538,CSR
glCanvas.js:1127 [BENCHMARK] 1654769820544,CSR
glCanvas.js:1127 [BENCHMARK] 1654769820547,CSR
glCanvas.js:1127 [BENCHMARK] 1654769820550,CSR
glCanvas.js:1127 [BENCHMARK] 1654769820575,CSR
glCanvas.js:1127 [BENCHMARK] 1654769820580,CSR
glCanvas.js:1127 [BENCHMARK] 1654769820583,CSR
glCanvas.js:1127 [BENCHMARK] 1654769820848,CSR
glCanvas.js:1127 [BENCHMARK] 1654769820853,CSR
glCanvas.js:1127 [BENCHMARK] 1654769820880,CSR
glCanvas.js:1127 [BENCHMARK] 1654769820884,CSR
glCanvas.js:1127 [BENCHMARK] 1654769820888,CSR
glCanvas.js:1127 [BENCHMARK] 1654769820901,CSR
glCanvas.js:1127 [BENCHMARK] 1654769820905,CSR
glCanvas.js:1127 [BENCHMARK] 1654769820909,CSR
glCanvas.js:1127 [BENCHMARK] 1654769820923,CSR
glCanvas.js:1127 [BENCHMARK] 1654769820927,CSR
glCanvas.js:1127 [BENCHMARK] 1654769820930,CSR
glCanvas.js:1127 [BENCHMARK] 1654769820943,CSR
glCanvas.js:1127 [BENCHMARK] 1654769820946,CSR
glCanvas.js:1127 [BENCHMARK] 1654769820957,CSR
glCanvas.js:1127 [BENCHMARK] 1654769820986,CSR
glCanvas.js:1127 [BENCHMARK] 1654769821012,CSR
glCanvas.js:1127 [BENCHMARK] 1654769821027,CSR
glCanvas.js:1127 [BENCHMARK] 1654769821041,CSR
glCanvas.js:1127 [BENCHMARK] 1654769821058,CSR
glCanvas.js:1127 [BENCHMARK] 1654769821068,CSR
glCanvas.js:1127 [BENCHMARK] 1654769821090,CSR
glCanvas.js:1127 [BENCHMARK] 1654769821099,CSR
glCanvas.js:1127 [BENCHMARK] 1654769821110,CSR
glCanvas.js:1127 [BENCHMARK] 1654769821175,CSR
glCanvas.js:1127 [BENCHMARK] 1654769821221,CSR
glCanvas.js:1127 [BENCHMARK] 1654769821239,CSR
glCanvas.js:1127 [BENCHMARK] 1654769821265,CSR
glCanvas.js:1127 [BENCHMARK] 1654769821290,CSR
glCanvas.js:1127 [BENCHMARK] 1654769821307,CSR
glCanvas.js:1127 [BENCHMARK] 1654769821322,CSR
glCanvas.js:1127 [BENCHMARK] 1654769821334,CSR
glCanvas.js:1127 [BENCHMARK] 1654769821340,CSR
glCanvas.js:1127 [BENCHMARK] 1654769821346,CSR
glCanvas.js:1127 [BENCHMARK] 1654769821359,CSR
glCanvas.js:1127 [BENCHMARK] 1654769821366,CSR
glCanvas.js:1127 [BENCHMARK] 1654769821371,CSR
glCanvas.js:1127 [BENCHMARK] 1654769821421,CSR
glCanvas.js:1127 [BENCHMARK] 1654769821504,CSR
glCanvas.js:1127 [BENCHMARK] 1654769821509,CSR
glCanvas.js:1127 [BENCHMARK] 1654769821515,CSR
glCanvas.js:1127 [BENCHMARK] 1654769821541,CSR
glCanvas.js:1127 [BENCHMARK] 1654769821546,CSR
glCanvas.js:1127 [BENCHMARK] 1654769821551,CSR
glCanvas.js:1127 [BENCHMARK] 1654769821562,CSR
glCanvas.js:1127 [BENCHMARK] 1654769821572,CSR
glCanvas.js:1127 [BENCHMARK] 1654769821577,CSR
glCanvas.js:1127 [BENCHMARK] 1654769821581,CSR
glCanvas.js:1127 [BENCHMARK] 1654769821596,CSR
glCanvas.js:1127 [BENCHMARK] 1654769821616,CSR
glCanvas.js:1127 [BENCHMARK] 1654769821621,CSR
glCanvas.js:1127 [BENCHMARK] 1654769821625,CSR
glCanvas.js:1127 [BENCHMARK] 1654769821628,CSR
glCanvas.js:1127 [BENCHMARK] 1654769821660,CSR
glCanvas.js:1127 [BENCHMARK] 1654769821665,CSR
glCanvas.js:1127 [BENCHMARK] 1654769821671,CSR
glCanvas.js:1127 [BENCHMARK] 1654769821691,CSR
glCanvas.js:1127 [BENCHMARK] 1654769821700,CSR
glCanvas.js:1127 [BENCHMARK] 1654769821713,CSR
glCanvas.js:1127 [BENCHMARK] 1654769821732,CSR
glCanvas.js:1127 [BENCHMARK] 1654769821738,CSR
glCanvas.js:1127 [BENCHMARK] 1654769821747,CSR
glCanvas.js:1127 [BENCHMARK] 1654769821758,CSR
glCanvas.js:1127 [BENCHMARK] 1654769821762,CSR
glCanvas.js:1127 [BENCHMARK] 1654769821785,CSR
glCanvas.js:1127 [BENCHMARK] 1654769821791,CSR
glCanvas.js:1127 [BENCHMARK] 1654769821795,CSR
glCanvas.js:1127 [BENCHMARK] 1654769821798,CSR
glCanvas.js:1127 [BENCHMARK] 1654769821822,CSR
glCanvas.js:1127 [BENCHMARK] 1654769821828,CSR
glCanvas.js:1127 [BENCHMARK] 1654769821834,CSR
glCanvas.js:1127 [BENCHMARK] 1654769821838,CSR
glCanvas.js:1127 [BENCHMARK] 1654769821841,CSR
glCanvas.js:1127 [BENCHMARK] 1654769821873,CSR
glCanvas.js:1127 [BENCHMARK] 1654769821877,CSR
glCanvas.js:1127 [BENCHMARK] 1654769821882,CSR
glCanvas.js:1127 [BENCHMARK] 1654769821904,CSR
glCanvas.js:1127 [BENCHMARK] 1654769821909,CSR
glCanvas.js:1127 [BENCHMARK] 1654769821919,CSR
glCanvas.js:1127 [BENCHMARK] 1654769821943,CSR
glCanvas.js:1127 [BENCHMARK] 1654769821955,CSR
glCanvas.js:1127 [BENCHMARK] 1654769821958,CSR
glCanvas.js:1127 [BENCHMARK] 1654769821969,CSR
glCanvas.js:1127 [BENCHMARK] 1654769821972,CSR
glCanvas.js:1127 [BENCHMARK] 1654769821993,CSR
glCanvas.js:1127 [BENCHMARK] 1654769822005,CSR
glCanvas.js:1127 [BENCHMARK] 1654769822011,CSR
glCanvas.js:1127 [BENCHMARK] 1654769822016,CSR
glCanvas.js:1127 [BENCHMARK] 1654769822043,CSR
glCanvas.js:1127 [BENCHMARK] 1654769822046,CSR
glCanvas.js:1127 [BENCHMARK] 1654769822064,CSR
glCanvas.js:1127 [BENCHMARK] 1654769822068,CSR
glCanvas.js:1127 [BENCHMARK] 1654769822071,CSR
glCanvas.js:1127 [BENCHMARK] 1654769822157,CSR
glCanvas.js:1127 [BENCHMARK] 1654769822177,CSR
glCanvas.js:1127 [BENCHMARK] 1654769822185,CSR
glCanvas.js:1127 [BENCHMARK] 1654769822201,CSR
glCanvas.js:1127 [BENCHMARK] 1654769822207,CSR
glCanvas.js:1127 [BENCHMARK] 1654769822213,CSR
glCanvas.js:1127 [BENCHMARK] 1654769822225,CSR
glCanvas.js:1127 [BENCHMARK] 1654769822234,CSR
glCanvas.js:1127 [BENCHMARK] 1654769822689,CSR
glCanvas.js:1127 [BENCHMARK] 1654769822691,CSR
glCanvas.js:1127 [BENCHMARK] 1654769822694,CSR
glCanvas.js:1127 [BENCHMARK] 1654769822696,CSR
glCanvas.js:1127 [BENCHMARK] 1654769822698,CSR
glCanvas.js:1127 [BENCHMARK] 1654769822700,CSR
glCanvas.js:1127 [BENCHMARK] 1654769822703,CSR
glCanvas.js:1127 [BENCHMARK] 1654769822795,CSR
glCanvas.js:1127 [BENCHMARK] 1654769822826,CSR
glCanvas.js:1127 [BENCHMARK] 1654769823082,CSR
glCanvas.js:1127 [BENCHMARK] 1654769823200,CSR
glCanvas.js:1127 [BENCHMARK] 1654769823202,CSR
glCanvas.js:1127 [BENCHMARK] 1654769823281,CSR
glCanvas.js:1127 [BENCHMARK] 1654769823317,CSR
glCanvas.js:1127 [BENCHMARK] 1654769823390,CSR
glCanvas.js:1127 [BENCHMARK] 1654769823447,CSR
glCanvas.js:1127 [BENCHMARK] 1654769823459,CSR
glCanvas.js:1127 [BENCHMARK] 1654769823470,CSR
glCanvas.js:1127 [BENCHMARK] 1654769823476,CSR
glCanvas.js:1127 [BENCHMARK] 1654769823491,CSR
glCanvas.js:1127 [BENCHMARK] 1654769823497,CSR
glCanvas.js:1127 [BENCHMARK] 1654769823503,CSR
glCanvas.js:1127 [BENCHMARK] 1654769823521,CSR
glCanvas.js:1127 [BENCHMARK] 1654769823527,CSR
glCanvas.js:1127 [BENCHMARK] 1654769823532,CSR
glCanvas.js:1127 [BENCHMARK] 1654769823549,CSR
glCanvas.js:1127 [BENCHMARK] 1654769823556,CSR
glCanvas.js:1127 [BENCHMARK] 1654769823600,CSR
glCanvas.js:1127 [BENCHMARK] 1654769823670,CSR
glCanvas.js:1127 [BENCHMARK] 1654769823741,CSR
glCanvas.js:1127 [BENCHMARK] 1654769823767,CSR
glCanvas.js:1127 [BENCHMARK] 1654769823773,CSR
glCanvas.js:1127 [BENCHMARK] 1654769823778,CSR
glCanvas.js:1127 [BENCHMARK] 1654769823789,CSR
glCanvas.js:1127 [BENCHMARK] 1654769823794,CSR
glCanvas.js:1127 [BENCHMARK] 1654769823797,CSR
glCanvas.js:1127 [BENCHMARK] 1654769823835,CSR
glCanvas.js:1127 [BENCHMARK] 1654769823841,CSR
glCanvas.js:1127 [BENCHMARK] 1654769823846,CSR
glCanvas.js:1127 [BENCHMARK] 1654769823867,CSR
glCanvas.js:1127 [BENCHMARK] 1654769823892,CSR
glCanvas.js:1127 [BENCHMARK] 1654769823926,CSR
glCanvas.js:1127 [BENCHMARK] 1654769823935,CSR
glCanvas.js:1127 [BENCHMARK] 1654769823982,CSR
glCanvas.js:1127 [BENCHMARK] 1654769823992,CSR
glCanvas.js:1127 [BENCHMARK] 1654769824000,CSR
glCanvas.js:1127 [BENCHMARK] 1654769824011,CSR
glCanvas.js:1127 [BENCHMARK] 1654769824027,CSR
glCanvas.js:1127 [BENCHMARK] 1654769824491,CSR
glCanvas.js:1127 [BENCHMARK] 1654769824494,CSR
glCanvas.js:1127 [BENCHMARK] 1654769824597,CSR
glCanvas.js:1127 [BENCHMARK] 1654769824607,CSR
glCanvas.js:1127 [BENCHMARK] 1654769824611,CSR
glCanvas.js:1127 [BENCHMARK] 1654769824615,CSR
glCanvas.js:1127 [BENCHMARK] 1654769824627,CSR
glCanvas.js:1127 [BENCHMARK] 1654769824631,CSR
glCanvas.js:1127 [BENCHMARK] 1654769824636,CSR
glCanvas.js:1127 [BENCHMARK] 1654769824654,CSR
glCanvas.js:1127 [BENCHMARK] 1654769824658,CSR
glCanvas.js:1127 [BENCHMARK] 1654769824662,CSR
glCanvas.js:1127 [BENCHMARK] 1654769824672,CSR
glCanvas.js:1127 [BENCHMARK] 1654769824676,CSR
glCanvas.js:1127 [BENCHMARK] 1654769824679,CSR
glCanvas.js:1127 [BENCHMARK] 1654769824696,CSR
glCanvas.js:1127 [BENCHMARK] 1654769824702,CSR
glCanvas.js:1127 [BENCHMARK] 1654769824706,CSR
glCanvas.js:1127 [BENCHMARK] 1654769824710,CSR
glCanvas.js:1127 [BENCHMARK] 1654769824713,CSR
glCanvas.js:1127 [BENCHMARK] 1654769825029,CSR
glCanvas.js:1127 [BENCHMARK] 1654769825040,CSR
glCanvas.js:1127 [BENCHMARK] 1654769825054,CSR
glCanvas.js:1127 [BENCHMARK] 1654769825062,CSR
glCanvas.js:1127 [BENCHMARK] 1654769825070,CSR
glCanvas.js:1127 [BENCHMARK] 1654769825079,CSR
glCanvas.js:1127 [BENCHMARK] 1654769825093,CSR
glCanvas.js:1127 [BENCHMARK] 1654769825101,CSR
glCanvas.js:1127 [BENCHMARK] 1654769825110,CSR
glCanvas.js:1127 [BENCHMARK] 1654769825120,CSR
glCanvas.js:1127 [BENCHMARK] 1654769825129,CSR
glCanvas.js:1127 [BENCHMARK] 1654769825136,CSR
glCanvas.js:1127 [BENCHMARK] 1654769825186,CSR
glCanvas.js:1127 [BENCHMARK] 1654769825192,CSR
glCanvas.js:1127 [BENCHMARK] 1654769825201,CSR
glCanvas.js:1127 [BENCHMARK] 1654769825208,CSR
glCanvas.js:1127 [BENCHMARK] 1654769825216,CSR
glCanvas.js:1127 [BENCHMARK] 1654769825223,CSR
glCanvas.js:1127 [BENCHMARK] 1654769825236,CSR
glCanvas.js:1127 [BENCHMARK] 1654769825242,CSR
glCanvas.js:1127 [BENCHMARK] 1654769825531,CSR
glCanvas.js:1127 [BENCHMARK] 1654769825703,CSR
glCanvas.js:1127 [BENCHMARK] 1654769825708,CSR
glCanvas.js:1127 [BENCHMARK] 1654769825713,CSR
glCanvas.js:1127 [BENCHMARK] 1654769825717,CSR
glCanvas.js:1127 [BENCHMARK] 1654769825731,CSR
glCanvas.js:1127 [BENCHMARK] 1654769825734,CSR
glCanvas.js:1127 [BENCHMARK] 1654769825738,CSR
glCanvas.js:1127 [BENCHMARK] 1654769825752,CSR
glCanvas.js:1127 [BENCHMARK] 1654769825758,CSR
glCanvas.js:1127 [BENCHMARK] 1654769825761,CSR
glCanvas.js:1127 [BENCHMARK] 1654769825775,CSR
glCanvas.js:1127 [BENCHMARK] 1654769825779,CSR
glCanvas.js:1127 [BENCHMARK] 1654769825782,CSR
glCanvas.js:1127 [BENCHMARK] 1654769825794,CSR
glCanvas.js:1127 [BENCHMARK] 1654769825797,CSR
glCanvas.js:1127 [BENCHMARK] 1654769825800,CSR
glCanvas.js:1127 [BENCHMARK] 1654769825821,CSR
glCanvas.js:1127 [BENCHMARK] 1654769825827,CSR
glCanvas.js:1127 [BENCHMARK] 1654769825831,CSR
glCanvas.js:1127 [BENCHMARK] 1654769825834,CSR
glCanvas.js:1127 [BENCHMARK] 1654769825960,CSR
glCanvas.js:1127 [BENCHMARK] 1654769825986,CSR
glCanvas.js:1127 [BENCHMARK] 1654769825997,CSR
glCanvas.js:1127 [BENCHMARK] 1654769826009,CSR
glCanvas.js:1127 [BENCHMARK] 1654769826035,CSR
glCanvas.js:1127 [BENCHMARK] 1654769826070,CSR
glCanvas.js:1127 [BENCHMARK] 1654769826085,CSR
glCanvas.js:1127 [BENCHMARK] 1654769826101,CSR
glCanvas.js:1127 [BENCHMARK] 1654769826118,CSR
glCanvas.js:1127 [BENCHMARK] 1654769826143,CSR
glCanvas.js:1127 [BENCHMARK] 1654769826537,CSR
glCanvas.js:1127 [BENCHMARK] 1654769826676,CSR
glCanvas.js:1127 [BENCHMARK] 1654769826681,CSR
glCanvas.js:1127 [BENCHMARK] 1654769826687,CSR
glCanvas.js:1127 [BENCHMARK] 1654769826692,CSR
glCanvas.js:1127 [BENCHMARK] 1654769826707,CSR
glCanvas.js:1127 [BENCHMARK] 1654769826711,CSR
glCanvas.js:1127 [BENCHMARK] 1654769826715,CSR
glCanvas.js:1127 [BENCHMARK] 1654769826729,CSR
glCanvas.js:1127 [BENCHMARK] 1654769826735,CSR
glCanvas.js:1127 [BENCHMARK] 1654769826739,CSR
glCanvas.js:1127 [BENCHMARK] 1654769826753,CSR
glCanvas.js:1127 [BENCHMARK] 1654769826757,CSR
glCanvas.js:1127 [BENCHMARK] 1654769826761,CSR
glCanvas.js:1127 [BENCHMARK] 1654769826779,CSR
glCanvas.js:1127 [BENCHMARK] 1654769826785,CSR
glCanvas.js:1127 [BENCHMARK] 1654769826790,CSR
glCanvas.js:1127 [BENCHMARK] 1654769826794,CSR
glCanvas.js:1127 [BENCHMARK] 1654769826842,CSR
glCanvas.js:1127 [BENCHMARK] 1654769826854,CSR
glCanvas.js:1127 [BENCHMARK] 1654769826871,CSR
glCanvas.js:1127 [BENCHMARK] 1654769826918,CSR
glCanvas.js:1127 [BENCHMARK] 1654769826924,CSR
glCanvas.js:1127 [BENCHMARK] 1654769826931,CSR
glCanvas.js:1127 [BENCHMARK] 1654769826974,CSR
glCanvas.js:1127 [BENCHMARK] 1654769826993,CSR
glCanvas.js:1127 [BENCHMARK] 1654769827009,CSR
glCanvas.js:1127 [BENCHMARK] 1654769827047,CSR
glCanvas.js:1127 [BENCHMARK] 1654769827077,CSR
glCanvas.js:1127 [BENCHMARK] 1654769827092,CSR
glCanvas.js:1127 [BENCHMARK] 1654769827105,CSR
glCanvas.js:1127 [BENCHMARK] 1654769827363,CSR
glCanvas.js:1127 [BENCHMARK] 1654769828184,CSR
glCanvas.js:1127 [BENCHMARK] 1654769828190,CSR
glCanvas.js:1127 [BENCHMARK] 1654769828194,CSR
glCanvas.js:1127 [BENCHMARK] 1654769828197,CSR
glCanvas.js:1127 [BENCHMARK] 1654769828219,CSR
glCanvas.js:1127 [BENCHMARK] 1654769828223,CSR
glCanvas.js:1127 [BENCHMARK] 1654769828228,CSR
glCanvas.js:1127 [BENCHMARK] 1654769828233,CSR
glCanvas.js:1127 [BENCHMARK] 1654769828249,CSR
glCanvas.js:1127 [BENCHMARK] 1654769828310,CSR
glCanvas.js:1127 [BENCHMARK] 1654769828398,CSR
glCanvas.js:1127 [BENCHMARK] 1654769830824,CSR
glCanvas.js:1127 [BENCHMARK] 1654769831159,CSR
glCanvas.js:1127 [BENCHMARK] 1654769831571,CSR
glCanvas.js:1127 [BENCHMARK] 1654769831626,CSR
glCanvas.js:1127 [BENCHMARK] 1654769831682,CSR
glCanvas.js:1127 [BENCHMARK] 1654769832162,CSR
glCanvas.js:1127 [BENCHMARK] 1654769832214,CSR
glCanvas.js:1127 [BENCHMARK] 1654769832372,CSR
glCanvas.js:1127 [BENCHMARK] 1654769832501,CSR
glCanvas.js:1127 [BENCHMARK] 1654769832577,CSR
glCanvas.js:1127 [BENCHMARK] 1654769833286,CSR
glCanvas.js:1127 [BENCHMARK] 1654769833348,CSR
glCanvas.js:1127 [BENCHMARK] 1654769833400,CSR
glCanvas.js:1127 [BENCHMARK] 1654769833451,CSR
glCanvas.js:1127 [BENCHMARK] 1654769833508,CSR
glCanvas.js:1127 [BENCHMARK] 1654769833937,CSR
glCanvas.js:1127 [BENCHMARK] 1654769833990,CSR
glCanvas.js:1127 [BENCHMARK] 1654769834039,CSR
glCanvas.js:1127 [BENCHMARK] 1654769834097,CSR
glCanvas.js:1127 [BENCHMARK] 1654769834108,CSR
glCanvas.js:1127 [BENCHMARK] 1654769834316,CSR
glCanvas.js:1127 [BENCHMARK] 1654769834459,CSR
glCanvas.js:1127 [BENCHMARK] 1654769834576,CSR
glCanvas.js:1127 [BENCHMARK] 1654769834656,CSR
glCanvas.js:1127 [BENCHMARK] 1654769834664,CSR
glCanvas.js:1127 [BENCHMARK] 1654769835259,CSR
glCanvas.js:1127 [BENCHMARK] 1654769835301,CSR
glCanvas.js:1127 [BENCHMARK] 1654769835304,CSR
glCanvas.js:1127 [BENCHMARK] 1654769835770,CSR
glCanvas.js:1127 [BENCHMARK] 1654769835926,CSR
glCanvas.js:1127 [BENCHMARK] 1654769836018,CSR
glCanvas.js:1127 [BENCHMARK] 1654769836026,CSR
glCanvas.js:1127 [BENCHMARK] 1654769836055,CSR
glCanvas.js:1127 [BENCHMARK] 1654769836081,CSR
glCanvas.js:1127 [BENCHMARK] 1654769836166,CSR
glCanvas.js:1127 [BENCHMARK] 1654769836169,CSR
glCanvas.js:1127 [BENCHMARK] 1654769836176,CSR
glCanvas.js:1127 [BENCHMARK] 1654769836421,CSR
glCanvas.js:1127 [BENCHMARK] 1654769836614,CSR
glCanvas.js:1127 [BENCHMARK] 1654769836625,CSR
glCanvas.js:1127 [BENCHMARK] 1654769836856,CSR
glCanvas.js:1127 [BENCHMARK] 1654769837022,CSR
glCanvas.js:1127 [BENCHMARK] 1654769837028,CSR
glCanvas.js:1127 [BENCHMARK] 1654769837246,CSR
glCanvas.js:1127 [BENCHMARK] 1654769837316,CSR
glCanvas.js:1127 [BENCHMARK] 1654769837320,CSR
glCanvas.js:1127 [BENCHMARK] 1654769837323,CSR
glCanvas.js:1127 [BENCHMARK] 1654769837366,CSR
glCanvas.js:1127 [BENCHMARK] 1654769837375,CSR
glCanvas.js:1127 [BENCHMARK] 1654769837634,CSR
glCanvas.js:1127 [BENCHMARK] 1654769838301,CSR
glCanvas.js:1127 [BENCHMARK] 1654769838347,CSR
glCanvas.js:1127 [BENCHMARK] 1654769838389,CSR
