glCanvas.js:1107 [BENCHMARK] 1654768434490,X
glCanvas.js:1107 [BENCHMARK] 1654768434500,X
glCanvas.js:1107 [BENCHMARK] 1654768434506,X
glCanvas.js:1107 [BENCHMARK] 1654768435153,X
glCanvas.js:1107 [BENCHMARK] 1654768435545,X
glCanvas.js:1107 [BENCHMARK] 1654768435549,X
glCanvas.js:1107 [BENCHMARK] 1654768435556,X
glCanvas.js:1107 [BENCHMARK] 1654768435559,X
glCanvas.js:1107 [BENCHMARK] 1654768435564,X
glCanvas.js:1107 [BENCHMARK] 1654768435566,X
glCanvas.js:1107 [BENCHMARK] 1654768436278,X
glCanvas.js:1127 [BENCHMARK] 1654768436532,SSR
manager.js:159 [BENCHMARK] 1654768437252,firstRender
glCanvas.js:1127 [BENCHMARK] 1654768437293,SSR
glCanvas.js:1127 [BENCHMARK] 1654768437300,SSR
glCanvas.js:1127 [BENCHMARK] 1654768437309,SSR
glCanvas.js:1127 [BENCHMARK] 1654768437350,SSR
glCanvas.js:1127 [BENCHMARK] 1654768437352,SSR
glCanvas.js:1127 [BENCHMARK] 1654768437357,SSR
glCanvas.js:1127 [BENCHMARK] 1654768437361,SSR
glCanvas.js:1127 [BENCHMARK] 1654768437383,SSR
glCanvas.js:1127 [BENCHMARK] 1654768437573,SSR
glCanvas.js:1127 [BENCHMARK] 1654768437581,SSR
glCanvas.js:1127 [BENCHMARK] 1654768437588,SSR
glCanvas.js:1127 [BENCHMARK] 1654768437596,SSR
glCanvas.js:1127 [BENCHMARK] 1654768437614,SSR
glCanvas.js:1127 [BENCHMARK] 1654768438458,SSR
glCanvas.js:1127 [BENCHMARK] 1654768438557,SSR
glCanvas.js:1127 [BENCHMARK] 1654768438560,SSR
glCanvas.js:1107 [BENCHMARK] 1654768439679,X
glCanvas.js:1107 [BENCHMARK] 1654768439681,X
glCanvas.js:1107 [BENCHMARK] 1654768439693,X
glCanvas.js:1107 [BENCHMARK] 1654768439695,X
glCanvas.js:1107 [BENCHMARK] 1654768439726,X
glCanvas.js:1107 [BENCHMARK] 1654768439727,X
glCanvas.js:1107 [BENCHMARK] 1654768439766,X
glCanvas.js:1107 [BENCHMARK] 1654768439767,X
glCanvas.js:1107 [BENCHMARK] 1654768439779,X
glCanvas.js:1107 [BENCHMARK] 1654768439781,X
glCanvas.js:1107 [BENCHMARK] 1654768439793,X
glCanvas.js:1107 [BENCHMARK] 1654768439794,X
glCanvas.js:1107 [BENCHMARK] 1654768439808,X
glCanvas.js:1107 [BENCHMARK] 1654768439810,X
glCanvas.js:1107 [BENCHMARK] 1654768439823,X
glCanvas.js:1107 [BENCHMARK] 1654768439825,X
glCanvas.js:1107 [BENCHMARK] 1654768439840,X
glCanvas.js:1107 [BENCHMARK] 1654768439841,X
glCanvas.js:1107 [BENCHMARK] 1654768439856,X
glCanvas.js:1107 [BENCHMARK] 1654768439858,X
glCanvas.js:1107 [BENCHMARK] 1654768440075,X
glCanvas.js:1107 [BENCHMARK] 1654768440077,X
glCanvas.js:1107 [BENCHMARK] 1654768440085,X
glCanvas.js:1107 [BENCHMARK] 1654768440086,X
glCanvas.js:1107 [BENCHMARK] 1654768440100,X
glCanvas.js:1107 [BENCHMARK] 1654768440101,X
glCanvas.js:1107 [BENCHMARK] 1654768440112,X
glCanvas.js:1107 [BENCHMARK] 1654768440114,X
glCanvas.js:1107 [BENCHMARK] 1654768440125,X
glCanvas.js:1107 [BENCHMARK] 1654768440127,X
glCanvas.js:1107 [BENCHMARK] 1654768440138,X
glCanvas.js:1107 [BENCHMARK] 1654768440140,X
glCanvas.js:1107 [BENCHMARK] 1654768440266,X
glCanvas.js:1107 [BENCHMARK] 1654768440267,X
glCanvas.js:1107 [BENCHMARK] 1654768440269,X
glCanvas.js:1107 [BENCHMARK] 1654768440271,X
glCanvas.js:1107 [BENCHMARK] 1654768440272,X
glCanvas.js:1107 [BENCHMARK] 1654768440273,X
glCanvas.js:1107 [BENCHMARK] 1654768440275,X
glCanvas.js:1107 [BENCHMARK] 1654768440276,X
glCanvas.js:1107 [BENCHMARK] 1654768440295,X
glCanvas.js:1107 [BENCHMARK] 1654768440554,X
glCanvas.js:1107 [BENCHMARK] 1654768440555,X
glCanvas.js:1107 [BENCHMARK] 1654768440557,X
glCanvas.js:1107 [BENCHMARK] 1654768440558,X
glCanvas.js:1107 [BENCHMARK] 1654768440559,X
glCanvas.js:1107 [BENCHMARK] 1654768440560,X
glCanvas.js:1107 [BENCHMARK] 1654768440561,X
glCanvas.js:1107 [BENCHMARK] 1654768440562,X
glCanvas.js:1107 [BENCHMARK] 1654768440564,X
glCanvas.js:1107 [BENCHMARK] 1654768440565,X
glCanvas.js:1107 [BENCHMARK] 1654768440566,X
glCanvas.js:1107 [BENCHMARK] 1654768440567,X
glCanvas.js:1107 [BENCHMARK] 1654768440568,X
glCanvas.js:1107 [BENCHMARK] 1654768440569,X
glCanvas.js:1107 [BENCHMARK] 1654768440571,X
glCanvas.js:1107 [BENCHMARK] 1654768440572,X
glCanvas.js:1107 [BENCHMARK] 1654768440574,X
glCanvas.js:1107 [BENCHMARK] 1654768440575,X
glCanvas.js:1107 [BENCHMARK] 1654768440576,X
glCanvas.js:1107 [BENCHMARK] 1654768440577,X
glCanvas.js:1107 [BENCHMARK] 1654768440625,X
glCanvas.js:1107 [BENCHMARK] 1654768440639,X
glCanvas.js:1107 [BENCHMARK] 1654768440643,X
glCanvas.js:1107 [BENCHMARK] 1654768440649,X
glCanvas.js:1107 [BENCHMARK] 1654768440662,X
glCanvas.js:1107 [BENCHMARK] 1654768440681,X
glCanvas.js:1107 [BENCHMARK] 1654768440698,X
glCanvas.js:1107 [BENCHMARK] 1654768440704,X
glCanvas.js:1107 [BENCHMARK] 1654768440727,X
glCanvas.js:1107 [BENCHMARK] 1654768440738,X
glCanvas.js:1107 [BENCHMARK] 1654768440740,X
glCanvas.js:1107 [BENCHMARK] 1654768440747,X
glCanvas.js:1107 [BENCHMARK] 1654768440749,X
glCanvas.js:1107 [BENCHMARK] 1654768440751,X
glCanvas.js:1107 [BENCHMARK] 1654768440752,X
glCanvas.js:1107 [BENCHMARK] 1654768440769,X
glCanvas.js:1107 [BENCHMARK] 1654768440770,X
glCanvas.js:1107 [BENCHMARK] 1654768440771,X
glCanvas.js:1107 [BENCHMARK] 1654768440773,X
glCanvas.js:1107 [BENCHMARK] 1654768440774,X
glCanvas.js:1107 [BENCHMARK] 1654768440775,X
glCanvas.js:1107 [BENCHMARK] 1654768440782,X
glCanvas.js:1107 [BENCHMARK] 1654768440783,X
glCanvas.js:1107 [BENCHMARK] 1654768440786,X
glCanvas.js:1107 [BENCHMARK] 1654768440788,X
glCanvas.js:1107 [BENCHMARK] 1654768440790,X
glCanvas.js:1107 [BENCHMARK] 1654768440791,X
glCanvas.js:1107 [BENCHMARK] 1654768440793,X
glCanvas.js:1107 [BENCHMARK] 1654768440794,X
glCanvas.js:1107 [BENCHMARK] 1654768440838,X
glCanvas.js:1107 [BENCHMARK] 1654768440856,X
glCanvas.js:1107 [BENCHMARK] 1654768440881,X
glCanvas.js:1107 [BENCHMARK] 1654768440904,X
glCanvas.js:1107 [BENCHMARK] 1654768440910,X
glCanvas.js:1107 [BENCHMARK] 1654768440915,X
glCanvas.js:1107 [BENCHMARK] 1654768440922,X
glCanvas.js:1107 [BENCHMARK] 1654768440938,X
glCanvas.js:1107 [BENCHMARK] 1654768440954,X
glCanvas.js:1107 [BENCHMARK] 1654768440972,X
glCanvas.js:1107 [BENCHMARK] 1654768440977,X
glCanvas.js:1107 [BENCHMARK] 1654768440989,X
glCanvas.js:1107 [BENCHMARK] 1654768441011,X
glCanvas.js:1107 [BENCHMARK] 1654768441014,X
glCanvas.js:1107 [BENCHMARK] 1654768441015,X
glCanvas.js:1107 [BENCHMARK] 1654768441017,X
glCanvas.js:1107 [BENCHMARK] 1654768441018,X
glCanvas.js:1107 [BENCHMARK] 1654768441020,X
glCanvas.js:1107 [BENCHMARK] 1654768441021,X
glCanvas.js:1107 [BENCHMARK] 1654768441023,X
glCanvas.js:1107 [BENCHMARK] 1654768441024,X
glCanvas.js:1107 [BENCHMARK] 1654768441031,X
glCanvas.js:1107 [BENCHMARK] 1654768441033,X
glCanvas.js:1107 [BENCHMARK] 1654768441035,X
glCanvas.js:1107 [BENCHMARK] 1654768441036,X
glCanvas.js:1107 [BENCHMARK] 1654768441038,X
glCanvas.js:1107 [BENCHMARK] 1654768441040,X
glCanvas.js:1107 [BENCHMARK] 1654768441042,X
glCanvas.js:1107 [BENCHMARK] 1654768441043,X
glCanvas.js:1107 [BENCHMARK] 1654768441047,X
glCanvas.js:1107 [BENCHMARK] 1654768441048,X
glCanvas.js:1107 [BENCHMARK] 1654768441055,X
glCanvas.js:1107 [BENCHMARK] 1654768441056,X
glCanvas.js:1107 [BENCHMARK] 1654768441074,X
glCanvas.js:1107 [BENCHMARK] 1654768441094,X
glCanvas.js:1107 [BENCHMARK] 1654768441100,X
glCanvas.js:1107 [BENCHMARK] 1654768441106,X
glCanvas.js:1107 [BENCHMARK] 1654768441111,X
glCanvas.js:1107 [BENCHMARK] 1654768441115,X
glCanvas.js:1107 [BENCHMARK] 1654768441121,X
glCanvas.js:1107 [BENCHMARK] 1654768441126,X
glCanvas.js:1107 [BENCHMARK] 1654768441180,X
glCanvas.js:1107 [BENCHMARK] 1654768441192,X
glCanvas.js:1107 [BENCHMARK] 1654768441223,X
glCanvas.js:1107 [BENCHMARK] 1654768441253,X
glCanvas.js:1107 [BENCHMARK] 1654768441272,X
glCanvas.js:1107 [BENCHMARK] 1654768441305,X
glCanvas.js:1127 [BENCHMARK] 1654768441551,SSR
glCanvas.js:1127 [BENCHMARK] 1654768441606,CSR
glCanvas.js:1127 [BENCHMARK] 1654768441612,CSR
glCanvas.js:1127 [BENCHMARK] 1654768441617,CSR
glCanvas.js:1127 [BENCHMARK] 1654768441631,CSR
glCanvas.js:1127 [BENCHMARK] 1654768441636,CSR
glCanvas.js:1127 [BENCHMARK] 1654768441642,CSR
glCanvas.js:1127 [BENCHMARK] 1654768441663,CSR
glCanvas.js:1127 [BENCHMARK] 1654768441669,CSR
glCanvas.js:1127 [BENCHMARK] 1654768441673,CSR
glCanvas.js:1127 [BENCHMARK] 1654768441691,CSR
glCanvas.js:1127 [BENCHMARK] 1654768441699,CSR
glCanvas.js:1127 [BENCHMARK] 1654768441704,CSR
glCanvas.js:1127 [BENCHMARK] 1654768441723,CSR
glCanvas.js:1127 [BENCHMARK] 1654768441735,CSR
glCanvas.js:1127 [BENCHMARK] 1654768442066,CSR
glCanvas.js:1127 [BENCHMARK] 1654768442165,CSR
glCanvas.js:1127 [BENCHMARK] 1654768442168,SSR
glCanvas.js:1127 [BENCHMARK] 1654768442453,CSR
glCanvas.js:1127 [BENCHMARK] 1654768442460,CSR
glCanvas.js:1127 [BENCHMARK] 1654768442466,CSR
glCanvas.js:1127 [BENCHMARK] 1654768442474,CSR
glCanvas.js:1127 [BENCHMARK] 1654768442501,CSR
glCanvas.js:1127 [BENCHMARK] 1654768442506,CSR
glCanvas.js:1127 [BENCHMARK] 1654768442511,CSR
glCanvas.js:1127 [BENCHMARK] 1654768442530,CSR
glCanvas.js:1127 [BENCHMARK] 1654768442535,CSR
glCanvas.js:1127 [BENCHMARK] 1654768442540,CSR
glCanvas.js:1127 [BENCHMARK] 1654768442791,CSR
glCanvas.js:1127 [BENCHMARK] 1654768443075,CSR
glCanvas.js:1127 [BENCHMARK] 1654768443084,CSR
glCanvas.js:1127 [BENCHMARK] 1654768443090,CSR
glCanvas.js:1127 [BENCHMARK] 1654768443097,CSR
glCanvas.js:1127 [BENCHMARK] 1654768443112,CSR
glCanvas.js:1127 [BENCHMARK] 1654768443118,CSR
glCanvas.js:1127 [BENCHMARK] 1654768443123,CSR
glCanvas.js:1127 [BENCHMARK] 1654768443142,CSR
glCanvas.js:1127 [BENCHMARK] 1654768443147,CSR
glCanvas.js:1127 [BENCHMARK] 1654768443152,CSR
glCanvas.js:1127 [BENCHMARK] 1654768443170,CSR
glCanvas.js:1127 [BENCHMARK] 1654768443174,CSR
glCanvas.js:1127 [BENCHMARK] 1654768443179,CSR
glCanvas.js:1127 [BENCHMARK] 1654768443199,CSR
glCanvas.js:1127 [BENCHMARK] 1654768443203,CSR
glCanvas.js:1127 [BENCHMARK] 1654768443209,CSR
glCanvas.js:1127 [BENCHMARK] 1654768443225,CSR
glCanvas.js:1127 [BENCHMARK] 1654768443233,CSR
glCanvas.js:1127 [BENCHMARK] 1654768443238,CSR
glCanvas.js:1127 [BENCHMARK] 1654768443256,CSR
glCanvas.js:1127 [BENCHMARK] 1654768443261,CSR
glCanvas.js:1127 [BENCHMARK] 1654768443265,CSR
glCanvas.js:1127 [BENCHMARK] 1654768443282,CSR
glCanvas.js:1127 [BENCHMARK] 1654768443284,CSR
glCanvas.js:1127 [BENCHMARK] 1654768443286,CSR
glCanvas.js:1127 [BENCHMARK] 1654768443287,CSR
glCanvas.js:1127 [BENCHMARK] 1654768443291,CSR
glCanvas.js:1127 [BENCHMARK] 1654768443294,CSR
glCanvas.js:1127 [BENCHMARK] 1654768443296,CSR
glCanvas.js:1127 [BENCHMARK] 1654768443323,CSR
glCanvas.js:1127 [BENCHMARK] 1654768443326,CSR
glCanvas.js:1127 [BENCHMARK] 1654768443329,CSR
glCanvas.js:1127 [BENCHMARK] 1654768443332,CSR
glCanvas.js:1127 [BENCHMARK] 1654768443337,CSR
glCanvas.js:1127 [BENCHMARK] 1654768443340,CSR
glCanvas.js:1127 [BENCHMARK] 1654768443346,CSR
glCanvas.js:1127 [BENCHMARK] 1654768443349,CSR
glCanvas.js:1127 [BENCHMARK] 1654768443358,CSR
glCanvas.js:1127 [BENCHMARK] 1654768443364,CSR
glCanvas.js:1127 [BENCHMARK] 1654768443367,CSR
glCanvas.js:1127 [BENCHMARK] 1654768443394,CSR
glCanvas.js:1127 [BENCHMARK] 1654768443396,CSR
glCanvas.js:1127 [BENCHMARK] 1654768443400,CSR
glCanvas.js:1127 [BENCHMARK] 1654768443402,CSR
glCanvas.js:1127 [BENCHMARK] 1654768443408,CSR
glCanvas.js:1127 [BENCHMARK] 1654768443604,CSR
glCanvas.js:1127 [BENCHMARK] 1654768443606,CSR
glCanvas.js:1127 [BENCHMARK] 1654768443609,CSR
glCanvas.js:1127 [BENCHMARK] 1654768443612,CSR
glCanvas.js:1127 [BENCHMARK] 1654768443615,CSR
glCanvas.js:1127 [BENCHMARK] 1654768443617,CSR
glCanvas.js:1127 [BENCHMARK] 1654768443621,CSR
glCanvas.js:1127 [BENCHMARK] 1654768443623,CSR
glCanvas.js:1127 [BENCHMARK] 1654768443650,CSR
glCanvas.js:1127 [BENCHMARK] 1654768443652,CSR
glCanvas.js:1127 [BENCHMARK] 1654768443655,CSR
glCanvas.js:1127 [BENCHMARK] 1654768443657,CSR
glCanvas.js:1127 [BENCHMARK] 1654768443659,CSR
glCanvas.js:1127 [BENCHMARK] 1654768443661,CSR
glCanvas.js:1107 [BENCHMARK] 1654768443663,X
glCanvas.js:1107 [BENCHMARK] 1654768443664,X
glCanvas.js:1107 [BENCHMARK] 1654768443665,X
glCanvas.js:1107 [BENCHMARK] 1654768443666,X
glCanvas.js:1107 [BENCHMARK] 1654768443668,X
glCanvas.js:1107 [BENCHMARK] 1654768443669,X
glCanvas.js:1127 [BENCHMARK] 1654768443760,SSR
glCanvas.js:1127 [BENCHMARK] 1654768444380,SSR
glCanvas.js:1127 [BENCHMARK] 1654768444429,SSR
glCanvas.js:1127 [BENCHMARK] 1654768444438,SSR
glCanvas.js:1127 [BENCHMARK] 1654768444446,SSR
glCanvas.js:1127 [BENCHMARK] 1654768444455,SSR
glCanvas.js:1127 [BENCHMARK] 1654768444466,SSR
glCanvas.js:1127 [BENCHMARK] 1654768444472,SSR
glCanvas.js:1127 [BENCHMARK] 1654768444494,SSR
glCanvas.js:1127 [BENCHMARK] 1654768444588,SSR
glCanvas.js:1107 [BENCHMARK] 1654768444667,X
glCanvas.js:1107 [BENCHMARK] 1654768444672,X
glCanvas.js:1127 [BENCHMARK] 1654768444678,CSR
glCanvas.js:1127 [BENCHMARK] 1654768444684,CSR
glCanvas.js:1127 [BENCHMARK] 1654768444693,CSR
glCanvas.js:1127 [BENCHMARK] 1654768444696,CSR
glCanvas.js:1127 [BENCHMARK] 1654768444702,CSR
glCanvas.js:1127 [BENCHMARK] 1654768444713,CSR
glCanvas.js:1127 [BENCHMARK] 1654768444716,CSR
glCanvas.js:1127 [BENCHMARK] 1654768444719,CSR
glCanvas.js:1127 [BENCHMARK] 1654768444724,CSR
glCanvas.js:1127 [BENCHMARK] 1654768444739,CSR
glCanvas.js:1127 [BENCHMARK] 1654768444742,CSR
glCanvas.js:1127 [BENCHMARK] 1654768444844,CSR
glCanvas.js:1127 [BENCHMARK] 1654768444945,CSR
glCanvas.js:1127 [BENCHMARK] 1654768444951,CSR
glCanvas.js:1127 [BENCHMARK] 1654768444956,CSR
glCanvas.js:1127 [BENCHMARK] 1654768444962,CSR
glCanvas.js:1127 [BENCHMARK] 1654768444967,CSR
glCanvas.js:1127 [BENCHMARK] 1654768444991,CSR
glCanvas.js:1127 [BENCHMARK] 1654768444993,CSR
glCanvas.js:1127 [BENCHMARK] 1654768444995,CSR
glCanvas.js:1127 [BENCHMARK] 1654768444998,CSR
glCanvas.js:1127 [BENCHMARK] 1654768445000,CSR
glCanvas.js:1127 [BENCHMARK] 1654768445002,CSR
glCanvas.js:1127 [BENCHMARK] 1654768445025,CSR
glCanvas.js:1127 [BENCHMARK] 1654768445027,CSR
glCanvas.js:1127 [BENCHMARK] 1654768445223,CSR
glCanvas.js:1127 [BENCHMARK] 1654768445236,CSR
glCanvas.js:1127 [BENCHMARK] 1654768445249,CSR
glCanvas.js:1127 [BENCHMARK] 1654768445262,CSR
glCanvas.js:1127 [BENCHMARK] 1654768445275,CSR
glCanvas.js:1127 [BENCHMARK] 1654768445288,CSR
glCanvas.js:1127 [BENCHMARK] 1654768445301,CSR
glCanvas.js:1127 [BENCHMARK] 1654768445313,CSR
glCanvas.js:1127 [BENCHMARK] 1654768445326,CSR
glCanvas.js:1127 [BENCHMARK] 1654768445339,CSR
glCanvas.js:1127 [BENCHMARK] 1654768445557,CSR
glCanvas.js:1107 [BENCHMARK] 1654768445569,X
glCanvas.js:1107 [BENCHMARK] 1654768445582,X
glCanvas.js:1107 [BENCHMARK] 1654768445594,X
glCanvas.js:1107 [BENCHMARK] 1654768445608,X
glCanvas.js:1107 [BENCHMARK] 1654768445621,X
glCanvas.js:1107 [BENCHMARK] 1654768445633,X
glCanvas.js:1107 [BENCHMARK] 1654768445646,X
glCanvas.js:1107 [BENCHMARK] 1654768445658,X
glCanvas.js:1107 [BENCHMARK] 1654768445671,X
glCanvas.js:1107 [BENCHMARK] 1654768445929,X
glCanvas.js:1127 [BENCHMARK] 1654768446249,SSR
glCanvas.js:1127 [BENCHMARK] 1654768446286,CSR
glCanvas.js:1127 [BENCHMARK] 1654768446290,CSR
glCanvas.js:1127 [BENCHMARK] 1654768446295,CSR
glCanvas.js:1127 [BENCHMARK] 1654768446305,CSR
glCanvas.js:1127 [BENCHMARK] 1654768446309,CSR
glCanvas.js:1127 [BENCHMARK] 1654768446313,CSR
glCanvas.js:1127 [BENCHMARK] 1654768446330,CSR
glCanvas.js:1127 [BENCHMARK] 1654768446336,CSR
glCanvas.js:1127 [BENCHMARK] 1654768446340,CSR
glCanvas.js:1127 [BENCHMARK] 1654768446691,CSR
glCanvas.js:1127 [BENCHMARK] 1654768446790,CSR
glCanvas.js:1127 [BENCHMARK] 1654768446792,SSR
glCanvas.js:1127 [BENCHMARK] 1654768447138,CSR
glCanvas.js:1127 [BENCHMARK] 1654768447143,CSR
glCanvas.js:1127 [BENCHMARK] 1654768447148,CSR
glCanvas.js:1127 [BENCHMARK] 1654768447154,CSR
glCanvas.js:1127 [BENCHMARK] 1654768447172,CSR
glCanvas.js:1127 [BENCHMARK] 1654768447177,CSR
glCanvas.js:1127 [BENCHMARK] 1654768447183,CSR
glCanvas.js:1127 [BENCHMARK] 1654768447201,CSR
glCanvas.js:1127 [BENCHMARK] 1654768447205,CSR
glCanvas.js:1127 [BENCHMARK] 1654768447211,CSR
glCanvas.js:1127 [BENCHMARK] 1654768447355,CSR
glCanvas.js:1127 [BENCHMARK] 1654768447585,CSR
glCanvas.js:1127 [BENCHMARK] 1654768447594,CSR
glCanvas.js:1127 [BENCHMARK] 1654768447601,CSR
glCanvas.js:1127 [BENCHMARK] 1654768447608,CSR
glCanvas.js:1127 [BENCHMARK] 1654768447615,CSR
glCanvas.js:1127 [BENCHMARK] 1654768447632,CSR
glCanvas.js:1127 [BENCHMARK] 1654768447636,CSR
glCanvas.js:1127 [BENCHMARK] 1654768447640,CSR
glCanvas.js:1127 [BENCHMARK] 1654768447658,CSR
glCanvas.js:1127 [BENCHMARK] 1654768447662,CSR
glCanvas.js:1127 [BENCHMARK] 1654768447672,CSR
glCanvas.js:1127 [BENCHMARK] 1654768447677,CSR
glCanvas.js:1127 [BENCHMARK] 1654768447683,CSR
glCanvas.js:1127 [BENCHMARK] 1654768447706,CSR
glCanvas.js:1127 [BENCHMARK] 1654768447710,CSR
glCanvas.js:1127 [BENCHMARK] 1654768447715,CSR
glCanvas.js:1127 [BENCHMARK] 1654768447733,CSR
glCanvas.js:1127 [BENCHMARK] 1654768447739,CSR
glCanvas.js:1127 [BENCHMARK] 1654768447743,CSR
glCanvas.js:1127 [BENCHMARK] 1654768447762,CSR
glCanvas.js:1127 [BENCHMARK] 1654768447893,CSR
glCanvas.js:1127 [BENCHMARK] 1654768447895,CSR
glCanvas.js:1127 [BENCHMARK] 1654768447897,CSR
glCanvas.js:1127 [BENCHMARK] 1654768447899,CSR
glCanvas.js:1127 [BENCHMARK] 1654768447904,CSR
glCanvas.js:1127 [BENCHMARK] 1654768447908,CSR
glCanvas.js:1127 [BENCHMARK] 1654768447910,CSR
glCanvas.js:1127 [BENCHMARK] 1654768447912,CSR
glCanvas.js:1127 [BENCHMARK] 1654768447915,CSR
glCanvas.js:1127 [BENCHMARK] 1654768447917,CSR
glCanvas.js:1127 [BENCHMARK] 1654768447947,CSR
glCanvas.js:1127 [BENCHMARK] 1654768447949,CSR
glCanvas.js:1127 [BENCHMARK] 1654768447952,CSR
glCanvas.js:1127 [BENCHMARK] 1654768447954,CSR
glCanvas.js:1127 [BENCHMARK] 1654768447956,CSR
glCanvas.js:1127 [BENCHMARK] 1654768447958,CSR
glCanvas.js:1127 [BENCHMARK] 1654768447960,CSR
glCanvas.js:1127 [BENCHMARK] 1654768447961,CSR
glCanvas.js:1127 [BENCHMARK] 1654768447963,CSR
glCanvas.js:1127 [BENCHMARK] 1654768447965,CSR
glCanvas.js:1127 [BENCHMARK] 1654768448155,CSR
glCanvas.js:1127 [BENCHMARK] 1654768448157,CSR
glCanvas.js:1127 [BENCHMARK] 1654768448161,CSR
glCanvas.js:1127 [BENCHMARK] 1654768448163,CSR
glCanvas.js:1127 [BENCHMARK] 1654768448168,CSR
glCanvas.js:1127 [BENCHMARK] 1654768448170,CSR
glCanvas.js:1127 [BENCHMARK] 1654768448190,CSR
glCanvas.js:1127 [BENCHMARK] 1654768448192,CSR
glCanvas.js:1127 [BENCHMARK] 1654768448194,CSR
glCanvas.js:1127 [BENCHMARK] 1654768448196,CSR
glCanvas.js:1127 [BENCHMARK] 1654768448199,CSR
glCanvas.js:1127 [BENCHMARK] 1654768448201,CSR
glCanvas.js:1127 [BENCHMARK] 1654768448204,CSR
glCanvas.js:1127 [BENCHMARK] 1654768448206,CSR
glCanvas.js:1127 [BENCHMARK] 1654768448208,CSR
glCanvas.js:1127 [BENCHMARK] 1654768448212,CSR
glCanvas.js:1127 [BENCHMARK] 1654768448214,CSR
glCanvas.js:1127 [BENCHMARK] 1654768448216,CSR
glCanvas.js:1127 [BENCHMARK] 1654768448219,CSR
glCanvas.js:1127 [BENCHMARK] 1654768448220,CSR
glCanvas.js:1127 [BENCHMARK] 1654768448410,CSR
glCanvas.js:1127 [BENCHMARK] 1654768448419,CSR
glCanvas.js:1127 [BENCHMARK] 1654768448421,CSR
glCanvas.js:1127 [BENCHMARK] 1654768448425,CSR
glCanvas.js:1127 [BENCHMARK] 1654768448426,CSR
glCanvas.js:1127 [BENCHMARK] 1654768448430,CSR
glCanvas.js:1127 [BENCHMARK] 1654768448431,CSR
glCanvas.js:1127 [BENCHMARK] 1654768448455,CSR
glCanvas.js:1127 [BENCHMARK] 1654768448457,CSR
glCanvas.js:1127 [BENCHMARK] 1654768448461,CSR
glCanvas.js:1127 [BENCHMARK] 1654768448463,CSR
glCanvas.js:1127 [BENCHMARK] 1654768448465,CSR
glCanvas.js:1127 [BENCHMARK] 1654768448467,CSR
glCanvas.js:1107 [BENCHMARK] 1654768448469,X
glCanvas.js:1107 [BENCHMARK] 1654768448470,X
glCanvas.js:1107 [BENCHMARK] 1654768448472,X
glCanvas.js:1107 [BENCHMARK] 1654768448473,X
glCanvas.js:1107 [BENCHMARK] 1654768448474,X
glCanvas.js:1107 [BENCHMARK] 1654768448476,X
glCanvas.js:1107 [BENCHMARK] 1654768448477,X
glCanvas.js:1107 [BENCHMARK] 1654768448478,X
glCanvas.js:1107 [BENCHMARK] 1654768448515,X
glCanvas.js:1107 [BENCHMARK] 1654768448543,X
glCanvas.js:1107 [BENCHMARK] 1654768448550,X
glCanvas.js:1107 [BENCHMARK] 1654768448616,X
glCanvas.js:1107 [BENCHMARK] 1654768448627,X
glCanvas.js:1107 [BENCHMARK] 1654768448634,X
glCanvas.js:1107 [BENCHMARK] 1654768448641,X
glCanvas.js:1107 [BENCHMARK] 1654768448674,X
glCanvas.js:1107 [BENCHMARK] 1654768448680,X
glCanvas.js:1107 [BENCHMARK] 1654768448682,X
glCanvas.js:1107 [BENCHMARK] 1654768448686,X
glCanvas.js:1107 [BENCHMARK] 1654768448689,X
glCanvas.js:1107 [BENCHMARK] 1654768448697,X
glCanvas.js:1107 [BENCHMARK] 1654768448698,X
glCanvas.js:1107 [BENCHMARK] 1654768448700,X
glCanvas.js:1107 [BENCHMARK] 1654768448701,X
glCanvas.js:1107 [BENCHMARK] 1654768448703,X
glCanvas.js:1107 [BENCHMARK] 1654768448704,X
glCanvas.js:1107 [BENCHMARK] 1654768448708,X
glCanvas.js:1107 [BENCHMARK] 1654768448709,X
glCanvas.js:1107 [BENCHMARK] 1654768448714,X
glCanvas.js:1107 [BENCHMARK] 1654768448715,X
glCanvas.js:1107 [BENCHMARK] 1654768448721,X
glCanvas.js:1107 [BENCHMARK] 1654768448723,X
glCanvas.js:1107 [BENCHMARK] 1654768448727,X
glCanvas.js:1107 [BENCHMARK] 1654768448728,X
glCanvas.js:1107 [BENCHMARK] 1654768448733,X
glCanvas.js:1107 [BENCHMARK] 1654768448734,X
glCanvas.js:1127 [BENCHMARK] 1654768448739,SSR
glCanvas.js:1127 [BENCHMARK] 1654768448741,SSR
glCanvas.js:1107 [BENCHMARK] 1654768448745,X
glCanvas.js:1107 [BENCHMARK] 1654768448746,X
glCanvas.js:1107 [BENCHMARK] 1654768448762,X
glCanvas.js:1107 [BENCHMARK] 1654768448950,X
glCanvas.js:1107 [BENCHMARK] 1654768448955,X
glCanvas.js:1107 [BENCHMARK] 1654768448957,X
glCanvas.js:1107 [BENCHMARK] 1654768448962,X
glCanvas.js:1107 [BENCHMARK] 1654768448964,X
glCanvas.js:1107 [BENCHMARK] 1654768448967,X
glCanvas.js:1107 [BENCHMARK] 1654768448969,X
glCanvas.js:1107 [BENCHMARK] 1654768448973,X
glCanvas.js:1107 [BENCHMARK] 1654768448974,X
glCanvas.js:1107 [BENCHMARK] 1654768448980,X
glCanvas.js:1107 [BENCHMARK] 1654768448981,X
glCanvas.js:1107 [BENCHMARK] 1654768448985,X
glCanvas.js:1107 [BENCHMARK] 1654768448986,X
glCanvas.js:1107 [BENCHMARK] 1654768448994,X
glCanvas.js:1107 [BENCHMARK] 1654768448995,X
glCanvas.js:1107 [BENCHMARK] 1654768449000,X
glCanvas.js:1107 [BENCHMARK] 1654768449001,X
glCanvas.js:1107 [BENCHMARK] 1654768449005,X
glCanvas.js:1107 [BENCHMARK] 1654768449007,X
glCanvas.js:1107 [BENCHMARK] 1654768449011,X
glCanvas.js:1107 [BENCHMARK] 1654768449012,X
glCanvas.js:1107 [BENCHMARK] 1654768449016,X
glCanvas.js:1107 [BENCHMARK] 1654768449017,X
glCanvas.js:1107 [BENCHMARK] 1654768449022,X
glCanvas.js:1107 [BENCHMARK] 1654768449023,X
glCanvas.js:1107 [BENCHMARK] 1654768449034,X
glCanvas.js:1107 [BENCHMARK] 1654768449133,X
glCanvas.js:1127 [BENCHMARK] 1654768449135,SSR
glCanvas.js:1127 [BENCHMARK] 1654768449680,SSR
glCanvas.js:1127 [BENCHMARK] 1654768450049,CSR
glCanvas.js:1127 [BENCHMARK] 1654768450055,CSR
glCanvas.js:1127 [BENCHMARK] 1654768450061,CSR
glCanvas.js:1127 [BENCHMARK] 1654768450066,CSR
glCanvas.js:1127 [BENCHMARK] 1654768450081,CSR
glCanvas.js:1127 [BENCHMARK] 1654768450085,CSR
glCanvas.js:1127 [BENCHMARK] 1654768450090,CSR
glCanvas.js:1127 [BENCHMARK] 1654768450108,CSR
glCanvas.js:1127 [BENCHMARK] 1654768450114,CSR
glCanvas.js:1127 [BENCHMARK] 1654768450121,CSR
glCanvas.js:1127 [BENCHMARK] 1654768450236,CSR
glCanvas.js:1127 [BENCHMARK] 1654768450242,CSR
glCanvas.js:1127 [BENCHMARK] 1654768450333,CSR
glCanvas.js:1127 [BENCHMARK] 1654768450336,CSR
glCanvas.js:1107 [BENCHMARK] 1654768450338,X
glCanvas.js:1107 [BENCHMARK] 1654768450339,X
glCanvas.js:1107 [BENCHMARK] 1654768450341,X
glCanvas.js:1107 [BENCHMARK] 1654768450342,X
glCanvas.js:1107 [BENCHMARK] 1654768450344,X
glCanvas.js:1107 [BENCHMARK] 1654768450345,X
glCanvas.js:1107 [BENCHMARK] 1654768450499,X
glCanvas.js:1107 [BENCHMARK] 1654768450519,X
glCanvas.js:1107 [BENCHMARK] 1654768450521,X
glCanvas.js:1107 [BENCHMARK] 1654768450523,X
glCanvas.js:1127 [BENCHMARK] 1654768450525,CSR
glCanvas.js:1127 [BENCHMARK] 1654768450528,CSR
glCanvas.js:1127 [BENCHMARK] 1654768450533,CSR
glCanvas.js:1127 [BENCHMARK] 1654768450540,CSR
glCanvas.js:1127 [BENCHMARK] 1654768450545,CSR
glCanvas.js:1127 [BENCHMARK] 1654768450553,CSR
glCanvas.js:1127 [BENCHMARK] 1654768450761,CSR
glCanvas.js:1127 [BENCHMARK] 1654768450767,CSR
glCanvas.js:1127 [BENCHMARK] 1654768450773,CSR
glCanvas.js:1127 [BENCHMARK] 1654768450779,CSR
glCanvas.js:1127 [BENCHMARK] 1654768450793,CSR
glCanvas.js:1127 [BENCHMARK] 1654768450796,CSR
glCanvas.js:1127 [BENCHMARK] 1654768450800,CSR
glCanvas.js:1127 [BENCHMARK] 1654768450804,CSR
glCanvas.js:1127 [BENCHMARK] 1654768450824,CSR
glCanvas.js:1127 [BENCHMARK] 1654768450826,CSR
glCanvas.js:1127 [BENCHMARK] 1654768450984,CSR
glCanvas.js:1127 [BENCHMARK] 1654768451000,CSR
glCanvas.js:1127 [BENCHMARK] 1654768451004,CSR
glCanvas.js:1127 [BENCHMARK] 1654768451010,CSR
glCanvas.js:1127 [BENCHMARK] 1654768451020,CSR
glCanvas.js:1127 [BENCHMARK] 1654768451026,CSR
glCanvas.js:1127 [BENCHMARK] 1654768451031,CSR
glCanvas.js:1127 [BENCHMARK] 1654768451050,CSR
glCanvas.js:1127 [BENCHMARK] 1654768451054,CSR
glCanvas.js:1127 [BENCHMARK] 1654768451058,CSR
glCanvas.js:1127 [BENCHMARK] 1654768451097,CSR
glCanvas.js:1127 [BENCHMARK] 1654768451862,CSR
glCanvas.js:1127 [BENCHMARK] 1654768451864,CSR
glCanvas.js:1127 [BENCHMARK] 1654768451866,CSR
glCanvas.js:1127 [BENCHMARK] 1654768451868,CSR
glCanvas.js:1127 [BENCHMARK] 1654768451870,CSR
glCanvas.js:1127 [BENCHMARK] 1654768451871,CSR
glCanvas.js:1127 [BENCHMARK] 1654768451873,CSR
glCanvas.js:1127 [BENCHMARK] 1654768451875,CSR
glCanvas.js:1127 [BENCHMARK] 1654768451879,CSR
glCanvas.js:1127 [BENCHMARK] 1654768451880,CSR
glCanvas.js:1127 [BENCHMARK] 1654768451919,CSR
glCanvas.js:1127 [BENCHMARK] 1654768451921,CSR
glCanvas.js:1127 [BENCHMARK] 1654768451923,CSR
glCanvas.js:1127 [BENCHMARK] 1654768451925,CSR
glCanvas.js:1127 [BENCHMARK] 1654768451927,CSR
glCanvas.js:1127 [BENCHMARK] 1654768451929,CSR
glCanvas.js:1127 [BENCHMARK] 1654768451931,CSR
glCanvas.js:1127 [BENCHMARK] 1654768451933,CSR
glCanvas.js:1127 [BENCHMARK] 1654768451940,CSR
glCanvas.js:1127 [BENCHMARK] 1654768451942,CSR
glCanvas.js:1127 [BENCHMARK] 1654768452050,CSR
glCanvas.js:1127 [BENCHMARK] 1654768452054,CSR
glCanvas.js:1127 [BENCHMARK] 1654768452058,CSR
glCanvas.js:1127 [BENCHMARK] 1654768452068,CSR
glCanvas.js:1127 [BENCHMARK] 1654768452072,CSR
glCanvas.js:1127 [BENCHMARK] 1654768452076,CSR
glCanvas.js:1127 [BENCHMARK] 1654768452094,CSR
glCanvas.js:1127 [BENCHMARK] 1654768452098,CSR
glCanvas.js:1127 [BENCHMARK] 1654768452101,CSR
glCanvas.js:1127 [BENCHMARK] 1654768452118,CSR
glCanvas.js:1127 [BENCHMARK] 1654768452123,CSR
glCanvas.js:1127 [BENCHMARK] 1654768452126,CSR
glCanvas.js:1127 [BENCHMARK] 1654768452140,CSR
glCanvas.js:1127 [BENCHMARK] 1654768452144,CSR
glCanvas.js:1127 [BENCHMARK] 1654768452147,CSR
glCanvas.js:1127 [BENCHMARK] 1654768452164,CSR
glCanvas.js:1127 [BENCHMARK] 1654768452166,CSR
glCanvas.js:1127 [BENCHMARK] 1654768452169,CSR
glCanvas.js:1127 [BENCHMARK] 1654768452170,CSR
glCanvas.js:1127 [BENCHMARK] 1654768452174,CSR
glCanvas.js:1127 [BENCHMARK] 1654768452177,CSR
glCanvas.js:1127 [BENCHMARK] 1654768452182,CSR
glCanvas.js:1127 [BENCHMARK] 1654768452184,CSR
glCanvas.js:1127 [BENCHMARK] 1654768452223,CSR
glCanvas.js:1127 [BENCHMARK] 1654768452226,CSR
glCanvas.js:1127 [BENCHMARK] 1654768452231,CSR
glCanvas.js:1127 [BENCHMARK] 1654768452233,CSR
glCanvas.js:1127 [BENCHMARK] 1654768452235,CSR
glCanvas.js:1127 [BENCHMARK] 1654768452237,CSR
glCanvas.js:1127 [BENCHMARK] 1654768452239,CSR
glCanvas.js:1127 [BENCHMARK] 1654768452241,CSR
glCanvas.js:1127 [BENCHMARK] 1654768452247,CSR
glCanvas.js:1127 [BENCHMARK] 1654768452249,CSR
glCanvas.js:1127 [BENCHMARK] 1654768452292,CSR
glCanvas.js:1127 [BENCHMARK] 1654768452295,CSR
glCanvas.js:1127 [BENCHMARK] 1654768452299,CSR
glCanvas.js:1127 [BENCHMARK] 1654768452303,CSR
glCanvas.js:1127 [BENCHMARK] 1654768452488,CSR
glCanvas.js:1127 [BENCHMARK] 1654768452491,CSR
glCanvas.js:1127 [BENCHMARK] 1654768452493,CSR
glCanvas.js:1127 [BENCHMARK] 1654768452504,CSR
glCanvas.js:1127 [BENCHMARK] 1654768452506,CSR
glCanvas.js:1127 [BENCHMARK] 1654768452517,CSR
glCanvas.js:1127 [BENCHMARK] 1654768452519,CSR
glCanvas.js:1127 [BENCHMARK] 1654768452532,CSR
glCanvas.js:1127 [BENCHMARK] 1654768452534,CSR
glCanvas.js:1127 [BENCHMARK] 1654768452545,CSR
glCanvas.js:1127 [BENCHMARK] 1654768452547,CSR
glCanvas.js:1127 [BENCHMARK] 1654768452557,CSR
glCanvas.js:1127 [BENCHMARK] 1654768452559,CSR
glCanvas.js:1127 [BENCHMARK] 1654768452571,CSR
glCanvas.js:1127 [BENCHMARK] 1654768452572,CSR
glCanvas.js:1127 [BENCHMARK] 1654768452583,CSR
glCanvas.js:1127 [BENCHMARK] 1654768452585,CSR
glCanvas.js:1127 [BENCHMARK] 1654768452596,CSR
glCanvas.js:1127 [BENCHMARK] 1654768452598,CSR
glCanvas.js:1127 [BENCHMARK] 1654768452609,CSR
glCanvas.js:1127 [BENCHMARK] 1654768452611,CSR
glCanvas.js:1127 [BENCHMARK] 1654768452827,CSR
glCanvas.js:1127 [BENCHMARK] 1654768452829,CSR
glCanvas.js:1127 [BENCHMARK] 1654768452840,CSR
glCanvas.js:1127 [BENCHMARK] 1654768452843,CSR
glCanvas.js:1127 [BENCHMARK] 1654768452853,CSR
glCanvas.js:1127 [BENCHMARK] 1654768452855,CSR
glCanvas.js:1127 [BENCHMARK] 1654768452866,CSR
glCanvas.js:1127 [BENCHMARK] 1654768452868,CSR
glCanvas.js:1127 [BENCHMARK] 1654768452879,CSR
glCanvas.js:1127 [BENCHMARK] 1654768452881,CSR
glCanvas.js:1127 [BENCHMARK] 1654768452892,CSR
glCanvas.js:1127 [BENCHMARK] 1654768452894,CSR
glCanvas.js:1127 [BENCHMARK] 1654768452907,CSR
glCanvas.js:1127 [BENCHMARK] 1654768452909,CSR
glCanvas.js:1127 [BENCHMARK] 1654768452918,CSR
glCanvas.js:1127 [BENCHMARK] 1654768452920,CSR
glCanvas.js:1127 [BENCHMARK] 1654768452941,CSR
glCanvas.js:1127 [BENCHMARK] 1654768452943,CSR
glCanvas.js:1127 [BENCHMARK] 1654768452945,CSR
glCanvas.js:1127 [BENCHMARK] 1654768452947,CSR
glCanvas.js:1127 [BENCHMARK] 1654768453203,CSR
glCanvas.js:1127 [BENCHMARK] 1654768453549,CSR
glCanvas.js:1127 [BENCHMARK] 1654768453563,CSR
glCanvas.js:1127 [BENCHMARK] 1654768453569,CSR
glCanvas.js:1127 [BENCHMARK] 1654768453578,CSR
glCanvas.js:1127 [BENCHMARK] 1654768453585,CSR
glCanvas.js:1127 [BENCHMARK] 1654768453596,CSR
glCanvas.js:1127 [BENCHMARK] 1654768453602,CSR
glCanvas.js:1127 [BENCHMARK] 1654768453607,CSR
glCanvas.js:1127 [BENCHMARK] 1654768453626,CSR
glCanvas.js:1127 [BENCHMARK] 1654768453631,CSR
glCanvas.js:1127 [BENCHMARK] 1654768454307,CSR
glCanvas.js:1127 [BENCHMARK] 1654768454515,CSR
glCanvas.js:1127 [BENCHMARK] 1654768454520,CSR
glCanvas.js:1127 [BENCHMARK] 1654768454523,CSR
glCanvas.js:1127 [BENCHMARK] 1654768454527,CSR
glCanvas.js:1127 [BENCHMARK] 1654768454544,CSR
glCanvas.js:1127 [BENCHMARK] 1654768454547,CSR
glCanvas.js:1127 [BENCHMARK] 1654768454550,CSR
glCanvas.js:1127 [BENCHMARK] 1654768454567,CSR
glCanvas.js:1127 [BENCHMARK] 1654768454571,CSR
glCanvas.js:1127 [BENCHMARK] 1654768454574,CSR
glCanvas.js:1127 [BENCHMARK] 1654768454664,CSR
glCanvas.js:1127 [BENCHMARK] 1654768454670,CSR
glCanvas.js:1127 [BENCHMARK] 1654768454679,CSR
glCanvas.js:1127 [BENCHMARK] 1654768454685,CSR
glCanvas.js:1127 [BENCHMARK] 1654768454691,CSR
glCanvas.js:1127 [BENCHMARK] 1654768454706,CSR
glCanvas.js:1127 [BENCHMARK] 1654768454712,CSR
glCanvas.js:1127 [BENCHMARK] 1654768454717,CSR
glCanvas.js:1127 [BENCHMARK] 1654768454733,CSR
glCanvas.js:1127 [BENCHMARK] 1654768454738,CSR
glCanvas.js:1127 [BENCHMARK] 1654768455562,CSR
glCanvas.js:1127 [BENCHMARK] 1654768455598,CSR
glCanvas.js:1127 [BENCHMARK] 1654768455798,CSR
glCanvas.js:1127 [BENCHMARK] 1654768455804,CSR
glCanvas.js:1127 [BENCHMARK] 1654768455809,CSR
glCanvas.js:1127 [BENCHMARK] 1654768455813,CSR
glCanvas.js:1127 [BENCHMARK] 1654768455831,CSR
glCanvas.js:1127 [BENCHMARK] 1654768455837,CSR
glCanvas.js:1127 [BENCHMARK] 1654768455842,CSR
glCanvas.js:1127 [BENCHMARK] 1654768455860,CSR
glCanvas.js:1127 [BENCHMARK] 1654768455865,CSR
glCanvas.js:1127 [BENCHMARK] 1654768455870,CSR
glCanvas.js:1127 [BENCHMARK] 1654768455888,CSR
glCanvas.js:1127 [BENCHMARK] 1654768455893,CSR
glCanvas.js:1127 [BENCHMARK] 1654768455897,CSR
glCanvas.js:1127 [BENCHMARK] 1654768455915,CSR
glCanvas.js:1127 [BENCHMARK] 1654768455920,CSR
glCanvas.js:1127 [BENCHMARK] 1654768455936,CSR
glCanvas.js:1127 [BENCHMARK] 1654768455940,CSR
glCanvas.js:1127 [BENCHMARK] 1654768455950,CSR
glCanvas.js:1127 [BENCHMARK] 1654768455954,CSR
glCanvas.js:1127 [BENCHMARK] 1654768455957,CSR
glCanvas.js:1127 [BENCHMARK] 1654768456008,CSR
glCanvas.js:1127 [BENCHMARK] 1654768456017,CSR
glCanvas.js:1127 [BENCHMARK] 1654768456023,CSR
glCanvas.js:1127 [BENCHMARK] 1654768456040,CSR
glCanvas.js:1127 [BENCHMARK] 1654768456057,CSR
glCanvas.js:1127 [BENCHMARK] 1654768456061,CSR
glCanvas.js:1127 [BENCHMARK] 1654768456065,CSR
glCanvas.js:1127 [BENCHMARK] 1654768456084,CSR
glCanvas.js:1127 [BENCHMARK] 1654768456087,CSR
glCanvas.js:1127 [BENCHMARK] 1654768456091,CSR
glCanvas.js:1127 [BENCHMARK] 1654768456145,CSR
glCanvas.js:1127 [BENCHMARK] 1654768456151,CSR
glCanvas.js:1127 [BENCHMARK] 1654768456156,CSR
glCanvas.js:1127 [BENCHMARK] 1654768456160,CSR
glCanvas.js:1127 [BENCHMARK] 1654768456175,CSR
glCanvas.js:1127 [BENCHMARK] 1654768456179,CSR
glCanvas.js:1127 [BENCHMARK] 1654768456183,CSR
glCanvas.js:1127 [BENCHMARK] 1654768456198,CSR
glCanvas.js:1127 [BENCHMARK] 1654768456201,CSR
glCanvas.js:1127 [BENCHMARK] 1654768456205,CSR
glCanvas.js:1127 [BENCHMARK] 1654768456229,CSR
glCanvas.js:1127 [BENCHMARK] 1654768456234,CSR
glCanvas.js:1127 [BENCHMARK] 1654768456238,CSR
glCanvas.js:1127 [BENCHMARK] 1654768456249,CSR
glCanvas.js:1127 [BENCHMARK] 1654768456278,CSR
glCanvas.js:1127 [BENCHMARK] 1654768456282,CSR
glCanvas.js:1127 [BENCHMARK] 1654768456286,CSR
glCanvas.js:1127 [BENCHMARK] 1654768456314,CSR
glCanvas.js:1127 [BENCHMARK] 1654768456318,CSR
glCanvas.js:1127 [BENCHMARK] 1654768456322,CSR
glCanvas.js:1127 [BENCHMARK] 1654768456352,CSR
glCanvas.js:1127 [BENCHMARK] 1654768456364,CSR
glCanvas.js:1127 [BENCHMARK] 1654768456370,CSR
glCanvas.js:1127 [BENCHMARK] 1654768456374,CSR
glCanvas.js:1127 [BENCHMARK] 1654768456384,CSR
glCanvas.js:1127 [BENCHMARK] 1654768456411,CSR
glCanvas.js:1127 [BENCHMARK] 1654768456418,CSR
glCanvas.js:1127 [BENCHMARK] 1654768456425,CSR
glCanvas.js:1127 [BENCHMARK] 1654768456430,CSR
glCanvas.js:1127 [BENCHMARK] 1654768456435,CSR
glCanvas.js:1127 [BENCHMARK] 1654768456466,CSR
glCanvas.js:1127 [BENCHMARK] 1654768456472,CSR
glCanvas.js:1127 [BENCHMARK] 1654768456478,CSR
glCanvas.js:1127 [BENCHMARK] 1654768456483,CSR
glCanvas.js:1127 [BENCHMARK] 1654768456498,CSR
glCanvas.js:1127 [BENCHMARK] 1654768456504,CSR
glCanvas.js:1127 [BENCHMARK] 1654768456508,CSR
glCanvas.js:1127 [BENCHMARK] 1654768456537,CSR
glCanvas.js:1127 [BENCHMARK] 1654768456541,CSR
glCanvas.js:1127 [BENCHMARK] 1654768456545,CSR
glCanvas.js:1127 [BENCHMARK] 1654768456604,CSR
glCanvas.js:1127 [BENCHMARK] 1654768456616,CSR
glCanvas.js:1127 [BENCHMARK] 1654768456637,CSR
glCanvas.js:1127 [BENCHMARK] 1654768456651,CSR
glCanvas.js:1127 [BENCHMARK] 1654768456665,CSR
glCanvas.js:1127 [BENCHMARK] 1654768456695,CSR
glCanvas.js:1127 [BENCHMARK] 1654768456716,CSR
glCanvas.js:1127 [BENCHMARK] 1654768456744,CSR
glCanvas.js:1127 [BENCHMARK] 1654768456758,CSR
glCanvas.js:1127 [BENCHMARK] 1654768456788,CSR
glCanvas.js:1127 [BENCHMARK] 1654768456797,CSR
glCanvas.js:1127 [BENCHMARK] 1654768456805,CSR
glCanvas.js:1127 [BENCHMARK] 1654768456821,CSR
glCanvas.js:1127 [BENCHMARK] 1654768456829,CSR
glCanvas.js:1127 [BENCHMARK] 1654768456844,CSR
glCanvas.js:1127 [BENCHMARK] 1654768456852,CSR
glCanvas.js:1127 [BENCHMARK] 1654768456857,CSR
glCanvas.js:1127 [BENCHMARK] 1654768456893,CSR
glCanvas.js:1127 [BENCHMARK] 1654768456901,CSR
glCanvas.js:1127 [BENCHMARK] 1654768456910,CSR
glCanvas.js:1127 [BENCHMARK] 1654768456924,CSR
glCanvas.js:1127 [BENCHMARK] 1654768456936,CSR
glCanvas.js:1127 [BENCHMARK] 1654768456943,CSR
glCanvas.js:1127 [BENCHMARK] 1654768456950,CSR
glCanvas.js:1127 [BENCHMARK] 1654768456993,CSR
glCanvas.js:1127 [BENCHMARK] 1654768456999,CSR
glCanvas.js:1127 [BENCHMARK] 1654768457006,CSR
glCanvas.js:1127 [BENCHMARK] 1654768457015,CSR
glCanvas.js:1127 [BENCHMARK] 1654768457050,CSR
glCanvas.js:1127 [BENCHMARK] 1654768457096,CSR
glCanvas.js:1127 [BENCHMARK] 1654768457101,CSR
glCanvas.js:1127 [BENCHMARK] 1654768457120,CSR
glCanvas.js:1127 [BENCHMARK] 1654768457128,CSR
glCanvas.js:1127 [BENCHMARK] 1654768457141,CSR
glCanvas.js:1127 [BENCHMARK] 1654768457145,CSR
glCanvas.js:1127 [BENCHMARK] 1654768457170,CSR
glCanvas.js:1127 [BENCHMARK] 1654768457191,CSR
glCanvas.js:1127 [BENCHMARK] 1654768457197,CSR
glCanvas.js:1127 [BENCHMARK] 1654768457204,CSR
glCanvas.js:1127 [BENCHMARK] 1654768457208,CSR
glCanvas.js:1127 [BENCHMARK] 1654768457212,CSR
glCanvas.js:1127 [BENCHMARK] 1654768457254,CSR
glCanvas.js:1127 [BENCHMARK] 1654768457261,CSR
glCanvas.js:1127 [BENCHMARK] 1654768457267,CSR
glCanvas.js:1127 [BENCHMARK] 1654768457288,CSR
glCanvas.js:1127 [BENCHMARK] 1654768457294,CSR
glCanvas.js:1127 [BENCHMARK] 1654768457304,CSR
glCanvas.js:1127 [BENCHMARK] 1654768457323,CSR
glCanvas.js:1127 [BENCHMARK] 1654768457330,CSR
glCanvas.js:1127 [BENCHMARK] 1654768457336,CSR
glCanvas.js:1127 [BENCHMARK] 1654768457341,CSR
glCanvas.js:1127 [BENCHMARK] 1654768457345,CSR
glCanvas.js:1127 [BENCHMARK] 1654768457394,CSR
glCanvas.js:1127 [BENCHMARK] 1654768457424,CSR
glCanvas.js:1127 [BENCHMARK] 1654768457434,CSR
glCanvas.js:1127 [BENCHMARK] 1654768457442,CSR
glCanvas.js:1127 [BENCHMARK] 1654768457446,CSR
glCanvas.js:1127 [BENCHMARK] 1654768457450,CSR
glCanvas.js:1127 [BENCHMARK] 1654768457491,CSR
glCanvas.js:1127 [BENCHMARK] 1654768457495,CSR
glCanvas.js:1127 [BENCHMARK] 1654768457499,CSR
glCanvas.js:1127 [BENCHMARK] 1654768457540,CSR
glCanvas.js:1127 [BENCHMARK] 1654768457545,CSR
glCanvas.js:1127 [BENCHMARK] 1654768457549,CSR
glCanvas.js:1127 [BENCHMARK] 1654768457564,CSR
glCanvas.js:1127 [BENCHMARK] 1654768457569,CSR
glCanvas.js:1127 [BENCHMARK] 1654768457574,CSR
glCanvas.js:1127 [BENCHMARK] 1654768457593,CSR
glCanvas.js:1127 [BENCHMARK] 1654768457597,CSR
glCanvas.js:1127 [BENCHMARK] 1654768457601,CSR
glCanvas.js:1127 [BENCHMARK] 1654768457636,CSR
glCanvas.js:1127 [BENCHMARK] 1654768457644,CSR
glCanvas.js:1127 [BENCHMARK] 1654768457672,CSR
glCanvas.js:1127 [BENCHMARK] 1654768457682,CSR
glCanvas.js:1127 [BENCHMARK] 1654768457686,CSR
glCanvas.js:1127 [BENCHMARK] 1654768457689,CSR
glCanvas.js:1127 [BENCHMARK] 1654768457721,CSR
glCanvas.js:1127 [BENCHMARK] 1654768457727,CSR
glCanvas.js:1127 [BENCHMARK] 1654768457759,CSR
glCanvas.js:1127 [BENCHMARK] 1654768457812,CSR
glCanvas.js:1127 [BENCHMARK] 1654768457828,CSR
glCanvas.js:1127 [BENCHMARK] 1654768457870,CSR
glCanvas.js:1127 [BENCHMARK] 1654768457893,CSR
glCanvas.js:1127 [BENCHMARK] 1654768457904,CSR
glCanvas.js:1127 [BENCHMARK] 1654768457913,CSR
glCanvas.js:1127 [BENCHMARK] 1654768457922,CSR
glCanvas.js:1127 [BENCHMARK] 1654768457958,CSR
glCanvas.js:1127 [BENCHMARK] 1654768457969,CSR
glCanvas.js:1127 [BENCHMARK] 1654768457985,CSR
glCanvas.js:1127 [BENCHMARK] 1654768457997,CSR
glCanvas.js:1127 [BENCHMARK] 1654768458002,CSR
glCanvas.js:1127 [BENCHMARK] 1654768458008,CSR
glCanvas.js:1127 [BENCHMARK] 1654768458015,CSR
glCanvas.js:1127 [BENCHMARK] 1654768458024,CSR
glCanvas.js:1127 [BENCHMARK] 1654768458049,CSR
glCanvas.js:1127 [BENCHMARK] 1654768458055,CSR
glCanvas.js:1127 [BENCHMARK] 1654768458066,CSR
glCanvas.js:1127 [BENCHMARK] 1654768458072,CSR
glCanvas.js:1127 [BENCHMARK] 1654768458078,CSR
glCanvas.js:1127 [BENCHMARK] 1654768458094,CSR
glCanvas.js:1127 [BENCHMARK] 1654768458104,CSR
glCanvas.js:1127 [BENCHMARK] 1654768458118,CSR
glCanvas.js:1127 [BENCHMARK] 1654768458124,CSR
glCanvas.js:1127 [BENCHMARK] 1654768458133,CSR
glCanvas.js:1127 [BENCHMARK] 1654768458140,CSR
glCanvas.js:1127 [BENCHMARK] 1654768458147,CSR
glCanvas.js:1127 [BENCHMARK] 1654768458162,CSR
glCanvas.js:1127 [BENCHMARK] 1654768458175,CSR
glCanvas.js:1127 [BENCHMARK] 1654768458214,CSR
glCanvas.js:1127 [BENCHMARK] 1654768458261,CSR
glCanvas.js:1127 [BENCHMARK] 1654768458266,CSR
glCanvas.js:1127 [BENCHMARK] 1654768458271,CSR
glCanvas.js:1127 [BENCHMARK] 1654768458285,CSR
glCanvas.js:1127 [BENCHMARK] 1654768458289,CSR
glCanvas.js:1127 [BENCHMARK] 1654768458294,CSR
glCanvas.js:1127 [BENCHMARK] 1654768458297,CSR
glCanvas.js:1127 [BENCHMARK] 1654768458301,CSR
glCanvas.js:1127 [BENCHMARK] 1654768458337,CSR
glCanvas.js:1127 [BENCHMARK] 1654768458344,CSR
glCanvas.js:1127 [BENCHMARK] 1654768458356,CSR
glCanvas.js:1127 [BENCHMARK] 1654768458377,CSR
glCanvas.js:1127 [BENCHMARK] 1654768458383,CSR
glCanvas.js:1127 [BENCHMARK] 1654768458387,CSR
glCanvas.js:1127 [BENCHMARK] 1654768458404,CSR
glCanvas.js:1127 [BENCHMARK] 1654768458409,CSR
glCanvas.js:1127 [BENCHMARK] 1654768458419,CSR
glCanvas.js:1127 [BENCHMARK] 1654768458425,CSR
glCanvas.js:1127 [BENCHMARK] 1654768458432,CSR
glCanvas.js:1127 [BENCHMARK] 1654768458477,CSR
glCanvas.js:1127 [BENCHMARK] 1654768458487,CSR
glCanvas.js:1127 [BENCHMARK] 1654768458501,CSR
glCanvas.js:1127 [BENCHMARK] 1654768458510,CSR
glCanvas.js:1127 [BENCHMARK] 1654768458523,CSR
glCanvas.js:1127 [BENCHMARK] 1654768458529,CSR
glCanvas.js:1127 [BENCHMARK] 1654768458534,CSR
glCanvas.js:1127 [BENCHMARK] 1654768458539,CSR
glCanvas.js:1127 [BENCHMARK] 1654768458573,CSR
glCanvas.js:1127 [BENCHMARK] 1654768458585,CSR
glCanvas.js:1127 [BENCHMARK] 1654768458610,CSR
glCanvas.js:1127 [BENCHMARK] 1654768458620,CSR
glCanvas.js:1127 [BENCHMARK] 1654768458626,CSR
glCanvas.js:1127 [BENCHMARK] 1654768458631,CSR
glCanvas.js:1127 [BENCHMARK] 1654768458656,CSR
glCanvas.js:1127 [BENCHMARK] 1654768458664,CSR
glCanvas.js:1127 [BENCHMARK] 1654768458671,CSR
glCanvas.js:1127 [BENCHMARK] 1654768458678,CSR
glCanvas.js:1127 [BENCHMARK] 1654768458697,CSR
glCanvas.js:1127 [BENCHMARK] 1654768458713,CSR
glCanvas.js:1127 [BENCHMARK] 1654768458731,CSR
glCanvas.js:1127 [BENCHMARK] 1654768458735,CSR
glCanvas.js:1127 [BENCHMARK] 1654768458741,CSR
glCanvas.js:1127 [BENCHMARK] 1654768458746,CSR
glCanvas.js:1127 [BENCHMARK] 1654768458756,CSR
glCanvas.js:1127 [BENCHMARK] 1654768458765,CSR
glCanvas.js:1127 [BENCHMARK] 1654768458790,CSR
glCanvas.js:1127 [BENCHMARK] 1654768458801,CSR
glCanvas.js:1127 [BENCHMARK] 1654768458825,CSR
glCanvas.js:1127 [BENCHMARK] 1654768458838,CSR
glCanvas.js:1127 [BENCHMARK] 1654768458863,CSR
glCanvas.js:1127 [BENCHMARK] 1654768458875,CSR
glCanvas.js:1127 [BENCHMARK] 1654768458881,CSR
glCanvas.js:1127 [BENCHMARK] 1654768458890,CSR
glCanvas.js:1127 [BENCHMARK] 1654768458918,CSR
glCanvas.js:1127 [BENCHMARK] 1654768458926,CSR
glCanvas.js:1127 [BENCHMARK] 1654768458932,CSR
glCanvas.js:1127 [BENCHMARK] 1654768458938,CSR
glCanvas.js:1127 [BENCHMARK] 1654768458965,CSR
glCanvas.js:1127 [BENCHMARK] 1654768458972,CSR
glCanvas.js:1127 [BENCHMARK] 1654768459052,CSR
glCanvas.js:1127 [BENCHMARK] 1654768459060,CSR
glCanvas.js:1127 [BENCHMARK] 1654768459067,CSR
glCanvas.js:1127 [BENCHMARK] 1654768459073,CSR
glCanvas.js:1127 [BENCHMARK] 1654768459089,CSR
glCanvas.js:1127 [BENCHMARK] 1654768459094,CSR
glCanvas.js:1127 [BENCHMARK] 1654768459099,CSR
glCanvas.js:1127 [BENCHMARK] 1654768459122,CSR
glCanvas.js:1127 [BENCHMARK] 1654768459129,CSR
glCanvas.js:1127 [BENCHMARK] 1654768459136,CSR
glCanvas.js:1127 [BENCHMARK] 1654768459162,CSR
glCanvas.js:1127 [BENCHMARK] 1654768459224,CSR
glCanvas.js:1127 [BENCHMARK] 1654768459239,CSR
glCanvas.js:1127 [BENCHMARK] 1654768459244,CSR
glCanvas.js:1127 [BENCHMARK] 1654768459247,CSR
glCanvas.js:1127 [BENCHMARK] 1654768459292,CSR
glCanvas.js:1127 [BENCHMARK] 1654768459298,CSR
glCanvas.js:1127 [BENCHMARK] 1654768459303,CSR
glCanvas.js:1127 [BENCHMARK] 1654768459316,CSR
glCanvas.js:1127 [BENCHMARK] 1654768459323,CSR
glCanvas.js:1127 [BENCHMARK] 1654768459371,CSR
glCanvas.js:1127 [BENCHMARK] 1654768459375,CSR
glCanvas.js:1127 [BENCHMARK] 1654768459380,CSR
glCanvas.js:1127 [BENCHMARK] 1654768459384,CSR
glCanvas.js:1127 [BENCHMARK] 1654768459387,CSR
glCanvas.js:1127 [BENCHMARK] 1654768459406,CSR
glCanvas.js:1127 [BENCHMARK] 1654768459411,CSR
glCanvas.js:1127 [BENCHMARK] 1654768459417,CSR
glCanvas.js:1127 [BENCHMARK] 1654768459428,CSR
glCanvas.js:1127 [BENCHMARK] 1654768459434,CSR
glCanvas.js:1127 [BENCHMARK] 1654768459440,CSR
glCanvas.js:1127 [BENCHMARK] 1654768459484,CSR
glCanvas.js:1127 [BENCHMARK] 1654768459490,CSR
glCanvas.js:1127 [BENCHMARK] 1654768459494,CSR
glCanvas.js:1127 [BENCHMARK] 1654768459627,CSR
glCanvas.js:1127 [BENCHMARK] 1654768459667,CSR
glCanvas.js:1127 [BENCHMARK] 1654768459704,CSR
glCanvas.js:1127 [BENCHMARK] 1654768459763,CSR
glCanvas.js:1127 [BENCHMARK] 1654768459769,CSR
glCanvas.js:1127 [BENCHMARK] 1654768459789,CSR
glCanvas.js:1127 [BENCHMARK] 1654768460020,CSR
glCanvas.js:1127 [BENCHMARK] 1654768460026,CSR
glCanvas.js:1127 [BENCHMARK] 1654768460049,CSR
glCanvas.js:1127 [BENCHMARK] 1654768460053,CSR
glCanvas.js:1127 [BENCHMARK] 1654768460056,CSR
glCanvas.js:1127 [BENCHMARK] 1654768460120,CSR
glCanvas.js:1127 [BENCHMARK] 1654768460156,CSR
