glCanvas.js:1107 [BENCHMARK] 1654768529819,X
glCanvas.js:1107 [BENCHMARK] 1654768529825,X
glCanvas.js:1107 [BENCHMARK] 1654768529829,X
glCanvas.js:1107 [BENCHMARK] 1654768529844,X
glCanvas.js:1107 [BENCHMARK] 1654768530446,X
glCanvas.js:1127 [BENCHMARK] 1654768530503,CSR
manager.js:159 [BENCHMARK] 1654768531019,firstRender
glCanvas.js:1127 [BENCHMARK] 1654768531030,CSR
glCanvas.js:1127 [BENCHMARK] 1654768531034,CSR
glCanvas.js:1127 [BENCHMARK] 1654768531039,CSR
glCanvas.js:1127 [BENCHMARK] 1654768531042,CSR
glCanvas.js:1127 [BENCHMARK] 1654768531047,CSR
glCanvas.js:1127 [BENCHMARK] 1654768531081,CSR
glCanvas.js:1127 [BENCHMARK] 1654768531087,CSR
glCanvas.js:1127 [BENCHMARK] 1654768531121,CSR
glCanvas.js:1127 [BENCHMARK] 1654768531123,CSR
glCanvas.js:1127 [BENCHMARK] 1654768531125,CSR
glCanvas.js:1127 [BENCHMARK] 1654768531128,CSR
glCanvas.js:1127 [BENCHMARK] 1654768531131,CSR
glCanvas.js:1127 [BENCHMARK] 1654768531149,CSR
glCanvas.js:1127 [BENCHMARK] 1654768531250,CSR
glCanvas.js:1127 [BENCHMARK] 1654768531253,CSR
glCanvas.js:1127 [BENCHMARK] 1654768531257,CSR
glCanvas.js:1127 [BENCHMARK] 1654768531259,CSR
glCanvas.js:1127 [BENCHMARK] 1654768531264,CSR
glCanvas.js:1127 [BENCHMARK] 1654768531266,CSR
glCanvas.js:1127 [BENCHMARK] 1654768531405,CSR
glCanvas.js:1127 [BENCHMARK] 1654768531614,CSR
glCanvas.js:1127 [BENCHMARK] 1654768531671,CSR
glCanvas.js:1127 [BENCHMARK] 1654768531759,CSR
glCanvas.js:1127 [BENCHMARK] 1654768531821,CSR
glCanvas.js:1127 [BENCHMARK] 1654768531892,CSR
glCanvas.js:1127 [BENCHMARK] 1654768532046,CSR
glCanvas.js:1127 [BENCHMARK] 1654768532135,CSR
glCanvas.js:1127 [BENCHMARK] 1654768532200,CSR
glCanvas.js:1127 [BENCHMARK] 1654768532241,CSR
glCanvas.js:1127 [BENCHMARK] 1654768532244,CSR
glCanvas.js:1127 [BENCHMARK] 1654768532261,CSR
glCanvas.js:1127 [BENCHMARK] 1654768532263,CSR
glCanvas.js:1127 [BENCHMARK] 1654768532282,CSR
glCanvas.js:1127 [BENCHMARK] 1654768532284,CSR
glCanvas.js:1127 [BENCHMARK] 1654768532322,CSR
glCanvas.js:1127 [BENCHMARK] 1654768532324,CSR
glCanvas.js:1127 [BENCHMARK] 1654768532338,CSR
glCanvas.js:1127 [BENCHMARK] 1654768532339,CSR
glCanvas.js:1127 [BENCHMARK] 1654768532350,CSR
glCanvas.js:1127 [BENCHMARK] 1654768532352,CSR
glCanvas.js:1127 [BENCHMARK] 1654768532363,CSR
glCanvas.js:1127 [BENCHMARK] 1654768532365,CSR
glCanvas.js:1127 [BENCHMARK] 1654768532379,CSR
glCanvas.js:1127 [BENCHMARK] 1654768532381,CSR
glCanvas.js:1127 [BENCHMARK] 1654768532396,CSR
glCanvas.js:1127 [BENCHMARK] 1654768532398,CSR
glCanvas.js:1127 [BENCHMARK] 1654768532415,CSR
glCanvas.js:1127 [BENCHMARK] 1654768532417,CSR
glCanvas.js:1127 [BENCHMARK] 1654768532445,CSR
glCanvas.js:1127 [BENCHMARK] 1654768532463,CSR
glCanvas.js:1127 [BENCHMARK] 1654768532479,CSR
glCanvas.js:1127 [BENCHMARK] 1654768532491,CSR
glCanvas.js:1127 [BENCHMARK] 1654768532502,CSR
glCanvas.js:1127 [BENCHMARK] 1654768532515,CSR
glCanvas.js:1127 [BENCHMARK] 1654768532526,CSR
glCanvas.js:1127 [BENCHMARK] 1654768532536,CSR
glCanvas.js:1127 [BENCHMARK] 1654768532564,CSR
glCanvas.js:1127 [BENCHMARK] 1654768532574,CSR
glCanvas.js:1127 [BENCHMARK] 1654768532585,CSR
glCanvas.js:1127 [BENCHMARK] 1654768532633,CSR
glCanvas.js:1127 [BENCHMARK] 1654768532635,CSR
glCanvas.js:1127 [BENCHMARK] 1654768532646,CSR
glCanvas.js:1127 [BENCHMARK] 1654768532647,CSR
glCanvas.js:1127 [BENCHMARK] 1654768532659,CSR
glCanvas.js:1127 [BENCHMARK] 1654768532660,CSR
glCanvas.js:1127 [BENCHMARK] 1654768532672,CSR
glCanvas.js:1127 [BENCHMARK] 1654768532673,CSR
glCanvas.js:1107 [BENCHMARK] 1654768532684,X
glCanvas.js:1107 [BENCHMARK] 1654768532685,X
glCanvas.js:1127 [BENCHMARK] 1654768532697,CSR
glCanvas.js:1127 [BENCHMARK] 1654768532698,CSR
glCanvas.js:1127 [BENCHMARK] 1654768532710,CSR
glCanvas.js:1127 [BENCHMARK] 1654768532711,CSR
glCanvas.js:1107 [BENCHMARK] 1654768532723,X
glCanvas.js:1107 [BENCHMARK] 1654768532724,X
glCanvas.js:1107 [BENCHMARK] 1654768532735,X
glCanvas.js:1107 [BENCHMARK] 1654768532736,X
glCanvas.js:1107 [BENCHMARK] 1654768532748,X
glCanvas.js:1107 [BENCHMARK] 1654768532749,X
glCanvas.js:1107 [BENCHMARK] 1654768532969,X
glCanvas.js:1107 [BENCHMARK] 1654768532971,X
glCanvas.js:1107 [BENCHMARK] 1654768532982,X
glCanvas.js:1107 [BENCHMARK] 1654768532983,X
glCanvas.js:1107 [BENCHMARK] 1654768532995,X
glCanvas.js:1107 [BENCHMARK] 1654768532996,X
glCanvas.js:1107 [BENCHMARK] 1654768533007,X
glCanvas.js:1107 [BENCHMARK] 1654768533008,X
glCanvas.js:1107 [BENCHMARK] 1654768533021,X
glCanvas.js:1107 [BENCHMARK] 1654768533022,X
glCanvas.js:1107 [BENCHMARK] 1654768533033,X
glCanvas.js:1107 [BENCHMARK] 1654768533034,X
glCanvas.js:1107 [BENCHMARK] 1654768533046,X
glCanvas.js:1107 [BENCHMARK] 1654768533046,X
glCanvas.js:1107 [BENCHMARK] 1654768533059,X
glCanvas.js:1107 [BENCHMARK] 1654768533060,X
glCanvas.js:1107 [BENCHMARK] 1654768533071,X
glCanvas.js:1107 [BENCHMARK] 1654768533072,X
glCanvas.js:1107 [BENCHMARK] 1654768533085,X
glCanvas.js:1107 [BENCHMARK] 1654768533086,X
glCanvas.js:1107 [BENCHMARK] 1654768533359,X
glCanvas.js:1107 [BENCHMARK] 1654768533361,X
glCanvas.js:1107 [BENCHMARK] 1654768533362,X
glCanvas.js:1107 [BENCHMARK] 1654768533363,X
glCanvas.js:1107 [BENCHMARK] 1654768533363,X
glCanvas.js:1107 [BENCHMARK] 1654768533364,X
glCanvas.js:1107 [BENCHMARK] 1654768533365,X
glCanvas.js:1107 [BENCHMARK] 1654768533365,X
glCanvas.js:1107 [BENCHMARK] 1654768533366,X
glCanvas.js:1107 [BENCHMARK] 1654768533367,X
glCanvas.js:1107 [BENCHMARK] 1654768533368,X
glCanvas.js:1107 [BENCHMARK] 1654768533368,X
glCanvas.js:1107 [BENCHMARK] 1654768533369,X
glCanvas.js:1107 [BENCHMARK] 1654768533370,X
glCanvas.js:1107 [BENCHMARK] 1654768533370,X
glCanvas.js:1107 [BENCHMARK] 1654768533371,X
glCanvas.js:1107 [BENCHMARK] 1654768533373,X
glCanvas.js:1107 [BENCHMARK] 1654768533374,X
glCanvas.js:1107 [BENCHMARK] 1654768533375,X
glCanvas.js:1107 [BENCHMARK] 1654768533375,X
glCanvas.js:1107 [BENCHMARK] 1654768533703,X
glCanvas.js:1107 [BENCHMARK] 1654768533704,X
glCanvas.js:1107 [BENCHMARK] 1654768533705,X
glCanvas.js:1107 [BENCHMARK] 1654768533706,X
glCanvas.js:1127 [BENCHMARK] 1654768533707,SSR
glCanvas.js:1127 [BENCHMARK] 1654768533708,SSR
glCanvas.js:1107 [BENCHMARK] 1654768533709,X
glCanvas.js:1107 [BENCHMARK] 1654768533710,X
glCanvas.js:1127 [BENCHMARK] 1654768533711,SSR
glCanvas.js:1127 [BENCHMARK] 1654768533712,SSR
glCanvas.js:1127 [BENCHMARK] 1654768533713,SSR
glCanvas.js:1127 [BENCHMARK] 1654768533714,SSR
glCanvas.js:1127 [BENCHMARK] 1654768533715,SSR
glCanvas.js:1127 [BENCHMARK] 1654768533716,SSR
glCanvas.js:1127 [BENCHMARK] 1654768533717,SSR
glCanvas.js:1127 [BENCHMARK] 1654768533718,SSR
glCanvas.js:1127 [BENCHMARK] 1654768533719,SSR
glCanvas.js:1127 [BENCHMARK] 1654768533720,SSR
glCanvas.js:1127 [BENCHMARK] 1654768533721,SSR
glCanvas.js:1127 [BENCHMARK] 1654768533722,SSR
glCanvas.js:1127 [BENCHMARK] 1654768533977,SSR
glCanvas.js:1127 [BENCHMARK] 1654768534220,CSR
glCanvas.js:1127 [BENCHMARK] 1654768534223,CSR
glCanvas.js:1127 [BENCHMARK] 1654768534225,CSR
glCanvas.js:1127 [BENCHMARK] 1654768534227,CSR
glCanvas.js:1127 [BENCHMARK] 1654768534242,CSR
glCanvas.js:1127 [BENCHMARK] 1654768534244,CSR
glCanvas.js:1127 [BENCHMARK] 1654768534245,CSR
glCanvas.js:1127 [BENCHMARK] 1654768534267,CSR
glCanvas.js:1127 [BENCHMARK] 1654768534271,CSR
glCanvas.js:1127 [BENCHMARK] 1654768534274,CSR
glCanvas.js:1127 [BENCHMARK] 1654768534452,CSR
glCanvas.js:1127 [BENCHMARK] 1654768534455,CSR
glCanvas.js:1127 [BENCHMARK] 1654768534457,CSR
glCanvas.js:1127 [BENCHMARK] 1654768534458,CSR
glCanvas.js:1127 [BENCHMARK] 1654768534480,CSR
glCanvas.js:1127 [BENCHMARK] 1654768534483,CSR
glCanvas.js:1127 [BENCHMARK] 1654768534485,CSR
glCanvas.js:1127 [BENCHMARK] 1654768534524,CSR
glCanvas.js:1127 [BENCHMARK] 1654768534526,CSR
glCanvas.js:1127 [BENCHMARK] 1654768534527,CSR
glCanvas.js:1127 [BENCHMARK] 1654768534675,CSR
glCanvas.js:1127 [BENCHMARK] 1654768534678,CSR
glCanvas.js:1127 [BENCHMARK] 1654768534681,CSR
glCanvas.js:1127 [BENCHMARK] 1654768534682,CSR
glCanvas.js:1127 [BENCHMARK] 1654768534712,CSR
glCanvas.js:1127 [BENCHMARK] 1654768534716,CSR
glCanvas.js:1127 [BENCHMARK] 1654768534719,CSR
glCanvas.js:1127 [BENCHMARK] 1654768534740,CSR
glCanvas.js:1127 [BENCHMARK] 1654768534747,CSR
glCanvas.js:1127 [BENCHMARK] 1654768534753,CSR
glCanvas.js:1127 [BENCHMARK] 1654768534882,CSR
glCanvas.js:1127 [BENCHMARK] 1654768534888,CSR
glCanvas.js:1127 [BENCHMARK] 1654768534895,CSR
glCanvas.js:1127 [BENCHMARK] 1654768534898,CSR
glCanvas.js:1127 [BENCHMARK] 1654768534961,CSR
glCanvas.js:1127 [BENCHMARK] 1654768534964,CSR
glCanvas.js:1127 [BENCHMARK] 1654768534990,CSR
glCanvas.js:1127 [BENCHMARK] 1654768534998,CSR
glCanvas.js:1127 [BENCHMARK] 1654768535000,CSR
glCanvas.js:1127 [BENCHMARK] 1654768535002,CSR
glCanvas.js:1127 [BENCHMARK] 1654768535020,CSR
glCanvas.js:1127 [BENCHMARK] 1654768535133,CSR
glCanvas.js:1127 [BENCHMARK] 1654768535140,CSR
glCanvas.js:1127 [BENCHMARK] 1654768535144,CSR
glCanvas.js:1127 [BENCHMARK] 1654768535147,CSR
glCanvas.js:1127 [BENCHMARK] 1654768535190,CSR
glCanvas.js:1127 [BENCHMARK] 1654768535196,CSR
glCanvas.js:1127 [BENCHMARK] 1654768535200,CSR
glCanvas.js:1127 [BENCHMARK] 1654768535203,CSR
glCanvas.js:1127 [BENCHMARK] 1654768535225,CSR
glCanvas.js:1127 [BENCHMARK] 1654768535229,CSR
glCanvas.js:1127 [BENCHMARK] 1654768535237,CSR
glCanvas.js:1127 [BENCHMARK] 1654768535261,CSR
glCanvas.js:1127 [BENCHMARK] 1654768535265,CSR
glCanvas.js:1127 [BENCHMARK] 1654768535269,CSR
glCanvas.js:1127 [BENCHMARK] 1654768535316,CSR
glCanvas.js:1127 [BENCHMARK] 1654768535321,CSR
glCanvas.js:1127 [BENCHMARK] 1654768535338,CSR
glCanvas.js:1127 [BENCHMARK] 1654768535341,CSR
glCanvas.js:1127 [BENCHMARK] 1654768535343,CSR
glCanvas.js:1127 [BENCHMARK] 1654768535364,CSR
glCanvas.js:1127 [BENCHMARK] 1654768535368,CSR
glCanvas.js:1127 [BENCHMARK] 1654768535371,CSR
glCanvas.js:1127 [BENCHMARK] 1654768535437,CSR
glCanvas.js:1127 [BENCHMARK] 1654768535439,CSR
glCanvas.js:1127 [BENCHMARK] 1654768535442,CSR
glCanvas.js:1127 [BENCHMARK] 1654768535444,CSR
glCanvas.js:1127 [BENCHMARK] 1654768535446,CSR
glCanvas.js:1127 [BENCHMARK] 1654768535472,CSR
glCanvas.js:1127 [BENCHMARK] 1654768535476,CSR
glCanvas.js:1127 [BENCHMARK] 1654768535480,CSR
glCanvas.js:1127 [BENCHMARK] 1654768535504,CSR
glCanvas.js:1127 [BENCHMARK] 1654768535527,CSR
filmbox2.js:1550 [BENCHMARK] 1654768535533,fullLoad
glCanvas.js:1127 [BENCHMARK] 1654768535650,CSR
glCanvas.js:1127 [BENCHMARK] 1654768535653,CSR
glCanvas.js:1127 [BENCHMARK] 1654768535678,CSR
glCanvas.js:1127 [BENCHMARK] 1654768535682,CSR
glCanvas.js:1127 [BENCHMARK] 1654768535688,CSR
glCanvas.js:1127 [BENCHMARK] 1654768535690,CSR
glCanvas.js:1127 [BENCHMARK] 1654768535705,CSR
glCanvas.js:1127 [BENCHMARK] 1654768535708,CSR
glCanvas.js:1127 [BENCHMARK] 1654768535715,CSR
glCanvas.js:1127 [BENCHMARK] 1654768535717,CSR
glCanvas.js:1127 [BENCHMARK] 1654768535728,CSR
glCanvas.js:1127 [BENCHMARK] 1654768535730,CSR
glCanvas.js:1127 [BENCHMARK] 1654768535740,CSR
glCanvas.js:1127 [BENCHMARK] 1654768535742,CSR
glCanvas.js:1127 [BENCHMARK] 1654768535753,CSR
glCanvas.js:1127 [BENCHMARK] 1654768535755,CSR
glCanvas.js:1127 [BENCHMARK] 1654768535766,CSR
glCanvas.js:1127 [BENCHMARK] 1654768535768,CSR
glCanvas.js:1127 [BENCHMARK] 1654768535801,CSR
glCanvas.js:1127 [BENCHMARK] 1654768535803,CSR
glCanvas.js:1127 [BENCHMARK] 1654768536000,CSR
glCanvas.js:1127 [BENCHMARK] 1654768536002,CSR
glCanvas.js:1127 [BENCHMARK] 1654768536006,CSR
glCanvas.js:1127 [BENCHMARK] 1654768536008,CSR
glCanvas.js:1127 [BENCHMARK] 1654768536014,CSR
glCanvas.js:1127 [BENCHMARK] 1654768536016,CSR
glCanvas.js:1127 [BENCHMARK] 1654768536022,CSR
glCanvas.js:1127 [BENCHMARK] 1654768536024,CSR
glCanvas.js:1127 [BENCHMARK] 1654768536028,CSR
glCanvas.js:1127 [BENCHMARK] 1654768536030,CSR
glCanvas.js:1127 [BENCHMARK] 1654768536034,CSR
glCanvas.js:1127 [BENCHMARK] 1654768536036,CSR
glCanvas.js:1127 [BENCHMARK] 1654768536070,CSR
glCanvas.js:1127 [BENCHMARK] 1654768536072,CSR
glCanvas.js:1127 [BENCHMARK] 1654768536074,CSR
glCanvas.js:1127 [BENCHMARK] 1654768536076,CSR
glCanvas.js:1127 [BENCHMARK] 1654768536078,CSR
glCanvas.js:1127 [BENCHMARK] 1654768536080,CSR
glCanvas.js:1127 [BENCHMARK] 1654768536082,CSR
glCanvas.js:1127 [BENCHMARK] 1654768536083,CSR
glCanvas.js:1127 [BENCHMARK] 1654768536337,CSR
glCanvas.js:1127 [BENCHMARK] 1654768537073,CSR
glCanvas.js:1127 [BENCHMARK] 1654768537080,CSR
glCanvas.js:1127 [BENCHMARK] 1654768537083,CSR
glCanvas.js:1127 [BENCHMARK] 1654768537089,CSR
glCanvas.js:1127 [BENCHMARK] 1654768537103,CSR
glCanvas.js:1127 [BENCHMARK] 1654768537104,CSR
glCanvas.js:1127 [BENCHMARK] 1654768537105,CSR
glCanvas.js:1127 [BENCHMARK] 1654768537111,CSR
glCanvas.js:1127 [BENCHMARK] 1654768537117,CSR
glCanvas.js:1127 [BENCHMARK] 1654768537122,CSR
glCanvas.js:1127 [BENCHMARK] 1654768537127,CSR
glCanvas.js:1127 [BENCHMARK] 1654768537152,CSR
glCanvas.js:1127 [BENCHMARK] 1654768537153,CSR
glCanvas.js:1127 [BENCHMARK] 1654768537353,CSR
glCanvas.js:1127 [BENCHMARK] 1654768537359,CSR
glCanvas.js:1127 [BENCHMARK] 1654768537365,CSR
glCanvas.js:1127 [BENCHMARK] 1654768537371,CSR
glCanvas.js:1127 [BENCHMARK] 1654768537376,CSR
glCanvas.js:1127 [BENCHMARK] 1654768537382,CSR
glCanvas.js:1127 [BENCHMARK] 1654768537388,CSR
glCanvas.js:1127 [BENCHMARK] 1654768537393,CSR
glCanvas.js:1127 [BENCHMARK] 1654768537399,CSR
glCanvas.js:1127 [BENCHMARK] 1654768537404,CSR
glCanvas.js:1127 [BENCHMARK] 1654768537410,CSR
glCanvas.js:1127 [BENCHMARK] 1654768537416,CSR
glCanvas.js:1127 [BENCHMARK] 1654768537421,CSR
glCanvas.js:1127 [BENCHMARK] 1654768537637,CSR
glCanvas.js:1127 [BENCHMARK] 1654768537650,CSR
glCanvas.js:1127 [BENCHMARK] 1654768537663,CSR
glCanvas.js:1127 [BENCHMARK] 1654768537677,CSR
glCanvas.js:1127 [BENCHMARK] 1654768537690,CSR
glCanvas.js:1127 [BENCHMARK] 1654768537703,CSR
glCanvas.js:1127 [BENCHMARK] 1654768537716,CSR
glCanvas.js:1127 [BENCHMARK] 1654768537729,CSR
glCanvas.js:1127 [BENCHMARK] 1654768537743,CSR
glCanvas.js:1127 [BENCHMARK] 1654768537756,CSR
glCanvas.js:1127 [BENCHMARK] 1654768537977,CSR
glCanvas.js:1127 [BENCHMARK] 1654768537990,CSR
glCanvas.js:1127 [BENCHMARK] 1654768538003,CSR
glCanvas.js:1127 [BENCHMARK] 1654768538016,CSR
glCanvas.js:1127 [BENCHMARK] 1654768538028,CSR
glCanvas.js:1127 [BENCHMARK] 1654768538042,CSR
glCanvas.js:1127 [BENCHMARK] 1654768538056,CSR
glCanvas.js:1127 [BENCHMARK] 1654768538069,CSR
glCanvas.js:1127 [BENCHMARK] 1654768538081,CSR
glCanvas.js:1127 [BENCHMARK] 1654768538095,CSR
glCanvas.js:1127 [BENCHMARK] 1654768538353,CSR
glCanvas.js:1127 [BENCHMARK] 1654768539361,CSR
glCanvas.js:1127 [BENCHMARK] 1654768540117,CSR
glCanvas.js:1127 [BENCHMARK] 1654768540119,CSR
glCanvas.js:1127 [BENCHMARK] 1654768540122,CSR
glCanvas.js:1127 [BENCHMARK] 1654768540123,CSR
glCanvas.js:1127 [BENCHMARK] 1654768540132,CSR
glCanvas.js:1127 [BENCHMARK] 1654768540133,CSR
glCanvas.js:1127 [BENCHMARK] 1654768540134,CSR
glCanvas.js:1127 [BENCHMARK] 1654768540135,CSR
glCanvas.js:1127 [BENCHMARK] 1654768540170,CSR
glCanvas.js:1127 [BENCHMARK] 1654768540173,CSR
glCanvas.js:1127 [BENCHMARK] 1654768540175,CSR
glCanvas.js:1127 [BENCHMARK] 1654768540176,CSR
glCanvas.js:1127 [BENCHMARK] 1654768540178,CSR
glCanvas.js:1127 [BENCHMARK] 1654768540179,CSR
glCanvas.js:1127 [BENCHMARK] 1654768540181,CSR
glCanvas.js:1127 [BENCHMARK] 1654768540182,CSR
glCanvas.js:1127 [BENCHMARK] 1654768540183,CSR
glCanvas.js:1127 [BENCHMARK] 1654768540183,CSR
glCanvas.js:1127 [BENCHMARK] 1654768540184,CSR
glCanvas.js:1127 [BENCHMARK] 1654768540184,CSR
glCanvas.js:1127 [BENCHMARK] 1654768540384,CSR
glCanvas.js:1127 [BENCHMARK] 1654768540385,CSR
glCanvas.js:1127 [BENCHMARK] 1654768540392,CSR
glCanvas.js:1127 [BENCHMARK] 1654768540394,CSR
glCanvas.js:1127 [BENCHMARK] 1654768540397,CSR
glCanvas.js:1127 [BENCHMARK] 1654768540398,CSR
glCanvas.js:1127 [BENCHMARK] 1654768540408,CSR
glCanvas.js:1127 [BENCHMARK] 1654768540408,CSR
glCanvas.js:1127 [BENCHMARK] 1654768540409,CSR
glCanvas.js:1127 [BENCHMARK] 1654768540410,CSR
glCanvas.js:1127 [BENCHMARK] 1654768540412,CSR
glCanvas.js:1127 [BENCHMARK] 1654768540413,CSR
glCanvas.js:1127 [BENCHMARK] 1654768540418,CSR
glCanvas.js:1127 [BENCHMARK] 1654768540418,CSR
glCanvas.js:1127 [BENCHMARK] 1654768540423,CSR
glCanvas.js:1127 [BENCHMARK] 1654768540424,CSR
glCanvas.js:1127 [BENCHMARK] 1654768540458,CSR
glCanvas.js:1127 [BENCHMARK] 1654768540460,CSR
glCanvas.js:1127 [BENCHMARK] 1654768540462,CSR
glCanvas.js:1127 [BENCHMARK] 1654768540464,CSR
glCanvas.js:1127 [BENCHMARK] 1654768540648,CSR
glCanvas.js:1127 [BENCHMARK] 1654768540650,CSR
glCanvas.js:1127 [BENCHMARK] 1654768540654,CSR
glCanvas.js:1127 [BENCHMARK] 1654768540656,CSR
glCanvas.js:1127 [BENCHMARK] 1654768540660,CSR
glCanvas.js:1127 [BENCHMARK] 1654768540662,CSR
glCanvas.js:1127 [BENCHMARK] 1654768540666,CSR
glCanvas.js:1127 [BENCHMARK] 1654768540667,CSR
glCanvas.js:1127 [BENCHMARK] 1654768540679,CSR
glCanvas.js:1127 [BENCHMARK] 1654768540680,CSR
glCanvas.js:1127 [BENCHMARK] 1654768540681,CSR
glCanvas.js:1127 [BENCHMARK] 1654768540681,CSR
glCanvas.js:1127 [BENCHMARK] 1654768540683,CSR
glCanvas.js:1127 [BENCHMARK] 1654768540684,CSR
glCanvas.js:1127 [BENCHMARK] 1654768540688,CSR
glCanvas.js:1127 [BENCHMARK] 1654768540689,CSR
glCanvas.js:1127 [BENCHMARK] 1654768540701,CSR
glCanvas.js:1127 [BENCHMARK] 1654768540706,CSR
glCanvas.js:1127 [BENCHMARK] 1654768540710,CSR
glCanvas.js:1127 [BENCHMARK] 1654768540711,CSR
glCanvas.js:1127 [BENCHMARK] 1654768540922,CSR
glCanvas.js:1127 [BENCHMARK] 1654768540923,CSR
glCanvas.js:1127 [BENCHMARK] 1654768540927,CSR
glCanvas.js:1127 [BENCHMARK] 1654768540929,CSR
glCanvas.js:1127 [BENCHMARK] 1654768540933,CSR
glCanvas.js:1127 [BENCHMARK] 1654768540935,CSR
glCanvas.js:1127 [BENCHMARK] 1654768540939,CSR
glCanvas.js:1127 [BENCHMARK] 1654768540940,CSR
glCanvas.js:1127 [BENCHMARK] 1654768540953,CSR
glCanvas.js:1127 [BENCHMARK] 1654768540954,CSR
glCanvas.js:1127 [BENCHMARK] 1654768540956,CSR
glCanvas.js:1127 [BENCHMARK] 1654768540956,CSR
glCanvas.js:1127 [BENCHMARK] 1654768540957,CSR
glCanvas.js:1127 [BENCHMARK] 1654768540958,CSR
glCanvas.js:1127 [BENCHMARK] 1654768540961,CSR
glCanvas.js:1127 [BENCHMARK] 1654768540962,CSR
glCanvas.js:1127 [BENCHMARK] 1654768540967,CSR
glCanvas.js:1127 [BENCHMARK] 1654768540968,CSR
glCanvas.js:1127 [BENCHMARK] 1654768540973,CSR
glCanvas.js:1127 [BENCHMARK] 1654768540973,CSR
glCanvas.js:1127 [BENCHMARK] 1654768540978,CSR
glCanvas.js:1127 [BENCHMARK] 1654768540979,CSR
glCanvas.js:1127 [BENCHMARK] 1654768541007,CSR
glCanvas.js:1127 [BENCHMARK] 1654768541008,CSR
glCanvas.js:1127 [BENCHMARK] 1654768541198,CSR
glCanvas.js:1127 [BENCHMARK] 1654768541199,CSR
glCanvas.js:1127 [BENCHMARK] 1654768541204,CSR
glCanvas.js:1127 [BENCHMARK] 1654768541206,CSR
glCanvas.js:1127 [BENCHMARK] 1654768541210,CSR
glCanvas.js:1127 [BENCHMARK] 1654768541212,CSR
glCanvas.js:1127 [BENCHMARK] 1654768541216,CSR
glCanvas.js:1127 [BENCHMARK] 1654768541217,CSR
glCanvas.js:1127 [BENCHMARK] 1654768541277,CSR
glCanvas.js:1127 [BENCHMARK] 1654768541278,CSR
glCanvas.js:1127 [BENCHMARK] 1654768541279,CSR
glCanvas.js:1127 [BENCHMARK] 1654768541280,CSR
glCanvas.js:1127 [BENCHMARK] 1654768541281,CSR
glCanvas.js:1127 [BENCHMARK] 1654768541282,CSR
glCanvas.js:1127 [BENCHMARK] 1654768541283,CSR
glCanvas.js:1127 [BENCHMARK] 1654768541283,CSR
glCanvas.js:1127 [BENCHMARK] 1654768541285,CSR
glCanvas.js:1127 [BENCHMARK] 1654768541286,CSR
glCanvas.js:1127 [BENCHMARK] 1654768541288,CSR
glCanvas.js:1127 [BENCHMARK] 1654768541290,CSR
glCanvas.js:1127 [BENCHMARK] 1654768541291,CSR
glCanvas.js:1127 [BENCHMARK] 1654768541291,CSR
glCanvas.js:1127 [BENCHMARK] 1654768541292,CSR
glCanvas.js:1127 [BENCHMARK] 1654768541294,CSR
glCanvas.js:1127 [BENCHMARK] 1654768541545,CSR
glCanvas.js:1127 [BENCHMARK] 1654768542553,CSR
