glCanvas.js:1107 [BENCHMARK] 1654767587409,X
glCanvas.js:1107 [BENCHMARK] 1654767587415,X
glCanvas.js:1107 [BENCHMARK] 1654767587418,X
glCanvas.js:1107 [BENCHMARK] 1654767587582,X
glCanvas.js:1107 [BENCHMARK] 1654767588128,X
glCanvas.js:1127 [BENCHMARK] 1654767588153,SSR
manager.js:159 [BENCHMARK] 1654767588749,firstRender
glCanvas.js:1127 [BENCHMARK] 1654767588756,CSR
glCanvas.js:1127 [BENCHMARK] 1654767588759,CSR
glCanvas.js:1127 [BENCHMARK] 1654767588762,CSR
glCanvas.js:1127 [BENCHMARK] 1654767588764,CSR
glCanvas.js:1127 [BENCHMARK] 1654767588797,CSR
glCanvas.js:1127 [BENCHMARK] 1654767588801,CSR
glCanvas.js:1127 [BENCHMARK] 1654767588806,CSR
glCanvas.js:1127 [BENCHMARK] 1654767588822,CSR
glCanvas.js:1127 [BENCHMARK] 1654767588833,CSR
glCanvas.js:1127 [BENCHMARK] 1654767588845,CSR
glCanvas.js:1127 [BENCHMARK] 1654767588848,CSR
glCanvas.js:1127 [BENCHMARK] 1654767588854,CSR
glCanvas.js:1127 [BENCHMARK] 1654767588856,CSR
glCanvas.js:1127 [BENCHMARK] 1654767588870,CSR
glCanvas.js:1127 [BENCHMARK] 1654767588905,CSR
glCanvas.js:1127 [BENCHMARK] 1654767588907,CSR
glCanvas.js:1127 [BENCHMARK] 1654767588911,CSR
glCanvas.js:1127 [BENCHMARK] 1654767588913,CSR
glCanvas.js:1127 [BENCHMARK] 1654767588916,CSR
glCanvas.js:1127 [BENCHMARK] 1654767588917,CSR
glCanvas.js:1127 [BENCHMARK] 1654767589079,CSR
glCanvas.js:1127 [BENCHMARK] 1654767589134,CSR
glCanvas.js:1127 [BENCHMARK] 1654767589378,CSR
glCanvas.js:1127 [BENCHMARK] 1654767589420,CSR
glCanvas.js:1127 [BENCHMARK] 1654767589495,CSR
glCanvas.js:1127 [BENCHMARK] 1654767589569,CSR
glCanvas.js:1127 [BENCHMARK] 1654767589697,CSR
glCanvas.js:1127 [BENCHMARK] 1654767589742,CSR
glCanvas.js:1127 [BENCHMARK] 1654767589780,CSR
glCanvas.js:1127 [BENCHMARK] 1654767589819,CSR
glCanvas.js:1127 [BENCHMARK] 1654767589949,CSR
glCanvas.js:1127 [BENCHMARK] 1654767589966,CSR
glCanvas.js:1127 [BENCHMARK] 1654767589967,CSR
glCanvas.js:1127 [BENCHMARK] 1654767590003,CSR
glCanvas.js:1127 [BENCHMARK] 1654767590004,CSR
glCanvas.js:1127 [BENCHMARK] 1654767590037,CSR
glCanvas.js:1127 [BENCHMARK] 1654767590038,CSR
glCanvas.js:1127 [BENCHMARK] 1654767590044,CSR
glCanvas.js:1127 [BENCHMARK] 1654767590068,CSR
glCanvas.js:1127 [BENCHMARK] 1654767590070,CSR
glCanvas.js:1127 [BENCHMARK] 1654767590094,CSR
glCanvas.js:1127 [BENCHMARK] 1654767590099,CSR
glCanvas.js:1127 [BENCHMARK] 1654767590100,CSR
glCanvas.js:1127 [BENCHMARK] 1654767590130,CSR
glCanvas.js:1127 [BENCHMARK] 1654767590130,CSR
glCanvas.js:1127 [BENCHMARK] 1654767590151,CSR
glCanvas.js:1127 [BENCHMARK] 1654767590161,CSR
glCanvas.js:1127 [BENCHMARK] 1654767590162,CSR
glCanvas.js:1127 [BENCHMARK] 1654767590191,CSR
glCanvas.js:1127 [BENCHMARK] 1654767590192,CSR
glCanvas.js:1127 [BENCHMARK] 1654767590219,CSR
glCanvas.js:1127 [BENCHMARK] 1654767590222,CSR
glCanvas.js:1127 [BENCHMARK] 1654767590223,CSR
glCanvas.js:1127 [BENCHMARK] 1654767590253,CSR
glCanvas.js:1127 [BENCHMARK] 1654767590254,CSR
glCanvas.js:1127 [BENCHMARK] 1654767590445,CSR
glCanvas.js:1127 [BENCHMARK] 1654767590627,CSR
glCanvas.js:1127 [BENCHMARK] 1654767590628,CSR
glCanvas.js:1127 [BENCHMARK] 1654767590629,CSR
glCanvas.js:1127 [BENCHMARK] 1654767590632,CSR
glCanvas.js:1127 [BENCHMARK] 1654767590633,CSR
glCanvas.js:1127 [BENCHMARK] 1654767590634,CSR
glCanvas.js:1127 [BENCHMARK] 1654767590635,CSR
glCanvas.js:1127 [BENCHMARK] 1654767590635,CSR
glCanvas.js:1127 [BENCHMARK] 1654767590636,CSR
glCanvas.js:1127 [BENCHMARK] 1654767590637,CSR
glCanvas.js:1127 [BENCHMARK] 1654767590640,CSR
glCanvas.js:1127 [BENCHMARK] 1654767590641,CSR
glCanvas.js:1127 [BENCHMARK] 1654767590671,CSR
glCanvas.js:1127 [BENCHMARK] 1654767590672,CSR
glCanvas.js:1127 [BENCHMARK] 1654767590688,CSR
glCanvas.js:1127 [BENCHMARK] 1654767590707,CSR
glCanvas.js:1127 [BENCHMARK] 1654767590708,CSR
glCanvas.js:1127 [BENCHMARK] 1654767590709,CSR
glCanvas.js:1127 [BENCHMARK] 1654767590711,CSR
glCanvas.js:1127 [BENCHMARK] 1654767590719,CSR
glCanvas.js:1127 [BENCHMARK] 1654767590732,CSR
glCanvas.js:1127 [BENCHMARK] 1654767590732,CSR
glCanvas.js:1127 [BENCHMARK] 1654767590762,CSR
glCanvas.js:1127 [BENCHMARK] 1654767590763,CSR
glCanvas.js:1127 [BENCHMARK] 1654767591002,CSR
glCanvas.js:1127 [BENCHMARK] 1654767591004,CSR
glCanvas.js:1127 [BENCHMARK] 1654767591032,CSR
glCanvas.js:1127 [BENCHMARK] 1654767591033,CSR
glCanvas.js:1127 [BENCHMARK] 1654767591045,CSR
glCanvas.js:1127 [BENCHMARK] 1654767591062,CSR
glCanvas.js:1127 [BENCHMARK] 1654767591063,CSR
glCanvas.js:1127 [BENCHMARK] 1654767591093,CSR
glCanvas.js:1127 [BENCHMARK] 1654767591094,CSR
glCanvas.js:1127 [BENCHMARK] 1654767591124,CSR
glCanvas.js:1127 [BENCHMARK] 1654767591125,CSR
glCanvas.js:1127 [BENCHMARK] 1654767591133,CSR
glCanvas.js:1127 [BENCHMARK] 1654767591155,CSR
glCanvas.js:1127 [BENCHMARK] 1654767591156,CSR
glCanvas.js:1127 [BENCHMARK] 1654767591169,CSR
glCanvas.js:1107 [BENCHMARK] 1654767591185,X
glCanvas.js:1107 [BENCHMARK] 1654767591186,X
glCanvas.js:1107 [BENCHMARK] 1654767591215,X
glCanvas.js:1107 [BENCHMARK] 1654767591216,X
glCanvas.js:1107 [BENCHMARK] 1654767591230,X
glCanvas.js:1127 [BENCHMARK] 1654767591246,CSR
glCanvas.js:1127 [BENCHMARK] 1654767591247,CSR
glCanvas.js:1127 [BENCHMARK] 1654767591277,CSR
glCanvas.js:1107 [BENCHMARK] 1654767591278,X
glCanvas.js:1107 [BENCHMARK] 1654767591279,X
glCanvas.js:1107 [BENCHMARK] 1654767591312,X
glCanvas.js:1107 [BENCHMARK] 1654767591347,X
glCanvas.js:1107 [BENCHMARK] 1654767591388,X
glCanvas.js:1107 [BENCHMARK] 1654767591463,X
glCanvas.js:1107 [BENCHMARK] 1654767591610,X
glCanvas.js:1107 [BENCHMARK] 1654767591656,X
glCanvas.js:1107 [BENCHMARK] 1654767591712,X
glCanvas.js:1107 [BENCHMARK] 1654767591989,X
glCanvas.js:1107 [BENCHMARK] 1654767591993,X
glCanvas.js:1107 [BENCHMARK] 1654767591995,X
glCanvas.js:1107 [BENCHMARK] 1654767591996,X
glCanvas.js:1127 [BENCHMARK] 1654767592066,CSR
glCanvas.js:1127 [BENCHMARK] 1654767592103,CSR
glCanvas.js:1127 [BENCHMARK] 1654767592239,CSR
glCanvas.js:1127 [BENCHMARK] 1654767592274,CSR
glCanvas.js:1127 [BENCHMARK] 1654767592309,CSR
glCanvas.js:1127 [BENCHMARK] 1654767592311,CSR
glCanvas.js:1127 [BENCHMARK] 1654767592394,CSR
glCanvas.js:1127 [BENCHMARK] 1654767592411,CSR
glCanvas.js:1127 [BENCHMARK] 1654767592436,CSR
glCanvas.js:1127 [BENCHMARK] 1654767592472,CSR
glCanvas.js:1127 [BENCHMARK] 1654767592506,CSR
glCanvas.js:1127 [BENCHMARK] 1654767592512,CSR
glCanvas.js:1127 [BENCHMARK] 1654767592548,CSR
glCanvas.js:1127 [BENCHMARK] 1654767592613,CSR
glCanvas.js:1127 [BENCHMARK] 1654767592644,CSR
glCanvas.js:1127 [BENCHMARK] 1654767592715,CSR
glCanvas.js:1127 [BENCHMARK] 1654767592801,CSR
glCanvas.js:1127 [BENCHMARK] 1654767592815,CSR
glCanvas.js:1127 [BENCHMARK] 1654767592877,CSR
glCanvas.js:1127 [BENCHMARK] 1654767592911,CSR
glCanvas.js:1127 [BENCHMARK] 1654767592916,CSR
glCanvas.js:1127 [BENCHMARK] 1654767592950,CSR
glCanvas.js:1127 [BENCHMARK] 1654767592994,CSR
glCanvas.js:1127 [BENCHMARK] 1654767593055,CSR
glCanvas.js:1127 [BENCHMARK] 1654767593101,CSR
glCanvas.js:1127 [BENCHMARK] 1654767593137,CSR
glCanvas.js:1127 [BENCHMARK] 1654767593174,CSR
glCanvas.js:1127 [BENCHMARK] 1654767593209,CSR
glCanvas.js:1127 [BENCHMARK] 1654767593244,CSR
glCanvas.js:1127 [BENCHMARK] 1654767593335,CSR
glCanvas.js:1127 [BENCHMARK] 1654767593386,CSR
glCanvas.js:1127 [BENCHMARK] 1654767593421,CSR
glCanvas.js:1127 [BENCHMARK] 1654767593455,CSR
glCanvas.js:1127 [BENCHMARK] 1654767593525,CSR
glCanvas.js:1127 [BENCHMARK] 1654767593612,CSR
glCanvas.js:1127 [BENCHMARK] 1654767593705,CSR
glCanvas.js:1127 [BENCHMARK] 1654767593745,CSR
glCanvas.js:1127 [BENCHMARK] 1654767593860,CSR
glCanvas.js:1127 [BENCHMARK] 1654767593896,CSR
glCanvas.js:1127 [BENCHMARK] 1654767593934,CSR
glCanvas.js:1127 [BENCHMARK] 1654767593969,CSR
glCanvas.js:1127 [BENCHMARK] 1654767594118,CSR
glCanvas.js:1127 [BENCHMARK] 1654767594151,CSR
glCanvas.js:1127 [BENCHMARK] 1654767594285,CSR
glCanvas.js:1127 [BENCHMARK] 1654767594551,CSR
glCanvas.js:1127 [BENCHMARK] 1654767594705,CSR
glCanvas.js:1127 [BENCHMARK] 1654767594741,CSR
glCanvas.js:1127 [BENCHMARK] 1654767594777,CSR
glCanvas.js:1127 [BENCHMARK] 1654767594812,CSR
glCanvas.js:1127 [BENCHMARK] 1654767594858,CSR
glCanvas.js:1127 [BENCHMARK] 1654767594891,CSR
filmbox2.js:1537 [BENCHMARK] 1654767594892,fullLoad
glCanvas.js:1127 [BENCHMARK] 1654767596024,CSR
glCanvas.js:1127 [BENCHMARK] 1654767596027,CSR
glCanvas.js:1127 [BENCHMARK] 1654767596227,CSR
glCanvas.js:1127 [BENCHMARK] 1654767596229,CSR
glCanvas.js:1127 [BENCHMARK] 1654767596428,CSR
glCanvas.js:1127 [BENCHMARK] 1654767596431,CSR
glCanvas.js:1127 [BENCHMARK] 1654767596631,CSR
glCanvas.js:1127 [BENCHMARK] 1654767596632,CSR
glCanvas.js:1127 [BENCHMARK] 1654767596832,CSR
glCanvas.js:1127 [BENCHMARK] 1654767596834,CSR
glCanvas.js:1127 [BENCHMARK] 1654767598043,CSR
glCanvas.js:1127 [BENCHMARK] 1654767598045,CSR
glCanvas.js:1127 [BENCHMARK] 1654767598114,CSR
glCanvas.js:1127 [BENCHMARK] 1654767598116,CSR
glCanvas.js:1127 [BENCHMARK] 1654767598186,CSR
glCanvas.js:1127 [BENCHMARK] 1654767598188,CSR
glCanvas.js:1127 [BENCHMARK] 1654767598258,CSR
glCanvas.js:1127 [BENCHMARK] 1654767598260,CSR
glCanvas.js:1127 [BENCHMARK] 1654767598330,CSR
glCanvas.js:1127 [BENCHMARK] 1654767598332,CSR
glCanvas.js:1127 [BENCHMARK] 1654767598402,CSR
glCanvas.js:1127 [BENCHMARK] 1654767598403,CSR
glCanvas.js:1127 [BENCHMARK] 1654767598474,CSR
glCanvas.js:1127 [BENCHMARK] 1654767598475,CSR
glCanvas.js:1127 [BENCHMARK] 1654767600554,CSR
glCanvas.js:1127 [BENCHMARK] 1654767600556,CSR
glCanvas.js:1127 [BENCHMARK] 1654767600624,CSR
glCanvas.js:1127 [BENCHMARK] 1654767600625,CSR
glCanvas.js:1127 [BENCHMARK] 1654767600695,CSR
glCanvas.js:1127 [BENCHMARK] 1654767600696,CSR
glCanvas.js:1127 [BENCHMARK] 1654767600767,CSR
glCanvas.js:1127 [BENCHMARK] 1654767600769,CSR
glCanvas.js:1127 [BENCHMARK] 1654767600839,CSR
glCanvas.js:1127 [BENCHMARK] 1654767600841,CSR
glCanvas.js:1127 [BENCHMARK] 1654767600911,CSR
glCanvas.js:1127 [BENCHMARK] 1654767600913,CSR
glCanvas.js:1127 [BENCHMARK] 1654767600982,CSR
glCanvas.js:1127 [BENCHMARK] 1654767600984,CSR
glCanvas.js:1127 [BENCHMARK] 1654767601055,CSR
glCanvas.js:1127 [BENCHMARK] 1654767601061,CSR
glCanvas.js:1127 [BENCHMARK] 1654767601124,CSR
glCanvas.js:1127 [BENCHMARK] 1654767601125,CSR
glCanvas.js:1127 [BENCHMARK] 1654767601237,CSR
glCanvas.js:1127 [BENCHMARK] 1654767601238,CSR
glCanvas.js:1127 [BENCHMARK] 1654767601473,CSR
glCanvas.js:1127 [BENCHMARK] 1654767601475,CSR
glCanvas.js:1127 [BENCHMARK] 1654767601504,CSR
glCanvas.js:1127 [BENCHMARK] 1654767601507,CSR
glCanvas.js:1127 [BENCHMARK] 1654767601536,CSR
glCanvas.js:1127 [BENCHMARK] 1654767601538,CSR
glCanvas.js:1127 [BENCHMARK] 1654767601567,CSR
glCanvas.js:1127 [BENCHMARK] 1654767601569,CSR
glCanvas.js:1127 [BENCHMARK] 1654767601599,CSR
glCanvas.js:1127 [BENCHMARK] 1654767601600,CSR
glCanvas.js:1127 [BENCHMARK] 1654767601630,CSR
glCanvas.js:1127 [BENCHMARK] 1654767601632,CSR
glCanvas.js:1127 [BENCHMARK] 1654767601662,CSR
glCanvas.js:1127 [BENCHMARK] 1654767601664,CSR
glCanvas.js:1127 [BENCHMARK] 1654767601692,CSR
glCanvas.js:1127 [BENCHMARK] 1654767601693,CSR
glCanvas.js:1127 [BENCHMARK] 1654767601724,CSR
glCanvas.js:1127 [BENCHMARK] 1654767601725,CSR
glCanvas.js:1127 [BENCHMARK] 1654767601756,CSR
glCanvas.js:1127 [BENCHMARK] 1654767601758,CSR
glCanvas.js:1127 [BENCHMARK] 1654767601996,CSR
glCanvas.js:1127 [BENCHMARK] 1654767601998,CSR
glCanvas.js:1127 [BENCHMARK] 1654767602027,CSR
glCanvas.js:1127 [BENCHMARK] 1654767602029,CSR
glCanvas.js:1127 [BENCHMARK] 1654767602059,CSR
glCanvas.js:1127 [BENCHMARK] 1654767602061,CSR
glCanvas.js:1127 [BENCHMARK] 1654767602090,CSR
glCanvas.js:1127 [BENCHMARK] 1654767602092,CSR
glCanvas.js:1127 [BENCHMARK] 1654767602122,CSR
glCanvas.js:1127 [BENCHMARK] 1654767602124,CSR
glCanvas.js:1127 [BENCHMARK] 1654767602154,CSR
glCanvas.js:1127 [BENCHMARK] 1654767602156,CSR
glCanvas.js:1127 [BENCHMARK] 1654767602185,CSR
glCanvas.js:1127 [BENCHMARK] 1654767602187,CSR
glCanvas.js:1127 [BENCHMARK] 1654767602217,CSR
glCanvas.js:1127 [BENCHMARK] 1654767602219,CSR
glCanvas.js:1127 [BENCHMARK] 1654767602249,CSR
glCanvas.js:1127 [BENCHMARK] 1654767602251,CSR
glCanvas.js:1127 [BENCHMARK] 1654767602281,CSR
glCanvas.js:1127 [BENCHMARK] 1654767602283,CSR
glCanvas.js:1127 [BENCHMARK] 1654767605320,CSR
glCanvas.js:1127 [BENCHMARK] 1654767605521,CSR
glCanvas.js:1127 [BENCHMARK] 1654767605723,CSR
glCanvas.js:1127 [BENCHMARK] 1654767605925,CSR
glCanvas.js:1127 [BENCHMARK] 1654767606128,CSR
glCanvas.js:1127 [BENCHMARK] 1654767607338,CSR
glCanvas.js:1127 [BENCHMARK] 1654767607409,CSR
glCanvas.js:1127 [BENCHMARK] 1654767607481,CSR
glCanvas.js:1127 [BENCHMARK] 1654767607553,CSR
glCanvas.js:1127 [BENCHMARK] 1654767607625,CSR
glCanvas.js:1127 [BENCHMARK] 1654767607697,CSR
glCanvas.js:1127 [BENCHMARK] 1654767607768,CSR
glCanvas.js:1127 [BENCHMARK] 1654767607839,CSR
glCanvas.js:1127 [BENCHMARK] 1654767607911,CSR
glCanvas.js:1127 [BENCHMARK] 1654767607982,CSR
glCanvas.js:1127 [BENCHMARK] 1654767608261,CSR
glCanvas.js:1127 [BENCHMARK] 1654767608332,CSR
glCanvas.js:1127 [BENCHMARK] 1654767608404,CSR
glCanvas.js:1127 [BENCHMARK] 1654767608476,CSR
glCanvas.js:1127 [BENCHMARK] 1654767608547,CSR
glCanvas.js:1127 [BENCHMARK] 1654767608619,CSR
glCanvas.js:1127 [BENCHMARK] 1654767608691,CSR
glCanvas.js:1127 [BENCHMARK] 1654767608763,CSR
glCanvas.js:1127 [BENCHMARK] 1654767608835,CSR
glCanvas.js:1127 [BENCHMARK] 1654767608907,CSR
glCanvas.js:1127 [BENCHMARK] 1654767610005,CSR
glCanvas.js:1127 [BENCHMARK] 1654767610006,CSR
glCanvas.js:1127 [BENCHMARK] 1654767610016,CSR
glCanvas.js:1127 [BENCHMARK] 1654767610018,CSR
glCanvas.js:1127 [BENCHMARK] 1654767610048,CSR
glCanvas.js:1127 [BENCHMARK] 1654767610050,CSR
glCanvas.js:1127 [BENCHMARK] 1654767610080,CSR
glCanvas.js:1127 [BENCHMARK] 1654767610083,CSR
glCanvas.js:1127 [BENCHMARK] 1654767610112,CSR
glCanvas.js:1127 [BENCHMARK] 1654767610113,CSR
glCanvas.js:1127 [BENCHMARK] 1654767610143,CSR
glCanvas.js:1127 [BENCHMARK] 1654767610145,CSR
glCanvas.js:1127 [BENCHMARK] 1654767610174,CSR
glCanvas.js:1127 [BENCHMARK] 1654767610176,CSR
glCanvas.js:1127 [BENCHMARK] 1654767610206,CSR
glCanvas.js:1127 [BENCHMARK] 1654767610208,CSR
glCanvas.js:1127 [BENCHMARK] 1654767610238,CSR
glCanvas.js:1127 [BENCHMARK] 1654767610240,CSR
glCanvas.js:1127 [BENCHMARK] 1654767610269,CSR
glCanvas.js:1127 [BENCHMARK] 1654767610271,CSR
glCanvas.js:1127 [BENCHMARK] 1654767610509,CSR
glCanvas.js:1127 [BENCHMARK] 1654767610511,CSR
glCanvas.js:1127 [BENCHMARK] 1654767610540,CSR
glCanvas.js:1127 [BENCHMARK] 1654767610542,CSR
glCanvas.js:1127 [BENCHMARK] 1654767610572,CSR
glCanvas.js:1127 [BENCHMARK] 1654767610573,CSR
glCanvas.js:1127 [BENCHMARK] 1654767610603,CSR
glCanvas.js:1127 [BENCHMARK] 1654767610605,CSR
glCanvas.js:1127 [BENCHMARK] 1654767610634,CSR
glCanvas.js:1127 [BENCHMARK] 1654767610634,CSR
glCanvas.js:1127 [BENCHMARK] 1654767610664,CSR
glCanvas.js:1127 [BENCHMARK] 1654767610665,CSR
glCanvas.js:1127 [BENCHMARK] 1654767610695,CSR
glCanvas.js:1127 [BENCHMARK] 1654767610696,CSR
glCanvas.js:1127 [BENCHMARK] 1654767610726,CSR
glCanvas.js:1127 [BENCHMARK] 1654767610727,CSR
glCanvas.js:1127 [BENCHMARK] 1654767610757,CSR
glCanvas.js:1127 [BENCHMARK] 1654767610758,CSR
glCanvas.js:1127 [BENCHMARK] 1654767610789,CSR
glCanvas.js:1127 [BENCHMARK] 1654767610791,CSR
glCanvas.js:1127 [BENCHMARK] 1654767611028,CSR
glCanvas.js:1127 [BENCHMARK] 1654767611030,CSR
glCanvas.js:1127 [BENCHMARK] 1654767611059,CSR
glCanvas.js:1127 [BENCHMARK] 1654767611061,CSR
glCanvas.js:1127 [BENCHMARK] 1654767611091,CSR
glCanvas.js:1127 [BENCHMARK] 1654767611093,CSR
glCanvas.js:1127 [BENCHMARK] 1654767611122,CSR
glCanvas.js:1127 [BENCHMARK] 1654767611124,CSR
glCanvas.js:1127 [BENCHMARK] 1654767611154,CSR
glCanvas.js:1127 [BENCHMARK] 1654767611155,CSR
glCanvas.js:1127 [BENCHMARK] 1654767611185,CSR
glCanvas.js:1127 [BENCHMARK] 1654767611187,CSR
glCanvas.js:1127 [BENCHMARK] 1654767611217,CSR
glCanvas.js:1127 [BENCHMARK] 1654767611219,CSR
glCanvas.js:1127 [BENCHMARK] 1654767611248,CSR
glCanvas.js:1127 [BENCHMARK] 1654767611250,CSR
glCanvas.js:1127 [BENCHMARK] 1654767611280,CSR
glCanvas.js:1127 [BENCHMARK] 1654767611282,CSR
glCanvas.js:1127 [BENCHMARK] 1654767611311,CSR
glCanvas.js:1127 [BENCHMARK] 1654767611313,CSR
glCanvas.js:1127 [BENCHMARK] 1654767614351,CSR
glCanvas.js:1127 [BENCHMARK] 1654767614353,CSR
glCanvas.js:1127 [BENCHMARK] 1654767614552,CSR
glCanvas.js:1127 [BENCHMARK] 1654767614554,CSR
glCanvas.js:1127 [BENCHMARK] 1654767614754,CSR
glCanvas.js:1127 [BENCHMARK] 1654767614756,CSR
glCanvas.js:1127 [BENCHMARK] 1654767617964,CSR
glCanvas.js:1127 [BENCHMARK] 1654767618065,CSR
glCanvas.js:1127 [BENCHMARK] 1654767618167,CSR
glCanvas.js:1127 [BENCHMARK] 1654767618269,CSR
glCanvas.js:1127 [BENCHMARK] 1654767618371,CSR
glCanvas.js:1127 [BENCHMARK] 1654767618681,CSR
glCanvas.js:1127 [BENCHMARK] 1654767618783,CSR
glCanvas.js:1127 [BENCHMARK] 1654767618885,CSR
glCanvas.js:1127 [BENCHMARK] 1654767618987,CSR
glCanvas.js:1127 [BENCHMARK] 1654767619089,CSR
glCanvas.js:1127 [BENCHMARK] 1654767619191,CSR
glCanvas.js:1127 [BENCHMARK] 1654767619293,CSR
glCanvas.js:1127 [BENCHMARK] 1654767619395,CSR
glCanvas.js:1127 [BENCHMARK] 1654767619497,CSR
glCanvas.js:1127 [BENCHMARK] 1654767619599,CSR
glCanvas.js:1127 [BENCHMARK] 1654767619908,CSR
glCanvas.js:1127 [BENCHMARK] 1654767619980,CSR
glCanvas.js:1127 [BENCHMARK] 1654767620052,CSR
glCanvas.js:1127 [BENCHMARK] 1654767620124,CSR
glCanvas.js:1127 [BENCHMARK] 1654767620196,CSR
glCanvas.js:1127 [BENCHMARK] 1654767620267,CSR
glCanvas.js:1127 [BENCHMARK] 1654767620339,CSR
glCanvas.js:1127 [BENCHMARK] 1654767620410,CSR
glCanvas.js:1127 [BENCHMARK] 1654767620483,CSR
glCanvas.js:1127 [BENCHMARK] 1654767620554,CSR
glCanvas.js:1127 [BENCHMARK] 1654767624635,CSR
glCanvas.js:1127 [BENCHMARK] 1654767624637,CSR
glCanvas.js:1127 [BENCHMARK] 1654767624665,CSR
glCanvas.js:1127 [BENCHMARK] 1654767624667,CSR
glCanvas.js:1127 [BENCHMARK] 1654767624697,CSR
glCanvas.js:1127 [BENCHMARK] 1654767624699,CSR
glCanvas.js:1127 [BENCHMARK] 1654767624728,CSR
glCanvas.js:1127 [BENCHMARK] 1654767624731,CSR
glCanvas.js:1127 [BENCHMARK] 1654767624760,CSR
glCanvas.js:1127 [BENCHMARK] 1654767624762,CSR
glCanvas.js:1127 [BENCHMARK] 1654767624791,CSR
glCanvas.js:1127 [BENCHMARK] 1654767624793,CSR
glCanvas.js:1127 [BENCHMARK] 1654767624822,CSR
glCanvas.js:1127 [BENCHMARK] 1654767624824,CSR
glCanvas.js:1127 [BENCHMARK] 1654767624854,CSR
glCanvas.js:1127 [BENCHMARK] 1654767624855,CSR
glCanvas.js:1127 [BENCHMARK] 1654767624885,CSR
glCanvas.js:1127 [BENCHMARK] 1654767624887,CSR
glCanvas.js:1127 [BENCHMARK] 1654767624916,CSR
glCanvas.js:1127 [BENCHMARK] 1654767624918,CSR
glCanvas.js:1127 [BENCHMARK] 1654767625155,CSR
glCanvas.js:1127 [BENCHMARK] 1654767625158,CSR
glCanvas.js:1127 [BENCHMARK] 1654767625186,CSR
glCanvas.js:1127 [BENCHMARK] 1654767625187,CSR
glCanvas.js:1127 [BENCHMARK] 1654767625218,CSR
glCanvas.js:1127 [BENCHMARK] 1654767625220,CSR
glCanvas.js:1127 [BENCHMARK] 1654767625249,CSR
glCanvas.js:1127 [BENCHMARK] 1654767625251,CSR
glCanvas.js:1127 [BENCHMARK] 1654767625281,CSR
glCanvas.js:1127 [BENCHMARK] 1654767625283,CSR
glCanvas.js:1127 [BENCHMARK] 1654767625313,CSR
glCanvas.js:1127 [BENCHMARK] 1654767625315,CSR
glCanvas.js:1127 [BENCHMARK] 1654767625345,CSR
glCanvas.js:1127 [BENCHMARK] 1654767625346,CSR
glCanvas.js:1127 [BENCHMARK] 1654767625376,CSR
glCanvas.js:1127 [BENCHMARK] 1654767625377,CSR
glCanvas.js:1127 [BENCHMARK] 1654767625407,CSR
glCanvas.js:1127 [BENCHMARK] 1654767625409,CSR
glCanvas.js:1127 [BENCHMARK] 1654767625438,CSR
glCanvas.js:1127 [BENCHMARK] 1654767625440,CSR
glCanvas.js:1127 [BENCHMARK] 1654767625678,CSR
glCanvas.js:1127 [BENCHMARK] 1654767625680,CSR
glCanvas.js:1127 [BENCHMARK] 1654767625710,CSR
glCanvas.js:1127 [BENCHMARK] 1654767625711,CSR
glCanvas.js:1127 [BENCHMARK] 1654767625741,CSR
glCanvas.js:1127 [BENCHMARK] 1654767625743,CSR
glCanvas.js:1127 [BENCHMARK] 1654767625773,CSR
glCanvas.js:1127 [BENCHMARK] 1654767625775,CSR
glCanvas.js:1127 [BENCHMARK] 1654767625805,CSR
glCanvas.js:1127 [BENCHMARK] 1654767625807,CSR
glCanvas.js:1127 [BENCHMARK] 1654767625836,CSR
glCanvas.js:1127 [BENCHMARK] 1654767625838,CSR
glCanvas.js:1127 [BENCHMARK] 1654767625868,CSR
glCanvas.js:1127 [BENCHMARK] 1654767625870,CSR
glCanvas.js:1127 [BENCHMARK] 1654767625899,CSR
glCanvas.js:1127 [BENCHMARK] 1654767625901,CSR
glCanvas.js:1127 [BENCHMARK] 1654767625930,CSR
glCanvas.js:1127 [BENCHMARK] 1654767625932,CSR
glCanvas.js:1127 [BENCHMARK] 1654767625961,CSR
glCanvas.js:1127 [BENCHMARK] 1654767625963,CSR
glCanvas.js:1127 [BENCHMARK] 1654767627002,CSR
glCanvas.js:1127 [BENCHMARK] 1654767627104,CSR
glCanvas.js:1127 [BENCHMARK] 1654767627206,CSR
glCanvas.js:1127 [BENCHMARK] 1654767627308,CSR
glCanvas.js:1127 [BENCHMARK] 1654767627410,CSR
glCanvas.js:1127 [BENCHMARK] 1654767627512,CSR
glCanvas.js:1127 [BENCHMARK] 1654767627614,CSR
glCanvas.js:1127 [BENCHMARK] 1654767630724,CSR
glCanvas.js:1127 [BENCHMARK] 1654767630726,CSR
glCanvas.js:1127 [BENCHMARK] 1654767630924,CSR
glCanvas.js:1127 [BENCHMARK] 1654767630926,CSR
glCanvas.js:1127 [BENCHMARK] 1654767631127,CSR
glCanvas.js:1127 [BENCHMARK] 1654767631129,CSR
glCanvas.js:1127 [BENCHMARK] 1654767631329,CSR
glCanvas.js:1127 [BENCHMARK] 1654767631331,CSR
glCanvas.js:1127 [BENCHMARK] 1654767631531,CSR
glCanvas.js:1127 [BENCHMARK] 1654767631533,CSR
glCanvas.js:1127 [BENCHMARK] 1654767636742,CSR
glCanvas.js:1127 [BENCHMARK] 1654767636744,CSR
glCanvas.js:1127 [BENCHMARK] 1654767636812,CSR
glCanvas.js:1127 [BENCHMARK] 1654767636814,CSR
glCanvas.js:1127 [BENCHMARK] 1654767636884,CSR
glCanvas.js:1127 [BENCHMARK] 1654767636886,CSR
glCanvas.js:1127 [BENCHMARK] 1654767636955,CSR
glCanvas.js:1127 [BENCHMARK] 1654767636957,CSR
glCanvas.js:1127 [BENCHMARK] 1654767637028,CSR
glCanvas.js:1127 [BENCHMARK] 1654767637029,CSR
glCanvas.js:1127 [BENCHMARK] 1654767639107,CSR
glCanvas.js:1127 [BENCHMARK] 1654767639108,CSR
glCanvas.js:1127 [BENCHMARK] 1654767639138,CSR
glCanvas.js:1127 [BENCHMARK] 1654767639140,CSR
glCanvas.js:1127 [BENCHMARK] 1654767639169,CSR
glCanvas.js:1127 [BENCHMARK] 1654767639172,CSR
glCanvas.js:1127 [BENCHMARK] 1654767639201,CSR
glCanvas.js:1127 [BENCHMARK] 1654767639203,CSR
glCanvas.js:1127 [BENCHMARK] 1654767639232,CSR
glCanvas.js:1127 [BENCHMARK] 1654767639234,CSR
glCanvas.js:1127 [BENCHMARK] 1654767639264,CSR
glCanvas.js:1127 [BENCHMARK] 1654767639266,CSR
glCanvas.js:1127 [BENCHMARK] 1654767639295,CSR
glCanvas.js:1127 [BENCHMARK] 1654767639297,CSR
glCanvas.js:1127 [BENCHMARK] 1654767639327,CSR
glCanvas.js:1127 [BENCHMARK] 1654767639328,CSR
glCanvas.js:1127 [BENCHMARK] 1654767639358,CSR
glCanvas.js:1127 [BENCHMARK] 1654767639360,CSR
glCanvas.js:1127 [BENCHMARK] 1654767639391,CSR
glCanvas.js:1127 [BENCHMARK] 1654767639392,CSR
glCanvas.js:1127 [BENCHMARK] 1654767639422,CSR
glCanvas.js:1127 [BENCHMARK] 1654767639424,CSR
glCanvas.js:1127 [BENCHMARK] 1654767639455,CSR
glCanvas.js:1127 [BENCHMARK] 1654767639456,CSR
glCanvas.js:1127 [BENCHMARK] 1654767639486,CSR
glCanvas.js:1127 [BENCHMARK] 1654767639488,CSR
glCanvas.js:1127 [BENCHMARK] 1654767639726,CSR
glCanvas.js:1127 [BENCHMARK] 1654767639728,CSR
glCanvas.js:1127 [BENCHMARK] 1654767639739,CSR
glCanvas.js:1127 [BENCHMARK] 1654767639741,CSR
glCanvas.js:1127 [BENCHMARK] 1654767639753,CSR
glCanvas.js:1127 [BENCHMARK] 1654767639755,CSR
glCanvas.js:1127 [BENCHMARK] 1654767639766,CSR
glCanvas.js:1127 [BENCHMARK] 1654767639768,CSR
glCanvas.js:1127 [BENCHMARK] 1654767639779,CSR
glCanvas.js:1127 [BENCHMARK] 1654767639781,CSR
glCanvas.js:1127 [BENCHMARK] 1654767639792,CSR
glCanvas.js:1127 [BENCHMARK] 1654767639794,CSR
glCanvas.js:1127 [BENCHMARK] 1654767639804,CSR
glCanvas.js:1127 [BENCHMARK] 1654767639806,CSR
glCanvas.js:1127 [BENCHMARK] 1654767639818,CSR
glCanvas.js:1127 [BENCHMARK] 1654767639820,CSR
glCanvas.js:1127 [BENCHMARK] 1654767639830,CSR
glCanvas.js:1127 [BENCHMARK] 1654767639832,CSR
glCanvas.js:1127 [BENCHMARK] 1654767639843,CSR
glCanvas.js:1127 [BENCHMARK] 1654767639844,CSR
glCanvas.js:1127 [BENCHMARK] 1654767640065,CSR
glCanvas.js:1127 [BENCHMARK] 1654767640067,CSR
glCanvas.js:1127 [BENCHMARK] 1654767640078,CSR
glCanvas.js:1127 [BENCHMARK] 1654767640080,CSR
glCanvas.js:1127 [BENCHMARK] 1654767640091,CSR
glCanvas.js:1127 [BENCHMARK] 1654767640093,CSR
glCanvas.js:1127 [BENCHMARK] 1654767640105,CSR
glCanvas.js:1127 [BENCHMARK] 1654767640106,CSR
glCanvas.js:1127 [BENCHMARK] 1654767640118,CSR
glCanvas.js:1127 [BENCHMARK] 1654767640119,CSR
glCanvas.js:1127 [BENCHMARK] 1654767640131,CSR
glCanvas.js:1127 [BENCHMARK] 1654767640132,CSR
glCanvas.js:1127 [BENCHMARK] 1654767640144,CSR
glCanvas.js:1127 [BENCHMARK] 1654767640145,CSR
glCanvas.js:1127 [BENCHMARK] 1654767640157,CSR
glCanvas.js:1127 [BENCHMARK] 1654767640159,CSR
glCanvas.js:1127 [BENCHMARK] 1654767640169,CSR
glCanvas.js:1127 [BENCHMARK] 1654767640171,CSR
glCanvas.js:1127 [BENCHMARK] 1654767640183,CSR
glCanvas.js:1127 [BENCHMARK] 1654767640184,CSR
glCanvas.js:1127 [BENCHMARK] 1654767643223,CSR
glCanvas.js:1127 [BENCHMARK] 1654767643225,CSR
glCanvas.js:1127 [BENCHMARK] 1654767643230,CSR
glCanvas.js:1127 [BENCHMARK] 1654767643243,CSR
glCanvas.js:1127 [BENCHMARK] 1654767643256,CSR
glCanvas.js:1127 [BENCHMARK] 1654767643269,CSR
glCanvas.js:1127 [BENCHMARK] 1654767643282,CSR
glCanvas.js:1127 [BENCHMARK] 1654767643295,CSR
glCanvas.js:1127 [BENCHMARK] 1654767643309,CSR
glCanvas.js:1127 [BENCHMARK] 1654767643322,CSR
glCanvas.js:1127 [BENCHMARK] 1654767645344,CSR
glCanvas.js:1127 [BENCHMARK] 1654767645415,CSR
glCanvas.js:1127 [BENCHMARK] 1654767645487,CSR
glCanvas.js:1127 [BENCHMARK] 1654767645558,CSR
glCanvas.js:1127 [BENCHMARK] 1654767645630,CSR
glCanvas.js:1127 [BENCHMARK] 1654767645702,CSR
glCanvas.js:1127 [BENCHMARK] 1654767645774,CSR
glCanvas.js:1127 [BENCHMARK] 1654767645846,CSR
glCanvas.js:1127 [BENCHMARK] 1654767645917,CSR
glCanvas.js:1127 [BENCHMARK] 1654767645989,CSR
glCanvas.js:1127 [BENCHMARK] 1654767646269,CSR
glCanvas.js:1127 [BENCHMARK] 1654767646371,CSR
glCanvas.js:1127 [BENCHMARK] 1654767646472,CSR
glCanvas.js:1127 [BENCHMARK] 1654767646574,CSR
glCanvas.js:1127 [BENCHMARK] 1654767646676,CSR
