glCanvas.js:1107 [BENCHMARK] 1654768730855,X
glCanvas.js:1107 [BENCHMARK] 1654768730861,X
glCanvas.js:1107 [BENCHMARK] 1654768730864,X
glCanvas.js:1107 [BENCHMARK] 1654768731034,X
glCanvas.js:1107 [BENCHMARK] 1654768731309,X
glCanvas.js:1107 [BENCHMARK] 1654768731329,X
glCanvas.js:1107 [BENCHMARK] 1654768731331,X
glCanvas.js:1107 [BENCHMARK] 1654768731335,X
glCanvas.js:1107 [BENCHMARK] 1654768731337,X
glCanvas.js:1107 [BENCHMARK] 1654768731341,X
glCanvas.js:1107 [BENCHMARK] 1654768731343,X
glCanvas.js:1127 [BENCHMARK] 1654768731384,SSR
manager.js:159 [BENCHMARK] 1654768734029,firstRender
glCanvas.js:1127 [BENCHMARK] 1654768734043,CSR
glCanvas.js:1127 [BENCHMARK] 1654768734048,CSR
glCanvas.js:1127 [BENCHMARK] 1654768734051,CSR
glCanvas.js:1127 [BENCHMARK] 1654768734055,CSR
glCanvas.js:1127 [BENCHMARK] 1654768734058,CSR
glCanvas.js:1127 [BENCHMARK] 1654768734101,CSR
glCanvas.js:1127 [BENCHMARK] 1654768734104,CSR
glCanvas.js:1127 [BENCHMARK] 1654768734106,CSR
glCanvas.js:1127 [BENCHMARK] 1654768734127,CSR
glCanvas.js:1127 [BENCHMARK] 1654768734129,CSR
glCanvas.js:1127 [BENCHMARK] 1654768734133,CSR
glCanvas.js:1127 [BENCHMARK] 1654768734136,CSR
glCanvas.js:1127 [BENCHMARK] 1654768734150,CSR
glCanvas.js:1127 [BENCHMARK] 1654768734202,CSR
glCanvas.js:1127 [BENCHMARK] 1654768734288,CSR
glCanvas.js:1127 [BENCHMARK] 1654768734441,CSR
glCanvas.js:1127 [BENCHMARK] 1654768734524,CSR
glCanvas.js:1127 [BENCHMARK] 1654768734571,CSR
glCanvas.js:1127 [BENCHMARK] 1654768734608,CSR
glCanvas.js:1127 [BENCHMARK] 1654768734648,CSR
glCanvas.js:1127 [BENCHMARK] 1654768734687,CSR
glCanvas.js:1127 [BENCHMARK] 1654768734727,CSR
glCanvas.js:1127 [BENCHMARK] 1654768734768,CSR
glCanvas.js:1127 [BENCHMARK] 1654768734810,CSR
glCanvas.js:1127 [BENCHMARK] 1654768734850,CSR
glCanvas.js:1127 [BENCHMARK] 1654768734947,CSR
glCanvas.js:1127 [BENCHMARK] 1654768734990,CSR
glCanvas.js:1127 [BENCHMARK] 1654768735078,CSR
glCanvas.js:1127 [BENCHMARK] 1654768735120,CSR
glCanvas.js:1127 [BENCHMARK] 1654768735164,CSR
glCanvas.js:1127 [BENCHMARK] 1654768735248,CSR
glCanvas.js:1127 [BENCHMARK] 1654768735249,CSR
glCanvas.js:1127 [BENCHMARK] 1654768735271,CSR
glCanvas.js:1127 [BENCHMARK] 1654768735272,CSR
glCanvas.js:1127 [BENCHMARK] 1654768735307,CSR
glCanvas.js:1127 [BENCHMARK] 1654768735309,CSR
glCanvas.js:1127 [BENCHMARK] 1654768735339,CSR
glCanvas.js:1127 [BENCHMARK] 1654768735340,CSR
glCanvas.js:1127 [BENCHMARK] 1654768735371,CSR
glCanvas.js:1127 [BENCHMARK] 1654768735373,CSR
glCanvas.js:1127 [BENCHMARK] 1654768735374,CSR
glCanvas.js:1127 [BENCHMARK] 1654768735385,CSR
glCanvas.js:1127 [BENCHMARK] 1654768735393,CSR
glCanvas.js:1127 [BENCHMARK] 1654768735403,CSR
glCanvas.js:1127 [BENCHMARK] 1654768735417,CSR
glCanvas.js:1127 [BENCHMARK] 1654768735418,CSR
glCanvas.js:1127 [BENCHMARK] 1654768735425,CSR
glCanvas.js:1127 [BENCHMARK] 1654768735433,CSR
glCanvas.js:1127 [BENCHMARK] 1654768735451,CSR
glCanvas.js:1127 [BENCHMARK] 1654768735452,CSR
glCanvas.js:1127 [BENCHMARK] 1654768735615,CSR
glCanvas.js:1127 [BENCHMARK] 1654768735617,CSR
glCanvas.js:1127 [BENCHMARK] 1654768735619,CSR
glCanvas.js:1127 [BENCHMARK] 1654768735620,CSR
glCanvas.js:1127 [BENCHMARK] 1654768735621,CSR
glCanvas.js:1127 [BENCHMARK] 1654768735621,CSR
glCanvas.js:1127 [BENCHMARK] 1654768735795,CSR
glCanvas.js:1127 [BENCHMARK] 1654768735796,CSR
glCanvas.js:1127 [BENCHMARK] 1654768735797,CSR
glCanvas.js:1127 [BENCHMARK] 1654768735798,CSR
glCanvas.js:1127 [BENCHMARK] 1654768735819,CSR
glCanvas.js:1127 [BENCHMARK] 1654768735820,CSR
glCanvas.js:1127 [BENCHMARK] 1654768735850,CSR
glCanvas.js:1127 [BENCHMARK] 1654768735851,CSR
glCanvas.js:1127 [BENCHMARK] 1654768735866,CSR
glCanvas.js:1127 [BENCHMARK] 1654768735880,CSR
glCanvas.js:1127 [BENCHMARK] 1654768735881,CSR
glCanvas.js:1127 [BENCHMARK] 1654768735911,CSR
glCanvas.js:1127 [BENCHMARK] 1654768735912,CSR
glCanvas.js:1127 [BENCHMARK] 1654768735922,CSR
glCanvas.js:1127 [BENCHMARK] 1654768735944,CSR
glCanvas.js:1127 [BENCHMARK] 1654768735946,CSR
glCanvas.js:1127 [BENCHMARK] 1654768735946,CSR
glCanvas.js:1127 [BENCHMARK] 1654768735954,CSR
glCanvas.js:1127 [BENCHMARK] 1654768735965,CSR
glCanvas.js:1127 [BENCHMARK] 1654768735973,CSR
glCanvas.js:1127 [BENCHMARK] 1654768735973,CSR
glCanvas.js:1127 [BENCHMARK] 1654768736005,CSR
glCanvas.js:1127 [BENCHMARK] 1654768736007,CSR
glCanvas.js:1127 [BENCHMARK] 1654768736036,CSR
glCanvas.js:1127 [BENCHMARK] 1654768736038,CSR
glCanvas.js:1107 [BENCHMARK] 1654768736275,X
glCanvas.js:1107 [BENCHMARK] 1654768736277,X
glCanvas.js:1127 [BENCHMARK] 1654768736307,CSR
glCanvas.js:1127 [BENCHMARK] 1654768736309,CSR
glCanvas.js:1127 [BENCHMARK] 1654768736338,CSR
glCanvas.js:1127 [BENCHMARK] 1654768736340,CSR
glCanvas.js:1127 [BENCHMARK] 1654768736370,CSR
glCanvas.js:1127 [BENCHMARK] 1654768736372,CSR
glCanvas.js:1107 [BENCHMARK] 1654768736401,X
glCanvas.js:1107 [BENCHMARK] 1654768736403,X
glCanvas.js:1107 [BENCHMARK] 1654768736433,X
glCanvas.js:1107 [BENCHMARK] 1654768736434,X
glCanvas.js:1107 [BENCHMARK] 1654768736464,X
glCanvas.js:1107 [BENCHMARK] 1654768736465,X
glCanvas.js:1107 [BENCHMARK] 1654768736495,X
glCanvas.js:1107 [BENCHMARK] 1654768736496,X
glCanvas.js:1107 [BENCHMARK] 1654768736527,X
glCanvas.js:1107 [BENCHMARK] 1654768736528,X
glCanvas.js:1107 [BENCHMARK] 1654768736558,X
glCanvas.js:1107 [BENCHMARK] 1654768736559,X
glCanvas.js:1107 [BENCHMARK] 1654768736809,X
glCanvas.js:1127 [BENCHMARK] 1654768737040,SSR
glCanvas.js:1127 [BENCHMARK] 1654768737060,SSR
glCanvas.js:1127 [BENCHMARK] 1654768737062,CSR
glCanvas.js:1127 [BENCHMARK] 1654768737063,CSR
glCanvas.js:1127 [BENCHMARK] 1654768737066,CSR
glCanvas.js:1127 [BENCHMARK] 1654768737068,CSR
glCanvas.js:1127 [BENCHMARK] 1654768737070,CSR
glCanvas.js:1127 [BENCHMARK] 1654768737090,CSR
glCanvas.js:1127 [BENCHMARK] 1654768737093,CSR
glCanvas.js:1127 [BENCHMARK] 1654768737095,CSR
glCanvas.js:1127 [BENCHMARK] 1654768737239,CSR
glCanvas.js:1127 [BENCHMARK] 1654768737288,CSR
glCanvas.js:1127 [BENCHMARK] 1654768737289,CSR
glCanvas.js:1127 [BENCHMARK] 1654768737293,CSR
glCanvas.js:1127 [BENCHMARK] 1654768737296,CSR
glCanvas.js:1127 [BENCHMARK] 1654768737298,CSR
glCanvas.js:1127 [BENCHMARK] 1654768737321,CSR
glCanvas.js:1127 [BENCHMARK] 1654768737326,CSR
glCanvas.js:1127 [BENCHMARK] 1654768737328,CSR
glCanvas.js:1127 [BENCHMARK] 1654768737340,CSR
glCanvas.js:1127 [BENCHMARK] 1654768737453,CSR
glCanvas.js:1127 [BENCHMARK] 1654768737495,CSR
glCanvas.js:1127 [BENCHMARK] 1654768737506,CSR
glCanvas.js:1127 [BENCHMARK] 1654768737508,CSR
glCanvas.js:1127 [BENCHMARK] 1654768737516,CSR
glCanvas.js:1127 [BENCHMARK] 1654768737518,CSR
glCanvas.js:1127 [BENCHMARK] 1654768737525,CSR
glCanvas.js:1127 [BENCHMARK] 1654768737551,CSR
glCanvas.js:1127 [BENCHMARK] 1654768737553,CSR
glCanvas.js:1127 [BENCHMARK] 1654768737555,CSR
glCanvas.js:1127 [BENCHMARK] 1654768737597,CSR
glCanvas.js:1127 [BENCHMARK] 1654768737670,CSR
glCanvas.js:1127 [BENCHMARK] 1654768737699,CSR
glCanvas.js:1127 [BENCHMARK] 1654768737710,CSR
glCanvas.js:1127 [BENCHMARK] 1654768737723,CSR
glCanvas.js:1127 [BENCHMARK] 1654768737725,CSR
glCanvas.js:1127 [BENCHMARK] 1654768737728,CSR
glCanvas.js:1127 [BENCHMARK] 1654768737744,CSR
glCanvas.js:1127 [BENCHMARK] 1654768737747,CSR
glCanvas.js:1127 [BENCHMARK] 1654768737759,CSR
glCanvas.js:1127 [BENCHMARK] 1654768737761,CSR
glCanvas.js:1127 [BENCHMARK] 1654768737766,CSR
glCanvas.js:1127 [BENCHMARK] 1654768737800,CSR
glCanvas.js:1127 [BENCHMARK] 1654768737886,CSR
glCanvas.js:1127 [BENCHMARK] 1654768737902,CSR
glCanvas.js:1127 [BENCHMARK] 1654768737926,CSR
glCanvas.js:1127 [BENCHMARK] 1654768737963,CSR
glCanvas.js:1127 [BENCHMARK] 1654768737968,CSR
glCanvas.js:1127 [BENCHMARK] 1654768737978,CSR
glCanvas.js:1127 [BENCHMARK] 1654768737993,CSR
glCanvas.js:1127 [BENCHMARK] 1654768738001,CSR
glCanvas.js:1127 [BENCHMARK] 1654768738004,CSR
glCanvas.js:1127 [BENCHMARK] 1654768738031,CSR
glCanvas.js:1127 [BENCHMARK] 1654768738038,CSR
glCanvas.js:1127 [BENCHMARK] 1654768738045,CSR
glCanvas.js:1127 [BENCHMARK] 1654768738091,CSR
glCanvas.js:1127 [BENCHMARK] 1654768738103,CSR
glCanvas.js:1127 [BENCHMARK] 1654768738131,CSR
glCanvas.js:1127 [BENCHMARK] 1654768738193,CSR
glCanvas.js:1127 [BENCHMARK] 1654768738195,CSR
glCanvas.js:1127 [BENCHMARK] 1654768738197,CSR
glCanvas.js:1127 [BENCHMARK] 1654768738210,CSR
glCanvas.js:1127 [BENCHMARK] 1654768738218,CSR
glCanvas.js:1127 [BENCHMARK] 1654768738220,CSR
glCanvas.js:1127 [BENCHMARK] 1654768738246,CSR
glCanvas.js:1127 [BENCHMARK] 1654768738249,CSR
glCanvas.js:1127 [BENCHMARK] 1654768738254,CSR
glCanvas.js:1127 [BENCHMARK] 1654768738309,CSR
glCanvas.js:1127 [BENCHMARK] 1654768738349,CSR
glCanvas.js:1127 [BENCHMARK] 1654768738421,CSR
glCanvas.js:1127 [BENCHMARK] 1654768738423,CSR
glCanvas.js:1127 [BENCHMARK] 1654768738425,CSR
glCanvas.js:1127 [BENCHMARK] 1654768738435,CSR
filmbox2.js:1550 [BENCHMARK] 1654768738436,fullLoad
glCanvas.js:1127 [BENCHMARK] 1654768738464,CSR
glCanvas.js:1127 [BENCHMARK] 1654768739473,CSR
glCanvas.js:1127 [BENCHMARK] 1654768741315,CSR
glCanvas.js:1127 [BENCHMARK] 1654768741317,CSR
glCanvas.js:1127 [BENCHMARK] 1654768741517,CSR
glCanvas.js:1127 [BENCHMARK] 1654768741518,CSR
glCanvas.js:1127 [BENCHMARK] 1654768741719,CSR
glCanvas.js:1127 [BENCHMARK] 1654768741721,CSR
glCanvas.js:1127 [BENCHMARK] 1654768741920,CSR
glCanvas.js:1127 [BENCHMARK] 1654768741923,CSR
glCanvas.js:1127 [BENCHMARK] 1654768742121,CSR
glCanvas.js:1127 [BENCHMARK] 1654768742121,CSR
glCanvas.js:1127 [BENCHMARK] 1654768742377,CSR
glCanvas.js:1127 [BENCHMARK] 1654768743332,CSR
glCanvas.js:1127 [BENCHMARK] 1654768743334,CSR
glCanvas.js:1127 [BENCHMARK] 1654768743404,CSR
glCanvas.js:1127 [BENCHMARK] 1654768743406,CSR
glCanvas.js:1127 [BENCHMARK] 1654768743475,CSR
glCanvas.js:1127 [BENCHMARK] 1654768743477,CSR
glCanvas.js:1127 [BENCHMARK] 1654768743547,CSR
glCanvas.js:1127 [BENCHMARK] 1654768743549,CSR
glCanvas.js:1127 [BENCHMARK] 1654768743619,CSR
glCanvas.js:1127 [BENCHMARK] 1654768743621,CSR
glCanvas.js:1127 [BENCHMARK] 1654768743691,CSR
glCanvas.js:1127 [BENCHMARK] 1654768743693,CSR
glCanvas.js:1127 [BENCHMARK] 1654768743762,CSR
glCanvas.js:1127 [BENCHMARK] 1654768743764,CSR
glCanvas.js:1127 [BENCHMARK] 1654768744017,CSR
glCanvas.js:1127 [BENCHMARK] 1654768745025,CSR
glCanvas.js:1127 [BENCHMARK] 1654768745842,CSR
glCanvas.js:1127 [BENCHMARK] 1654768745844,CSR
glCanvas.js:1127 [BENCHMARK] 1654768745911,CSR
glCanvas.js:1127 [BENCHMARK] 1654768745912,CSR
glCanvas.js:1127 [BENCHMARK] 1654768745984,CSR
glCanvas.js:1127 [BENCHMARK] 1654768745985,CSR
glCanvas.js:1127 [BENCHMARK] 1654768746055,CSR
glCanvas.js:1127 [BENCHMARK] 1654768746057,CSR
glCanvas.js:1127 [BENCHMARK] 1654768746127,CSR
glCanvas.js:1127 [BENCHMARK] 1654768746129,CSR
glCanvas.js:1127 [BENCHMARK] 1654768746199,CSR
glCanvas.js:1127 [BENCHMARK] 1654768746201,CSR
glCanvas.js:1127 [BENCHMARK] 1654768746271,CSR
glCanvas.js:1127 [BENCHMARK] 1654768746274,CSR
glCanvas.js:1127 [BENCHMARK] 1654768746347,CSR
glCanvas.js:1127 [BENCHMARK] 1654768746349,CSR
glCanvas.js:1127 [BENCHMARK] 1654768746418,CSR
glCanvas.js:1127 [BENCHMARK] 1654768746420,CSR
glCanvas.js:1127 [BENCHMARK] 1654768746759,CSR
glCanvas.js:1127 [BENCHMARK] 1654768746760,CSR
glCanvas.js:1127 [BENCHMARK] 1654768746763,CSR
glCanvas.js:1127 [BENCHMARK] 1654768746765,CSR
glCanvas.js:1127 [BENCHMARK] 1654768746793,CSR
glCanvas.js:1127 [BENCHMARK] 1654768746796,CSR
glCanvas.js:1127 [BENCHMARK] 1654768746825,CSR
glCanvas.js:1127 [BENCHMARK] 1654768746827,CSR
glCanvas.js:1127 [BENCHMARK] 1654768746857,CSR
glCanvas.js:1127 [BENCHMARK] 1654768746859,CSR
glCanvas.js:1127 [BENCHMARK] 1654768746888,CSR
glCanvas.js:1127 [BENCHMARK] 1654768746890,CSR
glCanvas.js:1127 [BENCHMARK] 1654768746920,CSR
glCanvas.js:1127 [BENCHMARK] 1654768746921,CSR
glCanvas.js:1127 [BENCHMARK] 1654768746951,CSR
glCanvas.js:1127 [BENCHMARK] 1654768746955,CSR
glCanvas.js:1127 [BENCHMARK] 1654768746982,CSR
glCanvas.js:1127 [BENCHMARK] 1654768746984,CSR
glCanvas.js:1127 [BENCHMARK] 1654768747014,CSR
glCanvas.js:1127 [BENCHMARK] 1654768747016,CSR
glCanvas.js:1127 [BENCHMARK] 1654768747045,CSR
glCanvas.js:1127 [BENCHMARK] 1654768747047,CSR
glCanvas.js:1127 [BENCHMARK] 1654768747284,CSR
glCanvas.js:1127 [BENCHMARK] 1654768747288,CSR
glCanvas.js:1127 [BENCHMARK] 1654768747316,CSR
glCanvas.js:1127 [BENCHMARK] 1654768747318,CSR
glCanvas.js:1127 [BENCHMARK] 1654768747348,CSR
glCanvas.js:1127 [BENCHMARK] 1654768747350,CSR
glCanvas.js:1127 [BENCHMARK] 1654768747382,CSR
glCanvas.js:1127 [BENCHMARK] 1654768747385,CSR
glCanvas.js:1127 [BENCHMARK] 1654768747414,CSR
glCanvas.js:1127 [BENCHMARK] 1654768747416,CSR
glCanvas.js:1127 [BENCHMARK] 1654768747443,CSR
glCanvas.js:1127 [BENCHMARK] 1654768747448,CSR
glCanvas.js:1127 [BENCHMARK] 1654768747475,CSR
glCanvas.js:1127 [BENCHMARK] 1654768747478,CSR
glCanvas.js:1127 [BENCHMARK] 1654768747505,CSR
glCanvas.js:1127 [BENCHMARK] 1654768747508,CSR
glCanvas.js:1127 [BENCHMARK] 1654768747535,CSR
glCanvas.js:1127 [BENCHMARK] 1654768747537,CSR
glCanvas.js:1127 [BENCHMARK] 1654768747566,CSR
glCanvas.js:1127 [BENCHMARK] 1654768747567,CSR
glCanvas.js:1127 [BENCHMARK] 1654768747817,CSR
glCanvas.js:1127 [BENCHMARK] 1654768748825,CSR
glCanvas.js:1127 [BENCHMARK] 1654768750607,CSR
glCanvas.js:1127 [BENCHMARK] 1654768750807,CSR
glCanvas.js:1127 [BENCHMARK] 1654768751009,CSR
glCanvas.js:1127 [BENCHMARK] 1654768751211,CSR
glCanvas.js:1127 [BENCHMARK] 1654768751413,CSR
glCanvas.js:1127 [BENCHMARK] 1654768751665,CSR
glCanvas.js:1127 [BENCHMARK] 1654768752623,CSR
glCanvas.js:1127 [BENCHMARK] 1654768752695,CSR
glCanvas.js:1127 [BENCHMARK] 1654768752767,CSR
glCanvas.js:1127 [BENCHMARK] 1654768752838,CSR
glCanvas.js:1127 [BENCHMARK] 1654768752910,CSR
glCanvas.js:1127 [BENCHMARK] 1654768752982,CSR
glCanvas.js:1127 [BENCHMARK] 1654768753054,CSR
glCanvas.js:1127 [BENCHMARK] 1654768753126,CSR
glCanvas.js:1127 [BENCHMARK] 1654768753198,CSR
glCanvas.js:1127 [BENCHMARK] 1654768753269,CSR
glCanvas.js:1127 [BENCHMARK] 1654768753521,CSR
glCanvas.js:1127 [BENCHMARK] 1654768753548,CSR
glCanvas.js:1127 [BENCHMARK] 1654768753620,CSR
glCanvas.js:1127 [BENCHMARK] 1654768753692,CSR
glCanvas.js:1127 [BENCHMARK] 1654768753763,CSR
glCanvas.js:1127 [BENCHMARK] 1654768753835,CSR
glCanvas.js:1127 [BENCHMARK] 1654768753907,CSR
glCanvas.js:1127 [BENCHMARK] 1654768753978,CSR
glCanvas.js:1127 [BENCHMARK] 1654768754050,CSR
glCanvas.js:1127 [BENCHMARK] 1654768754122,CSR
glCanvas.js:1127 [BENCHMARK] 1654768754194,CSR
glCanvas.js:1127 [BENCHMARK] 1654768754449,CSR
glCanvas.js:1127 [BENCHMARK] 1654768755274,CSR
glCanvas.js:1127 [BENCHMARK] 1654768755276,CSR
glCanvas.js:1127 [BENCHMARK] 1654768755306,CSR
glCanvas.js:1127 [BENCHMARK] 1654768755307,CSR
glCanvas.js:1127 [BENCHMARK] 1654768755338,CSR
glCanvas.js:1127 [BENCHMARK] 1654768755339,CSR
glCanvas.js:1127 [BENCHMARK] 1654768755369,CSR
glCanvas.js:1127 [BENCHMARK] 1654768755371,CSR
glCanvas.js:1127 [BENCHMARK] 1654768755401,CSR
glCanvas.js:1127 [BENCHMARK] 1654768755403,CSR
glCanvas.js:1127 [BENCHMARK] 1654768755432,CSR
glCanvas.js:1127 [BENCHMARK] 1654768755434,CSR
glCanvas.js:1127 [BENCHMARK] 1654768755463,CSR
glCanvas.js:1127 [BENCHMARK] 1654768755465,CSR
glCanvas.js:1127 [BENCHMARK] 1654768755495,CSR
glCanvas.js:1127 [BENCHMARK] 1654768755497,CSR
glCanvas.js:1127 [BENCHMARK] 1654768755526,CSR
glCanvas.js:1127 [BENCHMARK] 1654768755528,CSR
glCanvas.js:1127 [BENCHMARK] 1654768755557,CSR
glCanvas.js:1127 [BENCHMARK] 1654768755559,CSR
glCanvas.js:1127 [BENCHMARK] 1654768755796,CSR
glCanvas.js:1127 [BENCHMARK] 1654768755798,CSR
glCanvas.js:1127 [BENCHMARK] 1654768755828,CSR
glCanvas.js:1127 [BENCHMARK] 1654768755830,CSR
glCanvas.js:1127 [BENCHMARK] 1654768755860,CSR
glCanvas.js:1127 [BENCHMARK] 1654768755862,CSR
glCanvas.js:1127 [BENCHMARK] 1654768755891,CSR
glCanvas.js:1127 [BENCHMARK] 1654768755893,CSR
glCanvas.js:1127 [BENCHMARK] 1654768755922,CSR
glCanvas.js:1127 [BENCHMARK] 1654768755924,CSR
glCanvas.js:1127 [BENCHMARK] 1654768755954,CSR
glCanvas.js:1127 [BENCHMARK] 1654768755956,CSR
glCanvas.js:1127 [BENCHMARK] 1654768755985,CSR
glCanvas.js:1127 [BENCHMARK] 1654768755987,CSR
glCanvas.js:1127 [BENCHMARK] 1654768756016,CSR
glCanvas.js:1127 [BENCHMARK] 1654768756018,CSR
glCanvas.js:1127 [BENCHMARK] 1654768756047,CSR
glCanvas.js:1127 [BENCHMARK] 1654768756048,CSR
glCanvas.js:1127 [BENCHMARK] 1654768756079,CSR
glCanvas.js:1127 [BENCHMARK] 1654768756081,CSR
glCanvas.js:1127 [BENCHMARK] 1654768756318,CSR
glCanvas.js:1127 [BENCHMARK] 1654768756320,CSR
glCanvas.js:1127 [BENCHMARK] 1654768756350,CSR
glCanvas.js:1127 [BENCHMARK] 1654768756352,CSR
glCanvas.js:1127 [BENCHMARK] 1654768756381,CSR
glCanvas.js:1127 [BENCHMARK] 1654768756383,CSR
glCanvas.js:1127 [BENCHMARK] 1654768756413,CSR
glCanvas.js:1127 [BENCHMARK] 1654768756415,CSR
glCanvas.js:1127 [BENCHMARK] 1654768756444,CSR
glCanvas.js:1127 [BENCHMARK] 1654768756446,CSR
glCanvas.js:1127 [BENCHMARK] 1654768756475,CSR
glCanvas.js:1127 [BENCHMARK] 1654768756478,CSR
glCanvas.js:1127 [BENCHMARK] 1654768756507,CSR
glCanvas.js:1127 [BENCHMARK] 1654768756508,CSR
glCanvas.js:1127 [BENCHMARK] 1654768756538,CSR
glCanvas.js:1127 [BENCHMARK] 1654768756540,CSR
glCanvas.js:1127 [BENCHMARK] 1654768756570,CSR
glCanvas.js:1127 [BENCHMARK] 1654768756574,CSR
glCanvas.js:1127 [BENCHMARK] 1654768756601,CSR
glCanvas.js:1127 [BENCHMARK] 1654768756603,CSR
glCanvas.js:1127 [BENCHMARK] 1654768756857,CSR
glCanvas.js:1127 [BENCHMARK] 1654768757865,CSR
glCanvas.js:1127 [BENCHMARK] 1654768759640,CSR
glCanvas.js:1127 [BENCHMARK] 1654768759643,CSR
glCanvas.js:1127 [BENCHMARK] 1654768759842,CSR
glCanvas.js:1127 [BENCHMARK] 1654768759843,CSR
glCanvas.js:1127 [BENCHMARK] 1654768760044,CSR
glCanvas.js:1127 [BENCHMARK] 1654768760046,CSR
glCanvas.js:1127 [BENCHMARK] 1654768760297,CSR
glCanvas.js:1127 [BENCHMARK] 1654768761305,CSR
glCanvas.js:1127 [BENCHMARK] 1654768763255,CSR
glCanvas.js:1127 [BENCHMARK] 1654768763355,CSR
glCanvas.js:1127 [BENCHMARK] 1654768763457,CSR
glCanvas.js:1127 [BENCHMARK] 1654768763559,CSR
glCanvas.js:1127 [BENCHMARK] 1654768763660,CSR
glCanvas.js:1127 [BENCHMARK] 1654768763913,CSR
glCanvas.js:1127 [BENCHMARK] 1654768763970,CSR
glCanvas.js:1127 [BENCHMARK] 1654768764073,CSR
glCanvas.js:1127 [BENCHMARK] 1654768764175,CSR
glCanvas.js:1127 [BENCHMARK] 1654768764277,CSR
glCanvas.js:1127 [BENCHMARK] 1654768764379,CSR
glCanvas.js:1127 [BENCHMARK] 1654768764480,CSR
glCanvas.js:1127 [BENCHMARK] 1654768764582,CSR
glCanvas.js:1127 [BENCHMARK] 1654768764682,CSR
glCanvas.js:1127 [BENCHMARK] 1654768764785,CSR
glCanvas.js:1127 [BENCHMARK] 1654768764886,CSR
glCanvas.js:1127 [BENCHMARK] 1654768765137,CSR
glCanvas.js:1127 [BENCHMARK] 1654768765196,CSR
glCanvas.js:1127 [BENCHMARK] 1654768765268,CSR
glCanvas.js:1127 [BENCHMARK] 1654768765339,CSR
glCanvas.js:1127 [BENCHMARK] 1654768765411,CSR
glCanvas.js:1127 [BENCHMARK] 1654768765483,CSR
glCanvas.js:1127 [BENCHMARK] 1654768765556,CSR
glCanvas.js:1127 [BENCHMARK] 1654768765627,CSR
glCanvas.js:1127 [BENCHMARK] 1654768765699,CSR
glCanvas.js:1127 [BENCHMARK] 1654768765771,CSR
glCanvas.js:1127 [BENCHMARK] 1654768765843,CSR
glCanvas.js:1127 [BENCHMARK] 1654768766097,CSR
glCanvas.js:1127 [BENCHMARK] 1654768767105,CSR
glCanvas.js:1127 [BENCHMARK] 1654768769924,CSR
glCanvas.js:1127 [BENCHMARK] 1654768769926,CSR
glCanvas.js:1127 [BENCHMARK] 1654768769953,CSR
glCanvas.js:1127 [BENCHMARK] 1654768769954,CSR
glCanvas.js:1127 [BENCHMARK] 1654768769985,CSR
glCanvas.js:1127 [BENCHMARK] 1654768769986,CSR
glCanvas.js:1127 [BENCHMARK] 1654768770016,CSR
glCanvas.js:1127 [BENCHMARK] 1654768770016,CSR
glCanvas.js:1127 [BENCHMARK] 1654768770047,CSR
glCanvas.js:1127 [BENCHMARK] 1654768770048,CSR
glCanvas.js:1127 [BENCHMARK] 1654768770079,CSR
glCanvas.js:1127 [BENCHMARK] 1654768770080,CSR
glCanvas.js:1127 [BENCHMARK] 1654768770111,CSR
glCanvas.js:1127 [BENCHMARK] 1654768770112,CSR
glCanvas.js:1127 [BENCHMARK] 1654768770142,CSR
glCanvas.js:1127 [BENCHMARK] 1654768770144,CSR
glCanvas.js:1127 [BENCHMARK] 1654768770173,CSR
glCanvas.js:1127 [BENCHMARK] 1654768770175,CSR
glCanvas.js:1127 [BENCHMARK] 1654768770205,CSR
glCanvas.js:1127 [BENCHMARK] 1654768770207,CSR
glCanvas.js:1127 [BENCHMARK] 1654768770445,CSR
glCanvas.js:1127 [BENCHMARK] 1654768770447,CSR
glCanvas.js:1127 [BENCHMARK] 1654768770476,CSR
glCanvas.js:1127 [BENCHMARK] 1654768770477,CSR
glCanvas.js:1127 [BENCHMARK] 1654768770507,CSR
glCanvas.js:1127 [BENCHMARK] 1654768770509,CSR
glCanvas.js:1127 [BENCHMARK] 1654768770538,CSR
glCanvas.js:1127 [BENCHMARK] 1654768770540,CSR
glCanvas.js:1127 [BENCHMARK] 1654768770570,CSR
glCanvas.js:1127 [BENCHMARK] 1654768770572,CSR
glCanvas.js:1127 [BENCHMARK] 1654768770601,CSR
glCanvas.js:1127 [BENCHMARK] 1654768770603,CSR
glCanvas.js:1127 [BENCHMARK] 1654768770633,CSR
glCanvas.js:1127 [BENCHMARK] 1654768770635,CSR
glCanvas.js:1127 [BENCHMARK] 1654768770664,CSR
glCanvas.js:1127 [BENCHMARK] 1654768770666,CSR
glCanvas.js:1127 [BENCHMARK] 1654768770696,CSR
glCanvas.js:1127 [BENCHMARK] 1654768770698,CSR
glCanvas.js:1127 [BENCHMARK] 1654768770728,CSR
glCanvas.js:1127 [BENCHMARK] 1654768770730,CSR
glCanvas.js:1127 [BENCHMARK] 1654768770968,CSR
glCanvas.js:1127 [BENCHMARK] 1654768770970,CSR
glCanvas.js:1127 [BENCHMARK] 1654768770999,CSR
glCanvas.js:1127 [BENCHMARK] 1654768771001,CSR
glCanvas.js:1127 [BENCHMARK] 1654768771029,CSR
glCanvas.js:1127 [BENCHMARK] 1654768771030,CSR
glCanvas.js:1127 [BENCHMARK] 1654768771061,CSR
glCanvas.js:1127 [BENCHMARK] 1654768771063,CSR
glCanvas.js:1127 [BENCHMARK] 1654768771093,CSR
glCanvas.js:1127 [BENCHMARK] 1654768771096,CSR
glCanvas.js:1127 [BENCHMARK] 1654768771124,CSR
glCanvas.js:1127 [BENCHMARK] 1654768771126,CSR
glCanvas.js:1127 [BENCHMARK] 1654768771156,CSR
glCanvas.js:1127 [BENCHMARK] 1654768771158,CSR
glCanvas.js:1127 [BENCHMARK] 1654768771187,CSR
glCanvas.js:1127 [BENCHMARK] 1654768771189,CSR
glCanvas.js:1127 [BENCHMARK] 1654768771219,CSR
glCanvas.js:1127 [BENCHMARK] 1654768771221,CSR
glCanvas.js:1127 [BENCHMARK] 1654768771251,CSR
glCanvas.js:1127 [BENCHMARK] 1654768771252,CSR
glCanvas.js:1127 [BENCHMARK] 1654768771505,CSR
glCanvas.js:1127 [BENCHMARK] 1654768772291,CSR
glCanvas.js:1127 [BENCHMARK] 1654768772393,CSR
glCanvas.js:1127 [BENCHMARK] 1654768772495,CSR
glCanvas.js:1127 [BENCHMARK] 1654768772597,CSR
glCanvas.js:1127 [BENCHMARK] 1654768772699,CSR
glCanvas.js:1127 [BENCHMARK] 1654768772801,CSR
glCanvas.js:1127 [BENCHMARK] 1654768772902,CSR
glCanvas.js:1127 [BENCHMARK] 1654768773153,CSR
glCanvas.js:1127 [BENCHMARK] 1654768774161,CSR
glCanvas.js:1127 [BENCHMARK] 1654768776012,CSR
glCanvas.js:1127 [BENCHMARK] 1654768776014,CSR
glCanvas.js:1127 [BENCHMARK] 1654768776214,CSR
glCanvas.js:1127 [BENCHMARK] 1654768776216,CSR
glCanvas.js:1127 [BENCHMARK] 1654768776416,CSR
glCanvas.js:1127 [BENCHMARK] 1654768776418,CSR
glCanvas.js:1127 [BENCHMARK] 1654768776618,CSR
glCanvas.js:1127 [BENCHMARK] 1654768776620,CSR
glCanvas.js:1127 [BENCHMARK] 1654768776820,CSR
glCanvas.js:1127 [BENCHMARK] 1654768776822,CSR
glCanvas.js:1127 [BENCHMARK] 1654768777073,CSR
glCanvas.js:1127 [BENCHMARK] 1654768778081,CSR
glCanvas.js:1127 [BENCHMARK] 1654768782032,CSR
glCanvas.js:1127 [BENCHMARK] 1654768782034,CSR
glCanvas.js:1127 [BENCHMARK] 1654768782101,CSR
glCanvas.js:1127 [BENCHMARK] 1654768782102,CSR
glCanvas.js:1127 [BENCHMARK] 1654768782173,CSR
glCanvas.js:1127 [BENCHMARK] 1654768782175,CSR
glCanvas.js:1127 [BENCHMARK] 1654768782245,CSR
glCanvas.js:1127 [BENCHMARK] 1654768782247,CSR
glCanvas.js:1127 [BENCHMARK] 1654768782317,CSR
glCanvas.js:1127 [BENCHMARK] 1654768782319,CSR
glCanvas.js:1127 [BENCHMARK] 1654768782569,CSR
glCanvas.js:1127 [BENCHMARK] 1654768783577,CSR
glCanvas.js:1127 [BENCHMARK] 1654768784397,CSR
glCanvas.js:1127 [BENCHMARK] 1654768784398,CSR
glCanvas.js:1127 [BENCHMARK] 1654768784426,CSR
glCanvas.js:1127 [BENCHMARK] 1654768784427,CSR
glCanvas.js:1127 [BENCHMARK] 1654768784457,CSR
glCanvas.js:1127 [BENCHMARK] 1654768784458,CSR
glCanvas.js:1127 [BENCHMARK] 1654768784489,CSR
glCanvas.js:1127 [BENCHMARK] 1654768784489,CSR
glCanvas.js:1127 [BENCHMARK] 1654768784520,CSR
glCanvas.js:1127 [BENCHMARK] 1654768784522,CSR
glCanvas.js:1127 [BENCHMARK] 1654768784552,CSR
glCanvas.js:1127 [BENCHMARK] 1654768784554,CSR
glCanvas.js:1127 [BENCHMARK] 1654768784584,CSR
glCanvas.js:1127 [BENCHMARK] 1654768784586,CSR
glCanvas.js:1127 [BENCHMARK] 1654768784615,CSR
glCanvas.js:1127 [BENCHMARK] 1654768784617,CSR
glCanvas.js:1127 [BENCHMARK] 1654768784647,CSR
glCanvas.js:1127 [BENCHMARK] 1654768784649,CSR
glCanvas.js:1127 [BENCHMARK] 1654768784679,CSR
glCanvas.js:1127 [BENCHMARK] 1654768784681,CSR
glCanvas.js:1127 [BENCHMARK] 1654768784710,CSR
glCanvas.js:1127 [BENCHMARK] 1654768784712,CSR
glCanvas.js:1127 [BENCHMARK] 1654768784741,CSR
glCanvas.js:1127 [BENCHMARK] 1654768784743,CSR
glCanvas.js:1127 [BENCHMARK] 1654768784772,CSR
glCanvas.js:1127 [BENCHMARK] 1654768784774,CSR
glCanvas.js:1127 [BENCHMARK] 1654768785012,CSR
glCanvas.js:1127 [BENCHMARK] 1654768785013,CSR
glCanvas.js:1127 [BENCHMARK] 1654768785025,CSR
glCanvas.js:1127 [BENCHMARK] 1654768785026,CSR
glCanvas.js:1127 [BENCHMARK] 1654768785038,CSR
glCanvas.js:1127 [BENCHMARK] 1654768785040,CSR
glCanvas.js:1127 [BENCHMARK] 1654768785052,CSR
glCanvas.js:1127 [BENCHMARK] 1654768785054,CSR
glCanvas.js:1127 [BENCHMARK] 1654768785065,CSR
glCanvas.js:1127 [BENCHMARK] 1654768785067,CSR
glCanvas.js:1127 [BENCHMARK] 1654768785077,CSR
glCanvas.js:1127 [BENCHMARK] 1654768785078,CSR
glCanvas.js:1127 [BENCHMARK] 1654768785091,CSR
glCanvas.js:1127 [BENCHMARK] 1654768785093,CSR
glCanvas.js:1127 [BENCHMARK] 1654768785103,CSR
glCanvas.js:1127 [BENCHMARK] 1654768785103,CSR
glCanvas.js:1127 [BENCHMARK] 1654768785115,CSR
glCanvas.js:1127 [BENCHMARK] 1654768785116,CSR
glCanvas.js:1127 [BENCHMARK] 1654768785129,CSR
glCanvas.js:1127 [BENCHMARK] 1654768785130,CSR
glCanvas.js:1127 [BENCHMARK] 1654768785350,CSR
glCanvas.js:1127 [BENCHMARK] 1654768785352,CSR
glCanvas.js:1127 [BENCHMARK] 1654768785363,CSR
glCanvas.js:1127 [BENCHMARK] 1654768785365,CSR
glCanvas.js:1127 [BENCHMARK] 1654768785375,CSR
glCanvas.js:1127 [BENCHMARK] 1654768785377,CSR
glCanvas.js:1127 [BENCHMARK] 1654768785388,CSR
glCanvas.js:1127 [BENCHMARK] 1654768785390,CSR
glCanvas.js:1127 [BENCHMARK] 1654768785401,CSR
glCanvas.js:1127 [BENCHMARK] 1654768785403,CSR
glCanvas.js:1127 [BENCHMARK] 1654768785414,CSR
glCanvas.js:1127 [BENCHMARK] 1654768785416,CSR
glCanvas.js:1127 [BENCHMARK] 1654768785427,CSR
glCanvas.js:1127 [BENCHMARK] 1654768785429,CSR
glCanvas.js:1127 [BENCHMARK] 1654768785441,CSR
glCanvas.js:1127 [BENCHMARK] 1654768785442,CSR
glCanvas.js:1127 [BENCHMARK] 1654768785453,CSR
glCanvas.js:1127 [BENCHMARK] 1654768785455,CSR
glCanvas.js:1127 [BENCHMARK] 1654768785467,CSR
glCanvas.js:1127 [BENCHMARK] 1654768785468,CSR
glCanvas.js:1127 [BENCHMARK] 1654768785721,CSR
glCanvas.js:1127 [BENCHMARK] 1654768786729,CSR
glCanvas.js:1127 [BENCHMARK] 1654768788488,CSR
glCanvas.js:1127 [BENCHMARK] 1654768788507,CSR
glCanvas.js:1127 [BENCHMARK] 1654768788516,CSR
glCanvas.js:1127 [BENCHMARK] 1654768788526,CSR
glCanvas.js:1127 [BENCHMARK] 1654768788538,CSR
glCanvas.js:1127 [BENCHMARK] 1654768788551,CSR
glCanvas.js:1127 [BENCHMARK] 1654768788564,CSR
glCanvas.js:1127 [BENCHMARK] 1654768788577,CSR
glCanvas.js:1127 [BENCHMARK] 1654768788590,CSR
glCanvas.js:1127 [BENCHMARK] 1654768788603,CSR
glCanvas.js:1127 [BENCHMARK] 1654768788857,CSR
glCanvas.js:1127 [BENCHMARK] 1654768789865,CSR
glCanvas.js:1127 [BENCHMARK] 1654768790625,CSR
glCanvas.js:1127 [BENCHMARK] 1654768790694,CSR
glCanvas.js:1127 [BENCHMARK] 1654768790767,CSR
glCanvas.js:1127 [BENCHMARK] 1654768790839,CSR
glCanvas.js:1127 [BENCHMARK] 1654768790911,CSR
glCanvas.js:1127 [BENCHMARK] 1654768790982,CSR
glCanvas.js:1127 [BENCHMARK] 1654768791054,CSR
glCanvas.js:1127 [BENCHMARK] 1654768791126,CSR
glCanvas.js:1127 [BENCHMARK] 1654768791197,CSR
glCanvas.js:1127 [BENCHMARK] 1654768791269,CSR
glCanvas.js:1127 [BENCHMARK] 1654768791521,CSR
glCanvas.js:1127 [BENCHMARK] 1654768791548,CSR
glCanvas.js:1127 [BENCHMARK] 1654768791650,CSR
glCanvas.js:1127 [BENCHMARK] 1654768791752,CSR
glCanvas.js:1127 [BENCHMARK] 1654768791854,CSR
glCanvas.js:1127 [BENCHMARK] 1654768791956,CSR
glCanvas.js:1127 [BENCHMARK] 1654768792209,CSR
glCanvas.js:1127 [BENCHMARK] 1654768793217,CSR
