glCanvas.js:1107 [BENCHMARK] 1654768504014,X
glCanvas.js:1107 [BENCHMARK] 1654768504020,X
glCanvas.js:1107 [BENCHMARK] 1654768504023,X
glCanvas.js:1107 [BENCHMARK] 1654768504203,X
glCanvas.js:1107 [BENCHMARK] 1654768504599,X
glCanvas.js:1107 [BENCHMARK] 1654768504639,X
glCanvas.js:1107 [BENCHMARK] 1654768504641,X
glCanvas.js:1107 [BENCHMARK] 1654768504645,X
glCanvas.js:1107 [BENCHMARK] 1654768504646,X
glCanvas.js:1107 [BENCHMARK] 1654768504650,X
glCanvas.js:1107 [BENCHMARK] 1654768504651,X
glCanvas.js:1107 [BENCHMARK] 1654768504740,X
glCanvas.js:1127 [BENCHMARK] 1654768504894,CSR
manager.js:159 [BENCHMARK] 1654768506738,firstRender
glCanvas.js:1127 [BENCHMARK] 1654768506748,CSR
glCanvas.js:1127 [BENCHMARK] 1654768506751,CSR
glCanvas.js:1127 [BENCHMARK] 1654768506755,CSR
glCanvas.js:1127 [BENCHMARK] 1654768506758,CSR
glCanvas.js:1127 [BENCHMARK] 1654768506806,CSR
glCanvas.js:1127 [BENCHMARK] 1654768506809,CSR
glCanvas.js:1127 [BENCHMARK] 1654768506817,CSR
glCanvas.js:1127 [BENCHMARK] 1654768506832,CSR
glCanvas.js:1127 [BENCHMARK] 1654768506835,CSR
glCanvas.js:1127 [BENCHMARK] 1654768506838,CSR
glCanvas.js:1127 [BENCHMARK] 1654768506841,CSR
glCanvas.js:1127 [BENCHMARK] 1654768506861,CSR
glCanvas.js:1127 [BENCHMARK] 1654768506984,CSR
glCanvas.js:1127 [BENCHMARK] 1654768507029,CSR
glCanvas.js:1127 [BENCHMARK] 1654768507180,CSR
glCanvas.js:1127 [BENCHMARK] 1654768507220,CSR
glCanvas.js:1127 [BENCHMARK] 1654768507261,CSR
glCanvas.js:1127 [BENCHMARK] 1654768507303,CSR
glCanvas.js:1127 [BENCHMARK] 1654768507345,CSR
glCanvas.js:1127 [BENCHMARK] 1654768507388,CSR
glCanvas.js:1127 [BENCHMARK] 1654768507429,CSR
glCanvas.js:1127 [BENCHMARK] 1654768507476,CSR
glCanvas.js:1127 [BENCHMARK] 1654768507519,CSR
glCanvas.js:1127 [BENCHMARK] 1654768507564,CSR
glCanvas.js:1127 [BENCHMARK] 1654768507606,CSR
glCanvas.js:1127 [BENCHMARK] 1654768507737,CSR
glCanvas.js:1127 [BENCHMARK] 1654768507778,CSR
glCanvas.js:1127 [BENCHMARK] 1654768507838,CSR
glCanvas.js:1127 [BENCHMARK] 1654768507953,CSR
glCanvas.js:1127 [BENCHMARK] 1654768507954,CSR
glCanvas.js:1127 [BENCHMARK] 1654768507971,CSR
glCanvas.js:1127 [BENCHMARK] 1654768507972,CSR
glCanvas.js:1127 [BENCHMARK] 1654768508006,CSR
glCanvas.js:1127 [BENCHMARK] 1654768508007,CSR
glCanvas.js:1127 [BENCHMARK] 1654768508024,CSR
glCanvas.js:1127 [BENCHMARK] 1654768508025,CSR
glCanvas.js:1127 [BENCHMARK] 1654768508039,CSR
glCanvas.js:1127 [BENCHMARK] 1654768508041,CSR
glCanvas.js:1127 [BENCHMARK] 1654768508053,CSR
glCanvas.js:1127 [BENCHMARK] 1654768508054,CSR
glCanvas.js:1127 [BENCHMARK] 1654768508066,CSR
glCanvas.js:1127 [BENCHMARK] 1654768508068,CSR
glCanvas.js:1127 [BENCHMARK] 1654768508081,CSR
glCanvas.js:1127 [BENCHMARK] 1654768508083,CSR
glCanvas.js:1127 [BENCHMARK] 1654768508098,CSR
glCanvas.js:1127 [BENCHMARK] 1654768508099,CSR
glCanvas.js:1127 [BENCHMARK] 1654768508113,CSR
glCanvas.js:1127 [BENCHMARK] 1654768508114,CSR
glCanvas.js:1127 [BENCHMARK] 1654768508463,CSR
glCanvas.js:1127 [BENCHMARK] 1654768508465,CSR
glCanvas.js:1127 [BENCHMARK] 1654768508467,CSR
glCanvas.js:1127 [BENCHMARK] 1654768508468,CSR
glCanvas.js:1127 [BENCHMARK] 1654768508470,CSR
glCanvas.js:1127 [BENCHMARK] 1654768508471,CSR
glCanvas.js:1127 [BENCHMARK] 1654768508473,CSR
glCanvas.js:1127 [BENCHMARK] 1654768508474,CSR
glCanvas.js:1127 [BENCHMARK] 1654768508475,CSR
glCanvas.js:1127 [BENCHMARK] 1654768508476,CSR
glCanvas.js:1127 [BENCHMARK] 1654768508477,CSR
glCanvas.js:1127 [BENCHMARK] 1654768508479,CSR
glCanvas.js:1127 [BENCHMARK] 1654768508481,CSR
glCanvas.js:1127 [BENCHMARK] 1654768508483,CSR
glCanvas.js:1127 [BENCHMARK] 1654768508485,CSR
glCanvas.js:1127 [BENCHMARK] 1654768508487,CSR
glCanvas.js:1127 [BENCHMARK] 1654768508488,CSR
glCanvas.js:1127 [BENCHMARK] 1654768508489,CSR
glCanvas.js:1127 [BENCHMARK] 1654768508490,CSR
glCanvas.js:1127 [BENCHMARK] 1654768508491,CSR
glCanvas.js:1107 [BENCHMARK] 1654768508793,X
glCanvas.js:1107 [BENCHMARK] 1654768508794,X
glCanvas.js:1127 [BENCHMARK] 1654768508795,CSR
glCanvas.js:1127 [BENCHMARK] 1654768508796,CSR
glCanvas.js:1127 [BENCHMARK] 1654768508797,CSR
glCanvas.js:1127 [BENCHMARK] 1654768508798,CSR
glCanvas.js:1127 [BENCHMARK] 1654768508799,CSR
glCanvas.js:1127 [BENCHMARK] 1654768508800,CSR
glCanvas.js:1107 [BENCHMARK] 1654768508801,X
glCanvas.js:1107 [BENCHMARK] 1654768508802,X
glCanvas.js:1107 [BENCHMARK] 1654768508803,X
glCanvas.js:1107 [BENCHMARK] 1654768508803,X
glCanvas.js:1107 [BENCHMARK] 1654768508804,X
glCanvas.js:1107 [BENCHMARK] 1654768508805,X
glCanvas.js:1107 [BENCHMARK] 1654768508806,X
glCanvas.js:1107 [BENCHMARK] 1654768508807,X
glCanvas.js:1107 [BENCHMARK] 1654768508808,X
glCanvas.js:1107 [BENCHMARK] 1654768508809,X
glCanvas.js:1107 [BENCHMARK] 1654768508810,X
glCanvas.js:1107 [BENCHMARK] 1654768508811,X
glCanvas.js:1107 [BENCHMARK] 1654768508824,X
glCanvas.js:1107 [BENCHMARK] 1654768508866,X
glCanvas.js:1107 [BENCHMARK] 1654768508887,X
glCanvas.js:1107 [BENCHMARK] 1654768508900,X
glCanvas.js:1107 [BENCHMARK] 1654768508913,X
glCanvas.js:1107 [BENCHMARK] 1654768508923,X
glCanvas.js:1107 [BENCHMARK] 1654768508949,X
glCanvas.js:1107 [BENCHMARK] 1654768508959,X
glCanvas.js:1107 [BENCHMARK] 1654768508970,X
glCanvas.js:1107 [BENCHMARK] 1654768508986,X
glCanvas.js:1107 [BENCHMARK] 1654768508994,X
glCanvas.js:1107 [BENCHMARK] 1654768508995,X
glCanvas.js:1107 [BENCHMARK] 1654768509003,X
glCanvas.js:1107 [BENCHMARK] 1654768509004,X
glCanvas.js:1107 [BENCHMARK] 1654768509005,X
glCanvas.js:1107 [BENCHMARK] 1654768509006,X
glCanvas.js:1107 [BENCHMARK] 1654768509012,X
glCanvas.js:1107 [BENCHMARK] 1654768509013,X
glCanvas.js:1107 [BENCHMARK] 1654768509017,X
glCanvas.js:1107 [BENCHMARK] 1654768509018,X
glCanvas.js:1107 [BENCHMARK] 1654768509024,X
glCanvas.js:1107 [BENCHMARK] 1654768509025,X
glCanvas.js:1107 [BENCHMARK] 1654768509030,X
glCanvas.js:1107 [BENCHMARK] 1654768509031,X
glCanvas.js:1107 [BENCHMARK] 1654768509034,X
glCanvas.js:1107 [BENCHMARK] 1654768509035,X
glCanvas.js:1107 [BENCHMARK] 1654768509047,X
glCanvas.js:1107 [BENCHMARK] 1654768509048,X
glCanvas.js:1107 [BENCHMARK] 1654768509049,X
glCanvas.js:1107 [BENCHMARK] 1654768509050,X
glCanvas.js:1107 [BENCHMARK] 1654768509051,X
glCanvas.js:1107 [BENCHMARK] 1654768509260,X
glCanvas.js:1107 [BENCHMARK] 1654768509261,X
glCanvas.js:1107 [BENCHMARK] 1654768509266,X
glCanvas.js:1107 [BENCHMARK] 1654768509267,X
glCanvas.js:1127 [BENCHMARK] 1654768509273,SSR
glCanvas.js:1127 [BENCHMARK] 1654768509275,SSR
glCanvas.js:1107 [BENCHMARK] 1654768509278,X
glCanvas.js:1107 [BENCHMARK] 1654768509279,X
glCanvas.js:1107 [BENCHMARK] 1654768509284,X
glCanvas.js:1107 [BENCHMARK] 1654768509285,X
glCanvas.js:1107 [BENCHMARK] 1654768509290,X
glCanvas.js:1107 [BENCHMARK] 1654768509290,X
glCanvas.js:1107 [BENCHMARK] 1654768509295,X
glCanvas.js:1107 [BENCHMARK] 1654768509296,X
glCanvas.js:1107 [BENCHMARK] 1654768509301,X
glCanvas.js:1107 [BENCHMARK] 1654768509302,X
glCanvas.js:1107 [BENCHMARK] 1654768509306,X
glCanvas.js:1107 [BENCHMARK] 1654768509307,X
glCanvas.js:1107 [BENCHMARK] 1654768509312,X
glCanvas.js:1107 [BENCHMARK] 1654768509313,X
glCanvas.js:1107 [BENCHMARK] 1654768509569,X
glCanvas.js:1127 [BENCHMARK] 1654768509805,SSR
glCanvas.js:1127 [BENCHMARK] 1654768509819,CSR
glCanvas.js:1127 [BENCHMARK] 1654768509823,CSR
glCanvas.js:1127 [BENCHMARK] 1654768509825,CSR
glCanvas.js:1127 [BENCHMARK] 1654768509827,CSR
glCanvas.js:1127 [BENCHMARK] 1654768509843,CSR
glCanvas.js:1127 [BENCHMARK] 1654768509845,CSR
glCanvas.js:1127 [BENCHMARK] 1654768509847,CSR
glCanvas.js:1127 [BENCHMARK] 1654768509859,CSR
glCanvas.js:1127 [BENCHMARK] 1654768509862,CSR
glCanvas.js:1127 [BENCHMARK] 1654768510007,CSR
glCanvas.js:1127 [BENCHMARK] 1654768510042,CSR
glCanvas.js:1127 [BENCHMARK] 1654768510044,CSR
glCanvas.js:1127 [BENCHMARK] 1654768510046,CSR
glCanvas.js:1127 [BENCHMARK] 1654768510063,CSR
glCanvas.js:1127 [BENCHMARK] 1654768510066,CSR
glCanvas.js:1127 [BENCHMARK] 1654768510073,CSR
glCanvas.js:1127 [BENCHMARK] 1654768510091,CSR
glCanvas.js:1127 [BENCHMARK] 1654768510099,CSR
glCanvas.js:1127 [BENCHMARK] 1654768510107,CSR
glCanvas.js:1127 [BENCHMARK] 1654768510214,CSR
glCanvas.js:1127 [BENCHMARK] 1654768510291,CSR
glCanvas.js:1127 [BENCHMARK] 1654768510294,CSR
glCanvas.js:1127 [BENCHMARK] 1654768510298,CSR
glCanvas.js:1127 [BENCHMARK] 1654768510313,CSR
glCanvas.js:1127 [BENCHMARK] 1654768510315,CSR
glCanvas.js:1127 [BENCHMARK] 1654768510317,CSR
glCanvas.js:1127 [BENCHMARK] 1654768510340,CSR
glCanvas.js:1127 [BENCHMARK] 1654768510356,CSR
glCanvas.js:1127 [BENCHMARK] 1654768510359,CSR
glCanvas.js:1127 [BENCHMARK] 1654768510427,CSR
glCanvas.js:1127 [BENCHMARK] 1654768510520,CSR
glCanvas.js:1127 [BENCHMARK] 1654768510523,CSR
glCanvas.js:1127 [BENCHMARK] 1654768510526,CSR
glCanvas.js:1127 [BENCHMARK] 1654768510541,CSR
glCanvas.js:1127 [BENCHMARK] 1654768510543,CSR
glCanvas.js:1127 [BENCHMARK] 1654768510545,CSR
glCanvas.js:1127 [BENCHMARK] 1654768510576,CSR
glCanvas.js:1127 [BENCHMARK] 1654768510585,CSR
glCanvas.js:1127 [BENCHMARK] 1654768510599,CSR
glCanvas.js:1127 [BENCHMARK] 1654768510605,CSR
glCanvas.js:1127 [BENCHMARK] 1654768510671,CSR
glCanvas.js:1127 [BENCHMARK] 1654768510680,CSR
glCanvas.js:1127 [BENCHMARK] 1654768510682,CSR
glCanvas.js:1127 [BENCHMARK] 1654768510684,CSR
glCanvas.js:1127 [BENCHMARK] 1654768510696,CSR
glCanvas.js:1127 [BENCHMARK] 1654768510699,CSR
glCanvas.js:1127 [BENCHMARK] 1654768510701,CSR
glCanvas.js:1127 [BENCHMARK] 1654768510707,CSR
glCanvas.js:1127 [BENCHMARK] 1654768510709,CSR
glCanvas.js:1127 [BENCHMARK] 1654768510711,CSR
glCanvas.js:1127 [BENCHMARK] 1654768510729,CSR
glCanvas.js:1127 [BENCHMARK] 1654768510789,CSR
glCanvas.js:1127 [BENCHMARK] 1654768510797,CSR
glCanvas.js:1127 [BENCHMARK] 1654768510805,CSR
glCanvas.js:1127 [BENCHMARK] 1654768510827,CSR
glCanvas.js:1127 [BENCHMARK] 1654768510832,CSR
glCanvas.js:1127 [BENCHMARK] 1654768510835,CSR
glCanvas.js:1127 [BENCHMARK] 1654768510857,CSR
glCanvas.js:1127 [BENCHMARK] 1654768510860,CSR
glCanvas.js:1127 [BENCHMARK] 1654768510862,CSR
glCanvas.js:1127 [BENCHMARK] 1654768510885,CSR
glCanvas.js:1127 [BENCHMARK] 1654768510894,CSR
glCanvas.js:1127 [BENCHMARK] 1654768510900,CSR
glCanvas.js:1127 [BENCHMARK] 1654768510904,CSR
glCanvas.js:1127 [BENCHMARK] 1654768510918,CSR
glCanvas.js:1127 [BENCHMARK] 1654768510920,CSR
filmbox2.js:1550 [BENCHMARK] 1654768510922,fullLoad
glCanvas.js:1127 [BENCHMARK] 1654768511326,CSR
glCanvas.js:1127 [BENCHMARK] 1654768511328,CSR
glCanvas.js:1127 [BENCHMARK] 1654768511355,CSR
glCanvas.js:1127 [BENCHMARK] 1654768511357,CSR
glCanvas.js:1127 [BENCHMARK] 1654768511360,CSR
glCanvas.js:1127 [BENCHMARK] 1654768511362,CSR
glCanvas.js:1127 [BENCHMARK] 1654768511367,CSR
glCanvas.js:1127 [BENCHMARK] 1654768511369,CSR
glCanvas.js:1127 [BENCHMARK] 1654768511381,CSR
glCanvas.js:1127 [BENCHMARK] 1654768511384,CSR
glCanvas.js:1127 [BENCHMARK] 1654768511395,CSR
glCanvas.js:1127 [BENCHMARK] 1654768511397,CSR
glCanvas.js:1127 [BENCHMARK] 1654768511405,CSR
glCanvas.js:1127 [BENCHMARK] 1654768511406,CSR
glCanvas.js:1127 [BENCHMARK] 1654768511418,CSR
glCanvas.js:1127 [BENCHMARK] 1654768511420,CSR
glCanvas.js:1127 [BENCHMARK] 1654768511431,CSR
glCanvas.js:1127 [BENCHMARK] 1654768511432,CSR
glCanvas.js:1127 [BENCHMARK] 1654768511443,CSR
glCanvas.js:1127 [BENCHMARK] 1654768511444,CSR
glCanvas.js:1127 [BENCHMARK] 1654768511664,CSR
glCanvas.js:1127 [BENCHMARK] 1654768511666,CSR
glCanvas.js:1127 [BENCHMARK] 1654768511670,CSR
glCanvas.js:1127 [BENCHMARK] 1654768511672,CSR
glCanvas.js:1127 [BENCHMARK] 1654768511676,CSR
glCanvas.js:1127 [BENCHMARK] 1654768511678,CSR
glCanvas.js:1127 [BENCHMARK] 1654768511683,CSR
glCanvas.js:1127 [BENCHMARK] 1654768511684,CSR
glCanvas.js:1127 [BENCHMARK] 1654768511688,CSR
glCanvas.js:1127 [BENCHMARK] 1654768511689,CSR
glCanvas.js:1127 [BENCHMARK] 1654768511700,CSR
glCanvas.js:1127 [BENCHMARK] 1654768511701,CSR
glCanvas.js:1127 [BENCHMARK] 1654768511702,CSR
glCanvas.js:1127 [BENCHMARK] 1654768511703,CSR
glCanvas.js:1127 [BENCHMARK] 1654768511706,CSR
glCanvas.js:1127 [BENCHMARK] 1654768511706,CSR
glCanvas.js:1127 [BENCHMARK] 1654768511711,CSR
glCanvas.js:1127 [BENCHMARK] 1654768511712,CSR
glCanvas.js:1127 [BENCHMARK] 1654768511716,CSR
glCanvas.js:1127 [BENCHMARK] 1654768511717,CSR
glCanvas.js:1127 [BENCHMARK] 1654768511969,CSR
glCanvas.js:1127 [BENCHMARK] 1654768512731,CSR
glCanvas.js:1127 [BENCHMARK] 1654768512736,CSR
glCanvas.js:1127 [BENCHMARK] 1654768512743,CSR
glCanvas.js:1127 [BENCHMARK] 1654768512748,CSR
glCanvas.js:1127 [BENCHMARK] 1654768512754,CSR
glCanvas.js:1127 [BENCHMARK] 1654768512759,CSR
glCanvas.js:1127 [BENCHMARK] 1654768512783,CSR
glCanvas.js:1127 [BENCHMARK] 1654768512784,CSR
glCanvas.js:1127 [BENCHMARK] 1654768512785,CSR
glCanvas.js:1127 [BENCHMARK] 1654768512786,CSR
glCanvas.js:1127 [BENCHMARK] 1654768512788,CSR
glCanvas.js:1127 [BENCHMARK] 1654768512792,CSR
glCanvas.js:1127 [BENCHMARK] 1654768512798,CSR
glCanvas.js:1127 [BENCHMARK] 1654768513012,CSR
glCanvas.js:1127 [BENCHMARK] 1654768513033,CSR
glCanvas.js:1127 [BENCHMARK] 1654768513035,CSR
glCanvas.js:1127 [BENCHMARK] 1654768513036,CSR
glCanvas.js:1127 [BENCHMARK] 1654768513037,CSR
glCanvas.js:1127 [BENCHMARK] 1654768513058,CSR
glCanvas.js:1127 [BENCHMARK] 1654768513060,CSR
glCanvas.js:1127 [BENCHMARK] 1654768513060,CSR
glCanvas.js:1127 [BENCHMARK] 1654768513061,CSR
glCanvas.js:1127 [BENCHMARK] 1654768513063,CSR
glCanvas.js:1127 [BENCHMARK] 1654768513069,CSR
glCanvas.js:1127 [BENCHMARK] 1654768513074,CSR
glCanvas.js:1127 [BENCHMARK] 1654768513080,CSR
glCanvas.js:1127 [BENCHMARK] 1654768513294,CSR
glCanvas.js:1127 [BENCHMARK] 1654768513307,CSR
glCanvas.js:1127 [BENCHMARK] 1654768513321,CSR
glCanvas.js:1127 [BENCHMARK] 1654768513333,CSR
glCanvas.js:1127 [BENCHMARK] 1654768513347,CSR
glCanvas.js:1127 [BENCHMARK] 1654768513360,CSR
glCanvas.js:1127 [BENCHMARK] 1654768513373,CSR
glCanvas.js:1127 [BENCHMARK] 1654768513386,CSR
glCanvas.js:1127 [BENCHMARK] 1654768513399,CSR
glCanvas.js:1127 [BENCHMARK] 1654768513412,CSR
glCanvas.js:1127 [BENCHMARK] 1654768513633,CSR
glCanvas.js:1127 [BENCHMARK] 1654768513646,CSR
glCanvas.js:1127 [BENCHMARK] 1654768513658,CSR
glCanvas.js:1127 [BENCHMARK] 1654768513671,CSR
glCanvas.js:1127 [BENCHMARK] 1654768513683,CSR
glCanvas.js:1127 [BENCHMARK] 1654768513696,CSR
glCanvas.js:1127 [BENCHMARK] 1654768513708,CSR
glCanvas.js:1127 [BENCHMARK] 1654768513722,CSR
glCanvas.js:1127 [BENCHMARK] 1654768513735,CSR
glCanvas.js:1127 [BENCHMARK] 1654768513748,CSR
glCanvas.js:1127 [BENCHMARK] 1654768514001,CSR
glCanvas.js:1127 [BENCHMARK] 1654768515009,CSR
glCanvas.js:1127 [BENCHMARK] 1654768515770,CSR
glCanvas.js:1127 [BENCHMARK] 1654768515772,CSR
glCanvas.js:1127 [BENCHMARK] 1654768515776,CSR
glCanvas.js:1127 [BENCHMARK] 1654768515779,CSR
glCanvas.js:1127 [BENCHMARK] 1654768515782,CSR
glCanvas.js:1127 [BENCHMARK] 1654768515783,CSR
glCanvas.js:1127 [BENCHMARK] 1654768515787,CSR
glCanvas.js:1127 [BENCHMARK] 1654768515788,CSR
glCanvas.js:1127 [BENCHMARK] 1654768515813,CSR
glCanvas.js:1127 [BENCHMARK] 1654768515814,CSR
glCanvas.js:1127 [BENCHMARK] 1654768515815,CSR
glCanvas.js:1127 [BENCHMARK] 1654768515815,CSR
glCanvas.js:1127 [BENCHMARK] 1654768515816,CSR
glCanvas.js:1127 [BENCHMARK] 1654768515817,CSR
glCanvas.js:1127 [BENCHMARK] 1654768515817,CSR
glCanvas.js:1127 [BENCHMARK] 1654768515818,CSR
glCanvas.js:1127 [BENCHMARK] 1654768515819,CSR
glCanvas.js:1127 [BENCHMARK] 1654768515819,CSR
glCanvas.js:1127 [BENCHMARK] 1654768515820,CSR
glCanvas.js:1127 [BENCHMARK] 1654768515821,CSR
glCanvas.js:1127 [BENCHMARK] 1654768516034,CSR
glCanvas.js:1127 [BENCHMARK] 1654768516035,CSR
glCanvas.js:1127 [BENCHMARK] 1654768516040,CSR
glCanvas.js:1127 [BENCHMARK] 1654768516042,CSR
glCanvas.js:1127 [BENCHMARK] 1654768516045,CSR
glCanvas.js:1127 [BENCHMARK] 1654768516047,CSR
glCanvas.js:1127 [BENCHMARK] 1654768516052,CSR
glCanvas.js:1127 [BENCHMARK] 1654768516052,CSR
glCanvas.js:1127 [BENCHMARK] 1654768516056,CSR
glCanvas.js:1127 [BENCHMARK] 1654768516057,CSR
glCanvas.js:1127 [BENCHMARK] 1654768516074,CSR
glCanvas.js:1127 [BENCHMARK] 1654768516075,CSR
glCanvas.js:1127 [BENCHMARK] 1654768516077,CSR
glCanvas.js:1127 [BENCHMARK] 1654768516078,CSR
glCanvas.js:1127 [BENCHMARK] 1654768516083,CSR
glCanvas.js:1127 [BENCHMARK] 1654768516084,CSR
glCanvas.js:1127 [BENCHMARK] 1654768516110,CSR
glCanvas.js:1127 [BENCHMARK] 1654768516111,CSR
glCanvas.js:1127 [BENCHMARK] 1654768516112,CSR
glCanvas.js:1127 [BENCHMARK] 1654768516113,CSR
glCanvas.js:1127 [BENCHMARK] 1654768516308,CSR
glCanvas.js:1127 [BENCHMARK] 1654768516310,CSR
glCanvas.js:1127 [BENCHMARK] 1654768516315,CSR
glCanvas.js:1127 [BENCHMARK] 1654768516317,CSR
glCanvas.js:1127 [BENCHMARK] 1654768516321,CSR
glCanvas.js:1127 [BENCHMARK] 1654768516322,CSR
glCanvas.js:1127 [BENCHMARK] 1654768516327,CSR
glCanvas.js:1127 [BENCHMARK] 1654768516328,CSR
glCanvas.js:1127 [BENCHMARK] 1654768516332,CSR
glCanvas.js:1127 [BENCHMARK] 1654768516332,CSR
glCanvas.js:1127 [BENCHMARK] 1654768516337,CSR
glCanvas.js:1127 [BENCHMARK] 1654768516338,CSR
glCanvas.js:1127 [BENCHMARK] 1654768516370,CSR
glCanvas.js:1127 [BENCHMARK] 1654768516372,CSR
glCanvas.js:1127 [BENCHMARK] 1654768516374,CSR
glCanvas.js:1127 [BENCHMARK] 1654768516376,CSR
glCanvas.js:1127 [BENCHMARK] 1654768516378,CSR
glCanvas.js:1127 [BENCHMARK] 1654768516379,CSR
glCanvas.js:1127 [BENCHMARK] 1654768516381,CSR
glCanvas.js:1127 [BENCHMARK] 1654768516384,CSR
glCanvas.js:1127 [BENCHMARK] 1654768516573,CSR
glCanvas.js:1127 [BENCHMARK] 1654768516575,CSR
glCanvas.js:1127 [BENCHMARK] 1654768516579,CSR
glCanvas.js:1127 [BENCHMARK] 1654768516581,CSR
glCanvas.js:1127 [BENCHMARK] 1654768516586,CSR
glCanvas.js:1127 [BENCHMARK] 1654768516588,CSR
glCanvas.js:1127 [BENCHMARK] 1654768516591,CSR
glCanvas.js:1127 [BENCHMARK] 1654768516592,CSR
glCanvas.js:1127 [BENCHMARK] 1654768516596,CSR
glCanvas.js:1127 [BENCHMARK] 1654768516597,CSR
glCanvas.js:1127 [BENCHMARK] 1654768516616,CSR
glCanvas.js:1127 [BENCHMARK] 1654768516618,CSR
glCanvas.js:1127 [BENCHMARK] 1654768516619,CSR
glCanvas.js:1127 [BENCHMARK] 1654768516619,CSR
glCanvas.js:1127 [BENCHMARK] 1654768516620,CSR
glCanvas.js:1127 [BENCHMARK] 1654768516621,CSR
glCanvas.js:1127 [BENCHMARK] 1654768516622,CSR
glCanvas.js:1127 [BENCHMARK] 1654768516622,CSR
glCanvas.js:1127 [BENCHMARK] 1654768516625,CSR
glCanvas.js:1127 [BENCHMARK] 1654768516625,CSR
glCanvas.js:1127 [BENCHMARK] 1654768516630,CSR
glCanvas.js:1127 [BENCHMARK] 1654768516631,CSR
glCanvas.js:1127 [BENCHMARK] 1654768516636,CSR
glCanvas.js:1127 [BENCHMARK] 1654768516636,CSR
glCanvas.js:1127 [BENCHMARK] 1654768516850,CSR
glCanvas.js:1127 [BENCHMARK] 1654768516852,CSR
glCanvas.js:1127 [BENCHMARK] 1654768516856,CSR
glCanvas.js:1127 [BENCHMARK] 1654768516857,CSR
glCanvas.js:1127 [BENCHMARK] 1654768516862,CSR
glCanvas.js:1127 [BENCHMARK] 1654768516863,CSR
glCanvas.js:1127 [BENCHMARK] 1654768516867,CSR
glCanvas.js:1127 [BENCHMARK] 1654768516868,CSR
glCanvas.js:1127 [BENCHMARK] 1654768516880,CSR
glCanvas.js:1127 [BENCHMARK] 1654768516881,CSR
glCanvas.js:1127 [BENCHMARK] 1654768516882,CSR
glCanvas.js:1127 [BENCHMARK] 1654768516883,CSR
glCanvas.js:1127 [BENCHMARK] 1654768516884,CSR
glCanvas.js:1127 [BENCHMARK] 1654768516884,CSR
glCanvas.js:1127 [BENCHMARK] 1654768516889,CSR
glCanvas.js:1127 [BENCHMARK] 1654768516889,CSR
glCanvas.js:1127 [BENCHMARK] 1654768516894,CSR
glCanvas.js:1127 [BENCHMARK] 1654768516895,CSR
glCanvas.js:1127 [BENCHMARK] 1654768516900,CSR
glCanvas.js:1127 [BENCHMARK] 1654768516901,CSR
glCanvas.js:1127 [BENCHMARK] 1654768516905,CSR
glCanvas.js:1127 [BENCHMARK] 1654768516906,CSR
glCanvas.js:1127 [BENCHMARK] 1654768516918,CSR
glCanvas.js:1127 [BENCHMARK] 1654768516919,CSR
glCanvas.js:1127 [BENCHMARK] 1654768517169,CSR
glCanvas.js:1127 [BENCHMARK] 1654768518177,CSR
