glCanvas.js:1107 [BENCHMARK] 1654767415255,X
glCanvas.js:1107 [BENCHMARK] 1654767415262,X
glCanvas.js:1107 [BENCHMARK] 1654767415265,X
glCanvas.js:1107 [BENCHMARK] 1654767415312,X
glCanvas.js:1107 [BENCHMARK] 1654767415707,X
glCanvas.js:1107 [BENCHMARK] 1654767415714,X
glCanvas.js:1107 [BENCHMARK] 1654767415721,X
glCanvas.js:1107 [BENCHMARK] 1654767415723,X
glCanvas.js:1107 [BENCHMARK] 1654767415727,X
glCanvas.js:1107 [BENCHMARK] 1654767415729,X
glCanvas.js:1107 [BENCHMARK] 1654767415733,X
glCanvas.js:1107 [BENCHMARK] 1654767415735,X
glCanvas.js:1127 [BENCHMARK] 1654767415749,SSR
manager.js:159 [BENCHMARK] 1654767416621,firstRender
glCanvas.js:1127 [BENCHMARK] 1654767416627,CSR
glCanvas.js:1127 [BENCHMARK] 1654767416629,CSR
glCanvas.js:1127 [BENCHMARK] 1654767416632,CSR
glCanvas.js:1127 [BENCHMARK] 1654767416634,CSR
glCanvas.js:1127 [BENCHMARK] 1654767416670,CSR
glCanvas.js:1127 [BENCHMARK] 1654767416673,CSR
glCanvas.js:1127 [BENCHMARK] 1654767416676,CSR
glCanvas.js:1127 [BENCHMARK] 1654767416717,CSR
glCanvas.js:1127 [BENCHMARK] 1654767416720,CSR
glCanvas.js:1127 [BENCHMARK] 1654767416722,CSR
glCanvas.js:1127 [BENCHMARK] 1654767416724,CSR
glCanvas.js:1127 [BENCHMARK] 1654767416727,CSR
glCanvas.js:1127 [BENCHMARK] 1654767416741,CSR
glCanvas.js:1127 [BENCHMARK] 1654767417128,CSR
glCanvas.js:1127 [BENCHMARK] 1654767417164,CSR
glCanvas.js:1127 [BENCHMARK] 1654767417202,CSR
glCanvas.js:1127 [BENCHMARK] 1654767417277,CSR
glCanvas.js:1127 [BENCHMARK] 1654767417357,CSR
glCanvas.js:1127 [BENCHMARK] 1654767417395,CSR
glCanvas.js:1127 [BENCHMARK] 1654767417534,CSR
glCanvas.js:1127 [BENCHMARK] 1654767417590,CSR
glCanvas.js:1127 [BENCHMARK] 1654767417630,CSR
glCanvas.js:1127 [BENCHMARK] 1654767417668,CSR
glCanvas.js:1127 [BENCHMARK] 1654767417707,CSR
glCanvas.js:1127 [BENCHMARK] 1654767417745,CSR
glCanvas.js:1127 [BENCHMARK] 1654767417784,CSR
glCanvas.js:1127 [BENCHMARK] 1654767417839,CSR
glCanvas.js:1127 [BENCHMARK] 1654767417840,CSR
glCanvas.js:1127 [BENCHMARK] 1654767417861,CSR
glCanvas.js:1127 [BENCHMARK] 1654767417862,CSR
glCanvas.js:1127 [BENCHMARK] 1654767417879,CSR
glCanvas.js:1127 [BENCHMARK] 1654767417880,CSR
glCanvas.js:1127 [BENCHMARK] 1654767417893,CSR
glCanvas.js:1127 [BENCHMARK] 1654767417894,CSR
glCanvas.js:1127 [BENCHMARK] 1654767417910,CSR
glCanvas.js:1127 [BENCHMARK] 1654767417911,CSR
glCanvas.js:1127 [BENCHMARK] 1654767417925,CSR
glCanvas.js:1127 [BENCHMARK] 1654767417926,CSR
glCanvas.js:1127 [BENCHMARK] 1654767417941,CSR
glCanvas.js:1127 [BENCHMARK] 1654767417942,CSR
glCanvas.js:1127 [BENCHMARK] 1654767417957,CSR
glCanvas.js:1127 [BENCHMARK] 1654767417959,CSR
glCanvas.js:1127 [BENCHMARK] 1654767417970,CSR
glCanvas.js:1127 [BENCHMARK] 1654767417971,CSR
glCanvas.js:1127 [BENCHMARK] 1654767417982,CSR
glCanvas.js:1127 [BENCHMARK] 1654767417983,CSR
glCanvas.js:1127 [BENCHMARK] 1654767418033,CSR
glCanvas.js:1127 [BENCHMARK] 1654767418085,CSR
glCanvas.js:1127 [BENCHMARK] 1654767418200,CSR
glCanvas.js:1127 [BENCHMARK] 1654767418201,CSR
glCanvas.js:1127 [BENCHMARK] 1654767418213,CSR
glCanvas.js:1127 [BENCHMARK] 1654767418214,CSR
glCanvas.js:1127 [BENCHMARK] 1654767418226,CSR
glCanvas.js:1127 [BENCHMARK] 1654767418227,CSR
glCanvas.js:1127 [BENCHMARK] 1654767418239,CSR
glCanvas.js:1127 [BENCHMARK] 1654767418240,CSR
glCanvas.js:1127 [BENCHMARK] 1654767418252,CSR
glCanvas.js:1127 [BENCHMARK] 1654767418253,CSR
glCanvas.js:1127 [BENCHMARK] 1654767418265,CSR
glCanvas.js:1127 [BENCHMARK] 1654767418266,CSR
glCanvas.js:1127 [BENCHMARK] 1654767418270,CSR
glCanvas.js:1127 [BENCHMARK] 1654767418277,CSR
glCanvas.js:1127 [BENCHMARK] 1654767418278,CSR
glCanvas.js:1127 [BENCHMARK] 1654767418292,CSR
glCanvas.js:1127 [BENCHMARK] 1654767418293,CSR
glCanvas.js:1127 [BENCHMARK] 1654767418302,CSR
glCanvas.js:1127 [BENCHMARK] 1654767418304,CSR
glCanvas.js:1127 [BENCHMARK] 1654767418315,CSR
glCanvas.js:1127 [BENCHMARK] 1654767418316,CSR
glCanvas.js:1127 [BENCHMARK] 1654767418407,CSR
glCanvas.js:1127 [BENCHMARK] 1654767418622,CSR
glCanvas.js:1127 [BENCHMARK] 1654767418624,CSR
glCanvas.js:1127 [BENCHMARK] 1654767418625,CSR
glCanvas.js:1127 [BENCHMARK] 1654767418625,CSR
glCanvas.js:1127 [BENCHMARK] 1654767418626,CSR
glCanvas.js:1127 [BENCHMARK] 1654767418627,CSR
glCanvas.js:1127 [BENCHMARK] 1654767418628,CSR
glCanvas.js:1127 [BENCHMARK] 1654767418631,CSR
glCanvas.js:1127 [BENCHMARK] 1654767418633,CSR
glCanvas.js:1127 [BENCHMARK] 1654767418633,CSR
glCanvas.js:1107 [BENCHMARK] 1654767418634,X
glCanvas.js:1107 [BENCHMARK] 1654767418635,X
glCanvas.js:1107 [BENCHMARK] 1654767418635,X
glCanvas.js:1107 [BENCHMARK] 1654767418636,X
glCanvas.js:1107 [BENCHMARK] 1654767418636,X
glCanvas.js:1107 [BENCHMARK] 1654767418637,X
glCanvas.js:1107 [BENCHMARK] 1654767418638,X
glCanvas.js:1107 [BENCHMARK] 1654767418638,X
glCanvas.js:1107 [BENCHMARK] 1654767418642,X
glCanvas.js:1107 [BENCHMARK] 1654767418644,X
glCanvas.js:1107 [BENCHMARK] 1654767418645,X
glCanvas.js:1107 [BENCHMARK] 1654767418646,X
glCanvas.js:1107 [BENCHMARK] 1654767418821,X
glCanvas.js:1107 [BENCHMARK] 1654767419016,X
glCanvas.js:1107 [BENCHMARK] 1654767419016,X
glCanvas.js:1107 [BENCHMARK] 1654767419017,X
glCanvas.js:1107 [BENCHMARK] 1654767419017,X
glCanvas.js:1107 [BENCHMARK] 1654767419018,X
glCanvas.js:1107 [BENCHMARK] 1654767419018,X
glCanvas.js:1107 [BENCHMARK] 1654767419019,X
glCanvas.js:1107 [BENCHMARK] 1654767419019,X
glCanvas.js:1107 [BENCHMARK] 1654767419020,X
glCanvas.js:1107 [BENCHMARK] 1654767419020,X
glCanvas.js:1107 [BENCHMARK] 1654767419020,X
glCanvas.js:1107 [BENCHMARK] 1654767419021,X
glCanvas.js:1107 [BENCHMARK] 1654767419021,X
glCanvas.js:1107 [BENCHMARK] 1654767419021,X
glCanvas.js:1107 [BENCHMARK] 1654767419022,X
glCanvas.js:1107 [BENCHMARK] 1654767419022,X
glCanvas.js:1107 [BENCHMARK] 1654767419023,X
glCanvas.js:1107 [BENCHMARK] 1654767419023,X
glCanvas.js:1107 [BENCHMARK] 1654767419023,X
glCanvas.js:1107 [BENCHMARK] 1654767419024,X
glCanvas.js:1107 [BENCHMARK] 1654767419026,X
glCanvas.js:1107 [BENCHMARK] 1654767419119,X
glCanvas.js:1107 [BENCHMARK] 1654767419120,X
glCanvas.js:1107 [BENCHMARK] 1654767419124,X
glCanvas.js:1107 [BENCHMARK] 1654767419125,X
glCanvas.js:1107 [BENCHMARK] 1654767419130,X
glCanvas.js:1107 [BENCHMARK] 1654767419130,X
glCanvas.js:1107 [BENCHMARK] 1654767419135,X
glCanvas.js:1107 [BENCHMARK] 1654767419135,X
glCanvas.js:1107 [BENCHMARK] 1654767419144,X
glCanvas.js:1107 [BENCHMARK] 1654767419145,X
glCanvas.js:1107 [BENCHMARK] 1654767419146,X
glCanvas.js:1107 [BENCHMARK] 1654767419147,X
glCanvas.js:1107 [BENCHMARK] 1654767419152,X
glCanvas.js:1107 [BENCHMARK] 1654767419152,X
glCanvas.js:1107 [BENCHMARK] 1654767419157,X
glCanvas.js:1107 [BENCHMARK] 1654767419158,X
glCanvas.js:1107 [BENCHMARK] 1654767419163,X
glCanvas.js:1107 [BENCHMARK] 1654767419163,X
glCanvas.js:1107 [BENCHMARK] 1654767419168,X
glCanvas.js:1107 [BENCHMARK] 1654767419169,X
glCanvas.js:1107 [BENCHMARK] 1654767419273,X
glCanvas.js:1107 [BENCHMARK] 1654767419405,X
glCanvas.js:1107 [BENCHMARK] 1654767419490,X
glCanvas.js:1107 [BENCHMARK] 1654767419767,X
glCanvas.js:1107 [BENCHMARK] 1654767419811,X
glCanvas.js:1107 [BENCHMARK] 1654767419952,X
glCanvas.js:1107 [BENCHMARK] 1654767420028,X
glCanvas.js:1107 [BENCHMARK] 1654767420069,X
glCanvas.js:1107 [BENCHMARK] 1654767420172,X
glCanvas.js:1107 [BENCHMARK] 1654767420259,X
glCanvas.js:1107 [BENCHMARK] 1654767420297,X
glCanvas.js:1107 [BENCHMARK] 1654767420616,X
glCanvas.js:1107 [BENCHMARK] 1654767420674,X
glCanvas.js:1107 [BENCHMARK] 1654767420828,X
glCanvas.js:1107 [BENCHMARK] 1654767420865,X
glCanvas.js:1107 [BENCHMARK] 1654767420943,X
glCanvas.js:1107 [BENCHMARK] 1654767421069,X
glCanvas.js:1107 [BENCHMARK] 1654767421124,X
glCanvas.js:1107 [BENCHMARK] 1654767421161,X
glCanvas.js:1107 [BENCHMARK] 1654767421177,X
glCanvas.js:1107 [BENCHMARK] 1654767421178,X
glCanvas.js:1107 [BENCHMARK] 1654767421190,X
glCanvas.js:1107 [BENCHMARK] 1654767421191,X
glCanvas.js:1107 [BENCHMARK] 1654767421202,X
glCanvas.js:1107 [BENCHMARK] 1654767421203,X
glCanvas.js:1107 [BENCHMARK] 1654767421215,X
glCanvas.js:1107 [BENCHMARK] 1654767421216,X
glCanvas.js:1107 [BENCHMARK] 1654767421219,X
glCanvas.js:1107 [BENCHMARK] 1654767421228,X
glCanvas.js:1107 [BENCHMARK] 1654767421229,X
glCanvas.js:1107 [BENCHMARK] 1654767421241,X
glCanvas.js:1107 [BENCHMARK] 1654767421242,X
glCanvas.js:1107 [BENCHMARK] 1654767421253,X
glCanvas.js:1107 [BENCHMARK] 1654767421254,X
glCanvas.js:1107 [BENCHMARK] 1654767421262,X
glCanvas.js:1107 [BENCHMARK] 1654767421266,X
glCanvas.js:1107 [BENCHMARK] 1654767421267,X
glCanvas.js:1107 [BENCHMARK] 1654767421279,X
glCanvas.js:1107 [BENCHMARK] 1654767421280,X
glCanvas.js:1107 [BENCHMARK] 1654767421292,X
glCanvas.js:1107 [BENCHMARK] 1654767421292,X
glCanvas.js:1107 [BENCHMARK] 1654767421508,X
glCanvas.js:1107 [BENCHMARK] 1654767421508,X
glCanvas.js:1107 [BENCHMARK] 1654767421514,X
glCanvas.js:1107 [BENCHMARK] 1654767421514,X
glCanvas.js:1107 [BENCHMARK] 1654767421519,X
glCanvas.js:1107 [BENCHMARK] 1654767421520,X
glCanvas.js:1107 [BENCHMARK] 1654767421525,X
glCanvas.js:1107 [BENCHMARK] 1654767421526,X
glCanvas.js:1107 [BENCHMARK] 1654767421530,X
glCanvas.js:1107 [BENCHMARK] 1654767421531,X
glCanvas.js:1107 [BENCHMARK] 1654767421534,X
glCanvas.js:1107 [BENCHMARK] 1654767421538,X
glCanvas.js:1107 [BENCHMARK] 1654767421538,X
glCanvas.js:1107 [BENCHMARK] 1654767421542,X
glCanvas.js:1107 [BENCHMARK] 1654767421543,X
glCanvas.js:1107 [BENCHMARK] 1654767421547,X
glCanvas.js:1107 [BENCHMARK] 1654767421548,X
glCanvas.js:1107 [BENCHMARK] 1654767421553,X
glCanvas.js:1107 [BENCHMARK] 1654767421553,X
glCanvas.js:1107 [BENCHMARK] 1654767421558,X
glCanvas.js:1107 [BENCHMARK] 1654767421559,X
glCanvas.js:1107 [BENCHMARK] 1654767421757,X
glCanvas.js:1107 [BENCHMARK] 1654767421792,X
glCanvas.js:1107 [BENCHMARK] 1654767421828,X
glCanvas.js:1107 [BENCHMARK] 1654767421867,X
glCanvas.js:1107 [BENCHMARK] 1654767421908,X
glCanvas.js:1107 [BENCHMARK] 1654767421947,X
glCanvas.js:1107 [BENCHMARK] 1654767421993,X
glCanvas.js:1107 [BENCHMARK] 1654767422035,X
glCanvas.js:1107 [BENCHMARK] 1654767422077,X
glCanvas.js:1107 [BENCHMARK] 1654767422119,X
glCanvas.js:1107 [BENCHMARK] 1654767422162,X
glCanvas.js:1107 [BENCHMARK] 1654767422204,X
glCanvas.js:1107 [BENCHMARK] 1654767422257,X
glCanvas.js:1107 [BENCHMARK] 1654767422302,X
glCanvas.js:1107 [BENCHMARK] 1654767422499,X
glCanvas.js:1107 [BENCHMARK] 1654767422538,X
glCanvas.js:1107 [BENCHMARK] 1654767422567,X
glCanvas.js:1127 [BENCHMARK] 1654767422572,CSR
glCanvas.js:1127 [BENCHMARK] 1654767422578,CSR
glCanvas.js:1127 [BENCHMARK] 1654767422583,CSR
glCanvas.js:1127 [BENCHMARK] 1654767422603,CSR
glCanvas.js:1127 [BENCHMARK] 1654767422604,CSR
glCanvas.js:1127 [BENCHMARK] 1654767422606,CSR
glCanvas.js:1127 [BENCHMARK] 1654767422607,CSR
glCanvas.js:1107 [BENCHMARK] 1654767422611,X
glCanvas.js:1127 [BENCHMARK] 1654767422617,CSR
glCanvas.js:1127 [BENCHMARK] 1654767422619,CSR
glCanvas.js:1127 [BENCHMARK] 1654767422644,CSR
glCanvas.js:1127 [BENCHMARK] 1654767422645,CSR
glCanvas.js:1127 [BENCHMARK] 1654767422646,CSR
glCanvas.js:1127 [BENCHMARK] 1654767422663,CSR
glCanvas.js:1127 [BENCHMARK] 1654767422709,CSR
glCanvas.js:1127 [BENCHMARK] 1654767422753,CSR
glCanvas.js:1127 [BENCHMARK] 1654767422847,CSR
glCanvas.js:1127 [BENCHMARK] 1654767422852,CSR
glCanvas.js:1127 [BENCHMARK] 1654767422857,CSR
glCanvas.js:1127 [BENCHMARK] 1654767422863,CSR
glCanvas.js:1127 [BENCHMARK] 1654767422869,CSR
glCanvas.js:1127 [BENCHMARK] 1654767422874,CSR
glCanvas.js:1127 [BENCHMARK] 1654767422890,CSR
glCanvas.js:1127 [BENCHMARK] 1654767422891,CSR
glCanvas.js:1127 [BENCHMARK] 1654767422892,CSR
glCanvas.js:1127 [BENCHMARK] 1654767422897,CSR
glCanvas.js:1127 [BENCHMARK] 1654767422902,CSR
glCanvas.js:1127 [BENCHMARK] 1654767422907,CSR
glCanvas.js:1127 [BENCHMARK] 1654767422921,CSR
glCanvas.js:1127 [BENCHMARK] 1654767423008,CSR
glCanvas.js:1127 [BENCHMARK] 1654767423122,CSR
glCanvas.js:1127 [BENCHMARK] 1654767423124,CSR
glCanvas.js:1127 [BENCHMARK] 1654767423138,CSR
glCanvas.js:1127 [BENCHMARK] 1654767423154,CSR
glCanvas.js:1127 [BENCHMARK] 1654767423171,CSR
glCanvas.js:1127 [BENCHMARK] 1654767423183,CSR
glCanvas.js:1127 [BENCHMARK] 1654767423188,CSR
glCanvas.js:1127 [BENCHMARK] 1654767423209,CSR
glCanvas.js:1127 [BENCHMARK] 1654767423212,CSR
glCanvas.js:1127 [BENCHMARK] 1654767423221,CSR
glCanvas.js:1127 [BENCHMARK] 1654767423233,CSR
glCanvas.js:1127 [BENCHMARK] 1654767423244,CSR
glCanvas.js:1127 [BENCHMARK] 1654767423250,CSR
glCanvas.js:1127 [BENCHMARK] 1654767423335,CSR
glCanvas.js:1127 [BENCHMARK] 1654767423418,CSR
glCanvas.js:1127 [BENCHMARK] 1654767423514,CSR
glCanvas.js:1127 [BENCHMARK] 1654767423516,CSR
glCanvas.js:1127 [BENCHMARK] 1654767423517,CSR
glCanvas.js:1127 [BENCHMARK] 1654767423519,CSR
glCanvas.js:1127 [BENCHMARK] 1654767423520,CSR
glCanvas.js:1127 [BENCHMARK] 1654767423528,CSR
glCanvas.js:1127 [BENCHMARK] 1654767423531,CSR
glCanvas.js:1127 [BENCHMARK] 1654767423541,CSR
glCanvas.js:1127 [BENCHMARK] 1654767423560,CSR
glCanvas.js:1127 [BENCHMARK] 1654767423572,CSR
glCanvas.js:1127 [BENCHMARK] 1654767423580,CSR
glCanvas.js:1127 [BENCHMARK] 1654767423583,CSR
glCanvas.js:1127 [BENCHMARK] 1654767423639,CSR
glCanvas.js:1127 [BENCHMARK] 1654767423698,CSR
glCanvas.js:1127 [BENCHMARK] 1654767423752,CSR
glCanvas.js:1127 [BENCHMARK] 1654767423812,CSR
glCanvas.js:1127 [BENCHMARK] 1654767423867,CSR
glCanvas.js:1127 [BENCHMARK] 1654767423922,CSR
glCanvas.js:1127 [BENCHMARK] 1654767423978,CSR
glCanvas.js:1127 [BENCHMARK] 1654767424033,CSR
glCanvas.js:1127 [BENCHMARK] 1654767424089,CSR
filmbox2.js:1537 [BENCHMARK] 1654767424090,fullLoad
glCanvas.js:1127 [BENCHMARK] 1654767425600,CSR
glCanvas.js:1127 [BENCHMARK] 1654767425602,CSR
glCanvas.js:1127 [BENCHMARK] 1654767425605,CSR
glCanvas.js:1127 [BENCHMARK] 1654767425606,CSR
glCanvas.js:1127 [BENCHMARK] 1654767425611,CSR
glCanvas.js:1127 [BENCHMARK] 1654767425612,CSR
glCanvas.js:1127 [BENCHMARK] 1654767425616,CSR
glCanvas.js:1127 [BENCHMARK] 1654767425617,CSR
glCanvas.js:1127 [BENCHMARK] 1654767425648,CSR
glCanvas.js:1127 [BENCHMARK] 1654767425650,CSR
glCanvas.js:1127 [BENCHMARK] 1654767425652,CSR
glCanvas.js:1127 [BENCHMARK] 1654767425653,CSR
glCanvas.js:1127 [BENCHMARK] 1654767425654,CSR
glCanvas.js:1127 [BENCHMARK] 1654767425655,CSR
glCanvas.js:1127 [BENCHMARK] 1654767425655,CSR
glCanvas.js:1127 [BENCHMARK] 1654767425656,CSR
glCanvas.js:1127 [BENCHMARK] 1654767425656,CSR
glCanvas.js:1127 [BENCHMARK] 1654767425658,CSR
glCanvas.js:1127 [BENCHMARK] 1654767425659,CSR
glCanvas.js:1127 [BENCHMARK] 1654767425660,CSR
glCanvas.js:1127 [BENCHMARK] 1654767425865,CSR
glCanvas.js:1127 [BENCHMARK] 1654767425867,CSR
glCanvas.js:1127 [BENCHMARK] 1654767425870,CSR
glCanvas.js:1127 [BENCHMARK] 1654767425873,CSR
glCanvas.js:1127 [BENCHMARK] 1654767425878,CSR
glCanvas.js:1127 [BENCHMARK] 1654767425879,CSR
glCanvas.js:1127 [BENCHMARK] 1654767425882,CSR
glCanvas.js:1127 [BENCHMARK] 1654767425883,CSR
glCanvas.js:1127 [BENCHMARK] 1654767425887,CSR
glCanvas.js:1127 [BENCHMARK] 1654767425888,CSR
glCanvas.js:1127 [BENCHMARK] 1654767425893,CSR
glCanvas.js:1127 [BENCHMARK] 1654767425894,CSR
glCanvas.js:1127 [BENCHMARK] 1654767425905,CSR
glCanvas.js:1127 [BENCHMARK] 1654767425906,CSR
glCanvas.js:1127 [BENCHMARK] 1654767425907,CSR
glCanvas.js:1127 [BENCHMARK] 1654767425907,CSR
glCanvas.js:1127 [BENCHMARK] 1654767425909,CSR
glCanvas.js:1127 [BENCHMARK] 1654767425910,CSR
glCanvas.js:1127 [BENCHMARK] 1654767425915,CSR
glCanvas.js:1127 [BENCHMARK] 1654767425916,CSR
glCanvas.js:1127 [BENCHMARK] 1654767426129,CSR
glCanvas.js:1127 [BENCHMARK] 1654767426131,CSR
glCanvas.js:1127 [BENCHMARK] 1654767426134,CSR
glCanvas.js:1127 [BENCHMARK] 1654767426135,CSR
glCanvas.js:1127 [BENCHMARK] 1654767426140,CSR
glCanvas.js:1127 [BENCHMARK] 1654767426142,CSR
glCanvas.js:1127 [BENCHMARK] 1654767426146,CSR
glCanvas.js:1127 [BENCHMARK] 1654767426147,CSR
glCanvas.js:1127 [BENCHMARK] 1654767426152,CSR
glCanvas.js:1127 [BENCHMARK] 1654767426152,CSR
glCanvas.js:1127 [BENCHMARK] 1654767426157,CSR
glCanvas.js:1127 [BENCHMARK] 1654767426157,CSR
glCanvas.js:1127 [BENCHMARK] 1654767426162,CSR
glCanvas.js:1127 [BENCHMARK] 1654767426163,CSR
glCanvas.js:1127 [BENCHMARK] 1654767426176,CSR
glCanvas.js:1127 [BENCHMARK] 1654767426177,CSR
glCanvas.js:1127 [BENCHMARK] 1654767426178,CSR
glCanvas.js:1127 [BENCHMARK] 1654767426179,CSR
glCanvas.js:1127 [BENCHMARK] 1654767426180,CSR
glCanvas.js:1127 [BENCHMARK] 1654767426180,CSR
glCanvas.js:1127 [BENCHMARK] 1654767426393,CSR
glCanvas.js:1127 [BENCHMARK] 1654767426395,CSR
glCanvas.js:1127 [BENCHMARK] 1654767426398,CSR
glCanvas.js:1127 [BENCHMARK] 1654767426399,CSR
glCanvas.js:1127 [BENCHMARK] 1654767426405,CSR
glCanvas.js:1127 [BENCHMARK] 1654767426407,CSR
glCanvas.js:1127 [BENCHMARK] 1654767426411,CSR
glCanvas.js:1127 [BENCHMARK] 1654767426412,CSR
glCanvas.js:1127 [BENCHMARK] 1654767426416,CSR
glCanvas.js:1127 [BENCHMARK] 1654767426417,CSR
glCanvas.js:1127 [BENCHMARK] 1654767426421,CSR
glCanvas.js:1127 [BENCHMARK] 1654767426422,CSR
glCanvas.js:1127 [BENCHMARK] 1654767426447,CSR
glCanvas.js:1127 [BENCHMARK] 1654767426448,CSR
glCanvas.js:1127 [BENCHMARK] 1654767426448,CSR
glCanvas.js:1127 [BENCHMARK] 1654767426449,CSR
glCanvas.js:1127 [BENCHMARK] 1654767426451,CSR
glCanvas.js:1127 [BENCHMARK] 1654767426451,CSR
glCanvas.js:1127 [BENCHMARK] 1654767426452,CSR
glCanvas.js:1127 [BENCHMARK] 1654767426452,CSR
glCanvas.js:1127 [BENCHMARK] 1654767426453,CSR
glCanvas.js:1127 [BENCHMARK] 1654767426454,CSR
glCanvas.js:1127 [BENCHMARK] 1654767426455,CSR
glCanvas.js:1127 [BENCHMARK] 1654767426455,CSR
glCanvas.js:1127 [BENCHMARK] 1654767426668,CSR
glCanvas.js:1127 [BENCHMARK] 1654767426670,CSR
glCanvas.js:1127 [BENCHMARK] 1654767426676,CSR
glCanvas.js:1127 [BENCHMARK] 1654767426678,CSR
glCanvas.js:1127 [BENCHMARK] 1654767426681,CSR
glCanvas.js:1127 [BENCHMARK] 1654767426683,CSR
glCanvas.js:1127 [BENCHMARK] 1654767426687,CSR
glCanvas.js:1127 [BENCHMARK] 1654767426688,CSR
glCanvas.js:1127 [BENCHMARK] 1654767426716,CSR
glCanvas.js:1127 [BENCHMARK] 1654767426718,CSR
glCanvas.js:1127 [BENCHMARK] 1654767426719,CSR
glCanvas.js:1127 [BENCHMARK] 1654767426720,CSR
glCanvas.js:1127 [BENCHMARK] 1654767426721,CSR
glCanvas.js:1127 [BENCHMARK] 1654767426721,CSR
glCanvas.js:1127 [BENCHMARK] 1654767426722,CSR
glCanvas.js:1127 [BENCHMARK] 1654767426722,CSR
glCanvas.js:1127 [BENCHMARK] 1654767426723,CSR
glCanvas.js:1127 [BENCHMARK] 1654767426723,CSR
glCanvas.js:1127 [BENCHMARK] 1654767426724,CSR
glCanvas.js:1127 [BENCHMARK] 1654767426724,CSR
glCanvas.js:1127 [BENCHMARK] 1654767426727,CSR
glCanvas.js:1127 [BENCHMARK] 1654767426728,CSR
glCanvas.js:1127 [BENCHMARK] 1654767426732,CSR
glCanvas.js:1127 [BENCHMARK] 1654767426733,CSR
