glCanvas.js:1107 [BENCHMARK] 1654768806897,X
glCanvas.js:1107 [BENCHMARK] 1654768806903,X
glCanvas.js:1107 [BENCHMARK] 1654768806906,X
glCanvas.js:1107 [BENCHMARK] 1654768807083,X
glCanvas.js:1107 [BENCHMARK] 1654768807284,X
glCanvas.js:1107 [BENCHMARK] 1654768807369,X
glCanvas.js:1107 [BENCHMARK] 1654768807371,X
glCanvas.js:1107 [BENCHMARK] 1654768807375,X
glCanvas.js:1107 [BENCHMARK] 1654768807377,X
glCanvas.js:1107 [BENCHMARK] 1654768807381,X
glCanvas.js:1107 [BENCHMARK] 1654768807384,X
glCanvas.js:1127 [BENCHMARK] 1654768807585,CSR
manager.js:159 [BENCHMARK] 1654768814264,firstRender
glCanvas.js:1127 [BENCHMARK] 1654768814286,CSR
glCanvas.js:1127 [BENCHMARK] 1654768814291,CSR
glCanvas.js:1127 [BENCHMARK] 1654768814304,CSR
glCanvas.js:1127 [BENCHMARK] 1654768814309,CSR
glCanvas.js:1127 [BENCHMARK] 1654768814313,CSR
glCanvas.js:1127 [BENCHMARK] 1654768814345,CSR
glCanvas.js:1127 [BENCHMARK] 1654768814350,CSR
glCanvas.js:1127 [BENCHMARK] 1654768814354,CSR
glCanvas.js:1127 [BENCHMARK] 1654768814359,CSR
glCanvas.js:1127 [BENCHMARK] 1654768814368,CSR
glCanvas.js:1127 [BENCHMARK] 1654768814384,CSR
glCanvas.js:1127 [BENCHMARK] 1654768814388,CSR
glCanvas.js:1127 [BENCHMARK] 1654768814501,CSR
glCanvas.js:1127 [BENCHMARK] 1654768814565,CSR
glCanvas.js:1127 [BENCHMARK] 1654768814734,CSR
glCanvas.js:1127 [BENCHMARK] 1654768814780,CSR
glCanvas.js:1127 [BENCHMARK] 1654768814821,CSR
glCanvas.js:1127 [BENCHMARK] 1654768814864,CSR
glCanvas.js:1127 [BENCHMARK] 1654768814902,CSR
glCanvas.js:1127 [BENCHMARK] 1654768814948,CSR
glCanvas.js:1127 [BENCHMARK] 1654768814991,CSR
glCanvas.js:1127 [BENCHMARK] 1654768815031,CSR
glCanvas.js:1127 [BENCHMARK] 1654768815076,CSR
glCanvas.js:1127 [BENCHMARK] 1654768815127,CSR
glCanvas.js:1127 [BENCHMARK] 1654768815169,CSR
glCanvas.js:1127 [BENCHMARK] 1654768815215,CSR
glCanvas.js:1127 [BENCHMARK] 1654768815441,CSR
glCanvas.js:1127 [BENCHMARK] 1654768815469,CSR
glCanvas.js:1127 [BENCHMARK] 1654768815470,CSR
glCanvas.js:1127 [BENCHMARK] 1654768815511,CSR
glCanvas.js:1127 [BENCHMARK] 1654768815512,CSR
glCanvas.js:1127 [BENCHMARK] 1654768815545,CSR
glCanvas.js:1127 [BENCHMARK] 1654768815546,CSR
glCanvas.js:1127 [BENCHMARK] 1654768815577,CSR
glCanvas.js:1127 [BENCHMARK] 1654768815578,CSR
glCanvas.js:1127 [BENCHMARK] 1654768815608,CSR
glCanvas.js:1127 [BENCHMARK] 1654768815609,CSR
glCanvas.js:1127 [BENCHMARK] 1654768815638,CSR
glCanvas.js:1127 [BENCHMARK] 1654768815639,CSR
glCanvas.js:1127 [BENCHMARK] 1654768815652,CSR
glCanvas.js:1127 [BENCHMARK] 1654768815669,CSR
glCanvas.js:1127 [BENCHMARK] 1654768815670,CSR
glCanvas.js:1127 [BENCHMARK] 1654768815700,CSR
glCanvas.js:1127 [BENCHMARK] 1654768815701,CSR
glCanvas.js:1127 [BENCHMARK] 1654768815732,CSR
glCanvas.js:1127 [BENCHMARK] 1654768815732,CSR
glCanvas.js:1127 [BENCHMARK] 1654768815762,CSR
glCanvas.js:1127 [BENCHMARK] 1654768815764,CSR
glCanvas.js:1127 [BENCHMARK] 1654768815997,CSR
glCanvas.js:1127 [BENCHMARK] 1654768815998,CSR
glCanvas.js:1127 [BENCHMARK] 1654768816028,CSR
glCanvas.js:1127 [BENCHMARK] 1654768816028,CSR
glCanvas.js:1127 [BENCHMARK] 1654768816059,CSR
glCanvas.js:1127 [BENCHMARK] 1654768816060,CSR
glCanvas.js:1127 [BENCHMARK] 1654768816089,CSR
glCanvas.js:1127 [BENCHMARK] 1654768816090,CSR
glCanvas.js:1127 [BENCHMARK] 1654768816119,CSR
glCanvas.js:1127 [BENCHMARK] 1654768816120,CSR
glCanvas.js:1127 [BENCHMARK] 1654768816150,CSR
glCanvas.js:1127 [BENCHMARK] 1654768816151,CSR
glCanvas.js:1127 [BENCHMARK] 1654768816323,CSR
glCanvas.js:1127 [BENCHMARK] 1654768816325,CSR
glCanvas.js:1127 [BENCHMARK] 1654768816326,CSR
glCanvas.js:1127 [BENCHMARK] 1654768816327,CSR
glCanvas.js:1127 [BENCHMARK] 1654768816328,CSR
glCanvas.js:1127 [BENCHMARK] 1654768816328,CSR
glCanvas.js:1127 [BENCHMARK] 1654768816329,CSR
glCanvas.js:1127 [BENCHMARK] 1654768816330,CSR
glCanvas.js:1107 [BENCHMARK] 1654768816507,X
glCanvas.js:1107 [BENCHMARK] 1654768816508,X
glCanvas.js:1107 [BENCHMARK] 1654768816538,X
glCanvas.js:1107 [BENCHMARK] 1654768816539,X
glCanvas.js:1127 [BENCHMARK] 1654768816569,CSR
glCanvas.js:1127 [BENCHMARK] 1654768816570,CSR
glCanvas.js:1107 [BENCHMARK] 1654768816599,X
glCanvas.js:1107 [BENCHMARK] 1654768816600,X
glCanvas.js:1107 [BENCHMARK] 1654768816630,X
glCanvas.js:1107 [BENCHMARK] 1654768816631,X
glCanvas.js:1107 [BENCHMARK] 1654768816660,X
glCanvas.js:1107 [BENCHMARK] 1654768816661,X
glCanvas.js:1107 [BENCHMARK] 1654768816691,X
glCanvas.js:1107 [BENCHMARK] 1654768816692,X
glCanvas.js:1107 [BENCHMARK] 1654768816721,X
glCanvas.js:1107 [BENCHMARK] 1654768816722,X
glCanvas.js:1107 [BENCHMARK] 1654768816752,X
glCanvas.js:1107 [BENCHMARK] 1654768816753,X
glCanvas.js:1107 [BENCHMARK] 1654768816783,X
glCanvas.js:1107 [BENCHMARK] 1654768816783,X
glCanvas.js:1107 [BENCHMARK] 1654768817040,X
glCanvas.js:1127 [BENCHMARK] 1654768817270,SSR
glCanvas.js:1127 [BENCHMARK] 1654768817291,SSR
glCanvas.js:1127 [BENCHMARK] 1654768817294,CSR
glCanvas.js:1127 [BENCHMARK] 1654768817295,CSR
glCanvas.js:1127 [BENCHMARK] 1654768817300,CSR
glCanvas.js:1127 [BENCHMARK] 1654768817318,CSR
glCanvas.js:1127 [BENCHMARK] 1654768817320,CSR
glCanvas.js:1127 [BENCHMARK] 1654768817322,CSR
glCanvas.js:1127 [BENCHMARK] 1654768817341,CSR
glCanvas.js:1127 [BENCHMARK] 1654768817343,CSR
glCanvas.js:1127 [BENCHMARK] 1654768817464,CSR
glCanvas.js:1127 [BENCHMARK] 1654768817508,CSR
glCanvas.js:1127 [BENCHMARK] 1654768817510,CSR
glCanvas.js:1127 [BENCHMARK] 1654768817511,CSR
glCanvas.js:1127 [BENCHMARK] 1654768817518,CSR
glCanvas.js:1127 [BENCHMARK] 1654768817527,CSR
glCanvas.js:1127 [BENCHMARK] 1654768817529,CSR
glCanvas.js:1127 [BENCHMARK] 1654768817535,CSR
glCanvas.js:1127 [BENCHMARK] 1654768817582,CSR
glCanvas.js:1127 [BENCHMARK] 1654768817602,CSR
glCanvas.js:1127 [BENCHMARK] 1654768817695,CSR
glCanvas.js:1127 [BENCHMARK] 1654768817736,CSR
glCanvas.js:1127 [BENCHMARK] 1654768817743,CSR
glCanvas.js:1127 [BENCHMARK] 1654768817746,CSR
glCanvas.js:1127 [BENCHMARK] 1654768817750,CSR
glCanvas.js:1127 [BENCHMARK] 1654768817752,CSR
glCanvas.js:1127 [BENCHMARK] 1654768817778,CSR
glCanvas.js:1127 [BENCHMARK] 1654768817780,CSR
glCanvas.js:1127 [BENCHMARK] 1654768817789,CSR
glCanvas.js:1127 [BENCHMARK] 1654768817840,CSR
glCanvas.js:1127 [BENCHMARK] 1654768817894,CSR
glCanvas.js:1127 [BENCHMARK] 1654768817902,CSR
glCanvas.js:1127 [BENCHMARK] 1654768817921,CSR
glCanvas.js:1127 [BENCHMARK] 1654768817941,CSR
glCanvas.js:1127 [BENCHMARK] 1654768817948,CSR
glCanvas.js:1127 [BENCHMARK] 1654768817957,CSR
glCanvas.js:1127 [BENCHMARK] 1654768817963,CSR
glCanvas.js:1127 [BENCHMARK] 1654768817965,CSR
glCanvas.js:1127 [BENCHMARK] 1654768817988,CSR
glCanvas.js:1127 [BENCHMARK] 1654768817990,CSR
glCanvas.js:1127 [BENCHMARK] 1654768817996,CSR
glCanvas.js:1127 [BENCHMARK] 1654768818022,CSR
glCanvas.js:1127 [BENCHMARK] 1654768818103,CSR
glCanvas.js:1127 [BENCHMARK] 1654768818116,CSR
glCanvas.js:1127 [BENCHMARK] 1654768818123,CSR
glCanvas.js:1127 [BENCHMARK] 1654768818155,CSR
glCanvas.js:1127 [BENCHMARK] 1654768818164,CSR
glCanvas.js:1127 [BENCHMARK] 1654768818167,CSR
glCanvas.js:1127 [BENCHMARK] 1654768818174,CSR
glCanvas.js:1127 [BENCHMARK] 1654768818175,CSR
glCanvas.js:1127 [BENCHMARK] 1654768818193,CSR
glCanvas.js:1127 [BENCHMARK] 1654768818198,CSR
glCanvas.js:1127 [BENCHMARK] 1654768818204,CSR
glCanvas.js:1127 [BENCHMARK] 1654768818223,CSR
glCanvas.js:1127 [BENCHMARK] 1654768818308,CSR
glCanvas.js:1127 [BENCHMARK] 1654768818324,CSR
glCanvas.js:1127 [BENCHMARK] 1654768818327,CSR
glCanvas.js:1127 [BENCHMARK] 1654768818363,CSR
glCanvas.js:1127 [BENCHMARK] 1654768818374,CSR
glCanvas.js:1127 [BENCHMARK] 1654768818376,CSR
glCanvas.js:1127 [BENCHMARK] 1654768818380,CSR
glCanvas.js:1127 [BENCHMARK] 1654768818384,CSR
glCanvas.js:1127 [BENCHMARK] 1654768818399,CSR
glCanvas.js:1127 [BENCHMARK] 1654768818404,CSR
glCanvas.js:1127 [BENCHMARK] 1654768818411,CSR
glCanvas.js:1127 [BENCHMARK] 1654768818425,CSR
glCanvas.js:1127 [BENCHMARK] 1654768818517,CSR
glCanvas.js:1127 [BENCHMARK] 1654768818551,CSR
glCanvas.js:1127 [BENCHMARK] 1654768818578,CSR
glCanvas.js:1127 [BENCHMARK] 1654768818607,CSR
glCanvas.js:1127 [BENCHMARK] 1654768818612,CSR
glCanvas.js:1127 [BENCHMARK] 1654768818616,CSR
glCanvas.js:1127 [BENCHMARK] 1654768818620,CSR
glCanvas.js:1127 [BENCHMARK] 1654768818646,CSR
filmbox2.js:1550 [BENCHMARK] 1654768818647,fullLoad
glCanvas.js:1127 [BENCHMARK] 1654768818649,CSR
glCanvas.js:1127 [BENCHMARK] 1654768818674,CSR
glCanvas.js:1127 [BENCHMARK] 1654768819680,CSR
glCanvas.js:1127 [BENCHMARK] 1654768821531,CSR
glCanvas.js:1127 [BENCHMARK] 1654768821531,CSR
glCanvas.js:1127 [BENCHMARK] 1654768821731,CSR
glCanvas.js:1127 [BENCHMARK] 1654768821732,CSR
glCanvas.js:1127 [BENCHMARK] 1654768821932,CSR
glCanvas.js:1127 [BENCHMARK] 1654768821933,CSR
glCanvas.js:1127 [BENCHMARK] 1654768822133,CSR
glCanvas.js:1127 [BENCHMARK] 1654768822133,CSR
glCanvas.js:1127 [BENCHMARK] 1654768822334,CSR
glCanvas.js:1127 [BENCHMARK] 1654768822335,CSR
glCanvas.js:1127 [BENCHMARK] 1654768822584,CSR
glCanvas.js:1127 [BENCHMARK] 1654768823538,CSR
glCanvas.js:1127 [BENCHMARK] 1654768823539,CSR
glCanvas.js:1127 [BENCHMARK] 1654768823609,CSR
glCanvas.js:1127 [BENCHMARK] 1654768823610,CSR
glCanvas.js:1127 [BENCHMARK] 1654768823680,CSR
glCanvas.js:1127 [BENCHMARK] 1654768823681,CSR
glCanvas.js:1127 [BENCHMARK] 1654768823751,CSR
glCanvas.js:1127 [BENCHMARK] 1654768823752,CSR
glCanvas.js:1127 [BENCHMARK] 1654768823822,CSR
glCanvas.js:1127 [BENCHMARK] 1654768823822,CSR
glCanvas.js:1127 [BENCHMARK] 1654768823893,CSR
glCanvas.js:1127 [BENCHMARK] 1654768823894,CSR
glCanvas.js:1127 [BENCHMARK] 1654768823964,CSR
glCanvas.js:1127 [BENCHMARK] 1654768823965,CSR
glCanvas.js:1127 [BENCHMARK] 1654768824216,CSR
glCanvas.js:1127 [BENCHMARK] 1654768825224,CSR
glCanvas.js:1127 [BENCHMARK] 1654768826039,CSR
glCanvas.js:1127 [BENCHMARK] 1654768826040,CSR
glCanvas.js:1127 [BENCHMARK] 1654768826109,CSR
glCanvas.js:1127 [BENCHMARK] 1654768826110,CSR
glCanvas.js:1127 [BENCHMARK] 1654768826180,CSR
glCanvas.js:1127 [BENCHMARK] 1654768826181,CSR
glCanvas.js:1127 [BENCHMARK] 1654768826250,CSR
glCanvas.js:1127 [BENCHMARK] 1654768826251,CSR
glCanvas.js:1127 [BENCHMARK] 1654768826321,CSR
glCanvas.js:1127 [BENCHMARK] 1654768826322,CSR
glCanvas.js:1127 [BENCHMARK] 1654768826392,CSR
glCanvas.js:1127 [BENCHMARK] 1654768826393,CSR
glCanvas.js:1127 [BENCHMARK] 1654768826463,CSR
glCanvas.js:1127 [BENCHMARK] 1654768826464,CSR
glCanvas.js:1127 [BENCHMARK] 1654768826533,CSR
glCanvas.js:1127 [BENCHMARK] 1654768826534,CSR
glCanvas.js:1127 [BENCHMARK] 1654768826604,CSR
glCanvas.js:1127 [BENCHMARK] 1654768826605,CSR
glCanvas.js:1127 [BENCHMARK] 1654768826675,CSR
glCanvas.js:1127 [BENCHMARK] 1654768826676,CSR
glCanvas.js:1127 [BENCHMARK] 1654768826928,CSR
glCanvas.js:1127 [BENCHMARK] 1654768826952,CSR
glCanvas.js:1127 [BENCHMARK] 1654768826956,CSR
glCanvas.js:1127 [BENCHMARK] 1654768826984,CSR
glCanvas.js:1127 [BENCHMARK] 1654768826987,CSR
glCanvas.js:1127 [BENCHMARK] 1654768827016,CSR
glCanvas.js:1127 [BENCHMARK] 1654768827019,CSR
glCanvas.js:1127 [BENCHMARK] 1654768827047,CSR
glCanvas.js:1127 [BENCHMARK] 1654768827050,CSR
glCanvas.js:1127 [BENCHMARK] 1654768827080,CSR
glCanvas.js:1127 [BENCHMARK] 1654768827083,CSR
glCanvas.js:1127 [BENCHMARK] 1654768827112,CSR
glCanvas.js:1127 [BENCHMARK] 1654768827118,CSR
glCanvas.js:1127 [BENCHMARK] 1654768827141,CSR
glCanvas.js:1127 [BENCHMARK] 1654768827142,CSR
glCanvas.js:1127 [BENCHMARK] 1654768827428,CSR
glCanvas.js:1127 [BENCHMARK] 1654768827429,CSR
glCanvas.js:1127 [BENCHMARK] 1654768827430,CSR
glCanvas.js:1127 [BENCHMARK] 1654768827431,CSR
glCanvas.js:1127 [BENCHMARK] 1654768827432,CSR
glCanvas.js:1127 [BENCHMARK] 1654768827457,CSR
glCanvas.js:1127 [BENCHMARK] 1654768827467,CSR
glCanvas.js:1127 [BENCHMARK] 1654768827468,CSR
glCanvas.js:1127 [BENCHMARK] 1654768827498,CSR
glCanvas.js:1127 [BENCHMARK] 1654768827499,CSR
glCanvas.js:1127 [BENCHMARK] 1654768827529,CSR
glCanvas.js:1127 [BENCHMARK] 1654768827529,CSR
glCanvas.js:1127 [BENCHMARK] 1654768827559,CSR
glCanvas.js:1127 [BENCHMARK] 1654768827561,CSR
glCanvas.js:1127 [BENCHMARK] 1654768827590,CSR
glCanvas.js:1127 [BENCHMARK] 1654768827591,CSR
glCanvas.js:1127 [BENCHMARK] 1654768827621,CSR
glCanvas.js:1127 [BENCHMARK] 1654768827622,CSR
glCanvas.js:1127 [BENCHMARK] 1654768827652,CSR
glCanvas.js:1127 [BENCHMARK] 1654768827653,CSR
glCanvas.js:1127 [BENCHMARK] 1654768827684,CSR
glCanvas.js:1127 [BENCHMARK] 1654768827685,CSR
glCanvas.js:1127 [BENCHMARK] 1654768827714,CSR
glCanvas.js:1127 [BENCHMARK] 1654768827715,CSR
glCanvas.js:1127 [BENCHMARK] 1654768827745,CSR
glCanvas.js:1127 [BENCHMARK] 1654768827746,CSR
glCanvas.js:1127 [BENCHMARK] 1654768828000,CSR
glCanvas.js:1127 [BENCHMARK] 1654768829008,CSR
glCanvas.js:1127 [BENCHMARK] 1654768830779,CSR
glCanvas.js:1127 [BENCHMARK] 1654768830979,CSR
glCanvas.js:1127 [BENCHMARK] 1654768831180,CSR
glCanvas.js:1127 [BENCHMARK] 1654768831381,CSR
glCanvas.js:1127 [BENCHMARK] 1654768831582,CSR
glCanvas.js:1127 [BENCHMARK] 1654768831832,CSR
glCanvas.js:1127 [BENCHMARK] 1654768832786,CSR
glCanvas.js:1127 [BENCHMARK] 1654768832856,CSR
glCanvas.js:1127 [BENCHMARK] 1654768832928,CSR
glCanvas.js:1127 [BENCHMARK] 1654768832998,CSR
glCanvas.js:1127 [BENCHMARK] 1654768833069,CSR
glCanvas.js:1127 [BENCHMARK] 1654768833140,CSR
glCanvas.js:1127 [BENCHMARK] 1654768833211,CSR
glCanvas.js:1127 [BENCHMARK] 1654768833281,CSR
glCanvas.js:1127 [BENCHMARK] 1654768833352,CSR
glCanvas.js:1127 [BENCHMARK] 1654768833423,CSR
glCanvas.js:1127 [BENCHMARK] 1654768833680,CSR
glCanvas.js:1127 [BENCHMARK] 1654768833697,CSR
glCanvas.js:1127 [BENCHMARK] 1654768833767,CSR
glCanvas.js:1127 [BENCHMARK] 1654768833838,CSR
glCanvas.js:1127 [BENCHMARK] 1654768833909,CSR
glCanvas.js:1127 [BENCHMARK] 1654768833980,CSR
glCanvas.js:1127 [BENCHMARK] 1654768834051,CSR
glCanvas.js:1127 [BENCHMARK] 1654768834122,CSR
glCanvas.js:1127 [BENCHMARK] 1654768834193,CSR
glCanvas.js:1127 [BENCHMARK] 1654768834263,CSR
glCanvas.js:1127 [BENCHMARK] 1654768834334,CSR
glCanvas.js:1127 [BENCHMARK] 1654768834584,CSR
glCanvas.js:1127 [BENCHMARK] 1654768835408,CSR
glCanvas.js:1127 [BENCHMARK] 1654768835409,CSR
glCanvas.js:1127 [BENCHMARK] 1654768835438,CSR
glCanvas.js:1127 [BENCHMARK] 1654768835439,CSR
glCanvas.js:1127 [BENCHMARK] 1654768835469,CSR
glCanvas.js:1127 [BENCHMARK] 1654768835470,CSR
glCanvas.js:1127 [BENCHMARK] 1654768835500,CSR
glCanvas.js:1127 [BENCHMARK] 1654768835500,CSR
glCanvas.js:1127 [BENCHMARK] 1654768835530,CSR
glCanvas.js:1127 [BENCHMARK] 1654768835531,CSR
glCanvas.js:1127 [BENCHMARK] 1654768835561,CSR
glCanvas.js:1127 [BENCHMARK] 1654768835562,CSR
glCanvas.js:1127 [BENCHMARK] 1654768835592,CSR
glCanvas.js:1127 [BENCHMARK] 1654768835592,CSR
glCanvas.js:1127 [BENCHMARK] 1654768835623,CSR
glCanvas.js:1127 [BENCHMARK] 1654768835624,CSR
glCanvas.js:1127 [BENCHMARK] 1654768835653,CSR
glCanvas.js:1127 [BENCHMARK] 1654768835654,CSR
glCanvas.js:1127 [BENCHMARK] 1654768835684,CSR
glCanvas.js:1127 [BENCHMARK] 1654768835685,CSR
glCanvas.js:1127 [BENCHMARK] 1654768835918,CSR
glCanvas.js:1127 [BENCHMARK] 1654768835918,CSR
glCanvas.js:1127 [BENCHMARK] 1654768835949,CSR
glCanvas.js:1127 [BENCHMARK] 1654768835949,CSR
glCanvas.js:1127 [BENCHMARK] 1654768835979,CSR
glCanvas.js:1127 [BENCHMARK] 1654768835980,CSR
glCanvas.js:1127 [BENCHMARK] 1654768836010,CSR
glCanvas.js:1127 [BENCHMARK] 1654768836011,CSR
glCanvas.js:1127 [BENCHMARK] 1654768836041,CSR
glCanvas.js:1127 [BENCHMARK] 1654768836042,CSR
glCanvas.js:1127 [BENCHMARK] 1654768836072,CSR
glCanvas.js:1127 [BENCHMARK] 1654768836072,CSR
glCanvas.js:1127 [BENCHMARK] 1654768836102,CSR
glCanvas.js:1127 [BENCHMARK] 1654768836103,CSR
glCanvas.js:1127 [BENCHMARK] 1654768836136,CSR
glCanvas.js:1127 [BENCHMARK] 1654768836138,CSR
glCanvas.js:1127 [BENCHMARK] 1654768836165,CSR
glCanvas.js:1127 [BENCHMARK] 1654768836168,CSR
glCanvas.js:1127 [BENCHMARK] 1654768836211,CSR
glCanvas.js:1127 [BENCHMARK] 1654768836213,CSR
glCanvas.js:1127 [BENCHMARK] 1654768836445,CSR
glCanvas.js:1127 [BENCHMARK] 1654768836445,CSR
glCanvas.js:1127 [BENCHMARK] 1654768836475,CSR
glCanvas.js:1127 [BENCHMARK] 1654768836475,CSR
glCanvas.js:1127 [BENCHMARK] 1654768836505,CSR
glCanvas.js:1127 [BENCHMARK] 1654768836508,CSR
glCanvas.js:1127 [BENCHMARK] 1654768836536,CSR
glCanvas.js:1127 [BENCHMARK] 1654768836536,CSR
glCanvas.js:1127 [BENCHMARK] 1654768836566,CSR
glCanvas.js:1127 [BENCHMARK] 1654768836567,CSR
glCanvas.js:1127 [BENCHMARK] 1654768836597,CSR
glCanvas.js:1127 [BENCHMARK] 1654768836598,CSR
glCanvas.js:1127 [BENCHMARK] 1654768836628,CSR
glCanvas.js:1127 [BENCHMARK] 1654768836629,CSR
glCanvas.js:1127 [BENCHMARK] 1654768836658,CSR
glCanvas.js:1127 [BENCHMARK] 1654768836659,CSR
glCanvas.js:1127 [BENCHMARK] 1654768836689,CSR
glCanvas.js:1127 [BENCHMARK] 1654768836690,CSR
glCanvas.js:1127 [BENCHMARK] 1654768836719,CSR
glCanvas.js:1127 [BENCHMARK] 1654768836720,CSR
glCanvas.js:1127 [BENCHMARK] 1654768836976,CSR
glCanvas.js:1127 [BENCHMARK] 1654768837984,CSR
glCanvas.js:1127 [BENCHMARK] 1654768839753,CSR
glCanvas.js:1127 [BENCHMARK] 1654768839756,CSR
glCanvas.js:1127 [BENCHMARK] 1654768839954,CSR
glCanvas.js:1127 [BENCHMARK] 1654768839955,CSR
glCanvas.js:1127 [BENCHMARK] 1654768840155,CSR
glCanvas.js:1127 [BENCHMARK] 1654768840156,CSR
glCanvas.js:1127 [BENCHMARK] 1654768840408,CSR
glCanvas.js:1127 [BENCHMARK] 1654768841417,CSR
glCanvas.js:1127 [BENCHMARK] 1654768843360,CSR
glCanvas.js:1127 [BENCHMARK] 1654768843461,CSR
glCanvas.js:1127 [BENCHMARK] 1654768843562,CSR
glCanvas.js:1127 [BENCHMARK] 1654768843663,CSR
glCanvas.js:1127 [BENCHMARK] 1654768843764,CSR
glCanvas.js:1127 [BENCHMARK] 1654768844016,CSR
glCanvas.js:1127 [BENCHMARK] 1654768844067,CSR
glCanvas.js:1127 [BENCHMARK] 1654768844168,CSR
glCanvas.js:1127 [BENCHMARK] 1654768844269,CSR
glCanvas.js:1127 [BENCHMARK] 1654768844370,CSR
glCanvas.js:1127 [BENCHMARK] 1654768844471,CSR
glCanvas.js:1127 [BENCHMARK] 1654768844572,CSR
glCanvas.js:1127 [BENCHMARK] 1654768844672,CSR
glCanvas.js:1127 [BENCHMARK] 1654768844773,CSR
glCanvas.js:1127 [BENCHMARK] 1654768844875,CSR
glCanvas.js:1127 [BENCHMARK] 1654768844976,CSR
glCanvas.js:1127 [BENCHMARK] 1654768845232,CSR
glCanvas.js:1127 [BENCHMARK] 1654768845279,CSR
glCanvas.js:1127 [BENCHMARK] 1654768845350,CSR
glCanvas.js:1127 [BENCHMARK] 1654768845421,CSR
glCanvas.js:1127 [BENCHMARK] 1654768845492,CSR
glCanvas.js:1127 [BENCHMARK] 1654768845562,CSR
glCanvas.js:1127 [BENCHMARK] 1654768845633,CSR
glCanvas.js:1127 [BENCHMARK] 1654768845704,CSR
glCanvas.js:1127 [BENCHMARK] 1654768845775,CSR
glCanvas.js:1127 [BENCHMARK] 1654768845845,CSR
glCanvas.js:1127 [BENCHMARK] 1654768845916,CSR
glCanvas.js:1127 [BENCHMARK] 1654768846168,CSR
glCanvas.js:1127 [BENCHMARK] 1654768847176,CSR
glCanvas.js:1127 [BENCHMARK] 1654768849991,CSR
glCanvas.js:1127 [BENCHMARK] 1654768849992,CSR
glCanvas.js:1127 [BENCHMARK] 1654768850020,CSR
glCanvas.js:1127 [BENCHMARK] 1654768850021,CSR
glCanvas.js:1127 [BENCHMARK] 1654768850051,CSR
glCanvas.js:1127 [BENCHMARK] 1654768850052,CSR
glCanvas.js:1127 [BENCHMARK] 1654768850083,CSR
glCanvas.js:1127 [BENCHMARK] 1654768850084,CSR
glCanvas.js:1127 [BENCHMARK] 1654768850113,CSR
glCanvas.js:1127 [BENCHMARK] 1654768850114,CSR
glCanvas.js:1127 [BENCHMARK] 1654768850143,CSR
glCanvas.js:1127 [BENCHMARK] 1654768850144,CSR
glCanvas.js:1127 [BENCHMARK] 1654768850174,CSR
glCanvas.js:1127 [BENCHMARK] 1654768850175,CSR
glCanvas.js:1127 [BENCHMARK] 1654768850205,CSR
glCanvas.js:1127 [BENCHMARK] 1654768850206,CSR
glCanvas.js:1127 [BENCHMARK] 1654768850236,CSR
glCanvas.js:1127 [BENCHMARK] 1654768850237,CSR
glCanvas.js:1127 [BENCHMARK] 1654768850266,CSR
glCanvas.js:1127 [BENCHMARK] 1654768850267,CSR
glCanvas.js:1127 [BENCHMARK] 1654768850500,CSR
glCanvas.js:1127 [BENCHMARK] 1654768850501,CSR
glCanvas.js:1127 [BENCHMARK] 1654768850531,CSR
glCanvas.js:1127 [BENCHMARK] 1654768850532,CSR
glCanvas.js:1127 [BENCHMARK] 1654768850562,CSR
glCanvas.js:1127 [BENCHMARK] 1654768850563,CSR
glCanvas.js:1127 [BENCHMARK] 1654768850592,CSR
glCanvas.js:1127 [BENCHMARK] 1654768850593,CSR
glCanvas.js:1127 [BENCHMARK] 1654768850623,CSR
glCanvas.js:1127 [BENCHMARK] 1654768850624,CSR
glCanvas.js:1127 [BENCHMARK] 1654768850653,CSR
glCanvas.js:1127 [BENCHMARK] 1654768850654,CSR
glCanvas.js:1127 [BENCHMARK] 1654768850684,CSR
glCanvas.js:1127 [BENCHMARK] 1654768850685,CSR
glCanvas.js:1127 [BENCHMARK] 1654768850715,CSR
glCanvas.js:1127 [BENCHMARK] 1654768850716,CSR
glCanvas.js:1127 [BENCHMARK] 1654768850746,CSR
glCanvas.js:1127 [BENCHMARK] 1654768850747,CSR
glCanvas.js:1127 [BENCHMARK] 1654768850776,CSR
glCanvas.js:1127 [BENCHMARK] 1654768850777,CSR
glCanvas.js:1127 [BENCHMARK] 1654768851010,CSR
glCanvas.js:1127 [BENCHMARK] 1654768851011,CSR
glCanvas.js:1127 [BENCHMARK] 1654768851041,CSR
glCanvas.js:1127 [BENCHMARK] 1654768851042,CSR
glCanvas.js:1127 [BENCHMARK] 1654768851072,CSR
glCanvas.js:1127 [BENCHMARK] 1654768851072,CSR
glCanvas.js:1127 [BENCHMARK] 1654768851102,CSR
glCanvas.js:1127 [BENCHMARK] 1654768851103,CSR
glCanvas.js:1127 [BENCHMARK] 1654768851133,CSR
glCanvas.js:1127 [BENCHMARK] 1654768851135,CSR
glCanvas.js:1127 [BENCHMARK] 1654768851164,CSR
glCanvas.js:1127 [BENCHMARK] 1654768851165,CSR
glCanvas.js:1127 [BENCHMARK] 1654768851195,CSR
glCanvas.js:1127 [BENCHMARK] 1654768851196,CSR
glCanvas.js:1127 [BENCHMARK] 1654768851226,CSR
glCanvas.js:1127 [BENCHMARK] 1654768851227,CSR
glCanvas.js:1127 [BENCHMARK] 1654768851256,CSR
glCanvas.js:1127 [BENCHMARK] 1654768851257,CSR
glCanvas.js:1127 [BENCHMARK] 1654768851287,CSR
glCanvas.js:1127 [BENCHMARK] 1654768851288,CSR
glCanvas.js:1127 [BENCHMARK] 1654768851544,CSR
glCanvas.js:1127 [BENCHMARK] 1654768852321,CSR
glCanvas.js:1127 [BENCHMARK] 1654768852422,CSR
glCanvas.js:1127 [BENCHMARK] 1654768852523,CSR
glCanvas.js:1127 [BENCHMARK] 1654768852623,CSR
glCanvas.js:1127 [BENCHMARK] 1654768852724,CSR
glCanvas.js:1127 [BENCHMARK] 1654768852825,CSR
glCanvas.js:1127 [BENCHMARK] 1654768852926,CSR
glCanvas.js:1127 [BENCHMARK] 1654768853176,CSR
glCanvas.js:1127 [BENCHMARK] 1654768854184,CSR
glCanvas.js:1127 [BENCHMARK] 1654768856031,CSR
glCanvas.js:1127 [BENCHMARK] 1654768856032,CSR
glCanvas.js:1127 [BENCHMARK] 1654768856231,CSR
glCanvas.js:1127 [BENCHMARK] 1654768856232,CSR
glCanvas.js:1127 [BENCHMARK] 1654768856432,CSR
glCanvas.js:1127 [BENCHMARK] 1654768856433,CSR
glCanvas.js:1127 [BENCHMARK] 1654768856634,CSR
glCanvas.js:1127 [BENCHMARK] 1654768856634,CSR
glCanvas.js:1127 [BENCHMARK] 1654768856834,CSR
glCanvas.js:1127 [BENCHMARK] 1654768856835,CSR
glCanvas.js:1127 [BENCHMARK] 1654768857088,CSR
glCanvas.js:1127 [BENCHMARK] 1654768858097,CSR
glCanvas.js:1127 [BENCHMARK] 1654768862039,CSR
glCanvas.js:1127 [BENCHMARK] 1654768862039,CSR
glCanvas.js:1127 [BENCHMARK] 1654768862109,CSR
glCanvas.js:1127 [BENCHMARK] 1654768862110,CSR
glCanvas.js:1127 [BENCHMARK] 1654768862180,CSR
glCanvas.js:1127 [BENCHMARK] 1654768862181,CSR
glCanvas.js:1127 [BENCHMARK] 1654768862251,CSR
glCanvas.js:1127 [BENCHMARK] 1654768862251,CSR
glCanvas.js:1127 [BENCHMARK] 1654768862321,CSR
glCanvas.js:1127 [BENCHMARK] 1654768862322,CSR
glCanvas.js:1127 [BENCHMARK] 1654768862576,CSR
glCanvas.js:1127 [BENCHMARK] 1654768863584,CSR
glCanvas.js:1127 [BENCHMARK] 1654768864396,CSR
glCanvas.js:1127 [BENCHMARK] 1654768864396,CSR
glCanvas.js:1127 [BENCHMARK] 1654768864426,CSR
glCanvas.js:1127 [BENCHMARK] 1654768864427,CSR
glCanvas.js:1127 [BENCHMARK] 1654768864457,CSR
glCanvas.js:1127 [BENCHMARK] 1654768864458,CSR
glCanvas.js:1127 [BENCHMARK] 1654768864487,CSR
glCanvas.js:1127 [BENCHMARK] 1654768864488,CSR
glCanvas.js:1127 [BENCHMARK] 1654768864518,CSR
glCanvas.js:1127 [BENCHMARK] 1654768864519,CSR
glCanvas.js:1127 [BENCHMARK] 1654768864548,CSR
glCanvas.js:1127 [BENCHMARK] 1654768864549,CSR
glCanvas.js:1127 [BENCHMARK] 1654768864579,CSR
glCanvas.js:1127 [BENCHMARK] 1654768864580,CSR
glCanvas.js:1127 [BENCHMARK] 1654768864610,CSR
glCanvas.js:1127 [BENCHMARK] 1654768864611,CSR
glCanvas.js:1127 [BENCHMARK] 1654768864641,CSR
glCanvas.js:1127 [BENCHMARK] 1654768864642,CSR
glCanvas.js:1127 [BENCHMARK] 1654768864672,CSR
glCanvas.js:1127 [BENCHMARK] 1654768864672,CSR
glCanvas.js:1127 [BENCHMARK] 1654768864702,CSR
glCanvas.js:1127 [BENCHMARK] 1654768864703,CSR
glCanvas.js:1127 [BENCHMARK] 1654768864733,CSR
glCanvas.js:1127 [BENCHMARK] 1654768864734,CSR
glCanvas.js:1127 [BENCHMARK] 1654768864764,CSR
glCanvas.js:1127 [BENCHMARK] 1654768864765,CSR
glCanvas.js:1127 [BENCHMARK] 1654768864998,CSR
glCanvas.js:1127 [BENCHMARK] 1654768864998,CSR
glCanvas.js:1127 [BENCHMARK] 1654768865010,CSR
glCanvas.js:1127 [BENCHMARK] 1654768865011,CSR
glCanvas.js:1127 [BENCHMARK] 1654768865023,CSR
glCanvas.js:1127 [BENCHMARK] 1654768865024,CSR
glCanvas.js:1127 [BENCHMARK] 1654768865036,CSR
glCanvas.js:1127 [BENCHMARK] 1654768865037,CSR
glCanvas.js:1127 [BENCHMARK] 1654768865048,CSR
glCanvas.js:1127 [BENCHMARK] 1654768865049,CSR
glCanvas.js:1127 [BENCHMARK] 1654768865061,CSR
glCanvas.js:1127 [BENCHMARK] 1654768865062,CSR
glCanvas.js:1127 [BENCHMARK] 1654768865074,CSR
glCanvas.js:1127 [BENCHMARK] 1654768865075,CSR
glCanvas.js:1127 [BENCHMARK] 1654768865086,CSR
glCanvas.js:1127 [BENCHMARK] 1654768865087,CSR
glCanvas.js:1127 [BENCHMARK] 1654768865100,CSR
glCanvas.js:1127 [BENCHMARK] 1654768865101,CSR
glCanvas.js:1127 [BENCHMARK] 1654768865113,CSR
glCanvas.js:1127 [BENCHMARK] 1654768865114,CSR
glCanvas.js:1127 [BENCHMARK] 1654768865328,CSR
glCanvas.js:1127 [BENCHMARK] 1654768865329,CSR
glCanvas.js:1127 [BENCHMARK] 1654768865341,CSR
glCanvas.js:1127 [BENCHMARK] 1654768865342,CSR
glCanvas.js:1127 [BENCHMARK] 1654768865353,CSR
glCanvas.js:1127 [BENCHMARK] 1654768865354,CSR
glCanvas.js:1127 [BENCHMARK] 1654768865366,CSR
glCanvas.js:1127 [BENCHMARK] 1654768865366,CSR
glCanvas.js:1127 [BENCHMARK] 1654768865379,CSR
glCanvas.js:1127 [BENCHMARK] 1654768865379,CSR
glCanvas.js:1127 [BENCHMARK] 1654768865391,CSR
glCanvas.js:1127 [BENCHMARK] 1654768865392,CSR
glCanvas.js:1127 [BENCHMARK] 1654768865404,CSR
glCanvas.js:1127 [BENCHMARK] 1654768865404,CSR
glCanvas.js:1127 [BENCHMARK] 1654768865417,CSR
glCanvas.js:1127 [BENCHMARK] 1654768865418,CSR
glCanvas.js:1127 [BENCHMARK] 1654768865429,CSR
glCanvas.js:1127 [BENCHMARK] 1654768865430,CSR
glCanvas.js:1127 [BENCHMARK] 1654768865442,CSR
glCanvas.js:1127 [BENCHMARK] 1654768865443,CSR
glCanvas.js:1127 [BENCHMARK] 1654768865696,CSR
glCanvas.js:1127 [BENCHMARK] 1654768866704,CSR
glCanvas.js:1127 [BENCHMARK] 1654768868458,CSR
glCanvas.js:1127 [BENCHMARK] 1654768868473,CSR
glCanvas.js:1127 [BENCHMARK] 1654768868484,CSR
glCanvas.js:1127 [BENCHMARK] 1654768868496,CSR
glCanvas.js:1127 [BENCHMARK] 1654768868508,CSR
glCanvas.js:1127 [BENCHMARK] 1654768868521,CSR
glCanvas.js:1127 [BENCHMARK] 1654768868534,CSR
glCanvas.js:1127 [BENCHMARK] 1654768868546,CSR
glCanvas.js:1127 [BENCHMARK] 1654768868560,CSR
glCanvas.js:1127 [BENCHMARK] 1654768868572,CSR
glCanvas.js:1127 [BENCHMARK] 1654768868824,CSR
glCanvas.js:1127 [BENCHMARK] 1654768869832,CSR
glCanvas.js:1127 [BENCHMARK] 1654768870588,CSR
glCanvas.js:1127 [BENCHMARK] 1654768870658,CSR
glCanvas.js:1127 [BENCHMARK] 1654768870729,CSR
glCanvas.js:1127 [BENCHMARK] 1654768870800,CSR
glCanvas.js:1127 [BENCHMARK] 1654768870871,CSR
glCanvas.js:1127 [BENCHMARK] 1654768870942,CSR
glCanvas.js:1127 [BENCHMARK] 1654768871013,CSR
glCanvas.js:1127 [BENCHMARK] 1654768871084,CSR
glCanvas.js:1127 [BENCHMARK] 1654768871154,CSR
glCanvas.js:1127 [BENCHMARK] 1654768871225,CSR
glCanvas.js:1127 [BENCHMARK] 1654768871480,CSR
glCanvas.js:1127 [BENCHMARK] 1654768871499,CSR
glCanvas.js:1127 [BENCHMARK] 1654768871600,CSR
glCanvas.js:1127 [BENCHMARK] 1654768871701,CSR
glCanvas.js:1127 [BENCHMARK] 1654768871802,CSR
glCanvas.js:1127 [BENCHMARK] 1654768871903,CSR
glCanvas.js:1127 [BENCHMARK] 1654768872160,CSR
glCanvas.js:1127 [BENCHMARK] 1654768873168,CSR
