glCanvas.js:1107 [BENCHMARK] 1654767664098,X
glCanvas.js:1107 [BENCHMARK] 1654767664105,X
glCanvas.js:1107 [BENCHMARK] 1654767664110,X
glCanvas.js:1107 [BENCHMARK] 1654767664129,X
glCanvas.js:1107 [BENCHMARK] 1654767664796,X
glCanvas.js:1127 [BENCHMARK] 1654767664827,SSR
manager.js:159 [BENCHMARK] 1654767666777,firstRender
glCanvas.js:1127 [BENCHMARK] 1654767666784,SSR
glCanvas.js:1127 [BENCHMARK] 1654767666786,SSR
glCanvas.js:1127 [BENCHMARK] 1654767666788,CSR
glCanvas.js:1127 [BENCHMARK] 1654767666790,CSR
glCanvas.js:1127 [BENCHMARK] 1654767666828,CSR
glCanvas.js:1127 [BENCHMARK] 1654767666831,CSR
glCanvas.js:1127 [BENCHMARK] 1654767666833,CSR
glCanvas.js:1127 [BENCHMARK] 1654767666869,CSR
glCanvas.js:1127 [BENCHMARK] 1654767666874,CSR
glCanvas.js:1127 [BENCHMARK] 1654767666875,CSR
glCanvas.js:1127 [BENCHMARK] 1654767666878,CSR
glCanvas.js:1127 [BENCHMARK] 1654767666881,CSR
glCanvas.js:1127 [BENCHMARK] 1654767666895,CSR
glCanvas.js:1127 [BENCHMARK] 1654767666908,CSR
glCanvas.js:1127 [BENCHMARK] 1654767666936,CSR
glCanvas.js:1127 [BENCHMARK] 1654767666938,CSR
glCanvas.js:1127 [BENCHMARK] 1654767666942,CSR
glCanvas.js:1127 [BENCHMARK] 1654767666944,CSR
glCanvas.js:1127 [BENCHMARK] 1654767666947,CSR
glCanvas.js:1127 [BENCHMARK] 1654767666949,CSR
glCanvas.js:1127 [BENCHMARK] 1654767667078,CSR
glCanvas.js:1127 [BENCHMARK] 1654767667181,CSR
glCanvas.js:1127 [BENCHMARK] 1654767667217,CSR
glCanvas.js:1127 [BENCHMARK] 1654767667255,CSR
glCanvas.js:1127 [BENCHMARK] 1654767667294,CSR
glCanvas.js:1127 [BENCHMARK] 1654767667331,CSR
glCanvas.js:1127 [BENCHMARK] 1654767667370,CSR
glCanvas.js:1127 [BENCHMARK] 1654767667406,CSR
glCanvas.js:1127 [BENCHMARK] 1654767667443,CSR
glCanvas.js:1127 [BENCHMARK] 1654767667492,CSR
glCanvas.js:1127 [BENCHMARK] 1654767667526,CSR
glCanvas.js:1127 [BENCHMARK] 1654767667678,CSR
glCanvas.js:1127 [BENCHMARK] 1654767667791,CSR
glCanvas.js:1127 [BENCHMARK] 1654767667827,CSR
glCanvas.js:1127 [BENCHMARK] 1654767667944,CSR
glCanvas.js:1127 [BENCHMARK] 1654767667984,CSR
glCanvas.js:1127 [BENCHMARK] 1654767667995,CSR
glCanvas.js:1127 [BENCHMARK] 1654767667996,CSR
glCanvas.js:1127 [BENCHMARK] 1654767668022,CSR
glCanvas.js:1127 [BENCHMARK] 1654767668028,CSR
glCanvas.js:1127 [BENCHMARK] 1654767668029,CSR
glCanvas.js:1127 [BENCHMARK] 1654767668059,CSR
glCanvas.js:1127 [BENCHMARK] 1654767668060,CSR
glCanvas.js:1127 [BENCHMARK] 1654767668066,CSR
glCanvas.js:1127 [BENCHMARK] 1654767668091,CSR
glCanvas.js:1127 [BENCHMARK] 1654767668091,CSR
glCanvas.js:1127 [BENCHMARK] 1654767668108,CSR
glCanvas.js:1127 [BENCHMARK] 1654767668121,CSR
glCanvas.js:1127 [BENCHMARK] 1654767668122,CSR
glCanvas.js:1127 [BENCHMARK] 1654767668143,CSR
glCanvas.js:1127 [BENCHMARK] 1654767668152,CSR
glCanvas.js:1127 [BENCHMARK] 1654767668153,CSR
glCanvas.js:1127 [BENCHMARK] 1654767668182,CSR
glCanvas.js:1127 [BENCHMARK] 1654767668184,CSR
glCanvas.js:1127 [BENCHMARK] 1654767668213,CSR
glCanvas.js:1127 [BENCHMARK] 1654767668214,CSR
glCanvas.js:1127 [BENCHMARK] 1654767668244,CSR
glCanvas.js:1127 [BENCHMARK] 1654767668246,CSR
glCanvas.js:1127 [BENCHMARK] 1654767668251,CSR
glCanvas.js:1127 [BENCHMARK] 1654767668275,CSR
glCanvas.js:1127 [BENCHMARK] 1654767668276,CSR
glCanvas.js:1127 [BENCHMARK] 1654767668376,CSR
glCanvas.js:1127 [BENCHMARK] 1654767668420,CSR
glCanvas.js:1127 [BENCHMARK] 1654767668456,CSR
glCanvas.js:1127 [BENCHMARK] 1654767668494,CSR
glCanvas.js:1127 [BENCHMARK] 1654767668511,CSR
glCanvas.js:1127 [BENCHMARK] 1654767668512,CSR
glCanvas.js:1127 [BENCHMARK] 1654767668533,CSR
glCanvas.js:1127 [BENCHMARK] 1654767668540,CSR
glCanvas.js:1127 [BENCHMARK] 1654767668541,CSR
glCanvas.js:1127 [BENCHMARK] 1654767668570,CSR
glCanvas.js:1127 [BENCHMARK] 1654767668571,CSR
glCanvas.js:1127 [BENCHMARK] 1654767668575,CSR
glCanvas.js:1127 [BENCHMARK] 1654767668601,CSR
glCanvas.js:1127 [BENCHMARK] 1654767668602,CSR
glCanvas.js:1127 [BENCHMARK] 1654767668608,CSR
glCanvas.js:1127 [BENCHMARK] 1654767668631,CSR
glCanvas.js:1127 [BENCHMARK] 1654767668633,CSR
glCanvas.js:1127 [BENCHMARK] 1654767668657,CSR
glCanvas.js:1127 [BENCHMARK] 1654767668677,CSR
glCanvas.js:1127 [BENCHMARK] 1654767668693,CSR
glCanvas.js:1127 [BENCHMARK] 1654767668697,CSR
glCanvas.js:1127 [BENCHMARK] 1654767668701,CSR
glCanvas.js:1127 [BENCHMARK] 1654767668730,CSR
glCanvas.js:1127 [BENCHMARK] 1654767668736,CSR
glCanvas.js:1127 [BENCHMARK] 1654767668755,CSR
glCanvas.js:1127 [BENCHMARK] 1654767668757,CSR
glCanvas.js:1127 [BENCHMARK] 1654767668785,CSR
glCanvas.js:1127 [BENCHMARK] 1654767668810,CSR
glCanvas.js:1127 [BENCHMARK] 1654767668818,CSR
glCanvas.js:1127 [BENCHMARK] 1654767668852,CSR
glCanvas.js:1127 [BENCHMARK] 1654767668887,CSR
glCanvas.js:1127 [BENCHMARK] 1654767668927,CSR
glCanvas.js:1127 [BENCHMARK] 1654767669034,CSR
glCanvas.js:1127 [BENCHMARK] 1654767669036,CSR
glCanvas.js:1127 [BENCHMARK] 1654767669037,CSR
glCanvas.js:1127 [BENCHMARK] 1654767669066,CSR
glCanvas.js:1127 [BENCHMARK] 1654767669067,CSR
glCanvas.js:1127 [BENCHMARK] 1654767669068,CSR
glCanvas.js:1127 [BENCHMARK] 1654767669100,CSR
glCanvas.js:1127 [BENCHMARK] 1654767669100,CSR
glCanvas.js:1127 [BENCHMARK] 1654767669102,CSR
glCanvas.js:1127 [BENCHMARK] 1654767669123,CSR
glCanvas.js:1127 [BENCHMARK] 1654767669124,CSR
glCanvas.js:1127 [BENCHMARK] 1654767669128,CSR
glCanvas.js:1127 [BENCHMARK] 1654767669154,CSR
glCanvas.js:1127 [BENCHMARK] 1654767669156,CSR
glCanvas.js:1127 [BENCHMARK] 1654767669167,CSR
glCanvas.js:1127 [BENCHMARK] 1654767669185,CSR
glCanvas.js:1127 [BENCHMARK] 1654767669185,CSR
glCanvas.js:1127 [BENCHMARK] 1654767669205,CSR
glCanvas.js:1127 [BENCHMARK] 1654767669215,CSR
glCanvas.js:1127 [BENCHMARK] 1654767669216,CSR
glCanvas.js:1127 [BENCHMARK] 1654767669246,CSR
glCanvas.js:1127 [BENCHMARK] 1654767669247,CSR
glCanvas.js:1127 [BENCHMARK] 1654767669257,CSR
glCanvas.js:1127 [BENCHMARK] 1654767669277,CSR
glCanvas.js:1127 [BENCHMARK] 1654767669278,CSR
glCanvas.js:1127 [BENCHMARK] 1654767669303,CSR
glCanvas.js:1127 [BENCHMARK] 1654767669307,CSR
glCanvas.js:1127 [BENCHMARK] 1654767669308,CSR
glCanvas.js:1127 [BENCHMARK] 1654767669341,CSR
glCanvas.js:1127 [BENCHMARK] 1654767669377,CSR
glCanvas.js:1127 [BENCHMARK] 1654767669749,CSR
glCanvas.js:1127 [BENCHMARK] 1654767669752,CSR
glCanvas.js:1127 [BENCHMARK] 1654767669755,CSR
glCanvas.js:1127 [BENCHMARK] 1654767669766,CSR
glCanvas.js:1127 [BENCHMARK] 1654767669768,CSR
glCanvas.js:1127 [BENCHMARK] 1654767669771,CSR
glCanvas.js:1127 [BENCHMARK] 1654767669792,CSR
glCanvas.js:1127 [BENCHMARK] 1654767669794,CSR
glCanvas.js:1127 [BENCHMARK] 1654767669796,CSR
glCanvas.js:1127 [BENCHMARK] 1654767669815,CSR
glCanvas.js:1127 [BENCHMARK] 1654767669832,CSR
glCanvas.js:1127 [BENCHMARK] 1654767669836,CSR
glCanvas.js:1127 [BENCHMARK] 1654767669866,CSR
glCanvas.js:1127 [BENCHMARK] 1654767669902,CSR
glCanvas.js:1127 [BENCHMARK] 1654767669936,CSR
glCanvas.js:1127 [BENCHMARK] 1654767669972,CSR
glCanvas.js:1127 [BENCHMARK] 1654767670007,CSR
glCanvas.js:1127 [BENCHMARK] 1654767670042,CSR
glCanvas.js:1127 [BENCHMARK] 1654767670081,CSR
glCanvas.js:1127 [BENCHMARK] 1654767670119,CSR
glCanvas.js:1127 [BENCHMARK] 1654767670155,CSR
glCanvas.js:1127 [BENCHMARK] 1654767670190,CSR
glCanvas.js:1127 [BENCHMARK] 1654767670226,CSR
glCanvas.js:1127 [BENCHMARK] 1654767670261,CSR
glCanvas.js:1127 [BENCHMARK] 1654767670295,CSR
glCanvas.js:1127 [BENCHMARK] 1654767670330,CSR
glCanvas.js:1127 [BENCHMARK] 1654767670341,CSR
glCanvas.js:1127 [BENCHMARK] 1654767670366,CSR
glCanvas.js:1127 [BENCHMARK] 1654767670401,CSR
glCanvas.js:1127 [BENCHMARK] 1654767670435,CSR
glCanvas.js:1127 [BENCHMARK] 1654767670442,CSR
glCanvas.js:1127 [BENCHMARK] 1654767670471,CSR
glCanvas.js:1127 [BENCHMARK] 1654767670503,CSR
glCanvas.js:1127 [BENCHMARK] 1654767670535,CSR
glCanvas.js:1127 [BENCHMARK] 1654767670543,CSR
glCanvas.js:1127 [BENCHMARK] 1654767670569,CSR
glCanvas.js:1127 [BENCHMARK] 1654767670602,CSR
glCanvas.js:1127 [BENCHMARK] 1654767670634,CSR
glCanvas.js:1127 [BENCHMARK] 1654767670643,CSR
glCanvas.js:1127 [BENCHMARK] 1654767670668,CSR
glCanvas.js:1127 [BENCHMARK] 1654767670700,CSR
filmbox2.js:1537 [BENCHMARK] 1654767670701,fullLoad
glCanvas.js:1127 [BENCHMARK] 1654767670745,CSR
glCanvas.js:1127 [BENCHMARK] 1654767670847,CSR
glCanvas.js:1127 [BENCHMARK] 1654767670949,CSR
glCanvas.js:1127 [BENCHMARK] 1654767674060,CSR
glCanvas.js:1127 [BENCHMARK] 1654767674062,CSR
glCanvas.js:1127 [BENCHMARK] 1654767674261,CSR
glCanvas.js:1127 [BENCHMARK] 1654767674263,CSR
glCanvas.js:1127 [BENCHMARK] 1654767674463,CSR
glCanvas.js:1127 [BENCHMARK] 1654767674465,CSR
glCanvas.js:1127 [BENCHMARK] 1654767674665,CSR
glCanvas.js:1127 [BENCHMARK] 1654767674667,CSR
glCanvas.js:1127 [BENCHMARK] 1654767674867,CSR
glCanvas.js:1127 [BENCHMARK] 1654767674869,CSR
glCanvas.js:1127 [BENCHMARK] 1654767676076,CSR
glCanvas.js:1127 [BENCHMARK] 1654767676078,CSR
glCanvas.js:1127 [BENCHMARK] 1654767676148,CSR
glCanvas.js:1127 [BENCHMARK] 1654767676150,CSR
glCanvas.js:1127 [BENCHMARK] 1654767676220,CSR
glCanvas.js:1127 [BENCHMARK] 1654767676222,CSR
glCanvas.js:1127 [BENCHMARK] 1654767676292,CSR
glCanvas.js:1127 [BENCHMARK] 1654767676293,CSR
glCanvas.js:1127 [BENCHMARK] 1654767676363,CSR
glCanvas.js:1127 [BENCHMARK] 1654767676365,CSR
glCanvas.js:1127 [BENCHMARK] 1654767676435,CSR
glCanvas.js:1127 [BENCHMARK] 1654767676437,CSR
glCanvas.js:1127 [BENCHMARK] 1654767676507,CSR
glCanvas.js:1127 [BENCHMARK] 1654767676509,CSR
glCanvas.js:1127 [BENCHMARK] 1654767678587,CSR
glCanvas.js:1127 [BENCHMARK] 1654767678589,CSR
glCanvas.js:1127 [BENCHMARK] 1654767678659,CSR
glCanvas.js:1127 [BENCHMARK] 1654767678661,CSR
glCanvas.js:1127 [BENCHMARK] 1654767678730,CSR
glCanvas.js:1127 [BENCHMARK] 1654767678732,CSR
glCanvas.js:1127 [BENCHMARK] 1654767678802,CSR
glCanvas.js:1127 [BENCHMARK] 1654767678803,CSR
glCanvas.js:1127 [BENCHMARK] 1654767678873,CSR
glCanvas.js:1127 [BENCHMARK] 1654767678876,CSR
glCanvas.js:1127 [BENCHMARK] 1654767678945,CSR
glCanvas.js:1127 [BENCHMARK] 1654767678947,CSR
glCanvas.js:1127 [BENCHMARK] 1654767679017,CSR
glCanvas.js:1127 [BENCHMARK] 1654767679019,CSR
glCanvas.js:1127 [BENCHMARK] 1654767679088,CSR
glCanvas.js:1127 [BENCHMARK] 1654767679091,CSR
glCanvas.js:1127 [BENCHMARK] 1654767679160,CSR
glCanvas.js:1127 [BENCHMARK] 1654767679162,CSR
glCanvas.js:1127 [BENCHMARK] 1654767679231,CSR
glCanvas.js:1127 [BENCHMARK] 1654767679233,CSR
glCanvas.js:1127 [BENCHMARK] 1654767679512,CSR
glCanvas.js:1127 [BENCHMARK] 1654767679514,CSR
glCanvas.js:1127 [BENCHMARK] 1654767679543,CSR
glCanvas.js:1127 [BENCHMARK] 1654767679544,CSR
glCanvas.js:1127 [BENCHMARK] 1654767679574,CSR
glCanvas.js:1127 [BENCHMARK] 1654767679577,CSR
glCanvas.js:1127 [BENCHMARK] 1654767679609,CSR
glCanvas.js:1127 [BENCHMARK] 1654767679611,CSR
glCanvas.js:1127 [BENCHMARK] 1654767679640,CSR
glCanvas.js:1127 [BENCHMARK] 1654767679642,CSR
glCanvas.js:1127 [BENCHMARK] 1654767679674,CSR
glCanvas.js:1127 [BENCHMARK] 1654767679677,CSR
glCanvas.js:1127 [BENCHMARK] 1654767679707,CSR
glCanvas.js:1127 [BENCHMARK] 1654767679718,CSR
glCanvas.js:1127 [BENCHMARK] 1654767679735,CSR
glCanvas.js:1127 [BENCHMARK] 1654767679736,CSR
glCanvas.js:1127 [BENCHMARK] 1654767679764,CSR
glCanvas.js:1127 [BENCHMARK] 1654767679772,CSR
glCanvas.js:1127 [BENCHMARK] 1654767679794,CSR
glCanvas.js:1127 [BENCHMARK] 1654767679795,CSR
glCanvas.js:1127 [BENCHMARK] 1654767680053,CSR
glCanvas.js:1127 [BENCHMARK] 1654767680054,CSR
glCanvas.js:1127 [BENCHMARK] 1654767680063,CSR
glCanvas.js:1127 [BENCHMARK] 1654767680064,CSR
glCanvas.js:1127 [BENCHMARK] 1654767680095,CSR
glCanvas.js:1127 [BENCHMARK] 1654767680097,CSR
glCanvas.js:1127 [BENCHMARK] 1654767680126,CSR
glCanvas.js:1127 [BENCHMARK] 1654767680128,CSR
glCanvas.js:1127 [BENCHMARK] 1654767680158,CSR
glCanvas.js:1127 [BENCHMARK] 1654767680160,CSR
glCanvas.js:1127 [BENCHMARK] 1654767680190,CSR
glCanvas.js:1127 [BENCHMARK] 1654767680192,CSR
glCanvas.js:1127 [BENCHMARK] 1654767680221,CSR
glCanvas.js:1127 [BENCHMARK] 1654767680223,CSR
glCanvas.js:1127 [BENCHMARK] 1654767680253,CSR
glCanvas.js:1127 [BENCHMARK] 1654767680255,CSR
glCanvas.js:1127 [BENCHMARK] 1654767680284,CSR
glCanvas.js:1127 [BENCHMARK] 1654767680286,CSR
glCanvas.js:1127 [BENCHMARK] 1654767680316,CSR
glCanvas.js:1127 [BENCHMARK] 1654767680318,CSR
glCanvas.js:1127 [BENCHMARK] 1654767683356,CSR
glCanvas.js:1127 [BENCHMARK] 1654767683558,CSR
glCanvas.js:1127 [BENCHMARK] 1654767683759,CSR
glCanvas.js:1127 [BENCHMARK] 1654767683961,CSR
glCanvas.js:1127 [BENCHMARK] 1654767684162,CSR
glCanvas.js:1127 [BENCHMARK] 1654767685372,CSR
glCanvas.js:1127 [BENCHMARK] 1654767685444,CSR
glCanvas.js:1127 [BENCHMARK] 1654767685515,CSR
glCanvas.js:1127 [BENCHMARK] 1654767685587,CSR
glCanvas.js:1127 [BENCHMARK] 1654767685659,CSR
glCanvas.js:1127 [BENCHMARK] 1654767685731,CSR
glCanvas.js:1127 [BENCHMARK] 1654767685803,CSR
glCanvas.js:1127 [BENCHMARK] 1654767685875,CSR
glCanvas.js:1127 [BENCHMARK] 1654767685947,CSR
glCanvas.js:1127 [BENCHMARK] 1654767686019,CSR
glCanvas.js:1127 [BENCHMARK] 1654767686298,CSR
glCanvas.js:1127 [BENCHMARK] 1654767686370,CSR
glCanvas.js:1127 [BENCHMARK] 1654767686442,CSR
glCanvas.js:1127 [BENCHMARK] 1654767686513,CSR
glCanvas.js:1127 [BENCHMARK] 1654767686586,CSR
glCanvas.js:1127 [BENCHMARK] 1654767686657,CSR
glCanvas.js:1127 [BENCHMARK] 1654767686729,CSR
glCanvas.js:1127 [BENCHMARK] 1654767686801,CSR
glCanvas.js:1127 [BENCHMARK] 1654767686873,CSR
glCanvas.js:1127 [BENCHMARK] 1654767686944,CSR
glCanvas.js:1127 [BENCHMARK] 1654767688033,CSR
glCanvas.js:1127 [BENCHMARK] 1654767688035,CSR
glCanvas.js:1127 [BENCHMARK] 1654767688064,CSR
glCanvas.js:1127 [BENCHMARK] 1654767688066,CSR
glCanvas.js:1127 [BENCHMARK] 1654767688099,CSR
glCanvas.js:1127 [BENCHMARK] 1654767688102,CSR
glCanvas.js:1127 [BENCHMARK] 1654767688127,CSR
glCanvas.js:1127 [BENCHMARK] 1654767688129,CSR
glCanvas.js:1127 [BENCHMARK] 1654767688156,CSR
glCanvas.js:1127 [BENCHMARK] 1654767688158,CSR
glCanvas.js:1127 [BENCHMARK] 1654767688508,CSR
glCanvas.js:1127 [BENCHMARK] 1654767688509,CSR
glCanvas.js:1127 [BENCHMARK] 1654767688509,CSR
glCanvas.js:1127 [BENCHMARK] 1654767688510,CSR
glCanvas.js:1127 [BENCHMARK] 1654767688511,CSR
glCanvas.js:1127 [BENCHMARK] 1654767688516,CSR
glCanvas.js:1127 [BENCHMARK] 1654767688517,CSR
glCanvas.js:1127 [BENCHMARK] 1654767688518,CSR
glCanvas.js:1127 [BENCHMARK] 1654767688518,CSR
glCanvas.js:1127 [BENCHMARK] 1654767688519,CSR
glCanvas.js:1127 [BENCHMARK] 1654767688546,CSR
glCanvas.js:1127 [BENCHMARK] 1654767688547,CSR
glCanvas.js:1127 [BENCHMARK] 1654767688578,CSR
glCanvas.js:1127 [BENCHMARK] 1654767688580,CSR
glCanvas.js:1127 [BENCHMARK] 1654767688610,CSR
glCanvas.js:1127 [BENCHMARK] 1654767688612,CSR
glCanvas.js:1127 [BENCHMARK] 1654767688641,CSR
glCanvas.js:1127 [BENCHMARK] 1654767688643,CSR
glCanvas.js:1127 [BENCHMARK] 1654767688673,CSR
glCanvas.js:1127 [BENCHMARK] 1654767688675,CSR
glCanvas.js:1127 [BENCHMARK] 1654767688704,CSR
glCanvas.js:1127 [BENCHMARK] 1654767688707,CSR
glCanvas.js:1127 [BENCHMARK] 1654767688735,CSR
glCanvas.js:1127 [BENCHMARK] 1654767688737,CSR
glCanvas.js:1127 [BENCHMARK] 1654767688767,CSR
glCanvas.js:1127 [BENCHMARK] 1654767688769,CSR
glCanvas.js:1127 [BENCHMARK] 1654767688799,CSR
glCanvas.js:1127 [BENCHMARK] 1654767688801,CSR
glCanvas.js:1127 [BENCHMARK] 1654767688831,CSR
glCanvas.js:1127 [BENCHMARK] 1654767688832,CSR
glCanvas.js:1127 [BENCHMARK] 1654767689071,CSR
glCanvas.js:1127 [BENCHMARK] 1654767689074,CSR
glCanvas.js:1127 [BENCHMARK] 1654767689102,CSR
glCanvas.js:1127 [BENCHMARK] 1654767689105,CSR
glCanvas.js:1127 [BENCHMARK] 1654767689135,CSR
glCanvas.js:1127 [BENCHMARK] 1654767689137,CSR
glCanvas.js:1127 [BENCHMARK] 1654767689167,CSR
glCanvas.js:1127 [BENCHMARK] 1654767689169,CSR
glCanvas.js:1127 [BENCHMARK] 1654767689198,CSR
glCanvas.js:1127 [BENCHMARK] 1654767689200,CSR
glCanvas.js:1127 [BENCHMARK] 1654767689230,CSR
glCanvas.js:1127 [BENCHMARK] 1654767689232,CSR
glCanvas.js:1127 [BENCHMARK] 1654767689262,CSR
glCanvas.js:1127 [BENCHMARK] 1654767689263,CSR
glCanvas.js:1127 [BENCHMARK] 1654767689293,CSR
glCanvas.js:1127 [BENCHMARK] 1654767689295,CSR
glCanvas.js:1127 [BENCHMARK] 1654767689325,CSR
glCanvas.js:1127 [BENCHMARK] 1654767689327,CSR
glCanvas.js:1127 [BENCHMARK] 1654767689357,CSR
glCanvas.js:1127 [BENCHMARK] 1654767689359,CSR
glCanvas.js:1127 [BENCHMARK] 1654767692396,CSR
glCanvas.js:1127 [BENCHMARK] 1654767692398,CSR
glCanvas.js:1127 [BENCHMARK] 1654767692598,CSR
glCanvas.js:1127 [BENCHMARK] 1654767692600,CSR
glCanvas.js:1127 [BENCHMARK] 1654767692799,CSR
glCanvas.js:1127 [BENCHMARK] 1654767692801,CSR
glCanvas.js:1127 [BENCHMARK] 1654767696010,CSR
glCanvas.js:1127 [BENCHMARK] 1654767696110,CSR
glCanvas.js:1127 [BENCHMARK] 1654767696212,CSR
glCanvas.js:1127 [BENCHMARK] 1654767696315,CSR
glCanvas.js:1127 [BENCHMARK] 1654767696417,CSR
glCanvas.js:1127 [BENCHMARK] 1654767696727,CSR
glCanvas.js:1127 [BENCHMARK] 1654767696829,CSR
glCanvas.js:1127 [BENCHMARK] 1654767696930,CSR
glCanvas.js:1127 [BENCHMARK] 1654767697033,CSR
glCanvas.js:1127 [BENCHMARK] 1654767697135,CSR
glCanvas.js:1127 [BENCHMARK] 1654767697237,CSR
glCanvas.js:1127 [BENCHMARK] 1654767697339,CSR
glCanvas.js:1127 [BENCHMARK] 1654767697441,CSR
glCanvas.js:1127 [BENCHMARK] 1654767697543,CSR
glCanvas.js:1127 [BENCHMARK] 1654767697645,CSR
glCanvas.js:1127 [BENCHMARK] 1654767697954,CSR
glCanvas.js:1127 [BENCHMARK] 1654767698026,CSR
glCanvas.js:1127 [BENCHMARK] 1654767698098,CSR
glCanvas.js:1127 [BENCHMARK] 1654767698170,CSR
glCanvas.js:1127 [BENCHMARK] 1654767698242,CSR
glCanvas.js:1127 [BENCHMARK] 1654767698313,CSR
glCanvas.js:1127 [BENCHMARK] 1654767698386,CSR
glCanvas.js:1127 [BENCHMARK] 1654767698458,CSR
glCanvas.js:1127 [BENCHMARK] 1654767698530,CSR
glCanvas.js:1127 [BENCHMARK] 1654767698601,CSR
glCanvas.js:1127 [BENCHMARK] 1654767702682,CSR
glCanvas.js:1127 [BENCHMARK] 1654767702684,CSR
glCanvas.js:1127 [BENCHMARK] 1654767702712,CSR
glCanvas.js:1127 [BENCHMARK] 1654767702714,CSR
glCanvas.js:1127 [BENCHMARK] 1654767702744,CSR
glCanvas.js:1127 [BENCHMARK] 1654767702745,CSR
glCanvas.js:1127 [BENCHMARK] 1654767702775,CSR
glCanvas.js:1127 [BENCHMARK] 1654767702777,CSR
glCanvas.js:1127 [BENCHMARK] 1654767702806,CSR
glCanvas.js:1127 [BENCHMARK] 1654767702808,CSR
glCanvas.js:1127 [BENCHMARK] 1654767702837,CSR
glCanvas.js:1127 [BENCHMARK] 1654767702839,CSR
glCanvas.js:1127 [BENCHMARK] 1654767702869,CSR
glCanvas.js:1127 [BENCHMARK] 1654767702870,CSR
glCanvas.js:1127 [BENCHMARK] 1654767702900,CSR
glCanvas.js:1127 [BENCHMARK] 1654767702903,CSR
glCanvas.js:1127 [BENCHMARK] 1654767702931,CSR
glCanvas.js:1127 [BENCHMARK] 1654767702933,CSR
glCanvas.js:1127 [BENCHMARK] 1654767702962,CSR
glCanvas.js:1127 [BENCHMARK] 1654767702964,CSR
glCanvas.js:1127 [BENCHMARK] 1654767703203,CSR
glCanvas.js:1127 [BENCHMARK] 1654767703205,CSR
glCanvas.js:1127 [BENCHMARK] 1654767703234,CSR
glCanvas.js:1127 [BENCHMARK] 1654767703236,CSR
glCanvas.js:1127 [BENCHMARK] 1654767703266,CSR
glCanvas.js:1127 [BENCHMARK] 1654767703268,CSR
glCanvas.js:1127 [BENCHMARK] 1654767703298,CSR
glCanvas.js:1127 [BENCHMARK] 1654767703300,CSR
glCanvas.js:1127 [BENCHMARK] 1654767703329,CSR
glCanvas.js:1127 [BENCHMARK] 1654767703331,CSR
glCanvas.js:1127 [BENCHMARK] 1654767703361,CSR
glCanvas.js:1127 [BENCHMARK] 1654767703363,CSR
glCanvas.js:1127 [BENCHMARK] 1654767703392,CSR
glCanvas.js:1127 [BENCHMARK] 1654767703394,CSR
glCanvas.js:1127 [BENCHMARK] 1654767703424,CSR
glCanvas.js:1127 [BENCHMARK] 1654767703425,CSR
glCanvas.js:1127 [BENCHMARK] 1654767703455,CSR
glCanvas.js:1127 [BENCHMARK] 1654767703457,CSR
glCanvas.js:1127 [BENCHMARK] 1654767703487,CSR
glCanvas.js:1127 [BENCHMARK] 1654767703490,CSR
glCanvas.js:1127 [BENCHMARK] 1654767703727,CSR
glCanvas.js:1127 [BENCHMARK] 1654767703730,CSR
glCanvas.js:1127 [BENCHMARK] 1654767703758,CSR
glCanvas.js:1127 [BENCHMARK] 1654767703760,CSR
glCanvas.js:1127 [BENCHMARK] 1654767703790,CSR
glCanvas.js:1127 [BENCHMARK] 1654767703792,CSR
glCanvas.js:1127 [BENCHMARK] 1654767703822,CSR
glCanvas.js:1127 [BENCHMARK] 1654767703823,CSR
glCanvas.js:1127 [BENCHMARK] 1654767703853,CSR
glCanvas.js:1127 [BENCHMARK] 1654767703855,CSR
glCanvas.js:1127 [BENCHMARK] 1654767703885,CSR
glCanvas.js:1127 [BENCHMARK] 1654767703887,CSR
glCanvas.js:1127 [BENCHMARK] 1654767703916,CSR
glCanvas.js:1127 [BENCHMARK] 1654767703918,CSR
glCanvas.js:1127 [BENCHMARK] 1654767703948,CSR
glCanvas.js:1127 [BENCHMARK] 1654767703950,CSR
glCanvas.js:1127 [BENCHMARK] 1654767703979,CSR
glCanvas.js:1127 [BENCHMARK] 1654767703981,CSR
glCanvas.js:1127 [BENCHMARK] 1654767704010,CSR
glCanvas.js:1127 [BENCHMARK] 1654767704012,CSR
glCanvas.js:1127 [BENCHMARK] 1654767705050,CSR
glCanvas.js:1127 [BENCHMARK] 1654767705152,CSR
glCanvas.js:1127 [BENCHMARK] 1654767705254,CSR
glCanvas.js:1127 [BENCHMARK] 1654767705355,CSR
glCanvas.js:1127 [BENCHMARK] 1654767705456,CSR
glCanvas.js:1127 [BENCHMARK] 1654767705559,CSR
glCanvas.js:1127 [BENCHMARK] 1654767705661,CSR
glCanvas.js:1127 [BENCHMARK] 1654767708771,CSR
glCanvas.js:1127 [BENCHMARK] 1654767708773,CSR
glCanvas.js:1127 [BENCHMARK] 1654767708973,CSR
glCanvas.js:1127 [BENCHMARK] 1654767708975,CSR
glCanvas.js:1127 [BENCHMARK] 1654767709175,CSR
glCanvas.js:1127 [BENCHMARK] 1654767709177,CSR
glCanvas.js:1127 [BENCHMARK] 1654767709377,CSR
glCanvas.js:1127 [BENCHMARK] 1654767709379,CSR
glCanvas.js:1127 [BENCHMARK] 1654767709580,CSR
glCanvas.js:1127 [BENCHMARK] 1654767709582,CSR
glCanvas.js:1127 [BENCHMARK] 1654767714790,CSR
glCanvas.js:1127 [BENCHMARK] 1654767714792,CSR
glCanvas.js:1127 [BENCHMARK] 1654767714861,CSR
glCanvas.js:1127 [BENCHMARK] 1654767714863,CSR
glCanvas.js:1127 [BENCHMARK] 1654767714933,CSR
glCanvas.js:1127 [BENCHMARK] 1654767714935,CSR
glCanvas.js:1127 [BENCHMARK] 1654767715005,CSR
glCanvas.js:1127 [BENCHMARK] 1654767715007,CSR
glCanvas.js:1127 [BENCHMARK] 1654767715077,CSR
glCanvas.js:1127 [BENCHMARK] 1654767715078,CSR
glCanvas.js:1127 [BENCHMARK] 1654767717157,CSR
glCanvas.js:1127 [BENCHMARK] 1654767717161,CSR
glCanvas.js:1127 [BENCHMARK] 1654767717188,CSR
glCanvas.js:1127 [BENCHMARK] 1654767717190,CSR
glCanvas.js:1127 [BENCHMARK] 1654767717219,CSR
glCanvas.js:1127 [BENCHMARK] 1654767717221,CSR
glCanvas.js:1127 [BENCHMARK] 1654767717251,CSR
glCanvas.js:1127 [BENCHMARK] 1654767717253,CSR
glCanvas.js:1127 [BENCHMARK] 1654767717282,CSR
glCanvas.js:1127 [BENCHMARK] 1654767717284,CSR
glCanvas.js:1127 [BENCHMARK] 1654767717314,CSR
glCanvas.js:1127 [BENCHMARK] 1654767717317,CSR
glCanvas.js:1127 [BENCHMARK] 1654767717345,CSR
glCanvas.js:1127 [BENCHMARK] 1654767717347,CSR
glCanvas.js:1127 [BENCHMARK] 1654767717377,CSR
glCanvas.js:1127 [BENCHMARK] 1654767717379,CSR
glCanvas.js:1127 [BENCHMARK] 1654767717408,CSR
glCanvas.js:1127 [BENCHMARK] 1654767717410,CSR
glCanvas.js:1127 [BENCHMARK] 1654767717440,CSR
glCanvas.js:1127 [BENCHMARK] 1654767717442,CSR
glCanvas.js:1127 [BENCHMARK] 1654767717471,CSR
glCanvas.js:1127 [BENCHMARK] 1654767717473,CSR
glCanvas.js:1127 [BENCHMARK] 1654767717503,CSR
glCanvas.js:1127 [BENCHMARK] 1654767717505,CSR
glCanvas.js:1127 [BENCHMARK] 1654767717535,CSR
glCanvas.js:1127 [BENCHMARK] 1654767717537,CSR
glCanvas.js:1127 [BENCHMARK] 1654767717775,CSR
glCanvas.js:1127 [BENCHMARK] 1654767717778,CSR
glCanvas.js:1127 [BENCHMARK] 1654767717788,CSR
glCanvas.js:1127 [BENCHMARK] 1654767717789,CSR
glCanvas.js:1127 [BENCHMARK] 1654767717801,CSR
glCanvas.js:1127 [BENCHMARK] 1654767717803,CSR
glCanvas.js:1127 [BENCHMARK] 1654767717815,CSR
glCanvas.js:1127 [BENCHMARK] 1654767717817,CSR
glCanvas.js:1127 [BENCHMARK] 1654767717828,CSR
glCanvas.js:1127 [BENCHMARK] 1654767717830,CSR
glCanvas.js:1127 [BENCHMARK] 1654767717841,CSR
glCanvas.js:1127 [BENCHMARK] 1654767717844,CSR
glCanvas.js:1127 [BENCHMARK] 1654767717854,CSR
glCanvas.js:1127 [BENCHMARK] 1654767717855,CSR
glCanvas.js:1127 [BENCHMARK] 1654767717866,CSR
glCanvas.js:1127 [BENCHMARK] 1654767717868,CSR
glCanvas.js:1127 [BENCHMARK] 1654767717879,CSR
glCanvas.js:1127 [BENCHMARK] 1654767717881,CSR
glCanvas.js:1127 [BENCHMARK] 1654767717892,CSR
glCanvas.js:1127 [BENCHMARK] 1654767717894,CSR
glCanvas.js:1127 [BENCHMARK] 1654767718114,CSR
glCanvas.js:1127 [BENCHMARK] 1654767718116,CSR
glCanvas.js:1127 [BENCHMARK] 1654767718127,CSR
glCanvas.js:1127 [BENCHMARK] 1654767718129,CSR
glCanvas.js:1127 [BENCHMARK] 1654767718141,CSR
glCanvas.js:1127 [BENCHMARK] 1654767718142,CSR
glCanvas.js:1127 [BENCHMARK] 1654767718154,CSR
glCanvas.js:1127 [BENCHMARK] 1654767718155,CSR
glCanvas.js:1127 [BENCHMARK] 1654767718167,CSR
glCanvas.js:1127 [BENCHMARK] 1654767718169,CSR
glCanvas.js:1127 [BENCHMARK] 1654767718179,CSR
glCanvas.js:1127 [BENCHMARK] 1654767718181,CSR
glCanvas.js:1127 [BENCHMARK] 1654767718193,CSR
glCanvas.js:1127 [BENCHMARK] 1654767718195,CSR
glCanvas.js:1127 [BENCHMARK] 1654767718206,CSR
glCanvas.js:1127 [BENCHMARK] 1654767718208,CSR
glCanvas.js:1127 [BENCHMARK] 1654767718219,CSR
glCanvas.js:1127 [BENCHMARK] 1654767718219,CSR
glCanvas.js:1127 [BENCHMARK] 1654767718232,CSR
glCanvas.js:1127 [BENCHMARK] 1654767718233,CSR
glCanvas.js:1127 [BENCHMARK] 1654767721254,CSR
glCanvas.js:1127 [BENCHMARK] 1654767721266,CSR
glCanvas.js:1127 [BENCHMARK] 1654767721279,CSR
glCanvas.js:1127 [BENCHMARK] 1654767721292,CSR
glCanvas.js:1127 [BENCHMARK] 1654767721306,CSR
glCanvas.js:1127 [BENCHMARK] 1654767721319,CSR
glCanvas.js:1127 [BENCHMARK] 1654767721333,CSR
glCanvas.js:1127 [BENCHMARK] 1654767721346,CSR
glCanvas.js:1127 [BENCHMARK] 1654767721359,CSR
glCanvas.js:1127 [BENCHMARK] 1654767721373,CSR
glCanvas.js:1127 [BENCHMARK] 1654767723395,CSR
glCanvas.js:1127 [BENCHMARK] 1654767723467,CSR
glCanvas.js:1127 [BENCHMARK] 1654767723539,CSR
glCanvas.js:1127 [BENCHMARK] 1654767723611,CSR
glCanvas.js:1127 [BENCHMARK] 1654767723683,CSR
glCanvas.js:1127 [BENCHMARK] 1654767723755,CSR
glCanvas.js:1127 [BENCHMARK] 1654767723827,CSR
glCanvas.js:1127 [BENCHMARK] 1654767723899,CSR
glCanvas.js:1127 [BENCHMARK] 1654767723971,CSR
glCanvas.js:1127 [BENCHMARK] 1654767724043,CSR
glCanvas.js:1127 [BENCHMARK] 1654767724323,CSR
glCanvas.js:1127 [BENCHMARK] 1654767724425,CSR
glCanvas.js:1127 [BENCHMARK] 1654767724527,CSR
glCanvas.js:1127 [BENCHMARK] 1654767724629,CSR
glCanvas.js:1127 [BENCHMARK] 1654767724731,CSR
