glCanvas.js:1107 [BENCHMARK] 1654768478316,X
glCanvas.js:1107 [BENCHMARK] 1654768478325,X
glCanvas.js:1107 [BENCHMARK] 1654768478337,X
glCanvas.js:1107 [BENCHMARK] 1654768478611,X
glCanvas.js:1107 [BENCHMARK] 1654768478943,X
glCanvas.js:1107 [BENCHMARK] 1654768479004,X
glCanvas.js:1107 [BENCHMARK] 1654768479007,X
glCanvas.js:1107 [BENCHMARK] 1654768479014,X
glCanvas.js:1107 [BENCHMARK] 1654768479017,X
glCanvas.js:1107 [BENCHMARK] 1654768479022,X
glCanvas.js:1107 [BENCHMARK] 1654768479025,X
glCanvas.js:1107 [BENCHMARK] 1654768479454,X
glCanvas.js:1127 [BENCHMARK] 1654768479544,CSR
manager.js:159 [BENCHMARK] 1654768480593,firstRender
glCanvas.js:1127 [BENCHMARK] 1654768480613,CSR
glCanvas.js:1127 [BENCHMARK] 1654768480626,CSR
glCanvas.js:1127 [BENCHMARK] 1654768480634,CSR
glCanvas.js:1127 [BENCHMARK] 1654768480652,CSR
glCanvas.js:1127 [BENCHMARK] 1654768480662,CSR
glCanvas.js:1127 [BENCHMARK] 1654768480672,CSR
glCanvas.js:1127 [BENCHMARK] 1654768480714,CSR
glCanvas.js:1127 [BENCHMARK] 1654768480718,CSR
glCanvas.js:1127 [BENCHMARK] 1654768480723,CSR
glCanvas.js:1127 [BENCHMARK] 1654768480729,CSR
glCanvas.js:1127 [BENCHMARK] 1654768480750,CSR
glCanvas.js:1127 [BENCHMARK] 1654768480878,CSR
glCanvas.js:1127 [BENCHMARK] 1654768481044,CSR
glCanvas.js:1127 [BENCHMARK] 1654768481097,CSR
glCanvas.js:1127 [BENCHMARK] 1654768481377,CSR
glCanvas.js:1127 [BENCHMARK] 1654768481418,CSR
glCanvas.js:1127 [BENCHMARK] 1654768481479,CSR
glCanvas.js:1127 [BENCHMARK] 1654768481523,CSR
glCanvas.js:1127 [BENCHMARK] 1654768481591,CSR
glCanvas.js:1127 [BENCHMARK] 1654768481642,CSR
glCanvas.js:1127 [BENCHMARK] 1654768481689,CSR
glCanvas.js:1127 [BENCHMARK] 1654768481736,CSR
glCanvas.js:1127 [BENCHMARK] 1654768481784,CSR
glCanvas.js:1127 [BENCHMARK] 1654768481816,CSR
glCanvas.js:1127 [BENCHMARK] 1654768481817,CSR
glCanvas.js:1127 [BENCHMARK] 1654768481829,CSR
glCanvas.js:1127 [BENCHMARK] 1654768481830,CSR
glCanvas.js:1127 [BENCHMARK] 1654768481862,CSR
glCanvas.js:1127 [BENCHMARK] 1654768481864,CSR
glCanvas.js:1127 [BENCHMARK] 1654768481881,CSR
glCanvas.js:1127 [BENCHMARK] 1654768481882,CSR
glCanvas.js:1127 [BENCHMARK] 1654768481894,CSR
glCanvas.js:1127 [BENCHMARK] 1654768481896,CSR
glCanvas.js:1127 [BENCHMARK] 1654768481910,CSR
glCanvas.js:1127 [BENCHMARK] 1654768481911,CSR
glCanvas.js:1127 [BENCHMARK] 1654768481927,CSR
glCanvas.js:1127 [BENCHMARK] 1654768481928,CSR
glCanvas.js:1127 [BENCHMARK] 1654768481943,CSR
glCanvas.js:1127 [BENCHMARK] 1654768481947,CSR
glCanvas.js:1127 [BENCHMARK] 1654768481948,CSR
glCanvas.js:1127 [BENCHMARK] 1654768481961,CSR
glCanvas.js:1127 [BENCHMARK] 1654768481963,CSR
glCanvas.js:1127 [BENCHMARK] 1654768481975,CSR
glCanvas.js:1127 [BENCHMARK] 1654768481976,CSR
glCanvas.js:1127 [BENCHMARK] 1654768482196,CSR
glCanvas.js:1127 [BENCHMARK] 1654768482198,CSR
glCanvas.js:1127 [BENCHMARK] 1654768482209,CSR
glCanvas.js:1127 [BENCHMARK] 1654768482211,CSR
glCanvas.js:1127 [BENCHMARK] 1654768482222,CSR
glCanvas.js:1127 [BENCHMARK] 1654768482223,CSR
glCanvas.js:1127 [BENCHMARK] 1654768482234,CSR
glCanvas.js:1127 [BENCHMARK] 1654768482235,CSR
glCanvas.js:1127 [BENCHMARK] 1654768482246,CSR
glCanvas.js:1127 [BENCHMARK] 1654768482247,CSR
glCanvas.js:1127 [BENCHMARK] 1654768482261,CSR
glCanvas.js:1127 [BENCHMARK] 1654768482263,CSR
glCanvas.js:1127 [BENCHMARK] 1654768482273,CSR
glCanvas.js:1127 [BENCHMARK] 1654768482275,CSR
glCanvas.js:1107 [BENCHMARK] 1654768482286,X
glCanvas.js:1107 [BENCHMARK] 1654768482287,X
glCanvas.js:1127 [BENCHMARK] 1654768482300,CSR
glCanvas.js:1127 [BENCHMARK] 1654768482302,CSR
glCanvas.js:1107 [BENCHMARK] 1654768482313,X
glCanvas.js:1107 [BENCHMARK] 1654768482315,X
glCanvas.js:1107 [BENCHMARK] 1654768482534,X
glCanvas.js:1107 [BENCHMARK] 1654768482536,X
glCanvas.js:1107 [BENCHMARK] 1654768482547,X
glCanvas.js:1107 [BENCHMARK] 1654768482549,X
glCanvas.js:1107 [BENCHMARK] 1654768482561,X
glCanvas.js:1107 [BENCHMARK] 1654768482562,X
glCanvas.js:1107 [BENCHMARK] 1654768482574,X
glCanvas.js:1107 [BENCHMARK] 1654768482575,X
glCanvas.js:1107 [BENCHMARK] 1654768482587,X
glCanvas.js:1107 [BENCHMARK] 1654768482589,X
glCanvas.js:1107 [BENCHMARK] 1654768482600,X
glCanvas.js:1107 [BENCHMARK] 1654768482602,X
glCanvas.js:1107 [BENCHMARK] 1654768482614,X
glCanvas.js:1107 [BENCHMARK] 1654768482616,X
glCanvas.js:1107 [BENCHMARK] 1654768482627,X
glCanvas.js:1107 [BENCHMARK] 1654768482628,X
glCanvas.js:1107 [BENCHMARK] 1654768482640,X
glCanvas.js:1107 [BENCHMARK] 1654768482641,X
glCanvas.js:1107 [BENCHMARK] 1654768482657,X
glCanvas.js:1107 [BENCHMARK] 1654768482657,X
glCanvas.js:1107 [BENCHMARK] 1654768482877,X
glCanvas.js:1107 [BENCHMARK] 1654768482878,X
glCanvas.js:1107 [BENCHMARK] 1654768482883,X
glCanvas.js:1107 [BENCHMARK] 1654768482884,X
glCanvas.js:1107 [BENCHMARK] 1654768482890,X
glCanvas.js:1107 [BENCHMARK] 1654768482892,X
glCanvas.js:1107 [BENCHMARK] 1654768482896,X
glCanvas.js:1107 [BENCHMARK] 1654768482897,X
glCanvas.js:1107 [BENCHMARK] 1654768482901,X
glCanvas.js:1107 [BENCHMARK] 1654768482902,X
glCanvas.js:1107 [BENCHMARK] 1654768482907,X
glCanvas.js:1107 [BENCHMARK] 1654768482907,X
glCanvas.js:1107 [BENCHMARK] 1654768482913,X
glCanvas.js:1107 [BENCHMARK] 1654768482913,X
glCanvas.js:1107 [BENCHMARK] 1654768482918,X
glCanvas.js:1107 [BENCHMARK] 1654768482919,X
glCanvas.js:1107 [BENCHMARK] 1654768482924,X
glCanvas.js:1107 [BENCHMARK] 1654768482924,X
glCanvas.js:1107 [BENCHMARK] 1654768482929,X
glCanvas.js:1107 [BENCHMARK] 1654768482930,X
glCanvas.js:1107 [BENCHMARK] 1654768483144,X
glCanvas.js:1107 [BENCHMARK] 1654768483145,X
glCanvas.js:1107 [BENCHMARK] 1654768483166,X
glCanvas.js:1107 [BENCHMARK] 1654768483167,X
glCanvas.js:1127 [BENCHMARK] 1654768483167,SSR
glCanvas.js:1127 [BENCHMARK] 1654768483168,SSR
glCanvas.js:1107 [BENCHMARK] 1654768483169,X
glCanvas.js:1107 [BENCHMARK] 1654768483169,X
glCanvas.js:1107 [BENCHMARK] 1654768483170,X
glCanvas.js:1107 [BENCHMARK] 1654768483170,X
glCanvas.js:1107 [BENCHMARK] 1654768483171,X
glCanvas.js:1107 [BENCHMARK] 1654768483172,X
glCanvas.js:1107 [BENCHMARK] 1654768483177,X
glCanvas.js:1107 [BENCHMARK] 1654768483177,X
glCanvas.js:1107 [BENCHMARK] 1654768483183,X
glCanvas.js:1107 [BENCHMARK] 1654768483183,X
glCanvas.js:1107 [BENCHMARK] 1654768483189,X
glCanvas.js:1107 [BENCHMARK] 1654768483189,X
glCanvas.js:1107 [BENCHMARK] 1654768483195,X
glCanvas.js:1107 [BENCHMARK] 1654768483195,X
glCanvas.js:1107 [BENCHMARK] 1654768483449,X
glCanvas.js:1127 [BENCHMARK] 1654768483682,SSR
glCanvas.js:1127 [BENCHMARK] 1654768483692,CSR
glCanvas.js:1127 [BENCHMARK] 1654768483694,CSR
glCanvas.js:1127 [BENCHMARK] 1654768483696,CSR
glCanvas.js:1127 [BENCHMARK] 1654768483712,CSR
glCanvas.js:1127 [BENCHMARK] 1654768483713,CSR
glCanvas.js:1127 [BENCHMARK] 1654768483715,CSR
glCanvas.js:1127 [BENCHMARK] 1654768483738,CSR
glCanvas.js:1127 [BENCHMARK] 1654768483741,CSR
glCanvas.js:1127 [BENCHMARK] 1654768483744,CSR
glCanvas.js:1127 [BENCHMARK] 1654768483883,CSR
glCanvas.js:1127 [BENCHMARK] 1654768483909,CSR
glCanvas.js:1127 [BENCHMARK] 1654768483912,CSR
glCanvas.js:1127 [BENCHMARK] 1654768483914,CSR
glCanvas.js:1127 [BENCHMARK] 1654768483925,CSR
glCanvas.js:1127 [BENCHMARK] 1654768483927,CSR
glCanvas.js:1127 [BENCHMARK] 1654768483928,CSR
glCanvas.js:1127 [BENCHMARK] 1654768483969,CSR
glCanvas.js:1127 [BENCHMARK] 1654768483971,CSR
glCanvas.js:1127 [BENCHMARK] 1654768483973,CSR
glCanvas.js:1127 [BENCHMARK] 1654768484104,CSR
glCanvas.js:1127 [BENCHMARK] 1654768484124,CSR
glCanvas.js:1127 [BENCHMARK] 1654768484125,CSR
glCanvas.js:1127 [BENCHMARK] 1654768484132,CSR
glCanvas.js:1127 [BENCHMARK] 1654768484140,CSR
glCanvas.js:1127 [BENCHMARK] 1654768484143,CSR
glCanvas.js:1127 [BENCHMARK] 1654768484145,CSR
glCanvas.js:1127 [BENCHMARK] 1654768484198,CSR
glCanvas.js:1127 [BENCHMARK] 1654768484201,CSR
glCanvas.js:1127 [BENCHMARK] 1654768484203,CSR
glCanvas.js:1127 [BENCHMARK] 1654768484320,CSR
glCanvas.js:1127 [BENCHMARK] 1654768484339,CSR
glCanvas.js:1127 [BENCHMARK] 1654768484342,CSR
glCanvas.js:1127 [BENCHMARK] 1654768484345,CSR
glCanvas.js:1127 [BENCHMARK] 1654768484352,CSR
glCanvas.js:1127 [BENCHMARK] 1654768484355,CSR
glCanvas.js:1127 [BENCHMARK] 1654768484383,CSR
glCanvas.js:1127 [BENCHMARK] 1654768484418,CSR
glCanvas.js:1127 [BENCHMARK] 1654768484419,CSR
glCanvas.js:1127 [BENCHMARK] 1654768484424,CSR
glCanvas.js:1127 [BENCHMARK] 1654768484457,CSR
glCanvas.js:1127 [BENCHMARK] 1654768484555,CSR
glCanvas.js:1127 [BENCHMARK] 1654768484557,CSR
glCanvas.js:1127 [BENCHMARK] 1654768484560,CSR
glCanvas.js:1127 [BENCHMARK] 1654768484564,CSR
glCanvas.js:1127 [BENCHMARK] 1654768484565,CSR
glCanvas.js:1127 [BENCHMARK] 1654768484590,CSR
glCanvas.js:1127 [BENCHMARK] 1654768484591,CSR
glCanvas.js:1127 [BENCHMARK] 1654768484593,CSR
glCanvas.js:1127 [BENCHMARK] 1654768484607,CSR
glCanvas.js:1127 [BENCHMARK] 1654768484611,CSR
glCanvas.js:1127 [BENCHMARK] 1654768484619,CSR
glCanvas.js:1127 [BENCHMARK] 1654768484622,CSR
glCanvas.js:1127 [BENCHMARK] 1654768484637,CSR
glCanvas.js:1127 [BENCHMARK] 1654768484640,CSR
glCanvas.js:1127 [BENCHMARK] 1654768484642,CSR
glCanvas.js:1127 [BENCHMARK] 1654768484668,CSR
glCanvas.js:1127 [BENCHMARK] 1654768484689,CSR
glCanvas.js:1127 [BENCHMARK] 1654768484694,CSR
glCanvas.js:1127 [BENCHMARK] 1654768484697,CSR
glCanvas.js:1127 [BENCHMARK] 1654768484699,CSR
glCanvas.js:1127 [BENCHMARK] 1654768484784,CSR
glCanvas.js:1127 [BENCHMARK] 1654768484787,CSR
glCanvas.js:1127 [BENCHMARK] 1654768484788,CSR
glCanvas.js:1127 [BENCHMARK] 1654768484792,CSR
glCanvas.js:1127 [BENCHMARK] 1654768484793,CSR
glCanvas.js:1127 [BENCHMARK] 1654768484797,CSR
glCanvas.js:1127 [BENCHMARK] 1654768484836,CSR
glCanvas.js:1127 [BENCHMARK] 1654768484850,CSR
glCanvas.js:1127 [BENCHMARK] 1654768484929,CSR
glCanvas.js:1127 [BENCHMARK] 1654768484935,CSR
glCanvas.js:1127 [BENCHMARK] 1654768484939,CSR
filmbox2.js:1550 [BENCHMARK] 1654768484943,fullLoad
glCanvas.js:1127 [BENCHMARK] 1654768485208,CSR
glCanvas.js:1127 [BENCHMARK] 1654768485210,CSR
glCanvas.js:1127 [BENCHMARK] 1654768485233,CSR
glCanvas.js:1127 [BENCHMARK] 1654768485235,CSR
glCanvas.js:1127 [BENCHMARK] 1654768485238,CSR
glCanvas.js:1127 [BENCHMARK] 1654768485240,CSR
glCanvas.js:1127 [BENCHMARK] 1654768485259,CSR
glCanvas.js:1127 [BENCHMARK] 1654768485261,CSR
glCanvas.js:1127 [BENCHMARK] 1654768485263,CSR
glCanvas.js:1127 [BENCHMARK] 1654768485264,CSR
glCanvas.js:1127 [BENCHMARK] 1654768485273,CSR
glCanvas.js:1127 [BENCHMARK] 1654768485275,CSR
glCanvas.js:1127 [BENCHMARK] 1654768485286,CSR
glCanvas.js:1127 [BENCHMARK] 1654768485287,CSR
glCanvas.js:1127 [BENCHMARK] 1654768485298,CSR
glCanvas.js:1127 [BENCHMARK] 1654768485300,CSR
glCanvas.js:1127 [BENCHMARK] 1654768485312,CSR
glCanvas.js:1127 [BENCHMARK] 1654768485313,CSR
glCanvas.js:1127 [BENCHMARK] 1654768485323,CSR
glCanvas.js:1127 [BENCHMARK] 1654768485325,CSR
glCanvas.js:1127 [BENCHMARK] 1654768485544,CSR
glCanvas.js:1127 [BENCHMARK] 1654768485546,CSR
glCanvas.js:1127 [BENCHMARK] 1654768485551,CSR
glCanvas.js:1127 [BENCHMARK] 1654768485553,CSR
glCanvas.js:1127 [BENCHMARK] 1654768485557,CSR
glCanvas.js:1127 [BENCHMARK] 1654768485559,CSR
glCanvas.js:1127 [BENCHMARK] 1654768485562,CSR
glCanvas.js:1127 [BENCHMARK] 1654768485563,CSR
glCanvas.js:1127 [BENCHMARK] 1654768485568,CSR
glCanvas.js:1127 [BENCHMARK] 1654768485568,CSR
glCanvas.js:1127 [BENCHMARK] 1654768485609,CSR
glCanvas.js:1127 [BENCHMARK] 1654768485611,CSR
glCanvas.js:1127 [BENCHMARK] 1654768485614,CSR
glCanvas.js:1127 [BENCHMARK] 1654768485616,CSR
glCanvas.js:1127 [BENCHMARK] 1654768485618,CSR
glCanvas.js:1127 [BENCHMARK] 1654768485619,CSR
glCanvas.js:1127 [BENCHMARK] 1654768485620,CSR
glCanvas.js:1127 [BENCHMARK] 1654768485621,CSR
glCanvas.js:1127 [BENCHMARK] 1654768485622,CSR
glCanvas.js:1127 [BENCHMARK] 1654768485623,CSR
glCanvas.js:1127 [BENCHMARK] 1654768485881,CSR
glCanvas.js:1127 [BENCHMARK] 1654768486613,CSR
glCanvas.js:1127 [BENCHMARK] 1654768486618,CSR
glCanvas.js:1127 [BENCHMARK] 1654768486624,CSR
glCanvas.js:1127 [BENCHMARK] 1654768486629,CSR
glCanvas.js:1127 [BENCHMARK] 1654768486635,CSR
glCanvas.js:1127 [BENCHMARK] 1654768486641,CSR
glCanvas.js:1127 [BENCHMARK] 1654768486682,CSR
glCanvas.js:1127 [BENCHMARK] 1654768486683,CSR
glCanvas.js:1127 [BENCHMARK] 1654768486684,CSR
glCanvas.js:1127 [BENCHMARK] 1654768486685,CSR
glCanvas.js:1127 [BENCHMARK] 1654768486686,CSR
glCanvas.js:1127 [BENCHMARK] 1654768486686,CSR
glCanvas.js:1127 [BENCHMARK] 1654768486687,CSR
glCanvas.js:1127 [BENCHMARK] 1654768486895,CSR
glCanvas.js:1127 [BENCHMARK] 1654768486902,CSR
glCanvas.js:1127 [BENCHMARK] 1654768486908,CSR
glCanvas.js:1127 [BENCHMARK] 1654768486913,CSR
glCanvas.js:1127 [BENCHMARK] 1654768486919,CSR
glCanvas.js:1127 [BENCHMARK] 1654768486925,CSR
glCanvas.js:1127 [BENCHMARK] 1654768486930,CSR
glCanvas.js:1127 [BENCHMARK] 1654768486936,CSR
glCanvas.js:1127 [BENCHMARK] 1654768486942,CSR
glCanvas.js:1127 [BENCHMARK] 1654768486947,CSR
glCanvas.js:1127 [BENCHMARK] 1654768486952,CSR
glCanvas.js:1127 [BENCHMARK] 1654768486958,CSR
glCanvas.js:1127 [BENCHMARK] 1654768486964,CSR
glCanvas.js:1127 [BENCHMARK] 1654768487178,CSR
glCanvas.js:1127 [BENCHMARK] 1654768487192,CSR
glCanvas.js:1127 [BENCHMARK] 1654768487203,CSR
glCanvas.js:1127 [BENCHMARK] 1654768487216,CSR
glCanvas.js:1127 [BENCHMARK] 1654768487230,CSR
glCanvas.js:1127 [BENCHMARK] 1654768487242,CSR
glCanvas.js:1127 [BENCHMARK] 1654768487255,CSR
glCanvas.js:1127 [BENCHMARK] 1654768487268,CSR
glCanvas.js:1127 [BENCHMARK] 1654768487282,CSR
glCanvas.js:1127 [BENCHMARK] 1654768487295,CSR
glCanvas.js:1127 [BENCHMARK] 1654768487516,CSR
glCanvas.js:1127 [BENCHMARK] 1654768487529,CSR
glCanvas.js:1127 [BENCHMARK] 1654768487542,CSR
glCanvas.js:1127 [BENCHMARK] 1654768487556,CSR
glCanvas.js:1127 [BENCHMARK] 1654768487569,CSR
glCanvas.js:1127 [BENCHMARK] 1654768487582,CSR
glCanvas.js:1127 [BENCHMARK] 1654768487595,CSR
glCanvas.js:1127 [BENCHMARK] 1654768487608,CSR
glCanvas.js:1127 [BENCHMARK] 1654768487621,CSR
glCanvas.js:1127 [BENCHMARK] 1654768487634,CSR
glCanvas.js:1127 [BENCHMARK] 1654768487889,CSR
glCanvas.js:1127 [BENCHMARK] 1654768488897,CSR
glCanvas.js:1127 [BENCHMARK] 1654768489656,CSR
glCanvas.js:1127 [BENCHMARK] 1654768489658,CSR
glCanvas.js:1127 [BENCHMARK] 1654768489661,CSR
glCanvas.js:1127 [BENCHMARK] 1654768489662,CSR
glCanvas.js:1127 [BENCHMARK] 1654768489671,CSR
glCanvas.js:1127 [BENCHMARK] 1654768489671,CSR
glCanvas.js:1127 [BENCHMARK] 1654768489673,CSR
glCanvas.js:1127 [BENCHMARK] 1654768489674,CSR
glCanvas.js:1127 [BENCHMARK] 1654768489698,CSR
glCanvas.js:1127 [BENCHMARK] 1654768489699,CSR
glCanvas.js:1127 [BENCHMARK] 1654768489700,CSR
glCanvas.js:1127 [BENCHMARK] 1654768489700,CSR
glCanvas.js:1127 [BENCHMARK] 1654768489701,CSR
glCanvas.js:1127 [BENCHMARK] 1654768489702,CSR
glCanvas.js:1127 [BENCHMARK] 1654768489702,CSR
glCanvas.js:1127 [BENCHMARK] 1654768489703,CSR
glCanvas.js:1127 [BENCHMARK] 1654768489704,CSR
glCanvas.js:1127 [BENCHMARK] 1654768489704,CSR
glCanvas.js:1127 [BENCHMARK] 1654768489708,CSR
glCanvas.js:1127 [BENCHMARK] 1654768489709,CSR
glCanvas.js:1127 [BENCHMARK] 1654768489920,CSR
glCanvas.js:1127 [BENCHMARK] 1654768489922,CSR
glCanvas.js:1127 [BENCHMARK] 1654768489926,CSR
glCanvas.js:1127 [BENCHMARK] 1654768489928,CSR
glCanvas.js:1127 [BENCHMARK] 1654768489933,CSR
glCanvas.js:1127 [BENCHMARK] 1654768489934,CSR
glCanvas.js:1127 [BENCHMARK] 1654768489938,CSR
glCanvas.js:1127 [BENCHMARK] 1654768489939,CSR
glCanvas.js:1127 [BENCHMARK] 1654768489943,CSR
glCanvas.js:1127 [BENCHMARK] 1654768489943,CSR
glCanvas.js:1127 [BENCHMARK] 1654768489948,CSR
glCanvas.js:1127 [BENCHMARK] 1654768489949,CSR
glCanvas.js:1127 [BENCHMARK] 1654768489995,CSR
glCanvas.js:1127 [BENCHMARK] 1654768489997,CSR
glCanvas.js:1127 [BENCHMARK] 1654768490000,CSR
glCanvas.js:1127 [BENCHMARK] 1654768490001,CSR
glCanvas.js:1127 [BENCHMARK] 1654768490003,CSR
glCanvas.js:1127 [BENCHMARK] 1654768490005,CSR
glCanvas.js:1127 [BENCHMARK] 1654768490007,CSR
glCanvas.js:1127 [BENCHMARK] 1654768490008,CSR
glCanvas.js:1127 [BENCHMARK] 1654768490184,CSR
glCanvas.js:1127 [BENCHMARK] 1654768490186,CSR
glCanvas.js:1127 [BENCHMARK] 1654768490190,CSR
glCanvas.js:1127 [BENCHMARK] 1654768490191,CSR
glCanvas.js:1127 [BENCHMARK] 1654768490195,CSR
glCanvas.js:1127 [BENCHMARK] 1654768490196,CSR
glCanvas.js:1127 [BENCHMARK] 1654768490200,CSR
glCanvas.js:1127 [BENCHMARK] 1654768490202,CSR
glCanvas.js:1127 [BENCHMARK] 1654768490206,CSR
glCanvas.js:1127 [BENCHMARK] 1654768490207,CSR
glCanvas.js:1127 [BENCHMARK] 1654768490212,CSR
glCanvas.js:1127 [BENCHMARK] 1654768490213,CSR
glCanvas.js:1127 [BENCHMARK] 1654768490217,CSR
glCanvas.js:1127 [BENCHMARK] 1654768490218,CSR
glCanvas.js:1127 [BENCHMARK] 1654768490230,CSR
glCanvas.js:1127 [BENCHMARK] 1654768490231,CSR
glCanvas.js:1127 [BENCHMARK] 1654768490232,CSR
glCanvas.js:1127 [BENCHMARK] 1654768490233,CSR
glCanvas.js:1127 [BENCHMARK] 1654768490234,CSR
glCanvas.js:1127 [BENCHMARK] 1654768490235,CSR
glCanvas.js:1127 [BENCHMARK] 1654768490448,CSR
glCanvas.js:1127 [BENCHMARK] 1654768490449,CSR
glCanvas.js:1127 [BENCHMARK] 1654768490454,CSR
glCanvas.js:1127 [BENCHMARK] 1654768490456,CSR
glCanvas.js:1127 [BENCHMARK] 1654768490460,CSR
glCanvas.js:1127 [BENCHMARK] 1654768490461,CSR
glCanvas.js:1127 [BENCHMARK] 1654768490465,CSR
glCanvas.js:1127 [BENCHMARK] 1654768490465,CSR
glCanvas.js:1127 [BENCHMARK] 1654768490470,CSR
glCanvas.js:1127 [BENCHMARK] 1654768490470,CSR
glCanvas.js:1127 [BENCHMARK] 1654768490476,CSR
glCanvas.js:1127 [BENCHMARK] 1654768490476,CSR
glCanvas.js:1127 [BENCHMARK] 1654768490493,CSR
glCanvas.js:1127 [BENCHMARK] 1654768490494,CSR
glCanvas.js:1127 [BENCHMARK] 1654768490495,CSR
glCanvas.js:1127 [BENCHMARK] 1654768490496,CSR
glCanvas.js:1127 [BENCHMARK] 1654768490497,CSR
glCanvas.js:1127 [BENCHMARK] 1654768490497,CSR
glCanvas.js:1127 [BENCHMARK] 1654768490499,CSR
glCanvas.js:1127 [BENCHMARK] 1654768490500,CSR
glCanvas.js:1127 [BENCHMARK] 1654768490503,CSR
glCanvas.js:1127 [BENCHMARK] 1654768490504,CSR
glCanvas.js:1127 [BENCHMARK] 1654768490509,CSR
glCanvas.js:1127 [BENCHMARK] 1654768490510,CSR
glCanvas.js:1127 [BENCHMARK] 1654768490723,CSR
glCanvas.js:1127 [BENCHMARK] 1654768490725,CSR
glCanvas.js:1127 [BENCHMARK] 1654768490729,CSR
glCanvas.js:1127 [BENCHMARK] 1654768490732,CSR
glCanvas.js:1127 [BENCHMARK] 1654768490735,CSR
glCanvas.js:1127 [BENCHMARK] 1654768490737,CSR
glCanvas.js:1127 [BENCHMARK] 1654768490753,CSR
glCanvas.js:1127 [BENCHMARK] 1654768490754,CSR
glCanvas.js:1127 [BENCHMARK] 1654768490756,CSR
glCanvas.js:1127 [BENCHMARK] 1654768490756,CSR
glCanvas.js:1127 [BENCHMARK] 1654768490757,CSR
glCanvas.js:1127 [BENCHMARK] 1654768490757,CSR
glCanvas.js:1127 [BENCHMARK] 1654768490758,CSR
glCanvas.js:1127 [BENCHMARK] 1654768490759,CSR
glCanvas.js:1127 [BENCHMARK] 1654768490764,CSR
glCanvas.js:1127 [BENCHMARK] 1654768490765,CSR
glCanvas.js:1127 [BENCHMARK] 1654768490769,CSR
glCanvas.js:1127 [BENCHMARK] 1654768490770,CSR
glCanvas.js:1127 [BENCHMARK] 1654768490775,CSR
glCanvas.js:1127 [BENCHMARK] 1654768490775,CSR
glCanvas.js:1127 [BENCHMARK] 1654768490780,CSR
glCanvas.js:1127 [BENCHMARK] 1654768490781,CSR
glCanvas.js:1127 [BENCHMARK] 1654768490786,CSR
glCanvas.js:1127 [BENCHMARK] 1654768490786,CSR
glCanvas.js:1127 [BENCHMARK] 1654768491041,CSR
glCanvas.js:1127 [BENCHMARK] 1654768492049,CSR
