glCanvas.js:1107 [BENCHMARK] 1654768656437,X
glCanvas.js:1107 [BENCHMARK] 1654768656443,X
glCanvas.js:1107 [BENCHMARK] 1654768656447,X
glCanvas.js:1107 [BENCHMARK] 1654768656643,X
glCanvas.js:1107 [BENCHMARK] 1654768657018,X
glCanvas.js:1107 [BENCHMARK] 1654768657028,X
glCanvas.js:1127 [BENCHMARK] 1654768657048,SSR
manager.js:159 [BENCHMARK] 1654768657557,firstRender
glCanvas.js:1127 [BENCHMARK] 1654768657570,SSR
glCanvas.js:1127 [BENCHMARK] 1654768657574,SSR
glCanvas.js:1127 [BENCHMARK] 1654768657578,SSR
glCanvas.js:1127 [BENCHMARK] 1654768657581,SSR
glCanvas.js:1127 [BENCHMARK] 1654768657585,SSR
glCanvas.js:1127 [BENCHMARK] 1654768657610,SSR
glCanvas.js:1127 [BENCHMARK] 1654768657614,SSR
glCanvas.js:1127 [BENCHMARK] 1654768657618,CSR
glCanvas.js:1127 [BENCHMARK] 1654768657637,CSR
glCanvas.js:1127 [BENCHMARK] 1654768657640,CSR
glCanvas.js:1127 [BENCHMARK] 1654768657645,CSR
glCanvas.js:1127 [BENCHMARK] 1654768657647,CSR
glCanvas.js:1127 [BENCHMARK] 1654768657651,CSR
glCanvas.js:1127 [BENCHMARK] 1654768657655,CSR
glCanvas.js:1127 [BENCHMARK] 1654768657660,CSR
glCanvas.js:1127 [BENCHMARK] 1654768657661,CSR
glCanvas.js:1127 [BENCHMARK] 1654768657663,CSR
glCanvas.js:1127 [BENCHMARK] 1654768657665,CSR
glCanvas.js:1127 [BENCHMARK] 1654768657683,CSR
glCanvas.js:1127 [BENCHMARK] 1654768657877,CSR
glCanvas.js:1127 [BENCHMARK] 1654768657920,CSR
glCanvas.js:1127 [BENCHMARK] 1654768657962,CSR
glCanvas.js:1127 [BENCHMARK] 1654768658080,CSR
glCanvas.js:1127 [BENCHMARK] 1654768658124,CSR
glCanvas.js:1127 [BENCHMARK] 1654768658162,CSR
glCanvas.js:1127 [BENCHMARK] 1654768658202,CSR
glCanvas.js:1127 [BENCHMARK] 1654768658242,CSR
glCanvas.js:1127 [BENCHMARK] 1654768658286,CSR
glCanvas.js:1127 [BENCHMARK] 1654768658326,CSR
glCanvas.js:1127 [BENCHMARK] 1654768658368,CSR
glCanvas.js:1127 [BENCHMARK] 1654768658568,CSR
glCanvas.js:1127 [BENCHMARK] 1654768658572,CSR
glCanvas.js:1127 [BENCHMARK] 1654768658671,CSR
glCanvas.js:1127 [BENCHMARK] 1654768658713,CSR
glCanvas.js:1127 [BENCHMARK] 1654768658782,CSR
glCanvas.js:1127 [BENCHMARK] 1654768658783,CSR
glCanvas.js:1127 [BENCHMARK] 1654768658810,CSR
glCanvas.js:1127 [BENCHMARK] 1654768658811,CSR
glCanvas.js:1127 [BENCHMARK] 1654768658841,CSR
glCanvas.js:1127 [BENCHMARK] 1654768658842,CSR
glCanvas.js:1127 [BENCHMARK] 1654768658873,CSR
glCanvas.js:1127 [BENCHMARK] 1654768658874,CSR
glCanvas.js:1127 [BENCHMARK] 1654768658903,CSR
glCanvas.js:1127 [BENCHMARK] 1654768658905,CSR
glCanvas.js:1127 [BENCHMARK] 1654768659075,CSR
glCanvas.js:1127 [BENCHMARK] 1654768659075,CSR
glCanvas.js:1127 [BENCHMARK] 1654768659077,CSR
glCanvas.js:1127 [BENCHMARK] 1654768659077,CSR
glCanvas.js:1127 [BENCHMARK] 1654768659078,CSR
glCanvas.js:1127 [BENCHMARK] 1654768659079,CSR
glCanvas.js:1127 [BENCHMARK] 1654768659082,CSR
glCanvas.js:1127 [BENCHMARK] 1654768659082,CSR
glCanvas.js:1127 [BENCHMARK] 1654768659083,CSR
glCanvas.js:1127 [BENCHMARK] 1654768659084,CSR
glCanvas.js:1127 [BENCHMARK] 1654768659297,CSR
glCanvas.js:1127 [BENCHMARK] 1654768659299,CSR
glCanvas.js:1127 [BENCHMARK] 1654768659328,CSR
glCanvas.js:1127 [BENCHMARK] 1654768659330,CSR
glCanvas.js:1127 [BENCHMARK] 1654768659359,CSR
glCanvas.js:1127 [BENCHMARK] 1654768659360,CSR
glCanvas.js:1127 [BENCHMARK] 1654768659391,CSR
glCanvas.js:1127 [BENCHMARK] 1654768659393,CSR
glCanvas.js:1127 [BENCHMARK] 1654768659422,CSR
glCanvas.js:1127 [BENCHMARK] 1654768659424,CSR
glCanvas.js:1127 [BENCHMARK] 1654768659453,CSR
glCanvas.js:1127 [BENCHMARK] 1654768659455,CSR
glCanvas.js:1127 [BENCHMARK] 1654768659485,CSR
glCanvas.js:1127 [BENCHMARK] 1654768659487,CSR
glCanvas.js:1127 [BENCHMARK] 1654768659516,CSR
glCanvas.js:1127 [BENCHMARK] 1654768659518,CSR
glCanvas.js:1127 [BENCHMARK] 1654768659548,CSR
glCanvas.js:1127 [BENCHMARK] 1654768659550,CSR
glCanvas.js:1127 [BENCHMARK] 1654768659580,CSR
glCanvas.js:1127 [BENCHMARK] 1654768659582,CSR
glCanvas.js:1107 [BENCHMARK] 1654768659819,X
glCanvas.js:1107 [BENCHMARK] 1654768659821,X
glCanvas.js:1127 [BENCHMARK] 1654768659851,CSR
glCanvas.js:1127 [BENCHMARK] 1654768659852,CSR
glCanvas.js:1127 [BENCHMARK] 1654768659882,CSR
glCanvas.js:1127 [BENCHMARK] 1654768659884,CSR
glCanvas.js:1107 [BENCHMARK] 1654768659914,X
glCanvas.js:1107 [BENCHMARK] 1654768659916,X
glCanvas.js:1107 [BENCHMARK] 1654768659946,X
glCanvas.js:1107 [BENCHMARK] 1654768659947,X
glCanvas.js:1107 [BENCHMARK] 1654768659977,X
glCanvas.js:1107 [BENCHMARK] 1654768659979,X
glCanvas.js:1107 [BENCHMARK] 1654768660009,X
glCanvas.js:1107 [BENCHMARK] 1654768660010,X
glCanvas.js:1107 [BENCHMARK] 1654768660040,X
glCanvas.js:1107 [BENCHMARK] 1654768660041,X
glCanvas.js:1107 [BENCHMARK] 1654768660071,X
glCanvas.js:1107 [BENCHMARK] 1654768660073,X
glCanvas.js:1107 [BENCHMARK] 1654768660102,X
glCanvas.js:1107 [BENCHMARK] 1654768660104,X
glCanvas.js:1107 [BENCHMARK] 1654768660353,X
glCanvas.js:1127 [BENCHMARK] 1654768660602,SSR
glCanvas.js:1127 [BENCHMARK] 1654768660606,CSR
glCanvas.js:1127 [BENCHMARK] 1654768660610,CSR
glCanvas.js:1127 [BENCHMARK] 1654768660612,CSR
glCanvas.js:1127 [BENCHMARK] 1654768660627,CSR
glCanvas.js:1127 [BENCHMARK] 1654768660630,CSR
glCanvas.js:1127 [BENCHMARK] 1654768660633,CSR
glCanvas.js:1127 [BENCHMARK] 1654768660645,CSR
glCanvas.js:1127 [BENCHMARK] 1654768660647,CSR
glCanvas.js:1127 [BENCHMARK] 1654768660649,CSR
glCanvas.js:1127 [BENCHMARK] 1654768660808,CSR
glCanvas.js:1127 [BENCHMARK] 1654768660830,CSR
glCanvas.js:1127 [BENCHMARK] 1654768660834,CSR
glCanvas.js:1127 [BENCHMARK] 1654768660836,CSR
glCanvas.js:1127 [BENCHMARK] 1654768660839,CSR
glCanvas.js:1127 [BENCHMARK] 1654768660854,CSR
glCanvas.js:1127 [BENCHMARK] 1654768660856,CSR
glCanvas.js:1127 [BENCHMARK] 1654768660869,CSR
glCanvas.js:1127 [BENCHMARK] 1654768660874,CSR
glCanvas.js:1127 [BENCHMARK] 1654768660881,CSR
glCanvas.js:1127 [BENCHMARK] 1654768661012,CSR
glCanvas.js:1127 [BENCHMARK] 1654768661115,CSR
glCanvas.js:1127 [BENCHMARK] 1654768661117,CSR
glCanvas.js:1127 [BENCHMARK] 1654768661120,CSR
glCanvas.js:1127 [BENCHMARK] 1654768661122,CSR
glCanvas.js:1127 [BENCHMARK] 1654768661140,CSR
glCanvas.js:1127 [BENCHMARK] 1654768661142,CSR
glCanvas.js:1127 [BENCHMARK] 1654768661144,CSR
glCanvas.js:1127 [BENCHMARK] 1654768661151,CSR
glCanvas.js:1127 [BENCHMARK] 1654768661153,CSR
glCanvas.js:1127 [BENCHMARK] 1654768661155,CSR
glCanvas.js:1127 [BENCHMARK] 1654768661231,CSR
glCanvas.js:1127 [BENCHMARK] 1654768661239,CSR
glCanvas.js:1127 [BENCHMARK] 1654768661341,CSR
glCanvas.js:1127 [BENCHMARK] 1654768661347,CSR
glCanvas.js:1127 [BENCHMARK] 1654768661352,CSR
glCanvas.js:1127 [BENCHMARK] 1654768661355,CSR
glCanvas.js:1127 [BENCHMARK] 1654768661358,CSR
glCanvas.js:1127 [BENCHMARK] 1654768661379,CSR
glCanvas.js:1127 [BENCHMARK] 1654768661383,CSR
glCanvas.js:1127 [BENCHMARK] 1654768661399,CSR
glCanvas.js:1127 [BENCHMARK] 1654768661405,CSR
glCanvas.js:1127 [BENCHMARK] 1654768661410,CSR
glCanvas.js:1127 [BENCHMARK] 1654768661442,CSR
glCanvas.js:1127 [BENCHMARK] 1654768661444,CSR
glCanvas.js:1127 [BENCHMARK] 1654768661544,CSR
glCanvas.js:1127 [BENCHMARK] 1654768661569,CSR
glCanvas.js:1127 [BENCHMARK] 1654768661572,CSR
glCanvas.js:1127 [BENCHMARK] 1654768661577,CSR
glCanvas.js:1127 [BENCHMARK] 1654768661590,CSR
glCanvas.js:1127 [BENCHMARK] 1654768661604,CSR
glCanvas.js:1127 [BENCHMARK] 1654768661606,CSR
glCanvas.js:1127 [BENCHMARK] 1654768661609,CSR
glCanvas.js:1127 [BENCHMARK] 1654768661615,CSR
glCanvas.js:1127 [BENCHMARK] 1654768661617,CSR
glCanvas.js:1127 [BENCHMARK] 1654768661644,CSR
glCanvas.js:1127 [BENCHMARK] 1654768661650,CSR
glCanvas.js:1127 [BENCHMARK] 1654768661747,CSR
glCanvas.js:1127 [BENCHMARK] 1654768661791,CSR
glCanvas.js:1127 [BENCHMARK] 1654768661796,CSR
glCanvas.js:1127 [BENCHMARK] 1654768661800,CSR
glCanvas.js:1127 [BENCHMARK] 1654768661803,CSR
glCanvas.js:1127 [BENCHMARK] 1654768661810,CSR
glCanvas.js:1127 [BENCHMARK] 1654768661814,CSR
glCanvas.js:1127 [BENCHMARK] 1654768661817,CSR
glCanvas.js:1127 [BENCHMARK] 1654768661846,CSR
glCanvas.js:1127 [BENCHMARK] 1654768661855,CSR
glCanvas.js:1127 [BENCHMARK] 1654768661861,CSR
glCanvas.js:1127 [BENCHMARK] 1654768662002,CSR
glCanvas.js:1127 [BENCHMARK] 1654768662011,CSR
glCanvas.js:1127 [BENCHMARK] 1654768662019,CSR
glCanvas.js:1127 [BENCHMARK] 1654768662027,CSR
glCanvas.js:1127 [BENCHMARK] 1654768662029,CSR
glCanvas.js:1127 [BENCHMARK] 1654768662048,CSR
glCanvas.js:1127 [BENCHMARK] 1654768662050,CSR
filmbox2.js:1550 [BENCHMARK] 1654768662051,fullLoad
glCanvas.js:1127 [BENCHMARK] 1654768663009,CSR
glCanvas.js:1127 [BENCHMARK] 1654768664857,CSR
glCanvas.js:1127 [BENCHMARK] 1654768664859,CSR
glCanvas.js:1127 [BENCHMARK] 1654768665058,CSR
glCanvas.js:1127 [BENCHMARK] 1654768665060,CSR
glCanvas.js:1127 [BENCHMARK] 1654768665260,CSR
glCanvas.js:1127 [BENCHMARK] 1654768665263,CSR
glCanvas.js:1127 [BENCHMARK] 1654768665463,CSR
glCanvas.js:1127 [BENCHMARK] 1654768665465,CSR
glCanvas.js:1127 [BENCHMARK] 1654768665664,CSR
glCanvas.js:1127 [BENCHMARK] 1654768665666,CSR
glCanvas.js:1127 [BENCHMARK] 1654768665921,CSR
glCanvas.js:1127 [BENCHMARK] 1654768666874,CSR
glCanvas.js:1127 [BENCHMARK] 1654768666876,CSR
glCanvas.js:1127 [BENCHMARK] 1654768666946,CSR
glCanvas.js:1127 [BENCHMARK] 1654768666948,CSR
glCanvas.js:1127 [BENCHMARK] 1654768667016,CSR
glCanvas.js:1127 [BENCHMARK] 1654768667019,CSR
glCanvas.js:1127 [BENCHMARK] 1654768667087,CSR
glCanvas.js:1127 [BENCHMARK] 1654768667088,CSR
glCanvas.js:1127 [BENCHMARK] 1654768667158,CSR
glCanvas.js:1127 [BENCHMARK] 1654768667159,CSR
glCanvas.js:1127 [BENCHMARK] 1654768667230,CSR
glCanvas.js:1127 [BENCHMARK] 1654768667232,CSR
glCanvas.js:1127 [BENCHMARK] 1654768667302,CSR
glCanvas.js:1127 [BENCHMARK] 1654768667304,CSR
glCanvas.js:1127 [BENCHMARK] 1654768667553,CSR
glCanvas.js:1127 [BENCHMARK] 1654768668561,CSR
glCanvas.js:1127 [BENCHMARK] 1654768669381,CSR
glCanvas.js:1127 [BENCHMARK] 1654768669383,CSR
glCanvas.js:1127 [BENCHMARK] 1654768669451,CSR
glCanvas.js:1127 [BENCHMARK] 1654768669452,CSR
glCanvas.js:1127 [BENCHMARK] 1654768669524,CSR
glCanvas.js:1127 [BENCHMARK] 1654768669525,CSR
glCanvas.js:1127 [BENCHMARK] 1654768669595,CSR
glCanvas.js:1127 [BENCHMARK] 1654768669597,CSR
glCanvas.js:1127 [BENCHMARK] 1654768669668,CSR
glCanvas.js:1127 [BENCHMARK] 1654768669669,CSR
glCanvas.js:1127 [BENCHMARK] 1654768669739,CSR
glCanvas.js:1127 [BENCHMARK] 1654768669741,CSR
glCanvas.js:1127 [BENCHMARK] 1654768669811,CSR
glCanvas.js:1127 [BENCHMARK] 1654768669813,CSR
glCanvas.js:1127 [BENCHMARK] 1654768669883,CSR
glCanvas.js:1127 [BENCHMARK] 1654768669885,CSR
glCanvas.js:1127 [BENCHMARK] 1654768669955,CSR
glCanvas.js:1127 [BENCHMARK] 1654768669957,CSR
glCanvas.js:1127 [BENCHMARK] 1654768670027,CSR
glCanvas.js:1127 [BENCHMARK] 1654768670028,CSR
glCanvas.js:1127 [BENCHMARK] 1654768670281,CSR
glCanvas.js:1127 [BENCHMARK] 1654768670306,CSR
glCanvas.js:1127 [BENCHMARK] 1654768670309,CSR
glCanvas.js:1127 [BENCHMARK] 1654768670338,CSR
glCanvas.js:1127 [BENCHMARK] 1654768670340,CSR
glCanvas.js:1127 [BENCHMARK] 1654768670370,CSR
glCanvas.js:1127 [BENCHMARK] 1654768670372,CSR
glCanvas.js:1127 [BENCHMARK] 1654768670400,CSR
glCanvas.js:1127 [BENCHMARK] 1654768670401,CSR
glCanvas.js:1127 [BENCHMARK] 1654768670432,CSR
glCanvas.js:1127 [BENCHMARK] 1654768670433,CSR
glCanvas.js:1127 [BENCHMARK] 1654768670463,CSR
glCanvas.js:1127 [BENCHMARK] 1654768670465,CSR
glCanvas.js:1127 [BENCHMARK] 1654768670494,CSR
glCanvas.js:1127 [BENCHMARK] 1654768670496,CSR
glCanvas.js:1127 [BENCHMARK] 1654768670526,CSR
glCanvas.js:1127 [BENCHMARK] 1654768670527,CSR
glCanvas.js:1127 [BENCHMARK] 1654768670557,CSR
glCanvas.js:1127 [BENCHMARK] 1654768670559,CSR
glCanvas.js:1127 [BENCHMARK] 1654768670589,CSR
glCanvas.js:1127 [BENCHMARK] 1654768670590,CSR
glCanvas.js:1127 [BENCHMARK] 1654768670828,CSR
glCanvas.js:1127 [BENCHMARK] 1654768670830,CSR
glCanvas.js:1127 [BENCHMARK] 1654768670859,CSR
glCanvas.js:1127 [BENCHMARK] 1654768670861,CSR
glCanvas.js:1127 [BENCHMARK] 1654768670891,CSR
glCanvas.js:1127 [BENCHMARK] 1654768670893,CSR
glCanvas.js:1127 [BENCHMARK] 1654768670922,CSR
glCanvas.js:1127 [BENCHMARK] 1654768670923,CSR
glCanvas.js:1127 [BENCHMARK] 1654768670953,CSR
glCanvas.js:1127 [BENCHMARK] 1654768670955,CSR
glCanvas.js:1127 [BENCHMARK] 1654768670985,CSR
glCanvas.js:1127 [BENCHMARK] 1654768670987,CSR
glCanvas.js:1127 [BENCHMARK] 1654768671016,CSR
glCanvas.js:1127 [BENCHMARK] 1654768671018,CSR
glCanvas.js:1127 [BENCHMARK] 1654768671048,CSR
glCanvas.js:1127 [BENCHMARK] 1654768671050,CSR
glCanvas.js:1127 [BENCHMARK] 1654768671079,CSR
glCanvas.js:1127 [BENCHMARK] 1654768671081,CSR
glCanvas.js:1127 [BENCHMARK] 1654768671110,CSR
glCanvas.js:1127 [BENCHMARK] 1654768671112,CSR
glCanvas.js:1127 [BENCHMARK] 1654768671361,CSR
glCanvas.js:1127 [BENCHMARK] 1654768672369,CSR
glCanvas.js:1127 [BENCHMARK] 1654768674150,CSR
glCanvas.js:1127 [BENCHMARK] 1654768674352,CSR
glCanvas.js:1127 [BENCHMARK] 1654768674553,CSR
glCanvas.js:1127 [BENCHMARK] 1654768674756,CSR
glCanvas.js:1127 [BENCHMARK] 1654768674958,CSR
glCanvas.js:1127 [BENCHMARK] 1654768675209,CSR
glCanvas.js:1127 [BENCHMARK] 1654768676168,CSR
glCanvas.js:1127 [BENCHMARK] 1654768676239,CSR
glCanvas.js:1127 [BENCHMARK] 1654768676312,CSR
glCanvas.js:1127 [BENCHMARK] 1654768676380,CSR
glCanvas.js:1127 [BENCHMARK] 1654768676452,CSR
glCanvas.js:1127 [BENCHMARK] 1654768676524,CSR
glCanvas.js:1127 [BENCHMARK] 1654768676595,CSR
glCanvas.js:1127 [BENCHMARK] 1654768676667,CSR
glCanvas.js:1127 [BENCHMARK] 1654768676739,CSR
glCanvas.js:1127 [BENCHMARK] 1654768676810,CSR
glCanvas.js:1127 [BENCHMARK] 1654768677060,CSR
glCanvas.js:1127 [BENCHMARK] 1654768677161,CSR
glCanvas.js:1127 [BENCHMARK] 1654768677163,CSR
glCanvas.js:1127 [BENCHMARK] 1654768677228,CSR
glCanvas.js:1127 [BENCHMARK] 1654768677300,CSR
glCanvas.js:1127 [BENCHMARK] 1654768677372,CSR
glCanvas.js:1127 [BENCHMARK] 1654768677443,CSR
glCanvas.js:1127 [BENCHMARK] 1654768677515,CSR
glCanvas.js:1127 [BENCHMARK] 1654768677587,CSR
glCanvas.js:1127 [BENCHMARK] 1654768677659,CSR
glCanvas.js:1127 [BENCHMARK] 1654768677731,CSR
glCanvas.js:1127 [BENCHMARK] 1654768677985,CSR
glCanvas.js:1127 [BENCHMARK] 1654768678809,CSR
glCanvas.js:1127 [BENCHMARK] 1654768678812,CSR
glCanvas.js:1127 [BENCHMARK] 1654768678840,CSR
glCanvas.js:1127 [BENCHMARK] 1654768678842,CSR
glCanvas.js:1127 [BENCHMARK] 1654768678872,CSR
glCanvas.js:1127 [BENCHMARK] 1654768678875,CSR
glCanvas.js:1127 [BENCHMARK] 1654768678904,CSR
glCanvas.js:1127 [BENCHMARK] 1654768678905,CSR
glCanvas.js:1127 [BENCHMARK] 1654768678935,CSR
glCanvas.js:1127 [BENCHMARK] 1654768678938,CSR
glCanvas.js:1127 [BENCHMARK] 1654768678967,CSR
glCanvas.js:1127 [BENCHMARK] 1654768678969,CSR
glCanvas.js:1127 [BENCHMARK] 1654768678999,CSR
glCanvas.js:1127 [BENCHMARK] 1654768679002,CSR
glCanvas.js:1127 [BENCHMARK] 1654768679030,CSR
glCanvas.js:1127 [BENCHMARK] 1654768679032,CSR
glCanvas.js:1127 [BENCHMARK] 1654768679062,CSR
glCanvas.js:1127 [BENCHMARK] 1654768679064,CSR
glCanvas.js:1127 [BENCHMARK] 1654768679094,CSR
glCanvas.js:1127 [BENCHMARK] 1654768679096,CSR
glCanvas.js:1127 [BENCHMARK] 1654768679336,CSR
glCanvas.js:1127 [BENCHMARK] 1654768679337,CSR
glCanvas.js:1127 [BENCHMARK] 1654768679366,CSR
glCanvas.js:1127 [BENCHMARK] 1654768679367,CSR
glCanvas.js:1127 [BENCHMARK] 1654768679397,CSR
glCanvas.js:1127 [BENCHMARK] 1654768679399,CSR
glCanvas.js:1127 [BENCHMARK] 1654768679429,CSR
glCanvas.js:1127 [BENCHMARK] 1654768679432,CSR
glCanvas.js:1127 [BENCHMARK] 1654768679461,CSR
glCanvas.js:1127 [BENCHMARK] 1654768679462,CSR
glCanvas.js:1127 [BENCHMARK] 1654768679492,CSR
glCanvas.js:1127 [BENCHMARK] 1654768679493,CSR
glCanvas.js:1127 [BENCHMARK] 1654768679523,CSR
glCanvas.js:1127 [BENCHMARK] 1654768679525,CSR
glCanvas.js:1127 [BENCHMARK] 1654768679555,CSR
glCanvas.js:1127 [BENCHMARK] 1654768679558,CSR
glCanvas.js:1127 [BENCHMARK] 1654768679586,CSR
glCanvas.js:1127 [BENCHMARK] 1654768679588,CSR
glCanvas.js:1127 [BENCHMARK] 1654768679618,CSR
glCanvas.js:1127 [BENCHMARK] 1654768679620,CSR
glCanvas.js:1127 [BENCHMARK] 1654768679857,CSR
glCanvas.js:1127 [BENCHMARK] 1654768679859,CSR
glCanvas.js:1127 [BENCHMARK] 1654768679889,CSR
glCanvas.js:1127 [BENCHMARK] 1654768679891,CSR
glCanvas.js:1127 [BENCHMARK] 1654768679921,CSR
glCanvas.js:1127 [BENCHMARK] 1654768679923,CSR
glCanvas.js:1127 [BENCHMARK] 1654768679953,CSR
glCanvas.js:1127 [BENCHMARK] 1654768679955,CSR
glCanvas.js:1127 [BENCHMARK] 1654768679984,CSR
glCanvas.js:1127 [BENCHMARK] 1654768679986,CSR
glCanvas.js:1127 [BENCHMARK] 1654768680016,CSR
glCanvas.js:1127 [BENCHMARK] 1654768680017,CSR
glCanvas.js:1127 [BENCHMARK] 1654768680047,CSR
glCanvas.js:1127 [BENCHMARK] 1654768680049,CSR
glCanvas.js:1127 [BENCHMARK] 1654768680078,CSR
glCanvas.js:1127 [BENCHMARK] 1654768680080,CSR
glCanvas.js:1127 [BENCHMARK] 1654768680110,CSR
glCanvas.js:1127 [BENCHMARK] 1654768680112,CSR
glCanvas.js:1127 [BENCHMARK] 1654768680142,CSR
glCanvas.js:1127 [BENCHMARK] 1654768680144,CSR
glCanvas.js:1127 [BENCHMARK] 1654768680393,CSR
glCanvas.js:1127 [BENCHMARK] 1654768681401,CSR
glCanvas.js:1127 [BENCHMARK] 1654768683182,CSR
glCanvas.js:1127 [BENCHMARK] 1654768683183,CSR
glCanvas.js:1127 [BENCHMARK] 1654768683383,CSR
glCanvas.js:1127 [BENCHMARK] 1654768683386,CSR
glCanvas.js:1127 [BENCHMARK] 1654768683585,CSR
glCanvas.js:1127 [BENCHMARK] 1654768683587,CSR
glCanvas.js:1127 [BENCHMARK] 1654768683841,CSR
glCanvas.js:1127 [BENCHMARK] 1654768684849,CSR
glCanvas.js:1127 [BENCHMARK] 1654768686793,CSR
glCanvas.js:1127 [BENCHMARK] 1654768686892,CSR
glCanvas.js:1127 [BENCHMARK] 1654768686995,CSR
glCanvas.js:1127 [BENCHMARK] 1654768687098,CSR
glCanvas.js:1127 [BENCHMARK] 1654768687199,CSR
glCanvas.js:1127 [BENCHMARK] 1654768687449,CSR
glCanvas.js:1127 [BENCHMARK] 1654768687508,CSR
glCanvas.js:1127 [BENCHMARK] 1654768687610,CSR
glCanvas.js:1127 [BENCHMARK] 1654768687712,CSR
glCanvas.js:1127 [BENCHMARK] 1654768687814,CSR
glCanvas.js:1127 [BENCHMARK] 1654768687916,CSR
glCanvas.js:1127 [BENCHMARK] 1654768688018,CSR
glCanvas.js:1127 [BENCHMARK] 1654768688120,CSR
glCanvas.js:1127 [BENCHMARK] 1654768688221,CSR
glCanvas.js:1127 [BENCHMARK] 1654768688323,CSR
glCanvas.js:1127 [BENCHMARK] 1654768688425,CSR
glCanvas.js:1127 [BENCHMARK] 1654768688681,CSR
glCanvas.js:1127 [BENCHMARK] 1654768688735,CSR
glCanvas.js:1127 [BENCHMARK] 1654768688807,CSR
glCanvas.js:1127 [BENCHMARK] 1654768688878,CSR
glCanvas.js:1127 [BENCHMARK] 1654768688950,CSR
glCanvas.js:1127 [BENCHMARK] 1654768689022,CSR
glCanvas.js:1127 [BENCHMARK] 1654768689094,CSR
glCanvas.js:1127 [BENCHMARK] 1654768689165,CSR
glCanvas.js:1127 [BENCHMARK] 1654768689238,CSR
glCanvas.js:1127 [BENCHMARK] 1654768689308,CSR
glCanvas.js:1127 [BENCHMARK] 1654768689380,CSR
glCanvas.js:1127 [BENCHMARK] 1654768689633,CSR
glCanvas.js:1127 [BENCHMARK] 1654768690641,CSR
glCanvas.js:1127 [BENCHMARK] 1654768693461,CSR
glCanvas.js:1127 [BENCHMARK] 1654768693463,CSR
glCanvas.js:1127 [BENCHMARK] 1654768693490,CSR
glCanvas.js:1127 [BENCHMARK] 1654768693491,CSR
glCanvas.js:1127 [BENCHMARK] 1654768693521,CSR
glCanvas.js:1127 [BENCHMARK] 1654768693521,CSR
glCanvas.js:1127 [BENCHMARK] 1654768693551,CSR
glCanvas.js:1127 [BENCHMARK] 1654768693552,CSR
glCanvas.js:1127 [BENCHMARK] 1654768693583,CSR
glCanvas.js:1127 [BENCHMARK] 1654768693585,CSR
glCanvas.js:1127 [BENCHMARK] 1654768693615,CSR
glCanvas.js:1127 [BENCHMARK] 1654768693617,CSR
glCanvas.js:1127 [BENCHMARK] 1654768693646,CSR
glCanvas.js:1127 [BENCHMARK] 1654768693648,CSR
glCanvas.js:1127 [BENCHMARK] 1654768693678,CSR
glCanvas.js:1127 [BENCHMARK] 1654768693680,CSR
glCanvas.js:1127 [BENCHMARK] 1654768693710,CSR
glCanvas.js:1127 [BENCHMARK] 1654768693711,CSR
glCanvas.js:1127 [BENCHMARK] 1654768693742,CSR
glCanvas.js:1127 [BENCHMARK] 1654768693743,CSR
glCanvas.js:1127 [BENCHMARK] 1654768693981,CSR
glCanvas.js:1127 [BENCHMARK] 1654768693982,CSR
glCanvas.js:1127 [BENCHMARK] 1654768694012,CSR
glCanvas.js:1127 [BENCHMARK] 1654768694013,CSR
glCanvas.js:1127 [BENCHMARK] 1654768694043,CSR
glCanvas.js:1127 [BENCHMARK] 1654768694046,CSR
glCanvas.js:1127 [BENCHMARK] 1654768694075,CSR
glCanvas.js:1127 [BENCHMARK] 1654768694077,CSR
glCanvas.js:1127 [BENCHMARK] 1654768694105,CSR
glCanvas.js:1127 [BENCHMARK] 1654768694107,CSR
glCanvas.js:1127 [BENCHMARK] 1654768694138,CSR
glCanvas.js:1127 [BENCHMARK] 1654768694139,CSR
glCanvas.js:1127 [BENCHMARK] 1654768694169,CSR
glCanvas.js:1127 [BENCHMARK] 1654768694171,CSR
glCanvas.js:1127 [BENCHMARK] 1654768694201,CSR
glCanvas.js:1127 [BENCHMARK] 1654768694202,CSR
glCanvas.js:1127 [BENCHMARK] 1654768694232,CSR
glCanvas.js:1127 [BENCHMARK] 1654768694234,CSR
glCanvas.js:1127 [BENCHMARK] 1654768694264,CSR
glCanvas.js:1127 [BENCHMARK] 1654768694265,CSR
glCanvas.js:1127 [BENCHMARK] 1654768694503,CSR
glCanvas.js:1127 [BENCHMARK] 1654768694505,CSR
glCanvas.js:1127 [BENCHMARK] 1654768694534,CSR
glCanvas.js:1127 [BENCHMARK] 1654768694536,CSR
glCanvas.js:1127 [BENCHMARK] 1654768694565,CSR
glCanvas.js:1127 [BENCHMARK] 1654768694566,CSR
glCanvas.js:1127 [BENCHMARK] 1654768694597,CSR
glCanvas.js:1127 [BENCHMARK] 1654768694599,CSR
glCanvas.js:1127 [BENCHMARK] 1654768694629,CSR
glCanvas.js:1127 [BENCHMARK] 1654768694631,CSR
glCanvas.js:1127 [BENCHMARK] 1654768694661,CSR
glCanvas.js:1127 [BENCHMARK] 1654768694663,CSR
glCanvas.js:1127 [BENCHMARK] 1654768694692,CSR
glCanvas.js:1127 [BENCHMARK] 1654768694694,CSR
glCanvas.js:1127 [BENCHMARK] 1654768694723,CSR
glCanvas.js:1127 [BENCHMARK] 1654768694725,CSR
glCanvas.js:1127 [BENCHMARK] 1654768694755,CSR
glCanvas.js:1127 [BENCHMARK] 1654768694757,CSR
glCanvas.js:1127 [BENCHMARK] 1654768694787,CSR
glCanvas.js:1127 [BENCHMARK] 1654768694789,CSR
glCanvas.js:1127 [BENCHMARK] 1654768695041,CSR
glCanvas.js:1127 [BENCHMARK] 1654768695827,CSR
glCanvas.js:1127 [BENCHMARK] 1654768695928,CSR
glCanvas.js:1127 [BENCHMARK] 1654768696030,CSR
glCanvas.js:1127 [BENCHMARK] 1654768696131,CSR
glCanvas.js:1127 [BENCHMARK] 1654768696233,CSR
glCanvas.js:1127 [BENCHMARK] 1654768696335,CSR
glCanvas.js:1127 [BENCHMARK] 1654768696437,CSR
glCanvas.js:1127 [BENCHMARK] 1654768696689,CSR
glCanvas.js:1127 [BENCHMARK] 1654768697697,CSR
glCanvas.js:1127 [BENCHMARK] 1654768699548,CSR
glCanvas.js:1127 [BENCHMARK] 1654768699550,CSR
glCanvas.js:1127 [BENCHMARK] 1654768699749,CSR
glCanvas.js:1127 [BENCHMARK] 1654768699751,CSR
glCanvas.js:1127 [BENCHMARK] 1654768699951,CSR
glCanvas.js:1127 [BENCHMARK] 1654768699953,CSR
glCanvas.js:1127 [BENCHMARK] 1654768700153,CSR
glCanvas.js:1127 [BENCHMARK] 1654768700155,CSR
glCanvas.js:1127 [BENCHMARK] 1654768700356,CSR
glCanvas.js:1127 [BENCHMARK] 1654768700358,CSR
glCanvas.js:1127 [BENCHMARK] 1654768700609,CSR
glCanvas.js:1127 [BENCHMARK] 1654768701617,CSR
glCanvas.js:1127 [BENCHMARK] 1654768705566,CSR
glCanvas.js:1127 [BENCHMARK] 1654768705568,CSR
glCanvas.js:1127 [BENCHMARK] 1654768705635,CSR
glCanvas.js:1127 [BENCHMARK] 1654768705635,CSR
glCanvas.js:1127 [BENCHMARK] 1654768705707,CSR
glCanvas.js:1127 [BENCHMARK] 1654768705709,CSR
glCanvas.js:1127 [BENCHMARK] 1654768705779,CSR
glCanvas.js:1127 [BENCHMARK] 1654768705781,CSR
glCanvas.js:1127 [BENCHMARK] 1654768705851,CSR
glCanvas.js:1127 [BENCHMARK] 1654768705853,CSR
glCanvas.js:1127 [BENCHMARK] 1654768706105,CSR
glCanvas.js:1127 [BENCHMARK] 1654768707113,CSR
glCanvas.js:1127 [BENCHMARK] 1654768707932,CSR
glCanvas.js:1127 [BENCHMARK] 1654768707934,CSR
glCanvas.js:1127 [BENCHMARK] 1654768707962,CSR
glCanvas.js:1127 [BENCHMARK] 1654768707963,CSR
glCanvas.js:1127 [BENCHMARK] 1654768707993,CSR
glCanvas.js:1127 [BENCHMARK] 1654768707994,CSR
glCanvas.js:1127 [BENCHMARK] 1654768708023,CSR
glCanvas.js:1127 [BENCHMARK] 1654768708024,CSR
glCanvas.js:1127 [BENCHMARK] 1654768708055,CSR
glCanvas.js:1127 [BENCHMARK] 1654768708056,CSR
glCanvas.js:1127 [BENCHMARK] 1654768708087,CSR
glCanvas.js:1127 [BENCHMARK] 1654768708088,CSR
glCanvas.js:1127 [BENCHMARK] 1654768708118,CSR
glCanvas.js:1127 [BENCHMARK] 1654768708120,CSR
glCanvas.js:1127 [BENCHMARK] 1654768708149,CSR
glCanvas.js:1127 [BENCHMARK] 1654768708151,CSR
glCanvas.js:1127 [BENCHMARK] 1654768708180,CSR
glCanvas.js:1127 [BENCHMARK] 1654768708182,CSR
glCanvas.js:1127 [BENCHMARK] 1654768708211,CSR
glCanvas.js:1127 [BENCHMARK] 1654768708213,CSR
glCanvas.js:1127 [BENCHMARK] 1654768708243,CSR
glCanvas.js:1127 [BENCHMARK] 1654768708245,CSR
glCanvas.js:1127 [BENCHMARK] 1654768708274,CSR
glCanvas.js:1127 [BENCHMARK] 1654768708276,CSR
glCanvas.js:1127 [BENCHMARK] 1654768708305,CSR
glCanvas.js:1127 [BENCHMARK] 1654768708307,CSR
glCanvas.js:1127 [BENCHMARK] 1654768708546,CSR
glCanvas.js:1127 [BENCHMARK] 1654768708547,CSR
glCanvas.js:1127 [BENCHMARK] 1654768708558,CSR
glCanvas.js:1127 [BENCHMARK] 1654768708560,CSR
glCanvas.js:1127 [BENCHMARK] 1654768708572,CSR
glCanvas.js:1127 [BENCHMARK] 1654768708574,CSR
glCanvas.js:1127 [BENCHMARK] 1654768708585,CSR
glCanvas.js:1127 [BENCHMARK] 1654768708587,CSR
glCanvas.js:1127 [BENCHMARK] 1654768708598,CSR
glCanvas.js:1127 [BENCHMARK] 1654768708599,CSR
glCanvas.js:1127 [BENCHMARK] 1654768708612,CSR
glCanvas.js:1127 [BENCHMARK] 1654768708613,CSR
glCanvas.js:1127 [BENCHMARK] 1654768708624,CSR
glCanvas.js:1127 [BENCHMARK] 1654768708626,CSR
glCanvas.js:1127 [BENCHMARK] 1654768708637,CSR
glCanvas.js:1127 [BENCHMARK] 1654768708638,CSR
glCanvas.js:1127 [BENCHMARK] 1654768708650,CSR
glCanvas.js:1127 [BENCHMARK] 1654768708651,CSR
glCanvas.js:1127 [BENCHMARK] 1654768708663,CSR
glCanvas.js:1127 [BENCHMARK] 1654768708663,CSR
glCanvas.js:1127 [BENCHMARK] 1654768708884,CSR
glCanvas.js:1127 [BENCHMARK] 1654768708886,CSR
glCanvas.js:1127 [BENCHMARK] 1654768708897,CSR
glCanvas.js:1127 [BENCHMARK] 1654768708899,CSR
glCanvas.js:1127 [BENCHMARK] 1654768708910,CSR
glCanvas.js:1127 [BENCHMARK] 1654768708912,CSR
glCanvas.js:1127 [BENCHMARK] 1654768708923,CSR
glCanvas.js:1127 [BENCHMARK] 1654768708925,CSR
glCanvas.js:1127 [BENCHMARK] 1654768708937,CSR
glCanvas.js:1127 [BENCHMARK] 1654768708939,CSR
glCanvas.js:1127 [BENCHMARK] 1654768708950,CSR
glCanvas.js:1127 [BENCHMARK] 1654768708951,CSR
glCanvas.js:1127 [BENCHMARK] 1654768708964,CSR
glCanvas.js:1127 [BENCHMARK] 1654768708966,CSR
glCanvas.js:1127 [BENCHMARK] 1654768708976,CSR
glCanvas.js:1127 [BENCHMARK] 1654768708978,CSR
glCanvas.js:1127 [BENCHMARK] 1654768708988,CSR
glCanvas.js:1127 [BENCHMARK] 1654768708990,CSR
glCanvas.js:1127 [BENCHMARK] 1654768709002,CSR
glCanvas.js:1127 [BENCHMARK] 1654768709003,CSR
glCanvas.js:1127 [BENCHMARK] 1654768709257,CSR
glCanvas.js:1127 [BENCHMARK] 1654768710265,CSR
glCanvas.js:1127 [BENCHMARK] 1654768712024,CSR
glCanvas.js:1127 [BENCHMARK] 1654768712042,CSR
glCanvas.js:1127 [BENCHMARK] 1654768712050,CSR
glCanvas.js:1127 [BENCHMARK] 1654768712061,CSR
glCanvas.js:1127 [BENCHMARK] 1654768712074,CSR
glCanvas.js:1127 [BENCHMARK] 1654768712086,CSR
glCanvas.js:1127 [BENCHMARK] 1654768712100,CSR
glCanvas.js:1127 [BENCHMARK] 1654768712112,CSR
glCanvas.js:1127 [BENCHMARK] 1654768712125,CSR
glCanvas.js:1127 [BENCHMARK] 1654768712138,CSR
glCanvas.js:1127 [BENCHMARK] 1654768712393,CSR
glCanvas.js:1127 [BENCHMARK] 1654768713401,CSR
glCanvas.js:1127 [BENCHMARK] 1654768714155,CSR
glCanvas.js:1127 [BENCHMARK] 1654768714225,CSR
glCanvas.js:1127 [BENCHMARK] 1654768714298,CSR
glCanvas.js:1127 [BENCHMARK] 1654768714370,CSR
glCanvas.js:1127 [BENCHMARK] 1654768714442,CSR
glCanvas.js:1127 [BENCHMARK] 1654768714514,CSR
glCanvas.js:1127 [BENCHMARK] 1654768714585,CSR
glCanvas.js:1127 [BENCHMARK] 1654768714657,CSR
glCanvas.js:1127 [BENCHMARK] 1654768714728,CSR
glCanvas.js:1127 [BENCHMARK] 1654768714799,CSR
glCanvas.js:1127 [BENCHMARK] 1654768715057,CSR
glCanvas.js:1127 [BENCHMARK] 1654768715079,CSR
glCanvas.js:1127 [BENCHMARK] 1654768715181,CSR
glCanvas.js:1127 [BENCHMARK] 1654768715283,CSR
glCanvas.js:1127 [BENCHMARK] 1654768715385,CSR
glCanvas.js:1127 [BENCHMARK] 1654768715487,CSR
glCanvas.js:1127 [BENCHMARK] 1654768715745,CSR
glCanvas.js:1127 [BENCHMARK] 1654768716753,CSR
