glCanvas.js:1107 [BENCHMARK] 1654767506342,X
glCanvas.js:1107 [BENCHMARK] 1654767506348,X
glCanvas.js:1107 [BENCHMARK] 1654767506351,X
glCanvas.js:1107 [BENCHMARK] 1654767506536,X
glCanvas.js:1127 [BENCHMARK] 1654767507221,SSR
manager.js:159 [BENCHMARK] 1654767507865,firstRender
glCanvas.js:1127 [BENCHMARK] 1654767507872,SSR
glCanvas.js:1127 [BENCHMARK] 1654767507876,CSR
glCanvas.js:1127 [BENCHMARK] 1654767507879,CSR
glCanvas.js:1127 [BENCHMARK] 1654767507881,CSR
glCanvas.js:1127 [BENCHMARK] 1654767507908,CSR
glCanvas.js:1127 [BENCHMARK] 1654767507911,CSR
glCanvas.js:1127 [BENCHMARK] 1654767507915,CSR
glCanvas.js:1127 [BENCHMARK] 1654767507917,CSR
glCanvas.js:1127 [BENCHMARK] 1654767507921,CSR
glCanvas.js:1127 [BENCHMARK] 1654767507978,CSR
glCanvas.js:1127 [BENCHMARK] 1654767507980,CSR
glCanvas.js:1127 [BENCHMARK] 1654767507982,CSR
glCanvas.js:1127 [BENCHMARK] 1654767507985,CSR
glCanvas.js:1127 [BENCHMARK] 1654767507998,CSR
glCanvas.js:1127 [BENCHMARK] 1654767508003,CSR
glCanvas.js:1127 [BENCHMARK] 1654767508005,CSR
glCanvas.js:1127 [BENCHMARK] 1654767508009,CSR
glCanvas.js:1127 [BENCHMARK] 1654767508017,CSR
glCanvas.js:1127 [BENCHMARK] 1654767508021,CSR
glCanvas.js:1127 [BENCHMARK] 1654767508023,CSR
glCanvas.js:1127 [BENCHMARK] 1654767508082,CSR
glCanvas.js:1127 [BENCHMARK] 1654767508287,CSR
glCanvas.js:1127 [BENCHMARK] 1654767509094,CSR
glCanvas.js:1127 [BENCHMARK] 1654767509095,CSR
glCanvas.js:1127 [BENCHMARK] 1654767509107,CSR
glCanvas.js:1127 [BENCHMARK] 1654767509115,CSR
glCanvas.js:1127 [BENCHMARK] 1654767509130,CSR
glCanvas.js:1127 [BENCHMARK] 1654767509131,CSR
glCanvas.js:1127 [BENCHMARK] 1654767509162,CSR
glCanvas.js:1127 [BENCHMARK] 1654767509163,CSR
glCanvas.js:1127 [BENCHMARK] 1654767509194,CSR
glCanvas.js:1127 [BENCHMARK] 1654767509195,CSR
glCanvas.js:1127 [BENCHMARK] 1654767509225,CSR
glCanvas.js:1127 [BENCHMARK] 1654767509226,CSR
glCanvas.js:1127 [BENCHMARK] 1654767509255,CSR
glCanvas.js:1127 [BENCHMARK] 1654767509256,CSR
glCanvas.js:1127 [BENCHMARK] 1654767509266,CSR
glCanvas.js:1127 [BENCHMARK] 1654767509286,CSR
glCanvas.js:1127 [BENCHMARK] 1654767509287,CSR
glCanvas.js:1127 [BENCHMARK] 1654767509318,CSR
glCanvas.js:1127 [BENCHMARK] 1654767509320,CSR
glCanvas.js:1127 [BENCHMARK] 1654767509348,CSR
glCanvas.js:1127 [BENCHMARK] 1654767509349,CSR
glCanvas.js:1107 [BENCHMARK] 1654767509379,X
glCanvas.js:1107 [BENCHMARK] 1654767509380,X
glCanvas.js:1107 [BENCHMARK] 1654767509619,X
glCanvas.js:1107 [BENCHMARK] 1654767509620,X
glCanvas.js:1107 [BENCHMARK] 1654767509625,X
glCanvas.js:1107 [BENCHMARK] 1654767509649,X
glCanvas.js:1107 [BENCHMARK] 1654767509650,X
glCanvas.js:1127 [BENCHMARK] 1654767509680,CSR
glCanvas.js:1127 [BENCHMARK] 1654767509682,CSR
glCanvas.js:1127 [BENCHMARK] 1654767509711,CSR
glCanvas.js:1127 [BENCHMARK] 1654767509713,CSR
glCanvas.js:1127 [BENCHMARK] 1654767509725,CSR
glCanvas.js:1127 [BENCHMARK] 1654767509742,CSR
glCanvas.js:1127 [BENCHMARK] 1654767509743,CSR
glCanvas.js:1107 [BENCHMARK] 1654767509773,X
glCanvas.js:1107 [BENCHMARK] 1654767509774,X
glCanvas.js:1107 [BENCHMARK] 1654767509778,X
glCanvas.js:1127 [BENCHMARK] 1654767509804,CSR
glCanvas.js:1127 [BENCHMARK] 1654767509805,CSR
glCanvas.js:1107 [BENCHMARK] 1654767509835,X
glCanvas.js:1107 [BENCHMARK] 1654767509837,X
glCanvas.js:1107 [BENCHMARK] 1654767509845,X
glCanvas.js:1107 [BENCHMARK] 1654767509866,X
glCanvas.js:1107 [BENCHMARK] 1654767509866,X
glCanvas.js:1107 [BENCHMARK] 1654767509897,X
glCanvas.js:1107 [BENCHMARK] 1654767509898,X
glCanvas.js:1107 [BENCHMARK] 1654767510131,X
glCanvas.js:1107 [BENCHMARK] 1654767510132,X
glCanvas.js:1107 [BENCHMARK] 1654767510162,X
glCanvas.js:1107 [BENCHMARK] 1654767510163,X
glCanvas.js:1107 [BENCHMARK] 1654767510194,X
glCanvas.js:1107 [BENCHMARK] 1654767510195,X
glCanvas.js:1107 [BENCHMARK] 1654767510225,X
glCanvas.js:1107 [BENCHMARK] 1654767510227,X
glCanvas.js:1107 [BENCHMARK] 1654767510256,X
glCanvas.js:1107 [BENCHMARK] 1654767510258,X
glCanvas.js:1107 [BENCHMARK] 1654767510289,X
glCanvas.js:1107 [BENCHMARK] 1654767510291,X
glCanvas.js:1107 [BENCHMARK] 1654767510318,X
glCanvas.js:1107 [BENCHMARK] 1654767510319,X
glCanvas.js:1107 [BENCHMARK] 1654767510351,X
glCanvas.js:1107 [BENCHMARK] 1654767510352,X
glCanvas.js:1107 [BENCHMARK] 1654767510382,X
glCanvas.js:1107 [BENCHMARK] 1654767510384,X
glCanvas.js:1107 [BENCHMARK] 1654767510414,X
glCanvas.js:1107 [BENCHMARK] 1654767510416,X
glCanvas.js:1107 [BENCHMARK] 1654767510472,X
glCanvas.js:1107 [BENCHMARK] 1654767510779,X
glCanvas.js:1107 [BENCHMARK] 1654767511019,X
glCanvas.js:1107 [BENCHMARK] 1654767511050,X
glCanvas.js:1107 [BENCHMARK] 1654767511195,X
glCanvas.js:1107 [BENCHMARK] 1654767511278,X
glCanvas.js:1107 [BENCHMARK] 1654767511354,X
glCanvas.js:1107 [BENCHMARK] 1654767511386,X
glCanvas.js:1107 [BENCHMARK] 1654767511452,X
glCanvas.js:1107 [BENCHMARK] 1654767511552,X
glCanvas.js:1107 [BENCHMARK] 1654767511583,X
glCanvas.js:1107 [BENCHMARK] 1654767511617,X
glCanvas.js:1127 [BENCHMARK] 1654767511653,CSR
glCanvas.js:1127 [BENCHMARK] 1654767511754,CSR
glCanvas.js:1127 [BENCHMARK] 1654767511839,CSR
glCanvas.js:1127 [BENCHMARK] 1654767511855,CSR
glCanvas.js:1127 [BENCHMARK] 1654767511876,CSR
glCanvas.js:1127 [BENCHMARK] 1654767511956,CSR
glCanvas.js:1127 [BENCHMARK] 1654767511967,CSR
glCanvas.js:1127 [BENCHMARK] 1654767512057,CSR
glCanvas.js:1127 [BENCHMARK] 1654767512148,CSR
glCanvas.js:1127 [BENCHMARK] 1654767512427,CSR
glCanvas.js:1127 [BENCHMARK] 1654767512509,CSR
glCanvas.js:1127 [BENCHMARK] 1654767512547,CSR
glCanvas.js:1127 [BENCHMARK] 1654767512586,CSR
glCanvas.js:1127 [BENCHMARK] 1654767512635,CSR
glCanvas.js:1127 [BENCHMARK] 1654767512784,CSR
glCanvas.js:1127 [BENCHMARK] 1654767512920,CSR
glCanvas.js:1127 [BENCHMARK] 1654767512962,CSR
glCanvas.js:1127 [BENCHMARK] 1654767513031,CSR
glCanvas.js:1127 [BENCHMARK] 1654767513090,CSR
glCanvas.js:1127 [BENCHMARK] 1654767513145,CSR
glCanvas.js:1127 [BENCHMARK] 1654767513202,CSR
glCanvas.js:1127 [BENCHMARK] 1654767513258,CSR
glCanvas.js:1127 [BENCHMARK] 1654767513311,CSR
glCanvas.js:1127 [BENCHMARK] 1654767513365,CSR
glCanvas.js:1127 [BENCHMARK] 1654767513420,CSR
glCanvas.js:1127 [BENCHMARK] 1654767513473,CSR
glCanvas.js:1127 [BENCHMARK] 1654767513530,CSR
glCanvas.js:1127 [BENCHMARK] 1654767513583,CSR
glCanvas.js:1127 [BENCHMARK] 1654767513634,CSR
glCanvas.js:1127 [BENCHMARK] 1654767513685,CSR
glCanvas.js:1127 [BENCHMARK] 1654767513737,CSR
glCanvas.js:1127 [BENCHMARK] 1654767513788,CSR
glCanvas.js:1127 [BENCHMARK] 1654767513846,CSR
glCanvas.js:1127 [BENCHMARK] 1654767513894,CSR
glCanvas.js:1127 [BENCHMARK] 1654767513942,CSR
glCanvas.js:1127 [BENCHMARK] 1654767513992,CSR
glCanvas.js:1127 [BENCHMARK] 1654767514046,CSR
glCanvas.js:1127 [BENCHMARK] 1654767514095,CSR
glCanvas.js:1127 [BENCHMARK] 1654767514139,CSR
glCanvas.js:1127 [BENCHMARK] 1654767514185,CSR
glCanvas.js:1127 [BENCHMARK] 1654767514231,CSR
glCanvas.js:1127 [BENCHMARK] 1654767514280,CSR
glCanvas.js:1127 [BENCHMARK] 1654767514328,CSR
glCanvas.js:1127 [BENCHMARK] 1654767514375,CSR
glCanvas.js:1127 [BENCHMARK] 1654767514423,CSR
glCanvas.js:1127 [BENCHMARK] 1654767514469,CSR
glCanvas.js:1127 [BENCHMARK] 1654767514521,CSR
glCanvas.js:1127 [BENCHMARK] 1654767514569,CSR
glCanvas.js:1127 [BENCHMARK] 1654767514618,CSR
glCanvas.js:1127 [BENCHMARK] 1654767514665,CSR
glCanvas.js:1127 [BENCHMARK] 1654767514742,CSR
glCanvas.js:1127 [BENCHMARK] 1654767514854,CSR
glCanvas.js:1127 [BENCHMARK] 1654767514926,CSR
glCanvas.js:1127 [BENCHMARK] 1654767515042,CSR
glCanvas.js:1127 [BENCHMARK] 1654767515046,CSR
glCanvas.js:1127 [BENCHMARK] 1654767515101,CSR
glCanvas.js:1127 [BENCHMARK] 1654767515156,CSR
glCanvas.js:1127 [BENCHMARK] 1654767515163,CSR
glCanvas.js:1127 [BENCHMARK] 1654767515164,CSR
glCanvas.js:1127 [BENCHMARK] 1654767515208,CSR
glCanvas.js:1127 [BENCHMARK] 1654767515262,CSR
glCanvas.js:1127 [BENCHMARK] 1654767515318,CSR
glCanvas.js:1127 [BENCHMARK] 1654767515363,CSR
glCanvas.js:1127 [BENCHMARK] 1654767515364,CSR
glCanvas.js:1127 [BENCHMARK] 1654767515371,CSR
glCanvas.js:1127 [BENCHMARK] 1654767515423,CSR
glCanvas.js:1127 [BENCHMARK] 1654767515478,CSR
glCanvas.js:1127 [BENCHMARK] 1654767515560,CSR
glCanvas.js:1127 [BENCHMARK] 1654767515564,CSR
glCanvas.js:1127 [BENCHMARK] 1654767515565,CSR
glCanvas.js:1127 [BENCHMARK] 1654767515620,CSR
glCanvas.js:1127 [BENCHMARK] 1654767515672,CSR
glCanvas.js:1127 [BENCHMARK] 1654767515765,CSR
glCanvas.js:1127 [BENCHMARK] 1654767515766,CSR
glCanvas.js:1127 [BENCHMARK] 1654767515965,CSR
filmbox2.js:1537 [BENCHMARK] 1654767515966,fullLoad
glCanvas.js:1127 [BENCHMARK] 1654767515967,CSR
glCanvas.js:1127 [BENCHMARK] 1654767515968,CSR
glCanvas.js:1127 [BENCHMARK] 1654767517175,CSR
glCanvas.js:1127 [BENCHMARK] 1654767517177,CSR
glCanvas.js:1127 [BENCHMARK] 1654767517247,CSR
glCanvas.js:1127 [BENCHMARK] 1654767517249,CSR
glCanvas.js:1127 [BENCHMARK] 1654767517319,CSR
glCanvas.js:1127 [BENCHMARK] 1654767517321,CSR
glCanvas.js:1127 [BENCHMARK] 1654767517391,CSR
glCanvas.js:1127 [BENCHMARK] 1654767517393,CSR
glCanvas.js:1127 [BENCHMARK] 1654767517463,CSR
glCanvas.js:1127 [BENCHMARK] 1654767517464,CSR
glCanvas.js:1127 [BENCHMARK] 1654767517534,CSR
glCanvas.js:1127 [BENCHMARK] 1654767517536,CSR
glCanvas.js:1127 [BENCHMARK] 1654767517606,CSR
glCanvas.js:1127 [BENCHMARK] 1654767517609,CSR
glCanvas.js:1127 [BENCHMARK] 1654767519686,CSR
glCanvas.js:1127 [BENCHMARK] 1654767519687,CSR
glCanvas.js:1127 [BENCHMARK] 1654767519757,CSR
glCanvas.js:1127 [BENCHMARK] 1654767519760,CSR
glCanvas.js:1127 [BENCHMARK] 1654767519829,CSR
glCanvas.js:1127 [BENCHMARK] 1654767519831,CSR
glCanvas.js:1127 [BENCHMARK] 1654767519900,CSR
glCanvas.js:1127 [BENCHMARK] 1654767519903,CSR
glCanvas.js:1127 [BENCHMARK] 1654767519972,CSR
glCanvas.js:1127 [BENCHMARK] 1654767519974,CSR
glCanvas.js:1127 [BENCHMARK] 1654767520043,CSR
glCanvas.js:1127 [BENCHMARK] 1654767520045,CSR
glCanvas.js:1127 [BENCHMARK] 1654767520114,CSR
glCanvas.js:1127 [BENCHMARK] 1654767520116,CSR
glCanvas.js:1127 [BENCHMARK] 1654767520185,CSR
glCanvas.js:1127 [BENCHMARK] 1654767520189,CSR
glCanvas.js:1127 [BENCHMARK] 1654767520255,CSR
glCanvas.js:1127 [BENCHMARK] 1654767520256,CSR
glCanvas.js:1127 [BENCHMARK] 1654767520327,CSR
glCanvas.js:1127 [BENCHMARK] 1654767520329,CSR
glCanvas.js:1127 [BENCHMARK] 1654767520607,CSR
glCanvas.js:1127 [BENCHMARK] 1654767520609,CSR
glCanvas.js:1127 [BENCHMARK] 1654767520639,CSR
glCanvas.js:1127 [BENCHMARK] 1654767520640,CSR
glCanvas.js:1127 [BENCHMARK] 1654767520670,CSR
glCanvas.js:1127 [BENCHMARK] 1654767520672,CSR
glCanvas.js:1127 [BENCHMARK] 1654767520702,CSR
glCanvas.js:1127 [BENCHMARK] 1654767520704,CSR
glCanvas.js:1127 [BENCHMARK] 1654767520734,CSR
glCanvas.js:1127 [BENCHMARK] 1654767520735,CSR
glCanvas.js:1127 [BENCHMARK] 1654767520765,CSR
glCanvas.js:1127 [BENCHMARK] 1654767520767,CSR
glCanvas.js:1127 [BENCHMARK] 1654767520797,CSR
glCanvas.js:1127 [BENCHMARK] 1654767520799,CSR
glCanvas.js:1127 [BENCHMARK] 1654767520827,CSR
glCanvas.js:1127 [BENCHMARK] 1654767520828,CSR
glCanvas.js:1127 [BENCHMARK] 1654767520863,CSR
glCanvas.js:1127 [BENCHMARK] 1654767520865,CSR
glCanvas.js:1127 [BENCHMARK] 1654767520895,CSR
glCanvas.js:1127 [BENCHMARK] 1654767520896,CSR
glCanvas.js:1127 [BENCHMARK] 1654767521134,CSR
glCanvas.js:1127 [BENCHMARK] 1654767521137,CSR
glCanvas.js:1127 [BENCHMARK] 1654767521166,CSR
glCanvas.js:1127 [BENCHMARK] 1654767521168,CSR
glCanvas.js:1127 [BENCHMARK] 1654767521197,CSR
glCanvas.js:1127 [BENCHMARK] 1654767521199,CSR
glCanvas.js:1127 [BENCHMARK] 1654767521228,CSR
glCanvas.js:1127 [BENCHMARK] 1654767521229,CSR
glCanvas.js:1127 [BENCHMARK] 1654767521260,CSR
glCanvas.js:1127 [BENCHMARK] 1654767521262,CSR
glCanvas.js:1127 [BENCHMARK] 1654767521291,CSR
glCanvas.js:1127 [BENCHMARK] 1654767521293,CSR
glCanvas.js:1127 [BENCHMARK] 1654767521322,CSR
glCanvas.js:1127 [BENCHMARK] 1654767521324,CSR
glCanvas.js:1127 [BENCHMARK] 1654767521354,CSR
glCanvas.js:1127 [BENCHMARK] 1654767521356,CSR
glCanvas.js:1127 [BENCHMARK] 1654767521385,CSR
glCanvas.js:1127 [BENCHMARK] 1654767521387,CSR
glCanvas.js:1127 [BENCHMARK] 1654767521416,CSR
glCanvas.js:1127 [BENCHMARK] 1654767521418,CSR
glCanvas.js:1127 [BENCHMARK] 1654767524456,CSR
glCanvas.js:1127 [BENCHMARK] 1654767524658,CSR
glCanvas.js:1127 [BENCHMARK] 1654767524860,CSR
glCanvas.js:1127 [BENCHMARK] 1654767525062,CSR
glCanvas.js:1127 [BENCHMARK] 1654767525265,CSR
glCanvas.js:1127 [BENCHMARK] 1654767526475,CSR
glCanvas.js:1127 [BENCHMARK] 1654767526547,CSR
glCanvas.js:1127 [BENCHMARK] 1654767526619,CSR
glCanvas.js:1127 [BENCHMARK] 1654767526691,CSR
glCanvas.js:1127 [BENCHMARK] 1654767526762,CSR
glCanvas.js:1127 [BENCHMARK] 1654767526834,CSR
glCanvas.js:1127 [BENCHMARK] 1654767526906,CSR
glCanvas.js:1127 [BENCHMARK] 1654767526978,CSR
glCanvas.js:1127 [BENCHMARK] 1654767527050,CSR
glCanvas.js:1127 [BENCHMARK] 1654767527121,CSR
glCanvas.js:1127 [BENCHMARK] 1654767527402,CSR
glCanvas.js:1127 [BENCHMARK] 1654767527474,CSR
glCanvas.js:1127 [BENCHMARK] 1654767527546,CSR
glCanvas.js:1127 [BENCHMARK] 1654767527617,CSR
glCanvas.js:1127 [BENCHMARK] 1654767527689,CSR
glCanvas.js:1127 [BENCHMARK] 1654767527761,CSR
glCanvas.js:1127 [BENCHMARK] 1654767527833,CSR
glCanvas.js:1127 [BENCHMARK] 1654767527905,CSR
glCanvas.js:1127 [BENCHMARK] 1654767527977,CSR
glCanvas.js:1127 [BENCHMARK] 1654767528048,CSR
glCanvas.js:1127 [BENCHMARK] 1654767529127,CSR
glCanvas.js:1127 [BENCHMARK] 1654767529129,CSR
glCanvas.js:1127 [BENCHMARK] 1654767529159,CSR
glCanvas.js:1127 [BENCHMARK] 1654767529160,CSR
glCanvas.js:1127 [BENCHMARK] 1654767529190,CSR
glCanvas.js:1127 [BENCHMARK] 1654767529192,CSR
glCanvas.js:1127 [BENCHMARK] 1654767529222,CSR
glCanvas.js:1127 [BENCHMARK] 1654767529224,CSR
glCanvas.js:1127 [BENCHMARK] 1654767529253,CSR
glCanvas.js:1127 [BENCHMARK] 1654767529255,CSR
glCanvas.js:1127 [BENCHMARK] 1654767529285,CSR
glCanvas.js:1127 [BENCHMARK] 1654767529287,CSR
glCanvas.js:1127 [BENCHMARK] 1654767529317,CSR
glCanvas.js:1127 [BENCHMARK] 1654767529318,CSR
glCanvas.js:1127 [BENCHMARK] 1654767529349,CSR
glCanvas.js:1127 [BENCHMARK] 1654767529350,CSR
glCanvas.js:1127 [BENCHMARK] 1654767529380,CSR
glCanvas.js:1127 [BENCHMARK] 1654767529382,CSR
glCanvas.js:1127 [BENCHMARK] 1654767529412,CSR
glCanvas.js:1127 [BENCHMARK] 1654767529414,CSR
glCanvas.js:1127 [BENCHMARK] 1654767529652,CSR
glCanvas.js:1127 [BENCHMARK] 1654767529654,CSR
glCanvas.js:1127 [BENCHMARK] 1654767529683,CSR
glCanvas.js:1127 [BENCHMARK] 1654767529685,CSR
glCanvas.js:1127 [BENCHMARK] 1654767529715,CSR
glCanvas.js:1127 [BENCHMARK] 1654767529717,CSR
glCanvas.js:1127 [BENCHMARK] 1654767529744,CSR
glCanvas.js:1127 [BENCHMARK] 1654767529745,CSR
glCanvas.js:1127 [BENCHMARK] 1654767529775,CSR
glCanvas.js:1127 [BENCHMARK] 1654767529776,CSR
glCanvas.js:1127 [BENCHMARK] 1654767529806,CSR
glCanvas.js:1127 [BENCHMARK] 1654767529807,CSR
glCanvas.js:1127 [BENCHMARK] 1654767529837,CSR
glCanvas.js:1127 [BENCHMARK] 1654767529838,CSR
glCanvas.js:1127 [BENCHMARK] 1654767529869,CSR
glCanvas.js:1127 [BENCHMARK] 1654767529871,CSR
glCanvas.js:1127 [BENCHMARK] 1654767529901,CSR
glCanvas.js:1127 [BENCHMARK] 1654767529902,CSR
glCanvas.js:1127 [BENCHMARK] 1654767529932,CSR
glCanvas.js:1127 [BENCHMARK] 1654767529934,CSR
glCanvas.js:1127 [BENCHMARK] 1654767530172,CSR
glCanvas.js:1127 [BENCHMARK] 1654767530174,CSR
glCanvas.js:1127 [BENCHMARK] 1654767530203,CSR
glCanvas.js:1127 [BENCHMARK] 1654767530205,CSR
glCanvas.js:1127 [BENCHMARK] 1654767530235,CSR
glCanvas.js:1127 [BENCHMARK] 1654767530236,CSR
glCanvas.js:1127 [BENCHMARK] 1654767530266,CSR
glCanvas.js:1127 [BENCHMARK] 1654767530268,CSR
glCanvas.js:1127 [BENCHMARK] 1654767530298,CSR
glCanvas.js:1127 [BENCHMARK] 1654767530299,CSR
glCanvas.js:1127 [BENCHMARK] 1654767530330,CSR
glCanvas.js:1127 [BENCHMARK] 1654767530331,CSR
glCanvas.js:1127 [BENCHMARK] 1654767530361,CSR
glCanvas.js:1127 [BENCHMARK] 1654767530363,CSR
glCanvas.js:1127 [BENCHMARK] 1654767530393,CSR
glCanvas.js:1127 [BENCHMARK] 1654767530395,CSR
glCanvas.js:1127 [BENCHMARK] 1654767530425,CSR
glCanvas.js:1127 [BENCHMARK] 1654767530426,CSR
glCanvas.js:1127 [BENCHMARK] 1654767530457,CSR
glCanvas.js:1127 [BENCHMARK] 1654767530458,CSR
glCanvas.js:1127 [BENCHMARK] 1654767533495,CSR
glCanvas.js:1127 [BENCHMARK] 1654767533497,CSR
glCanvas.js:1127 [BENCHMARK] 1654767533697,CSR
glCanvas.js:1127 [BENCHMARK] 1654767533699,CSR
glCanvas.js:1127 [BENCHMARK] 1654767533897,CSR
glCanvas.js:1127 [BENCHMARK] 1654767533898,CSR
glCanvas.js:1127 [BENCHMARK] 1654767537122,CSR
glCanvas.js:1127 [BENCHMARK] 1654767537205,CSR
glCanvas.js:1127 [BENCHMARK] 1654767537306,CSR
glCanvas.js:1127 [BENCHMARK] 1654767537408,CSR
glCanvas.js:1127 [BENCHMARK] 1654767537510,CSR
glCanvas.js:1127 [BENCHMARK] 1654767537820,CSR
glCanvas.js:1127 [BENCHMARK] 1654767537922,CSR
glCanvas.js:1127 [BENCHMARK] 1654767538025,CSR
glCanvas.js:1127 [BENCHMARK] 1654767538126,CSR
glCanvas.js:1127 [BENCHMARK] 1654767538229,CSR
glCanvas.js:1127 [BENCHMARK] 1654767538330,CSR
glCanvas.js:1127 [BENCHMARK] 1654767538433,CSR
glCanvas.js:1127 [BENCHMARK] 1654767538535,CSR
glCanvas.js:1127 [BENCHMARK] 1654767538636,CSR
glCanvas.js:1127 [BENCHMARK] 1654767538738,CSR
glCanvas.js:1127 [BENCHMARK] 1654767539048,CSR
glCanvas.js:1127 [BENCHMARK] 1654767539120,CSR
glCanvas.js:1127 [BENCHMARK] 1654767539192,CSR
glCanvas.js:1127 [BENCHMARK] 1654767539263,CSR
glCanvas.js:1127 [BENCHMARK] 1654767539335,CSR
glCanvas.js:1127 [BENCHMARK] 1654767539407,CSR
glCanvas.js:1127 [BENCHMARK] 1654767539479,CSR
glCanvas.js:1127 [BENCHMARK] 1654767539551,CSR
glCanvas.js:1127 [BENCHMARK] 1654767539622,CSR
glCanvas.js:1127 [BENCHMARK] 1654767539694,CSR
glCanvas.js:1127 [BENCHMARK] 1654767543775,CSR
glCanvas.js:1127 [BENCHMARK] 1654767543777,CSR
glCanvas.js:1127 [BENCHMARK] 1654767543805,CSR
glCanvas.js:1127 [BENCHMARK] 1654767543807,CSR
glCanvas.js:1127 [BENCHMARK] 1654767543837,CSR
glCanvas.js:1127 [BENCHMARK] 1654767543841,CSR
glCanvas.js:1127 [BENCHMARK] 1654767543868,CSR
glCanvas.js:1127 [BENCHMARK] 1654767543870,CSR
glCanvas.js:1127 [BENCHMARK] 1654767543900,CSR
glCanvas.js:1127 [BENCHMARK] 1654767543903,CSR
glCanvas.js:1127 [BENCHMARK] 1654767543931,CSR
glCanvas.js:1127 [BENCHMARK] 1654767543932,CSR
glCanvas.js:1127 [BENCHMARK] 1654767543962,CSR
glCanvas.js:1127 [BENCHMARK] 1654767543965,CSR
glCanvas.js:1127 [BENCHMARK] 1654767543994,CSR
glCanvas.js:1127 [BENCHMARK] 1654767543996,CSR
glCanvas.js:1127 [BENCHMARK] 1654767544025,CSR
glCanvas.js:1127 [BENCHMARK] 1654767544027,CSR
glCanvas.js:1127 [BENCHMARK] 1654767544057,CSR
glCanvas.js:1127 [BENCHMARK] 1654767544059,CSR
glCanvas.js:1127 [BENCHMARK] 1654767544296,CSR
glCanvas.js:1127 [BENCHMARK] 1654767544298,CSR
glCanvas.js:1127 [BENCHMARK] 1654767544327,CSR
glCanvas.js:1127 [BENCHMARK] 1654767544329,CSR
glCanvas.js:1127 [BENCHMARK] 1654767544359,CSR
glCanvas.js:1127 [BENCHMARK] 1654767544361,CSR
glCanvas.js:1127 [BENCHMARK] 1654767544390,CSR
glCanvas.js:1127 [BENCHMARK] 1654767544392,CSR
glCanvas.js:1127 [BENCHMARK] 1654767544422,CSR
glCanvas.js:1127 [BENCHMARK] 1654767544424,CSR
glCanvas.js:1127 [BENCHMARK] 1654767544454,CSR
glCanvas.js:1127 [BENCHMARK] 1654767544456,CSR
glCanvas.js:1127 [BENCHMARK] 1654767544485,CSR
glCanvas.js:1127 [BENCHMARK] 1654767544487,CSR
glCanvas.js:1127 [BENCHMARK] 1654767544516,CSR
glCanvas.js:1127 [BENCHMARK] 1654767544516,CSR
glCanvas.js:1127 [BENCHMARK] 1654767544548,CSR
glCanvas.js:1127 [BENCHMARK] 1654767544550,CSR
glCanvas.js:1127 [BENCHMARK] 1654767544579,CSR
glCanvas.js:1127 [BENCHMARK] 1654767544581,CSR
glCanvas.js:1127 [BENCHMARK] 1654767544819,CSR
glCanvas.js:1127 [BENCHMARK] 1654767544821,CSR
glCanvas.js:1127 [BENCHMARK] 1654767544850,CSR
glCanvas.js:1127 [BENCHMARK] 1654767544853,CSR
glCanvas.js:1127 [BENCHMARK] 1654767544882,CSR
glCanvas.js:1127 [BENCHMARK] 1654767544884,CSR
glCanvas.js:1127 [BENCHMARK] 1654767544913,CSR
glCanvas.js:1127 [BENCHMARK] 1654767544915,CSR
glCanvas.js:1127 [BENCHMARK] 1654767544945,CSR
glCanvas.js:1127 [BENCHMARK] 1654767544947,CSR
glCanvas.js:1127 [BENCHMARK] 1654767544977,CSR
glCanvas.js:1127 [BENCHMARK] 1654767544979,CSR
glCanvas.js:1127 [BENCHMARK] 1654767545008,CSR
glCanvas.js:1127 [BENCHMARK] 1654767545010,CSR
glCanvas.js:1127 [BENCHMARK] 1654767545040,CSR
glCanvas.js:1127 [BENCHMARK] 1654767545042,CSR
glCanvas.js:1127 [BENCHMARK] 1654767545071,CSR
glCanvas.js:1127 [BENCHMARK] 1654767545073,CSR
glCanvas.js:1127 [BENCHMARK] 1654767545103,CSR
glCanvas.js:1127 [BENCHMARK] 1654767545105,CSR
glCanvas.js:1127 [BENCHMARK] 1654767546142,CSR
glCanvas.js:1127 [BENCHMARK] 1654767546244,CSR
glCanvas.js:1127 [BENCHMARK] 1654767546345,CSR
glCanvas.js:1127 [BENCHMARK] 1654767546448,CSR
glCanvas.js:1127 [BENCHMARK] 1654767546550,CSR
glCanvas.js:1127 [BENCHMARK] 1654767546652,CSR
glCanvas.js:1127 [BENCHMARK] 1654767546754,CSR
glCanvas.js:1127 [BENCHMARK] 1654767549864,CSR
glCanvas.js:1127 [BENCHMARK] 1654767549866,CSR
glCanvas.js:1127 [BENCHMARK] 1654767550065,CSR
glCanvas.js:1127 [BENCHMARK] 1654767550066,CSR
glCanvas.js:1127 [BENCHMARK] 1654767550267,CSR
glCanvas.js:1127 [BENCHMARK] 1654767550270,CSR
glCanvas.js:1127 [BENCHMARK] 1654767550470,CSR
glCanvas.js:1127 [BENCHMARK] 1654767550472,CSR
glCanvas.js:1127 [BENCHMARK] 1654767550672,CSR
glCanvas.js:1127 [BENCHMARK] 1654767550674,CSR
glCanvas.js:1127 [BENCHMARK] 1654767555883,CSR
glCanvas.js:1127 [BENCHMARK] 1654767555885,CSR
glCanvas.js:1127 [BENCHMARK] 1654767555954,CSR
glCanvas.js:1127 [BENCHMARK] 1654767555956,CSR
glCanvas.js:1127 [BENCHMARK] 1654767556026,CSR
glCanvas.js:1127 [BENCHMARK] 1654767556028,CSR
glCanvas.js:1127 [BENCHMARK] 1654767556097,CSR
glCanvas.js:1127 [BENCHMARK] 1654767556099,CSR
glCanvas.js:1127 [BENCHMARK] 1654767556169,CSR
glCanvas.js:1127 [BENCHMARK] 1654767556171,CSR
glCanvas.js:1127 [BENCHMARK] 1654767558249,CSR
glCanvas.js:1127 [BENCHMARK] 1654767558251,CSR
glCanvas.js:1127 [BENCHMARK] 1654767558281,CSR
glCanvas.js:1127 [BENCHMARK] 1654767558283,CSR
glCanvas.js:1127 [BENCHMARK] 1654767558312,CSR
glCanvas.js:1127 [BENCHMARK] 1654767558314,CSR
glCanvas.js:1127 [BENCHMARK] 1654767558343,CSR
glCanvas.js:1127 [BENCHMARK] 1654767558345,CSR
glCanvas.js:1127 [BENCHMARK] 1654767558375,CSR
glCanvas.js:1127 [BENCHMARK] 1654767558377,CSR
glCanvas.js:1127 [BENCHMARK] 1654767558407,CSR
glCanvas.js:1127 [BENCHMARK] 1654767558409,CSR
glCanvas.js:1127 [BENCHMARK] 1654767558438,CSR
glCanvas.js:1127 [BENCHMARK] 1654767558440,CSR
glCanvas.js:1127 [BENCHMARK] 1654767558470,CSR
glCanvas.js:1127 [BENCHMARK] 1654767558472,CSR
glCanvas.js:1127 [BENCHMARK] 1654767558502,CSR
glCanvas.js:1127 [BENCHMARK] 1654767558503,CSR
glCanvas.js:1127 [BENCHMARK] 1654767558533,CSR
glCanvas.js:1127 [BENCHMARK] 1654767558535,CSR
glCanvas.js:1127 [BENCHMARK] 1654767558565,CSR
glCanvas.js:1127 [BENCHMARK] 1654767558567,CSR
glCanvas.js:1127 [BENCHMARK] 1654767558596,CSR
glCanvas.js:1127 [BENCHMARK] 1654767558598,CSR
glCanvas.js:1127 [BENCHMARK] 1654767558627,CSR
glCanvas.js:1127 [BENCHMARK] 1654767558629,CSR
glCanvas.js:1127 [BENCHMARK] 1654767558867,CSR
glCanvas.js:1127 [BENCHMARK] 1654767558868,CSR
glCanvas.js:1127 [BENCHMARK] 1654767558880,CSR
glCanvas.js:1127 [BENCHMARK] 1654767558882,CSR
glCanvas.js:1127 [BENCHMARK] 1654767558893,CSR
glCanvas.js:1127 [BENCHMARK] 1654767558895,CSR
glCanvas.js:1127 [BENCHMARK] 1654767558907,CSR
glCanvas.js:1127 [BENCHMARK] 1654767558908,CSR
glCanvas.js:1127 [BENCHMARK] 1654767558920,CSR
glCanvas.js:1127 [BENCHMARK] 1654767558921,CSR
glCanvas.js:1127 [BENCHMARK] 1654767558932,CSR
glCanvas.js:1127 [BENCHMARK] 1654767558933,CSR
glCanvas.js:1127 [BENCHMARK] 1654767558947,CSR
glCanvas.js:1127 [BENCHMARK] 1654767558948,CSR
glCanvas.js:1127 [BENCHMARK] 1654767558959,CSR
glCanvas.js:1127 [BENCHMARK] 1654767558961,CSR
glCanvas.js:1127 [BENCHMARK] 1654767558972,CSR
glCanvas.js:1127 [BENCHMARK] 1654767558974,CSR
glCanvas.js:1127 [BENCHMARK] 1654767558985,CSR
glCanvas.js:1127 [BENCHMARK] 1654767558986,CSR
glCanvas.js:1127 [BENCHMARK] 1654767559207,CSR
glCanvas.js:1127 [BENCHMARK] 1654767559209,CSR
glCanvas.js:1127 [BENCHMARK] 1654767559220,CSR
glCanvas.js:1127 [BENCHMARK] 1654767559221,CSR
glCanvas.js:1127 [BENCHMARK] 1654767559232,CSR
glCanvas.js:1127 [BENCHMARK] 1654767559234,CSR
glCanvas.js:1127 [BENCHMARK] 1654767559245,CSR
glCanvas.js:1127 [BENCHMARK] 1654767559247,CSR
glCanvas.js:1127 [BENCHMARK] 1654767559259,CSR
glCanvas.js:1127 [BENCHMARK] 1654767559261,CSR
glCanvas.js:1127 [BENCHMARK] 1654767559272,CSR
glCanvas.js:1127 [BENCHMARK] 1654767559274,CSR
glCanvas.js:1127 [BENCHMARK] 1654767559285,CSR
glCanvas.js:1127 [BENCHMARK] 1654767559287,CSR
glCanvas.js:1127 [BENCHMARK] 1654767559298,CSR
glCanvas.js:1127 [BENCHMARK] 1654767559300,CSR
glCanvas.js:1127 [BENCHMARK] 1654767559311,CSR
glCanvas.js:1127 [BENCHMARK] 1654767559312,CSR
glCanvas.js:1127 [BENCHMARK] 1654767559324,CSR
glCanvas.js:1127 [BENCHMARK] 1654767559325,CSR
glCanvas.js:1127 [BENCHMARK] 1654767562347,CSR
glCanvas.js:1127 [BENCHMARK] 1654767562359,CSR
glCanvas.js:1127 [BENCHMARK] 1654767562373,CSR
glCanvas.js:1127 [BENCHMARK] 1654767562386,CSR
glCanvas.js:1127 [BENCHMARK] 1654767562398,CSR
glCanvas.js:1127 [BENCHMARK] 1654767562411,CSR
glCanvas.js:1127 [BENCHMARK] 1654767562425,CSR
glCanvas.js:1127 [BENCHMARK] 1654767562438,CSR
glCanvas.js:1127 [BENCHMARK] 1654767562450,CSR
glCanvas.js:1127 [BENCHMARK] 1654767562464,CSR
glCanvas.js:1127 [BENCHMARK] 1654767564487,CSR
glCanvas.js:1127 [BENCHMARK] 1654767564559,CSR
glCanvas.js:1127 [BENCHMARK] 1654767564630,CSR
glCanvas.js:1127 [BENCHMARK] 1654767564702,CSR
glCanvas.js:1127 [BENCHMARK] 1654767564774,CSR
glCanvas.js:1127 [BENCHMARK] 1654767564846,CSR
glCanvas.js:1127 [BENCHMARK] 1654767564918,CSR
glCanvas.js:1127 [BENCHMARK] 1654767564989,CSR
glCanvas.js:1127 [BENCHMARK] 1654767565061,CSR
glCanvas.js:1127 [BENCHMARK] 1654767565133,CSR
glCanvas.js:1127 [BENCHMARK] 1654767565412,CSR
glCanvas.js:1127 [BENCHMARK] 1654767565514,CSR
glCanvas.js:1127 [BENCHMARK] 1654767565616,CSR
glCanvas.js:1127 [BENCHMARK] 1654767565718,CSR
glCanvas.js:1127 [BENCHMARK] 1654767565820,CSR
