glCanvas.js:1107 [BENCHMARK] 1654767839296,X
glCanvas.js:1107 [BENCHMARK] 1654767839303,X
glCanvas.js:1107 [BENCHMARK] 1654767839308,X
glCanvas.js:1107 [BENCHMARK] 1654767839807,X
glCanvas.js:1107 [BENCHMARK] 1654767839814,X
glCanvas.js:1107 [BENCHMARK] 1654767840092,X
glCanvas.js:1107 [BENCHMARK] 1654767840094,X
glCanvas.js:1107 [BENCHMARK] 1654767840097,X
glCanvas.js:1107 [BENCHMARK] 1654767840099,X
glCanvas.js:1107 [BENCHMARK] 1654767840102,X
glCanvas.js:1107 [BENCHMARK] 1654767840104,X
glCanvas.js:1107 [BENCHMARK] 1654767840246,X
glCanvas.js:1127 [BENCHMARK] 1654767840260,SSR
manager.js:159 [BENCHMARK] 1654767840663,firstRender
glCanvas.js:1127 [BENCHMARK] 1654767840667,CSR
glCanvas.js:1127 [BENCHMARK] 1654767840669,CSR
glCanvas.js:1127 [BENCHMARK] 1654767840671,CSR
glCanvas.js:1127 [BENCHMARK] 1654767840708,CSR
glCanvas.js:1127 [BENCHMARK] 1654767840713,CSR
glCanvas.js:1127 [BENCHMARK] 1654767840717,CSR
glCanvas.js:1127 [BENCHMARK] 1654767840727,CSR
glCanvas.js:1127 [BENCHMARK] 1654767840763,CSR
glCanvas.js:1127 [BENCHMARK] 1654767840765,CSR
glCanvas.js:1127 [BENCHMARK] 1654767840767,CSR
glCanvas.js:1127 [BENCHMARK] 1654767840771,CSR
glCanvas.js:1127 [BENCHMARK] 1654767840794,CSR
glCanvas.js:1127 [BENCHMARK] 1654767841020,CSR
glCanvas.js:1127 [BENCHMARK] 1654767841054,CSR
glCanvas.js:1127 [BENCHMARK] 1654767841086,CSR
glCanvas.js:1127 [BENCHMARK] 1654767841129,CSR
glCanvas.js:1127 [BENCHMARK] 1654767841260,CSR
glCanvas.js:1127 [BENCHMARK] 1654767841296,CSR
glCanvas.js:1127 [BENCHMARK] 1654767841396,CSR
glCanvas.js:1127 [BENCHMARK] 1654767841429,CSR
glCanvas.js:1127 [BENCHMARK] 1654767841465,CSR
glCanvas.js:1127 [BENCHMARK] 1654767841507,CSR
glCanvas.js:1127 [BENCHMARK] 1654767841638,CSR
glCanvas.js:1127 [BENCHMARK] 1654767841675,CSR
glCanvas.js:1127 [BENCHMARK] 1654767841712,CSR
glCanvas.js:1127 [BENCHMARK] 1654767841881,CSR
glCanvas.js:1127 [BENCHMARK] 1654767841882,CSR
glCanvas.js:1127 [BENCHMARK] 1654767841889,CSR
glCanvas.js:1127 [BENCHMARK] 1654767841915,CSR
glCanvas.js:1127 [BENCHMARK] 1654767841916,CSR
glCanvas.js:1127 [BENCHMARK] 1654767841947,CSR
glCanvas.js:1127 [BENCHMARK] 1654767841948,CSR
glCanvas.js:1127 [BENCHMARK] 1654767841979,CSR
glCanvas.js:1127 [BENCHMARK] 1654767841980,CSR
glCanvas.js:1127 [BENCHMARK] 1654767841997,CSR
glCanvas.js:1127 [BENCHMARK] 1654767842010,CSR
glCanvas.js:1127 [BENCHMARK] 1654767842011,CSR
glCanvas.js:1127 [BENCHMARK] 1654767842036,CSR
glCanvas.js:1127 [BENCHMARK] 1654767842040,CSR
glCanvas.js:1127 [BENCHMARK] 1654767842041,CSR
glCanvas.js:1127 [BENCHMARK] 1654767842071,CSR
glCanvas.js:1127 [BENCHMARK] 1654767842071,CSR
glCanvas.js:1127 [BENCHMARK] 1654767842076,CSR
glCanvas.js:1127 [BENCHMARK] 1654767842101,CSR
glCanvas.js:1127 [BENCHMARK] 1654767842102,CSR
glCanvas.js:1127 [BENCHMARK] 1654767842132,CSR
glCanvas.js:1127 [BENCHMARK] 1654767842133,CSR
glCanvas.js:1127 [BENCHMARK] 1654767842163,CSR
glCanvas.js:1127 [BENCHMARK] 1654767842164,CSR
glCanvas.js:1127 [BENCHMARK] 1654767842215,CSR
glCanvas.js:1127 [BENCHMARK] 1654767842277,CSR
glCanvas.js:1127 [BENCHMARK] 1654767842321,CSR
glCanvas.js:1127 [BENCHMARK] 1654767842360,CSR
glCanvas.js:1127 [BENCHMARK] 1654767842397,CSR
glCanvas.js:1127 [BENCHMARK] 1654767842397,CSR
glCanvas.js:1127 [BENCHMARK] 1654767842427,CSR
glCanvas.js:1127 [BENCHMARK] 1654767842428,CSR
glCanvas.js:1127 [BENCHMARK] 1654767842458,CSR
glCanvas.js:1127 [BENCHMARK] 1654767842459,CSR
glCanvas.js:1127 [BENCHMARK] 1654767842488,CSR
glCanvas.js:1127 [BENCHMARK] 1654767842489,CSR
glCanvas.js:1127 [BENCHMARK] 1654767842519,CSR
glCanvas.js:1127 [BENCHMARK] 1654767842520,CSR
glCanvas.js:1127 [BENCHMARK] 1654767842541,CSR
glCanvas.js:1127 [BENCHMARK] 1654767842550,CSR
glCanvas.js:1127 [BENCHMARK] 1654767842551,CSR
glCanvas.js:1127 [BENCHMARK] 1654767842581,CSR
glCanvas.js:1127 [BENCHMARK] 1654767842583,CSR
glCanvas.js:1127 [BENCHMARK] 1654767842611,CSR
glCanvas.js:1127 [BENCHMARK] 1654767842612,CSR
glCanvas.js:1127 [BENCHMARK] 1654767842643,CSR
glCanvas.js:1127 [BENCHMARK] 1654767842645,CSR
glCanvas.js:1127 [BENCHMARK] 1654767842673,CSR
glCanvas.js:1127 [BENCHMARK] 1654767842674,CSR
glCanvas.js:1127 [BENCHMARK] 1654767842694,CSR
glCanvas.js:1127 [BENCHMARK] 1654767842890,CSR
glCanvas.js:1127 [BENCHMARK] 1654767842907,CSR
glCanvas.js:1127 [BENCHMARK] 1654767842908,CSR
glCanvas.js:1127 [BENCHMARK] 1654767842938,CSR
glCanvas.js:1127 [BENCHMARK] 1654767842939,CSR
glCanvas.js:1127 [BENCHMARK] 1654767842969,CSR
glCanvas.js:1127 [BENCHMARK] 1654767842970,CSR
glCanvas.js:1127 [BENCHMARK] 1654767842981,CSR
glCanvas.js:1127 [BENCHMARK] 1654767842999,CSR
glCanvas.js:1127 [BENCHMARK] 1654767843000,CSR
glCanvas.js:1127 [BENCHMARK] 1654767843017,CSR
glCanvas.js:1127 [BENCHMARK] 1654767843030,CSR
glCanvas.js:1127 [BENCHMARK] 1654767843031,CSR
glCanvas.js:1127 [BENCHMARK] 1654767843060,CSR
glCanvas.js:1127 [BENCHMARK] 1654767843061,CSR
glCanvas.js:1127 [BENCHMARK] 1654767843091,CSR
glCanvas.js:1127 [BENCHMARK] 1654767843092,CSR
glCanvas.js:1127 [BENCHMARK] 1654767843104,CSR
glCanvas.js:1127 [BENCHMARK] 1654767843122,CSR
glCanvas.js:1127 [BENCHMARK] 1654767843123,CSR
glCanvas.js:1127 [BENCHMARK] 1654767843153,CSR
glCanvas.js:1127 [BENCHMARK] 1654767843153,CSR
glCanvas.js:1127 [BENCHMARK] 1654767843183,CSR
glCanvas.js:1127 [BENCHMARK] 1654767843184,CSR
glCanvas.js:1127 [BENCHMARK] 1654767843195,CSR
glCanvas.js:1127 [BENCHMARK] 1654767843233,CSR
glCanvas.js:1127 [BENCHMARK] 1654767843269,CSR
glCanvas.js:1127 [BENCHMARK] 1654767843306,CSR
glCanvas.js:1127 [BENCHMARK] 1654767843343,CSR
glCanvas.js:1127 [BENCHMARK] 1654767843378,CSR
glCanvas.js:1127 [BENCHMARK] 1654767843631,CSR
glCanvas.js:1127 [BENCHMARK] 1654767843668,CSR
glCanvas.js:1127 [BENCHMARK] 1654767843703,CSR
glCanvas.js:1127 [BENCHMARK] 1654767843738,CSR
glCanvas.js:1127 [BENCHMARK] 1654767843773,CSR
glCanvas.js:1127 [BENCHMARK] 1654767843912,CSR
glCanvas.js:1127 [BENCHMARK] 1654767843947,CSR
glCanvas.js:1127 [BENCHMARK] 1654767844222,CSR
glCanvas.js:1127 [BENCHMARK] 1654767844323,CSR
glCanvas.js:1127 [BENCHMARK] 1654767844424,CSR
glCanvas.js:1127 [BENCHMARK] 1654767844494,CSR
glCanvas.js:1127 [BENCHMARK] 1654767844524,CSR
glCanvas.js:1127 [BENCHMARK] 1654767844534,CSR
glCanvas.js:1127 [BENCHMARK] 1654767844568,CSR
glCanvas.js:1127 [BENCHMARK] 1654767844626,CSR
glCanvas.js:1127 [BENCHMARK] 1654767844727,CSR
glCanvas.js:1127 [BENCHMARK] 1654767844828,CSR
glCanvas.js:1127 [BENCHMARK] 1654767844879,CSR
glCanvas.js:1127 [BENCHMARK] 1654767844917,CSR
glCanvas.js:1127 [BENCHMARK] 1654767845645,CSR
glCanvas.js:1127 [BENCHMARK] 1654767845682,CSR
glCanvas.js:1127 [BENCHMARK] 1654767845717,CSR
glCanvas.js:1127 [BENCHMARK] 1654767846017,CSR
glCanvas.js:1127 [BENCHMARK] 1654767846120,CSR
glCanvas.js:1127 [BENCHMARK] 1654767846244,CSR
glCanvas.js:1127 [BENCHMARK] 1654767846336,CSR
glCanvas.js:1127 [BENCHMARK] 1654767846875,CSR
glCanvas.js:1127 [BENCHMARK] 1654767846910,CSR
glCanvas.js:1127 [BENCHMARK] 1654767847100,CSR
glCanvas.js:1127 [BENCHMARK] 1654767847140,CSR
glCanvas.js:1127 [BENCHMARK] 1654767847175,CSR
glCanvas.js:1127 [BENCHMARK] 1654767847311,CSR
glCanvas.js:1127 [BENCHMARK] 1654767847408,CSR
glCanvas.js:1127 [BENCHMARK] 1654767847468,CSR
glCanvas.js:1127 [BENCHMARK] 1654767847505,CSR
glCanvas.js:1127 [BENCHMARK] 1654767847621,CSR
glCanvas.js:1127 [BENCHMARK] 1654767847660,CSR
glCanvas.js:1127 [BENCHMARK] 1654767847702,CSR
glCanvas.js:1127 [BENCHMARK] 1654767847839,CSR
glCanvas.js:1127 [BENCHMARK] 1654767847932,CSR
glCanvas.js:1127 [BENCHMARK] 1654767847933,CSR
glCanvas.js:1127 [BENCHMARK] 1654767847961,CSR
glCanvas.js:1127 [BENCHMARK] 1654767847997,CSR
glCanvas.js:1127 [BENCHMARK] 1654767848032,CSR
glCanvas.js:1127 [BENCHMARK] 1654767848088,CSR
glCanvas.js:1127 [BENCHMARK] 1654767848133,CSR
glCanvas.js:1127 [BENCHMARK] 1654767848136,CSR
glCanvas.js:1127 [BENCHMARK] 1654767848146,CSR
glCanvas.js:1127 [BENCHMARK] 1654767848291,CSR
glCanvas.js:1127 [BENCHMARK] 1654767848417,CSR
glCanvas.js:1127 [BENCHMARK] 1654767848418,CSR
glCanvas.js:1127 [BENCHMARK] 1654767848421,CSR
glCanvas.js:1127 [BENCHMARK] 1654767848425,CSR
glCanvas.js:1127 [BENCHMARK] 1654767848478,CSR
glCanvas.js:1127 [BENCHMARK] 1654767848498,CSR
glCanvas.js:1127 [BENCHMARK] 1654767848535,CSR
glCanvas.js:1127 [BENCHMARK] 1654767848536,CSR
glCanvas.js:1127 [BENCHMARK] 1654767848561,CSR
glCanvas.js:1127 [BENCHMARK] 1654767848597,CSR
glCanvas.js:1127 [BENCHMARK] 1654767848633,CSR
glCanvas.js:1127 [BENCHMARK] 1654767848668,CSR
glCanvas.js:1127 [BENCHMARK] 1654767848704,CSR
glCanvas.js:1127 [BENCHMARK] 1654767848735,CSR
glCanvas.js:1127 [BENCHMARK] 1654767848736,CSR
glCanvas.js:1127 [BENCHMARK] 1654767848739,CSR
filmbox2.js:1537 [BENCHMARK] 1654767848740,fullLoad
glCanvas.js:1127 [BENCHMARK] 1654767849945,CSR
glCanvas.js:1127 [BENCHMARK] 1654767849949,CSR
glCanvas.js:1127 [BENCHMARK] 1654767850016,CSR
glCanvas.js:1127 [BENCHMARK] 1654767850018,CSR
glCanvas.js:1127 [BENCHMARK] 1654767850088,CSR
glCanvas.js:1127 [BENCHMARK] 1654767850090,CSR
glCanvas.js:1127 [BENCHMARK] 1654767850159,CSR
glCanvas.js:1127 [BENCHMARK] 1654767850162,CSR
glCanvas.js:1127 [BENCHMARK] 1654767850231,CSR
glCanvas.js:1127 [BENCHMARK] 1654767850233,CSR
glCanvas.js:1127 [BENCHMARK] 1654767850302,CSR
glCanvas.js:1127 [BENCHMARK] 1654767850304,CSR
glCanvas.js:1127 [BENCHMARK] 1654767850374,CSR
glCanvas.js:1127 [BENCHMARK] 1654767850376,CSR
glCanvas.js:1127 [BENCHMARK] 1654767852455,CSR
glCanvas.js:1127 [BENCHMARK] 1654767852457,CSR
glCanvas.js:1127 [BENCHMARK] 1654767852526,CSR
glCanvas.js:1127 [BENCHMARK] 1654767852527,CSR
glCanvas.js:1127 [BENCHMARK] 1654767852597,CSR
glCanvas.js:1127 [BENCHMARK] 1654767852599,CSR
glCanvas.js:1127 [BENCHMARK] 1654767852669,CSR
glCanvas.js:1127 [BENCHMARK] 1654767852671,CSR
glCanvas.js:1127 [BENCHMARK] 1654767852741,CSR
glCanvas.js:1127 [BENCHMARK] 1654767852743,CSR
glCanvas.js:1127 [BENCHMARK] 1654767852813,CSR
glCanvas.js:1127 [BENCHMARK] 1654767852815,CSR
glCanvas.js:1127 [BENCHMARK] 1654767852884,CSR
glCanvas.js:1127 [BENCHMARK] 1654767852887,CSR
glCanvas.js:1127 [BENCHMARK] 1654767852956,CSR
glCanvas.js:1127 [BENCHMARK] 1654767852958,CSR
glCanvas.js:1127 [BENCHMARK] 1654767853027,CSR
glCanvas.js:1127 [BENCHMARK] 1654767853029,CSR
glCanvas.js:1127 [BENCHMARK] 1654767853099,CSR
glCanvas.js:1127 [BENCHMARK] 1654767853102,CSR
glCanvas.js:1127 [BENCHMARK] 1654767853379,CSR
glCanvas.js:1127 [BENCHMARK] 1654767853382,CSR
glCanvas.js:1127 [BENCHMARK] 1654767853410,CSR
glCanvas.js:1127 [BENCHMARK] 1654767853413,CSR
glCanvas.js:1127 [BENCHMARK] 1654767853442,CSR
glCanvas.js:1127 [BENCHMARK] 1654767853444,CSR
glCanvas.js:1127 [BENCHMARK] 1654767853474,CSR
glCanvas.js:1127 [BENCHMARK] 1654767853476,CSR
glCanvas.js:1127 [BENCHMARK] 1654767853505,CSR
glCanvas.js:1127 [BENCHMARK] 1654767853508,CSR
glCanvas.js:1127 [BENCHMARK] 1654767853538,CSR
glCanvas.js:1127 [BENCHMARK] 1654767853539,CSR
glCanvas.js:1127 [BENCHMARK] 1654767853566,CSR
glCanvas.js:1127 [BENCHMARK] 1654767853567,CSR
glCanvas.js:1127 [BENCHMARK] 1654767853597,CSR
glCanvas.js:1127 [BENCHMARK] 1654767853598,CSR
glCanvas.js:1127 [BENCHMARK] 1654767853628,CSR
glCanvas.js:1127 [BENCHMARK] 1654767853628,CSR
glCanvas.js:1127 [BENCHMARK] 1654767853658,CSR
glCanvas.js:1127 [BENCHMARK] 1654767853659,CSR
glCanvas.js:1127 [BENCHMARK] 1654767853899,CSR
glCanvas.js:1127 [BENCHMARK] 1654767853901,CSR
glCanvas.js:1127 [BENCHMARK] 1654767853930,CSR
glCanvas.js:1127 [BENCHMARK] 1654767853932,CSR
glCanvas.js:1127 [BENCHMARK] 1654767853970,CSR
glCanvas.js:1127 [BENCHMARK] 1654767853971,CSR
glCanvas.js:1127 [BENCHMARK] 1654767854000,CSR
glCanvas.js:1127 [BENCHMARK] 1654767854001,CSR
glCanvas.js:1127 [BENCHMARK] 1654767854031,CSR
glCanvas.js:1127 [BENCHMARK] 1654767854032,CSR
glCanvas.js:1127 [BENCHMARK] 1654767854062,CSR
glCanvas.js:1127 [BENCHMARK] 1654767854063,CSR
glCanvas.js:1127 [BENCHMARK] 1654767854095,CSR
glCanvas.js:1127 [BENCHMARK] 1654767854096,CSR
glCanvas.js:1127 [BENCHMARK] 1654767854126,CSR
glCanvas.js:1127 [BENCHMARK] 1654767854128,CSR
glCanvas.js:1127 [BENCHMARK] 1654767854158,CSR
glCanvas.js:1127 [BENCHMARK] 1654767854160,CSR
glCanvas.js:1127 [BENCHMARK] 1654767854190,CSR
glCanvas.js:1127 [BENCHMARK] 1654767854192,CSR
glCanvas.js:1127 [BENCHMARK] 1654767857247,CSR
glCanvas.js:1127 [BENCHMARK] 1654767857431,CSR
glCanvas.js:1127 [BENCHMARK] 1654767857632,CSR
glCanvas.js:1127 [BENCHMARK] 1654767857857,CSR
glCanvas.js:1127 [BENCHMARK] 1654767858035,CSR
glCanvas.js:1127 [BENCHMARK] 1654767859265,CSR
glCanvas.js:1127 [BENCHMARK] 1654767859318,CSR
glCanvas.js:1127 [BENCHMARK] 1654767859390,CSR
glCanvas.js:1127 [BENCHMARK] 1654767859461,CSR
glCanvas.js:1127 [BENCHMARK] 1654767859533,CSR
glCanvas.js:1127 [BENCHMARK] 1654767859605,CSR
glCanvas.js:1127 [BENCHMARK] 1654767859677,CSR
glCanvas.js:1127 [BENCHMARK] 1654767859748,CSR
glCanvas.js:1127 [BENCHMARK] 1654767859820,CSR
glCanvas.js:1127 [BENCHMARK] 1654767859891,CSR
glCanvas.js:1127 [BENCHMARK] 1654767860171,CSR
glCanvas.js:1127 [BENCHMARK] 1654767860243,CSR
glCanvas.js:1127 [BENCHMARK] 1654767860315,CSR
glCanvas.js:1127 [BENCHMARK] 1654767860387,CSR
glCanvas.js:1127 [BENCHMARK] 1654767860459,CSR
glCanvas.js:1127 [BENCHMARK] 1654767860531,CSR
glCanvas.js:1127 [BENCHMARK] 1654767860603,CSR
glCanvas.js:1127 [BENCHMARK] 1654767860675,CSR
glCanvas.js:1127 [BENCHMARK] 1654767860746,CSR
glCanvas.js:1127 [BENCHMARK] 1654767860818,CSR
glCanvas.js:1127 [BENCHMARK] 1654767861898,CSR
glCanvas.js:1127 [BENCHMARK] 1654767861900,CSR
glCanvas.js:1127 [BENCHMARK] 1654767861929,CSR
glCanvas.js:1127 [BENCHMARK] 1654767861931,CSR
glCanvas.js:1127 [BENCHMARK] 1654767861961,CSR
glCanvas.js:1127 [BENCHMARK] 1654767861963,CSR
glCanvas.js:1127 [BENCHMARK] 1654767861993,CSR
glCanvas.js:1127 [BENCHMARK] 1654767861995,CSR
glCanvas.js:1127 [BENCHMARK] 1654767862024,CSR
glCanvas.js:1127 [BENCHMARK] 1654767862026,CSR
glCanvas.js:1127 [BENCHMARK] 1654767862055,CSR
glCanvas.js:1127 [BENCHMARK] 1654767862057,CSR
glCanvas.js:1127 [BENCHMARK] 1654767862087,CSR
glCanvas.js:1127 [BENCHMARK] 1654767862088,CSR
glCanvas.js:1127 [BENCHMARK] 1654767862119,CSR
glCanvas.js:1127 [BENCHMARK] 1654767862120,CSR
glCanvas.js:1127 [BENCHMARK] 1654767862151,CSR
glCanvas.js:1127 [BENCHMARK] 1654767862153,CSR
glCanvas.js:1127 [BENCHMARK] 1654767862182,CSR
glCanvas.js:1127 [BENCHMARK] 1654767862185,CSR
glCanvas.js:1127 [BENCHMARK] 1654767862423,CSR
glCanvas.js:1127 [BENCHMARK] 1654767862425,CSR
glCanvas.js:1127 [BENCHMARK] 1654767862454,CSR
glCanvas.js:1127 [BENCHMARK] 1654767862456,CSR
glCanvas.js:1127 [BENCHMARK] 1654767862486,CSR
glCanvas.js:1127 [BENCHMARK] 1654767862488,CSR
glCanvas.js:1127 [BENCHMARK] 1654767862517,CSR
glCanvas.js:1127 [BENCHMARK] 1654767862519,CSR
glCanvas.js:1127 [BENCHMARK] 1654767862549,CSR
glCanvas.js:1127 [BENCHMARK] 1654767862551,CSR
glCanvas.js:1127 [BENCHMARK] 1654767862581,CSR
glCanvas.js:1127 [BENCHMARK] 1654767862583,CSR
glCanvas.js:1127 [BENCHMARK] 1654767862612,CSR
glCanvas.js:1127 [BENCHMARK] 1654767862614,CSR
glCanvas.js:1127 [BENCHMARK] 1654767862643,CSR
glCanvas.js:1127 [BENCHMARK] 1654767862645,CSR
glCanvas.js:1127 [BENCHMARK] 1654767862675,CSR
glCanvas.js:1127 [BENCHMARK] 1654767862677,CSR
glCanvas.js:1127 [BENCHMARK] 1654767862706,CSR
glCanvas.js:1127 [BENCHMARK] 1654767862708,CSR
glCanvas.js:1127 [BENCHMARK] 1654767862946,CSR
glCanvas.js:1127 [BENCHMARK] 1654767862948,CSR
glCanvas.js:1127 [BENCHMARK] 1654767862978,CSR
glCanvas.js:1127 [BENCHMARK] 1654767862980,CSR
glCanvas.js:1127 [BENCHMARK] 1654767863010,CSR
glCanvas.js:1127 [BENCHMARK] 1654767863012,CSR
glCanvas.js:1127 [BENCHMARK] 1654767863041,CSR
glCanvas.js:1127 [BENCHMARK] 1654767863043,CSR
glCanvas.js:1127 [BENCHMARK] 1654767863072,CSR
glCanvas.js:1127 [BENCHMARK] 1654767863074,CSR
glCanvas.js:1127 [BENCHMARK] 1654767863104,CSR
glCanvas.js:1127 [BENCHMARK] 1654767863105,CSR
glCanvas.js:1127 [BENCHMARK] 1654767863135,CSR
glCanvas.js:1127 [BENCHMARK] 1654767863137,CSR
glCanvas.js:1127 [BENCHMARK] 1654767863166,CSR
glCanvas.js:1127 [BENCHMARK] 1654767863168,CSR
glCanvas.js:1127 [BENCHMARK] 1654767863198,CSR
glCanvas.js:1127 [BENCHMARK] 1654767863200,CSR
glCanvas.js:1127 [BENCHMARK] 1654767863230,CSR
glCanvas.js:1127 [BENCHMARK] 1654767863231,CSR
glCanvas.js:1127 [BENCHMARK] 1654767866269,CSR
glCanvas.js:1127 [BENCHMARK] 1654767866271,CSR
glCanvas.js:1127 [BENCHMARK] 1654767866471,CSR
glCanvas.js:1127 [BENCHMARK] 1654767866473,CSR
glCanvas.js:1127 [BENCHMARK] 1654767866673,CSR
glCanvas.js:1127 [BENCHMARK] 1654767866679,CSR
glCanvas.js:1127 [BENCHMARK] 1654767869883,CSR
glCanvas.js:1127 [BENCHMARK] 1654767869985,CSR
glCanvas.js:1127 [BENCHMARK] 1654767870087,CSR
glCanvas.js:1127 [BENCHMARK] 1654767870189,CSR
glCanvas.js:1127 [BENCHMARK] 1654767870291,CSR
glCanvas.js:1127 [BENCHMARK] 1654767870601,CSR
glCanvas.js:1127 [BENCHMARK] 1654767870702,CSR
glCanvas.js:1127 [BENCHMARK] 1654767870804,CSR
glCanvas.js:1127 [BENCHMARK] 1654767870906,CSR
glCanvas.js:1127 [BENCHMARK] 1654767871008,CSR
glCanvas.js:1127 [BENCHMARK] 1654767871110,CSR
glCanvas.js:1127 [BENCHMARK] 1654767871212,CSR
glCanvas.js:1127 [BENCHMARK] 1654767871314,CSR
glCanvas.js:1127 [BENCHMARK] 1654767871416,CSR
glCanvas.js:1127 [BENCHMARK] 1654767871518,CSR
glCanvas.js:1127 [BENCHMARK] 1654767871828,CSR
glCanvas.js:1127 [BENCHMARK] 1654767871899,CSR
glCanvas.js:1127 [BENCHMARK] 1654767871971,CSR
glCanvas.js:1127 [BENCHMARK] 1654767872043,CSR
glCanvas.js:1127 [BENCHMARK] 1654767872115,CSR
glCanvas.js:1127 [BENCHMARK] 1654767872187,CSR
glCanvas.js:1127 [BENCHMARK] 1654767872259,CSR
glCanvas.js:1127 [BENCHMARK] 1654767872330,CSR
glCanvas.js:1127 [BENCHMARK] 1654767872403,CSR
glCanvas.js:1127 [BENCHMARK] 1654767872474,CSR
glCanvas.js:1127 [BENCHMARK] 1654767876555,CSR
glCanvas.js:1127 [BENCHMARK] 1654767876558,CSR
glCanvas.js:1127 [BENCHMARK] 1654767876586,CSR
glCanvas.js:1127 [BENCHMARK] 1654767876588,CSR
glCanvas.js:1127 [BENCHMARK] 1654767876617,CSR
glCanvas.js:1127 [BENCHMARK] 1654767876619,CSR
glCanvas.js:1127 [BENCHMARK] 1654767876648,CSR
glCanvas.js:1127 [BENCHMARK] 1654767876650,CSR
glCanvas.js:1127 [BENCHMARK] 1654767876679,CSR
glCanvas.js:1127 [BENCHMARK] 1654767876681,CSR
glCanvas.js:1127 [BENCHMARK] 1654767876711,CSR
glCanvas.js:1127 [BENCHMARK] 1654767876713,CSR
glCanvas.js:1127 [BENCHMARK] 1654767876742,CSR
glCanvas.js:1127 [BENCHMARK] 1654767876744,CSR
glCanvas.js:1127 [BENCHMARK] 1654767876773,CSR
glCanvas.js:1127 [BENCHMARK] 1654767876775,CSR
glCanvas.js:1127 [BENCHMARK] 1654767876805,CSR
glCanvas.js:1127 [BENCHMARK] 1654767876806,CSR
glCanvas.js:1127 [BENCHMARK] 1654767876836,CSR
glCanvas.js:1127 [BENCHMARK] 1654767876838,CSR
glCanvas.js:1127 [BENCHMARK] 1654767877075,CSR
glCanvas.js:1127 [BENCHMARK] 1654767877077,CSR
glCanvas.js:1127 [BENCHMARK] 1654767877106,CSR
glCanvas.js:1127 [BENCHMARK] 1654767877108,CSR
glCanvas.js:1127 [BENCHMARK] 1654767877137,CSR
glCanvas.js:1127 [BENCHMARK] 1654767877139,CSR
glCanvas.js:1127 [BENCHMARK] 1654767877168,CSR
glCanvas.js:1127 [BENCHMARK] 1654767877170,CSR
glCanvas.js:1127 [BENCHMARK] 1654767877199,CSR
glCanvas.js:1127 [BENCHMARK] 1654767877201,CSR
glCanvas.js:1127 [BENCHMARK] 1654767877231,CSR
glCanvas.js:1127 [BENCHMARK] 1654767877233,CSR
glCanvas.js:1127 [BENCHMARK] 1654767877262,CSR
glCanvas.js:1127 [BENCHMARK] 1654767877264,CSR
glCanvas.js:1127 [BENCHMARK] 1654767877294,CSR
glCanvas.js:1127 [BENCHMARK] 1654767877296,CSR
glCanvas.js:1127 [BENCHMARK] 1654767877325,CSR
glCanvas.js:1127 [BENCHMARK] 1654767877327,CSR
glCanvas.js:1127 [BENCHMARK] 1654767877356,CSR
glCanvas.js:1127 [BENCHMARK] 1654767877358,CSR
glCanvas.js:1127 [BENCHMARK] 1654767877595,CSR
glCanvas.js:1127 [BENCHMARK] 1654767877597,CSR
glCanvas.js:1127 [BENCHMARK] 1654767877627,CSR
glCanvas.js:1127 [BENCHMARK] 1654767877629,CSR
glCanvas.js:1127 [BENCHMARK] 1654767877658,CSR
glCanvas.js:1127 [BENCHMARK] 1654767877660,CSR
glCanvas.js:1127 [BENCHMARK] 1654767877690,CSR
glCanvas.js:1127 [BENCHMARK] 1654767877692,CSR
glCanvas.js:1127 [BENCHMARK] 1654767877721,CSR
glCanvas.js:1127 [BENCHMARK] 1654767877723,CSR
glCanvas.js:1127 [BENCHMARK] 1654767877752,CSR
glCanvas.js:1127 [BENCHMARK] 1654767877754,CSR
glCanvas.js:1127 [BENCHMARK] 1654767877784,CSR
glCanvas.js:1127 [BENCHMARK] 1654767877785,CSR
glCanvas.js:1127 [BENCHMARK] 1654767877815,CSR
glCanvas.js:1127 [BENCHMARK] 1654767877817,CSR
glCanvas.js:1127 [BENCHMARK] 1654767877847,CSR
glCanvas.js:1127 [BENCHMARK] 1654767877849,CSR
glCanvas.js:1127 [BENCHMARK] 1654767877878,CSR
glCanvas.js:1127 [BENCHMARK] 1654767877880,CSR
glCanvas.js:1127 [BENCHMARK] 1654767878918,CSR
glCanvas.js:1127 [BENCHMARK] 1654767879020,CSR
glCanvas.js:1127 [BENCHMARK] 1654767879122,CSR
glCanvas.js:1127 [BENCHMARK] 1654767879224,CSR
glCanvas.js:1127 [BENCHMARK] 1654767879325,CSR
glCanvas.js:1127 [BENCHMARK] 1654767879427,CSR
glCanvas.js:1127 [BENCHMARK] 1654767879529,CSR
glCanvas.js:1127 [BENCHMARK] 1654767882639,CSR
glCanvas.js:1127 [BENCHMARK] 1654767882642,CSR
glCanvas.js:1127 [BENCHMARK] 1654767882841,CSR
glCanvas.js:1127 [BENCHMARK] 1654767882843,CSR
glCanvas.js:1127 [BENCHMARK] 1654767883043,CSR
glCanvas.js:1127 [BENCHMARK] 1654767883045,CSR
glCanvas.js:1127 [BENCHMARK] 1654767883244,CSR
glCanvas.js:1127 [BENCHMARK] 1654767883246,CSR
glCanvas.js:1127 [BENCHMARK] 1654767883446,CSR
glCanvas.js:1127 [BENCHMARK] 1654767883449,CSR
glCanvas.js:1127 [BENCHMARK] 1654767888656,CSR
glCanvas.js:1127 [BENCHMARK] 1654767888659,CSR
glCanvas.js:1127 [BENCHMARK] 1654767888727,CSR
glCanvas.js:1127 [BENCHMARK] 1654767888729,CSR
glCanvas.js:1127 [BENCHMARK] 1654767888799,CSR
glCanvas.js:1127 [BENCHMARK] 1654767888801,CSR
glCanvas.js:1127 [BENCHMARK] 1654767888870,CSR
glCanvas.js:1127 [BENCHMARK] 1654767888872,CSR
glCanvas.js:1127 [BENCHMARK] 1654767888942,CSR
glCanvas.js:1127 [BENCHMARK] 1654767888945,CSR
glCanvas.js:1127 [BENCHMARK] 1654767891023,CSR
glCanvas.js:1127 [BENCHMARK] 1654767891025,CSR
glCanvas.js:1127 [BENCHMARK] 1654767891053,CSR
glCanvas.js:1127 [BENCHMARK] 1654767891055,CSR
glCanvas.js:1127 [BENCHMARK] 1654767891085,CSR
glCanvas.js:1127 [BENCHMARK] 1654767891087,CSR
glCanvas.js:1127 [BENCHMARK] 1654767891117,CSR
glCanvas.js:1127 [BENCHMARK] 1654767891118,CSR
glCanvas.js:1127 [BENCHMARK] 1654767891148,CSR
glCanvas.js:1127 [BENCHMARK] 1654767891149,CSR
glCanvas.js:1127 [BENCHMARK] 1654767891179,CSR
glCanvas.js:1127 [BENCHMARK] 1654767891181,CSR
glCanvas.js:1127 [BENCHMARK] 1654767891210,CSR
glCanvas.js:1127 [BENCHMARK] 1654767891212,CSR
glCanvas.js:1127 [BENCHMARK] 1654767891242,CSR
glCanvas.js:1127 [BENCHMARK] 1654767891246,CSR
glCanvas.js:1127 [BENCHMARK] 1654767891274,CSR
glCanvas.js:1127 [BENCHMARK] 1654767891276,CSR
glCanvas.js:1127 [BENCHMARK] 1654767891305,CSR
glCanvas.js:1127 [BENCHMARK] 1654767891307,CSR
glCanvas.js:1127 [BENCHMARK] 1654767891336,CSR
glCanvas.js:1127 [BENCHMARK] 1654767891337,CSR
glCanvas.js:1127 [BENCHMARK] 1654767891368,CSR
glCanvas.js:1127 [BENCHMARK] 1654767891369,CSR
glCanvas.js:1127 [BENCHMARK] 1654767891399,CSR
glCanvas.js:1127 [BENCHMARK] 1654767891401,CSR
glCanvas.js:1127 [BENCHMARK] 1654767891639,CSR
glCanvas.js:1127 [BENCHMARK] 1654767891640,CSR
glCanvas.js:1127 [BENCHMARK] 1654767891651,CSR
glCanvas.js:1127 [BENCHMARK] 1654767891653,CSR
glCanvas.js:1127 [BENCHMARK] 1654767891665,CSR
glCanvas.js:1127 [BENCHMARK] 1654767891668,CSR
glCanvas.js:1127 [BENCHMARK] 1654767891677,CSR
glCanvas.js:1127 [BENCHMARK] 1654767891679,CSR
glCanvas.js:1127 [BENCHMARK] 1654767891690,CSR
glCanvas.js:1127 [BENCHMARK] 1654767891691,CSR
glCanvas.js:1127 [BENCHMARK] 1654767891702,CSR
glCanvas.js:1127 [BENCHMARK] 1654767891703,CSR
glCanvas.js:1127 [BENCHMARK] 1654767891715,CSR
glCanvas.js:1127 [BENCHMARK] 1654767891715,CSR
glCanvas.js:1127 [BENCHMARK] 1654767891728,CSR
glCanvas.js:1127 [BENCHMARK] 1654767891729,CSR
glCanvas.js:1127 [BENCHMARK] 1654767891741,CSR
glCanvas.js:1127 [BENCHMARK] 1654767891742,CSR
glCanvas.js:1127 [BENCHMARK] 1654767891753,CSR
glCanvas.js:1127 [BENCHMARK] 1654767891754,CSR
glCanvas.js:1127 [BENCHMARK] 1654767891975,CSR
glCanvas.js:1127 [BENCHMARK] 1654767891977,CSR
glCanvas.js:1127 [BENCHMARK] 1654767891988,CSR
glCanvas.js:1127 [BENCHMARK] 1654767891990,CSR
glCanvas.js:1127 [BENCHMARK] 1654767892001,CSR
glCanvas.js:1127 [BENCHMARK] 1654767892002,CSR
glCanvas.js:1127 [BENCHMARK] 1654767892014,CSR
glCanvas.js:1127 [BENCHMARK] 1654767892015,CSR
glCanvas.js:1127 [BENCHMARK] 1654767892027,CSR
glCanvas.js:1127 [BENCHMARK] 1654767892029,CSR
glCanvas.js:1127 [BENCHMARK] 1654767892040,CSR
glCanvas.js:1127 [BENCHMARK] 1654767892042,CSR
glCanvas.js:1127 [BENCHMARK] 1654767892052,CSR
glCanvas.js:1127 [BENCHMARK] 1654767892054,CSR
glCanvas.js:1127 [BENCHMARK] 1654767892065,CSR
glCanvas.js:1127 [BENCHMARK] 1654767892067,CSR
glCanvas.js:1127 [BENCHMARK] 1654767892078,CSR
glCanvas.js:1127 [BENCHMARK] 1654767892080,CSR
glCanvas.js:1127 [BENCHMARK] 1654767892091,CSR
glCanvas.js:1127 [BENCHMARK] 1654767892093,CSR
glCanvas.js:1127 [BENCHMARK] 1654767895113,CSR
glCanvas.js:1127 [BENCHMARK] 1654767895126,CSR
glCanvas.js:1127 [BENCHMARK] 1654767895139,CSR
glCanvas.js:1127 [BENCHMARK] 1654767895152,CSR
glCanvas.js:1127 [BENCHMARK] 1654767895164,CSR
glCanvas.js:1127 [BENCHMARK] 1654767895177,CSR
glCanvas.js:1127 [BENCHMARK] 1654767895190,CSR
glCanvas.js:1127 [BENCHMARK] 1654767895203,CSR
glCanvas.js:1127 [BENCHMARK] 1654767895216,CSR
glCanvas.js:1127 [BENCHMARK] 1654767895229,CSR
glCanvas.js:1127 [BENCHMARK] 1654767897251,CSR
glCanvas.js:1127 [BENCHMARK] 1654767897323,CSR
glCanvas.js:1127 [BENCHMARK] 1654767897395,CSR
glCanvas.js:1127 [BENCHMARK] 1654767897467,CSR
glCanvas.js:1127 [BENCHMARK] 1654767897539,CSR
glCanvas.js:1127 [BENCHMARK] 1654767897611,CSR
glCanvas.js:1127 [BENCHMARK] 1654767897683,CSR
glCanvas.js:1127 [BENCHMARK] 1654767897755,CSR
glCanvas.js:1127 [BENCHMARK] 1654767897826,CSR
glCanvas.js:1127 [BENCHMARK] 1654767897898,CSR
glCanvas.js:1127 [BENCHMARK] 1654767898178,CSR
glCanvas.js:1127 [BENCHMARK] 1654767898280,CSR
glCanvas.js:1127 [BENCHMARK] 1654767898380,CSR
glCanvas.js:1127 [BENCHMARK] 1654767898483,CSR
glCanvas.js:1127 [BENCHMARK] 1654767898585,CSR
