glCanvas.js:1107 [BENCHMARK] 1654768967193,X
glCanvas.js:1107 [BENCHMARK] 1654768967202,X
glCanvas.js:1107 [BENCHMARK] 1654768967207,X
glCanvas.js:1107 [BENCHMARK] 1654768967481,X
glCanvas.js:1107 [BENCHMARK] 1654768967879,X
glCanvas.js:1107 [BENCHMARK] 1654768967889,X
glCanvas.js:1107 [BENCHMARK] 1654768967890,X
glCanvas.js:1107 [BENCHMARK] 1654768967894,X
glCanvas.js:1107 [BENCHMARK] 1654768967895,X
glCanvas.js:1107 [BENCHMARK] 1654768967899,X
glCanvas.js:1107 [BENCHMARK] 1654768967901,X
glCanvas.js:1107 [BENCHMARK] 1654768967937,X
glCanvas.js:1107 [BENCHMARK] 1654768968029,X
glCanvas.js:1127 [BENCHMARK] 1654768968041,SSR
manager.js:159 [BENCHMARK] 1654768968532,firstRender
glCanvas.js:1127 [BENCHMARK] 1654768968537,SSR
glCanvas.js:1127 [BENCHMARK] 1654768968539,SSR
glCanvas.js:1127 [BENCHMARK] 1654768968542,CSR
glCanvas.js:1127 [BENCHMARK] 1654768968563,CSR
glCanvas.js:1127 [BENCHMARK] 1654768968566,CSR
glCanvas.js:1127 [BENCHMARK] 1654768968569,CSR
glCanvas.js:1127 [BENCHMARK] 1654768968572,CSR
glCanvas.js:1127 [BENCHMARK] 1654768968636,CSR
glCanvas.js:1127 [BENCHMARK] 1654768968638,CSR
glCanvas.js:1127 [BENCHMARK] 1654768968639,CSR
glCanvas.js:1127 [BENCHMARK] 1654768968642,CSR
glCanvas.js:1127 [BENCHMARK] 1654768968655,CSR
glCanvas.js:1127 [BENCHMARK] 1654768968878,CSR
glCanvas.js:1127 [BENCHMARK] 1654768968914,CSR
glCanvas.js:1127 [BENCHMARK] 1654768968946,CSR
glCanvas.js:1127 [BENCHMARK] 1654768968996,CSR
glCanvas.js:1127 [BENCHMARK] 1654768969042,CSR
glCanvas.js:1127 [BENCHMARK] 1654768969286,CSR
glCanvas.js:1127 [BENCHMARK] 1654768969320,CSR
glCanvas.js:1127 [BENCHMARK] 1654768969372,CSR
glCanvas.js:1127 [BENCHMARK] 1654768969428,CSR
glCanvas.js:1127 [BENCHMARK] 1654768969551,CSR
glCanvas.js:1127 [BENCHMARK] 1654768969755,CSR
glCanvas.js:1127 [BENCHMARK] 1654768969755,CSR
glCanvas.js:1127 [BENCHMARK] 1654768969791,CSR
glCanvas.js:1127 [BENCHMARK] 1654768969792,CSR
glCanvas.js:1127 [BENCHMARK] 1654768969823,CSR
glCanvas.js:1127 [BENCHMARK] 1654768969825,CSR
glCanvas.js:1127 [BENCHMARK] 1654768969854,CSR
glCanvas.js:1127 [BENCHMARK] 1654768969855,CSR
glCanvas.js:1127 [BENCHMARK] 1654768969884,CSR
glCanvas.js:1127 [BENCHMARK] 1654768969886,CSR
glCanvas.js:1127 [BENCHMARK] 1654768969917,CSR
glCanvas.js:1127 [BENCHMARK] 1654768969918,CSR
glCanvas.js:1127 [BENCHMARK] 1654768969946,CSR
glCanvas.js:1127 [BENCHMARK] 1654768969947,CSR
glCanvas.js:1127 [BENCHMARK] 1654768969977,CSR
glCanvas.js:1127 [BENCHMARK] 1654768969978,CSR
glCanvas.js:1127 [BENCHMARK] 1654768970008,CSR
glCanvas.js:1127 [BENCHMARK] 1654768970008,CSR
glCanvas.js:1127 [BENCHMARK] 1654768970018,CSR
glCanvas.js:1127 [BENCHMARK] 1654768970028,CSR
glCanvas.js:1127 [BENCHMARK] 1654768970053,CSR
glCanvas.js:1127 [BENCHMARK] 1654768970054,CSR
glCanvas.js:1127 [BENCHMARK] 1654768970062,CSR
glCanvas.js:1127 [BENCHMARK] 1654768970070,CSR
glCanvas.js:1127 [BENCHMARK] 1654768970077,CSR
glCanvas.js:1127 [BENCHMARK] 1654768970089,CSR
glCanvas.js:1127 [BENCHMARK] 1654768970279,CSR
glCanvas.js:1127 [BENCHMARK] 1654768970281,CSR
glCanvas.js:1127 [BENCHMARK] 1654768970309,CSR
glCanvas.js:1127 [BENCHMARK] 1654768970310,CSR
glCanvas.js:1107 [BENCHMARK] 1654768970341,X
glCanvas.js:1107 [BENCHMARK] 1654768970343,X
glCanvas.js:1127 [BENCHMARK] 1654768970371,CSR
glCanvas.js:1127 [BENCHMARK] 1654768970372,CSR
glCanvas.js:1127 [BENCHMARK] 1654768970403,CSR
glCanvas.js:1127 [BENCHMARK] 1654768970405,CSR
glCanvas.js:1127 [BENCHMARK] 1654768970434,CSR
glCanvas.js:1127 [BENCHMARK] 1654768970436,CSR
glCanvas.js:1127 [BENCHMARK] 1654768970465,CSR
glCanvas.js:1127 [BENCHMARK] 1654768970467,CSR
glCanvas.js:1127 [BENCHMARK] 1654768970495,CSR
glCanvas.js:1127 [BENCHMARK] 1654768970495,CSR
glCanvas.js:1127 [BENCHMARK] 1654768970527,SSR
glCanvas.js:1127 [BENCHMARK] 1654768970529,SSR
glCanvas.js:1127 [BENCHMARK] 1654768970556,SSR
glCanvas.js:1127 [BENCHMARK] 1654768970557,SSR
glCanvas.js:1127 [BENCHMARK] 1654768970796,SSR
glCanvas.js:1127 [BENCHMARK] 1654768970798,SSR
glCanvas.js:1127 [BENCHMARK] 1654768970826,SSR
glCanvas.js:1127 [BENCHMARK] 1654768970827,SSR
glCanvas.js:1127 [BENCHMARK] 1654768970857,SSR
glCanvas.js:1127 [BENCHMARK] 1654768970857,SSR
glCanvas.js:1127 [BENCHMARK] 1654768970888,SSR
glCanvas.js:1127 [BENCHMARK] 1654768970890,SSR
glCanvas.js:1107 [BENCHMARK] 1654768970918,X
glCanvas.js:1107 [BENCHMARK] 1654768970919,X
glCanvas.js:1107 [BENCHMARK] 1654768970950,X
glCanvas.js:1107 [BENCHMARK] 1654768970951,X
glCanvas.js:1107 [BENCHMARK] 1654768970981,X
glCanvas.js:1107 [BENCHMARK] 1654768970983,X
glCanvas.js:1107 [BENCHMARK] 1654768971011,X
glCanvas.js:1107 [BENCHMARK] 1654768971011,X
glCanvas.js:1107 [BENCHMARK] 1654768971043,X
glCanvas.js:1107 [BENCHMARK] 1654768971044,X
glCanvas.js:1107 [BENCHMARK] 1654768971074,X
glCanvas.js:1107 [BENCHMARK] 1654768971075,X
glCanvas.js:1107 [BENCHMARK] 1654768971329,X
glCanvas.js:1127 [BENCHMARK] 1654768971608,SSR
glCanvas.js:1127 [BENCHMARK] 1654768971615,SSR
glCanvas.js:1127 [BENCHMARK] 1654768971617,SSR
glCanvas.js:1127 [BENCHMARK] 1654768971618,CSR
glCanvas.js:1127 [BENCHMARK] 1654768971622,CSR
glCanvas.js:1127 [BENCHMARK] 1654768971624,CSR
glCanvas.js:1127 [BENCHMARK] 1654768971626,CSR
glCanvas.js:1127 [BENCHMARK] 1654768971638,CSR
glCanvas.js:1127 [BENCHMARK] 1654768971640,CSR
glCanvas.js:1127 [BENCHMARK] 1654768971641,CSR
glCanvas.js:1127 [BENCHMARK] 1654768971762,CSR
glCanvas.js:1127 [BENCHMARK] 1654768971849,CSR
glCanvas.js:1127 [BENCHMARK] 1654768971861,CSR
glCanvas.js:1127 [BENCHMARK] 1654768971870,CSR
glCanvas.js:1127 [BENCHMARK] 1654768971883,CSR
glCanvas.js:1127 [BENCHMARK] 1654768971888,CSR
glCanvas.js:1127 [BENCHMARK] 1654768971895,CSR
glCanvas.js:1127 [BENCHMARK] 1654768971904,CSR
glCanvas.js:1127 [BENCHMARK] 1654768971907,CSR
glCanvas.js:1127 [BENCHMARK] 1654768971923,CSR
glCanvas.js:1127 [BENCHMARK] 1654768971980,CSR
glCanvas.js:1127 [BENCHMARK] 1654768972061,CSR
glCanvas.js:1127 [BENCHMARK] 1654768972070,CSR
glCanvas.js:1127 [BENCHMARK] 1654768972076,CSR
glCanvas.js:1127 [BENCHMARK] 1654768972095,CSR
glCanvas.js:1127 [BENCHMARK] 1654768972097,CSR
glCanvas.js:1127 [BENCHMARK] 1654768972102,CSR
glCanvas.js:1127 [BENCHMARK] 1654768972115,CSR
glCanvas.js:1127 [BENCHMARK] 1654768972123,CSR
glCanvas.js:1127 [BENCHMARK] 1654768972125,CSR
glCanvas.js:1127 [BENCHMARK] 1654768972130,CSR
glCanvas.js:1127 [BENCHMARK] 1654768972190,CSR
glCanvas.js:1127 [BENCHMARK] 1654768972208,CSR
glCanvas.js:1127 [BENCHMARK] 1654768972274,CSR
glCanvas.js:1127 [BENCHMARK] 1654768972277,CSR
glCanvas.js:1127 [BENCHMARK] 1654768972282,CSR
glCanvas.js:1127 [BENCHMARK] 1654768972303,CSR
glCanvas.js:1127 [BENCHMARK] 1654768972305,CSR
glCanvas.js:1127 [BENCHMARK] 1654768972309,CSR
glCanvas.js:1127 [BENCHMARK] 1654768972334,CSR
glCanvas.js:1127 [BENCHMARK] 1654768972348,CSR
glCanvas.js:1127 [BENCHMARK] 1654768972350,CSR
glCanvas.js:1127 [BENCHMARK] 1654768972352,CSR
glCanvas.js:1127 [BENCHMARK] 1654768972403,CSR
glCanvas.js:1127 [BENCHMARK] 1654768972410,CSR
glCanvas.js:1127 [BENCHMARK] 1654768972483,CSR
glCanvas.js:1127 [BENCHMARK] 1654768972488,CSR
glCanvas.js:1127 [BENCHMARK] 1654768972490,CSR
glCanvas.js:1127 [BENCHMARK] 1654768972512,CSR
glCanvas.js:1127 [BENCHMARK] 1654768972515,CSR
glCanvas.js:1127 [BENCHMARK] 1654768972518,CSR
glCanvas.js:1127 [BENCHMARK] 1654768972544,CSR
glCanvas.js:1127 [BENCHMARK] 1654768972559,CSR
glCanvas.js:1127 [BENCHMARK] 1654768972561,CSR
glCanvas.js:1127 [BENCHMARK] 1654768972564,CSR
glCanvas.js:1127 [BENCHMARK] 1654768972610,CSR
glCanvas.js:1127 [BENCHMARK] 1654768972612,CSR
glCanvas.js:1127 [BENCHMARK] 1654768972695,CSR
glCanvas.js:1127 [BENCHMARK] 1654768972709,CSR
glCanvas.js:1127 [BENCHMARK] 1654768972713,CSR
glCanvas.js:1127 [BENCHMARK] 1654768972717,CSR
glCanvas.js:1127 [BENCHMARK] 1654768972747,CSR
glCanvas.js:1127 [BENCHMARK] 1654768972751,CSR
glCanvas.js:1127 [BENCHMARK] 1654768972758,CSR
glCanvas.js:1127 [BENCHMARK] 1654768972779,CSR
glCanvas.js:1127 [BENCHMARK] 1654768972784,CSR
glCanvas.js:1127 [BENCHMARK] 1654768972805,CSR
glCanvas.js:1127 [BENCHMARK] 1654768972837,CSR
glCanvas.js:1127 [BENCHMARK] 1654768972905,CSR
glCanvas.js:1127 [BENCHMARK] 1654768972925,CSR
glCanvas.js:1127 [BENCHMARK] 1654768972934,CSR
glCanvas.js:1127 [BENCHMARK] 1654768972951,CSR
glCanvas.js:1127 [BENCHMARK] 1654768972956,CSR
glCanvas.js:1127 [BENCHMARK] 1654768972963,CSR
glCanvas.js:1127 [BENCHMARK] 1654768972967,CSR
glCanvas.js:1127 [BENCHMARK] 1654768972992,CSR
glCanvas.js:1127 [BENCHMARK] 1654768972996,CSR
glCanvas.js:1127 [BENCHMARK] 1654768972999,CSR
glCanvas.js:1127 [BENCHMARK] 1654768973010,CSR
glCanvas.js:1127 [BENCHMARK] 1654768973012,CSR
filmbox2.js:1550 [BENCHMARK] 1654768973014,fullLoad
glCanvas.js:1127 [BENCHMARK] 1654768973969,CSR
glCanvas.js:1127 [BENCHMARK] 1654768975823,CSR
glCanvas.js:1127 [BENCHMARK] 1654768975827,CSR
glCanvas.js:1127 [BENCHMARK] 1654768976024,CSR
glCanvas.js:1127 [BENCHMARK] 1654768976026,CSR
glCanvas.js:1127 [BENCHMARK] 1654768976226,CSR
glCanvas.js:1127 [BENCHMARK] 1654768976228,CSR
glCanvas.js:1127 [BENCHMARK] 1654768976427,CSR
glCanvas.js:1127 [BENCHMARK] 1654768976430,CSR
glCanvas.js:1127 [BENCHMARK] 1654768976629,CSR
glCanvas.js:1127 [BENCHMARK] 1654768976632,CSR
glCanvas.js:1127 [BENCHMARK] 1654768976881,CSR
glCanvas.js:1127 [BENCHMARK] 1654768977840,CSR
glCanvas.js:1127 [BENCHMARK] 1654768977842,CSR
glCanvas.js:1127 [BENCHMARK] 1654768977912,CSR
glCanvas.js:1127 [BENCHMARK] 1654768977914,CSR
glCanvas.js:1127 [BENCHMARK] 1654768977984,CSR
glCanvas.js:1127 [BENCHMARK] 1654768977986,CSR
glCanvas.js:1127 [BENCHMARK] 1654768978055,CSR
glCanvas.js:1127 [BENCHMARK] 1654768978057,CSR
glCanvas.js:1127 [BENCHMARK] 1654768978127,CSR
glCanvas.js:1127 [BENCHMARK] 1654768978129,CSR
glCanvas.js:1127 [BENCHMARK] 1654768978198,CSR
glCanvas.js:1127 [BENCHMARK] 1654768978200,CSR
glCanvas.js:1127 [BENCHMARK] 1654768978269,CSR
glCanvas.js:1127 [BENCHMARK] 1654768978271,CSR
glCanvas.js:1127 [BENCHMARK] 1654768978521,CSR
glCanvas.js:1127 [BENCHMARK] 1654768979529,CSR
glCanvas.js:1127 [BENCHMARK] 1654768980350,CSR
glCanvas.js:1127 [BENCHMARK] 1654768980352,CSR
glCanvas.js:1127 [BENCHMARK] 1654768980420,CSR
glCanvas.js:1127 [BENCHMARK] 1654768980421,CSR
glCanvas.js:1127 [BENCHMARK] 1654768980493,CSR
glCanvas.js:1127 [BENCHMARK] 1654768980494,CSR
glCanvas.js:1127 [BENCHMARK] 1654768980564,CSR
glCanvas.js:1127 [BENCHMARK] 1654768980566,CSR
glCanvas.js:1127 [BENCHMARK] 1654768980636,CSR
glCanvas.js:1127 [BENCHMARK] 1654768980638,CSR
glCanvas.js:1127 [BENCHMARK] 1654768980708,CSR
glCanvas.js:1127 [BENCHMARK] 1654768980710,CSR
glCanvas.js:1127 [BENCHMARK] 1654768980780,CSR
glCanvas.js:1127 [BENCHMARK] 1654768980781,CSR
glCanvas.js:1127 [BENCHMARK] 1654768980850,CSR
glCanvas.js:1127 [BENCHMARK] 1654768980851,CSR
glCanvas.js:1127 [BENCHMARK] 1654768980923,CSR
glCanvas.js:1127 [BENCHMARK] 1654768980925,CSR
glCanvas.js:1127 [BENCHMARK] 1654768980995,CSR
glCanvas.js:1127 [BENCHMARK] 1654768980997,CSR
glCanvas.js:1127 [BENCHMARK] 1654768981249,CSR
glCanvas.js:1127 [BENCHMARK] 1654768981275,CSR
glCanvas.js:1127 [BENCHMARK] 1654768981276,CSR
glCanvas.js:1127 [BENCHMARK] 1654768981305,CSR
glCanvas.js:1127 [BENCHMARK] 1654768981306,CSR
glCanvas.js:1127 [BENCHMARK] 1654768981337,CSR
glCanvas.js:1127 [BENCHMARK] 1654768981339,CSR
glCanvas.js:1127 [BENCHMARK] 1654768981369,CSR
glCanvas.js:1127 [BENCHMARK] 1654768981371,CSR
glCanvas.js:1127 [BENCHMARK] 1654768981400,CSR
glCanvas.js:1127 [BENCHMARK] 1654768981402,CSR
glCanvas.js:1127 [BENCHMARK] 1654768981432,CSR
glCanvas.js:1127 [BENCHMARK] 1654768981434,CSR
glCanvas.js:1127 [BENCHMARK] 1654768981463,CSR
glCanvas.js:1127 [BENCHMARK] 1654768981465,CSR
glCanvas.js:1127 [BENCHMARK] 1654768981495,CSR
glCanvas.js:1127 [BENCHMARK] 1654768981496,CSR
glCanvas.js:1127 [BENCHMARK] 1654768981526,CSR
glCanvas.js:1127 [BENCHMARK] 1654768981528,CSR
glCanvas.js:1127 [BENCHMARK] 1654768981558,CSR
glCanvas.js:1127 [BENCHMARK] 1654768981560,CSR
glCanvas.js:1127 [BENCHMARK] 1654768981798,CSR
glCanvas.js:1127 [BENCHMARK] 1654768981800,CSR
glCanvas.js:1127 [BENCHMARK] 1654768981829,CSR
glCanvas.js:1127 [BENCHMARK] 1654768981831,CSR
glCanvas.js:1127 [BENCHMARK] 1654768981861,CSR
glCanvas.js:1127 [BENCHMARK] 1654768981863,CSR
glCanvas.js:1127 [BENCHMARK] 1654768981892,CSR
glCanvas.js:1127 [BENCHMARK] 1654768981893,CSR
glCanvas.js:1127 [BENCHMARK] 1654768981923,CSR
glCanvas.js:1127 [BENCHMARK] 1654768981925,CSR
glCanvas.js:1127 [BENCHMARK] 1654768981955,CSR
glCanvas.js:1127 [BENCHMARK] 1654768981956,CSR
glCanvas.js:1127 [BENCHMARK] 1654768981987,CSR
glCanvas.js:1127 [BENCHMARK] 1654768981988,CSR
glCanvas.js:1127 [BENCHMARK] 1654768982018,CSR
glCanvas.js:1127 [BENCHMARK] 1654768982020,CSR
glCanvas.js:1127 [BENCHMARK] 1654768982049,CSR
glCanvas.js:1127 [BENCHMARK] 1654768982051,CSR
glCanvas.js:1127 [BENCHMARK] 1654768982081,CSR
glCanvas.js:1127 [BENCHMARK] 1654768982083,CSR
glCanvas.js:1127 [BENCHMARK] 1654768982337,CSR
glCanvas.js:1127 [BENCHMARK] 1654768983345,CSR
glCanvas.js:1127 [BENCHMARK] 1654768985121,CSR
glCanvas.js:1127 [BENCHMARK] 1654768985322,CSR
glCanvas.js:1127 [BENCHMARK] 1654768985522,CSR
glCanvas.js:1127 [BENCHMARK] 1654768985724,CSR
glCanvas.js:1127 [BENCHMARK] 1654768985926,CSR
glCanvas.js:1127 [BENCHMARK] 1654768986177,CSR
glCanvas.js:1127 [BENCHMARK] 1654768987136,CSR
glCanvas.js:1127 [BENCHMARK] 1654768987207,CSR
glCanvas.js:1127 [BENCHMARK] 1654768987280,CSR
glCanvas.js:1127 [BENCHMARK] 1654768987351,CSR
glCanvas.js:1127 [BENCHMARK] 1654768987422,CSR
glCanvas.js:1127 [BENCHMARK] 1654768987494,CSR
glCanvas.js:1127 [BENCHMARK] 1654768987564,CSR
glCanvas.js:1127 [BENCHMARK] 1654768987634,CSR
glCanvas.js:1127 [BENCHMARK] 1654768987706,CSR
glCanvas.js:1127 [BENCHMARK] 1654768987778,CSR
glCanvas.js:1127 [BENCHMARK] 1654768988033,CSR
glCanvas.js:1127 [BENCHMARK] 1654768988058,CSR
glCanvas.js:1127 [BENCHMARK] 1654768988130,CSR
glCanvas.js:1127 [BENCHMARK] 1654768988202,CSR
glCanvas.js:1127 [BENCHMARK] 1654768988274,CSR
glCanvas.js:1127 [BENCHMARK] 1654768988346,CSR
glCanvas.js:1127 [BENCHMARK] 1654768988417,CSR
glCanvas.js:1127 [BENCHMARK] 1654768988489,CSR
glCanvas.js:1127 [BENCHMARK] 1654768988561,CSR
glCanvas.js:1127 [BENCHMARK] 1654768988633,CSR
glCanvas.js:1127 [BENCHMARK] 1654768988704,CSR
glCanvas.js:1127 [BENCHMARK] 1654768988961,CSR
glCanvas.js:1127 [BENCHMARK] 1654768989784,CSR
glCanvas.js:1127 [BENCHMARK] 1654768989785,CSR
glCanvas.js:1127 [BENCHMARK] 1654768989815,CSR
glCanvas.js:1127 [BENCHMARK] 1654768989817,CSR
glCanvas.js:1127 [BENCHMARK] 1654768989847,CSR
glCanvas.js:1127 [BENCHMARK] 1654768989849,CSR
glCanvas.js:1127 [BENCHMARK] 1654768989879,CSR
glCanvas.js:1127 [BENCHMARK] 1654768989881,CSR
glCanvas.js:1127 [BENCHMARK] 1654768989911,CSR
glCanvas.js:1127 [BENCHMARK] 1654768989913,CSR
glCanvas.js:1127 [BENCHMARK] 1654768989943,CSR
glCanvas.js:1127 [BENCHMARK] 1654768989945,CSR
glCanvas.js:1127 [BENCHMARK] 1654768989974,CSR
glCanvas.js:1127 [BENCHMARK] 1654768989977,CSR
glCanvas.js:1127 [BENCHMARK] 1654768990006,CSR
glCanvas.js:1127 [BENCHMARK] 1654768990008,CSR
glCanvas.js:1127 [BENCHMARK] 1654768990037,CSR
glCanvas.js:1127 [BENCHMARK] 1654768990039,CSR
glCanvas.js:1127 [BENCHMARK] 1654768990069,CSR
glCanvas.js:1127 [BENCHMARK] 1654768990071,CSR
glCanvas.js:1127 [BENCHMARK] 1654768990309,CSR
glCanvas.js:1127 [BENCHMARK] 1654768990311,CSR
glCanvas.js:1127 [BENCHMARK] 1654768990340,CSR
glCanvas.js:1127 [BENCHMARK] 1654768990341,CSR
glCanvas.js:1127 [BENCHMARK] 1654768990371,CSR
glCanvas.js:1127 [BENCHMARK] 1654768990373,CSR
glCanvas.js:1127 [BENCHMARK] 1654768990402,CSR
glCanvas.js:1127 [BENCHMARK] 1654768990404,CSR
glCanvas.js:1127 [BENCHMARK] 1654768990433,CSR
glCanvas.js:1127 [BENCHMARK] 1654768990435,CSR
glCanvas.js:1127 [BENCHMARK] 1654768990464,CSR
glCanvas.js:1127 [BENCHMARK] 1654768990465,CSR
glCanvas.js:1127 [BENCHMARK] 1654768990496,CSR
glCanvas.js:1127 [BENCHMARK] 1654768990497,CSR
glCanvas.js:1127 [BENCHMARK] 1654768990527,CSR
glCanvas.js:1127 [BENCHMARK] 1654768990529,CSR
glCanvas.js:1127 [BENCHMARK] 1654768990559,CSR
glCanvas.js:1127 [BENCHMARK] 1654768990561,CSR
glCanvas.js:1127 [BENCHMARK] 1654768990591,CSR
glCanvas.js:1127 [BENCHMARK] 1654768990593,CSR
glCanvas.js:1127 [BENCHMARK] 1654768990831,CSR
glCanvas.js:1127 [BENCHMARK] 1654768990833,CSR
glCanvas.js:1127 [BENCHMARK] 1654768990862,CSR
glCanvas.js:1127 [BENCHMARK] 1654768990863,CSR
glCanvas.js:1127 [BENCHMARK] 1654768990894,CSR
glCanvas.js:1127 [BENCHMARK] 1654768990896,CSR
glCanvas.js:1127 [BENCHMARK] 1654768990926,CSR
glCanvas.js:1127 [BENCHMARK] 1654768990928,CSR
glCanvas.js:1127 [BENCHMARK] 1654768990958,CSR
glCanvas.js:1127 [BENCHMARK] 1654768990959,CSR
glCanvas.js:1127 [BENCHMARK] 1654768990989,CSR
glCanvas.js:1127 [BENCHMARK] 1654768990991,CSR
glCanvas.js:1127 [BENCHMARK] 1654768991021,CSR
glCanvas.js:1127 [BENCHMARK] 1654768991022,CSR
glCanvas.js:1127 [BENCHMARK] 1654768991052,CSR
glCanvas.js:1127 [BENCHMARK] 1654768991054,CSR
glCanvas.js:1127 [BENCHMARK] 1654768991084,CSR
glCanvas.js:1127 [BENCHMARK] 1654768991085,CSR
glCanvas.js:1127 [BENCHMARK] 1654768991115,CSR
glCanvas.js:1127 [BENCHMARK] 1654768991117,CSR
glCanvas.js:1127 [BENCHMARK] 1654768991369,CSR
glCanvas.js:1127 [BENCHMARK] 1654768992377,CSR
glCanvas.js:1127 [BENCHMARK] 1654768994155,CSR
glCanvas.js:1127 [BENCHMARK] 1654768994157,CSR
glCanvas.js:1127 [BENCHMARK] 1654768994356,CSR
glCanvas.js:1127 [BENCHMARK] 1654768994358,CSR
glCanvas.js:1127 [BENCHMARK] 1654768994558,CSR
glCanvas.js:1127 [BENCHMARK] 1654768994560,CSR
glCanvas.js:1127 [BENCHMARK] 1654768994809,CSR
glCanvas.js:1127 [BENCHMARK] 1654768995817,CSR
glCanvas.js:1127 [BENCHMARK] 1654768997763,CSR
glCanvas.js:1127 [BENCHMARK] 1654768997863,CSR
glCanvas.js:1127 [BENCHMARK] 1654768997966,CSR
glCanvas.js:1127 [BENCHMARK] 1654768998068,CSR
glCanvas.js:1127 [BENCHMARK] 1654768998170,CSR
glCanvas.js:1127 [BENCHMARK] 1654768998425,CSR
glCanvas.js:1127 [BENCHMARK] 1654768998480,CSR
glCanvas.js:1127 [BENCHMARK] 1654768998582,CSR
glCanvas.js:1127 [BENCHMARK] 1654768998684,CSR
glCanvas.js:1127 [BENCHMARK] 1654768998786,CSR
glCanvas.js:1127 [BENCHMARK] 1654768998888,CSR
glCanvas.js:1127 [BENCHMARK] 1654768998990,CSR
glCanvas.js:1127 [BENCHMARK] 1654768999092,CSR
glCanvas.js:1127 [BENCHMARK] 1654768999195,CSR
glCanvas.js:1127 [BENCHMARK] 1654768999297,CSR
glCanvas.js:1127 [BENCHMARK] 1654768999399,CSR
glCanvas.js:1127 [BENCHMARK] 1654768999657,CSR
glCanvas.js:1127 [BENCHMARK] 1654768999707,CSR
glCanvas.js:1127 [BENCHMARK] 1654768999779,CSR
glCanvas.js:1127 [BENCHMARK] 1654768999851,CSR
glCanvas.js:1127 [BENCHMARK] 1654768999923,CSR
glCanvas.js:1127 [BENCHMARK] 1654768999995,CSR
glCanvas.js:1127 [BENCHMARK] 1654769000067,CSR
glCanvas.js:1127 [BENCHMARK] 1654769000139,CSR
glCanvas.js:1127 [BENCHMARK] 1654769000211,CSR
glCanvas.js:1127 [BENCHMARK] 1654769000283,CSR
glCanvas.js:1127 [BENCHMARK] 1654769000355,CSR
glCanvas.js:1127 [BENCHMARK] 1654769000609,CSR
glCanvas.js:1127 [BENCHMARK] 1654769001617,CSR
glCanvas.js:1127 [BENCHMARK] 1654769004436,CSR
glCanvas.js:1127 [BENCHMARK] 1654769004439,CSR
glCanvas.js:1127 [BENCHMARK] 1654769004465,CSR
glCanvas.js:1127 [BENCHMARK] 1654769004466,CSR
glCanvas.js:1127 [BENCHMARK] 1654769004496,CSR
glCanvas.js:1127 [BENCHMARK] 1654769004497,CSR
glCanvas.js:1127 [BENCHMARK] 1654769004527,CSR
glCanvas.js:1127 [BENCHMARK] 1654769004528,CSR
glCanvas.js:1127 [BENCHMARK] 1654769004558,CSR
glCanvas.js:1127 [BENCHMARK] 1654769004561,CSR
glCanvas.js:1127 [BENCHMARK] 1654769004590,CSR
glCanvas.js:1127 [BENCHMARK] 1654769004592,CSR
glCanvas.js:1127 [BENCHMARK] 1654769004621,CSR
glCanvas.js:1127 [BENCHMARK] 1654769004623,CSR
glCanvas.js:1127 [BENCHMARK] 1654769004654,CSR
glCanvas.js:1127 [BENCHMARK] 1654769004656,CSR
glCanvas.js:1127 [BENCHMARK] 1654769004685,CSR
glCanvas.js:1127 [BENCHMARK] 1654769004687,CSR
glCanvas.js:1127 [BENCHMARK] 1654769004717,CSR
glCanvas.js:1127 [BENCHMARK] 1654769004719,CSR
glCanvas.js:1127 [BENCHMARK] 1654769004956,CSR
glCanvas.js:1127 [BENCHMARK] 1654769004958,CSR
glCanvas.js:1127 [BENCHMARK] 1654769004987,CSR
glCanvas.js:1127 [BENCHMARK] 1654769004989,CSR
glCanvas.js:1127 [BENCHMARK] 1654769005019,CSR
glCanvas.js:1127 [BENCHMARK] 1654769005021,CSR
glCanvas.js:1127 [BENCHMARK] 1654769005050,CSR
glCanvas.js:1127 [BENCHMARK] 1654769005052,CSR
glCanvas.js:1127 [BENCHMARK] 1654769005081,CSR
glCanvas.js:1127 [BENCHMARK] 1654769005083,CSR
glCanvas.js:1127 [BENCHMARK] 1654769005113,CSR
glCanvas.js:1127 [BENCHMARK] 1654769005115,CSR
glCanvas.js:1127 [BENCHMARK] 1654769005145,CSR
glCanvas.js:1127 [BENCHMARK] 1654769005146,CSR
glCanvas.js:1127 [BENCHMARK] 1654769005177,CSR
glCanvas.js:1127 [BENCHMARK] 1654769005178,CSR
glCanvas.js:1127 [BENCHMARK] 1654769005207,CSR
glCanvas.js:1127 [BENCHMARK] 1654769005209,CSR
glCanvas.js:1127 [BENCHMARK] 1654769005239,CSR
glCanvas.js:1127 [BENCHMARK] 1654769005241,CSR
glCanvas.js:1127 [BENCHMARK] 1654769005479,CSR
glCanvas.js:1127 [BENCHMARK] 1654769005480,CSR
glCanvas.js:1127 [BENCHMARK] 1654769005510,CSR
glCanvas.js:1127 [BENCHMARK] 1654769005512,CSR
glCanvas.js:1127 [BENCHMARK] 1654769005542,CSR
glCanvas.js:1127 [BENCHMARK] 1654769005544,CSR
glCanvas.js:1127 [BENCHMARK] 1654769005574,CSR
glCanvas.js:1127 [BENCHMARK] 1654769005575,CSR
glCanvas.js:1127 [BENCHMARK] 1654769005605,CSR
glCanvas.js:1127 [BENCHMARK] 1654769005607,CSR
glCanvas.js:1127 [BENCHMARK] 1654769005637,CSR
glCanvas.js:1127 [BENCHMARK] 1654769005639,CSR
glCanvas.js:1127 [BENCHMARK] 1654769005668,CSR
glCanvas.js:1127 [BENCHMARK] 1654769005670,CSR
glCanvas.js:1127 [BENCHMARK] 1654769005699,CSR
glCanvas.js:1127 [BENCHMARK] 1654769005701,CSR
glCanvas.js:1127 [BENCHMARK] 1654769005731,CSR
glCanvas.js:1127 [BENCHMARK] 1654769005733,CSR
glCanvas.js:1127 [BENCHMARK] 1654769005762,CSR
glCanvas.js:1127 [BENCHMARK] 1654769005763,CSR
glCanvas.js:1127 [BENCHMARK] 1654769006017,CSR
glCanvas.js:1127 [BENCHMARK] 1654769006801,CSR
glCanvas.js:1127 [BENCHMARK] 1654769006902,CSR
glCanvas.js:1127 [BENCHMARK] 1654769007004,CSR
glCanvas.js:1127 [BENCHMARK] 1654769007107,CSR
glCanvas.js:1127 [BENCHMARK] 1654769007209,CSR
glCanvas.js:1127 [BENCHMARK] 1654769007311,CSR
glCanvas.js:1127 [BENCHMARK] 1654769007413,CSR
glCanvas.js:1127 [BENCHMARK] 1654769007665,CSR
glCanvas.js:1127 [BENCHMARK] 1654769008673,CSR
glCanvas.js:1127 [BENCHMARK] 1654769010522,CSR
glCanvas.js:1127 [BENCHMARK] 1654769010524,CSR
glCanvas.js:1127 [BENCHMARK] 1654769010724,CSR
glCanvas.js:1127 [BENCHMARK] 1654769010726,CSR
glCanvas.js:1127 [BENCHMARK] 1654769010925,CSR
glCanvas.js:1127 [BENCHMARK] 1654769010926,CSR
glCanvas.js:1127 [BENCHMARK] 1654769011128,CSR
glCanvas.js:1127 [BENCHMARK] 1654769011130,CSR
glCanvas.js:1127 [BENCHMARK] 1654769011330,CSR
glCanvas.js:1127 [BENCHMARK] 1654769011332,CSR
glCanvas.js:1127 [BENCHMARK] 1654769011584,CSR
glCanvas.js:1127 [BENCHMARK] 1654769012593,CSR
glCanvas.js:1127 [BENCHMARK] 1654769016541,CSR
glCanvas.js:1127 [BENCHMARK] 1654769016543,CSR
glCanvas.js:1127 [BENCHMARK] 1654769016610,CSR
glCanvas.js:1127 [BENCHMARK] 1654769016610,CSR
glCanvas.js:1127 [BENCHMARK] 1654769016682,CSR
glCanvas.js:1127 [BENCHMARK] 1654769016684,CSR
glCanvas.js:1127 [BENCHMARK] 1654769016754,CSR
glCanvas.js:1127 [BENCHMARK] 1654769016757,CSR
glCanvas.js:1127 [BENCHMARK] 1654769016826,CSR
glCanvas.js:1127 [BENCHMARK] 1654769016828,CSR
glCanvas.js:1127 [BENCHMARK] 1654769017081,CSR
glCanvas.js:1127 [BENCHMARK] 1654769018089,CSR
glCanvas.js:1127 [BENCHMARK] 1654769018906,CSR
glCanvas.js:1127 [BENCHMARK] 1654769018908,CSR
glCanvas.js:1127 [BENCHMARK] 1654769018936,CSR
glCanvas.js:1127 [BENCHMARK] 1654769018936,CSR
glCanvas.js:1127 [BENCHMARK] 1654769018966,CSR
glCanvas.js:1127 [BENCHMARK] 1654769018967,CSR
glCanvas.js:1127 [BENCHMARK] 1654769018997,CSR
glCanvas.js:1127 [BENCHMARK] 1654769018998,CSR
glCanvas.js:1127 [BENCHMARK] 1654769019029,CSR
glCanvas.js:1127 [BENCHMARK] 1654769019031,CSR
glCanvas.js:1127 [BENCHMARK] 1654769019061,CSR
glCanvas.js:1127 [BENCHMARK] 1654769019063,CSR
glCanvas.js:1127 [BENCHMARK] 1654769019092,CSR
glCanvas.js:1127 [BENCHMARK] 1654769019094,CSR
glCanvas.js:1127 [BENCHMARK] 1654769019124,CSR
glCanvas.js:1127 [BENCHMARK] 1654769019125,CSR
glCanvas.js:1127 [BENCHMARK] 1654769019155,CSR
glCanvas.js:1127 [BENCHMARK] 1654769019157,CSR
glCanvas.js:1127 [BENCHMARK] 1654769019187,CSR
glCanvas.js:1127 [BENCHMARK] 1654769019189,CSR
glCanvas.js:1127 [BENCHMARK] 1654769019219,CSR
glCanvas.js:1127 [BENCHMARK] 1654769019220,CSR
glCanvas.js:1127 [BENCHMARK] 1654769019250,CSR
glCanvas.js:1127 [BENCHMARK] 1654769019251,CSR
glCanvas.js:1127 [BENCHMARK] 1654769019281,CSR
glCanvas.js:1127 [BENCHMARK] 1654769019282,CSR
glCanvas.js:1127 [BENCHMARK] 1654769019520,CSR
glCanvas.js:1127 [BENCHMARK] 1654769019521,CSR
glCanvas.js:1127 [BENCHMARK] 1654769019533,CSR
glCanvas.js:1127 [BENCHMARK] 1654769019534,CSR
glCanvas.js:1127 [BENCHMARK] 1654769019546,CSR
glCanvas.js:1127 [BENCHMARK] 1654769019548,CSR
glCanvas.js:1127 [BENCHMARK] 1654769019559,CSR
glCanvas.js:1127 [BENCHMARK] 1654769019561,CSR
glCanvas.js:1127 [BENCHMARK] 1654769019572,CSR
glCanvas.js:1127 [BENCHMARK] 1654769019574,CSR
glCanvas.js:1127 [BENCHMARK] 1654769019585,CSR
glCanvas.js:1127 [BENCHMARK] 1654769019587,CSR
glCanvas.js:1127 [BENCHMARK] 1654769019598,CSR
glCanvas.js:1127 [BENCHMARK] 1654769019599,CSR
glCanvas.js:1127 [BENCHMARK] 1654769019610,CSR
glCanvas.js:1127 [BENCHMARK] 1654769019611,CSR
glCanvas.js:1127 [BENCHMARK] 1654769019624,CSR
glCanvas.js:1127 [BENCHMARK] 1654769019625,CSR
glCanvas.js:1127 [BENCHMARK] 1654769019636,CSR
glCanvas.js:1127 [BENCHMARK] 1654769019638,CSR
glCanvas.js:1127 [BENCHMARK] 1654769019859,CSR
glCanvas.js:1127 [BENCHMARK] 1654769019860,CSR
glCanvas.js:1127 [BENCHMARK] 1654769019872,CSR
glCanvas.js:1127 [BENCHMARK] 1654769019873,CSR
glCanvas.js:1127 [BENCHMARK] 1654769019885,CSR
glCanvas.js:1127 [BENCHMARK] 1654769019887,CSR
glCanvas.js:1127 [BENCHMARK] 1654769019898,CSR
glCanvas.js:1127 [BENCHMARK] 1654769019900,CSR
glCanvas.js:1127 [BENCHMARK] 1654769019911,CSR
glCanvas.js:1127 [BENCHMARK] 1654769019913,CSR
glCanvas.js:1127 [BENCHMARK] 1654769019924,CSR
glCanvas.js:1127 [BENCHMARK] 1654769019926,CSR
glCanvas.js:1127 [BENCHMARK] 1654769019937,CSR
glCanvas.js:1127 [BENCHMARK] 1654769019939,CSR
glCanvas.js:1127 [BENCHMARK] 1654769019949,CSR
glCanvas.js:1127 [BENCHMARK] 1654769019950,CSR
glCanvas.js:1127 [BENCHMARK] 1654769019962,CSR
glCanvas.js:1127 [BENCHMARK] 1654769019963,CSR
glCanvas.js:1127 [BENCHMARK] 1654769019975,CSR
glCanvas.js:1127 [BENCHMARK] 1654769019975,CSR
glCanvas.js:1127 [BENCHMARK] 1654769020233,CSR
glCanvas.js:1127 [BENCHMARK] 1654769021241,CSR
glCanvas.js:1127 [BENCHMARK] 1654769022996,CSR
glCanvas.js:1127 [BENCHMARK] 1654769023018,CSR
glCanvas.js:1127 [BENCHMARK] 1654769023021,CSR
glCanvas.js:1127 [BENCHMARK] 1654769023034,CSR
glCanvas.js:1127 [BENCHMARK] 1654769023046,CSR
glCanvas.js:1127 [BENCHMARK] 1654769023060,CSR
glCanvas.js:1127 [BENCHMARK] 1654769023071,CSR
glCanvas.js:1127 [BENCHMARK] 1654769023084,CSR
glCanvas.js:1127 [BENCHMARK] 1654769023098,CSR
glCanvas.js:1127 [BENCHMARK] 1654769023110,CSR
glCanvas.js:1127 [BENCHMARK] 1654769023361,CSR
glCanvas.js:1127 [BENCHMARK] 1654769024369,CSR
glCanvas.js:1127 [BENCHMARK] 1654769025132,CSR
glCanvas.js:1127 [BENCHMARK] 1654769025202,CSR
glCanvas.js:1127 [BENCHMARK] 1654769025274,CSR
glCanvas.js:1127 [BENCHMARK] 1654769025382,CSR
glCanvas.js:1127 [BENCHMARK] 1654769025418,CSR
glCanvas.js:1127 [BENCHMARK] 1654769025490,CSR
glCanvas.js:1127 [BENCHMARK] 1654769025561,CSR
glCanvas.js:1127 [BENCHMARK] 1654769025632,CSR
glCanvas.js:1127 [BENCHMARK] 1654769025704,CSR
glCanvas.js:1127 [BENCHMARK] 1654769025775,CSR
glCanvas.js:1127 [BENCHMARK] 1654769026033,CSR
glCanvas.js:1127 [BENCHMARK] 1654769026055,CSR
glCanvas.js:1127 [BENCHMARK] 1654769026158,CSR
glCanvas.js:1127 [BENCHMARK] 1654769026259,CSR
glCanvas.js:1127 [BENCHMARK] 1654769026361,CSR
glCanvas.js:1127 [BENCHMARK] 1654769026463,CSR
glCanvas.js:1127 [BENCHMARK] 1654769026721,CSR
glCanvas.js:1127 [BENCHMARK] 1654769027729,CSR
