glCanvas.js:1107 [BENCHMARK] 1654768585181,X
glCanvas.js:1107 [BENCHMARK] 1654768585193,X
glCanvas.js:1107 [BENCHMARK] 1654768585199,X
glCanvas.js:1107 [BENCHMARK] 1654768585227,X
glCanvas.js:1127 [BENCHMARK] 1654768585971,CSR
manager.js:159 [BENCHMARK] 1654768586496,firstRender
glCanvas.js:1127 [BENCHMARK] 1654768586505,CSR
glCanvas.js:1127 [BENCHMARK] 1654768586513,CSR
glCanvas.js:1127 [BENCHMARK] 1654768586529,CSR
glCanvas.js:1127 [BENCHMARK] 1654768586534,CSR
glCanvas.js:1127 [BENCHMARK] 1654768586537,CSR
glCanvas.js:1127 [BENCHMARK] 1654768586542,CSR
glCanvas.js:1127 [BENCHMARK] 1654768586544,CSR
glCanvas.js:1127 [BENCHMARK] 1654768586548,CSR
glCanvas.js:1127 [BENCHMARK] 1654768586551,CSR
glCanvas.js:1127 [BENCHMARK] 1654768586593,CSR
glCanvas.js:1127 [BENCHMARK] 1654768586595,CSR
glCanvas.js:1127 [BENCHMARK] 1654768586597,CSR
glCanvas.js:1127 [BENCHMARK] 1654768586600,CSR
glCanvas.js:1127 [BENCHMARK] 1654768586613,CSR
glCanvas.js:1127 [BENCHMARK] 1654768586925,CSR
glCanvas.js:1127 [BENCHMARK] 1654768586987,CSR
glCanvas.js:1127 [BENCHMARK] 1654768587024,CSR
glCanvas.js:1127 [BENCHMARK] 1654768587060,CSR
glCanvas.js:1127 [BENCHMARK] 1654768587139,CSR
glCanvas.js:1127 [BENCHMARK] 1654768587323,CSR
glCanvas.js:1127 [BENCHMARK] 1654768587357,CSR
glCanvas.js:1127 [BENCHMARK] 1654768587393,CSR
glCanvas.js:1127 [BENCHMARK] 1654768587428,CSR
glCanvas.js:1127 [BENCHMARK] 1654768587468,CSR
glCanvas.js:1127 [BENCHMARK] 1654768587524,CSR
glCanvas.js:1127 [BENCHMARK] 1654768587582,CSR
glCanvas.js:1127 [BENCHMARK] 1654768587691,CSR
glCanvas.js:1127 [BENCHMARK] 1654768587720,CSR
glCanvas.js:1127 [BENCHMARK] 1654768587721,CSR
glCanvas.js:1127 [BENCHMARK] 1654768587739,CSR
glCanvas.js:1127 [BENCHMARK] 1654768587740,CSR
glCanvas.js:1127 [BENCHMARK] 1654768587756,CSR
glCanvas.js:1127 [BENCHMARK] 1654768587757,CSR
glCanvas.js:1127 [BENCHMARK] 1654768587770,CSR
glCanvas.js:1127 [BENCHMARK] 1654768587771,CSR
glCanvas.js:1127 [BENCHMARK] 1654768587783,CSR
glCanvas.js:1127 [BENCHMARK] 1654768587785,CSR
glCanvas.js:1127 [BENCHMARK] 1654768587797,CSR
glCanvas.js:1127 [BENCHMARK] 1654768587799,CSR
glCanvas.js:1127 [BENCHMARK] 1654768587814,CSR
glCanvas.js:1127 [BENCHMARK] 1654768587817,CSR
glCanvas.js:1127 [BENCHMARK] 1654768587825,CSR
glCanvas.js:1127 [BENCHMARK] 1654768587826,CSR
glCanvas.js:1127 [BENCHMARK] 1654768587840,CSR
glCanvas.js:1127 [BENCHMARK] 1654768587841,CSR
glCanvas.js:1127 [BENCHMARK] 1654768587851,CSR
glCanvas.js:1127 [BENCHMARK] 1654768587852,CSR
glCanvas.js:1127 [BENCHMARK] 1654768587859,CSR
glCanvas.js:1127 [BENCHMARK] 1654768587869,CSR
glCanvas.js:1127 [BENCHMARK] 1654768587883,CSR
glCanvas.js:1127 [BENCHMARK] 1654768587893,CSR
glCanvas.js:1127 [BENCHMARK] 1654768587901,CSR
glCanvas.js:1127 [BENCHMARK] 1654768587916,CSR
glCanvas.js:1127 [BENCHMARK] 1654768587923,CSR
glCanvas.js:1127 [BENCHMARK] 1654768587929,CSR
glCanvas.js:1127 [BENCHMARK] 1654768587956,CSR
glCanvas.js:1127 [BENCHMARK] 1654768587963,CSR
glCanvas.js:1127 [BENCHMARK] 1654768587969,CSR
glCanvas.js:1127 [BENCHMARK] 1654768588067,CSR
glCanvas.js:1127 [BENCHMARK] 1654768588068,CSR
glCanvas.js:1127 [BENCHMARK] 1654768588080,CSR
glCanvas.js:1127 [BENCHMARK] 1654768588081,CSR
glCanvas.js:1107 [BENCHMARK] 1654768588092,X
glCanvas.js:1107 [BENCHMARK] 1654768588093,X
glCanvas.js:1127 [BENCHMARK] 1654768588105,CSR
glCanvas.js:1127 [BENCHMARK] 1654768588106,CSR
glCanvas.js:1107 [BENCHMARK] 1654768588118,X
glCanvas.js:1107 [BENCHMARK] 1654768588119,X
glCanvas.js:1127 [BENCHMARK] 1654768588131,CSR
glCanvas.js:1127 [BENCHMARK] 1654768588132,CSR
glCanvas.js:1107 [BENCHMARK] 1654768588144,X
glCanvas.js:1107 [BENCHMARK] 1654768588144,X
glCanvas.js:1107 [BENCHMARK] 1654768588156,X
glCanvas.js:1107 [BENCHMARK] 1654768588157,X
glCanvas.js:1107 [BENCHMARK] 1654768588169,X
glCanvas.js:1107 [BENCHMARK] 1654768588170,X
glCanvas.js:1107 [BENCHMARK] 1654768588182,X
glCanvas.js:1107 [BENCHMARK] 1654768588182,X
glCanvas.js:1107 [BENCHMARK] 1654768588402,X
glCanvas.js:1107 [BENCHMARK] 1654768588403,X
glCanvas.js:1107 [BENCHMARK] 1654768588414,X
glCanvas.js:1107 [BENCHMARK] 1654768588415,X
glCanvas.js:1107 [BENCHMARK] 1654768588427,X
glCanvas.js:1107 [BENCHMARK] 1654768588427,X
glCanvas.js:1107 [BENCHMARK] 1654768588439,X
glCanvas.js:1107 [BENCHMARK] 1654768588440,X
glCanvas.js:1107 [BENCHMARK] 1654768588452,X
glCanvas.js:1107 [BENCHMARK] 1654768588453,X
glCanvas.js:1107 [BENCHMARK] 1654768588465,X
glCanvas.js:1107 [BENCHMARK] 1654768588465,X
glCanvas.js:1107 [BENCHMARK] 1654768588477,X
glCanvas.js:1107 [BENCHMARK] 1654768588478,X
glCanvas.js:1107 [BENCHMARK] 1654768588490,X
glCanvas.js:1107 [BENCHMARK] 1654768588491,X
glCanvas.js:1107 [BENCHMARK] 1654768588503,X
glCanvas.js:1107 [BENCHMARK] 1654768588503,X
glCanvas.js:1107 [BENCHMARK] 1654768588515,X
glCanvas.js:1107 [BENCHMARK] 1654768588516,X
glCanvas.js:1107 [BENCHMARK] 1654768588736,X
glCanvas.js:1107 [BENCHMARK] 1654768588737,X
glCanvas.js:1107 [BENCHMARK] 1654768588742,X
glCanvas.js:1107 [BENCHMARK] 1654768588742,X
glCanvas.js:1107 [BENCHMARK] 1654768588747,X
glCanvas.js:1107 [BENCHMARK] 1654768588748,X
glCanvas.js:1107 [BENCHMARK] 1654768588753,X
glCanvas.js:1107 [BENCHMARK] 1654768588754,X
glCanvas.js:1107 [BENCHMARK] 1654768588758,X
glCanvas.js:1107 [BENCHMARK] 1654768588759,X
glCanvas.js:1107 [BENCHMARK] 1654768588764,X
glCanvas.js:1107 [BENCHMARK] 1654768588765,X
glCanvas.js:1107 [BENCHMARK] 1654768588770,X
glCanvas.js:1107 [BENCHMARK] 1654768588770,X
glCanvas.js:1107 [BENCHMARK] 1654768588775,X
glCanvas.js:1107 [BENCHMARK] 1654768588776,X
glCanvas.js:1107 [BENCHMARK] 1654768588781,X
glCanvas.js:1107 [BENCHMARK] 1654768588781,X
glCanvas.js:1107 [BENCHMARK] 1654768588786,X
glCanvas.js:1107 [BENCHMARK] 1654768588787,X
glCanvas.js:1107 [BENCHMARK] 1654768588999,X
glCanvas.js:1107 [BENCHMARK] 1654768589001,X
glCanvas.js:1107 [BENCHMARK] 1654768589006,X
glCanvas.js:1107 [BENCHMARK] 1654768589008,X
glCanvas.js:1127 [BENCHMARK] 1654768589013,SSR
glCanvas.js:1127 [BENCHMARK] 1654768589015,SSR
glCanvas.js:1107 [BENCHMARK] 1654768589020,X
glCanvas.js:1107 [BENCHMARK] 1654768589021,X
glCanvas.js:1107 [BENCHMARK] 1654768589026,X
glCanvas.js:1107 [BENCHMARK] 1654768589027,X
glCanvas.js:1107 [BENCHMARK] 1654768589031,X
glCanvas.js:1107 [BENCHMARK] 1654768589033,X
glCanvas.js:1107 [BENCHMARK] 1654768589037,X
glCanvas.js:1107 [BENCHMARK] 1654768589038,X
glCanvas.js:1107 [BENCHMARK] 1654768589042,X
glCanvas.js:1107 [BENCHMARK] 1654768589043,X
glCanvas.js:1107 [BENCHMARK] 1654768589048,X
glCanvas.js:1107 [BENCHMARK] 1654768589048,X
glCanvas.js:1107 [BENCHMARK] 1654768589053,X
glCanvas.js:1107 [BENCHMARK] 1654768589054,X
glCanvas.js:1107 [BENCHMARK] 1654768589305,X
glCanvas.js:1127 [BENCHMARK] 1654768589592,SSR
glCanvas.js:1127 [BENCHMARK] 1654768589595,CSR
glCanvas.js:1127 [BENCHMARK] 1654768589597,CSR
glCanvas.js:1127 [BENCHMARK] 1654768589599,CSR
glCanvas.js:1127 [BENCHMARK] 1654768589620,CSR
glCanvas.js:1127 [BENCHMARK] 1654768589621,CSR
glCanvas.js:1127 [BENCHMARK] 1654768589623,CSR
glCanvas.js:1127 [BENCHMARK] 1654768589634,CSR
glCanvas.js:1127 [BENCHMARK] 1654768589636,CSR
glCanvas.js:1127 [BENCHMARK] 1654768589637,CSR
glCanvas.js:1127 [BENCHMARK] 1654768589751,CSR
glCanvas.js:1127 [BENCHMARK] 1654768589816,CSR
glCanvas.js:1127 [BENCHMARK] 1654768589823,CSR
glCanvas.js:1127 [BENCHMARK] 1654768589832,CSR
glCanvas.js:1127 [BENCHMARK] 1654768589858,CSR
glCanvas.js:1127 [BENCHMARK] 1654768589861,CSR
glCanvas.js:1127 [BENCHMARK] 1654768589873,CSR
glCanvas.js:1127 [BENCHMARK] 1654768589876,CSR
glCanvas.js:1127 [BENCHMARK] 1654768589881,CSR
glCanvas.js:1127 [BENCHMARK] 1654768589882,CSR
glCanvas.js:1127 [BENCHMARK] 1654768589960,CSR
glCanvas.js:1127 [BENCHMARK] 1654768590031,CSR
glCanvas.js:1127 [BENCHMARK] 1654768590041,CSR
glCanvas.js:1127 [BENCHMARK] 1654768590057,CSR
glCanvas.js:1127 [BENCHMARK] 1654768590096,CSR
glCanvas.js:1127 [BENCHMARK] 1654768590101,CSR
glCanvas.js:1127 [BENCHMARK] 1654768590108,CSR
glCanvas.js:1127 [BENCHMARK] 1654768590110,CSR
glCanvas.js:1127 [BENCHMARK] 1654768590130,CSR
glCanvas.js:1127 [BENCHMARK] 1654768590132,CSR
glCanvas.js:1127 [BENCHMARK] 1654768590170,CSR
glCanvas.js:1127 [BENCHMARK] 1654768590246,CSR
glCanvas.js:1127 [BENCHMARK] 1654768590257,CSR
glCanvas.js:1127 [BENCHMARK] 1654768590269,CSR
glCanvas.js:1127 [BENCHMARK] 1654768590302,CSR
glCanvas.js:1127 [BENCHMARK] 1654768590306,CSR
glCanvas.js:1127 [BENCHMARK] 1654768590310,CSR
glCanvas.js:1127 [BENCHMARK] 1654768590333,CSR
glCanvas.js:1127 [BENCHMARK] 1654768590349,CSR
glCanvas.js:1127 [BENCHMARK] 1654768590351,CSR
glCanvas.js:1127 [BENCHMARK] 1654768590353,CSR
glCanvas.js:1127 [BENCHMARK] 1654768590364,CSR
glCanvas.js:1127 [BENCHMARK] 1654768590365,CSR
glCanvas.js:1127 [BENCHMARK] 1654768590367,CSR
glCanvas.js:1127 [BENCHMARK] 1654768590379,CSR
glCanvas.js:1127 [BENCHMARK] 1654768590381,CSR
glCanvas.js:1127 [BENCHMARK] 1654768590382,CSR
glCanvas.js:1127 [BENCHMARK] 1654768590395,CSR
glCanvas.js:1127 [BENCHMARK] 1654768590396,CSR
glCanvas.js:1127 [BENCHMARK] 1654768590399,CSR
glCanvas.js:1127 [BENCHMARK] 1654768590401,CSR
glCanvas.js:1127 [BENCHMARK] 1654768590408,CSR
glCanvas.js:1127 [BENCHMARK] 1654768590465,CSR
glCanvas.js:1127 [BENCHMARK] 1654768590476,CSR
glCanvas.js:1127 [BENCHMARK] 1654768590487,CSR
glCanvas.js:1127 [BENCHMARK] 1654768590518,CSR
glCanvas.js:1127 [BENCHMARK] 1654768590531,CSR
glCanvas.js:1127 [BENCHMARK] 1654768590542,CSR
glCanvas.js:1127 [BENCHMARK] 1654768590560,CSR
glCanvas.js:1127 [BENCHMARK] 1654768590572,CSR
glCanvas.js:1127 [BENCHMARK] 1654768590581,CSR
glCanvas.js:1127 [BENCHMARK] 1654768590625,CSR
glCanvas.js:1127 [BENCHMARK] 1654768590643,CSR
glCanvas.js:1127 [BENCHMARK] 1654768590653,CSR
glCanvas.js:1127 [BENCHMARK] 1654768590660,CSR
glCanvas.js:1127 [BENCHMARK] 1654768590678,CSR
glCanvas.js:1127 [BENCHMARK] 1654768590681,CSR
glCanvas.js:1127 [BENCHMARK] 1654768590684,CSR
glCanvas.js:1127 [BENCHMARK] 1654768590702,CSR
glCanvas.js:1127 [BENCHMARK] 1654768590705,CSR
glCanvas.js:1127 [BENCHMARK] 1654768590708,CSR
glCanvas.js:1127 [BENCHMARK] 1654768590750,CSR
glCanvas.js:1127 [BENCHMARK] 1654768590774,CSR
glCanvas.js:1127 [BENCHMARK] 1654768590792,CSR
glCanvas.js:1127 [BENCHMARK] 1654768590801,CSR
glCanvas.js:1127 [BENCHMARK] 1654768590807,CSR
filmbox2.js:1550 [BENCHMARK] 1654768590810,fullLoad
glCanvas.js:1127 [BENCHMARK] 1654768591066,CSR
glCanvas.js:1127 [BENCHMARK] 1654768591068,CSR
glCanvas.js:1127 [BENCHMARK] 1654768591094,CSR
glCanvas.js:1127 [BENCHMARK] 1654768591096,CSR
glCanvas.js:1127 [BENCHMARK] 1654768591098,CSR
glCanvas.js:1127 [BENCHMARK] 1654768591100,CSR
glCanvas.js:1127 [BENCHMARK] 1654768591105,CSR
glCanvas.js:1127 [BENCHMARK] 1654768591107,CSR
glCanvas.js:1127 [BENCHMARK] 1654768591118,CSR
glCanvas.js:1127 [BENCHMARK] 1654768591121,CSR
glCanvas.js:1127 [BENCHMARK] 1654768591137,CSR
glCanvas.js:1127 [BENCHMARK] 1654768591138,CSR
glCanvas.js:1127 [BENCHMARK] 1654768591144,CSR
glCanvas.js:1127 [BENCHMARK] 1654768591145,CSR
glCanvas.js:1127 [BENCHMARK] 1654768591157,CSR
glCanvas.js:1127 [BENCHMARK] 1654768591158,CSR
glCanvas.js:1127 [BENCHMARK] 1654768591170,CSR
glCanvas.js:1127 [BENCHMARK] 1654768591171,CSR
glCanvas.js:1127 [BENCHMARK] 1654768591183,CSR
glCanvas.js:1127 [BENCHMARK] 1654768591184,CSR
glCanvas.js:1127 [BENCHMARK] 1654768591402,CSR
glCanvas.js:1127 [BENCHMARK] 1654768591404,CSR
glCanvas.js:1127 [BENCHMARK] 1654768591408,CSR
glCanvas.js:1127 [BENCHMARK] 1654768591409,CSR
glCanvas.js:1127 [BENCHMARK] 1654768591413,CSR
glCanvas.js:1127 [BENCHMARK] 1654768591413,CSR
glCanvas.js:1127 [BENCHMARK] 1654768591418,CSR
glCanvas.js:1127 [BENCHMARK] 1654768591419,CSR
glCanvas.js:1127 [BENCHMARK] 1654768591423,CSR
glCanvas.js:1127 [BENCHMARK] 1654768591424,CSR
glCanvas.js:1127 [BENCHMARK] 1654768591429,CSR
glCanvas.js:1127 [BENCHMARK] 1654768591430,CSR
glCanvas.js:1127 [BENCHMARK] 1654768591462,CSR
glCanvas.js:1127 [BENCHMARK] 1654768591464,CSR
glCanvas.js:1127 [BENCHMARK] 1654768591465,CSR
glCanvas.js:1127 [BENCHMARK] 1654768591466,CSR
glCanvas.js:1127 [BENCHMARK] 1654768591467,CSR
glCanvas.js:1127 [BENCHMARK] 1654768591467,CSR
glCanvas.js:1127 [BENCHMARK] 1654768591468,CSR
glCanvas.js:1127 [BENCHMARK] 1654768591469,CSR
glCanvas.js:1127 [BENCHMARK] 1654768591721,CSR
glCanvas.js:1127 [BENCHMARK] 1654768592465,CSR
glCanvas.js:1127 [BENCHMARK] 1654768592472,CSR
glCanvas.js:1127 [BENCHMARK] 1654768592477,CSR
glCanvas.js:1127 [BENCHMARK] 1654768592482,CSR
glCanvas.js:1127 [BENCHMARK] 1654768592488,CSR
glCanvas.js:1127 [BENCHMARK] 1654768592493,CSR
glCanvas.js:1127 [BENCHMARK] 1654768592511,CSR
glCanvas.js:1127 [BENCHMARK] 1654768592512,CSR
glCanvas.js:1127 [BENCHMARK] 1654768592513,CSR
glCanvas.js:1127 [BENCHMARK] 1654768592516,CSR
glCanvas.js:1127 [BENCHMARK] 1654768592521,CSR
glCanvas.js:1127 [BENCHMARK] 1654768592527,CSR
glCanvas.js:1127 [BENCHMARK] 1654768592696,CSR
glCanvas.js:1127 [BENCHMARK] 1654768592748,CSR
glCanvas.js:1127 [BENCHMARK] 1654768592752,CSR
glCanvas.js:1127 [BENCHMARK] 1654768592758,CSR
glCanvas.js:1127 [BENCHMARK] 1654768592763,CSR
glCanvas.js:1127 [BENCHMARK] 1654768592769,CSR
glCanvas.js:1127 [BENCHMARK] 1654768592774,CSR
glCanvas.js:1127 [BENCHMARK] 1654768592780,CSR
glCanvas.js:1127 [BENCHMARK] 1654768592803,CSR
glCanvas.js:1127 [BENCHMARK] 1654768592805,CSR
glCanvas.js:1127 [BENCHMARK] 1654768592806,CSR
glCanvas.js:1127 [BENCHMARK] 1654768592807,CSR
glCanvas.js:1127 [BENCHMARK] 1654768592809,CSR
glCanvas.js:1127 [BENCHMARK] 1654768592813,CSR
glCanvas.js:1127 [BENCHMARK] 1654768593024,CSR
glCanvas.js:1127 [BENCHMARK] 1654768593037,CSR
glCanvas.js:1127 [BENCHMARK] 1654768593050,CSR
glCanvas.js:1127 [BENCHMARK] 1654768593062,CSR
glCanvas.js:1127 [BENCHMARK] 1654768593075,CSR
glCanvas.js:1127 [BENCHMARK] 1654768593088,CSR
glCanvas.js:1127 [BENCHMARK] 1654768593100,CSR
glCanvas.js:1127 [BENCHMARK] 1654768593113,CSR
glCanvas.js:1127 [BENCHMARK] 1654768593125,CSR
glCanvas.js:1127 [BENCHMARK] 1654768593138,CSR
glCanvas.js:1127 [BENCHMARK] 1654768593359,CSR
glCanvas.js:1127 [BENCHMARK] 1654768593526,CSR
glCanvas.js:1127 [BENCHMARK] 1654768593527,CSR
glCanvas.js:1127 [BENCHMARK] 1654768593528,CSR
glCanvas.js:1127 [BENCHMARK] 1654768593529,CSR
glCanvas.js:1127 [BENCHMARK] 1654768593529,CSR
glCanvas.js:1127 [BENCHMARK] 1654768593530,CSR
glCanvas.js:1127 [BENCHMARK] 1654768593531,CSR
glCanvas.js:1127 [BENCHMARK] 1654768593532,CSR
glCanvas.js:1127 [BENCHMARK] 1654768593533,CSR
glCanvas.js:1127 [BENCHMARK] 1654768593785,CSR
glCanvas.js:1127 [BENCHMARK] 1654768594793,CSR
glCanvas.js:1127 [BENCHMARK] 1654768595497,CSR
glCanvas.js:1127 [BENCHMARK] 1654768595499,CSR
glCanvas.js:1127 [BENCHMARK] 1654768595501,CSR
glCanvas.js:1127 [BENCHMARK] 1654768595502,CSR
glCanvas.js:1127 [BENCHMARK] 1654768595510,CSR
glCanvas.js:1127 [BENCHMARK] 1654768595510,CSR
glCanvas.js:1127 [BENCHMARK] 1654768595512,CSR
glCanvas.js:1127 [BENCHMARK] 1654768595513,CSR
glCanvas.js:1127 [BENCHMARK] 1654768595520,CSR
glCanvas.js:1127 [BENCHMARK] 1654768595520,CSR
glCanvas.js:1127 [BENCHMARK] 1654768595549,CSR
glCanvas.js:1127 [BENCHMARK] 1654768595550,CSR
glCanvas.js:1127 [BENCHMARK] 1654768595551,CSR
glCanvas.js:1127 [BENCHMARK] 1654768595551,CSR
glCanvas.js:1127 [BENCHMARK] 1654768595552,CSR
glCanvas.js:1127 [BENCHMARK] 1654768595553,CSR
glCanvas.js:1127 [BENCHMARK] 1654768595554,CSR
glCanvas.js:1127 [BENCHMARK] 1654768595554,CSR
glCanvas.js:1127 [BENCHMARK] 1654768595555,CSR
glCanvas.js:1127 [BENCHMARK] 1654768595555,CSR
glCanvas.js:1127 [BENCHMARK] 1654768595760,CSR
glCanvas.js:1127 [BENCHMARK] 1654768595761,CSR
glCanvas.js:1127 [BENCHMARK] 1654768595776,CSR
glCanvas.js:1127 [BENCHMARK] 1654768595777,CSR
glCanvas.js:1127 [BENCHMARK] 1654768595779,CSR
glCanvas.js:1127 [BENCHMARK] 1654768595779,CSR
glCanvas.js:1127 [BENCHMARK] 1654768595780,CSR
glCanvas.js:1127 [BENCHMARK] 1654768595781,CSR
glCanvas.js:1127 [BENCHMARK] 1654768595784,CSR
glCanvas.js:1127 [BENCHMARK] 1654768595784,CSR
glCanvas.js:1127 [BENCHMARK] 1654768595788,CSR
glCanvas.js:1127 [BENCHMARK] 1654768595789,CSR
glCanvas.js:1127 [BENCHMARK] 1654768595794,CSR
glCanvas.js:1127 [BENCHMARK] 1654768595794,CSR
glCanvas.js:1127 [BENCHMARK] 1654768595799,CSR
glCanvas.js:1127 [BENCHMARK] 1654768595800,CSR
glCanvas.js:1127 [BENCHMARK] 1654768595805,CSR
glCanvas.js:1127 [BENCHMARK] 1654768595805,CSR
glCanvas.js:1127 [BENCHMARK] 1654768595839,CSR
glCanvas.js:1127 [BENCHMARK] 1654768595841,CSR
glCanvas.js:1127 [BENCHMARK] 1654768596024,CSR
glCanvas.js:1127 [BENCHMARK] 1654768596026,CSR
glCanvas.js:1127 [BENCHMARK] 1654768596030,CSR
glCanvas.js:1127 [BENCHMARK] 1654768596032,CSR
glCanvas.js:1127 [BENCHMARK] 1654768596036,CSR
glCanvas.js:1127 [BENCHMARK] 1654768596038,CSR
glCanvas.js:1127 [BENCHMARK] 1654768596042,CSR
glCanvas.js:1127 [BENCHMARK] 1654768596043,CSR
glCanvas.js:1127 [BENCHMARK] 1654768596047,CSR
glCanvas.js:1127 [BENCHMARK] 1654768596047,CSR
glCanvas.js:1127 [BENCHMARK] 1654768596063,CSR
glCanvas.js:1127 [BENCHMARK] 1654768596063,CSR
glCanvas.js:1127 [BENCHMARK] 1654768596064,CSR
glCanvas.js:1127 [BENCHMARK] 1654768596065,CSR
glCanvas.js:1127 [BENCHMARK] 1654768596066,CSR
glCanvas.js:1127 [BENCHMARK] 1654768596067,CSR
glCanvas.js:1127 [BENCHMARK] 1654768596070,CSR
glCanvas.js:1127 [BENCHMARK] 1654768596071,CSR
glCanvas.js:1127 [BENCHMARK] 1654768596074,CSR
glCanvas.js:1127 [BENCHMARK] 1654768596075,CSR
glCanvas.js:1127 [BENCHMARK] 1654768596288,CSR
glCanvas.js:1127 [BENCHMARK] 1654768596290,CSR
glCanvas.js:1127 [BENCHMARK] 1654768596294,CSR
glCanvas.js:1127 [BENCHMARK] 1654768596296,CSR
glCanvas.js:1127 [BENCHMARK] 1654768596300,CSR
glCanvas.js:1127 [BENCHMARK] 1654768596302,CSR
glCanvas.js:1127 [BENCHMARK] 1654768596306,CSR
glCanvas.js:1127 [BENCHMARK] 1654768596307,CSR
glCanvas.js:1127 [BENCHMARK] 1654768596311,CSR
glCanvas.js:1127 [BENCHMARK] 1654768596312,CSR
glCanvas.js:1127 [BENCHMARK] 1654768596317,CSR
glCanvas.js:1127 [BENCHMARK] 1654768596318,CSR
glCanvas.js:1127 [BENCHMARK] 1654768596330,CSR
glCanvas.js:1127 [BENCHMARK] 1654768596330,CSR
glCanvas.js:1127 [BENCHMARK] 1654768596331,CSR
glCanvas.js:1127 [BENCHMARK] 1654768596332,CSR
glCanvas.js:1127 [BENCHMARK] 1654768596334,CSR
glCanvas.js:1127 [BENCHMARK] 1654768596335,CSR
glCanvas.js:1127 [BENCHMARK] 1654768596339,CSR
glCanvas.js:1127 [BENCHMARK] 1654768596340,CSR
glCanvas.js:1127 [BENCHMARK] 1654768596345,CSR
glCanvas.js:1127 [BENCHMARK] 1654768596345,CSR
glCanvas.js:1127 [BENCHMARK] 1654768596351,CSR
glCanvas.js:1127 [BENCHMARK] 1654768596351,CSR
glCanvas.js:1127 [BENCHMARK] 1654768596564,CSR
glCanvas.js:1127 [BENCHMARK] 1654768596566,CSR
glCanvas.js:1127 [BENCHMARK] 1654768596570,CSR
glCanvas.js:1127 [BENCHMARK] 1654768596572,CSR
glCanvas.js:1127 [BENCHMARK] 1654768596576,CSR
glCanvas.js:1127 [BENCHMARK] 1654768596578,CSR
glCanvas.js:1127 [BENCHMARK] 1654768596582,CSR
glCanvas.js:1127 [BENCHMARK] 1654768596583,CSR
glCanvas.js:1127 [BENCHMARK] 1654768596602,CSR
glCanvas.js:1127 [BENCHMARK] 1654768596603,CSR
glCanvas.js:1127 [BENCHMARK] 1654768596604,CSR
glCanvas.js:1127 [BENCHMARK] 1654768596605,CSR
glCanvas.js:1127 [BENCHMARK] 1654768596606,CSR
glCanvas.js:1127 [BENCHMARK] 1654768596606,CSR
glCanvas.js:1127 [BENCHMARK] 1654768596607,CSR
glCanvas.js:1127 [BENCHMARK] 1654768596608,CSR
glCanvas.js:1127 [BENCHMARK] 1654768596609,CSR
glCanvas.js:1127 [BENCHMARK] 1654768596610,CSR
glCanvas.js:1127 [BENCHMARK] 1654768596615,CSR
glCanvas.js:1127 [BENCHMARK] 1654768596615,CSR
glCanvas.js:1127 [BENCHMARK] 1654768596621,CSR
glCanvas.js:1127 [BENCHMARK] 1654768596621,CSR
glCanvas.js:1127 [BENCHMARK] 1654768596656,CSR
glCanvas.js:1127 [BENCHMARK] 1654768596657,CSR
glCanvas.js:1127 [BENCHMARK] 1654768596913,CSR
glCanvas.js:1127 [BENCHMARK] 1654768597921,CSR
