glCanvas.js:1107 [BENCHMARK] 1654768888916,X
glCanvas.js:1107 [BENCHMARK] 1654768888924,X
glCanvas.js:1107 [BENCHMARK] 1654768888928,X
glCanvas.js:1107 [BENCHMARK] 1654768889127,X
glCanvas.js:1107 [BENCHMARK] 1654768889196,X
glCanvas.js:1107 [BENCHMARK] 1654768889198,X
glCanvas.js:1107 [BENCHMARK] 1654768889203,X
glCanvas.js:1107 [BENCHMARK] 1654768889207,X
glCanvas.js:1107 [BENCHMARK] 1654768889210,X
glCanvas.js:1107 [BENCHMARK] 1654768889212,X
glCanvas.js:1107 [BENCHMARK] 1654768889427,X
glCanvas.js:1127 [BENCHMARK] 1654768889444,SSR
manager.js:159 [BENCHMARK] 1654768889887,firstRender
glCanvas.js:1127 [BENCHMARK] 1654768889908,CSR
glCanvas.js:1127 [BENCHMARK] 1654768889914,CSR
glCanvas.js:1127 [BENCHMARK] 1654768889916,CSR
glCanvas.js:1127 [BENCHMARK] 1654768889921,CSR
glCanvas.js:1127 [BENCHMARK] 1654768889944,CSR
glCanvas.js:1127 [BENCHMARK] 1654768889948,CSR
glCanvas.js:1127 [BENCHMARK] 1654768889954,CSR
glCanvas.js:1127 [BENCHMARK] 1654768889980,CSR
glCanvas.js:1127 [BENCHMARK] 1654768889983,CSR
glCanvas.js:1127 [BENCHMARK] 1654768889984,CSR
glCanvas.js:1127 [BENCHMARK] 1654768889989,CSR
glCanvas.js:1127 [BENCHMARK] 1654768889992,CSR
glCanvas.js:1127 [BENCHMARK] 1654768890005,CSR
glCanvas.js:1127 [BENCHMARK] 1654768890163,CSR
glCanvas.js:1127 [BENCHMARK] 1654768890201,CSR
glCanvas.js:1127 [BENCHMARK] 1654768890365,CSR
glCanvas.js:1127 [BENCHMARK] 1654768890410,CSR
glCanvas.js:1127 [BENCHMARK] 1654768890447,CSR
glCanvas.js:1127 [BENCHMARK] 1654768890488,CSR
glCanvas.js:1127 [BENCHMARK] 1654768890525,CSR
glCanvas.js:1127 [BENCHMARK] 1654768890564,CSR
glCanvas.js:1127 [BENCHMARK] 1654768890603,CSR
glCanvas.js:1127 [BENCHMARK] 1654768890643,CSR
glCanvas.js:1127 [BENCHMARK] 1654768890682,CSR
glCanvas.js:1127 [BENCHMARK] 1654768890744,CSR
glCanvas.js:1127 [BENCHMARK] 1654768890783,CSR
glCanvas.js:1127 [BENCHMARK] 1654768891050,CSR
glCanvas.js:1127 [BENCHMARK] 1654768891093,CSR
glCanvas.js:1127 [BENCHMARK] 1654768891108,CSR
glCanvas.js:1127 [BENCHMARK] 1654768891109,CSR
glCanvas.js:1127 [BENCHMARK] 1654768891135,CSR
glCanvas.js:1127 [BENCHMARK] 1654768891137,CSR
glCanvas.js:1127 [BENCHMARK] 1654768891167,CSR
glCanvas.js:1127 [BENCHMARK] 1654768891168,CSR
glCanvas.js:1127 [BENCHMARK] 1654768891200,CSR
glCanvas.js:1127 [BENCHMARK] 1654768891201,CSR
glCanvas.js:1127 [BENCHMARK] 1654768891231,CSR
glCanvas.js:1127 [BENCHMARK] 1654768891232,CSR
glCanvas.js:1127 [BENCHMARK] 1654768891262,CSR
glCanvas.js:1127 [BENCHMARK] 1654768891262,CSR
glCanvas.js:1127 [BENCHMARK] 1654768891279,CSR
glCanvas.js:1127 [BENCHMARK] 1654768891287,CSR
glCanvas.js:1127 [BENCHMARK] 1654768891292,CSR
glCanvas.js:1127 [BENCHMARK] 1654768891293,CSR
glCanvas.js:1127 [BENCHMARK] 1654768891314,CSR
glCanvas.js:1127 [BENCHMARK] 1654768891322,CSR
glCanvas.js:1127 [BENCHMARK] 1654768891324,CSR
glCanvas.js:1127 [BENCHMARK] 1654768891325,CSR
glCanvas.js:1127 [BENCHMARK] 1654768891333,CSR
glCanvas.js:1127 [BENCHMARK] 1654768891359,CSR
glCanvas.js:1127 [BENCHMARK] 1654768891360,CSR
glCanvas.js:1127 [BENCHMARK] 1654768891369,CSR
glCanvas.js:1127 [BENCHMARK] 1654768891377,CSR
glCanvas.js:1127 [BENCHMARK] 1654768891398,CSR
glCanvas.js:1127 [BENCHMARK] 1654768891399,CSR
glCanvas.js:1127 [BENCHMARK] 1654768891407,CSR
glCanvas.js:1127 [BENCHMARK] 1654768891414,CSR
glCanvas.js:1127 [BENCHMARK] 1654768891623,CSR
glCanvas.js:1127 [BENCHMARK] 1654768891625,CSR
glCanvas.js:1127 [BENCHMARK] 1654768891655,CSR
glCanvas.js:1127 [BENCHMARK] 1654768891657,CSR
glCanvas.js:1127 [BENCHMARK] 1654768891685,CSR
glCanvas.js:1127 [BENCHMARK] 1654768891685,CSR
glCanvas.js:1127 [BENCHMARK] 1654768891715,CSR
glCanvas.js:1127 [BENCHMARK] 1654768891716,CSR
glCanvas.js:1127 [BENCHMARK] 1654768891747,CSR
glCanvas.js:1127 [BENCHMARK] 1654768891748,CSR
glCanvas.js:1127 [BENCHMARK] 1654768891777,CSR
glCanvas.js:1127 [BENCHMARK] 1654768891778,CSR
glCanvas.js:1127 [BENCHMARK] 1654768891807,CSR
glCanvas.js:1127 [BENCHMARK] 1654768891808,CSR
glCanvas.js:1127 [BENCHMARK] 1654768891838,CSR
glCanvas.js:1127 [BENCHMARK] 1654768891839,CSR
glCanvas.js:1127 [BENCHMARK] 1654768891868,CSR
glCanvas.js:1127 [BENCHMARK] 1654768891869,CSR
glCanvas.js:1127 [BENCHMARK] 1654768891899,CSR
glCanvas.js:1127 [BENCHMARK] 1654768891900,CSR
glCanvas.js:1127 [BENCHMARK] 1654768892138,SSR
glCanvas.js:1127 [BENCHMARK] 1654768892140,SSR
glCanvas.js:1127 [BENCHMARK] 1654768892167,CSR
glCanvas.js:1127 [BENCHMARK] 1654768892168,CSR
glCanvas.js:1127 [BENCHMARK] 1654768892198,SSR
glCanvas.js:1127 [BENCHMARK] 1654768892199,SSR
glCanvas.js:1127 [BENCHMARK] 1654768892229,CSR
glCanvas.js:1127 [BENCHMARK] 1654768892229,CSR
glCanvas.js:1127 [BENCHMARK] 1654768892259,SSR
glCanvas.js:1127 [BENCHMARK] 1654768892260,SSR
glCanvas.js:1127 [BENCHMARK] 1654768892290,SSR
glCanvas.js:1127 [BENCHMARK] 1654768892291,SSR
glCanvas.js:1127 [BENCHMARK] 1654768892320,SSR
glCanvas.js:1127 [BENCHMARK] 1654768892321,SSR
glCanvas.js:1127 [BENCHMARK] 1654768892351,SSR
glCanvas.js:1127 [BENCHMARK] 1654768892352,SSR
glCanvas.js:1127 [BENCHMARK] 1654768892382,SSR
glCanvas.js:1127 [BENCHMARK] 1654768892382,SSR
glCanvas.js:1127 [BENCHMARK] 1654768892412,SSR
glCanvas.js:1127 [BENCHMARK] 1654768892413,SSR
glCanvas.js:1127 [BENCHMARK] 1654768892665,SSR
glCanvas.js:1127 [BENCHMARK] 1654768892944,SSR
glCanvas.js:1127 [BENCHMARK] 1654768892955,SSR
glCanvas.js:1127 [BENCHMARK] 1654768892958,SSR
glCanvas.js:1127 [BENCHMARK] 1654768892959,SSR
glCanvas.js:1127 [BENCHMARK] 1654768892965,SSR
glCanvas.js:1127 [BENCHMARK] 1654768892966,SSR
glCanvas.js:1127 [BENCHMARK] 1654768892967,SSR
glCanvas.js:1127 [BENCHMARK] 1654768892974,CSR
glCanvas.js:1127 [BENCHMARK] 1654768892976,CSR
glCanvas.js:1127 [BENCHMARK] 1654768892979,CSR
glCanvas.js:1127 [BENCHMARK] 1654768893323,CSR
glCanvas.js:1127 [BENCHMARK] 1654768893325,CSR
glCanvas.js:1127 [BENCHMARK] 1654768893360,CSR
glCanvas.js:1127 [BENCHMARK] 1654768893362,CSR
glCanvas.js:1127 [BENCHMARK] 1654768893364,CSR
glCanvas.js:1127 [BENCHMARK] 1654768893366,CSR
glCanvas.js:1127 [BENCHMARK] 1654768893391,CSR
glCanvas.js:1127 [BENCHMARK] 1654768893394,CSR
glCanvas.js:1127 [BENCHMARK] 1654768893396,CSR
glCanvas.js:1127 [BENCHMARK] 1654768893412,CSR
glCanvas.js:1127 [BENCHMARK] 1654768893453,CSR
glCanvas.js:1127 [BENCHMARK] 1654768893545,CSR
glCanvas.js:1127 [BENCHMARK] 1654768893549,CSR
glCanvas.js:1127 [BENCHMARK] 1654768893553,CSR
glCanvas.js:1127 [BENCHMARK] 1654768893566,CSR
glCanvas.js:1127 [BENCHMARK] 1654768893576,CSR
glCanvas.js:1127 [BENCHMARK] 1654768893578,CSR
glCanvas.js:1127 [BENCHMARK] 1654768893580,CSR
glCanvas.js:1127 [BENCHMARK] 1654768893613,CSR
glCanvas.js:1127 [BENCHMARK] 1654768893615,CSR
glCanvas.js:1127 [BENCHMARK] 1654768893617,CSR
glCanvas.js:1127 [BENCHMARK] 1654768893624,CSR
glCanvas.js:1127 [BENCHMARK] 1654768893654,CSR
glCanvas.js:1127 [BENCHMARK] 1654768893756,CSR
glCanvas.js:1127 [BENCHMARK] 1654768893768,CSR
glCanvas.js:1127 [BENCHMARK] 1654768893773,CSR
glCanvas.js:1127 [BENCHMARK] 1654768893781,CSR
glCanvas.js:1127 [BENCHMARK] 1654768893787,CSR
glCanvas.js:1127 [BENCHMARK] 1654768893789,CSR
glCanvas.js:1127 [BENCHMARK] 1654768893818,CSR
glCanvas.js:1127 [BENCHMARK] 1654768893841,CSR
glCanvas.js:1127 [BENCHMARK] 1654768893844,CSR
glCanvas.js:1127 [BENCHMARK] 1654768893847,CSR
glCanvas.js:1127 [BENCHMARK] 1654768893849,CSR
glCanvas.js:1127 [BENCHMARK] 1654768893870,CSR
glCanvas.js:1127 [BENCHMARK] 1654768893959,CSR
glCanvas.js:1127 [BENCHMARK] 1654768893982,CSR
glCanvas.js:1127 [BENCHMARK] 1654768893994,CSR
glCanvas.js:1127 [BENCHMARK] 1654768894024,CSR
glCanvas.js:1127 [BENCHMARK] 1654768894040,CSR
glCanvas.js:1127 [BENCHMARK] 1654768894047,CSR
glCanvas.js:1127 [BENCHMARK] 1654768894055,CSR
glCanvas.js:1127 [BENCHMARK] 1654768894073,CSR
glCanvas.js:1127 [BENCHMARK] 1654768894083,CSR
glCanvas.js:1127 [BENCHMARK] 1654768894087,CSR
glCanvas.js:1127 [BENCHMARK] 1654768894091,CSR
glCanvas.js:1127 [BENCHMARK] 1654768894094,CSR
glCanvas.js:1127 [BENCHMARK] 1654768894187,CSR
glCanvas.js:1127 [BENCHMARK] 1654768894230,CSR
glCanvas.js:1127 [BENCHMARK] 1654768894241,CSR
glCanvas.js:1127 [BENCHMARK] 1654768894259,CSR
glCanvas.js:1127 [BENCHMARK] 1654768894275,CSR
glCanvas.js:1127 [BENCHMARK] 1654768894277,CSR
glCanvas.js:1127 [BENCHMARK] 1654768894305,CSR
glCanvas.js:1127 [BENCHMARK] 1654768894307,CSR
glCanvas.js:1127 [BENCHMARK] 1654768894309,CSR
glCanvas.js:1127 [BENCHMARK] 1654768894311,CSR
glCanvas.js:1127 [BENCHMARK] 1654768894328,CSR
glCanvas.js:1127 [BENCHMARK] 1654768894407,CSR
glCanvas.js:1127 [BENCHMARK] 1654768894410,CSR
glCanvas.js:1127 [BENCHMARK] 1654768894412,CSR
glCanvas.js:1127 [BENCHMARK] 1654768894414,CSR
glCanvas.js:1127 [BENCHMARK] 1654768894435,CSR
glCanvas.js:1127 [BENCHMARK] 1654768894437,CSR
filmbox2.js:1550 [BENCHMARK] 1654768894438,fullLoad
glCanvas.js:1127 [BENCHMARK] 1654768895329,CSR
glCanvas.js:1127 [BENCHMARK] 1654768897176,CSR
glCanvas.js:1127 [BENCHMARK] 1654768897178,CSR
glCanvas.js:1127 [BENCHMARK] 1654768897377,CSR
glCanvas.js:1127 [BENCHMARK] 1654768897379,CSR
glCanvas.js:1127 [BENCHMARK] 1654768897580,CSR
glCanvas.js:1127 [BENCHMARK] 1654768897581,CSR
glCanvas.js:1127 [BENCHMARK] 1654768897782,CSR
glCanvas.js:1127 [BENCHMARK] 1654768897783,CSR
glCanvas.js:1127 [BENCHMARK] 1654768897984,CSR
glCanvas.js:1127 [BENCHMARK] 1654768897986,CSR
glCanvas.js:1127 [BENCHMARK] 1654768898241,CSR
glCanvas.js:1127 [BENCHMARK] 1654768899194,CSR
glCanvas.js:1127 [BENCHMARK] 1654768899195,CSR
glCanvas.js:1127 [BENCHMARK] 1654768899266,CSR
glCanvas.js:1127 [BENCHMARK] 1654768899267,CSR
glCanvas.js:1127 [BENCHMARK] 1654768899338,CSR
glCanvas.js:1127 [BENCHMARK] 1654768899339,CSR
glCanvas.js:1127 [BENCHMARK] 1654768899410,CSR
glCanvas.js:1127 [BENCHMARK] 1654768899411,CSR
glCanvas.js:1127 [BENCHMARK] 1654768899482,CSR
glCanvas.js:1127 [BENCHMARK] 1654768899484,CSR
glCanvas.js:1127 [BENCHMARK] 1654768899554,CSR
glCanvas.js:1127 [BENCHMARK] 1654768899556,CSR
glCanvas.js:1127 [BENCHMARK] 1654768899623,CSR
glCanvas.js:1127 [BENCHMARK] 1654768899624,CSR
glCanvas.js:1127 [BENCHMARK] 1654768899881,CSR
glCanvas.js:1127 [BENCHMARK] 1654768900889,CSR
glCanvas.js:1127 [BENCHMARK] 1654768901704,CSR
glCanvas.js:1127 [BENCHMARK] 1654768901706,CSR
glCanvas.js:1127 [BENCHMARK] 1654768901773,CSR
glCanvas.js:1127 [BENCHMARK] 1654768901775,CSR
glCanvas.js:1127 [BENCHMARK] 1654768901846,CSR
glCanvas.js:1127 [BENCHMARK] 1654768901848,CSR
glCanvas.js:1127 [BENCHMARK] 1654768901918,CSR
glCanvas.js:1127 [BENCHMARK] 1654768901919,CSR
glCanvas.js:1127 [BENCHMARK] 1654768901989,CSR
glCanvas.js:1127 [BENCHMARK] 1654768901991,CSR
glCanvas.js:1127 [BENCHMARK] 1654768902062,CSR
glCanvas.js:1127 [BENCHMARK] 1654768902063,CSR
glCanvas.js:1127 [BENCHMARK] 1654768902133,CSR
glCanvas.js:1127 [BENCHMARK] 1654768902135,CSR
glCanvas.js:1127 [BENCHMARK] 1654768902205,CSR
glCanvas.js:1127 [BENCHMARK] 1654768902207,CSR
glCanvas.js:1127 [BENCHMARK] 1654768902276,CSR
glCanvas.js:1127 [BENCHMARK] 1654768902278,CSR
glCanvas.js:1127 [BENCHMARK] 1654768902350,CSR
glCanvas.js:1127 [BENCHMARK] 1654768902363,CSR
glCanvas.js:1127 [BENCHMARK] 1654768902776,CSR
glCanvas.js:1127 [BENCHMARK] 1654768902777,CSR
glCanvas.js:1127 [BENCHMARK] 1654768902779,CSR
glCanvas.js:1127 [BENCHMARK] 1654768902780,CSR
glCanvas.js:1127 [BENCHMARK] 1654768902781,CSR
glCanvas.js:1127 [BENCHMARK] 1654768902808,CSR
glCanvas.js:1127 [BENCHMARK] 1654768902809,CSR
glCanvas.js:1127 [BENCHMARK] 1654768902809,CSR
glCanvas.js:1127 [BENCHMARK] 1654768902810,CSR
glCanvas.js:1127 [BENCHMARK] 1654768902811,CSR
glCanvas.js:1127 [BENCHMARK] 1654768902812,CSR
glCanvas.js:1127 [BENCHMARK] 1654768902813,CSR
glCanvas.js:1127 [BENCHMARK] 1654768902813,CSR
glCanvas.js:1127 [BENCHMARK] 1654768902814,CSR
glCanvas.js:1127 [BENCHMARK] 1654768902843,CSR
glCanvas.js:1127 [BENCHMARK] 1654768902845,CSR
glCanvas.js:1127 [BENCHMARK] 1654768902875,CSR
glCanvas.js:1127 [BENCHMARK] 1654768902876,CSR
glCanvas.js:1127 [BENCHMARK] 1654768902907,CSR
glCanvas.js:1127 [BENCHMARK] 1654768902909,CSR
glCanvas.js:1127 [BENCHMARK] 1654768903147,CSR
glCanvas.js:1127 [BENCHMARK] 1654768903149,CSR
glCanvas.js:1127 [BENCHMARK] 1654768903179,CSR
glCanvas.js:1127 [BENCHMARK] 1654768903180,CSR
glCanvas.js:1127 [BENCHMARK] 1654768903210,CSR
glCanvas.js:1127 [BENCHMARK] 1654768903212,CSR
glCanvas.js:1127 [BENCHMARK] 1654768903242,CSR
glCanvas.js:1127 [BENCHMARK] 1654768903243,CSR
glCanvas.js:1127 [BENCHMARK] 1654768903273,CSR
glCanvas.js:1127 [BENCHMARK] 1654768903275,CSR
glCanvas.js:1127 [BENCHMARK] 1654768903305,CSR
glCanvas.js:1127 [BENCHMARK] 1654768903307,CSR
glCanvas.js:1127 [BENCHMARK] 1654768903337,CSR
glCanvas.js:1127 [BENCHMARK] 1654768903339,CSR
glCanvas.js:1127 [BENCHMARK] 1654768903369,CSR
glCanvas.js:1127 [BENCHMARK] 1654768903370,CSR
glCanvas.js:1127 [BENCHMARK] 1654768903400,CSR
glCanvas.js:1127 [BENCHMARK] 1654768903402,CSR
glCanvas.js:1127 [BENCHMARK] 1654768903431,CSR
glCanvas.js:1127 [BENCHMARK] 1654768903433,CSR
glCanvas.js:1127 [BENCHMARK] 1654768903689,CSR
glCanvas.js:1127 [BENCHMARK] 1654768904697,CSR
glCanvas.js:1127 [BENCHMARK] 1654768906472,CSR
glCanvas.js:1127 [BENCHMARK] 1654768906671,CSR
glCanvas.js:1127 [BENCHMARK] 1654768906874,CSR
glCanvas.js:1127 [BENCHMARK] 1654768907076,CSR
glCanvas.js:1127 [BENCHMARK] 1654768907278,CSR
glCanvas.js:1127 [BENCHMARK] 1654768907529,CSR
glCanvas.js:1127 [BENCHMARK] 1654768908487,CSR
glCanvas.js:1127 [BENCHMARK] 1654768908559,CSR
glCanvas.js:1127 [BENCHMARK] 1654768908631,CSR
glCanvas.js:1127 [BENCHMARK] 1654768908703,CSR
glCanvas.js:1127 [BENCHMARK] 1654768908775,CSR
glCanvas.js:1127 [BENCHMARK] 1654768908847,CSR
glCanvas.js:1127 [BENCHMARK] 1654768908919,CSR
glCanvas.js:1127 [BENCHMARK] 1654768908991,CSR
glCanvas.js:1127 [BENCHMARK] 1654768909062,CSR
glCanvas.js:1127 [BENCHMARK] 1654768909134,CSR
glCanvas.js:1127 [BENCHMARK] 1654768909385,CSR
glCanvas.js:1127 [BENCHMARK] 1654768909412,CSR
glCanvas.js:1127 [BENCHMARK] 1654768909484,CSR
glCanvas.js:1127 [BENCHMARK] 1654768909556,CSR
glCanvas.js:1127 [BENCHMARK] 1654768909628,CSR
glCanvas.js:1127 [BENCHMARK] 1654768909700,CSR
glCanvas.js:1127 [BENCHMARK] 1654768909770,CSR
glCanvas.js:1127 [BENCHMARK] 1654768909841,CSR
glCanvas.js:1127 [BENCHMARK] 1654768909914,CSR
glCanvas.js:1127 [BENCHMARK] 1654768909986,CSR
glCanvas.js:1127 [BENCHMARK] 1654768910058,CSR
glCanvas.js:1127 [BENCHMARK] 1654768910313,CSR
glCanvas.js:1127 [BENCHMARK] 1654768911137,CSR
glCanvas.js:1127 [BENCHMARK] 1654768911139,CSR
glCanvas.js:1127 [BENCHMARK] 1654768911168,CSR
glCanvas.js:1127 [BENCHMARK] 1654768911170,CSR
glCanvas.js:1127 [BENCHMARK] 1654768911199,CSR
glCanvas.js:1127 [BENCHMARK] 1654768911201,CSR
glCanvas.js:1127 [BENCHMARK] 1654768911231,CSR
glCanvas.js:1127 [BENCHMARK] 1654768911233,CSR
glCanvas.js:1127 [BENCHMARK] 1654768911263,CSR
glCanvas.js:1127 [BENCHMARK] 1654768911264,CSR
glCanvas.js:1127 [BENCHMARK] 1654768911294,CSR
glCanvas.js:1127 [BENCHMARK] 1654768911295,CSR
glCanvas.js:1127 [BENCHMARK] 1654768911325,CSR
glCanvas.js:1127 [BENCHMARK] 1654768911327,CSR
glCanvas.js:1127 [BENCHMARK] 1654768911357,CSR
glCanvas.js:1127 [BENCHMARK] 1654768911359,CSR
glCanvas.js:1127 [BENCHMARK] 1654768911388,CSR
glCanvas.js:1127 [BENCHMARK] 1654768911390,CSR
glCanvas.js:1127 [BENCHMARK] 1654768911420,CSR
glCanvas.js:1127 [BENCHMARK] 1654768911422,CSR
glCanvas.js:1127 [BENCHMARK] 1654768911660,CSR
glCanvas.js:1127 [BENCHMARK] 1654768911662,CSR
glCanvas.js:1127 [BENCHMARK] 1654768911691,CSR
glCanvas.js:1127 [BENCHMARK] 1654768911693,CSR
glCanvas.js:1127 [BENCHMARK] 1654768911723,CSR
glCanvas.js:1127 [BENCHMARK] 1654768911724,CSR
glCanvas.js:1127 [BENCHMARK] 1654768911754,CSR
glCanvas.js:1127 [BENCHMARK] 1654768911756,CSR
glCanvas.js:1127 [BENCHMARK] 1654768911785,CSR
glCanvas.js:1127 [BENCHMARK] 1654768911789,CSR
glCanvas.js:1127 [BENCHMARK] 1654768911817,CSR
glCanvas.js:1127 [BENCHMARK] 1654768911818,CSR
glCanvas.js:1127 [BENCHMARK] 1654768911848,CSR
glCanvas.js:1127 [BENCHMARK] 1654768911850,CSR
glCanvas.js:1127 [BENCHMARK] 1654768911880,CSR
glCanvas.js:1127 [BENCHMARK] 1654768911882,CSR
glCanvas.js:1127 [BENCHMARK] 1654768911911,CSR
glCanvas.js:1127 [BENCHMARK] 1654768911913,CSR
glCanvas.js:1127 [BENCHMARK] 1654768911943,CSR
glCanvas.js:1127 [BENCHMARK] 1654768911945,CSR
glCanvas.js:1127 [BENCHMARK] 1654768912183,CSR
glCanvas.js:1127 [BENCHMARK] 1654768912184,CSR
glCanvas.js:1127 [BENCHMARK] 1654768912214,CSR
glCanvas.js:1127 [BENCHMARK] 1654768912216,CSR
glCanvas.js:1127 [BENCHMARK] 1654768912245,CSR
glCanvas.js:1127 [BENCHMARK] 1654768912247,CSR
glCanvas.js:1127 [BENCHMARK] 1654768912277,CSR
glCanvas.js:1127 [BENCHMARK] 1654768912279,CSR
glCanvas.js:1127 [BENCHMARK] 1654768912307,CSR
glCanvas.js:1127 [BENCHMARK] 1654768912308,CSR
glCanvas.js:1127 [BENCHMARK] 1654768912339,CSR
glCanvas.js:1127 [BENCHMARK] 1654768912341,CSR
glCanvas.js:1127 [BENCHMARK] 1654768912371,CSR
glCanvas.js:1127 [BENCHMARK] 1654768912373,CSR
glCanvas.js:1127 [BENCHMARK] 1654768912403,CSR
glCanvas.js:1127 [BENCHMARK] 1654768912405,CSR
glCanvas.js:1127 [BENCHMARK] 1654768912435,CSR
glCanvas.js:1127 [BENCHMARK] 1654768912437,CSR
glCanvas.js:1127 [BENCHMARK] 1654768912466,CSR
glCanvas.js:1127 [BENCHMARK] 1654768912468,CSR
glCanvas.js:1127 [BENCHMARK] 1654768912721,CSR
glCanvas.js:1127 [BENCHMARK] 1654768913729,CSR
glCanvas.js:1127 [BENCHMARK] 1654768915507,CSR
glCanvas.js:1127 [BENCHMARK] 1654768915509,CSR
glCanvas.js:1127 [BENCHMARK] 1654768915708,CSR
glCanvas.js:1127 [BENCHMARK] 1654768915710,CSR
glCanvas.js:1127 [BENCHMARK] 1654768915910,CSR
glCanvas.js:1127 [BENCHMARK] 1654768915912,CSR
glCanvas.js:1127 [BENCHMARK] 1654768916161,CSR
glCanvas.js:1127 [BENCHMARK] 1654768917169,CSR
glCanvas.js:1127 [BENCHMARK] 1654768919121,CSR
glCanvas.js:1127 [BENCHMARK] 1654768919220,CSR
glCanvas.js:1127 [BENCHMARK] 1654768919323,CSR
glCanvas.js:1127 [BENCHMARK] 1654768919425,CSR
glCanvas.js:1127 [BENCHMARK] 1654768919527,CSR
glCanvas.js:1127 [BENCHMARK] 1654768919777,CSR
glCanvas.js:1127 [BENCHMARK] 1654768919839,CSR
glCanvas.js:1127 [BENCHMARK] 1654768919941,CSR
glCanvas.js:1127 [BENCHMARK] 1654768920043,CSR
glCanvas.js:1127 [BENCHMARK] 1654768920145,CSR
glCanvas.js:1127 [BENCHMARK] 1654768920247,CSR
glCanvas.js:1127 [BENCHMARK] 1654768920349,CSR
glCanvas.js:1127 [BENCHMARK] 1654768920449,CSR
glCanvas.js:1127 [BENCHMARK] 1654768920561,CSR
glCanvas.js:1127 [BENCHMARK] 1654768920652,CSR
glCanvas.js:1127 [BENCHMARK] 1654768920753,CSR
glCanvas.js:1127 [BENCHMARK] 1654768921009,CSR
glCanvas.js:1127 [BENCHMARK] 1654768921063,CSR
glCanvas.js:1127 [BENCHMARK] 1654768921135,CSR
glCanvas.js:1127 [BENCHMARK] 1654768921207,CSR
glCanvas.js:1127 [BENCHMARK] 1654768921278,CSR
glCanvas.js:1127 [BENCHMARK] 1654768921351,CSR
glCanvas.js:1127 [BENCHMARK] 1654768921423,CSR
glCanvas.js:1127 [BENCHMARK] 1654768921494,CSR
glCanvas.js:1127 [BENCHMARK] 1654768921566,CSR
glCanvas.js:1127 [BENCHMARK] 1654768921638,CSR
glCanvas.js:1127 [BENCHMARK] 1654768921711,CSR
glCanvas.js:1127 [BENCHMARK] 1654768921969,CSR
glCanvas.js:1127 [BENCHMARK] 1654768922977,CSR
glCanvas.js:1127 [BENCHMARK] 1654768925791,CSR
glCanvas.js:1127 [BENCHMARK] 1654768925793,CSR
glCanvas.js:1127 [BENCHMARK] 1654768925821,CSR
glCanvas.js:1127 [BENCHMARK] 1654768925822,CSR
glCanvas.js:1127 [BENCHMARK] 1654768925852,CSR
glCanvas.js:1127 [BENCHMARK] 1654768925853,CSR
glCanvas.js:1127 [BENCHMARK] 1654768925883,CSR
glCanvas.js:1127 [BENCHMARK] 1654768925884,CSR
glCanvas.js:1127 [BENCHMARK] 1654768925914,CSR
glCanvas.js:1127 [BENCHMARK] 1654768925915,CSR
glCanvas.js:1127 [BENCHMARK] 1654768925946,CSR
glCanvas.js:1127 [BENCHMARK] 1654768925948,CSR
glCanvas.js:1127 [BENCHMARK] 1654768925977,CSR
glCanvas.js:1127 [BENCHMARK] 1654768925979,CSR
glCanvas.js:1127 [BENCHMARK] 1654768926008,CSR
glCanvas.js:1127 [BENCHMARK] 1654768926010,CSR
glCanvas.js:1127 [BENCHMARK] 1654768926039,CSR
glCanvas.js:1127 [BENCHMARK] 1654768926041,CSR
glCanvas.js:1127 [BENCHMARK] 1654768926071,CSR
glCanvas.js:1127 [BENCHMARK] 1654768926073,CSR
glCanvas.js:1127 [BENCHMARK] 1654768926311,CSR
glCanvas.js:1127 [BENCHMARK] 1654768926312,CSR
glCanvas.js:1127 [BENCHMARK] 1654768926342,CSR
glCanvas.js:1127 [BENCHMARK] 1654768926344,CSR
glCanvas.js:1127 [BENCHMARK] 1654768926374,CSR
glCanvas.js:1127 [BENCHMARK] 1654768926376,CSR
glCanvas.js:1127 [BENCHMARK] 1654768926405,CSR
glCanvas.js:1127 [BENCHMARK] 1654768926407,CSR
glCanvas.js:1127 [BENCHMARK] 1654768926437,CSR
glCanvas.js:1127 [BENCHMARK] 1654768926438,CSR
glCanvas.js:1127 [BENCHMARK] 1654768926468,CSR
glCanvas.js:1127 [BENCHMARK] 1654768926469,CSR
glCanvas.js:1127 [BENCHMARK] 1654768926499,CSR
glCanvas.js:1127 [BENCHMARK] 1654768926500,CSR
glCanvas.js:1127 [BENCHMARK] 1654768926530,CSR
glCanvas.js:1127 [BENCHMARK] 1654768926532,CSR
glCanvas.js:1127 [BENCHMARK] 1654768926561,CSR
glCanvas.js:1127 [BENCHMARK] 1654768926563,CSR
glCanvas.js:1127 [BENCHMARK] 1654768926593,CSR
glCanvas.js:1127 [BENCHMARK] 1654768926595,CSR
glCanvas.js:1127 [BENCHMARK] 1654768926828,CSR
glCanvas.js:1127 [BENCHMARK] 1654768926828,CSR
glCanvas.js:1127 [BENCHMARK] 1654768926859,CSR
glCanvas.js:1127 [BENCHMARK] 1654768926860,CSR
glCanvas.js:1127 [BENCHMARK] 1654768926889,CSR
glCanvas.js:1127 [BENCHMARK] 1654768926890,CSR
glCanvas.js:1127 [BENCHMARK] 1654768926920,CSR
glCanvas.js:1127 [BENCHMARK] 1654768926921,CSR
glCanvas.js:1127 [BENCHMARK] 1654768926951,CSR
glCanvas.js:1127 [BENCHMARK] 1654768926953,CSR
glCanvas.js:1127 [BENCHMARK] 1654768926983,CSR
glCanvas.js:1127 [BENCHMARK] 1654768926985,CSR
glCanvas.js:1127 [BENCHMARK] 1654768927015,CSR
glCanvas.js:1127 [BENCHMARK] 1654768927017,CSR
glCanvas.js:1127 [BENCHMARK] 1654768927046,CSR
glCanvas.js:1127 [BENCHMARK] 1654768927048,CSR
glCanvas.js:1127 [BENCHMARK] 1654768927078,CSR
glCanvas.js:1127 [BENCHMARK] 1654768927081,CSR
glCanvas.js:1127 [BENCHMARK] 1654768927110,CSR
glCanvas.js:1127 [BENCHMARK] 1654768927112,CSR
glCanvas.js:1127 [BENCHMARK] 1654768927361,CSR
glCanvas.js:1127 [BENCHMARK] 1654768928150,CSR
glCanvas.js:1127 [BENCHMARK] 1654768928252,CSR
glCanvas.js:1127 [BENCHMARK] 1654768928355,CSR
glCanvas.js:1127 [BENCHMARK] 1654768928456,CSR
glCanvas.js:1127 [BENCHMARK] 1654768928559,CSR
glCanvas.js:1127 [BENCHMARK] 1654768928660,CSR
glCanvas.js:1127 [BENCHMARK] 1654768928761,CSR
glCanvas.js:1127 [BENCHMARK] 1654768929017,CSR
glCanvas.js:1127 [BENCHMARK] 1654768930025,CSR
glCanvas.js:1127 [BENCHMARK] 1654768931871,CSR
glCanvas.js:1127 [BENCHMARK] 1654768931874,CSR
glCanvas.js:1127 [BENCHMARK] 1654768932072,CSR
glCanvas.js:1127 [BENCHMARK] 1654768932075,CSR
glCanvas.js:1127 [BENCHMARK] 1654768932274,CSR
glCanvas.js:1127 [BENCHMARK] 1654768932276,CSR
glCanvas.js:1127 [BENCHMARK] 1654768932476,CSR
glCanvas.js:1127 [BENCHMARK] 1654768932478,CSR
glCanvas.js:1127 [BENCHMARK] 1654768932677,CSR
glCanvas.js:1127 [BENCHMARK] 1654768932679,CSR
glCanvas.js:1127 [BENCHMARK] 1654768932929,CSR
glCanvas.js:1127 [BENCHMARK] 1654768933937,CSR
glCanvas.js:1127 [BENCHMARK] 1654768937888,CSR
glCanvas.js:1127 [BENCHMARK] 1654768937891,CSR
glCanvas.js:1127 [BENCHMARK] 1654768937959,CSR
glCanvas.js:1127 [BENCHMARK] 1654768937959,CSR
glCanvas.js:1127 [BENCHMARK] 1654768938030,CSR
glCanvas.js:1127 [BENCHMARK] 1654768938031,CSR
glCanvas.js:1127 [BENCHMARK] 1654768938102,CSR
glCanvas.js:1127 [BENCHMARK] 1654768938104,CSR
glCanvas.js:1127 [BENCHMARK] 1654768938174,CSR
glCanvas.js:1127 [BENCHMARK] 1654768938176,CSR
glCanvas.js:1127 [BENCHMARK] 1654768938425,CSR
glCanvas.js:1127 [BENCHMARK] 1654768939433,CSR
glCanvas.js:1127 [BENCHMARK] 1654768940254,CSR
glCanvas.js:1127 [BENCHMARK] 1654768940257,CSR
glCanvas.js:1127 [BENCHMARK] 1654768940284,CSR
glCanvas.js:1127 [BENCHMARK] 1654768940285,CSR
glCanvas.js:1127 [BENCHMARK] 1654768940315,CSR
glCanvas.js:1127 [BENCHMARK] 1654768940316,CSR
glCanvas.js:1127 [BENCHMARK] 1654768940345,CSR
glCanvas.js:1127 [BENCHMARK] 1654768940346,CSR
glCanvas.js:1127 [BENCHMARK] 1654768940378,CSR
glCanvas.js:1127 [BENCHMARK] 1654768940380,CSR
glCanvas.js:1127 [BENCHMARK] 1654768940410,CSR
glCanvas.js:1127 [BENCHMARK] 1654768940412,CSR
glCanvas.js:1127 [BENCHMARK] 1654768940442,CSR
glCanvas.js:1127 [BENCHMARK] 1654768940444,CSR
glCanvas.js:1127 [BENCHMARK] 1654768940473,CSR
glCanvas.js:1127 [BENCHMARK] 1654768940475,CSR
glCanvas.js:1127 [BENCHMARK] 1654768940505,CSR
glCanvas.js:1127 [BENCHMARK] 1654768940507,CSR
glCanvas.js:1127 [BENCHMARK] 1654768940537,CSR
glCanvas.js:1127 [BENCHMARK] 1654768940539,CSR
glCanvas.js:1127 [BENCHMARK] 1654768940568,CSR
glCanvas.js:1127 [BENCHMARK] 1654768940570,CSR
glCanvas.js:1127 [BENCHMARK] 1654768940599,CSR
glCanvas.js:1127 [BENCHMARK] 1654768940601,CSR
glCanvas.js:1127 [BENCHMARK] 1654768940631,CSR
glCanvas.js:1127 [BENCHMARK] 1654768940632,CSR
glCanvas.js:1127 [BENCHMARK] 1654768940871,CSR
glCanvas.js:1127 [BENCHMARK] 1654768940873,CSR
glCanvas.js:1127 [BENCHMARK] 1654768940884,CSR
glCanvas.js:1127 [BENCHMARK] 1654768940886,CSR
glCanvas.js:1127 [BENCHMARK] 1654768940898,CSR
glCanvas.js:1127 [BENCHMARK] 1654768940899,CSR
glCanvas.js:1127 [BENCHMARK] 1654768940911,CSR
glCanvas.js:1127 [BENCHMARK] 1654768940913,CSR
glCanvas.js:1127 [BENCHMARK] 1654768940924,CSR
glCanvas.js:1127 [BENCHMARK] 1654768940926,CSR
glCanvas.js:1127 [BENCHMARK] 1654768940936,CSR
glCanvas.js:1127 [BENCHMARK] 1654768940937,CSR
glCanvas.js:1127 [BENCHMARK] 1654768940950,CSR
glCanvas.js:1127 [BENCHMARK] 1654768940952,CSR
glCanvas.js:1127 [BENCHMARK] 1654768940963,CSR
glCanvas.js:1127 [BENCHMARK] 1654768940965,CSR
glCanvas.js:1127 [BENCHMARK] 1654768940976,CSR
glCanvas.js:1127 [BENCHMARK] 1654768940976,CSR
glCanvas.js:1127 [BENCHMARK] 1654768940989,CSR
glCanvas.js:1127 [BENCHMARK] 1654768940989,CSR
glCanvas.js:1127 [BENCHMARK] 1654768941211,CSR
glCanvas.js:1127 [BENCHMARK] 1654768941213,CSR
glCanvas.js:1127 [BENCHMARK] 1654768941224,CSR
glCanvas.js:1127 [BENCHMARK] 1654768941225,CSR
glCanvas.js:1127 [BENCHMARK] 1654768941237,CSR
glCanvas.js:1127 [BENCHMARK] 1654768941239,CSR
glCanvas.js:1127 [BENCHMARK] 1654768941250,CSR
glCanvas.js:1127 [BENCHMARK] 1654768941252,CSR
glCanvas.js:1127 [BENCHMARK] 1654768941263,CSR
glCanvas.js:1127 [BENCHMARK] 1654768941265,CSR
glCanvas.js:1127 [BENCHMARK] 1654768941277,CSR
glCanvas.js:1127 [BENCHMARK] 1654768941278,CSR
glCanvas.js:1127 [BENCHMARK] 1654768941289,CSR
glCanvas.js:1127 [BENCHMARK] 1654768941290,CSR
glCanvas.js:1127 [BENCHMARK] 1654768941302,CSR
glCanvas.js:1127 [BENCHMARK] 1654768941304,CSR
glCanvas.js:1127 [BENCHMARK] 1654768941315,CSR
glCanvas.js:1127 [BENCHMARK] 1654768941315,CSR
glCanvas.js:1127 [BENCHMARK] 1654768941328,CSR
glCanvas.js:1127 [BENCHMARK] 1654768941329,CSR
glCanvas.js:1127 [BENCHMARK] 1654768941585,CSR
glCanvas.js:1127 [BENCHMARK] 1654768942593,CSR
glCanvas.js:1127 [BENCHMARK] 1654768944348,CSR
glCanvas.js:1127 [BENCHMARK] 1654768944366,CSR
glCanvas.js:1127 [BENCHMARK] 1654768944374,CSR
glCanvas.js:1127 [BENCHMARK] 1654768944385,CSR
glCanvas.js:1127 [BENCHMARK] 1654768944398,CSR
glCanvas.js:1127 [BENCHMARK] 1654768944411,CSR
glCanvas.js:1127 [BENCHMARK] 1654768944423,CSR
glCanvas.js:1127 [BENCHMARK] 1654768944436,CSR
glCanvas.js:1127 [BENCHMARK] 1654768944448,CSR
glCanvas.js:1127 [BENCHMARK] 1654768944461,CSR
glCanvas.js:1127 [BENCHMARK] 1654768944713,CSR
glCanvas.js:1127 [BENCHMARK] 1654768945721,CSR
glCanvas.js:1127 [BENCHMARK] 1654768946483,CSR
glCanvas.js:1127 [BENCHMARK] 1654768946552,CSR
glCanvas.js:1127 [BENCHMARK] 1654768946625,CSR
glCanvas.js:1127 [BENCHMARK] 1654768946697,CSR
glCanvas.js:1127 [BENCHMARK] 1654768946768,CSR
glCanvas.js:1127 [BENCHMARK] 1654768946840,CSR
glCanvas.js:1127 [BENCHMARK] 1654768946912,CSR
glCanvas.js:1127 [BENCHMARK] 1654768946983,CSR
glCanvas.js:1127 [BENCHMARK] 1654768947053,CSR
glCanvas.js:1127 [BENCHMARK] 1654768947124,CSR
glCanvas.js:1127 [BENCHMARK] 1654768947377,CSR
glCanvas.js:1127 [BENCHMARK] 1654768947404,CSR
glCanvas.js:1127 [BENCHMARK] 1654768947506,CSR
glCanvas.js:1127 [BENCHMARK] 1654768947608,CSR
glCanvas.js:1127 [BENCHMARK] 1654768947710,CSR
glCanvas.js:1127 [BENCHMARK] 1654768947811,CSR
glCanvas.js:1127 [BENCHMARK] 1654768948065,CSR
glCanvas.js:1127 [BENCHMARK] 1654768949073,CSR
