glCanvas.js:1107 [BENCHMARK] 1654768554978,X
glCanvas.js:1107 [BENCHMARK] 1654768554985,X
glCanvas.js:1107 [BENCHMARK] 1654768554990,X
glCanvas.js:1107 [BENCHMARK] 1654768555269,X
glCanvas.js:1107 [BENCHMARK] 1654768555617,X
glCanvas.js:1107 [BENCHMARK] 1654768555667,X
glCanvas.js:1107 [BENCHMARK] 1654768555669,X
glCanvas.js:1107 [BENCHMARK] 1654768555672,X
glCanvas.js:1107 [BENCHMARK] 1654768555674,X
glCanvas.js:1107 [BENCHMARK] 1654768555677,X
glCanvas.js:1107 [BENCHMARK] 1654768555679,X
glCanvas.js:1107 [BENCHMARK] 1654768555843,X
glCanvas.js:1107 [BENCHMARK] 1654768555923,X
glCanvas.js:1107 [BENCHMARK] 1654768556027,X
glCanvas.js:1127 [BENCHMARK] 1654768556041,SSR
manager.js:159 [BENCHMARK] 1654768556828,firstRender
glCanvas.js:1127 [BENCHMARK] 1654768556837,SSR
glCanvas.js:1127 [BENCHMARK] 1654768556839,CSR
glCanvas.js:1127 [BENCHMARK] 1654768556841,CSR
glCanvas.js:1127 [BENCHMARK] 1654768556844,CSR
glCanvas.js:1127 [BENCHMARK] 1654768556867,CSR
glCanvas.js:1127 [BENCHMARK] 1654768556870,CSR
glCanvas.js:1127 [BENCHMARK] 1654768556922,CSR
glCanvas.js:1127 [BENCHMARK] 1654768556924,CSR
glCanvas.js:1127 [BENCHMARK] 1654768556926,CSR
glCanvas.js:1127 [BENCHMARK] 1654768556929,CSR
glCanvas.js:1127 [BENCHMARK] 1654768556942,CSR
glCanvas.js:1127 [BENCHMARK] 1654768557125,CSR
glCanvas.js:1127 [BENCHMARK] 1654768557162,CSR
glCanvas.js:1127 [BENCHMARK] 1654768557197,CSR
glCanvas.js:1127 [BENCHMARK] 1654768557232,CSR
glCanvas.js:1127 [BENCHMARK] 1654768557267,CSR
glCanvas.js:1127 [BENCHMARK] 1654768557305,CSR
glCanvas.js:1127 [BENCHMARK] 1654768557342,CSR
glCanvas.js:1127 [BENCHMARK] 1654768557382,CSR
glCanvas.js:1127 [BENCHMARK] 1654768557422,CSR
glCanvas.js:1127 [BENCHMARK] 1654768557461,CSR
glCanvas.js:1127 [BENCHMARK] 1654768557512,CSR
glCanvas.js:1127 [BENCHMARK] 1654768557551,CSR
glCanvas.js:1127 [BENCHMARK] 1654768557655,CSR
glCanvas.js:1127 [BENCHMARK] 1654768557702,CSR
glCanvas.js:1127 [BENCHMARK] 1654768557751,CSR
glCanvas.js:1127 [BENCHMARK] 1654768557806,CSR
glCanvas.js:1127 [BENCHMARK] 1654768557861,CSR
glCanvas.js:1127 [BENCHMARK] 1654768557910,CSR
glCanvas.js:1127 [BENCHMARK] 1654768557975,CSR
glCanvas.js:1127 [BENCHMARK] 1654768558044,CSR
glCanvas.js:1127 [BENCHMARK] 1654768558050,CSR
glCanvas.js:1127 [BENCHMARK] 1654768558051,CSR
glCanvas.js:1127 [BENCHMARK] 1654768558074,CSR
glCanvas.js:1127 [BENCHMARK] 1654768558075,CSR
glCanvas.js:1127 [BENCHMARK] 1654768558089,CSR
glCanvas.js:1127 [BENCHMARK] 1654768558090,CSR
glCanvas.js:1127 [BENCHMARK] 1654768558103,CSR
glCanvas.js:1127 [BENCHMARK] 1654768558104,CSR
glCanvas.js:1127 [BENCHMARK] 1654768558118,CSR
glCanvas.js:1127 [BENCHMARK] 1654768558119,CSR
glCanvas.js:1127 [BENCHMARK] 1654768558132,CSR
glCanvas.js:1127 [BENCHMARK] 1654768558133,CSR
glCanvas.js:1127 [BENCHMARK] 1654768558146,CSR
glCanvas.js:1127 [BENCHMARK] 1654768558147,CSR
glCanvas.js:1127 [BENCHMARK] 1654768558164,CSR
glCanvas.js:1127 [BENCHMARK] 1654768558166,CSR
glCanvas.js:1127 [BENCHMARK] 1654768558167,CSR
glCanvas.js:1127 [BENCHMARK] 1654768558172,CSR
glCanvas.js:1127 [BENCHMARK] 1654768558173,CSR
glCanvas.js:1127 [BENCHMARK] 1654768558186,CSR
glCanvas.js:1127 [BENCHMARK] 1654768558187,CSR
glCanvas.js:1127 [BENCHMARK] 1654768558407,CSR
glCanvas.js:1127 [BENCHMARK] 1654768558409,CSR
glCanvas.js:1127 [BENCHMARK] 1654768558418,CSR
glCanvas.js:1127 [BENCHMARK] 1654768558419,CSR
glCanvas.js:1127 [BENCHMARK] 1654768558431,CSR
glCanvas.js:1127 [BENCHMARK] 1654768558432,CSR
glCanvas.js:1127 [BENCHMARK] 1654768558443,CSR
glCanvas.js:1127 [BENCHMARK] 1654768558444,CSR
glCanvas.js:1127 [BENCHMARK] 1654768558456,CSR
glCanvas.js:1127 [BENCHMARK] 1654768558457,CSR
glCanvas.js:1127 [BENCHMARK] 1654768558470,CSR
glCanvas.js:1127 [BENCHMARK] 1654768558471,CSR
glCanvas.js:1127 [BENCHMARK] 1654768558482,CSR
glCanvas.js:1127 [BENCHMARK] 1654768558483,CSR
glCanvas.js:1127 [BENCHMARK] 1654768558494,CSR
glCanvas.js:1127 [BENCHMARK] 1654768558496,CSR
glCanvas.js:1127 [BENCHMARK] 1654768558507,CSR
glCanvas.js:1127 [BENCHMARK] 1654768558508,CSR
glCanvas.js:1127 [BENCHMARK] 1654768558520,CSR
glCanvas.js:1127 [BENCHMARK] 1654768558521,CSR
glCanvas.js:1127 [BENCHMARK] 1654768558741,SSR
glCanvas.js:1127 [BENCHMARK] 1654768558743,SSR
glCanvas.js:1127 [BENCHMARK] 1654768558756,CSR
glCanvas.js:1127 [BENCHMARK] 1654768558759,CSR
glCanvas.js:1127 [BENCHMARK] 1654768558769,CSR
glCanvas.js:1127 [BENCHMARK] 1654768558772,CSR
glCanvas.js:1127 [BENCHMARK] 1654768558782,CSR
glCanvas.js:1127 [BENCHMARK] 1654768558784,CSR
glCanvas.js:1127 [BENCHMARK] 1654768558796,CSR
glCanvas.js:1127 [BENCHMARK] 1654768558803,CSR
glCanvas.js:1127 [BENCHMARK] 1654768558808,CSR
glCanvas.js:1127 [BENCHMARK] 1654768558810,CSR
glCanvas.js:1127 [BENCHMARK] 1654768558821,CSR
glCanvas.js:1127 [BENCHMARK] 1654768558823,CSR
glCanvas.js:1127 [BENCHMARK] 1654768558834,CSR
glCanvas.js:1127 [BENCHMARK] 1654768558835,CSR
glCanvas.js:1107 [BENCHMARK] 1654768558846,X
glCanvas.js:1107 [BENCHMARK] 1654768558847,X
glCanvas.js:1107 [BENCHMARK] 1654768558859,X
glCanvas.js:1107 [BENCHMARK] 1654768558860,X
glCanvas.js:1107 [BENCHMARK] 1654768559081,X
glCanvas.js:1107 [BENCHMARK] 1654768559083,X
glCanvas.js:1107 [BENCHMARK] 1654768559087,X
glCanvas.js:1107 [BENCHMARK] 1654768559088,X
glCanvas.js:1107 [BENCHMARK] 1654768559093,X
glCanvas.js:1107 [BENCHMARK] 1654768559094,X
glCanvas.js:1107 [BENCHMARK] 1654768559098,X
glCanvas.js:1107 [BENCHMARK] 1654768559099,X
glCanvas.js:1107 [BENCHMARK] 1654768559104,X
glCanvas.js:1107 [BENCHMARK] 1654768559104,X
glCanvas.js:1107 [BENCHMARK] 1654768559110,X
glCanvas.js:1107 [BENCHMARK] 1654768559110,X
glCanvas.js:1107 [BENCHMARK] 1654768559115,X
glCanvas.js:1107 [BENCHMARK] 1654768559116,X
glCanvas.js:1107 [BENCHMARK] 1654768559120,X
glCanvas.js:1107 [BENCHMARK] 1654768559121,X
glCanvas.js:1107 [BENCHMARK] 1654768559126,X
glCanvas.js:1107 [BENCHMARK] 1654768559127,X
glCanvas.js:1107 [BENCHMARK] 1654768559132,X
glCanvas.js:1107 [BENCHMARK] 1654768559133,X
glCanvas.js:1107 [BENCHMARK] 1654768559342,X
glCanvas.js:1107 [BENCHMARK] 1654768559342,X
glCanvas.js:1107 [BENCHMARK] 1654768559347,X
glCanvas.js:1107 [BENCHMARK] 1654768559348,X
glCanvas.js:1127 [BENCHMARK] 1654768559353,SSR
glCanvas.js:1127 [BENCHMARK] 1654768559354,SSR
glCanvas.js:1107 [BENCHMARK] 1654768559358,X
glCanvas.js:1107 [BENCHMARK] 1654768559359,X
glCanvas.js:1107 [BENCHMARK] 1654768559364,X
glCanvas.js:1107 [BENCHMARK] 1654768559365,X
glCanvas.js:1107 [BENCHMARK] 1654768559369,X
glCanvas.js:1107 [BENCHMARK] 1654768559370,X
glCanvas.js:1107 [BENCHMARK] 1654768559375,X
glCanvas.js:1107 [BENCHMARK] 1654768559375,X
glCanvas.js:1107 [BENCHMARK] 1654768559393,X
glCanvas.js:1107 [BENCHMARK] 1654768559394,X
glCanvas.js:1107 [BENCHMARK] 1654768559395,X
glCanvas.js:1107 [BENCHMARK] 1654768559395,X
glCanvas.js:1107 [BENCHMARK] 1654768559396,X
glCanvas.js:1107 [BENCHMARK] 1654768559396,X
glCanvas.js:1107 [BENCHMARK] 1654768559720,X
glCanvas.js:1127 [BENCHMARK] 1654768560018,SSR
glCanvas.js:1127 [BENCHMARK] 1654768560031,CSR
glCanvas.js:1127 [BENCHMARK] 1654768560034,CSR
glCanvas.js:1127 [BENCHMARK] 1654768560037,CSR
glCanvas.js:1127 [BENCHMARK] 1654768560038,CSR
glCanvas.js:1127 [BENCHMARK] 1654768560055,CSR
glCanvas.js:1127 [BENCHMARK] 1654768560057,CSR
glCanvas.js:1127 [BENCHMARK] 1654768560059,CSR
glCanvas.js:1127 [BENCHMARK] 1654768560083,CSR
glCanvas.js:1127 [BENCHMARK] 1654768560087,CSR
glCanvas.js:1127 [BENCHMARK] 1654768560218,CSR
glCanvas.js:1127 [BENCHMARK] 1654768560240,CSR
glCanvas.js:1127 [BENCHMARK] 1654768560250,CSR
glCanvas.js:1127 [BENCHMARK] 1654768560252,CSR
glCanvas.js:1127 [BENCHMARK] 1654768560254,CSR
glCanvas.js:1127 [BENCHMARK] 1654768560283,CSR
glCanvas.js:1127 [BENCHMARK] 1654768560284,CSR
glCanvas.js:1127 [BENCHMARK] 1654768560285,CSR
glCanvas.js:1127 [BENCHMARK] 1654768560301,CSR
glCanvas.js:1127 [BENCHMARK] 1654768560303,CSR
glCanvas.js:1127 [BENCHMARK] 1654768560437,CSR
glCanvas.js:1127 [BENCHMARK] 1654768560455,CSR
glCanvas.js:1127 [BENCHMARK] 1654768560471,CSR
glCanvas.js:1127 [BENCHMARK] 1654768560475,CSR
glCanvas.js:1127 [BENCHMARK] 1654768560477,CSR
glCanvas.js:1127 [BENCHMARK] 1654768560495,CSR
glCanvas.js:1127 [BENCHMARK] 1654768560498,CSR
glCanvas.js:1127 [BENCHMARK] 1654768560500,CSR
glCanvas.js:1127 [BENCHMARK] 1654768560507,CSR
glCanvas.js:1127 [BENCHMARK] 1654768560523,CSR
glCanvas.js:1127 [BENCHMARK] 1654768560654,CSR
glCanvas.js:1127 [BENCHMARK] 1654768560671,CSR
glCanvas.js:1127 [BENCHMARK] 1654768560689,CSR
glCanvas.js:1127 [BENCHMARK] 1654768560692,CSR
glCanvas.js:1127 [BENCHMARK] 1654768560694,CSR
glCanvas.js:1127 [BENCHMARK] 1654768560702,CSR
glCanvas.js:1127 [BENCHMARK] 1654768560710,CSR
glCanvas.js:1127 [BENCHMARK] 1654768560712,CSR
glCanvas.js:1127 [BENCHMARK] 1654768560733,CSR
glCanvas.js:1127 [BENCHMARK] 1654768560736,CSR
glCanvas.js:1127 [BENCHMARK] 1654768560770,CSR
glCanvas.js:1127 [BENCHMARK] 1654768560954,CSR
glCanvas.js:1127 [BENCHMARK] 1654768560959,CSR
glCanvas.js:1127 [BENCHMARK] 1654768560962,CSR
glCanvas.js:1127 [BENCHMARK] 1654768560967,CSR
glCanvas.js:1127 [BENCHMARK] 1654768560980,CSR
glCanvas.js:1127 [BENCHMARK] 1654768560983,CSR
glCanvas.js:1127 [BENCHMARK] 1654768560988,CSR
glCanvas.js:1127 [BENCHMARK] 1654768561018,CSR
glCanvas.js:1127 [BENCHMARK] 1654768561022,CSR
glCanvas.js:1127 [BENCHMARK] 1654768561025,CSR
glCanvas.js:1127 [BENCHMARK] 1654768561041,CSR
glCanvas.js:1127 [BENCHMARK] 1654768561048,CSR
glCanvas.js:1127 [BENCHMARK] 1654768561050,CSR
glCanvas.js:1127 [BENCHMARK] 1654768561053,CSR
glCanvas.js:1127 [BENCHMARK] 1654768561074,CSR
glCanvas.js:1127 [BENCHMARK] 1654768561079,CSR
glCanvas.js:1127 [BENCHMARK] 1654768561110,CSR
glCanvas.js:1127 [BENCHMARK] 1654768561127,CSR
glCanvas.js:1127 [BENCHMARK] 1654768561130,CSR
glCanvas.js:1127 [BENCHMARK] 1654768561135,CSR
glCanvas.js:1127 [BENCHMARK] 1654768561178,CSR
glCanvas.js:1127 [BENCHMARK] 1654768561181,CSR
filmbox2.js:1550 [BENCHMARK] 1654768561183,fullLoad
glCanvas.js:1127 [BENCHMARK] 1654768561415,CSR
glCanvas.js:1127 [BENCHMARK] 1654768561416,CSR
glCanvas.js:1127 [BENCHMARK] 1654768561419,CSR
glCanvas.js:1127 [BENCHMARK] 1654768561420,CSR
glCanvas.js:1127 [BENCHMARK] 1654768561436,CSR
glCanvas.js:1127 [BENCHMARK] 1654768561438,CSR
glCanvas.js:1127 [BENCHMARK] 1654768561443,CSR
glCanvas.js:1127 [BENCHMARK] 1654768561445,CSR
glCanvas.js:1127 [BENCHMARK] 1654768561457,CSR
glCanvas.js:1127 [BENCHMARK] 1654768561458,CSR
glCanvas.js:1127 [BENCHMARK] 1654768561469,CSR
glCanvas.js:1127 [BENCHMARK] 1654768561470,CSR
glCanvas.js:1127 [BENCHMARK] 1654768561484,CSR
glCanvas.js:1127 [BENCHMARK] 1654768561485,CSR
glCanvas.js:1127 [BENCHMARK] 1654768561494,CSR
glCanvas.js:1127 [BENCHMARK] 1654768561495,CSR
glCanvas.js:1127 [BENCHMARK] 1654768561507,CSR
glCanvas.js:1127 [BENCHMARK] 1654768561508,CSR
glCanvas.js:1127 [BENCHMARK] 1654768561519,CSR
glCanvas.js:1127 [BENCHMARK] 1654768561521,CSR
glCanvas.js:1127 [BENCHMARK] 1654768561740,CSR
glCanvas.js:1127 [BENCHMARK] 1654768561742,CSR
glCanvas.js:1127 [BENCHMARK] 1654768561745,CSR
glCanvas.js:1127 [BENCHMARK] 1654768561747,CSR
glCanvas.js:1127 [BENCHMARK] 1654768561752,CSR
glCanvas.js:1127 [BENCHMARK] 1654768561754,CSR
glCanvas.js:1127 [BENCHMARK] 1654768561757,CSR
glCanvas.js:1127 [BENCHMARK] 1654768561759,CSR
glCanvas.js:1127 [BENCHMARK] 1654768561766,CSR
glCanvas.js:1127 [BENCHMARK] 1654768561767,CSR
glCanvas.js:1127 [BENCHMARK] 1654768561798,CSR
glCanvas.js:1127 [BENCHMARK] 1654768561800,CSR
glCanvas.js:1127 [BENCHMARK] 1654768561802,CSR
glCanvas.js:1127 [BENCHMARK] 1654768561803,CSR
glCanvas.js:1127 [BENCHMARK] 1654768561806,CSR
glCanvas.js:1127 [BENCHMARK] 1654768561807,CSR
glCanvas.js:1127 [BENCHMARK] 1654768561809,CSR
glCanvas.js:1127 [BENCHMARK] 1654768561810,CSR
glCanvas.js:1127 [BENCHMARK] 1654768561813,CSR
glCanvas.js:1127 [BENCHMARK] 1654768561814,CSR
glCanvas.js:1127 [BENCHMARK] 1654768562065,CSR
glCanvas.js:1127 [BENCHMARK] 1654768562809,CSR
glCanvas.js:1127 [BENCHMARK] 1654768562814,CSR
glCanvas.js:1127 [BENCHMARK] 1654768562819,CSR
glCanvas.js:1127 [BENCHMARK] 1654768562825,CSR
glCanvas.js:1127 [BENCHMARK] 1654768562833,CSR
glCanvas.js:1127 [BENCHMARK] 1654768562836,CSR
glCanvas.js:1127 [BENCHMARK] 1654768562841,CSR
glCanvas.js:1127 [BENCHMARK] 1654768562847,CSR
glCanvas.js:1127 [BENCHMARK] 1654768562853,CSR
glCanvas.js:1127 [BENCHMARK] 1654768562858,CSR
glCanvas.js:1127 [BENCHMARK] 1654768562864,CSR
glCanvas.js:1127 [BENCHMARK] 1654768562869,CSR
glCanvas.js:1127 [BENCHMARK] 1654768562891,CSR
glCanvas.js:1127 [BENCHMARK] 1654768563089,CSR
glCanvas.js:1127 [BENCHMARK] 1654768563095,CSR
glCanvas.js:1127 [BENCHMARK] 1654768563102,CSR
glCanvas.js:1127 [BENCHMARK] 1654768563108,CSR
glCanvas.js:1127 [BENCHMARK] 1654768563113,CSR
glCanvas.js:1127 [BENCHMARK] 1654768563119,CSR
glCanvas.js:1127 [BENCHMARK] 1654768563124,CSR
glCanvas.js:1127 [BENCHMARK] 1654768563129,CSR
glCanvas.js:1127 [BENCHMARK] 1654768563162,CSR
glCanvas.js:1127 [BENCHMARK] 1654768563164,CSR
glCanvas.js:1127 [BENCHMARK] 1654768563167,CSR
glCanvas.js:1127 [BENCHMARK] 1654768563169,CSR
glCanvas.js:1127 [BENCHMARK] 1654768563171,CSR
glCanvas.js:1127 [BENCHMARK] 1654768563375,CSR
glCanvas.js:1127 [BENCHMARK] 1654768563391,CSR
glCanvas.js:1127 [BENCHMARK] 1654768563404,CSR
glCanvas.js:1127 [BENCHMARK] 1654768563417,CSR
glCanvas.js:1127 [BENCHMARK] 1654768563430,CSR
glCanvas.js:1127 [BENCHMARK] 1654768563443,CSR
glCanvas.js:1127 [BENCHMARK] 1654768563456,CSR
glCanvas.js:1127 [BENCHMARK] 1654768563470,CSR
glCanvas.js:1127 [BENCHMARK] 1654768563482,CSR
glCanvas.js:1127 [BENCHMARK] 1654768563496,CSR
glCanvas.js:1127 [BENCHMARK] 1654768563717,CSR
glCanvas.js:1127 [BENCHMARK] 1654768563730,CSR
glCanvas.js:1127 [BENCHMARK] 1654768563743,CSR
glCanvas.js:1127 [BENCHMARK] 1654768563756,CSR
glCanvas.js:1127 [BENCHMARK] 1654768563770,CSR
glCanvas.js:1127 [BENCHMARK] 1654768563783,CSR
glCanvas.js:1127 [BENCHMARK] 1654768563797,CSR
glCanvas.js:1127 [BENCHMARK] 1654768563810,CSR
glCanvas.js:1127 [BENCHMARK] 1654768563823,CSR
glCanvas.js:1127 [BENCHMARK] 1654768563838,CSR
glCanvas.js:1127 [BENCHMARK] 1654768564089,CSR
glCanvas.js:1127 [BENCHMARK] 1654768565097,CSR
glCanvas.js:1127 [BENCHMARK] 1654768565861,CSR
glCanvas.js:1127 [BENCHMARK] 1654768565862,CSR
glCanvas.js:1127 [BENCHMARK] 1654768565865,CSR
glCanvas.js:1127 [BENCHMARK] 1654768565867,CSR
glCanvas.js:1127 [BENCHMARK] 1654768565870,CSR
glCanvas.js:1127 [BENCHMARK] 1654768565872,CSR
glCanvas.js:1127 [BENCHMARK] 1654768565902,CSR
glCanvas.js:1127 [BENCHMARK] 1654768565904,CSR
glCanvas.js:1127 [BENCHMARK] 1654768565906,CSR
glCanvas.js:1127 [BENCHMARK] 1654768565908,CSR
glCanvas.js:1127 [BENCHMARK] 1654768565910,CSR
glCanvas.js:1127 [BENCHMARK] 1654768565911,CSR
glCanvas.js:1127 [BENCHMARK] 1654768565912,CSR
glCanvas.js:1127 [BENCHMARK] 1654768565913,CSR
glCanvas.js:1127 [BENCHMARK] 1654768565913,CSR
glCanvas.js:1127 [BENCHMARK] 1654768565914,CSR
glCanvas.js:1127 [BENCHMARK] 1654768565915,CSR
glCanvas.js:1127 [BENCHMARK] 1654768565916,CSR
glCanvas.js:1127 [BENCHMARK] 1654768565917,CSR
glCanvas.js:1127 [BENCHMARK] 1654768565918,CSR
glCanvas.js:1127 [BENCHMARK] 1654768566126,CSR
glCanvas.js:1127 [BENCHMARK] 1654768566127,CSR
glCanvas.js:1127 [BENCHMARK] 1654768566132,CSR
glCanvas.js:1127 [BENCHMARK] 1654768566134,CSR
glCanvas.js:1127 [BENCHMARK] 1654768566137,CSR
glCanvas.js:1127 [BENCHMARK] 1654768566139,CSR
glCanvas.js:1127 [BENCHMARK] 1654768566145,CSR
glCanvas.js:1127 [BENCHMARK] 1654768566146,CSR
glCanvas.js:1127 [BENCHMARK] 1654768566150,CSR
glCanvas.js:1127 [BENCHMARK] 1654768566151,CSR
glCanvas.js:1127 [BENCHMARK] 1654768566155,CSR
glCanvas.js:1127 [BENCHMARK] 1654768566156,CSR
glCanvas.js:1127 [BENCHMARK] 1654768566191,CSR
glCanvas.js:1127 [BENCHMARK] 1654768566192,CSR
glCanvas.js:1127 [BENCHMARK] 1654768566194,CSR
glCanvas.js:1127 [BENCHMARK] 1654768566195,CSR
glCanvas.js:1127 [BENCHMARK] 1654768566196,CSR
glCanvas.js:1127 [BENCHMARK] 1654768566196,CSR
glCanvas.js:1127 [BENCHMARK] 1654768566197,CSR
glCanvas.js:1127 [BENCHMARK] 1654768566197,CSR
glCanvas.js:1127 [BENCHMARK] 1654768566402,CSR
glCanvas.js:1127 [BENCHMARK] 1654768566404,CSR
glCanvas.js:1127 [BENCHMARK] 1654768566409,CSR
glCanvas.js:1127 [BENCHMARK] 1654768566411,CSR
glCanvas.js:1127 [BENCHMARK] 1654768566414,CSR
glCanvas.js:1127 [BENCHMARK] 1654768566417,CSR
glCanvas.js:1127 [BENCHMARK] 1654768566421,CSR
glCanvas.js:1127 [BENCHMARK] 1654768566422,CSR
glCanvas.js:1127 [BENCHMARK] 1654768566425,CSR
glCanvas.js:1127 [BENCHMARK] 1654768566425,CSR
glCanvas.js:1127 [BENCHMARK] 1654768566431,CSR
glCanvas.js:1127 [BENCHMARK] 1654768566432,CSR
glCanvas.js:1127 [BENCHMARK] 1654768566451,CSR
glCanvas.js:1127 [BENCHMARK] 1654768566453,CSR
glCanvas.js:1127 [BENCHMARK] 1654768566456,CSR
glCanvas.js:1127 [BENCHMARK] 1654768566457,CSR
glCanvas.js:1127 [BENCHMARK] 1654768566459,CSR
glCanvas.js:1127 [BENCHMARK] 1654768566461,CSR
glCanvas.js:1127 [BENCHMARK] 1654768566463,CSR
glCanvas.js:1127 [BENCHMARK] 1654768566464,CSR
glCanvas.js:1127 [BENCHMARK] 1654768566669,CSR
glCanvas.js:1127 [BENCHMARK] 1654768566671,CSR
glCanvas.js:1127 [BENCHMARK] 1654768566675,CSR
glCanvas.js:1127 [BENCHMARK] 1654768566678,CSR
glCanvas.js:1127 [BENCHMARK] 1654768566681,CSR
glCanvas.js:1127 [BENCHMARK] 1654768566683,CSR
glCanvas.js:1127 [BENCHMARK] 1654768566687,CSR
glCanvas.js:1127 [BENCHMARK] 1654768566688,CSR
glCanvas.js:1127 [BENCHMARK] 1654768566692,CSR
glCanvas.js:1127 [BENCHMARK] 1654768566693,CSR
glCanvas.js:1127 [BENCHMARK] 1654768566698,CSR
glCanvas.js:1127 [BENCHMARK] 1654768566698,CSR
glCanvas.js:1127 [BENCHMARK] 1654768566723,CSR
glCanvas.js:1127 [BENCHMARK] 1654768566724,CSR
glCanvas.js:1127 [BENCHMARK] 1654768566725,CSR
glCanvas.js:1127 [BENCHMARK] 1654768566726,CSR
glCanvas.js:1127 [BENCHMARK] 1654768566726,CSR
glCanvas.js:1127 [BENCHMARK] 1654768566727,CSR
glCanvas.js:1127 [BENCHMARK] 1654768566728,CSR
glCanvas.js:1127 [BENCHMARK] 1654768566728,CSR
glCanvas.js:1127 [BENCHMARK] 1654768566730,CSR
glCanvas.js:1127 [BENCHMARK] 1654768566731,CSR
glCanvas.js:1127 [BENCHMARK] 1654768566732,CSR
glCanvas.js:1127 [BENCHMARK] 1654768566733,CSR
glCanvas.js:1127 [BENCHMARK] 1654768566945,CSR
glCanvas.js:1127 [BENCHMARK] 1654768566947,CSR
glCanvas.js:1127 [BENCHMARK] 1654768566952,CSR
glCanvas.js:1127 [BENCHMARK] 1654768566954,CSR
glCanvas.js:1127 [BENCHMARK] 1654768566958,CSR
glCanvas.js:1127 [BENCHMARK] 1654768566960,CSR
glCanvas.js:1127 [BENCHMARK] 1654768566963,CSR
glCanvas.js:1127 [BENCHMARK] 1654768566965,CSR
glCanvas.js:1127 [BENCHMARK] 1654768566986,CSR
glCanvas.js:1127 [BENCHMARK] 1654768566987,CSR
glCanvas.js:1127 [BENCHMARK] 1654768566988,CSR
glCanvas.js:1127 [BENCHMARK] 1654768566989,CSR
glCanvas.js:1127 [BENCHMARK] 1654768566990,CSR
glCanvas.js:1127 [BENCHMARK] 1654768566990,CSR
glCanvas.js:1127 [BENCHMARK] 1654768566991,CSR
glCanvas.js:1127 [BENCHMARK] 1654768566992,CSR
glCanvas.js:1127 [BENCHMARK] 1654768566993,CSR
glCanvas.js:1127 [BENCHMARK] 1654768566994,CSR
glCanvas.js:1127 [BENCHMARK] 1654768566996,CSR
glCanvas.js:1127 [BENCHMARK] 1654768566997,CSR
glCanvas.js:1127 [BENCHMARK] 1654768567002,CSR
glCanvas.js:1127 [BENCHMARK] 1654768567003,CSR
glCanvas.js:1127 [BENCHMARK] 1654768567007,CSR
glCanvas.js:1127 [BENCHMARK] 1654768567008,CSR
glCanvas.js:1127 [BENCHMARK] 1654768567265,CSR
glCanvas.js:1127 [BENCHMARK] 1654768568273,CSR
