glCanvas.js:1107 [BENCHMARK] 1654767751846,X
glCanvas.js:1107 [BENCHMARK] 1654767751852,X
glCanvas.js:1107 [BENCHMARK] 1654767751856,X
glCanvas.js:1107 [BENCHMARK] 1654767752109,X
glCanvas.js:1107 [BENCHMARK] 1654767752306,X
glCanvas.js:1107 [BENCHMARK] 1654767752374,X
glCanvas.js:1107 [BENCHMARK] 1654767752376,X
glCanvas.js:1107 [BENCHMARK] 1654767752380,X
glCanvas.js:1107 [BENCHMARK] 1654767752382,X
glCanvas.js:1107 [BENCHMARK] 1654767752386,X
glCanvas.js:1107 [BENCHMARK] 1654767752388,X
glCanvas.js:1107 [BENCHMARK] 1654767752691,X
glCanvas.js:1107 [BENCHMARK] 1654767752752,X
glCanvas.js:1127 [BENCHMARK] 1654767752767,SSR
manager.js:159 [BENCHMARK] 1654767756558,firstRender
glCanvas.js:1127 [BENCHMARK] 1654767756575,CSR
glCanvas.js:1127 [BENCHMARK] 1654767756579,CSR
glCanvas.js:1127 [BENCHMARK] 1654767756582,CSR
glCanvas.js:1127 [BENCHMARK] 1654767756594,CSR
glCanvas.js:1127 [BENCHMARK] 1654767756598,CSR
glCanvas.js:1127 [BENCHMARK] 1654767756602,CSR
glCanvas.js:1127 [BENCHMARK] 1654767756625,CSR
glCanvas.js:1127 [BENCHMARK] 1654767756655,CSR
glCanvas.js:1127 [BENCHMARK] 1654767756657,CSR
glCanvas.js:1127 [BENCHMARK] 1654767756659,CSR
glCanvas.js:1127 [BENCHMARK] 1654767756662,CSR
glCanvas.js:1127 [BENCHMARK] 1654767756675,CSR
glCanvas.js:1127 [BENCHMARK] 1654767756837,CSR
glCanvas.js:1127 [BENCHMARK] 1654767756872,CSR
glCanvas.js:1127 [BENCHMARK] 1654767756931,CSR
glCanvas.js:1127 [BENCHMARK] 1654767756966,CSR
glCanvas.js:1127 [BENCHMARK] 1654767757003,CSR
glCanvas.js:1127 [BENCHMARK] 1654767757045,CSR
glCanvas.js:1127 [BENCHMARK] 1654767757084,CSR
glCanvas.js:1127 [BENCHMARK] 1654767757123,CSR
glCanvas.js:1127 [BENCHMARK] 1654767757165,CSR
glCanvas.js:1127 [BENCHMARK] 1654767757203,CSR
glCanvas.js:1127 [BENCHMARK] 1654767757349,CSR
glCanvas.js:1127 [BENCHMARK] 1654767757397,CSR
glCanvas.js:1127 [BENCHMARK] 1654767757498,CSR
glCanvas.js:1127 [BENCHMARK] 1654767757548,CSR
glCanvas.js:1127 [BENCHMARK] 1654767757584,CSR
glCanvas.js:1127 [BENCHMARK] 1654767757774,CSR
glCanvas.js:1127 [BENCHMARK] 1654767757777,CSR
glCanvas.js:1127 [BENCHMARK] 1654767757798,CSR
glCanvas.js:1127 [BENCHMARK] 1654767757800,CSR
glCanvas.js:1127 [BENCHMARK] 1654767757839,CSR
glCanvas.js:1127 [BENCHMARK] 1654767757852,CSR
glCanvas.js:1127 [BENCHMARK] 1654767757853,CSR
glCanvas.js:1127 [BENCHMARK] 1654767757883,CSR
glCanvas.js:1127 [BENCHMARK] 1654767757885,CSR
glCanvas.js:1127 [BENCHMARK] 1654767757886,CSR
glCanvas.js:1127 [BENCHMARK] 1654767757915,CSR
glCanvas.js:1127 [BENCHMARK] 1654767757916,CSR
glCanvas.js:1127 [BENCHMARK] 1654767757920,CSR
glCanvas.js:1127 [BENCHMARK] 1654767757946,CSR
glCanvas.js:1127 [BENCHMARK] 1654767757947,CSR
glCanvas.js:1127 [BENCHMARK] 1654767757958,CSR
glCanvas.js:1127 [BENCHMARK] 1654767757977,CSR
glCanvas.js:1127 [BENCHMARK] 1654767757978,CSR
glCanvas.js:1127 [BENCHMARK] 1654767758008,CSR
glCanvas.js:1127 [BENCHMARK] 1654767758008,CSR
glCanvas.js:1127 [BENCHMARK] 1654767758038,CSR
glCanvas.js:1127 [BENCHMARK] 1654767758039,CSR
glCanvas.js:1127 [BENCHMARK] 1654767758069,CSR
glCanvas.js:1127 [BENCHMARK] 1654767758070,CSR
glCanvas.js:1127 [BENCHMARK] 1654767758095,CSR
glCanvas.js:1127 [BENCHMARK] 1654767758234,CSR
glCanvas.js:1127 [BENCHMARK] 1654767758302,CSR
glCanvas.js:1127 [BENCHMARK] 1654767758303,CSR
glCanvas.js:1127 [BENCHMARK] 1654767758335,CSR
glCanvas.js:1127 [BENCHMARK] 1654767758337,CSR
glCanvas.js:1127 [BENCHMARK] 1654767758366,CSR
glCanvas.js:1127 [BENCHMARK] 1654767758368,CSR
glCanvas.js:1127 [BENCHMARK] 1654767758397,CSR
glCanvas.js:1127 [BENCHMARK] 1654767758399,CSR
glCanvas.js:1127 [BENCHMARK] 1654767758427,CSR
glCanvas.js:1127 [BENCHMARK] 1654767758428,CSR
glCanvas.js:1127 [BENCHMARK] 1654767758458,CSR
glCanvas.js:1127 [BENCHMARK] 1654767758459,CSR
glCanvas.js:1127 [BENCHMARK] 1654767758479,CSR
glCanvas.js:1127 [BENCHMARK] 1654767758489,CSR
glCanvas.js:1127 [BENCHMARK] 1654767758490,CSR
glCanvas.js:1127 [BENCHMARK] 1654767758519,CSR
glCanvas.js:1127 [BENCHMARK] 1654767758520,CSR
glCanvas.js:1127 [BENCHMARK] 1654767758550,CSR
glCanvas.js:1127 [BENCHMARK] 1654767758551,CSR
glCanvas.js:1127 [BENCHMARK] 1654767758578,CSR
glCanvas.js:1127 [BENCHMARK] 1654767758582,CSR
glCanvas.js:1127 [BENCHMARK] 1654767758583,CSR
glCanvas.js:1127 [BENCHMARK] 1654767758672,CSR
glCanvas.js:1127 [BENCHMARK] 1654767758711,CSR
glCanvas.js:1127 [BENCHMARK] 1654767758819,CSR
glCanvas.js:1127 [BENCHMARK] 1654767758822,CSR
glCanvas.js:1127 [BENCHMARK] 1654767758851,CSR
glCanvas.js:1127 [BENCHMARK] 1654767758853,CSR
glCanvas.js:1127 [BENCHMARK] 1654767758881,CSR
glCanvas.js:1127 [BENCHMARK] 1654767758882,CSR
glCanvas.js:1127 [BENCHMARK] 1654767758910,CSR
glCanvas.js:1127 [BENCHMARK] 1654767758912,CSR
glCanvas.js:1127 [BENCHMARK] 1654767758913,CSR
glCanvas.js:1127 [BENCHMARK] 1654767758942,CSR
glCanvas.js:1127 [BENCHMARK] 1654767758943,CSR
glCanvas.js:1127 [BENCHMARK] 1654767758966,CSR
glCanvas.js:1127 [BENCHMARK] 1654767758973,CSR
glCanvas.js:1127 [BENCHMARK] 1654767758974,CSR
glCanvas.js:1127 [BENCHMARK] 1654767759003,CSR
glCanvas.js:1127 [BENCHMARK] 1654767759004,CSR
glCanvas.js:1127 [BENCHMARK] 1654767759024,CSR
glCanvas.js:1127 [BENCHMARK] 1654767759034,CSR
glCanvas.js:1127 [BENCHMARK] 1654767759035,CSR
glCanvas.js:1127 [BENCHMARK] 1654767759065,CSR
glCanvas.js:1127 [BENCHMARK] 1654767759066,CSR
glCanvas.js:1127 [BENCHMARK] 1654767759089,CSR
glCanvas.js:1127 [BENCHMARK] 1654767759095,CSR
glCanvas.js:1127 [BENCHMARK] 1654767759096,CSR
glCanvas.js:1127 [BENCHMARK] 1654767759126,CSR
glCanvas.js:1127 [BENCHMARK] 1654767759167,CSR
glCanvas.js:1127 [BENCHMARK] 1654767759205,CSR
glCanvas.js:1127 [BENCHMARK] 1654767759242,CSR
glCanvas.js:1127 [BENCHMARK] 1654767759306,CSR
glCanvas.js:1127 [BENCHMARK] 1654767759344,CSR
glCanvas.js:1127 [BENCHMARK] 1654767759381,CSR
glCanvas.js:1127 [BENCHMARK] 1654767759421,CSR
glCanvas.js:1127 [BENCHMARK] 1654767759458,CSR
glCanvas.js:1127 [BENCHMARK] 1654767759510,CSR
glCanvas.js:1127 [BENCHMARK] 1654767759559,CSR
glCanvas.js:1127 [BENCHMARK] 1654767759597,CSR
glCanvas.js:1127 [BENCHMARK] 1654767759635,CSR
glCanvas.js:1127 [BENCHMARK] 1654767759674,CSR
glCanvas.js:1127 [BENCHMARK] 1654767759711,CSR
glCanvas.js:1127 [BENCHMARK] 1654767759749,CSR
glCanvas.js:1127 [BENCHMARK] 1654767759788,CSR
glCanvas.js:1127 [BENCHMARK] 1654767759839,CSR
glCanvas.js:1127 [BENCHMARK] 1654767759875,CSR
glCanvas.js:1127 [BENCHMARK] 1654767759912,CSR
glCanvas.js:1127 [BENCHMARK] 1654767759949,CSR
glCanvas.js:1127 [BENCHMARK] 1654767760166,CSR
glCanvas.js:1127 [BENCHMARK] 1654767760172,CSR
glCanvas.js:1127 [BENCHMARK] 1654767760174,CSR
glCanvas.js:1127 [BENCHMARK] 1654767760176,CSR
glCanvas.js:1127 [BENCHMARK] 1654767760196,CSR
glCanvas.js:1127 [BENCHMARK] 1654767760199,CSR
glCanvas.js:1127 [BENCHMARK] 1654767760212,CSR
glCanvas.js:1127 [BENCHMARK] 1654767760231,CSR
glCanvas.js:1127 [BENCHMARK] 1654767760408,CSR
glCanvas.js:1127 [BENCHMARK] 1654767760413,CSR
glCanvas.js:1127 [BENCHMARK] 1654767760417,CSR
glCanvas.js:1127 [BENCHMARK] 1654767760424,CSR
glCanvas.js:1127 [BENCHMARK] 1654767760444,CSR
glCanvas.js:1127 [BENCHMARK] 1654767760455,CSR
glCanvas.js:1127 [BENCHMARK] 1654767760477,CSR
glCanvas.js:1127 [BENCHMARK] 1654767760508,CSR
glCanvas.js:1127 [BENCHMARK] 1654767760513,CSR
glCanvas.js:1127 [BENCHMARK] 1654767760533,CSR
glCanvas.js:1127 [BENCHMARK] 1654767760558,CSR
glCanvas.js:1127 [BENCHMARK] 1654767760634,CSR
glCanvas.js:1127 [BENCHMARK] 1654767760650,CSR
glCanvas.js:1127 [BENCHMARK] 1654767760684,CSR
glCanvas.js:1127 [BENCHMARK] 1654767760767,CSR
glCanvas.js:1127 [BENCHMARK] 1654767760769,CSR
glCanvas.js:1127 [BENCHMARK] 1654767760786,CSR
glCanvas.js:1127 [BENCHMARK] 1654767760835,CSR
glCanvas.js:1127 [BENCHMARK] 1654767760923,CSR
glCanvas.js:1127 [BENCHMARK] 1654767761080,CSR
glCanvas.js:1127 [BENCHMARK] 1654767761171,CSR
glCanvas.js:1127 [BENCHMARK] 1654767761205,CSR
glCanvas.js:1127 [BENCHMARK] 1654767761256,CSR
glCanvas.js:1127 [BENCHMARK] 1654767761304,CSR
glCanvas.js:1127 [BENCHMARK] 1654767761387,CSR
glCanvas.js:1127 [BENCHMARK] 1654767761421,CSR
glCanvas.js:1127 [BENCHMARK] 1654767761474,CSR
glCanvas.js:1127 [BENCHMARK] 1654767761507,CSR
glCanvas.js:1127 [BENCHMARK] 1654767761540,CSR
filmbox2.js:1537 [BENCHMARK] 1654767761541,fullLoad
glCanvas.js:1127 [BENCHMARK] 1654767763842,CSR
glCanvas.js:1127 [BENCHMARK] 1654767763844,CSR
glCanvas.js:1127 [BENCHMARK] 1654767764044,CSR
glCanvas.js:1127 [BENCHMARK] 1654767764046,CSR
glCanvas.js:1127 [BENCHMARK] 1654767764247,CSR
glCanvas.js:1127 [BENCHMARK] 1654767764248,CSR
glCanvas.js:1127 [BENCHMARK] 1654767764449,CSR
glCanvas.js:1127 [BENCHMARK] 1654767764451,CSR
glCanvas.js:1127 [BENCHMARK] 1654767764651,CSR
glCanvas.js:1127 [BENCHMARK] 1654767764653,CSR
glCanvas.js:1127 [BENCHMARK] 1654767765860,CSR
glCanvas.js:1127 [BENCHMARK] 1654767765863,CSR
glCanvas.js:1127 [BENCHMARK] 1654767765932,CSR
glCanvas.js:1127 [BENCHMARK] 1654767765934,CSR
glCanvas.js:1127 [BENCHMARK] 1654767766004,CSR
glCanvas.js:1127 [BENCHMARK] 1654767766006,CSR
glCanvas.js:1127 [BENCHMARK] 1654767766075,CSR
glCanvas.js:1127 [BENCHMARK] 1654767766077,CSR
glCanvas.js:1127 [BENCHMARK] 1654767766147,CSR
glCanvas.js:1127 [BENCHMARK] 1654767766150,CSR
glCanvas.js:1127 [BENCHMARK] 1654767766219,CSR
glCanvas.js:1127 [BENCHMARK] 1654767766221,CSR
glCanvas.js:1127 [BENCHMARK] 1654767766291,CSR
glCanvas.js:1127 [BENCHMARK] 1654767766293,CSR
glCanvas.js:1127 [BENCHMARK] 1654767768371,CSR
glCanvas.js:1127 [BENCHMARK] 1654767768373,CSR
glCanvas.js:1127 [BENCHMARK] 1654767768443,CSR
glCanvas.js:1127 [BENCHMARK] 1654767768445,CSR
glCanvas.js:1127 [BENCHMARK] 1654767768515,CSR
glCanvas.js:1127 [BENCHMARK] 1654767768516,CSR
glCanvas.js:1127 [BENCHMARK] 1654767768587,CSR
glCanvas.js:1127 [BENCHMARK] 1654767768589,CSR
glCanvas.js:1127 [BENCHMARK] 1654767768658,CSR
glCanvas.js:1127 [BENCHMARK] 1654767768660,CSR
glCanvas.js:1127 [BENCHMARK] 1654767768729,CSR
glCanvas.js:1127 [BENCHMARK] 1654767768731,CSR
glCanvas.js:1127 [BENCHMARK] 1654767768801,CSR
glCanvas.js:1127 [BENCHMARK] 1654767768803,CSR
glCanvas.js:1127 [BENCHMARK] 1654767768873,CSR
glCanvas.js:1127 [BENCHMARK] 1654767768875,CSR
glCanvas.js:1127 [BENCHMARK] 1654767768944,CSR
glCanvas.js:1127 [BENCHMARK] 1654767768946,CSR
glCanvas.js:1127 [BENCHMARK] 1654767769016,CSR
glCanvas.js:1127 [BENCHMARK] 1654767769018,CSR
glCanvas.js:1127 [BENCHMARK] 1654767769299,CSR
glCanvas.js:1127 [BENCHMARK] 1654767769301,CSR
glCanvas.js:1127 [BENCHMARK] 1654767769330,CSR
glCanvas.js:1127 [BENCHMARK] 1654767769332,CSR
glCanvas.js:1127 [BENCHMARK] 1654767769361,CSR
glCanvas.js:1127 [BENCHMARK] 1654767769363,CSR
glCanvas.js:1127 [BENCHMARK] 1654767769393,CSR
glCanvas.js:1127 [BENCHMARK] 1654767769395,CSR
glCanvas.js:1127 [BENCHMARK] 1654767769424,CSR
glCanvas.js:1127 [BENCHMARK] 1654767769425,CSR
glCanvas.js:1127 [BENCHMARK] 1654767769455,CSR
glCanvas.js:1127 [BENCHMARK] 1654767769457,CSR
glCanvas.js:1127 [BENCHMARK] 1654767769486,CSR
glCanvas.js:1127 [BENCHMARK] 1654767769487,CSR
glCanvas.js:1127 [BENCHMARK] 1654767769517,CSR
glCanvas.js:1127 [BENCHMARK] 1654767769518,CSR
glCanvas.js:1127 [BENCHMARK] 1654767769548,CSR
glCanvas.js:1127 [BENCHMARK] 1654767769551,CSR
glCanvas.js:1127 [BENCHMARK] 1654767769580,CSR
glCanvas.js:1127 [BENCHMARK] 1654767769582,CSR
glCanvas.js:1127 [BENCHMARK] 1654767769820,CSR
glCanvas.js:1127 [BENCHMARK] 1654767769823,CSR
glCanvas.js:1127 [BENCHMARK] 1654767769852,CSR
glCanvas.js:1127 [BENCHMARK] 1654767769853,CSR
glCanvas.js:1127 [BENCHMARK] 1654767769883,CSR
glCanvas.js:1127 [BENCHMARK] 1654767769885,CSR
glCanvas.js:1127 [BENCHMARK] 1654767769915,CSR
glCanvas.js:1127 [BENCHMARK] 1654767769917,CSR
glCanvas.js:1127 [BENCHMARK] 1654767769947,CSR
glCanvas.js:1127 [BENCHMARK] 1654767769948,CSR
glCanvas.js:1127 [BENCHMARK] 1654767769978,CSR
glCanvas.js:1127 [BENCHMARK] 1654767769980,CSR
glCanvas.js:1127 [BENCHMARK] 1654767770010,CSR
glCanvas.js:1127 [BENCHMARK] 1654767770012,CSR
glCanvas.js:1127 [BENCHMARK] 1654767770041,CSR
glCanvas.js:1127 [BENCHMARK] 1654767770043,CSR
glCanvas.js:1127 [BENCHMARK] 1654767770073,CSR
glCanvas.js:1127 [BENCHMARK] 1654767770075,CSR
glCanvas.js:1127 [BENCHMARK] 1654767770105,CSR
glCanvas.js:1127 [BENCHMARK] 1654767770107,CSR
glCanvas.js:1127 [BENCHMARK] 1654767773162,CSR
glCanvas.js:1127 [BENCHMARK] 1654767773347,CSR
glCanvas.js:1127 [BENCHMARK] 1654767773549,CSR
glCanvas.js:1127 [BENCHMARK] 1654767773751,CSR
glCanvas.js:1127 [BENCHMARK] 1654767773953,CSR
glCanvas.js:1127 [BENCHMARK] 1654767775163,CSR
glCanvas.js:1127 [BENCHMARK] 1654767775234,CSR
glCanvas.js:1127 [BENCHMARK] 1654767775305,CSR
glCanvas.js:1127 [BENCHMARK] 1654767775377,CSR
glCanvas.js:1127 [BENCHMARK] 1654767775449,CSR
glCanvas.js:1127 [BENCHMARK] 1654767775521,CSR
glCanvas.js:1127 [BENCHMARK] 1654767775593,CSR
glCanvas.js:1127 [BENCHMARK] 1654767775665,CSR
glCanvas.js:1127 [BENCHMARK] 1654767775737,CSR
glCanvas.js:1127 [BENCHMARK] 1654767775808,CSR
glCanvas.js:1127 [BENCHMARK] 1654767776088,CSR
glCanvas.js:1127 [BENCHMARK] 1654767776160,CSR
glCanvas.js:1127 [BENCHMARK] 1654767776231,CSR
glCanvas.js:1127 [BENCHMARK] 1654767776303,CSR
glCanvas.js:1127 [BENCHMARK] 1654767776375,CSR
glCanvas.js:1127 [BENCHMARK] 1654767776447,CSR
glCanvas.js:1127 [BENCHMARK] 1654767776519,CSR
glCanvas.js:1127 [BENCHMARK] 1654767776590,CSR
glCanvas.js:1127 [BENCHMARK] 1654767776662,CSR
glCanvas.js:1127 [BENCHMARK] 1654767776734,CSR
glCanvas.js:1127 [BENCHMARK] 1654767777814,CSR
glCanvas.js:1127 [BENCHMARK] 1654767777816,CSR
glCanvas.js:1127 [BENCHMARK] 1654767777846,CSR
glCanvas.js:1127 [BENCHMARK] 1654767777848,CSR
glCanvas.js:1127 [BENCHMARK] 1654767777877,CSR
glCanvas.js:1127 [BENCHMARK] 1654767777880,CSR
glCanvas.js:1127 [BENCHMARK] 1654767777909,CSR
glCanvas.js:1127 [BENCHMARK] 1654767777911,CSR
glCanvas.js:1127 [BENCHMARK] 1654767777941,CSR
glCanvas.js:1127 [BENCHMARK] 1654767777943,CSR
glCanvas.js:1127 [BENCHMARK] 1654767777973,CSR
glCanvas.js:1127 [BENCHMARK] 1654767777975,CSR
glCanvas.js:1127 [BENCHMARK] 1654767778005,CSR
glCanvas.js:1127 [BENCHMARK] 1654767778006,CSR
glCanvas.js:1127 [BENCHMARK] 1654767778036,CSR
glCanvas.js:1127 [BENCHMARK] 1654767778038,CSR
glCanvas.js:1127 [BENCHMARK] 1654767778068,CSR
glCanvas.js:1127 [BENCHMARK] 1654767778069,CSR
glCanvas.js:1127 [BENCHMARK] 1654767778099,CSR
glCanvas.js:1127 [BENCHMARK] 1654767778101,CSR
glCanvas.js:1127 [BENCHMARK] 1654767778339,CSR
glCanvas.js:1127 [BENCHMARK] 1654767778342,CSR
glCanvas.js:1127 [BENCHMARK] 1654767778370,CSR
glCanvas.js:1127 [BENCHMARK] 1654767778372,CSR
glCanvas.js:1127 [BENCHMARK] 1654767778402,CSR
glCanvas.js:1127 [BENCHMARK] 1654767778404,CSR
glCanvas.js:1127 [BENCHMARK] 1654767778433,CSR
glCanvas.js:1127 [BENCHMARK] 1654767778435,CSR
glCanvas.js:1127 [BENCHMARK] 1654767778464,CSR
glCanvas.js:1127 [BENCHMARK] 1654767778466,CSR
glCanvas.js:1127 [BENCHMARK] 1654767778495,CSR
glCanvas.js:1127 [BENCHMARK] 1654767778497,CSR
glCanvas.js:1127 [BENCHMARK] 1654767778527,CSR
glCanvas.js:1127 [BENCHMARK] 1654767778529,CSR
glCanvas.js:1127 [BENCHMARK] 1654767778558,CSR
glCanvas.js:1127 [BENCHMARK] 1654767778560,CSR
glCanvas.js:1127 [BENCHMARK] 1654767778590,CSR
glCanvas.js:1127 [BENCHMARK] 1654767778592,CSR
glCanvas.js:1127 [BENCHMARK] 1654767778622,CSR
glCanvas.js:1127 [BENCHMARK] 1654767778624,CSR
glCanvas.js:1127 [BENCHMARK] 1654767778861,CSR
glCanvas.js:1127 [BENCHMARK] 1654767778863,CSR
glCanvas.js:1127 [BENCHMARK] 1654767778892,CSR
glCanvas.js:1127 [BENCHMARK] 1654767778894,CSR
glCanvas.js:1127 [BENCHMARK] 1654767778924,CSR
glCanvas.js:1127 [BENCHMARK] 1654767778926,CSR
glCanvas.js:1127 [BENCHMARK] 1654767778955,CSR
glCanvas.js:1127 [BENCHMARK] 1654767778957,CSR
glCanvas.js:1127 [BENCHMARK] 1654767778987,CSR
glCanvas.js:1127 [BENCHMARK] 1654767778988,CSR
glCanvas.js:1127 [BENCHMARK] 1654767779019,CSR
glCanvas.js:1127 [BENCHMARK] 1654767779020,CSR
glCanvas.js:1127 [BENCHMARK] 1654767779050,CSR
glCanvas.js:1127 [BENCHMARK] 1654767779052,CSR
glCanvas.js:1127 [BENCHMARK] 1654767779081,CSR
glCanvas.js:1127 [BENCHMARK] 1654767779083,CSR
glCanvas.js:1127 [BENCHMARK] 1654767779113,CSR
glCanvas.js:1127 [BENCHMARK] 1654767779115,CSR
glCanvas.js:1127 [BENCHMARK] 1654767779145,CSR
glCanvas.js:1127 [BENCHMARK] 1654767779147,CSR
glCanvas.js:1127 [BENCHMARK] 1654767782186,CSR
glCanvas.js:1127 [BENCHMARK] 1654767782188,CSR
glCanvas.js:1127 [BENCHMARK] 1654767782387,CSR
glCanvas.js:1127 [BENCHMARK] 1654767782389,CSR
glCanvas.js:1127 [BENCHMARK] 1654767782589,CSR
glCanvas.js:1127 [BENCHMARK] 1654767782591,CSR
glCanvas.js:1127 [BENCHMARK] 1654767785797,CSR
glCanvas.js:1127 [BENCHMARK] 1654767785899,CSR
glCanvas.js:1127 [BENCHMARK] 1654767786001,CSR
glCanvas.js:1127 [BENCHMARK] 1654767786103,CSR
glCanvas.js:1127 [BENCHMARK] 1654767786205,CSR
glCanvas.js:1127 [BENCHMARK] 1654767786515,CSR
glCanvas.js:1127 [BENCHMARK] 1654767786617,CSR
glCanvas.js:1127 [BENCHMARK] 1654767786719,CSR
glCanvas.js:1127 [BENCHMARK] 1654767786821,CSR
glCanvas.js:1127 [BENCHMARK] 1654767786923,CSR
glCanvas.js:1127 [BENCHMARK] 1654767787025,CSR
glCanvas.js:1127 [BENCHMARK] 1654767787127,CSR
glCanvas.js:1127 [BENCHMARK] 1654767787229,CSR
glCanvas.js:1127 [BENCHMARK] 1654767787331,CSR
glCanvas.js:1127 [BENCHMARK] 1654767787433,CSR
glCanvas.js:1127 [BENCHMARK] 1654767787743,CSR
glCanvas.js:1127 [BENCHMARK] 1654767787815,CSR
glCanvas.js:1127 [BENCHMARK] 1654767787887,CSR
glCanvas.js:1127 [BENCHMARK] 1654767787959,CSR
glCanvas.js:1127 [BENCHMARK] 1654767788031,CSR
glCanvas.js:1127 [BENCHMARK] 1654767788102,CSR
glCanvas.js:1127 [BENCHMARK] 1654767788174,CSR
glCanvas.js:1127 [BENCHMARK] 1654767788246,CSR
glCanvas.js:1127 [BENCHMARK] 1654767788318,CSR
glCanvas.js:1127 [BENCHMARK] 1654767788390,CSR
glCanvas.js:1127 [BENCHMARK] 1654767792471,CSR
glCanvas.js:1127 [BENCHMARK] 1654767792473,CSR
glCanvas.js:1127 [BENCHMARK] 1654767792502,CSR
glCanvas.js:1127 [BENCHMARK] 1654767792504,CSR
glCanvas.js:1127 [BENCHMARK] 1654767792533,CSR
glCanvas.js:1127 [BENCHMARK] 1654767792535,CSR
glCanvas.js:1127 [BENCHMARK] 1654767792565,CSR
glCanvas.js:1127 [BENCHMARK] 1654767792567,CSR
glCanvas.js:1127 [BENCHMARK] 1654767792597,CSR
glCanvas.js:1127 [BENCHMARK] 1654767792598,CSR
glCanvas.js:1127 [BENCHMARK] 1654767792628,CSR
glCanvas.js:1127 [BENCHMARK] 1654767792630,CSR
glCanvas.js:1127 [BENCHMARK] 1654767792660,CSR
glCanvas.js:1127 [BENCHMARK] 1654767792662,CSR
glCanvas.js:1127 [BENCHMARK] 1654767792691,CSR
glCanvas.js:1127 [BENCHMARK] 1654767792693,CSR
glCanvas.js:1127 [BENCHMARK] 1654767792723,CSR
glCanvas.js:1127 [BENCHMARK] 1654767792725,CSR
glCanvas.js:1127 [BENCHMARK] 1654767792755,CSR
glCanvas.js:1127 [BENCHMARK] 1654767792756,CSR
glCanvas.js:1127 [BENCHMARK] 1654767792994,CSR
glCanvas.js:1127 [BENCHMARK] 1654767792996,CSR
glCanvas.js:1127 [BENCHMARK] 1654767793025,CSR
glCanvas.js:1127 [BENCHMARK] 1654767793027,CSR
glCanvas.js:1127 [BENCHMARK] 1654767793057,CSR
glCanvas.js:1127 [BENCHMARK] 1654767793058,CSR
glCanvas.js:1127 [BENCHMARK] 1654767793088,CSR
glCanvas.js:1127 [BENCHMARK] 1654767793090,CSR
glCanvas.js:1127 [BENCHMARK] 1654767793119,CSR
glCanvas.js:1127 [BENCHMARK] 1654767793121,CSR
glCanvas.js:1127 [BENCHMARK] 1654767793151,CSR
glCanvas.js:1127 [BENCHMARK] 1654767793153,CSR
glCanvas.js:1127 [BENCHMARK] 1654767793182,CSR
glCanvas.js:1127 [BENCHMARK] 1654767793185,CSR
glCanvas.js:1127 [BENCHMARK] 1654767793214,CSR
glCanvas.js:1127 [BENCHMARK] 1654767793216,CSR
glCanvas.js:1127 [BENCHMARK] 1654767793246,CSR
glCanvas.js:1127 [BENCHMARK] 1654767793248,CSR
glCanvas.js:1127 [BENCHMARK] 1654767793278,CSR
glCanvas.js:1127 [BENCHMARK] 1654767793279,CSR
glCanvas.js:1127 [BENCHMARK] 1654767793517,CSR
glCanvas.js:1127 [BENCHMARK] 1654767793519,CSR
glCanvas.js:1127 [BENCHMARK] 1654767793548,CSR
glCanvas.js:1127 [BENCHMARK] 1654767793550,CSR
glCanvas.js:1127 [BENCHMARK] 1654767793580,CSR
glCanvas.js:1127 [BENCHMARK] 1654767793581,CSR
glCanvas.js:1127 [BENCHMARK] 1654767793612,CSR
glCanvas.js:1127 [BENCHMARK] 1654767793613,CSR
glCanvas.js:1127 [BENCHMARK] 1654767793643,CSR
glCanvas.js:1127 [BENCHMARK] 1654767793645,CSR
glCanvas.js:1127 [BENCHMARK] 1654767793675,CSR
glCanvas.js:1127 [BENCHMARK] 1654767793677,CSR
glCanvas.js:1127 [BENCHMARK] 1654767793707,CSR
glCanvas.js:1127 [BENCHMARK] 1654767793708,CSR
glCanvas.js:1127 [BENCHMARK] 1654767793738,CSR
glCanvas.js:1127 [BENCHMARK] 1654767793740,CSR
glCanvas.js:1127 [BENCHMARK] 1654767793770,CSR
glCanvas.js:1127 [BENCHMARK] 1654767793772,CSR
glCanvas.js:1127 [BENCHMARK] 1654767793802,CSR
glCanvas.js:1127 [BENCHMARK] 1654767793804,CSR
glCanvas.js:1127 [BENCHMARK] 1654767794841,CSR
glCanvas.js:1127 [BENCHMARK] 1654767794942,CSR
glCanvas.js:1127 [BENCHMARK] 1654767795045,CSR
glCanvas.js:1127 [BENCHMARK] 1654767795147,CSR
glCanvas.js:1127 [BENCHMARK] 1654767795248,CSR
glCanvas.js:1127 [BENCHMARK] 1654767795350,CSR
glCanvas.js:1127 [BENCHMARK] 1654767795452,CSR
glCanvas.js:1127 [BENCHMARK] 1654767798563,CSR
glCanvas.js:1127 [BENCHMARK] 1654767798565,CSR
glCanvas.js:1127 [BENCHMARK] 1654767798764,CSR
glCanvas.js:1127 [BENCHMARK] 1654767798766,CSR
glCanvas.js:1127 [BENCHMARK] 1654767798967,CSR
glCanvas.js:1127 [BENCHMARK] 1654767798969,CSR
glCanvas.js:1127 [BENCHMARK] 1654767799169,CSR
glCanvas.js:1127 [BENCHMARK] 1654767799171,CSR
glCanvas.js:1127 [BENCHMARK] 1654767799371,CSR
glCanvas.js:1127 [BENCHMARK] 1654767799373,CSR
glCanvas.js:1127 [BENCHMARK] 1654767804581,CSR
glCanvas.js:1127 [BENCHMARK] 1654767804583,CSR
glCanvas.js:1127 [BENCHMARK] 1654767804652,CSR
glCanvas.js:1127 [BENCHMARK] 1654767804654,CSR
glCanvas.js:1127 [BENCHMARK] 1654767804724,CSR
glCanvas.js:1127 [BENCHMARK] 1654767804725,CSR
glCanvas.js:1127 [BENCHMARK] 1654767804796,CSR
glCanvas.js:1127 [BENCHMARK] 1654767804797,CSR
glCanvas.js:1127 [BENCHMARK] 1654767804868,CSR
glCanvas.js:1127 [BENCHMARK] 1654767804870,CSR
glCanvas.js:1127 [BENCHMARK] 1654767806947,CSR
glCanvas.js:1127 [BENCHMARK] 1654767806949,CSR
glCanvas.js:1127 [BENCHMARK] 1654767806978,CSR
glCanvas.js:1127 [BENCHMARK] 1654767806980,CSR
glCanvas.js:1127 [BENCHMARK] 1654767807010,CSR
glCanvas.js:1127 [BENCHMARK] 1654767807013,CSR
glCanvas.js:1127 [BENCHMARK] 1654767807042,CSR
glCanvas.js:1127 [BENCHMARK] 1654767807044,CSR
glCanvas.js:1127 [BENCHMARK] 1654767807073,CSR
glCanvas.js:1127 [BENCHMARK] 1654767807075,CSR
glCanvas.js:1127 [BENCHMARK] 1654767807105,CSR
glCanvas.js:1127 [BENCHMARK] 1654767807107,CSR
glCanvas.js:1127 [BENCHMARK] 1654767807137,CSR
glCanvas.js:1127 [BENCHMARK] 1654767807138,CSR
glCanvas.js:1127 [BENCHMARK] 1654767807169,CSR
glCanvas.js:1127 [BENCHMARK] 1654767807170,CSR
glCanvas.js:1127 [BENCHMARK] 1654767807200,CSR
glCanvas.js:1127 [BENCHMARK] 1654767807202,CSR
glCanvas.js:1127 [BENCHMARK] 1654767807232,CSR
glCanvas.js:1127 [BENCHMARK] 1654767807234,CSR
glCanvas.js:1127 [BENCHMARK] 1654767807262,CSR
glCanvas.js:1127 [BENCHMARK] 1654767807263,CSR
glCanvas.js:1127 [BENCHMARK] 1654767807294,CSR
glCanvas.js:1127 [BENCHMARK] 1654767807296,CSR
glCanvas.js:1127 [BENCHMARK] 1654767807326,CSR
glCanvas.js:1127 [BENCHMARK] 1654767807328,CSR
glCanvas.js:1127 [BENCHMARK] 1654767807566,CSR
glCanvas.js:1127 [BENCHMARK] 1654767807568,CSR
glCanvas.js:1127 [BENCHMARK] 1654767807579,CSR
glCanvas.js:1127 [BENCHMARK] 1654767807581,CSR
glCanvas.js:1127 [BENCHMARK] 1654767807592,CSR
glCanvas.js:1127 [BENCHMARK] 1654767807594,CSR
glCanvas.js:1127 [BENCHMARK] 1654767807606,CSR
glCanvas.js:1127 [BENCHMARK] 1654767807607,CSR
glCanvas.js:1127 [BENCHMARK] 1654767807618,CSR
glCanvas.js:1127 [BENCHMARK] 1654767807619,CSR
glCanvas.js:1127 [BENCHMARK] 1654767807632,CSR
glCanvas.js:1127 [BENCHMARK] 1654767807633,CSR
glCanvas.js:1127 [BENCHMARK] 1654767807645,CSR
glCanvas.js:1127 [BENCHMARK] 1654767807647,CSR
glCanvas.js:1127 [BENCHMARK] 1654767807658,CSR
glCanvas.js:1127 [BENCHMARK] 1654767807659,CSR
glCanvas.js:1127 [BENCHMARK] 1654767807672,CSR
glCanvas.js:1127 [BENCHMARK] 1654767807673,CSR
glCanvas.js:1127 [BENCHMARK] 1654767807684,CSR
glCanvas.js:1127 [BENCHMARK] 1654767807684,CSR
glCanvas.js:1127 [BENCHMARK] 1654767807906,CSR
glCanvas.js:1127 [BENCHMARK] 1654767807908,CSR
glCanvas.js:1127 [BENCHMARK] 1654767807919,CSR
glCanvas.js:1127 [BENCHMARK] 1654767807921,CSR
glCanvas.js:1127 [BENCHMARK] 1654767807933,CSR
glCanvas.js:1127 [BENCHMARK] 1654767807934,CSR
glCanvas.js:1127 [BENCHMARK] 1654767807946,CSR
glCanvas.js:1127 [BENCHMARK] 1654767807947,CSR
glCanvas.js:1127 [BENCHMARK] 1654767807959,CSR
glCanvas.js:1127 [BENCHMARK] 1654767807960,CSR
glCanvas.js:1127 [BENCHMARK] 1654767807971,CSR
glCanvas.js:1127 [BENCHMARK] 1654767807972,CSR
glCanvas.js:1127 [BENCHMARK] 1654767807984,CSR
glCanvas.js:1127 [BENCHMARK] 1654767807985,CSR
glCanvas.js:1127 [BENCHMARK] 1654767807997,CSR
glCanvas.js:1127 [BENCHMARK] 1654767807998,CSR
glCanvas.js:1127 [BENCHMARK] 1654767808009,CSR
glCanvas.js:1127 [BENCHMARK] 1654767808011,CSR
glCanvas.js:1127 [BENCHMARK] 1654767808023,CSR
glCanvas.js:1127 [BENCHMARK] 1654767808024,CSR
glCanvas.js:1127 [BENCHMARK] 1654767811045,CSR
glCanvas.js:1127 [BENCHMARK] 1654767811057,CSR
glCanvas.js:1127 [BENCHMARK] 1654767811070,CSR
glCanvas.js:1127 [BENCHMARK] 1654767811083,CSR
glCanvas.js:1127 [BENCHMARK] 1654767811097,CSR
glCanvas.js:1127 [BENCHMARK] 1654767811110,CSR
glCanvas.js:1127 [BENCHMARK] 1654767811124,CSR
glCanvas.js:1127 [BENCHMARK] 1654767811137,CSR
glCanvas.js:1127 [BENCHMARK] 1654767811150,CSR
glCanvas.js:1127 [BENCHMARK] 1654767811164,CSR
glCanvas.js:1127 [BENCHMARK] 1654767813185,CSR
glCanvas.js:1127 [BENCHMARK] 1654767813256,CSR
glCanvas.js:1127 [BENCHMARK] 1654767813329,CSR
glCanvas.js:1127 [BENCHMARK] 1654767813401,CSR
glCanvas.js:1127 [BENCHMARK] 1654767813473,CSR
glCanvas.js:1127 [BENCHMARK] 1654767813545,CSR
glCanvas.js:1127 [BENCHMARK] 1654767813617,CSR
glCanvas.js:1127 [BENCHMARK] 1654767813689,CSR
glCanvas.js:1127 [BENCHMARK] 1654767813761,CSR
glCanvas.js:1127 [BENCHMARK] 1654767813832,CSR
glCanvas.js:1127 [BENCHMARK] 1654767814112,CSR
glCanvas.js:1127 [BENCHMARK] 1654767814214,CSR
glCanvas.js:1127 [BENCHMARK] 1654767814316,CSR
glCanvas.js:1127 [BENCHMARK] 1654767814418,CSR
glCanvas.js:1127 [BENCHMARK] 1654767814520,CSR
